[0.053s] Invoking command in '/home/lhl/nav2_ws/build/nav2_smoother': AMENT_PREFIX_PATH=/home/lhl/nav2_ws/install/nav2_core:/home/lhl/nav2_ws/install/nav2_costmap_2d:/home/lhl/nav2_ws/install/nav_2d_utils:/home/lhl/nav2_ws/install/nav2_util:/home/lhl/nav2_ws/install/nav2_voxel_grid:/home/lhl/nav2_ws/install/nav2_msgs:/home/lhl/nav2_ws/install/nav_2d_msgs:/home/lhl/nav2_ws/install/nav2_common:${AMENT_PREFIX_PATH} CMAKE_PREFIX_PATH=/home/lhl/nav2_ws/install/nav2_core:/home/lhl/nav2_ws/install/nav2_costmap_2d:/home/lhl/nav2_ws/install/nav_2d_utils:/home/lhl/nav2_ws/install/nav2_util:/home/lhl/nav2_ws/install/nav2_voxel_grid:/home/lhl/nav2_ws/install/nav2_msgs:/home/lhl/nav2_ws/install/nav_2d_msgs:/home/lhl/nav2_ws/install/nav2_common:/opt/ros/humble LD_LIBRARY_PATH=/home/lhl/nav2_ws/install/nav2_costmap_2d/lib:/home/lhl/nav2_ws/install/nav_2d_utils/lib:/home/lhl/nav2_ws/install/nav2_util/lib:/home/lhl/nav2_ws/install/nav2_voxel_grid/lib:/home/lhl/nav2_ws/install/nav2_msgs/lib:/home/lhl/nav2_ws/install/nav_2d_msgs/lib:${LD_LIBRARY_PATH} PYTHONPATH=/home/lhl/nav2_ws/install/nav2_msgs/local/lib/python3.10/dist-packages:/home/lhl/nav2_ws/install/nav_2d_msgs/local/lib/python3.10/dist-packages:/home/lhl/nav2_ws/install/nav2_common/local/lib/python3.10/dist-packages:${PYTHONPATH} /usr/bin/cmake /home/lhl/nav2_ws/src/navigation2/nav2_smoother -DAMENT_CMAKE_SYMLINK_INSTALL=1 -DCMAKE_INSTALL_PREFIX=/home/lhl/nav2_ws/install/nav2_smoother
[16.596s] -- The C compiler identification is GNU 11.3.0
[16.597s] -- The CXX compiler identification is GNU 11.3.0
[16.597s] -- Detecting C compiler ABI info
[16.600s] -- Detecting C compiler ABI info - done
[16.600s] -- Check for working C compiler: /usr/bin/cc - skipped
[16.600s] -- Detecting C compile features
[16.600s] -- Detecting C compile features - done
[16.601s] -- Detecting CXX compiler ABI info
[16.601s] -- Detecting CXX compiler ABI info - done
[16.601s] -- Check for working CXX compiler: /usr/bin/c++ - skipped
[16.601s] -- Detecting CXX compile features
[16.601s] -- Detecting CXX compile features - done
[16.601s] -- Found ament_cmake: 1.3.4 (/opt/ros/humble/share/ament_cmake/cmake)
[16.602s] -- Found Python3: /usr/bin/python3.10 (found version "3.10.6") found components: Interpreter 
[16.602s] -- Override CMake install command with custom implementation using symlinks instead of copying resources
[16.602s] -- Found nav2_core: 1.1.6 (/home/lhl/nav2_ws/install/nav2_core/share/nav2_core/cmake)
[16.602s] -- Found rosidl_generator_c: 3.1.4 (/opt/ros/humble/share/rosidl_generator_c/cmake)
[16.602s] -- Found rosidl_adapter: 3.1.4 (/opt/ros/humble/share/rosidl_adapter/cmake)
[16.602s] -- Found rosidl_generator_cpp: 3.1.4 (/opt/ros/humble/share/rosidl_generator_cpp/cmake)
[16.603s] -- Using all available rosidl_typesupport_c: rosidl_typesupport_fastrtps_c;rosidl_typesupport_introspection_c
[16.603s] -- Using all available rosidl_typesupport_cpp: rosidl_typesupport_fastrtps_cpp;rosidl_typesupport_introspection_cpp
[16.603s] -- Found rmw_implementation_cmake: 6.1.1 (/opt/ros/humble/share/rmw_implementation_cmake/cmake)
[16.603s] -- Found rmw_fastrtps_cpp: 6.2.2 (/opt/ros/humble/share/rmw_fastrtps_cpp/cmake)
[16.603s] -- Found OpenSSL: /usr/lib/x86_64-linux-gnu/libcrypto.so (found version "3.0.2")  
[16.603s] -- Found FastRTPS: /opt/ros/humble/include  
[16.603s] -- Using RMW implementation 'rmw_fastrtps_cpp' as default
[16.603s] -- Looking for pthread.h
[16.603s] -- Looking for pthread.h - found
[16.604s] -- Performing Test CMAKE_HAVE_LIBC_PTHREAD
[16.604s] -- Performing Test CMAKE_HAVE_LIBC_PTHREAD - Success
[16.604s] -- Found Threads: TRUE  
[16.604s] -- Found Eigen3: TRUE (found version "3.4.0") 
[16.604s] -- Ensuring Eigen3 include directory is part of orocos-kdl CMake target
[16.604s] -- Found nav2_common: 1.1.6 (/home/lhl/nav2_ws/install/nav2_common/share/nav2_common/cmake)
[16.604s] -- Found nav_2d_utils: 1.1.6 (/home/lhl/nav2_ws/install/nav_2d_utils/share/nav_2d_utils/cmake)
[16.604s] -- Setting build type to Release as none was specified.
[39.084s] -- Found ament_lint_auto: 0.12.6 (/opt/ros/humble/share/ament_lint_auto/cmake)
[39.239s] -- Found gtest sources under '/opt/ros/humble/src/gtest_vendor': C++ tests using 'Google Test' will be built
[60.188s] -- Added test 'cppcheck' to perform static code analysis on C / C++ code
[60.190s] -- Configured cppcheck include dirs: /home/lhl/nav2_ws/src/navigation2/nav2_smoother/include
[60.190s] -- Configured cppcheck exclude dirs and/or files: 
[60.193s] -- Added test 'cpplint' to check C / C++ code against the Google style
[60.193s] -- Configured cpplint exclude dirs and/or files: 
[60.194s] -- Added test 'lint_cmake' to check CMake code style
[60.197s] -- Added test 'uncrustify' to check C / C++ code style
[60.197s] -- Configured uncrustify additional arguments: 
[60.198s] -- Added test 'xmllint' to check XML markup files
[60.205s] -- Configuring done
[60.898s] -- Generating done
[60.903s] -- Build files have been written to: /home/lhl/nav2_ws/build/nav2_smoother
[60.942s] Invoked command in '/home/lhl/nav2_ws/build/nav2_smoother' returned '0': AMENT_PREFIX_PATH=/home/lhl/nav2_ws/install/nav2_core:/home/lhl/nav2_ws/install/nav2_costmap_2d:/home/lhl/nav2_ws/install/nav_2d_utils:/home/lhl/nav2_ws/install/nav2_util:/home/lhl/nav2_ws/install/nav2_voxel_grid:/home/lhl/nav2_ws/install/nav2_msgs:/home/lhl/nav2_ws/install/nav_2d_msgs:/home/lhl/nav2_ws/install/nav2_common:${AMENT_PREFIX_PATH} CMAKE_PREFIX_PATH=/home/lhl/nav2_ws/install/nav2_core:/home/lhl/nav2_ws/install/nav2_costmap_2d:/home/lhl/nav2_ws/install/nav_2d_utils:/home/lhl/nav2_ws/install/nav2_util:/home/lhl/nav2_ws/install/nav2_voxel_grid:/home/lhl/nav2_ws/install/nav2_msgs:/home/lhl/nav2_ws/install/nav_2d_msgs:/home/lhl/nav2_ws/install/nav2_common:/opt/ros/humble LD_LIBRARY_PATH=/home/lhl/nav2_ws/install/nav2_costmap_2d/lib:/home/lhl/nav2_ws/install/nav_2d_utils/lib:/home/lhl/nav2_ws/install/nav2_util/lib:/home/lhl/nav2_ws/install/nav2_voxel_grid/lib:/home/lhl/nav2_ws/install/nav2_msgs/lib:/home/lhl/nav2_ws/install/nav_2d_msgs/lib:${LD_LIBRARY_PATH} PYTHONPATH=/home/lhl/nav2_ws/install/nav2_msgs/local/lib/python3.10/dist-packages:/home/lhl/nav2_ws/install/nav_2d_msgs/local/lib/python3.10/dist-packages:/home/lhl/nav2_ws/install/nav2_common/local/lib/python3.10/dist-packages:${PYTHONPATH} /usr/bin/cmake /home/lhl/nav2_ws/src/navigation2/nav2_smoother -DAMENT_CMAKE_SYMLINK_INSTALL=1 -DCMAKE_INSTALL_PREFIX=/home/lhl/nav2_ws/install/nav2_smoother
[60.943s] Invoking command in '/home/lhl/nav2_ws/build/nav2_smoother': AMENT_PREFIX_PATH=/home/lhl/nav2_ws/install/nav2_core:/home/lhl/nav2_ws/install/nav2_costmap_2d:/home/lhl/nav2_ws/install/nav_2d_utils:/home/lhl/nav2_ws/install/nav2_util:/home/lhl/nav2_ws/install/nav2_voxel_grid:/home/lhl/nav2_ws/install/nav2_msgs:/home/lhl/nav2_ws/install/nav_2d_msgs:/home/lhl/nav2_ws/install/nav2_common:${AMENT_PREFIX_PATH} CMAKE_PREFIX_PATH=/home/lhl/nav2_ws/install/nav2_core:/home/lhl/nav2_ws/install/nav2_costmap_2d:/home/lhl/nav2_ws/install/nav_2d_utils:/home/lhl/nav2_ws/install/nav2_util:/home/lhl/nav2_ws/install/nav2_voxel_grid:/home/lhl/nav2_ws/install/nav2_msgs:/home/lhl/nav2_ws/install/nav_2d_msgs:/home/lhl/nav2_ws/install/nav2_common:/opt/ros/humble LD_LIBRARY_PATH=/home/lhl/nav2_ws/install/nav2_costmap_2d/lib:/home/lhl/nav2_ws/install/nav_2d_utils/lib:/home/lhl/nav2_ws/install/nav2_util/lib:/home/lhl/nav2_ws/install/nav2_voxel_grid/lib:/home/lhl/nav2_ws/install/nav2_msgs/lib:/home/lhl/nav2_ws/install/nav_2d_msgs/lib:${LD_LIBRARY_PATH} PYTHONPATH=/home/lhl/nav2_ws/install/nav2_msgs/local/lib/python3.10/dist-packages:/home/lhl/nav2_ws/install/nav_2d_msgs/local/lib/python3.10/dist-packages:/home/lhl/nav2_ws/install/nav2_common/local/lib/python3.10/dist-packages:${PYTHONPATH} /usr/bin/cmake --build /home/lhl/nav2_ws/build/nav2_smoother -- -j8 -l8
[62.155s] [  5%] [32mBuilding CXX object CMakeFiles/smoother_server_core.dir/src/nav2_smoother.cpp.o[0m
[62.155s] [ 11%] [32mBuilding CXX object CMakeFiles/simple_smoother.dir/src/simple_smoother.cpp.o[0m
[76.865s] [ 16%] [32m[1mLinking CXX shared library libsimple_smoother.so[0m
[77.729s] [ 16%] Built target simple_smoother
[92.752s] [ 22%] [32m[1mLinking CXX shared library libsmoother_server_core.so[0m
[93.363s] [ 22%] Built target smoother_server_core
[93.415s] [ 27%] [32mBuilding CXX object gtest/CMakeFiles/gtest.dir/src/gtest-all.cc.o[0m
[104.073s] [ 33%] [32m[1mLinking CXX static library libgtest.a[0m
[104.137s] [ 33%] Built target gtest
[104.178s] [ 38%] [32mBuilding CXX object CMakeFiles/smoother_server.dir/src/main.cpp.o[0m
[112.275s] [ 44%] [32m[1mLinking CXX executable smoother_server[0m
[112.840s] [ 44%] Built target smoother_server
[112.870s] [ 50%] [32mBuilding CXX object gtest/CMakeFiles/gtest_main.dir/src/gtest_main.cc.o[0m
[114.136s] [ 55%] [32m[1mLinking CXX static library libgtest_main.a[0m
[114.171s] [ 55%] Built target gtest_main
[114.204s] [ 61%] [32mBuilding CXX object CMakeFiles/savitzky_golay_smoother.dir/src/savitzky_golay_smoother.cpp.o[0m
[120.446s] [ 66%] [32m[1mLinking CXX shared library libsavitzky_golay_smoother.so[0m
[120.753s] [ 66%] Built target savitzky_golay_smoother
[120.785s] [ 72%] [32mBuilding CXX object test/CMakeFiles/test_simple_smoother.dir/test_simple_smoother.cpp.o[0m
[127.824s] [ 77%] [32m[1mLinking CXX executable test_simple_smoother[0m
[128.149s] [ 77%] Built target test_simple_smoother
[128.172s] [ 83%] [32mBuilding CXX object test/CMakeFiles/test_savitzky_golay_smoother.dir/test_savitzky_golay_smoother.cpp.o[0m
[139.522s] [ 88%] [32m[1mLinking CXX executable test_savitzky_golay_smoother[0m
[140.072s] [ 88%] Built target test_savitzky_golay_smoother
[140.114s] [ 94%] [32mBuilding CXX object test/CMakeFiles/test_smoother_server.dir/test_smoother_server.cpp.o[0m
[157.775s] [100%] [32m[1mLinking CXX executable test_smoother_server[0m
[158.378s] [100%] Built target test_smoother_server
[158.400s] Invoked command in '/home/lhl/nav2_ws/build/nav2_smoother' returned '0': AMENT_PREFIX_PATH=/home/lhl/nav2_ws/install/nav2_core:/home/lhl/nav2_ws/install/nav2_costmap_2d:/home/lhl/nav2_ws/install/nav_2d_utils:/home/lhl/nav2_ws/install/nav2_util:/home/lhl/nav2_ws/install/nav2_voxel_grid:/home/lhl/nav2_ws/install/nav2_msgs:/home/lhl/nav2_ws/install/nav_2d_msgs:/home/lhl/nav2_ws/install/nav2_common:${AMENT_PREFIX_PATH} CMAKE_PREFIX_PATH=/home/lhl/nav2_ws/install/nav2_core:/home/lhl/nav2_ws/install/nav2_costmap_2d:/home/lhl/nav2_ws/install/nav_2d_utils:/home/lhl/nav2_ws/install/nav2_util:/home/lhl/nav2_ws/install/nav2_voxel_grid:/home/lhl/nav2_ws/install/nav2_msgs:/home/lhl/nav2_ws/install/nav_2d_msgs:/home/lhl/nav2_ws/install/nav2_common:/opt/ros/humble LD_LIBRARY_PATH=/home/lhl/nav2_ws/install/nav2_costmap_2d/lib:/home/lhl/nav2_ws/install/nav_2d_utils/lib:/home/lhl/nav2_ws/install/nav2_util/lib:/home/lhl/nav2_ws/install/nav2_voxel_grid/lib:/home/lhl/nav2_ws/install/nav2_msgs/lib:/home/lhl/nav2_ws/install/nav_2d_msgs/lib:${LD_LIBRARY_PATH} PYTHONPATH=/home/lhl/nav2_ws/install/nav2_msgs/local/lib/python3.10/dist-packages:/home/lhl/nav2_ws/install/nav_2d_msgs/local/lib/python3.10/dist-packages:/home/lhl/nav2_ws/install/nav2_common/local/lib/python3.10/dist-packages:${PYTHONPATH} /usr/bin/cmake --build /home/lhl/nav2_ws/build/nav2_smoother -- -j8 -l8
[158.469s] Invoking command in '/home/lhl/nav2_ws/build/nav2_smoother': AMENT_PREFIX_PATH=/home/lhl/nav2_ws/install/nav2_core:/home/lhl/nav2_ws/install/nav2_costmap_2d:/home/lhl/nav2_ws/install/nav_2d_utils:/home/lhl/nav2_ws/install/nav2_util:/home/lhl/nav2_ws/install/nav2_voxel_grid:/home/lhl/nav2_ws/install/nav2_msgs:/home/lhl/nav2_ws/install/nav_2d_msgs:/home/lhl/nav2_ws/install/nav2_common:${AMENT_PREFIX_PATH} CMAKE_PREFIX_PATH=/home/lhl/nav2_ws/install/nav2_core:/home/lhl/nav2_ws/install/nav2_costmap_2d:/home/lhl/nav2_ws/install/nav_2d_utils:/home/lhl/nav2_ws/install/nav2_util:/home/lhl/nav2_ws/install/nav2_voxel_grid:/home/lhl/nav2_ws/install/nav2_msgs:/home/lhl/nav2_ws/install/nav_2d_msgs:/home/lhl/nav2_ws/install/nav2_common:/opt/ros/humble LD_LIBRARY_PATH=/home/lhl/nav2_ws/install/nav2_costmap_2d/lib:/home/lhl/nav2_ws/install/nav_2d_utils/lib:/home/lhl/nav2_ws/install/nav2_util/lib:/home/lhl/nav2_ws/install/nav2_voxel_grid/lib:/home/lhl/nav2_ws/install/nav2_msgs/lib:/home/lhl/nav2_ws/install/nav_2d_msgs/lib:${LD_LIBRARY_PATH} PYTHONPATH=/home/lhl/nav2_ws/install/nav2_msgs/local/lib/python3.10/dist-packages:/home/lhl/nav2_ws/install/nav_2d_msgs/local/lib/python3.10/dist-packages:/home/lhl/nav2_ws/install/nav2_common/local/lib/python3.10/dist-packages:${PYTHONPATH} /usr/bin/cmake --install /home/lhl/nav2_ws/build/nav2_smoother
[158.480s] -- Install configuration: "Release"
[158.481s] -- Execute custom install script
[158.482s] -- Symlinking: /home/lhl/nav2_ws/install/nav2_smoother/share/nav2_smoother//plugins.xml
[158.496s] -- Symlinking: /home/lhl/nav2_ws/install/nav2_smoother/lib/libsmoother_server_core.so
[158.509s] -- Symlinking: /home/lhl/nav2_ws/install/nav2_smoother/lib/libsimple_smoother.so
[158.532s] -- Symlinking: /home/lhl/nav2_ws/install/nav2_smoother/lib/libsavitzky_golay_smoother.so
[158.545s] -- Symlinking: /home/lhl/nav2_ws/install/nav2_smoother/lib/nav2_smoother/smoother_server
[158.560s] -- Symlinking: /home/lhl/nav2_ws/install/nav2_smoother/include//nav2_smoother/nav2_smoother.hpp
[158.573s] -- Symlinking: /home/lhl/nav2_ws/install/nav2_smoother/include//nav2_smoother/savitzky_golay_smoother.hpp
[158.587s] -- Symlinking: /home/lhl/nav2_ws/install/nav2_smoother/include//nav2_smoother/simple_smoother.hpp
[158.599s] -- Symlinking: /home/lhl/nav2_ws/install/nav2_smoother/include//nav2_smoother/smoother_utils.hpp
[158.613s] -- Symlinking: /home/lhl/nav2_ws/install/nav2_smoother/share/nav2_smoother/environment/library_path.sh
[158.628s] -- Symlinking: /home/lhl/nav2_ws/install/nav2_smoother/share/nav2_smoother/environment/library_path.dsv
[158.642s] -- Symlinking: /home/lhl/nav2_ws/install/nav2_smoother/share/ament_index/resource_index/package_run_dependencies/nav2_smoother
[158.663s] -- Symlinking: /home/lhl/nav2_ws/install/nav2_smoother/share/ament_index/resource_index/parent_prefix_path/nav2_smoother
[158.678s] -- Symlinking: /home/lhl/nav2_ws/install/nav2_smoother/share/nav2_smoother/environment/ament_prefix_path.sh
[158.693s] -- Symlinking: /home/lhl/nav2_ws/install/nav2_smoother/share/nav2_smoother/environment/ament_prefix_path.dsv
[158.710s] -- Symlinking: /home/lhl/nav2_ws/install/nav2_smoother/share/nav2_smoother/environment/path.sh
[158.725s] -- Symlinking: /home/lhl/nav2_ws/install/nav2_smoother/share/nav2_smoother/environment/path.dsv
[158.737s] -- Symlinking: /home/lhl/nav2_ws/install/nav2_smoother/share/nav2_smoother/local_setup.bash
[158.756s] -- Symlinking: /home/lhl/nav2_ws/install/nav2_smoother/share/nav2_smoother/local_setup.sh
[158.768s] -- Symlinking: /home/lhl/nav2_ws/install/nav2_smoother/share/nav2_smoother/local_setup.zsh
[158.782s] -- Symlinking: /home/lhl/nav2_ws/install/nav2_smoother/share/nav2_smoother/local_setup.dsv
[158.795s] -- Symlinking: /home/lhl/nav2_ws/install/nav2_smoother/share/nav2_smoother/package.dsv
[158.810s] -- Symlinking: /home/lhl/nav2_ws/install/nav2_smoother/share/ament_index/resource_index/packages/nav2_smoother
[158.824s] -- Symlinking: /home/lhl/nav2_ws/install/nav2_smoother/share/ament_index/resource_index/nav2_core__pluginlib__plugin/nav2_smoother
[158.837s] -- Symlinking: /home/lhl/nav2_ws/install/nav2_smoother/share/ament_index/resource_index/rclcpp_components/nav2_smoother
[158.856s] -- Symlinking: /home/lhl/nav2_ws/install/nav2_smoother/share/nav2_smoother/cmake/ament_cmake_export_include_directories-extras.cmake
[158.864s] -- Symlinking: /home/lhl/nav2_ws/install/nav2_smoother/share/nav2_smoother/cmake/ament_cmake_export_libraries-extras.cmake
[158.877s] -- Symlinking: /home/lhl/nav2_ws/install/nav2_smoother/share/nav2_smoother/cmake/ament_cmake_export_dependencies-extras.cmake
[158.889s] -- Symlinking: /home/lhl/nav2_ws/install/nav2_smoother/share/nav2_smoother/cmake/nav2_smootherConfig.cmake
[158.904s] -- Symlinking: /home/lhl/nav2_ws/install/nav2_smoother/share/nav2_smoother/cmake/nav2_smootherConfig-version.cmake
[158.923s] -- Symlinking: /home/lhl/nav2_ws/install/nav2_smoother/share/nav2_smoother/package.xml
[158.950s] Invoked command in '/home/lhl/nav2_ws/build/nav2_smoother' returned '0': AMENT_PREFIX_PATH=/home/lhl/nav2_ws/install/nav2_core:/home/lhl/nav2_ws/install/nav2_costmap_2d:/home/lhl/nav2_ws/install/nav_2d_utils:/home/lhl/nav2_ws/install/nav2_util:/home/lhl/nav2_ws/install/nav2_voxel_grid:/home/lhl/nav2_ws/install/nav2_msgs:/home/lhl/nav2_ws/install/nav_2d_msgs:/home/lhl/nav2_ws/install/nav2_common:${AMENT_PREFIX_PATH} CMAKE_PREFIX_PATH=/home/lhl/nav2_ws/install/nav2_core:/home/lhl/nav2_ws/install/nav2_costmap_2d:/home/lhl/nav2_ws/install/nav_2d_utils:/home/lhl/nav2_ws/install/nav2_util:/home/lhl/nav2_ws/install/nav2_voxel_grid:/home/lhl/nav2_ws/install/nav2_msgs:/home/lhl/nav2_ws/install/nav_2d_msgs:/home/lhl/nav2_ws/install/nav2_common:/opt/ros/humble LD_LIBRARY_PATH=/home/lhl/nav2_ws/install/nav2_costmap_2d/lib:/home/lhl/nav2_ws/install/nav_2d_utils/lib:/home/lhl/nav2_ws/install/nav2_util/lib:/home/lhl/nav2_ws/install/nav2_voxel_grid/lib:/home/lhl/nav2_ws/install/nav2_msgs/lib:/home/lhl/nav2_ws/install/nav_2d_msgs/lib:${LD_LIBRARY_PATH} PYTHONPATH=/home/lhl/nav2_ws/install/nav2_msgs/local/lib/python3.10/dist-packages:/home/lhl/nav2_ws/install/nav_2d_msgs/local/lib/python3.10/dist-packages:/home/lhl/nav2_ws/install/nav2_common/local/lib/python3.10/dist-packages:${PYTHONPATH} /usr/bin/cmake --install /home/lhl/nav2_ws/build/nav2_smoother
