[0.067s] Invoking command in '/home/lhl/nav2_ws/src/build/nav2_theta_star_planner': AMENT_PREFIX_PATH=/home/lhl/nav2_ws/src/install/nav2_core:/home/lhl/nav2_ws/src/install/nav2_costmap_2d:/home/lhl/nav2_ws/src/install/nav2_util:/home/lhl/nav2_ws/src/install/nav2_voxel_grid:/home/lhl/nav2_ws/src/install/nav2_msgs:/home/lhl/nav2_ws/src/install/nav2_common:${AMENT_PREFIX_PATH} CMAKE_PREFIX_PATH=/home/lhl/nav2_ws/src/install/nav2_core:/home/lhl/nav2_ws/src/install/nav2_costmap_2d:/home/lhl/nav2_ws/src/install/nav2_util:/home/lhl/nav2_ws/src/install/nav2_voxel_grid:/home/lhl/nav2_ws/src/install/nav2_msgs:/home/lhl/nav2_ws/src/install/nav2_common:/opt/ros/humble LD_LIBRARY_PATH=/home/lhl/nav2_ws/src/install/nav2_costmap_2d/lib:/home/lhl/nav2_ws/src/install/nav2_util/lib:/home/lhl/nav2_ws/src/install/nav2_voxel_grid/lib:/home/lhl/nav2_ws/src/install/nav2_msgs/lib:${LD_LIBRARY_PATH} PYTHONPATH=/home/lhl/nav2_ws/src/install/nav2_msgs/local/lib/python3.10/dist-packages:/home/lhl/nav2_ws/src/install/nav2_common/local/lib/python3.10/dist-packages:${PYTHONPATH} /usr/bin/cmake /home/lhl/nav2_ws/src/navigation2/nav2_theta_star_planner -DCMAKE_INSTALL_PREFIX=/home/lhl/nav2_ws/src/install/nav2_theta_star_planner
[0.254s] -- The C compiler identification is GNU 11.3.0
[0.413s] -- The CXX compiler identification is GNU 11.3.0
[0.426s] -- Detecting C compiler ABI info
[0.634s] -- Detecting C compiler ABI info - done
[0.646s] -- Check for working C compiler: /usr/bin/cc - skipped
[0.646s] -- Detecting C compile features
[0.647s] -- Detecting C compile features - done
[0.659s] -- Detecting CXX compiler ABI info
[0.912s] -- Detecting CXX compiler ABI info - done
[0.935s] -- Check for working CXX compiler: /usr/bin/c++ - skipped
[0.936s] -- Detecting CXX compile features
[0.951s] -- Detecting CXX compile features - done
[0.960s] -- Found ament_cmake: 1.3.4 (/opt/ros/humble/share/ament_cmake/cmake)
[1.344s] -- Found Python3: /usr/bin/python3.10 (found version "3.10.6") found components: Interpreter 
[1.521s] -- Found builtin_interfaces: 1.2.1 (/opt/ros/humble/share/builtin_interfaces/cmake)
[1.591s] -- Found rosidl_generator_c: 3.1.4 (/opt/ros/humble/share/rosidl_generator_c/cmake)
[1.602s] -- Found rosidl_adapter: 3.1.4 (/opt/ros/humble/share/rosidl_adapter/cmake)
[1.621s] -- Found rosidl_generator_cpp: 3.1.4 (/opt/ros/humble/share/rosidl_generator_cpp/cmake)
[1.655s] -- Using all available rosidl_typesupport_c: rosidl_typesupport_fastrtps_c;rosidl_typesupport_introspection_c
[1.746s] -- Using all available rosidl_typesupport_cpp: rosidl_typesupport_fastrtps_cpp;rosidl_typesupport_introspection_cpp
[1.843s] -- Found nav2_common: 1.1.6 (/home/lhl/nav2_ws/src/install/nav2_common/share/nav2_common/cmake)
[1.844s] -- Found nav2_core: 1.1.6 (/home/lhl/nav2_ws/src/install/nav2_core/share/nav2_core/cmake)
[2.109s] -- Found rmw_implementation_cmake: 6.1.1 (/opt/ros/humble/share/rmw_implementation_cmake/cmake)
[2.114s] -- Found rmw_fastrtps_cpp: 6.2.2 (/opt/ros/humble/share/rmw_fastrtps_cpp/cmake)
[2.504s] -- Found OpenSSL: /usr/lib/x86_64-linux-gnu/libcrypto.so (found version "3.0.2")  
[2.564s] -- Found FastRTPS: /opt/ros/humble/include  
[2.673s] -- Using RMW implementation 'rmw_fastrtps_cpp' as default
[2.695s] -- Looking for pthread.h
[3.046s] -- Looking for pthread.h - found
[3.047s] -- Performing Test CMAKE_HAVE_LIBC_PTHREAD
[3.228s] -- Performing Test CMAKE_HAVE_LIBC_PTHREAD - Success
[3.232s] -- Found Threads: TRUE  
[6.493s] -- Found Eigen3: TRUE (found version "3.4.0") 
[6.494s] -- Ensuring Eigen3 include directory is part of orocos-kdl CMake target
[9.966s] -- Setting build type to Release as none was specified.
[17.292s] -- Found ament_lint_auto: 0.12.6 (/opt/ros/humble/share/ament_lint_auto/cmake)
[17.404s] -- Found gtest sources under '/opt/ros/humble/src/gtest_vendor': C++ tests using 'Google Test' will be built
[24.839s] -- Added test 'copyright' to check source files copyright and LICENSE
[24.839s] -- Added test 'cppcheck' to perform static code analysis on C / C++ code
[24.839s] -- Configured cppcheck include dirs: /home/lhl/nav2_ws/src/navigation2/nav2_theta_star_planner/include
[24.839s] -- Configured cppcheck exclude dirs and/or files: 
[24.840s] -- Added test 'cpplint' to check C / C++ code against the Google style
[24.840s] -- Configured cpplint exclude dirs and/or files: 
[24.841s] -- Added test 'lint_cmake' to check CMake code style
[24.843s] -- Added test 'uncrustify' to check C / C++ code style
[24.843s] -- Configured uncrustify additional arguments: 
[24.844s] -- Added test 'xmllint' to check XML markup files
[24.858s] -- Configuring done
[25.022s] -- Generating done
[25.027s] -- Build files have been written to: /home/lhl/nav2_ws/src/build/nav2_theta_star_planner
[25.045s] Invoked command in '/home/lhl/nav2_ws/src/build/nav2_theta_star_planner' returned '0': AMENT_PREFIX_PATH=/home/lhl/nav2_ws/src/install/nav2_core:/home/lhl/nav2_ws/src/install/nav2_costmap_2d:/home/lhl/nav2_ws/src/install/nav2_util:/home/lhl/nav2_ws/src/install/nav2_voxel_grid:/home/lhl/nav2_ws/src/install/nav2_msgs:/home/lhl/nav2_ws/src/install/nav2_common:${AMENT_PREFIX_PATH} CMAKE_PREFIX_PATH=/home/lhl/nav2_ws/src/install/nav2_core:/home/lhl/nav2_ws/src/install/nav2_costmap_2d:/home/lhl/nav2_ws/src/install/nav2_util:/home/lhl/nav2_ws/src/install/nav2_voxel_grid:/home/lhl/nav2_ws/src/install/nav2_msgs:/home/lhl/nav2_ws/src/install/nav2_common:/opt/ros/humble LD_LIBRARY_PATH=/home/lhl/nav2_ws/src/install/nav2_costmap_2d/lib:/home/lhl/nav2_ws/src/install/nav2_util/lib:/home/lhl/nav2_ws/src/install/nav2_voxel_grid/lib:/home/lhl/nav2_ws/src/install/nav2_msgs/lib:${LD_LIBRARY_PATH} PYTHONPATH=/home/lhl/nav2_ws/src/install/nav2_msgs/local/lib/python3.10/dist-packages:/home/lhl/nav2_ws/src/install/nav2_common/local/lib/python3.10/dist-packages:${PYTHONPATH} /usr/bin/cmake /home/lhl/nav2_ws/src/navigation2/nav2_theta_star_planner -DCMAKE_INSTALL_PREFIX=/home/lhl/nav2_ws/src/install/nav2_theta_star_planner
[25.053s] Invoking command in '/home/lhl/nav2_ws/src/build/nav2_theta_star_planner': AMENT_PREFIX_PATH=/home/lhl/nav2_ws/src/install/nav2_core:/home/lhl/nav2_ws/src/install/nav2_costmap_2d:/home/lhl/nav2_ws/src/install/nav2_util:/home/lhl/nav2_ws/src/install/nav2_voxel_grid:/home/lhl/nav2_ws/src/install/nav2_msgs:/home/lhl/nav2_ws/src/install/nav2_common:${AMENT_PREFIX_PATH} CMAKE_PREFIX_PATH=/home/lhl/nav2_ws/src/install/nav2_core:/home/lhl/nav2_ws/src/install/nav2_costmap_2d:/home/lhl/nav2_ws/src/install/nav2_util:/home/lhl/nav2_ws/src/install/nav2_voxel_grid:/home/lhl/nav2_ws/src/install/nav2_msgs:/home/lhl/nav2_ws/src/install/nav2_common:/opt/ros/humble LD_LIBRARY_PATH=/home/lhl/nav2_ws/src/install/nav2_costmap_2d/lib:/home/lhl/nav2_ws/src/install/nav2_util/lib:/home/lhl/nav2_ws/src/install/nav2_voxel_grid/lib:/home/lhl/nav2_ws/src/install/nav2_msgs/lib:${LD_LIBRARY_PATH} PYTHONPATH=/home/lhl/nav2_ws/src/install/nav2_msgs/local/lib/python3.10/dist-packages:/home/lhl/nav2_ws/src/install/nav2_common/local/lib/python3.10/dist-packages:${PYTHONPATH} /usr/bin/cmake --build /home/lhl/nav2_ws/src/build/nav2_theta_star_planner -- -j8 -l8
[34.230s] [ 11%] [32mBuilding CXX object CMakeFiles/nav2_theta_star_planner.dir/src/theta_star.cpp.o[0m
[34.230s] [ 22%] [32mBuilding CXX object CMakeFiles/nav2_theta_star_planner.dir/src/theta_star_planner.cpp.o[0m
[43.214s] [ 33%] [32m[1mLinking CXX shared library libnav2_theta_star_planner.so[0m
[43.622s] [ 33%] Built target nav2_theta_star_planner
[43.655s] [ 44%] [32mBuilding CXX object gtest/CMakeFiles/gtest.dir/src/gtest-all.cc.o[0m
[55.800s] [ 55%] [32m[1mLinking CXX static library libgtest.a[0m
[55.863s] [ 55%] Built target gtest
[55.902s] [ 66%] [32mBuilding CXX object gtest/CMakeFiles/gtest_main.dir/src/gtest_main.cc.o[0m
[57.533s] [ 77%] [32m[1mLinking CXX static library libgtest_main.a[0m
[57.587s] [ 77%] Built target gtest_main
[57.628s] [ 88%] [32mBuilding CXX object CMakeFiles/test_theta_star.dir/test/test_theta_star.cpp.o[0m
[69.937s] [100%] [32m[1mLinking CXX executable test_theta_star[0m
[70.653s] [100%] Built target test_theta_star
[70.689s] Invoked command in '/home/lhl/nav2_ws/src/build/nav2_theta_star_planner' returned '0': AMENT_PREFIX_PATH=/home/lhl/nav2_ws/src/install/nav2_core:/home/lhl/nav2_ws/src/install/nav2_costmap_2d:/home/lhl/nav2_ws/src/install/nav2_util:/home/lhl/nav2_ws/src/install/nav2_voxel_grid:/home/lhl/nav2_ws/src/install/nav2_msgs:/home/lhl/nav2_ws/src/install/nav2_common:${AMENT_PREFIX_PATH} CMAKE_PREFIX_PATH=/home/lhl/nav2_ws/src/install/nav2_core:/home/lhl/nav2_ws/src/install/nav2_costmap_2d:/home/lhl/nav2_ws/src/install/nav2_util:/home/lhl/nav2_ws/src/install/nav2_voxel_grid:/home/lhl/nav2_ws/src/install/nav2_msgs:/home/lhl/nav2_ws/src/install/nav2_common:/opt/ros/humble LD_LIBRARY_PATH=/home/lhl/nav2_ws/src/install/nav2_costmap_2d/lib:/home/lhl/nav2_ws/src/install/nav2_util/lib:/home/lhl/nav2_ws/src/install/nav2_voxel_grid/lib:/home/lhl/nav2_ws/src/install/nav2_msgs/lib:${LD_LIBRARY_PATH} PYTHONPATH=/home/lhl/nav2_ws/src/install/nav2_msgs/local/lib/python3.10/dist-packages:/home/lhl/nav2_ws/src/install/nav2_common/local/lib/python3.10/dist-packages:${PYTHONPATH} /usr/bin/cmake --build /home/lhl/nav2_ws/src/build/nav2_theta_star_planner -- -j8 -l8
[70.739s] Invoking command in '/home/lhl/nav2_ws/src/build/nav2_theta_star_planner': AMENT_PREFIX_PATH=/home/lhl/nav2_ws/src/install/nav2_core:/home/lhl/nav2_ws/src/install/nav2_costmap_2d:/home/lhl/nav2_ws/src/install/nav2_util:/home/lhl/nav2_ws/src/install/nav2_voxel_grid:/home/lhl/nav2_ws/src/install/nav2_msgs:/home/lhl/nav2_ws/src/install/nav2_common:${AMENT_PREFIX_PATH} CMAKE_PREFIX_PATH=/home/lhl/nav2_ws/src/install/nav2_core:/home/lhl/nav2_ws/src/install/nav2_costmap_2d:/home/lhl/nav2_ws/src/install/nav2_util:/home/lhl/nav2_ws/src/install/nav2_voxel_grid:/home/lhl/nav2_ws/src/install/nav2_msgs:/home/lhl/nav2_ws/src/install/nav2_common:/opt/ros/humble LD_LIBRARY_PATH=/home/lhl/nav2_ws/src/install/nav2_costmap_2d/lib:/home/lhl/nav2_ws/src/install/nav2_util/lib:/home/lhl/nav2_ws/src/install/nav2_voxel_grid/lib:/home/lhl/nav2_ws/src/install/nav2_msgs/lib:${LD_LIBRARY_PATH} PYTHONPATH=/home/lhl/nav2_ws/src/install/nav2_msgs/local/lib/python3.10/dist-packages:/home/lhl/nav2_ws/src/install/nav2_common/local/lib/python3.10/dist-packages:${PYTHONPATH} /usr/bin/cmake --install /home/lhl/nav2_ws/src/build/nav2_theta_star_planner
[79.273s] -- Install configuration: "Release"
[79.273s] -- Installing: /home/lhl/nav2_ws/src/install/nav2_theta_star_planner/share/nav2_theta_star_planner/theta_star_planner.xml
[79.273s] -- Installing: /home/lhl/nav2_ws/src/install/nav2_theta_star_planner/lib/libnav2_theta_star_planner.so
[79.273s] -- Set runtime path of "/home/lhl/nav2_ws/src/install/nav2_theta_star_planner/lib/libnav2_theta_star_planner.so" to ""
[79.273s] -- Installing: /home/lhl/nav2_ws/src/install/nav2_theta_star_planner/include/
[79.273s] -- Installing: /home/lhl/nav2_ws/src/install/nav2_theta_star_planner/include//nav2_theta_star_planner
[79.273s] -- Installing: /home/lhl/nav2_ws/src/install/nav2_theta_star_planner/include//nav2_theta_star_planner/theta_star.hpp
[79.273s] -- Installing: /home/lhl/nav2_ws/src/install/nav2_theta_star_planner/include//nav2_theta_star_planner/theta_star_planner.hpp
[79.273s] -- Up-to-date: /home/lhl/nav2_ws/src/install/nav2_theta_star_planner/share/nav2_theta_star_planner/theta_star_planner.xml
[79.274s] -- Installing: /home/lhl/nav2_ws/src/install/nav2_theta_star_planner/share/nav2_theta_star_planner/environment/library_path.sh
[79.274s] -- Installing: /home/lhl/nav2_ws/src/install/nav2_theta_star_planner/share/nav2_theta_star_planner/environment/library_path.dsv
[79.274s] -- Installing: /home/lhl/nav2_ws/src/install/nav2_theta_star_planner/share/ament_index/resource_index/package_run_dependencies/nav2_theta_star_planner
[79.274s] -- Installing: /home/lhl/nav2_ws/src/install/nav2_theta_star_planner/share/ament_index/resource_index/parent_prefix_path/nav2_theta_star_planner
[79.274s] -- Installing: /home/lhl/nav2_ws/src/install/nav2_theta_star_planner/share/nav2_theta_star_planner/environment/ament_prefix_path.sh
[79.274s] -- Installing: /home/lhl/nav2_ws/src/install/nav2_theta_star_planner/share/nav2_theta_star_planner/environment/ament_prefix_path.dsv
[79.274s] -- Installing: /home/lhl/nav2_ws/src/install/nav2_theta_star_planner/share/nav2_theta_star_planner/environment/path.sh
[79.274s] -- Installing: /home/lhl/nav2_ws/src/install/nav2_theta_star_planner/share/nav2_theta_star_planner/environment/path.dsv
[79.274s] -- Installing: /home/lhl/nav2_ws/src/install/nav2_theta_star_planner/share/nav2_theta_star_planner/local_setup.bash
[79.274s] -- Installing: /home/lhl/nav2_ws/src/install/nav2_theta_star_planner/share/nav2_theta_star_planner/local_setup.sh
[79.275s] -- Installing: /home/lhl/nav2_ws/src/install/nav2_theta_star_planner/share/nav2_theta_star_planner/local_setup.zsh
[79.275s] -- Installing: /home/lhl/nav2_ws/src/install/nav2_theta_star_planner/share/nav2_theta_star_planner/local_setup.dsv
[79.275s] -- Installing: /home/lhl/nav2_ws/src/install/nav2_theta_star_planner/share/nav2_theta_star_planner/package.dsv
[79.275s] -- Installing: /home/lhl/nav2_ws/src/install/nav2_theta_star_planner/share/ament_index/resource_index/packages/nav2_theta_star_planner
[79.275s] -- Installing: /home/lhl/nav2_ws/src/install/nav2_theta_star_planner/share/ament_index/resource_index/nav2_core__pluginlib__plugin/nav2_theta_star_planner
[79.275s] -- Installing: /home/lhl/nav2_ws/src/install/nav2_theta_star_planner/share/nav2_theta_star_planner/cmake/ament_cmake_export_include_directories-extras.cmake
[79.275s] -- Installing: /home/lhl/nav2_ws/src/install/nav2_theta_star_planner/share/nav2_theta_star_planner/cmake/ament_cmake_export_libraries-extras.cmake
[79.275s] -- Installing: /home/lhl/nav2_ws/src/install/nav2_theta_star_planner/share/nav2_theta_star_planner/cmake/ament_cmake_export_dependencies-extras.cmake
[79.275s] -- Installing: /home/lhl/nav2_ws/src/install/nav2_theta_star_planner/share/nav2_theta_star_planner/cmake/nav2_theta_star_plannerConfig.cmake
[79.275s] -- Installing: /home/lhl/nav2_ws/src/install/nav2_theta_star_planner/share/nav2_theta_star_planner/cmake/nav2_theta_star_plannerConfig-version.cmake
[79.275s] -- Installing: /home/lhl/nav2_ws/src/install/nav2_theta_star_planner/share/nav2_theta_star_planner/package.xml
[79.284s] Invoked command in '/home/lhl/nav2_ws/src/build/nav2_theta_star_planner' returned '0': AMENT_PREFIX_PATH=/home/lhl/nav2_ws/src/install/nav2_core:/home/lhl/nav2_ws/src/install/nav2_costmap_2d:/home/lhl/nav2_ws/src/install/nav2_util:/home/lhl/nav2_ws/src/install/nav2_voxel_grid:/home/lhl/nav2_ws/src/install/nav2_msgs:/home/lhl/nav2_ws/src/install/nav2_common:${AMENT_PREFIX_PATH} CMAKE_PREFIX_PATH=/home/lhl/nav2_ws/src/install/nav2_core:/home/lhl/nav2_ws/src/install/nav2_costmap_2d:/home/lhl/nav2_ws/src/install/nav2_util:/home/lhl/nav2_ws/src/install/nav2_voxel_grid:/home/lhl/nav2_ws/src/install/nav2_msgs:/home/lhl/nav2_ws/src/install/nav2_common:/opt/ros/humble LD_LIBRARY_PATH=/home/lhl/nav2_ws/src/install/nav2_costmap_2d/lib:/home/lhl/nav2_ws/src/install/nav2_util/lib:/home/lhl/nav2_ws/src/install/nav2_voxel_grid/lib:/home/lhl/nav2_ws/src/install/nav2_msgs/lib:${LD_LIBRARY_PATH} PYTHONPATH=/home/lhl/nav2_ws/src/install/nav2_msgs/local/lib/python3.10/dist-packages:/home/lhl/nav2_ws/src/install/nav2_common/local/lib/python3.10/dist-packages:${PYTHONPATH} /usr/bin/cmake --install /home/lhl/nav2_ws/src/build/nav2_theta_star_planner
