[0.016s] Invoking command in '/home/lhl/nav2_ws/src/build/sam_bot_description': CMAKE_PREFIX_PATH=/opt/ros/humble /usr/bin/cmake /home/lhl/nav2_ws/src/sam_bot_description -DCMAKE_INSTALL_PREFIX=/home/lhl/nav2_ws/src/install/sam_bot_description
[0.068s] -- The C compiler identification is GNU 11.3.0
[0.125s] -- The CXX compiler identification is GNU 11.3.0
[0.131s] -- Detecting C compiler ABI info
[0.190s] -- Detecting C compiler ABI info - done
[0.199s] -- Check for working C compiler: /usr/bin/cc - skipped
[0.199s] -- Detecting C compile features
[0.200s] -- Detecting C compile features - done
[0.202s] -- Detecting CXX compiler ABI info
[0.274s] -- Detecting CXX compiler ABI info - done
[0.281s] -- Check for working CXX compiler: /usr/bin/c++ - skipped
[0.281s] -- Detecting CXX compile features
[0.281s] -- Detecting CXX compile features - done
[0.283s] -- Found ament_cmake: 1.3.4 (/opt/ros/humble/share/ament_cmake/cmake)
[0.486s] -- Found Python3: /usr/bin/python3.10 (found version "3.10.6") found components: Interpreter 
[0.568s] -- Found ament_lint_auto: 0.12.6 (/opt/ros/humble/share/ament_lint_auto/cmake)
[0.640s] -- Added test 'flake8' to check Python code syntax and style conventions
[0.641s] -- Added test 'lint_cmake' to check CMake code style
[0.641s] -- Added test 'pep257' to check Python code against some of the docstring style conventions in PEP 257
[0.643s] -- Added test 'xmllint' to check XML markup files
[0.644s] -- Configuring done
[0.648s] -- Generating done
[0.649s] -- Build files have been written to: /home/lhl/nav2_ws/src/build/sam_bot_description
[0.654s] Invoked command in '/home/lhl/nav2_ws/src/build/sam_bot_description' returned '0': CMAKE_PREFIX_PATH=/opt/ros/humble /usr/bin/cmake /home/lhl/nav2_ws/src/sam_bot_description -DCMAKE_INSTALL_PREFIX=/home/lhl/nav2_ws/src/install/sam_bot_description
[0.655s] Invoking command in '/home/lhl/nav2_ws/src/build/sam_bot_description': CMAKE_PREFIX_PATH=/opt/ros/humble /usr/bin/cmake --build /home/lhl/nav2_ws/src/build/sam_bot_description -- -j8 -l8
[0.687s] Invoked command in '/home/lhl/nav2_ws/src/build/sam_bot_description' returned '0': CMAKE_PREFIX_PATH=/opt/ros/humble /usr/bin/cmake --build /home/lhl/nav2_ws/src/build/sam_bot_description -- -j8 -l8
[0.716s] Invoking command in '/home/lhl/nav2_ws/src/build/sam_bot_description': CMAKE_PREFIX_PATH=/opt/ros/humble /usr/bin/cmake --install /home/lhl/nav2_ws/src/build/sam_bot_description
[0.722s] -- Install configuration: ""
[0.722s] -- Installing: /home/lhl/nav2_ws/src/install/sam_bot_description/share/sam_bot_description/src
[0.722s] -- Installing: /home/lhl/nav2_ws/src/install/sam_bot_description/share/sam_bot_description/src/sam_bot_description.urdf
[0.722s] -- Installing: /home/lhl/nav2_ws/src/install/sam_bot_description/share/sam_bot_description/launch
[0.722s] -- Installing: /home/lhl/nav2_ws/src/install/sam_bot_description/share/sam_bot_description/launch/display.launch.py
[0.723s] -- Installing: /home/lhl/nav2_ws/src/install/sam_bot_description/share/sam_bot_description/rviz
[0.723s] -- Installing: /home/lhl/nav2_ws/src/install/sam_bot_description/share/sam_bot_description/rviz/urdf_config.rviz
[0.723s] -- Installing: /home/lhl/nav2_ws/src/install/sam_bot_description/share/ament_index/resource_index/package_run_dependencies/sam_bot_description
[0.723s] -- Installing: /home/lhl/nav2_ws/src/install/sam_bot_description/share/ament_index/resource_index/parent_prefix_path/sam_bot_description
[0.723s] -- Installing: /home/lhl/nav2_ws/src/install/sam_bot_description/share/sam_bot_description/environment/ament_prefix_path.sh
[0.723s] -- Installing: /home/lhl/nav2_ws/src/install/sam_bot_description/share/sam_bot_description/environment/ament_prefix_path.dsv
[0.723s] -- Installing: /home/lhl/nav2_ws/src/install/sam_bot_description/share/sam_bot_description/environment/path.sh
[0.723s] -- Installing: /home/lhl/nav2_ws/src/install/sam_bot_description/share/sam_bot_description/environment/path.dsv
[0.724s] -- Installing: /home/lhl/nav2_ws/src/install/sam_bot_description/share/sam_bot_description/local_setup.bash
[0.724s] -- Installing: /home/lhl/nav2_ws/src/install/sam_bot_description/share/sam_bot_description/local_setup.sh
[0.724s] -- Installing: /home/lhl/nav2_ws/src/install/sam_bot_description/share/sam_bot_description/local_setup.zsh
[0.724s] -- Installing: /home/lhl/nav2_ws/src/install/sam_bot_description/share/sam_bot_description/local_setup.dsv
[0.724s] -- Installing: /home/lhl/nav2_ws/src/install/sam_bot_description/share/sam_bot_description/package.dsv
[0.724s] -- Installing: /home/lhl/nav2_ws/src/install/sam_bot_description/share/ament_index/resource_index/packages/sam_bot_description
[0.724s] -- Installing: /home/lhl/nav2_ws/src/install/sam_bot_description/share/sam_bot_description/cmake/sam_bot_descriptionConfig.cmake
[0.725s] -- Installing: /home/lhl/nav2_ws/src/install/sam_bot_description/share/sam_bot_description/cmake/sam_bot_descriptionConfig-version.cmake
[0.725s] -- Installing: /home/lhl/nav2_ws/src/install/sam_bot_description/share/sam_bot_description/package.xml
[0.727s] Invoked command in '/home/lhl/nav2_ws/src/build/sam_bot_description' returned '0': CMAKE_PREFIX_PATH=/opt/ros/humble /usr/bin/cmake --install /home/lhl/nav2_ws/src/build/sam_bot_description
