[0.062s] Invoking command in '/home/lhl/nav2_ws/src/build/nav2_theta_star_planner': AMENT_PREFIX_PATH=/home/lhl/nav2_ws/src/install/nav2_core:/home/lhl/nav2_ws/src/install/nav2_costmap_2d:/home/lhl/nav2_ws/src/install/nav2_util:/home/lhl/nav2_ws/src/install/nav2_voxel_grid:/home/lhl/nav2_ws/src/install/nav2_msgs:/home/lhl/nav2_ws/src/install/nav2_common:${AMENT_PREFIX_PATH} CMAKE_PREFIX_PATH=/home/lhl/nav2_ws/src/install/nav2_core:/home/lhl/nav2_ws/src/install/nav2_costmap_2d:/home/lhl/nav2_ws/src/install/nav2_util:/home/lhl/nav2_ws/src/install/nav2_voxel_grid:/home/lhl/nav2_ws/src/install/nav2_msgs:/home/lhl/nav2_ws/src/install/nav2_common:/opt/ros/humble LD_LIBRARY_PATH=/home/lhl/nav2_ws/src/install/nav2_costmap_2d/lib:/home/lhl/nav2_ws/src/install/nav2_util/lib:/home/lhl/nav2_ws/src/install/nav2_voxel_grid/lib:/home/lhl/nav2_ws/src/install/nav2_msgs/lib:${LD_LIBRARY_PATH} PYTHONPATH=/home/lhl/nav2_ws/src/install/nav2_msgs/local/lib/python3.10/dist-packages:/home/lhl/nav2_ws/src/install/nav2_common/local/lib/python3.10/dist-packages:${PYTHONPATH} /usr/bin/cmake --build /home/lhl/nav2_ws/src/build/nav2_theta_star_planner -- -j8 -l8
[0.160s] [35m[1mConsolidate compiler generated dependencies of target nav2_theta_star_planner[0m
[0.194s] [35m[1mConsolidate compiler generated dependencies of target gtest[0m
[0.219s] [35m[1mConsolidate compiler generated dependencies of target gtest_main[0m
[0.235s] [ 22%] Built target gtest
[0.249s] [ 55%] Built target nav2_theta_star_planner
[0.272s] [ 77%] Built target gtest_main
[0.309s] [35m[1mConsolidate compiler generated dependencies of target test_theta_star[0m
[0.380s] [100%] Built target test_theta_star
[0.450s] Invoked command in '/home/lhl/nav2_ws/src/build/nav2_theta_star_planner' returned '0': AMENT_PREFIX_PATH=/home/lhl/nav2_ws/src/install/nav2_core:/home/lhl/nav2_ws/src/install/nav2_costmap_2d:/home/lhl/nav2_ws/src/install/nav2_util:/home/lhl/nav2_ws/src/install/nav2_voxel_grid:/home/lhl/nav2_ws/src/install/nav2_msgs:/home/lhl/nav2_ws/src/install/nav2_common:${AMENT_PREFIX_PATH} CMAKE_PREFIX_PATH=/home/lhl/nav2_ws/src/install/nav2_core:/home/lhl/nav2_ws/src/install/nav2_costmap_2d:/home/lhl/nav2_ws/src/install/nav2_util:/home/lhl/nav2_ws/src/install/nav2_voxel_grid:/home/lhl/nav2_ws/src/install/nav2_msgs:/home/lhl/nav2_ws/src/install/nav2_common:/opt/ros/humble LD_LIBRARY_PATH=/home/lhl/nav2_ws/src/install/nav2_costmap_2d/lib:/home/lhl/nav2_ws/src/install/nav2_util/lib:/home/lhl/nav2_ws/src/install/nav2_voxel_grid/lib:/home/lhl/nav2_ws/src/install/nav2_msgs/lib:${LD_LIBRARY_PATH} PYTHONPATH=/home/lhl/nav2_ws/src/install/nav2_msgs/local/lib/python3.10/dist-packages:/home/lhl/nav2_ws/src/install/nav2_common/local/lib/python3.10/dist-packages:${PYTHONPATH} /usr/bin/cmake --build /home/lhl/nav2_ws/src/build/nav2_theta_star_planner -- -j8 -l8
[0.530s] Invoking command in '/home/lhl/nav2_ws/src/build/nav2_theta_star_planner': AMENT_PREFIX_PATH=/home/lhl/nav2_ws/src/install/nav2_core:/home/lhl/nav2_ws/src/install/nav2_costmap_2d:/home/lhl/nav2_ws/src/install/nav2_util:/home/lhl/nav2_ws/src/install/nav2_voxel_grid:/home/lhl/nav2_ws/src/install/nav2_msgs:/home/lhl/nav2_ws/src/install/nav2_common:${AMENT_PREFIX_PATH} CMAKE_PREFIX_PATH=/home/lhl/nav2_ws/src/install/nav2_core:/home/lhl/nav2_ws/src/install/nav2_costmap_2d:/home/lhl/nav2_ws/src/install/nav2_util:/home/lhl/nav2_ws/src/install/nav2_voxel_grid:/home/lhl/nav2_ws/src/install/nav2_msgs:/home/lhl/nav2_ws/src/install/nav2_common:/opt/ros/humble LD_LIBRARY_PATH=/home/lhl/nav2_ws/src/install/nav2_costmap_2d/lib:/home/lhl/nav2_ws/src/install/nav2_util/lib:/home/lhl/nav2_ws/src/install/nav2_voxel_grid/lib:/home/lhl/nav2_ws/src/install/nav2_msgs/lib:${LD_LIBRARY_PATH} PYTHONPATH=/home/lhl/nav2_ws/src/install/nav2_msgs/local/lib/python3.10/dist-packages:/home/lhl/nav2_ws/src/install/nav2_common/local/lib/python3.10/dist-packages:${PYTHONPATH} /usr/bin/cmake --install /home/lhl/nav2_ws/src/build/nav2_theta_star_planner
[0.540s] -- Install configuration: "Release"
[0.540s] -- Up-to-date: /home/lhl/nav2_ws/src/install/nav2_theta_star_planner/share/nav2_theta_star_planner/theta_star_planner.xml
[0.540s] -- Up-to-date: /home/lhl/nav2_ws/src/install/nav2_theta_star_planner/lib/libnav2_theta_star_planner.so
[0.540s] -- Up-to-date: /home/lhl/nav2_ws/src/install/nav2_theta_star_planner/include/
[0.541s] -- Up-to-date: /home/lhl/nav2_ws/src/install/nav2_theta_star_planner/include//nav2_theta_star_planner
[0.541s] -- Up-to-date: /home/lhl/nav2_ws/src/install/nav2_theta_star_planner/include//nav2_theta_star_planner/theta_star.hpp
[0.541s] -- Up-to-date: /home/lhl/nav2_ws/src/install/nav2_theta_star_planner/include//nav2_theta_star_planner/theta_star_planner.hpp
[0.541s] -- Up-to-date: /home/lhl/nav2_ws/src/install/nav2_theta_star_planner/share/nav2_theta_star_planner/theta_star_planner.xml
[0.541s] -- Up-to-date: /home/lhl/nav2_ws/src/install/nav2_theta_star_planner/share/nav2_theta_star_planner/environment/library_path.sh
[0.542s] -- Up-to-date: /home/lhl/nav2_ws/src/install/nav2_theta_star_planner/share/nav2_theta_star_planner/environment/library_path.dsv
[0.542s] -- Up-to-date: /home/lhl/nav2_ws/src/install/nav2_theta_star_planner/share/ament_index/resource_index/package_run_dependencies/nav2_theta_star_planner
[0.542s] -- Up-to-date: /home/lhl/nav2_ws/src/install/nav2_theta_star_planner/share/ament_index/resource_index/parent_prefix_path/nav2_theta_star_planner
[0.542s] -- Up-to-date: /home/lhl/nav2_ws/src/install/nav2_theta_star_planner/share/nav2_theta_star_planner/environment/ament_prefix_path.sh
[0.542s] -- Up-to-date: /home/lhl/nav2_ws/src/install/nav2_theta_star_planner/share/nav2_theta_star_planner/environment/ament_prefix_path.dsv
[0.543s] -- Up-to-date: /home/lhl/nav2_ws/src/install/nav2_theta_star_planner/share/nav2_theta_star_planner/environment/path.sh
[0.543s] -- Up-to-date: /home/lhl/nav2_ws/src/install/nav2_theta_star_planner/share/nav2_theta_star_planner/environment/path.dsv
[0.543s] -- Up-to-date: /home/lhl/nav2_ws/src/install/nav2_theta_star_planner/share/nav2_theta_star_planner/local_setup.bash
[0.543s] -- Up-to-date: /home/lhl/nav2_ws/src/install/nav2_theta_star_planner/share/nav2_theta_star_planner/local_setup.sh
[0.543s] -- Up-to-date: /home/lhl/nav2_ws/src/install/nav2_theta_star_planner/share/nav2_theta_star_planner/local_setup.zsh
[0.543s] -- Up-to-date: /home/lhl/nav2_ws/src/install/nav2_theta_star_planner/share/nav2_theta_star_planner/local_setup.dsv
[0.544s] -- Installing: /home/lhl/nav2_ws/src/install/nav2_theta_star_planner/share/nav2_theta_star_planner/package.dsv
[0.544s] -- Up-to-date: /home/lhl/nav2_ws/src/install/nav2_theta_star_planner/share/ament_index/resource_index/packages/nav2_theta_star_planner
[0.544s] -- Up-to-date: /home/lhl/nav2_ws/src/install/nav2_theta_star_planner/share/ament_index/resource_index/nav2_core__pluginlib__plugin/nav2_theta_star_planner
[0.544s] -- Up-to-date: /home/lhl/nav2_ws/src/install/nav2_theta_star_planner/share/nav2_theta_star_planner/cmake/ament_cmake_export_include_directories-extras.cmake
[0.544s] -- Up-to-date: /home/lhl/nav2_ws/src/install/nav2_theta_star_planner/share/nav2_theta_star_planner/cmake/ament_cmake_export_libraries-extras.cmake
[0.544s] -- Up-to-date: /home/lhl/nav2_ws/src/install/nav2_theta_star_planner/share/nav2_theta_star_planner/cmake/ament_cmake_export_dependencies-extras.cmake
[0.545s] -- Up-to-date: /home/lhl/nav2_ws/src/install/nav2_theta_star_planner/share/nav2_theta_star_planner/cmake/nav2_theta_star_plannerConfig.cmake
[0.545s] -- Up-to-date: /home/lhl/nav2_ws/src/install/nav2_theta_star_planner/share/nav2_theta_star_planner/cmake/nav2_theta_star_plannerConfig-version.cmake
[0.545s] -- Up-to-date: /home/lhl/nav2_ws/src/install/nav2_theta_star_planner/share/nav2_theta_star_planner/package.xml
[0.552s] Invoked command in '/home/lhl/nav2_ws/src/build/nav2_theta_star_planner' returned '0': AMENT_PREFIX_PATH=/home/lhl/nav2_ws/src/install/nav2_core:/home/lhl/nav2_ws/src/install/nav2_costmap_2d:/home/lhl/nav2_ws/src/install/nav2_util:/home/lhl/nav2_ws/src/install/nav2_voxel_grid:/home/lhl/nav2_ws/src/install/nav2_msgs:/home/lhl/nav2_ws/src/install/nav2_common:${AMENT_PREFIX_PATH} CMAKE_PREFIX_PATH=/home/lhl/nav2_ws/src/install/nav2_core:/home/lhl/nav2_ws/src/install/nav2_costmap_2d:/home/lhl/nav2_ws/src/install/nav2_util:/home/lhl/nav2_ws/src/install/nav2_voxel_grid:/home/lhl/nav2_ws/src/install/nav2_msgs:/home/lhl/nav2_ws/src/install/nav2_common:/opt/ros/humble LD_LIBRARY_PATH=/home/lhl/nav2_ws/src/install/nav2_costmap_2d/lib:/home/lhl/nav2_ws/src/install/nav2_util/lib:/home/lhl/nav2_ws/src/install/nav2_voxel_grid/lib:/home/lhl/nav2_ws/src/install/nav2_msgs/lib:${LD_LIBRARY_PATH} PYTHONPATH=/home/lhl/nav2_ws/src/install/nav2_msgs/local/lib/python3.10/dist-packages:/home/lhl/nav2_ws/src/install/nav2_common/local/lib/python3.10/dist-packages:${PYTHONPATH} /usr/bin/cmake --install /home/lhl/nav2_ws/src/build/nav2_theta_star_planner
