[0.077s] Invoking command in '/home/lhl/nav2_ws/build/nav_2d_msgs': CMAKE_PREFIX_PATH=/opt/ros/humble /usr/bin/cmake /home/lhl/nav2_ws/src/navigation2/nav2_dwb_controller/nav_2d_msgs -DCMAKE_INSTALL_PREFIX=/home/lhl/nav2_ws/install/nav_2d_msgs
[0.746s] -- Found geometry_msgs: 4.2.3 (/opt/ros/humble/share/geometry_msgs/cmake)
[1.149s] -- Override CMake install command with custom implementation using symlinks instead of copying resources
[1.793s] -- Found rosidl_generator_c: 3.1.4 (/opt/ros/humble/share/rosidl_generator_c/cmake)
[1.840s] -- Found rosidl_adapter: 3.1.4 (/opt/ros/humble/share/rosidl_adapter/cmake)
[1.925s] -- Found rosidl_generator_cpp: 3.1.4 (/opt/ros/humble/share/rosidl_generator_cpp/cmake)
[2.158s] -- Using all available rosidl_typesupport_c: rosidl_typesupport_fastrtps_c;rosidl_typesupport_introspection_c
[2.350s] -- Using all available rosidl_typesupport_cpp: rosidl_typesupport_fastrtps_cpp;rosidl_typesupport_introspection_cpp
[2.657s] -- Found rosidl_default_generators: 1.2.0 (/opt/ros/humble/share/rosidl_default_generators/cmake)
[3.256s] -- Found ament_cmake_ros: 0.10.0 (/opt/ros/humble/share/ament_cmake_ros/cmake)
[3.800s] -- Using all available rosidl_typesupport_c: rosidl_typesupport_fastrtps_c;rosidl_typesupport_introspection_c
[4.000s] -- Using all available rosidl_typesupport_cpp: rosidl_typesupport_fastrtps_cpp;rosidl_typesupport_introspection_cpp
[4.048s] -- Found python_cmake_module: 0.10.0 (/opt/ros/humble/share/python_cmake_module/cmake)
[4.149s] -- Using PYTHON_EXECUTABLE: /usr/bin/python3
[4.149s] -- Using PYTHON_INCLUDE_DIRS: /usr/include/python3.10
[4.149s] -- Using PYTHON_LIBRARIES: /usr/lib/x86_64-linux-gnu/libpython3.10.so
[4.249s] -- Configuring done
[4.338s] -- Generating done
[4.343s] -- Build files have been written to: /home/lhl/nav2_ws/build/nav_2d_msgs
[4.352s] Invoked command in '/home/lhl/nav2_ws/build/nav_2d_msgs' returned '0': CMAKE_PREFIX_PATH=/opt/ros/humble /usr/bin/cmake /home/lhl/nav2_ws/src/navigation2/nav2_dwb_controller/nav_2d_msgs -DCMAKE_INSTALL_PREFIX=/home/lhl/nav2_ws/install/nav_2d_msgs
[4.354s] Invoking command in '/home/lhl/nav2_ws/build/nav_2d_msgs': CMAKE_PREFIX_PATH=/opt/ros/humble /usr/bin/cmake --build /home/lhl/nav2_ws/build/nav_2d_msgs -- -j8 -l8
[4.445s] [35m[1mConsolidate compiler generated dependencies of target nav_2d_msgs__rosidl_generator_c[0m
[4.447s] [  1%] Built target nav_2d_msgs__cpp
[4.467s] [  1%] Built target ament_cmake_python_symlink_nav_2d_msgs
[4.473s] [ 12%] Built target nav_2d_msgs__rosidl_generator_c
[4.507s] [35m[1mConsolidate compiler generated dependencies of target nav_2d_msgs__rosidl_typesupport_cpp[0m
[4.523s] [ 23%] Built target nav_2d_msgs__rosidl_typesupport_cpp
[4.535s] [35m[1mConsolidate compiler generated dependencies of target nav_2d_msgs__rosidl_typesupport_fastrtps_cpp[0m
[4.553s] [35m[1mConsolidate compiler generated dependencies of target nav_2d_msgs__rosidl_typesupport_introspection_c[0m
[4.554s] [ 35%] Built target nav_2d_msgs__rosidl_typesupport_fastrtps_cpp
[4.561s] [35m[1mConsolidate compiler generated dependencies of target nav_2d_msgs__rosidl_typesupport_introspection_cpp[0m
[4.565s] [35m[1mConsolidate compiler generated dependencies of target nav_2d_msgs__rosidl_typesupport_c[0m
[4.565s] [35m[1mConsolidate compiler generated dependencies of target nav_2d_msgs__rosidl_typesupport_fastrtps_c[0m
[4.569s] [ 46%] Built target nav_2d_msgs__rosidl_typesupport_introspection_c
[4.579s] [ 57%] Built target nav_2d_msgs__rosidl_typesupport_c
[4.584s] [ 69%] Built target nav_2d_msgs__rosidl_typesupport_introspection_cpp
[4.586s] [ 80%] Built target nav_2d_msgs__rosidl_typesupport_fastrtps_c
[4.603s] [ 80%] Built target nav_2d_msgs
[4.627s] [ 81%] Built target nav_2d_msgs__py
[4.638s] [35m[1mConsolidate compiler generated dependencies of target nav_2d_msgs__rosidl_generator_py[0m
[4.654s] [ 91%] Built target nav_2d_msgs__rosidl_generator_py
[4.667s] [35m[1mConsolidate compiler generated dependencies of target nav_2d_msgs__rosidl_typesupport_c__pyext[0m
[4.678s] [35m[1mConsolidate compiler generated dependencies of target nav_2d_msgs__rosidl_typesupport_fastrtps_c__pyext[0m
[4.679s] [35m[1mConsolidate compiler generated dependencies of target nav_2d_msgs__rosidl_typesupport_introspection_c__pyext[0m
[4.684s] [ 94%] Built target nav_2d_msgs__rosidl_typesupport_c__pyext
[4.692s] [ 97%] Built target nav_2d_msgs__rosidl_typesupport_introspection_c__pyext
[4.692s] [100%] Built target nav_2d_msgs__rosidl_typesupport_fastrtps_c__pyext
[4.729s] running egg_info
[4.729s] writing nav_2d_msgs.egg-info/PKG-INFO
[4.729s] writing dependency_links to nav_2d_msgs.egg-info/dependency_links.txt
[4.730s] writing top-level names to nav_2d_msgs.egg-info/top_level.txt
[4.731s] reading manifest file 'nav_2d_msgs.egg-info/SOURCES.txt'
[4.742s] writing manifest file 'nav_2d_msgs.egg-info/SOURCES.txt'
[4.764s] [100%] Built target ament_cmake_python_build_nav_2d_msgs_egg
[4.775s] Invoked command in '/home/lhl/nav2_ws/build/nav_2d_msgs' returned '0': CMAKE_PREFIX_PATH=/opt/ros/humble /usr/bin/cmake --build /home/lhl/nav2_ws/build/nav_2d_msgs -- -j8 -l8
[4.904s] Invoking command in '/home/lhl/nav2_ws/build/nav_2d_msgs': CMAKE_PREFIX_PATH=/opt/ros/humble /usr/bin/cmake --install /home/lhl/nav2_ws/build/nav_2d_msgs
[4.911s] -- Install configuration: ""
[4.912s] -- Execute custom install script
[4.912s] -- Up-to-date symlink: /home/lhl/nav2_ws/install/nav_2d_msgs/share/ament_index/resource_index/rosidl_interfaces/nav_2d_msgs
[4.913s] -- Up-to-date symlink: /home/lhl/nav2_ws/install/nav_2d_msgs/include/nav_2d_msgs/nav_2d_msgs/msg/detail/path2_d__functions.h
[4.913s] -- Up-to-date symlink: /home/lhl/nav2_ws/install/nav_2d_msgs/include/nav_2d_msgs/nav_2d_msgs/msg/detail/path2_d__struct.h
[4.913s] -- Up-to-date symlink: /home/lhl/nav2_ws/install/nav_2d_msgs/include/nav_2d_msgs/nav_2d_msgs/msg/detail/path2_d__type_support.h
[4.913s] -- Up-to-date symlink: /home/lhl/nav2_ws/install/nav_2d_msgs/include/nav_2d_msgs/nav_2d_msgs/msg/detail/pose2_d32__functions.h
[4.913s] -- Up-to-date symlink: /home/lhl/nav2_ws/install/nav_2d_msgs/include/nav_2d_msgs/nav_2d_msgs/msg/detail/pose2_d32__struct.h
[4.913s] -- Up-to-date symlink: /home/lhl/nav2_ws/install/nav_2d_msgs/include/nav_2d_msgs/nav_2d_msgs/msg/detail/pose2_d32__type_support.h
[4.913s] -- Up-to-date symlink: /home/lhl/nav2_ws/install/nav_2d_msgs/include/nav_2d_msgs/nav_2d_msgs/msg/detail/pose2_d_stamped__functions.h
[4.914s] -- Up-to-date symlink: /home/lhl/nav2_ws/install/nav_2d_msgs/include/nav_2d_msgs/nav_2d_msgs/msg/detail/pose2_d_stamped__struct.h
[4.914s] -- Up-to-date symlink: /home/lhl/nav2_ws/install/nav_2d_msgs/include/nav_2d_msgs/nav_2d_msgs/msg/detail/pose2_d_stamped__type_support.h
[4.914s] -- Up-to-date symlink: /home/lhl/nav2_ws/install/nav_2d_msgs/include/nav_2d_msgs/nav_2d_msgs/msg/detail/twist2_d32__functions.h
[4.914s] -- Up-to-date symlink: /home/lhl/nav2_ws/install/nav_2d_msgs/include/nav_2d_msgs/nav_2d_msgs/msg/detail/twist2_d32__struct.h
[4.914s] -- Up-to-date symlink: /home/lhl/nav2_ws/install/nav_2d_msgs/include/nav_2d_msgs/nav_2d_msgs/msg/detail/twist2_d32__type_support.h
[4.914s] -- Up-to-date symlink: /home/lhl/nav2_ws/install/nav_2d_msgs/include/nav_2d_msgs/nav_2d_msgs/msg/detail/twist2_d__functions.h
[4.915s] -- Up-to-date symlink: /home/lhl/nav2_ws/install/nav_2d_msgs/include/nav_2d_msgs/nav_2d_msgs/msg/detail/twist2_d__struct.h
[4.915s] -- Up-to-date symlink: /home/lhl/nav2_ws/install/nav_2d_msgs/include/nav_2d_msgs/nav_2d_msgs/msg/detail/twist2_d__type_support.h
[4.915s] -- Up-to-date symlink: /home/lhl/nav2_ws/install/nav_2d_msgs/include/nav_2d_msgs/nav_2d_msgs/msg/detail/twist2_d_stamped__functions.h
[4.915s] -- Up-to-date symlink: /home/lhl/nav2_ws/install/nav_2d_msgs/include/nav_2d_msgs/nav_2d_msgs/msg/detail/twist2_d_stamped__struct.h
[4.915s] -- Up-to-date symlink: /home/lhl/nav2_ws/install/nav_2d_msgs/include/nav_2d_msgs/nav_2d_msgs/msg/detail/twist2_d_stamped__type_support.h
[4.915s] -- Up-to-date symlink: /home/lhl/nav2_ws/install/nav_2d_msgs/include/nav_2d_msgs/nav_2d_msgs/msg/path2_d.h
[4.915s] -- Up-to-date symlink: /home/lhl/nav2_ws/install/nav_2d_msgs/include/nav_2d_msgs/nav_2d_msgs/msg/pose2_d32.h
[4.916s] -- Up-to-date symlink: /home/lhl/nav2_ws/install/nav_2d_msgs/include/nav_2d_msgs/nav_2d_msgs/msg/pose2_d_stamped.h
[4.916s] -- Up-to-date symlink: /home/lhl/nav2_ws/install/nav_2d_msgs/include/nav_2d_msgs/nav_2d_msgs/msg/rosidl_generator_c__visibility_control.h
[4.916s] -- Up-to-date symlink: /home/lhl/nav2_ws/install/nav_2d_msgs/include/nav_2d_msgs/nav_2d_msgs/msg/twist2_d.h
[4.916s] -- Up-to-date symlink: /home/lhl/nav2_ws/install/nav_2d_msgs/include/nav_2d_msgs/nav_2d_msgs/msg/twist2_d32.h
[4.916s] -- Up-to-date symlink: /home/lhl/nav2_ws/install/nav_2d_msgs/include/nav_2d_msgs/nav_2d_msgs/msg/twist2_d_stamped.h
[4.916s] -- Up-to-date symlink: /home/lhl/nav2_ws/install/nav_2d_msgs/share/nav_2d_msgs/environment/library_path.sh
[4.917s] -- Up-to-date symlink: /home/lhl/nav2_ws/install/nav_2d_msgs/share/nav_2d_msgs/environment/library_path.dsv
[4.917s] -- Up-to-date symlink: /home/lhl/nav2_ws/install/nav_2d_msgs/include/nav_2d_msgs/nav_2d_msgs/msg/detail/path2_d__rosidl_typesupport_fastrtps_c.h
[4.918s] -- Up-to-date symlink: /home/lhl/nav2_ws/install/nav_2d_msgs/include/nav_2d_msgs/nav_2d_msgs/msg/detail/pose2_d32__rosidl_typesupport_fastrtps_c.h
[4.918s] -- Up-to-date symlink: /home/lhl/nav2_ws/install/nav_2d_msgs/include/nav_2d_msgs/nav_2d_msgs/msg/detail/pose2_d_stamped__rosidl_typesupport_fastrtps_c.h
[4.918s] -- Up-to-date symlink: /home/lhl/nav2_ws/install/nav_2d_msgs/include/nav_2d_msgs/nav_2d_msgs/msg/detail/twist2_d32__rosidl_typesupport_fastrtps_c.h
[4.918s] -- Up-to-date symlink: /home/lhl/nav2_ws/install/nav_2d_msgs/include/nav_2d_msgs/nav_2d_msgs/msg/detail/twist2_d__rosidl_typesupport_fastrtps_c.h
[4.918s] -- Up-to-date symlink: /home/lhl/nav2_ws/install/nav_2d_msgs/include/nav_2d_msgs/nav_2d_msgs/msg/detail/twist2_d_stamped__rosidl_typesupport_fastrtps_c.h
[4.918s] -- Up-to-date symlink: /home/lhl/nav2_ws/install/nav_2d_msgs/include/nav_2d_msgs/nav_2d_msgs/msg/rosidl_typesupport_fastrtps_c__visibility_control.h
[4.919s] -- Up-to-date symlink: /home/lhl/nav2_ws/install/nav_2d_msgs/include/nav_2d_msgs/nav_2d_msgs/msg/detail/path2_d__builder.hpp
[4.919s] -- Up-to-date symlink: /home/lhl/nav2_ws/install/nav_2d_msgs/include/nav_2d_msgs/nav_2d_msgs/msg/detail/path2_d__struct.hpp
[4.919s] -- Up-to-date symlink: /home/lhl/nav2_ws/install/nav_2d_msgs/include/nav_2d_msgs/nav_2d_msgs/msg/detail/path2_d__traits.hpp
[4.919s] -- Up-to-date symlink: /home/lhl/nav2_ws/install/nav_2d_msgs/include/nav_2d_msgs/nav_2d_msgs/msg/detail/pose2_d32__builder.hpp
[4.920s] -- Up-to-date symlink: /home/lhl/nav2_ws/install/nav_2d_msgs/include/nav_2d_msgs/nav_2d_msgs/msg/detail/pose2_d32__struct.hpp
[4.920s] -- Up-to-date symlink: /home/lhl/nav2_ws/install/nav_2d_msgs/include/nav_2d_msgs/nav_2d_msgs/msg/detail/pose2_d32__traits.hpp
[4.920s] -- Up-to-date symlink: /home/lhl/nav2_ws/install/nav_2d_msgs/include/nav_2d_msgs/nav_2d_msgs/msg/detail/pose2_d_stamped__builder.hpp
[4.920s] -- Up-to-date symlink: /home/lhl/nav2_ws/install/nav_2d_msgs/include/nav_2d_msgs/nav_2d_msgs/msg/detail/pose2_d_stamped__struct.hpp
[4.920s] -- Up-to-date symlink: /home/lhl/nav2_ws/install/nav_2d_msgs/include/nav_2d_msgs/nav_2d_msgs/msg/detail/pose2_d_stamped__traits.hpp
[4.920s] -- Up-to-date symlink: /home/lhl/nav2_ws/install/nav_2d_msgs/include/nav_2d_msgs/nav_2d_msgs/msg/detail/twist2_d32__builder.hpp
[4.921s] -- Up-to-date symlink: /home/lhl/nav2_ws/install/nav_2d_msgs/include/nav_2d_msgs/nav_2d_msgs/msg/detail/twist2_d32__struct.hpp
[4.921s] -- Up-to-date symlink: /home/lhl/nav2_ws/install/nav_2d_msgs/include/nav_2d_msgs/nav_2d_msgs/msg/detail/twist2_d32__traits.hpp
[4.921s] -- Up-to-date symlink: /home/lhl/nav2_ws/install/nav_2d_msgs/include/nav_2d_msgs/nav_2d_msgs/msg/detail/twist2_d__builder.hpp
[4.921s] -- Up-to-date symlink: /home/lhl/nav2_ws/install/nav_2d_msgs/include/nav_2d_msgs/nav_2d_msgs/msg/detail/twist2_d__struct.hpp
[4.921s] -- Up-to-date symlink: /home/lhl/nav2_ws/install/nav_2d_msgs/include/nav_2d_msgs/nav_2d_msgs/msg/detail/twist2_d__traits.hpp
[4.921s] -- Up-to-date symlink: /home/lhl/nav2_ws/install/nav_2d_msgs/include/nav_2d_msgs/nav_2d_msgs/msg/detail/twist2_d_stamped__builder.hpp
[4.921s] -- Up-to-date symlink: /home/lhl/nav2_ws/install/nav_2d_msgs/include/nav_2d_msgs/nav_2d_msgs/msg/detail/twist2_d_stamped__struct.hpp
[4.922s] -- Up-to-date symlink: /home/lhl/nav2_ws/install/nav_2d_msgs/include/nav_2d_msgs/nav_2d_msgs/msg/detail/twist2_d_stamped__traits.hpp
[4.922s] -- Up-to-date symlink: /home/lhl/nav2_ws/install/nav_2d_msgs/include/nav_2d_msgs/nav_2d_msgs/msg/path2_d.hpp
[4.922s] -- Up-to-date symlink: /home/lhl/nav2_ws/install/nav_2d_msgs/include/nav_2d_msgs/nav_2d_msgs/msg/pose2_d32.hpp
[4.922s] -- Up-to-date symlink: /home/lhl/nav2_ws/install/nav_2d_msgs/include/nav_2d_msgs/nav_2d_msgs/msg/pose2_d_stamped.hpp
[4.922s] -- Up-to-date symlink: /home/lhl/nav2_ws/install/nav_2d_msgs/include/nav_2d_msgs/nav_2d_msgs/msg/twist2_d.hpp
[4.922s] -- Up-to-date symlink: /home/lhl/nav2_ws/install/nav_2d_msgs/include/nav_2d_msgs/nav_2d_msgs/msg/twist2_d32.hpp
[4.922s] -- Up-to-date symlink: /home/lhl/nav2_ws/install/nav_2d_msgs/include/nav_2d_msgs/nav_2d_msgs/msg/twist2_d_stamped.hpp
[4.923s] -- Up-to-date symlink: /home/lhl/nav2_ws/install/nav_2d_msgs/include/nav_2d_msgs/nav_2d_msgs/msg/detail/path2_d__rosidl_typesupport_fastrtps_cpp.hpp
[4.923s] -- Up-to-date symlink: /home/lhl/nav2_ws/install/nav_2d_msgs/include/nav_2d_msgs/nav_2d_msgs/msg/detail/pose2_d32__rosidl_typesupport_fastrtps_cpp.hpp
[4.924s] -- Up-to-date symlink: /home/lhl/nav2_ws/install/nav_2d_msgs/include/nav_2d_msgs/nav_2d_msgs/msg/detail/pose2_d_stamped__rosidl_typesupport_fastrtps_cpp.hpp
[4.924s] -- Up-to-date symlink: /home/lhl/nav2_ws/install/nav_2d_msgs/include/nav_2d_msgs/nav_2d_msgs/msg/detail/twist2_d32__rosidl_typesupport_fastrtps_cpp.hpp
[4.924s] -- Up-to-date symlink: /home/lhl/nav2_ws/install/nav_2d_msgs/include/nav_2d_msgs/nav_2d_msgs/msg/detail/twist2_d__rosidl_typesupport_fastrtps_cpp.hpp
[4.924s] -- Up-to-date symlink: /home/lhl/nav2_ws/install/nav_2d_msgs/include/nav_2d_msgs/nav_2d_msgs/msg/detail/twist2_d_stamped__rosidl_typesupport_fastrtps_cpp.hpp
[4.924s] -- Up-to-date symlink: /home/lhl/nav2_ws/install/nav_2d_msgs/include/nav_2d_msgs/nav_2d_msgs/msg/rosidl_typesupport_fastrtps_cpp__visibility_control.h
[4.925s] -- Up-to-date symlink: /home/lhl/nav2_ws/install/nav_2d_msgs/include/nav_2d_msgs/nav_2d_msgs/msg/detail/path2_d__rosidl_typesupport_introspection_c.h
[4.925s] -- Up-to-date symlink: /home/lhl/nav2_ws/install/nav_2d_msgs/include/nav_2d_msgs/nav_2d_msgs/msg/detail/pose2_d32__rosidl_typesupport_introspection_c.h
[4.925s] -- Up-to-date symlink: /home/lhl/nav2_ws/install/nav_2d_msgs/include/nav_2d_msgs/nav_2d_msgs/msg/detail/pose2_d_stamped__rosidl_typesupport_introspection_c.h
[4.925s] -- Up-to-date symlink: /home/lhl/nav2_ws/install/nav_2d_msgs/include/nav_2d_msgs/nav_2d_msgs/msg/detail/twist2_d32__rosidl_typesupport_introspection_c.h
[4.925s] -- Up-to-date symlink: /home/lhl/nav2_ws/install/nav_2d_msgs/include/nav_2d_msgs/nav_2d_msgs/msg/detail/twist2_d__rosidl_typesupport_introspection_c.h
[4.926s] -- Up-to-date symlink: /home/lhl/nav2_ws/install/nav_2d_msgs/include/nav_2d_msgs/nav_2d_msgs/msg/detail/twist2_d_stamped__rosidl_typesupport_introspection_c.h
[4.926s] -- Up-to-date symlink: /home/lhl/nav2_ws/install/nav_2d_msgs/include/nav_2d_msgs/nav_2d_msgs/msg/rosidl_typesupport_introspection_c__visibility_control.h
[4.926s] -- Up-to-date symlink: /home/lhl/nav2_ws/install/nav_2d_msgs/include/nav_2d_msgs/nav_2d_msgs/msg/detail/path2_d__rosidl_typesupport_introspection_cpp.hpp
[4.927s] -- Up-to-date symlink: /home/lhl/nav2_ws/install/nav_2d_msgs/include/nav_2d_msgs/nav_2d_msgs/msg/detail/pose2_d32__rosidl_typesupport_introspection_cpp.hpp
[4.927s] -- Up-to-date symlink: /home/lhl/nav2_ws/install/nav_2d_msgs/include/nav_2d_msgs/nav_2d_msgs/msg/detail/pose2_d_stamped__rosidl_typesupport_introspection_cpp.hpp
[4.927s] -- Up-to-date symlink: /home/lhl/nav2_ws/install/nav_2d_msgs/include/nav_2d_msgs/nav_2d_msgs/msg/detail/twist2_d32__rosidl_typesupport_introspection_cpp.hpp
[4.927s] -- Up-to-date symlink: /home/lhl/nav2_ws/install/nav_2d_msgs/include/nav_2d_msgs/nav_2d_msgs/msg/detail/twist2_d__rosidl_typesupport_introspection_cpp.hpp
[4.927s] -- Up-to-date symlink: /home/lhl/nav2_ws/install/nav_2d_msgs/include/nav_2d_msgs/nav_2d_msgs/msg/detail/twist2_d_stamped__rosidl_typesupport_introspection_cpp.hpp
[4.927s] -- Up-to-date symlink: /home/lhl/nav2_ws/install/nav_2d_msgs/share/nav_2d_msgs/environment/pythonpath.sh
[4.928s] -- Up-to-date symlink: /home/lhl/nav2_ws/install/nav_2d_msgs/share/nav_2d_msgs/environment/pythonpath.dsv
[4.928s] -- Up-to-date symlink: /home/lhl/nav2_ws/install/nav_2d_msgs/local/lib/python3.10/dist-packages/nav_2d_msgs-1.1.6-py3.10.egg-info/PKG-INFO
[4.928s] -- Up-to-date symlink: /home/lhl/nav2_ws/install/nav_2d_msgs/local/lib/python3.10/dist-packages/nav_2d_msgs-1.1.6-py3.10.egg-info/SOURCES.txt
[4.928s] -- Up-to-date symlink: /home/lhl/nav2_ws/install/nav_2d_msgs/local/lib/python3.10/dist-packages/nav_2d_msgs-1.1.6-py3.10.egg-info/dependency_links.txt
[4.929s] -- Up-to-date symlink: /home/lhl/nav2_ws/install/nav_2d_msgs/local/lib/python3.10/dist-packages/nav_2d_msgs-1.1.6-py3.10.egg-info/top_level.txt
[4.929s] -- Up-to-date symlink: /home/lhl/nav2_ws/install/nav_2d_msgs/local/lib/python3.10/dist-packages/nav_2d_msgs/__init__.py
[4.930s] -- Up-to-date symlink: /home/lhl/nav2_ws/install/nav_2d_msgs/local/lib/python3.10/dist-packages/nav_2d_msgs/_nav_2d_msgs_s.ep.rosidl_typesupport_c.c
[4.930s] -- Up-to-date symlink: /home/lhl/nav2_ws/install/nav_2d_msgs/local/lib/python3.10/dist-packages/nav_2d_msgs/_nav_2d_msgs_s.ep.rosidl_typesupport_fastrtps_c.c
[4.930s] -- Up-to-date symlink: /home/lhl/nav2_ws/install/nav_2d_msgs/local/lib/python3.10/dist-packages/nav_2d_msgs/_nav_2d_msgs_s.ep.rosidl_typesupport_introspection_c.c
[4.930s] -- Up-to-date symlink: /home/lhl/nav2_ws/install/nav_2d_msgs/local/lib/python3.10/dist-packages/nav_2d_msgs/libnav_2d_msgs__rosidl_generator_py.so
[4.930s] -- Up-to-date symlink: /home/lhl/nav2_ws/install/nav_2d_msgs/local/lib/python3.10/dist-packages/nav_2d_msgs/msg/__init__.py
[4.930s] -- Up-to-date symlink: /home/lhl/nav2_ws/install/nav_2d_msgs/local/lib/python3.10/dist-packages/nav_2d_msgs/msg/_path2_d.py
[4.930s] -- Up-to-date symlink: /home/lhl/nav2_ws/install/nav_2d_msgs/local/lib/python3.10/dist-packages/nav_2d_msgs/msg/_path2_d_s.c
[4.931s] -- Up-to-date symlink: /home/lhl/nav2_ws/install/nav_2d_msgs/local/lib/python3.10/dist-packages/nav_2d_msgs/msg/_pose2_d32.py
[4.931s] -- Up-to-date symlink: /home/lhl/nav2_ws/install/nav_2d_msgs/local/lib/python3.10/dist-packages/nav_2d_msgs/msg/_pose2_d32_s.c
[4.931s] -- Up-to-date symlink: /home/lhl/nav2_ws/install/nav_2d_msgs/local/lib/python3.10/dist-packages/nav_2d_msgs/msg/_pose2_d_stamped.py
[4.931s] -- Up-to-date symlink: /home/lhl/nav2_ws/install/nav_2d_msgs/local/lib/python3.10/dist-packages/nav_2d_msgs/msg/_pose2_d_stamped_s.c
[4.931s] -- Up-to-date symlink: /home/lhl/nav2_ws/install/nav_2d_msgs/local/lib/python3.10/dist-packages/nav_2d_msgs/msg/_twist2_d.py
[4.931s] -- Up-to-date symlink: /home/lhl/nav2_ws/install/nav_2d_msgs/local/lib/python3.10/dist-packages/nav_2d_msgs/msg/_twist2_d32.py
[4.931s] -- Up-to-date symlink: /home/lhl/nav2_ws/install/nav_2d_msgs/local/lib/python3.10/dist-packages/nav_2d_msgs/msg/_twist2_d32_s.c
[4.932s] -- Up-to-date symlink: /home/lhl/nav2_ws/install/nav_2d_msgs/local/lib/python3.10/dist-packages/nav_2d_msgs/msg/_twist2_d_s.c
[4.932s] -- Up-to-date symlink: /home/lhl/nav2_ws/install/nav_2d_msgs/local/lib/python3.10/dist-packages/nav_2d_msgs/msg/_twist2_d_stamped.py
[4.932s] -- Up-to-date symlink: /home/lhl/nav2_ws/install/nav_2d_msgs/local/lib/python3.10/dist-packages/nav_2d_msgs/msg/_twist2_d_stamped_s.c
[4.932s] -- Up-to-date symlink: /home/lhl/nav2_ws/install/nav_2d_msgs/local/lib/python3.10/dist-packages/nav_2d_msgs/nav_2d_msgs_s__rosidl_typesupport_c.cpython-310-x86_64-linux-gnu.so
[4.932s] -- Up-to-date symlink: /home/lhl/nav2_ws/install/nav_2d_msgs/local/lib/python3.10/dist-packages/nav_2d_msgs/nav_2d_msgs_s__rosidl_typesupport_fastrtps_c.cpython-310-x86_64-linux-gnu.so
[4.932s] -- Up-to-date symlink: /home/lhl/nav2_ws/install/nav_2d_msgs/local/lib/python3.10/dist-packages/nav_2d_msgs/nav_2d_msgs_s__rosidl_typesupport_introspection_c.cpython-310-x86_64-linux-gnu.so
[4.933s] -- Up-to-date symlink: /home/lhl/nav2_ws/install/nav_2d_msgs/local/lib/python3.10/dist-packages/nav_2d_msgs/nav_2d_msgs_s__rosidl_typesupport_fastrtps_c.cpython-310-x86_64-linux-gnu.so
[4.933s] -- Up-to-date symlink: /home/lhl/nav2_ws/install/nav_2d_msgs/local/lib/python3.10/dist-packages/nav_2d_msgs/nav_2d_msgs_s__rosidl_typesupport_introspection_c.cpython-310-x86_64-linux-gnu.so
[4.933s] -- Up-to-date symlink: /home/lhl/nav2_ws/install/nav_2d_msgs/local/lib/python3.10/dist-packages/nav_2d_msgs/nav_2d_msgs_s__rosidl_typesupport_c.cpython-310-x86_64-linux-gnu.so
[4.934s] -- Up-to-date symlink: /home/lhl/nav2_ws/install/nav_2d_msgs/share/nav_2d_msgs/msg/Path2D.idl
[4.934s] -- Up-to-date symlink: /home/lhl/nav2_ws/install/nav_2d_msgs/share/nav_2d_msgs/msg/Pose2D32.idl
[4.934s] -- Up-to-date symlink: /home/lhl/nav2_ws/install/nav_2d_msgs/share/nav_2d_msgs/msg/Pose2DStamped.idl
[4.934s] -- Up-to-date symlink: /home/lhl/nav2_ws/install/nav_2d_msgs/share/nav_2d_msgs/msg/Twist2D.idl
[4.935s] -- Up-to-date symlink: /home/lhl/nav2_ws/install/nav_2d_msgs/share/nav_2d_msgs/msg/Twist2D32.idl
[4.935s] -- Up-to-date symlink: /home/lhl/nav2_ws/install/nav_2d_msgs/share/nav_2d_msgs/msg/Twist2DStamped.idl
[4.935s] -- Up-to-date symlink: /home/lhl/nav2_ws/install/nav_2d_msgs/share/nav_2d_msgs/msg/Path2D.msg
[4.935s] -- Up-to-date symlink: /home/lhl/nav2_ws/install/nav_2d_msgs/share/nav_2d_msgs/msg/Pose2D32.msg
[4.935s] -- Up-to-date symlink: /home/lhl/nav2_ws/install/nav_2d_msgs/share/nav_2d_msgs/msg/Pose2DStamped.msg
[4.936s] -- Up-to-date symlink: /home/lhl/nav2_ws/install/nav_2d_msgs/share/nav_2d_msgs/msg/Twist2D.msg
[4.936s] -- Up-to-date symlink: /home/lhl/nav2_ws/install/nav_2d_msgs/share/nav_2d_msgs/msg/Twist2D32.msg
[4.936s] -- Up-to-date symlink: /home/lhl/nav2_ws/install/nav_2d_msgs/share/nav_2d_msgs/msg/Twist2DStamped.msg
[4.936s] -- Up-to-date symlink: /home/lhl/nav2_ws/install/nav_2d_msgs/share/ament_index/resource_index/package_run_dependencies/nav_2d_msgs
[4.936s] -- Up-to-date symlink: /home/lhl/nav2_ws/install/nav_2d_msgs/share/ament_index/resource_index/parent_prefix_path/nav_2d_msgs
[4.937s] -- Up-to-date symlink: /home/lhl/nav2_ws/install/nav_2d_msgs/share/nav_2d_msgs/environment/ament_prefix_path.sh
[4.937s] -- Up-to-date symlink: /home/lhl/nav2_ws/install/nav_2d_msgs/share/nav_2d_msgs/environment/ament_prefix_path.dsv
[4.937s] -- Up-to-date symlink: /home/lhl/nav2_ws/install/nav_2d_msgs/share/nav_2d_msgs/environment/path.sh
[4.937s] -- Up-to-date symlink: /home/lhl/nav2_ws/install/nav_2d_msgs/share/nav_2d_msgs/environment/path.dsv
[4.937s] -- Up-to-date symlink: /home/lhl/nav2_ws/install/nav_2d_msgs/share/nav_2d_msgs/local_setup.bash
[4.938s] -- Up-to-date symlink: /home/lhl/nav2_ws/install/nav_2d_msgs/share/nav_2d_msgs/local_setup.sh
[4.938s] -- Up-to-date symlink: /home/lhl/nav2_ws/install/nav_2d_msgs/share/nav_2d_msgs/local_setup.zsh
[4.938s] -- Up-to-date symlink: /home/lhl/nav2_ws/install/nav_2d_msgs/share/nav_2d_msgs/local_setup.dsv
[4.938s] -- Symlinking: /home/lhl/nav2_ws/install/nav_2d_msgs/share/nav_2d_msgs/package.dsv
[4.946s] -- Up-to-date symlink: /home/lhl/nav2_ws/install/nav_2d_msgs/share/ament_index/resource_index/packages/nav_2d_msgs
[4.946s] -- Up-to-date symlink: /home/lhl/nav2_ws/install/nav_2d_msgs/share/nav_2d_msgs/cmake/rosidl_cmake-extras.cmake
[4.946s] -- Up-to-date symlink: /home/lhl/nav2_ws/install/nav_2d_msgs/share/nav_2d_msgs/cmake/ament_cmake_export_dependencies-extras.cmake
[4.946s] -- Up-to-date symlink: /home/lhl/nav2_ws/install/nav_2d_msgs/share/nav_2d_msgs/cmake/ament_cmake_export_include_directories-extras.cmake
[4.947s] -- Up-to-date symlink: /home/lhl/nav2_ws/install/nav_2d_msgs/share/nav_2d_msgs/cmake/ament_cmake_export_libraries-extras.cmake
[4.947s] -- Up-to-date symlink: /home/lhl/nav2_ws/install/nav_2d_msgs/share/nav_2d_msgs/cmake/ament_cmake_export_targets-extras.cmake
[4.947s] -- Up-to-date symlink: /home/lhl/nav2_ws/install/nav_2d_msgs/share/nav_2d_msgs/cmake/rosidl_cmake_export_typesupport_targets-extras.cmake
[4.947s] -- Up-to-date symlink: /home/lhl/nav2_ws/install/nav_2d_msgs/share/nav_2d_msgs/cmake/rosidl_cmake_export_typesupport_libraries-extras.cmake
[4.947s] -- Up-to-date symlink: /home/lhl/nav2_ws/install/nav_2d_msgs/share/nav_2d_msgs/cmake/nav_2d_msgsConfig.cmake
[4.947s] -- Up-to-date symlink: /home/lhl/nav2_ws/install/nav_2d_msgs/share/nav_2d_msgs/cmake/nav_2d_msgsConfig-version.cmake
[4.947s] -- Up-to-date symlink: /home/lhl/nav2_ws/install/nav_2d_msgs/share/nav_2d_msgs/package.xml
[4.994s] -- Up-to-date: /home/lhl/nav2_ws/install/nav_2d_msgs/lib/libnav_2d_msgs__rosidl_generator_c.so
[4.996s] -- Up-to-date: /home/lhl/nav2_ws/install/nav_2d_msgs/lib/libnav_2d_msgs__rosidl_typesupport_fastrtps_c.so
[5.039s] -- Up-to-date: /home/lhl/nav2_ws/install/nav_2d_msgs/lib/libnav_2d_msgs__rosidl_typesupport_fastrtps_cpp.so
[5.040s] -- Up-to-date: /home/lhl/nav2_ws/install/nav_2d_msgs/lib/libnav_2d_msgs__rosidl_typesupport_introspection_c.so
[5.040s] -- Up-to-date: /home/lhl/nav2_ws/install/nav_2d_msgs/lib/libnav_2d_msgs__rosidl_typesupport_c.so
[5.094s] -- Up-to-date: /home/lhl/nav2_ws/install/nav_2d_msgs/lib/libnav_2d_msgs__rosidl_typesupport_introspection_cpp.so
[5.094s] -- Up-to-date: /home/lhl/nav2_ws/install/nav_2d_msgs/lib/libnav_2d_msgs__rosidl_typesupport_cpp.so
[5.124s] Listing '/home/lhl/nav2_ws/install/nav_2d_msgs/local/lib/python3.10/dist-packages/nav_2d_msgs'...
[5.124s] Compiling '/home/lhl/nav2_ws/install/nav_2d_msgs/local/lib/python3.10/dist-packages/nav_2d_msgs/__init__.py'...
[5.124s] Listing '/home/lhl/nav2_ws/install/nav_2d_msgs/local/lib/python3.10/dist-packages/nav_2d_msgs/msg'...
[5.217s] -- Up-to-date: /home/lhl/nav2_ws/install/nav_2d_msgs/lib/libnav_2d_msgs__rosidl_generator_py.so
[5.272s] -- Up-to-date: /home/lhl/nav2_ws/install/nav_2d_msgs/share/nav_2d_msgs/cmake/export_nav_2d_msgs__rosidl_generator_cExport.cmake
[5.272s] -- Up-to-date: /home/lhl/nav2_ws/install/nav_2d_msgs/share/nav_2d_msgs/cmake/export_nav_2d_msgs__rosidl_generator_cExport-noconfig.cmake
[5.288s] -- Up-to-date: /home/lhl/nav2_ws/install/nav_2d_msgs/share/nav_2d_msgs/cmake/export_nav_2d_msgs__rosidl_typesupport_fastrtps_cExport.cmake
[5.288s] -- Up-to-date: /home/lhl/nav2_ws/install/nav_2d_msgs/share/nav_2d_msgs/cmake/export_nav_2d_msgs__rosidl_typesupport_fastrtps_cExport-noconfig.cmake
[5.289s] -- Up-to-date: /home/lhl/nav2_ws/install/nav_2d_msgs/share/nav_2d_msgs/cmake/export_nav_2d_msgs__rosidl_generator_cppExport.cmake
[5.291s] -- Up-to-date: /home/lhl/nav2_ws/install/nav_2d_msgs/share/nav_2d_msgs/cmake/export_nav_2d_msgs__rosidl_typesupport_fastrtps_cppExport.cmake
[5.291s] -- Up-to-date: /home/lhl/nav2_ws/install/nav_2d_msgs/share/nav_2d_msgs/cmake/export_nav_2d_msgs__rosidl_typesupport_fastrtps_cppExport-noconfig.cmake
[5.412s] -- Up-to-date: /home/lhl/nav2_ws/install/nav_2d_msgs/share/nav_2d_msgs/cmake/nav_2d_msgs__rosidl_typesupport_introspection_cExport.cmake
[5.412s] -- Up-to-date: /home/lhl/nav2_ws/install/nav_2d_msgs/share/nav_2d_msgs/cmake/nav_2d_msgs__rosidl_typesupport_introspection_cExport-noconfig.cmake
[5.505s] -- Up-to-date: /home/lhl/nav2_ws/install/nav_2d_msgs/share/nav_2d_msgs/cmake/nav_2d_msgs__rosidl_typesupport_cExport.cmake
[5.505s] -- Up-to-date: /home/lhl/nav2_ws/install/nav_2d_msgs/share/nav_2d_msgs/cmake/nav_2d_msgs__rosidl_typesupport_cExport-noconfig.cmake
[5.570s] -- Up-to-date: /home/lhl/nav2_ws/install/nav_2d_msgs/share/nav_2d_msgs/cmake/nav_2d_msgs__rosidl_typesupport_introspection_cppExport.cmake
[5.570s] -- Up-to-date: /home/lhl/nav2_ws/install/nav_2d_msgs/share/nav_2d_msgs/cmake/nav_2d_msgs__rosidl_typesupport_introspection_cppExport-noconfig.cmake
[5.570s] -- Up-to-date: /home/lhl/nav2_ws/install/nav_2d_msgs/share/nav_2d_msgs/cmake/nav_2d_msgs__rosidl_typesupport_cppExport.cmake
[5.570s] -- Up-to-date: /home/lhl/nav2_ws/install/nav_2d_msgs/share/nav_2d_msgs/cmake/nav_2d_msgs__rosidl_typesupport_cppExport-noconfig.cmake
[5.575s] -- Up-to-date: /home/lhl/nav2_ws/install/nav_2d_msgs/share/nav_2d_msgs/cmake/export_nav_2d_msgs__rosidl_generator_pyExport.cmake
[5.575s] -- Up-to-date: /home/lhl/nav2_ws/install/nav_2d_msgs/share/nav_2d_msgs/cmake/export_nav_2d_msgs__rosidl_generator_pyExport-noconfig.cmake
[5.581s] Invoked command in '/home/lhl/nav2_ws/build/nav_2d_msgs' returned '0': CMAKE_PREFIX_PATH=/opt/ros/humble /usr/bin/cmake --install /home/lhl/nav2_ws/build/nav_2d_msgs
