[0.031s] Invoking command in '/home/lhl/nav2_ws/build/nav2_behavior_tree': AMENT_PREFIX_PATH=/home/lhl/nav2_ws/install/nav2_util:/home/lhl/nav2_ws/install/nav2_msgs:/home/lhl/nav2_ws/install/nav2_common:${AMENT_PREFIX_PATH} CMAKE_PREFIX_PATH=/home/lhl/nav2_ws/install/nav2_util:/home/lhl/nav2_ws/install/nav2_msgs:/home/lhl/nav2_ws/install/nav2_common:/opt/ros/humble LD_LIBRARY_PATH=/home/lhl/nav2_ws/install/nav2_util/lib:/home/lhl/nav2_ws/install/nav2_msgs/lib:${LD_LIBRARY_PATH} PYTHONPATH=/home/lhl/nav2_ws/install/nav2_msgs/local/lib/python3.10/dist-packages:/home/lhl/nav2_ws/install/nav2_common/local/lib/python3.10/dist-packages:${PYTHONPATH} /usr/bin/cmake /home/lhl/nav2_ws/src/navigation2/nav2_behavior_tree -DAMENT_CMAKE_SYMLINK_INSTALL=1 -DCMAKE_INSTALL_PREFIX=/home/lhl/nav2_ws/install/nav2_behavior_tree
[0.110s] -- The CXX compiler identification is GNU 11.3.0
[0.117s] -- Detecting CXX compiler ABI info
[0.261s] -- Detecting CXX compiler ABI info - done
[0.269s] -- Check for working CXX compiler: /usr/bin/c++ - skipped
[0.269s] -- Detecting CXX compile features
[0.269s] -- Detecting CXX compile features - done
[0.271s] -- Found ament_cmake: 1.3.4 (/opt/ros/humble/share/ament_cmake/cmake)
[0.450s] -- Found Python3: /usr/bin/python3.10 (found version "3.10.6") found components: Interpreter 
[0.520s] -- Override CMake install command with custom implementation using symlinks instead of copying resources
[0.560s] -- Found nav2_common: 1.1.6 (/home/lhl/nav2_ws/install/nav2_common/share/nav2_common/cmake)
[0.562s] -- Found rclcpp: 16.0.4 (/opt/ros/humble/share/rclcpp/cmake)
[0.625s] -- Found rosidl_generator_c: 3.1.4 (/opt/ros/humble/share/rosidl_generator_c/cmake)
[0.634s] -- Found rosidl_adapter: 3.1.4 (/opt/ros/humble/share/rosidl_adapter/cmake)
[0.648s] -- Found rosidl_generator_cpp: 3.1.4 (/opt/ros/humble/share/rosidl_generator_cpp/cmake)
[0.668s] -- Using all available rosidl_typesupport_c: rosidl_typesupport_fastrtps_c;rosidl_typesupport_introspection_c
[0.689s] -- Using all available rosidl_typesupport_cpp: rosidl_typesupport_fastrtps_cpp;rosidl_typesupport_introspection_cpp
[0.774s] -- Found rmw_implementation_cmake: 6.1.1 (/opt/ros/humble/share/rmw_implementation_cmake/cmake)
[0.777s] -- Found rmw_fastrtps_cpp: 6.2.2 (/opt/ros/humble/share/rmw_fastrtps_cpp/cmake)
[0.922s] -- Found OpenSSL: /usr/lib/x86_64-linux-gnu/libcrypto.so (found version "3.0.2")  
[0.960s] -- Found FastRTPS: /opt/ros/humble/include  
[1.028s] -- Using RMW implementation 'rmw_fastrtps_cpp' as default
[1.089s] -- Looking for C++ include pthread.h
[1.203s] -- Looking for C++ include pthread.h - found
[1.204s] -- Performing Test CMAKE_HAVE_LIBC_PTHREAD
[1.310s] -- Performing Test CMAKE_HAVE_LIBC_PTHREAD - Success
[1.311s] -- Found Threads: TRUE  
[1.563s] -- Found rclcpp_action: 16.0.4 (/opt/ros/humble/share/rclcpp_action/cmake)
[1.737s] -- Found rclcpp_lifecycle: 16.0.4 (/opt/ros/humble/share/rclcpp_lifecycle/cmake)
[1.811s] -- Found geometry_msgs: 4.2.3 (/opt/ros/humble/share/geometry_msgs/cmake)
[1.935s] -- Found sensor_msgs: 4.2.3 (/opt/ros/humble/share/sensor_msgs/cmake)
[2.129s] -- Found nav2_msgs: 1.1.6 (/home/lhl/nav2_ws/install/nav2_msgs/share/nav2_msgs/cmake)
[2.696s] -- Found tf2_ros: 0.25.2 (/opt/ros/humble/share/tf2_ros/cmake)
[3.155s] -- Found tf2_geometry_msgs: 0.25.2 (/opt/ros/humble/share/tf2_geometry_msgs/cmake)
[3.171s] -- Found eigen3_cmake_module: 0.1.1 (/opt/ros/humble/share/eigen3_cmake_module/cmake)
[3.174s] -- Found Eigen3: TRUE (found version "3.4.0") 
[3.174s] -- Ensuring Eigen3 include directory is part of orocos-kdl CMake target
[3.187s] -- Found std_srvs: 4.2.3 (/opt/ros/humble/share/std_srvs/cmake)
[3.205s] -- Found nav2_util: 1.1.6 (/home/lhl/nav2_ws/install/nav2_util/share/nav2_util/cmake)
[3.580s] -- Setting build type to Release as none was specified.
[50.006s] -- Found ament_lint_auto: 0.12.6 (/opt/ros/humble/share/ament_lint_auto/cmake)
[50.179s] -- Found gtest sources under '/opt/ros/humble/src/gtest_vendor': C++ tests using 'Google Test' will be built
[50.220s] -- The C compiler identification is GNU 11.3.0
[50.227s] -- Detecting C compiler ABI info
[50.293s] -- Detecting C compiler ABI info - done
[50.306s] -- Check for working C compiler: /usr/bin/cc - skipped
[50.306s] -- Detecting C compile features
[50.307s] -- Detecting C compile features - done
[80.957s] -- Added test 'copyright' to check source files copyright and LICENSE
[80.964s] -- Added test 'cppcheck' to perform static code analysis on C / C++ code
[80.973s] -- Configured cppcheck include dirs: /home/lhl/nav2_ws/src/navigation2/nav2_behavior_tree/include
[80.973s] -- Configured cppcheck exclude dirs and/or files: 
[80.980s] -- Added test 'cpplint' to check C / C++ code against the Google style
[80.980s] -- Configured cpplint exclude dirs and/or files: 
[80.983s] -- Added test 'lint_cmake' to check CMake code style
[80.990s] -- Added test 'uncrustify' to check C / C++ code style
[80.991s] -- Configured uncrustify additional arguments: 
[80.992s] -- Added test 'xmllint' to check XML markup files
[80.995s] -- Configuring done
[83.556s] -- Generating done
[83.568s] -- Build files have been written to: /home/lhl/nav2_ws/build/nav2_behavior_tree
[83.601s] Invoked command in '/home/lhl/nav2_ws/build/nav2_behavior_tree' returned '0': AMENT_PREFIX_PATH=/home/lhl/nav2_ws/install/nav2_util:/home/lhl/nav2_ws/install/nav2_msgs:/home/lhl/nav2_ws/install/nav2_common:${AMENT_PREFIX_PATH} CMAKE_PREFIX_PATH=/home/lhl/nav2_ws/install/nav2_util:/home/lhl/nav2_ws/install/nav2_msgs:/home/lhl/nav2_ws/install/nav2_common:/opt/ros/humble LD_LIBRARY_PATH=/home/lhl/nav2_ws/install/nav2_util/lib:/home/lhl/nav2_ws/install/nav2_msgs/lib:${LD_LIBRARY_PATH} PYTHONPATH=/home/lhl/nav2_ws/install/nav2_msgs/local/lib/python3.10/dist-packages:/home/lhl/nav2_ws/install/nav2_common/local/lib/python3.10/dist-packages:${PYTHONPATH} /usr/bin/cmake /home/lhl/nav2_ws/src/navigation2/nav2_behavior_tree -DAMENT_CMAKE_SYMLINK_INSTALL=1 -DCMAKE_INSTALL_PREFIX=/home/lhl/nav2_ws/install/nav2_behavior_tree
[83.608s] Invoking command in '/home/lhl/nav2_ws/build/nav2_behavior_tree': AMENT_PREFIX_PATH=/home/lhl/nav2_ws/install/nav2_util:/home/lhl/nav2_ws/install/nav2_msgs:/home/lhl/nav2_ws/install/nav2_common:${AMENT_PREFIX_PATH} CMAKE_PREFIX_PATH=/home/lhl/nav2_ws/install/nav2_util:/home/lhl/nav2_ws/install/nav2_msgs:/home/lhl/nav2_ws/install/nav2_common:/opt/ros/humble LD_LIBRARY_PATH=/home/lhl/nav2_ws/install/nav2_util/lib:/home/lhl/nav2_ws/install/nav2_msgs/lib:${LD_LIBRARY_PATH} PYTHONPATH=/home/lhl/nav2_ws/install/nav2_msgs/local/lib/python3.10/dist-packages:/home/lhl/nav2_ws/install/nav2_common/local/lib/python3.10/dist-packages:${PYTHONPATH} /usr/bin/cmake --build /home/lhl/nav2_ws/build/nav2_behavior_tree -- -j8 -l8
[83.666s] [  0%] [32mBuilding CXX object CMakeFiles/nav2_compute_path_through_poses_action_bt_node.dir/plugins/action/compute_path_through_poses_action.cpp.o[0m
[83.669s] [  0%] [32mBuilding CXX object CMakeFiles/nav2_behavior_tree.dir/src/behavior_tree_engine.cpp.o[0m
[83.669s] [  0%] [32mBuilding CXX object CMakeFiles/nav2_compute_path_to_pose_action_bt_node.dir/plugins/action/compute_path_to_pose_action.cpp.o[0m
[84.689s] [  0%] [32mBuilding CXX object CMakeFiles/nav2_assisted_teleop_cancel_bt_node.dir/plugins/action/assisted_teleop_cancel_node.cpp.o[0m
[85.710s] [  0%] [32mBuilding CXX object CMakeFiles/nav2_back_up_cancel_bt_node.dir/plugins/action/back_up_cancel_node.cpp.o[0m
[85.716s] [  0%] [32mBuilding CXX object CMakeFiles/nav2_spin_cancel_bt_node.dir/plugins/action/spin_cancel_node.cpp.o[0m
[87.826s] [  1%] [32mBuilding CXX object CMakeFiles/nav2_wait_cancel_bt_node.dir/plugins/action/wait_cancel_node.cpp.o[0m
[88.927s] [  1%] [32mBuilding CXX object CMakeFiles/nav2_controller_cancel_bt_node.dir/plugins/action/controller_cancel_node.cpp.o[0m
[91.197s] [  2%] [32m[1mLinking CXX shared library libnav2_behavior_tree.so[0m
[92.713s] [  2%] Built target nav2_behavior_tree
[95.698s] [  3%] [32m[1mLinking CXX shared library libnav2_assisted_teleop_cancel_bt_node.so[0m
[95.950s] [  4%] [32m[1mLinking CXX shared library libnav2_back_up_cancel_bt_node.so[0m
[95.977s] [  5%] [32m[1mLinking CXX shared library libnav2_compute_path_to_pose_action_bt_node.so[0m
[96.029s] [  5%] Built target nav2_assisted_teleop_cancel_bt_node
[96.280s] [  5%] Built target nav2_compute_path_to_pose_action_bt_node
[96.283s] [  5%] Built target nav2_back_up_cancel_bt_node
[96.458s] [  6%] [32m[1mLinking CXX shared library libnav2_spin_cancel_bt_node.so[0m
[96.782s] [  6%] Built target nav2_spin_cancel_bt_node
[97.281s] [  7%] [32m[1mLinking CXX shared library libnav2_compute_path_through_poses_action_bt_node.so[0m
[97.565s] [  7%] Built target nav2_compute_path_through_poses_action_bt_node
[97.700s] [  7%] [32m[1mLinking CXX shared library libnav2_wait_cancel_bt_node.so[0m
[97.872s] [  7%] Built target nav2_wait_cancel_bt_node
[98.806s] [  8%] [32m[1mLinking CXX shared library libnav2_controller_cancel_bt_node.so[0m
[98.964s] [  8%] Built target nav2_controller_cancel_bt_node
[98.982s] [  8%] [32mBuilding CXX object CMakeFiles/nav2_wait_action_bt_node.dir/plugins/action/wait_action.cpp.o[0m
[105.233s] [  9%] [32m[1mLinking CXX shared library libnav2_wait_action_bt_node.so[0m
[105.415s] [  9%] Built target nav2_wait_action_bt_node
[105.434s] [  9%] [32mBuilding CXX object CMakeFiles/nav2_assisted_teleop_action_bt_node.dir/plugins/action/assisted_teleop_action.cpp.o[0m
[106.452s] [  9%] [32mBuilding CXX object CMakeFiles/nav2_clear_costmap_service_bt_node.dir/plugins/action/clear_costmap_service.cpp.o[0m
[106.454s] [  9%] [32mBuilding CXX object CMakeFiles/nav2_spin_action_bt_node.dir/plugins/action/spin_action.cpp.o[0m
[107.563s] [  9%] [32mBuilding CXX object CMakeFiles/nav2_drive_on_heading_bt_node.dir/plugins/action/drive_on_heading_action.cpp.o[0m
[108.642s] [  9%] [32mBuilding CXX object CMakeFiles/nav2_follow_path_action_bt_node.dir/plugins/action/follow_path_action.cpp.o[0m
[108.659s] [  9%] [32mBuilding CXX object CMakeFiles/nav2_back_up_action_bt_node.dir/plugins/action/back_up_action.cpp.o[0m
[109.805s] [  9%] [32mBuilding CXX object CMakeFiles/nav2_smooth_path_action_bt_node.dir/plugins/action/smooth_path_action.cpp.o[0m
[110.828s] [  9%] [32mBuilding CXX object CMakeFiles/nav2_drive_on_heading_cancel_bt_node.dir/plugins/action/drive_on_heading_cancel_node.cpp.o[0m
[119.430s] [ 10%] [32m[1mLinking CXX shared library libnav2_assisted_teleop_action_bt_node.so[0m
[120.067s] [ 10%] Built target nav2_assisted_teleop_action_bt_node
[123.198s] [ 11%] [32m[1mLinking CXX shared library libnav2_clear_costmap_service_bt_node.so[0m
[123.429s] [ 12%] [32m[1mLinking CXX shared library libnav2_spin_action_bt_node.so[0m
[123.675s] [ 12%] Built target nav2_clear_costmap_service_bt_node
[123.698s] [ 13%] [32m[1mLinking CXX shared library libnav2_back_up_action_bt_node.so[0m
[123.909s] [ 13%] Built target nav2_spin_action_bt_node
[124.112s] [ 13%] Built target nav2_back_up_action_bt_node
[124.116s] [ 14%] [32m[1mLinking CXX shared library libnav2_drive_on_heading_cancel_bt_node.so[0m
[124.394s] [ 15%] [32m[1mLinking CXX shared library libnav2_drive_on_heading_bt_node.so[0m
[124.423s] [ 15%] Built target nav2_drive_on_heading_cancel_bt_node
[124.741s] [ 15%] Built target nav2_drive_on_heading_bt_node
[125.228s] [ 16%] [32m[1mLinking CXX shared library libnav2_follow_path_action_bt_node.so[0m
[125.437s] [ 16%] Built target nav2_follow_path_action_bt_node
[125.616s] [ 17%] [32m[1mLinking CXX shared library libnav2_smooth_path_action_bt_node.so[0m
[125.804s] [ 17%] Built target nav2_smooth_path_action_bt_node
[125.825s] [ 17%] [32mBuilding CXX object CMakeFiles/nav2_time_expired_condition_bt_node.dir/plugins/condition/time_expired_condition.cpp.o[0m
[129.832s] [ 18%] [32m[1mLinking CXX shared library libnav2_time_expired_condition_bt_node.so[0m
[130.003s] [ 18%] Built target nav2_time_expired_condition_bt_node
[130.022s] [ 18%] [32mBuilding CXX object CMakeFiles/nav2_path_expiring_timer_condition.dir/plugins/condition/path_expiring_timer_condition.cpp.o[0m
[131.033s] [ 18%] [32mBuilding CXX object CMakeFiles/nav2_distance_traveled_condition_bt_node.dir/plugins/condition/distance_traveled_condition.cpp.o[0m
[132.054s] [ 18%] [32mBuilding CXX object CMakeFiles/nav2_is_path_valid_condition_bt_node.dir/plugins/condition/is_path_valid_condition.cpp.o[0m
[133.078s] [ 18%] [32mBuilding CXX object CMakeFiles/nav2_goal_updated_condition_bt_node.dir/plugins/condition/goal_updated_condition.cpp.o[0m
[134.186s] [ 18%] [32mBuilding CXX object CMakeFiles/nav2_globally_updated_goal_condition_bt_node.dir/plugins/condition/globally_updated_goal_condition.cpp.o[0m
[135.286s] [ 18%] [32mBuilding CXX object CMakeFiles/nav2_goal_reached_condition_bt_node.dir/plugins/condition/goal_reached_condition.cpp.o[0m
[136.620s] [ 19%] [32m[1mLinking CXX shared library libnav2_goal_updated_condition_bt_node.so[0m
[136.933s] [ 20%] [32m[1mLinking CXX shared library libnav2_path_expiring_timer_condition.so[0m
[137.225s] [ 20%] Built target nav2_goal_updated_condition_bt_node
[137.425s] [ 20%] Built target nav2_path_expiring_timer_condition
[139.046s] [ 21%] [32m[1mLinking CXX shared library libnav2_distance_traveled_condition_bt_node.so[0m
[139.602s] [ 21%] Built target nav2_distance_traveled_condition_bt_node
[141.043s] [ 22%] [32m[1mLinking CXX shared library libnav2_is_path_valid_condition_bt_node.so[0m
[141.243s] [ 22%] Built target nav2_is_path_valid_condition_bt_node
[141.264s] [ 22%] [32mBuilding CXX object CMakeFiles/nav2_reinitialize_global_localization_service_bt_node.dir/plugins/action/reinitialize_global_localization_service.cpp.o[0m
[142.289s] [ 22%] [32mBuilding CXX object CMakeFiles/nav2_rate_controller_bt_node.dir/plugins/decorator/rate_controller.cpp.o[0m
[142.380s] [ 23%] [32m[1mLinking CXX shared library libnav2_globally_updated_goal_condition_bt_node.so[0m
[142.616s] [ 23%] Built target nav2_globally_updated_goal_condition_bt_node
[142.630s] [ 23%] [32mBuilding CXX object CMakeFiles/nav2_is_battery_low_condition_bt_node.dir/plugins/condition/is_battery_low_condition.cpp.o[0m
[142.650s] [ 23%] [32mBuilding CXX object CMakeFiles/nav2_initial_pose_received_condition_bt_node.dir/plugins/condition/initial_pose_received_condition.cpp.o[0m
[143.667s] [ 23%] [32mBuilding CXX object CMakeFiles/nav2_distance_controller_bt_node.dir/plugins/decorator/distance_controller.cpp.o[0m
[143.886s] [ 24%] [32m[1mLinking CXX shared library libnav2_goal_reached_condition_bt_node.so[0m
[144.230s] [ 24%] Built target nav2_goal_reached_condition_bt_node
[144.260s] [ 24%] [32mBuilding CXX object CMakeFiles/nav2_transform_available_condition_bt_node.dir/plugins/condition/transform_available_condition.cpp.o[0m
[145.060s] [ 25%] [32m[1mLinking CXX shared library libnav2_rate_controller_bt_node.so[0m
[145.312s] [ 25%] Built target nav2_rate_controller_bt_node
[145.330s] [ 25%] [32mBuilding CXX object CMakeFiles/nav2_speed_controller_bt_node.dir/plugins/decorator/speed_controller.cpp.o[0m
[145.334s] [ 26%] [32m[1mLinking CXX shared library libnav2_initial_pose_received_condition_bt_node.so[0m
[145.382s] [ 26%] [32mBuilding CXX object CMakeFiles/nav2_is_stuck_condition_bt_node.dir/plugins/condition/is_stuck_condition.cpp.o[0m
[145.641s] [ 26%] Built target nav2_initial_pose_received_condition_bt_node
[145.711s] [ 26%] [32mBuilding CXX object CMakeFiles/nav2_truncate_path_action_bt_node.dir/plugins/action/truncate_path_action.cpp.o[0m
[145.766s] [ 26%] [32mBuilding CXX object CMakeFiles/nav2_truncate_path_local_action_bt_node.dir/plugins/action/truncate_path_local_action.cpp.o[0m
[150.349s] [ 27%] [32m[1mLinking CXX shared library libnav2_reinitialize_global_localization_service_bt_node.so[0m
[150.716s] [ 27%] Built target nav2_reinitialize_global_localization_service_bt_node
[152.414s] [ 28%] [32m[1mLinking CXX shared library libnav2_distance_controller_bt_node.so[0m
[152.721s] [ 29%] [32m[1mLinking CXX shared library libnav2_transform_available_condition_bt_node.so[0m
[152.760s] [ 29%] Built target nav2_distance_controller_bt_node
[152.957s] [ 29%] Built target nav2_transform_available_condition_bt_node
[154.425s] [ 30%] [32m[1mLinking CXX shared library libnav2_speed_controller_bt_node.so[0m
[154.584s] [ 31%] [32m[1mLinking CXX shared library libnav2_truncate_path_action_bt_node.so[0m
[154.703s] [ 31%] Built target nav2_speed_controller_bt_node
[154.803s] [ 31%] Built target nav2_truncate_path_action_bt_node
[155.480s] [ 32%] [32m[1mLinking CXX shared library libnav2_truncate_path_local_action_bt_node.so[0m
[155.693s] [ 32%] Built target nav2_truncate_path_local_action_bt_node
[156.714s] [ 32%] [32mBuilding CXX object CMakeFiles/nav2_remove_passed_goals_action_bt_node.dir/plugins/action/remove_passed_goals_action.cpp.o[0m
[157.733s] [ 32%] [32mBuilding CXX object CMakeFiles/nav2_navigate_through_poses_action_bt_node.dir/plugins/action/navigate_through_poses_action.cpp.o[0m
[158.751s] [ 32%] [32mBuilding CXX object CMakeFiles/nav2_navigate_to_pose_action_bt_node.dir/plugins/action/navigate_to_pose_action.cpp.o[0m
[159.773s] [ 32%] [32mBuilding CXX object CMakeFiles/nav2_recovery_node_bt_node.dir/plugins/control/recovery_node.cpp.o[0m
[160.714s] [ 33%] [32m[1mLinking CXX shared library libnav2_is_battery_low_condition_bt_node.so[0m
[160.799s] [ 33%] [32mBuilding CXX object CMakeFiles/nav2_path_longer_on_approach_bt_node.dir/plugins/decorator/path_longer_on_approach.cpp.o[0m
[161.152s] [ 33%] Built target nav2_is_battery_low_condition_bt_node
[161.696s] [ 34%] [32m[1mLinking CXX shared library libnav2_is_stuck_condition_bt_node.so[0m
[162.096s] [ 34%] Built target nav2_is_stuck_condition_bt_node
[163.142s] [ 35%] [32m[1mLinking CXX shared library libnav2_recovery_node_bt_node.so[0m
[163.367s] [ 35%] Built target nav2_recovery_node_bt_node
[163.434s] [ 36%] [32m[1mLinking CXX shared library libnav2_remove_passed_goals_action_bt_node.so[0m
[163.649s] [ 36%] Built target nav2_remove_passed_goals_action_bt_node
[166.484s] [ 37%] [32m[1mLinking CXX shared library libnav2_path_longer_on_approach_bt_node.so[0m
[166.645s] [ 37%] Built target nav2_path_longer_on_approach_bt_node
[166.988s] [ 38%] [32m[1mLinking CXX shared library libnav2_navigate_through_poses_action_bt_node.so[0m
[167.183s] [ 38%] Built target nav2_navigate_through_poses_action_bt_node
[167.524s] [ 39%] [32m[1mLinking CXX shared library libnav2_navigate_to_pose_action_bt_node.so[0m
[167.698s] [ 39%] Built target nav2_navigate_to_pose_action_bt_node
[167.716s] [ 39%] [32mBuilding CXX object CMakeFiles/nav2_smoother_selector_bt_node.dir/plugins/action/smoother_selector_node.cpp.o[0m
[171.731s] [ 39%] [32mBuilding CXX object CMakeFiles/nav2_goal_checker_selector_bt_node.dir/plugins/action/goal_checker_selector_node.cpp.o[0m
[171.733s] [ 39%] [32mBuilding CXX object CMakeFiles/nav2_controller_selector_bt_node.dir/plugins/action/controller_selector_node.cpp.o[0m
[172.749s] [ 39%] [32mBuilding CXX object CMakeFiles/nav2_planner_selector_bt_node.dir/plugins/action/planner_selector_node.cpp.o[0m
[172.749s] [ 39%] [32mBuilding CXX object CMakeFiles/nav2_single_trigger_bt_node.dir/plugins/decorator/single_trigger_node.cpp.o[0m
[173.768s] [ 39%] [32mBuilding CXX object CMakeFiles/nav2_round_robin_node_bt_node.dir/plugins/control/round_robin_node.cpp.o[0m
[173.786s] [ 39%] [32mBuilding CXX object CMakeFiles/nav2_pipeline_sequence_bt_node.dir/plugins/control/pipeline_sequence.cpp.o[0m
[174.891s] [ 39%] [32mBuilding CXX object CMakeFiles/nav2_goal_updater_node_bt_node.dir/plugins/decorator/goal_updater_node.cpp.o[0m
[175.070s] [ 40%] [32m[1mLinking CXX shared library libnav2_single_trigger_bt_node.so[0m
[175.434s] [ 40%] Built target nav2_single_trigger_bt_node
[175.563s] [ 40%] [32mBuilding CXX object CMakeFiles/nav2_goal_updated_controller_bt_node.dir/plugins/decorator/goal_updated_controller.cpp.o[0m
[176.630s] [ 41%] [32m[1mLinking CXX shared library libnav2_pipeline_sequence_bt_node.so[0m
[176.774s] [ 42%] [32m[1mLinking CXX shared library libnav2_round_robin_node_bt_node.so[0m
[176.935s] [ 42%] Built target nav2_pipeline_sequence_bt_node
[176.986s] [ 42%] [32mBuilding CXX object gtest/CMakeFiles/gtest_main.dir/src/gtest_main.cc.o[0m
[177.122s] [ 42%] Built target nav2_round_robin_node_bt_node
[177.223s] [ 42%] [32mBuilding CXX object gtest/CMakeFiles/gtest.dir/src/gtest-all.cc.o[0m
[179.470s] [ 43%] [32m[1mLinking CXX static library libgtest_main.a[0m
[179.650s] [ 43%] Built target gtest_main
[183.363s] [ 44%] [32m[1mLinking CXX shared library libnav2_smoother_selector_bt_node.so[0m
[183.952s] [ 44%] Built target nav2_smoother_selector_bt_node
[185.102s] [ 45%] [32m[1mLinking CXX shared library libnav2_goal_updated_controller_bt_node.so[0m
[185.513s] [ 45%] Built target nav2_goal_updated_controller_bt_node
[191.405s] [ 46%] [32m[1mLinking CXX shared library libnav2_controller_selector_bt_node.so[0m
[191.860s] [ 47%] [32m[1mLinking CXX static library libgtest.a[0m
[191.948s] [ 47%] Built target nav2_controller_selector_bt_node
[191.980s] [ 47%] Built target gtest
[193.151s] [ 48%] [32m[1mLinking CXX shared library libnav2_goal_checker_selector_bt_node.so[0m
[193.530s] [ 48%] Built target nav2_goal_checker_selector_bt_node
[193.951s] [ 49%] [32m[1mLinking CXX shared library libnav2_planner_selector_bt_node.so[0m
[194.319s] [ 49%] Built target nav2_planner_selector_bt_node
[196.839s] [ 50%] [32m[1mLinking CXX shared library libnav2_goal_updater_node_bt_node.so[0m
[197.185s] [ 50%] Built target nav2_goal_updater_node_bt_node
[197.214s] [ 51%] [32mBuilding CXX object test/plugins/condition/CMakeFiles/test_condition_globally_updated_goal.dir/test_globally_updated_goal.cpp.o[0m
[204.777s] [ 51%] [32m[1mLinking CXX executable test_condition_globally_updated_goal[0m
[205.134s] [ 51%] Built target test_condition_globally_updated_goal
[205.152s] [ 52%] [32mBuilding CXX object test/plugins/condition/CMakeFiles/test_condition_initial_pose_received.dir/test_initial_pose_received.cpp.o[0m
[206.163s] [ 53%] [32mBuilding CXX object test/plugins/condition/CMakeFiles/test_condition_transform_available.dir/test_transform_available.cpp.o[0m
[206.164s] [ 54%] [32mBuilding CXX object test/plugins/condition/CMakeFiles/test_condition_goal_updated.dir/test_goal_updated.cpp.o[0m
[207.185s] [ 56%] [32mBuilding CXX object test/plugins/condition/CMakeFiles/test_condition_goal_reached.dir/test_goal_reached.cpp.o[0m
[207.185s] [ 56%] [32mBuilding CXX object test/plugins/condition/CMakeFiles/test_condition_path_expiring_timer.dir/test_path_expiring_timer.cpp.o[0m
[208.203s] [ 57%] [32mBuilding CXX object test/plugins/condition/CMakeFiles/test_condition_distance_traveled.dir/test_distance_traveled.cpp.o[0m
[208.205s] [ 58%] [32mBuilding CXX object test/plugins/condition/CMakeFiles/test_condition_time_expired.dir/test_time_expired.cpp.o[0m
[209.317s] [ 59%] [32mBuilding CXX object test/CMakeFiles/test_bt_conversions.dir/test_bt_conversions.cpp.o[0m
[217.002s] [ 59%] [32m[1mLinking CXX executable test_bt_conversions[0m
[217.061s] [ 59%] [32m[1mLinking CXX executable test_condition_initial_pose_received[0m
[217.645s] [ 59%] Built target test_bt_conversions
[217.721s] [ 59%] Built target test_condition_initial_pose_received
[217.751s] [ 60%] [32mBuilding CXX object test/plugins/condition/CMakeFiles/test_condition_is_stuck.dir/test_is_stuck.cpp.o[0m
[217.783s] [ 61%] [32mBuilding CXX object test/plugins/condition/CMakeFiles/test_condition_is_battery_low.dir/test_is_battery_low.cpp.o[0m
[218.350s] [ 61%] [32m[1mLinking CXX executable test_condition_goal_updated[0m
[218.878s] [ 61%] Built target test_condition_goal_updated
[218.967s] [ 62%] [32mBuilding CXX object test/plugins/condition/CMakeFiles/test_condition_is_path_valid.dir/test_is_path_valid.cpp.o[0m
[220.756s] [ 62%] [32m[1mLinking CXX executable test_condition_transform_available[0m
[220.848s] [ 62%] [32m[1mLinking CXX executable test_condition_path_expiring_timer[0m
[221.419s] [ 62%] Built target test_condition_path_expiring_timer
[221.487s] [ 62%] Built target test_condition_transform_available
[221.504s] [ 63%] [32mBuilding CXX object test/plugins/decorator/CMakeFiles/test_decorator_distance_controller.dir/test_distance_controller.cpp.o[0m
[221.626s] [ 64%] [32mBuilding CXX object test/plugins/decorator/CMakeFiles/test_decorator_speed_controller.dir/test_speed_controller.cpp.o[0m
[222.531s] [ 64%] [32m[1mLinking CXX executable test_condition_goal_reached[0m
[222.708s] [ 64%] [32m[1mLinking CXX executable test_condition_distance_traveled[0m
[223.175s] [ 64%] Built target test_condition_goal_reached
[223.260s] [ 65%] [32mBuilding CXX object test/plugins/decorator/CMakeFiles/test_decorator_rate_controller.dir/test_rate_controller.cpp.o[0m
[223.270s] [ 65%] Built target test_condition_distance_traveled
[223.406s] [ 66%] [32mBuilding CXX object test/plugins/decorator/CMakeFiles/test_goal_updater_node.dir/test_goal_updater_node.cpp.o[0m
[223.514s] [ 66%] [32m[1mLinking CXX executable test_condition_time_expired[0m
[224.338s] [ 66%] Built target test_condition_time_expired
[224.472s] [ 67%] [32mBuilding CXX object test/plugins/decorator/CMakeFiles/test_single_trigger_node.dir/test_single_trigger_node.cpp.o[0m
[233.234s] [ 67%] [32m[1mLinking CXX executable test_condition_is_path_valid[0m
[234.055s] [ 67%] Built target test_condition_is_path_valid
[235.009s] [ 67%] [32m[1mLinking CXX executable test_condition_is_stuck[0m
[235.551s] [ 67%] Built target test_condition_is_stuck
[236.267s] [ 67%] [32m[1mLinking CXX executable test_condition_is_battery_low[0m
[236.926s] [ 67%] Built target test_condition_is_battery_low
[237.271s] [ 67%] [32m[1mLinking CXX executable test_decorator_distance_controller[0m
[237.753s] [ 67%] Built target test_decorator_distance_controller
[238.639s] [ 67%] [32m[1mLinking CXX executable test_goal_updater_node[0m
[238.788s] [ 67%] [32m[1mLinking CXX executable test_decorator_speed_controller[0m
[239.059s] [ 67%] Built target test_goal_updater_node
[239.165s] [ 67%] [32m[1mLinking CXX executable test_decorator_rate_controller[0m
[239.239s] [ 67%] Built target test_decorator_speed_controller
[239.521s] [ 67%] Built target test_decorator_rate_controller
[239.611s] [ 67%] [32m[1mLinking CXX executable test_single_trigger_node[0m
[239.890s] [ 67%] Built target test_single_trigger_node
[239.910s] [ 68%] [32mBuilding CXX object test/plugins/action/CMakeFiles/test_action_spin_action.dir/test_spin_action.cpp.o[0m
[241.922s] [ 69%] [32mBuilding CXX object test/plugins/action/CMakeFiles/test_action_back_up_action.dir/test_back_up_action.cpp.o[0m
[243.944s] [ 70%] [32mBuilding CXX object test/plugins/action/CMakeFiles/test_bt_action_node.dir/test_bt_action_node.cpp.o[0m
[245.961s] [ 71%] [32mBuilding CXX object test/plugins/control/CMakeFiles/test_control_round_robin_node.dir/test_round_robin_node.cpp.o[0m
[246.989s] [ 72%] [32mBuilding CXX object test/plugins/control/CMakeFiles/test_control_pipeline_sequence.dir/test_pipeline_sequence.cpp.o[0m
[248.121s] [ 73%] [32mBuilding CXX object test/plugins/control/CMakeFiles/test_control_recovery_node.dir/test_recovery_node.cpp.o[0m
[249.219s] [ 74%] [32mBuilding CXX object test/plugins/decorator/CMakeFiles/test_decorator_path_longer_on_approach.dir/test_path_longer_on_approach.cpp.o[0m
[250.275s] [ 74%] [32m[1mLinking CXX executable test_action_spin_action[0m
[250.304s] [ 75%] [32mBuilding CXX object test/plugins/decorator/CMakeFiles/test_goal_updated_controller.dir/test_goal_updated_controller.cpp.o[0m
[251.326s] [ 75%] Built target test_action_spin_action
[255.118s] [ 75%] [32m[1mLinking CXX executable test_action_back_up_action[0m
[255.637s] [ 75%] Built target test_action_back_up_action
[260.003s] [ 75%] [32m[1mLinking CXX executable test_control_round_robin_node[0m
[260.467s] [ 75%] Built target test_control_round_robin_node
[261.766s] [ 75%] [32m[1mLinking CXX executable test_bt_action_node[0m
[262.069s] [ 75%] Built target test_bt_action_node
[262.400s] [ 75%] [32m[1mLinking CXX executable test_control_pipeline_sequence[0m
[262.526s] [ 75%] [32m[1mLinking CXX executable test_decorator_path_longer_on_approach[0m
[262.791s] [ 75%] Built target test_control_pipeline_sequence
[262.854s] [ 75%] Built target test_decorator_path_longer_on_approach
[263.291s] [ 75%] [32m[1mLinking CXX executable test_control_recovery_node[0m
[263.560s] [ 75%] Built target test_control_recovery_node
[263.893s] [ 75%] [32m[1mLinking CXX executable test_goal_updated_controller[0m
[264.163s] [ 75%] Built target test_goal_updated_controller
[264.182s] [ 76%] [32mBuilding CXX object test/plugins/action/CMakeFiles/test_action_back_up_cancel_action.dir/test_back_up_cancel_node.cpp.o[0m
[266.195s] [ 77%] [32mBuilding CXX object test/plugins/action/CMakeFiles/test_action_assisted_teleop_cancel_action.dir/test_assisted_teleop_cancel_node.cpp.o[0m
[267.220s] [ 78%] [32mBuilding CXX object test/plugins/action/CMakeFiles/test_action_spin_cancel_action.dir/test_spin_cancel_node.cpp.o[0m
[268.241s] [ 79%] [32mBuilding CXX object test/plugins/action/CMakeFiles/test_action_wait_cancel_action.dir/test_wait_cancel_node.cpp.o[0m
[269.351s] [ 80%] [32mBuilding CXX object test/plugins/action/CMakeFiles/test_action_controller_cancel_action.dir/test_controller_cancel_node.cpp.o[0m
[270.483s] [ 81%] [32mBuilding CXX object test/plugins/action/CMakeFiles/test_action_assisted_teleop_action.dir/test_assisted_teleop_action.cpp.o[0m
[270.549s] [ 82%] [32mBuilding CXX object test/plugins/action/CMakeFiles/test_action_wait_action.dir/test_wait_action.cpp.o[0m
[278.789s] [ 82%] [32m[1mLinking CXX executable test_action_back_up_cancel_action[0m
[279.568s] [ 82%] Built target test_action_back_up_cancel_action
[283.501s] [ 82%] [32m[1mLinking CXX executable test_action_wait_action[0m
[284.173s] [ 82%] Built target test_action_wait_action
[287.111s] [ 82%] [32m[1mLinking CXX executable test_action_assisted_teleop_cancel_action[0m
[287.821s] [ 82%] Built target test_action_assisted_teleop_cancel_action
[288.154s] [ 82%] [32m[1mLinking CXX executable test_action_spin_cancel_action[0m
[288.629s] [ 82%] Built target test_action_spin_cancel_action
[289.460s] [ 82%] [32m[1mLinking CXX executable test_action_wait_cancel_action[0m
[289.631s] [ 82%] [32m[1mLinking CXX executable test_action_controller_cancel_action[0m
[289.839s] [ 82%] Built target test_action_wait_cancel_action
[290.050s] [ 82%] Built target test_action_controller_cancel_action
[291.344s] [ 82%] [32m[1mLinking CXX executable test_action_assisted_teleop_action[0m
[291.614s] [ 82%] Built target test_action_assisted_teleop_action
[291.638s] [ 83%] [32mBuilding CXX object test/plugins/action/CMakeFiles/test_action_smooth_path_action.dir/test_smooth_path_action.cpp.o[0m
[299.650s] [ 83%] [32m[1mLinking CXX executable test_action_smooth_path_action[0m
[299.878s] [ 83%] Built target test_action_smooth_path_action
[299.897s] [ 84%] [32mBuilding CXX object test/plugins/action/CMakeFiles/test_action_follow_path_action.dir/test_follow_path_action.cpp.o[0m
[306.914s] [ 85%] [32mBuilding CXX object test/plugins/action/CMakeFiles/test_action_navigate_to_pose_action.dir/test_navigate_to_pose_action.cpp.o[0m
[307.122s] [ 85%] [32m[1mLinking CXX executable test_action_follow_path_action[0m
[307.365s] [ 85%] Built target test_action_follow_path_action
[307.385s] [ 86%] [32mBuilding CXX object test/plugins/action/CMakeFiles/test_action_compute_path_through_poses_action.dir/test_compute_path_through_poses_action.cpp.o[0m
[307.396s] [ 87%] [32mBuilding CXX object test/plugins/action/CMakeFiles/test_action_navigate_through_poses_action.dir/test_navigate_through_poses_action.cpp.o[0m
[308.411s] [ 88%] [32mBuilding CXX object test/plugins/action/CMakeFiles/test_action_compute_path_to_pose_action.dir/test_compute_path_to_pose_action.cpp.o[0m
[309.435s] [ 89%] [32mBuilding CXX object test/plugins/action/CMakeFiles/test_action_reinitialize_global_localization_service.dir/test_reinitialize_global_localization_service.cpp.o[0m
[310.459s] [ 90%] [32mBuilding CXX object test/plugins/action/CMakeFiles/test_action_clear_costmap_service.dir/test_clear_costmap_service.cpp.o[0m
[311.487s] [ 91%] [32mBuilding CXX object test/plugins/action/CMakeFiles/test_action_drive_on_heading_cancel_action.dir/test_drive_on_heading_cancel_node.cpp.o[0m
[312.605s] [ 92%] [32mBuilding CXX object test/plugins/action/CMakeFiles/test_action_drive_on_heading.dir/test_drive_on_heading_action.cpp.o[0m
[319.719s] [ 92%] [32m[1mLinking CXX executable test_action_reinitialize_global_localization_service[0m
[320.205s] [ 92%] Built target test_action_reinitialize_global_localization_service
[321.413s] [ 92%] [32m[1mLinking CXX executable test_action_navigate_to_pose_action[0m
[321.690s] [ 92%] [32m[1mLinking CXX executable test_action_navigate_through_poses_action[0m
[322.182s] [ 92%] Built target test_action_navigate_to_pose_action
[322.462s] [ 92%] Built target test_action_navigate_through_poses_action
[324.137s] [ 92%] [32m[1mLinking CXX executable test_action_compute_path_through_poses_action[0m
[324.142s] [ 92%] [32m[1mLinking CXX executable test_action_compute_path_to_pose_action[0m
[324.685s] [ 92%] Built target test_action_compute_path_through_poses_action
[324.689s] [ 92%] Built target test_action_compute_path_to_pose_action
[327.092s] [ 92%] [32m[1mLinking CXX executable test_action_drive_on_heading_cancel_action[0m
[327.267s] [ 92%] [32m[1mLinking CXX executable test_action_clear_costmap_service[0m
[327.377s] [ 92%] Built target test_action_drive_on_heading_cancel_action
[327.552s] [ 92%] Built target test_action_clear_costmap_service
[328.425s] [ 92%] [32m[1mLinking CXX executable test_action_drive_on_heading[0m
[328.681s] [ 92%] Built target test_action_drive_on_heading
[328.702s] [ 93%] [32mBuilding CXX object test/plugins/action/CMakeFiles/test_goal_checker_selector_node.dir/test_goal_checker_selector_node.cpp.o[0m
[336.815s] [ 93%] [32m[1mLinking CXX executable test_goal_checker_selector_node[0m
[337.091s] [ 93%] Built target test_goal_checker_selector_node
[337.122s] [ 95%] [32mBuilding CXX object test/plugins/action/CMakeFiles/test_smoother_selector_node.dir/test_smoother_selector_node.cpp.o[0m
[337.123s] [ 95%] [32mBuilding CXX object test/plugins/action/CMakeFiles/test_planner_selector_node.dir/test_planner_selector_node.cpp.o[0m
[337.124s] [ 96%] [32mBuilding CXX object test/plugins/action/CMakeFiles/test_controller_selector_node.dir/test_controller_selector_node.cpp.o[0m
[337.125s] [ 97%] [32mBuilding CXX object test/plugins/action/CMakeFiles/test_remove_passed_goals_action.dir/test_remove_passed_goals_action.cpp.o[0m
[348.506s] [ 97%] [32m[1mLinking CXX executable test_remove_passed_goals_action[0m
[348.884s] [ 97%] Built target test_remove_passed_goals_action
[348.915s] [ 98%] [32mBuilding CXX object test/plugins/action/CMakeFiles/test_truncate_path_action.dir/test_truncate_path_action.cpp.o[0m
[348.918s] [ 99%] [32mBuilding CXX object test/plugins/action/CMakeFiles/test_truncate_path_local_action.dir/test_truncate_path_local_action.cpp.o[0m
[349.561s] [ 99%] [32m[1mLinking CXX executable test_controller_selector_node[0m
[349.937s] [ 99%] [32m[1mLinking CXX executable test_smoother_selector_node[0m
[350.045s] [ 99%] Built target test_controller_selector_node
[350.239s] [ 99%] [32m[1mLinking CXX executable test_planner_selector_node[0m
[350.350s] [ 99%] Built target test_smoother_selector_node
[350.592s] [ 99%] Built target test_planner_selector_node
[360.266s] [ 99%] [32m[1mLinking CXX executable test_truncate_path_action[0m
[360.834s] [ 99%] Built target test_truncate_path_action
[365.942s] [100%] [32m[1mLinking CXX executable test_truncate_path_local_action[0m
[366.505s] [100%] Built target test_truncate_path_local_action
[366.534s] Invoked command in '/home/lhl/nav2_ws/build/nav2_behavior_tree' returned '0': AMENT_PREFIX_PATH=/home/lhl/nav2_ws/install/nav2_util:/home/lhl/nav2_ws/install/nav2_msgs:/home/lhl/nav2_ws/install/nav2_common:${AMENT_PREFIX_PATH} CMAKE_PREFIX_PATH=/home/lhl/nav2_ws/install/nav2_util:/home/lhl/nav2_ws/install/nav2_msgs:/home/lhl/nav2_ws/install/nav2_common:/opt/ros/humble LD_LIBRARY_PATH=/home/lhl/nav2_ws/install/nav2_util/lib:/home/lhl/nav2_ws/install/nav2_msgs/lib:${LD_LIBRARY_PATH} PYTHONPATH=/home/lhl/nav2_ws/install/nav2_msgs/local/lib/python3.10/dist-packages:/home/lhl/nav2_ws/install/nav2_common/local/lib/python3.10/dist-packages:${PYTHONPATH} /usr/bin/cmake --build /home/lhl/nav2_ws/build/nav2_behavior_tree -- -j8 -l8
[366.896s] Invoking command in '/home/lhl/nav2_ws/build/nav2_behavior_tree': AMENT_PREFIX_PATH=/home/lhl/nav2_ws/install/nav2_util:/home/lhl/nav2_ws/install/nav2_msgs:/home/lhl/nav2_ws/install/nav2_common:${AMENT_PREFIX_PATH} CMAKE_PREFIX_PATH=/home/lhl/nav2_ws/install/nav2_util:/home/lhl/nav2_ws/install/nav2_msgs:/home/lhl/nav2_ws/install/nav2_common:/opt/ros/humble LD_LIBRARY_PATH=/home/lhl/nav2_ws/install/nav2_util/lib:/home/lhl/nav2_ws/install/nav2_msgs/lib:${LD_LIBRARY_PATH} PYTHONPATH=/home/lhl/nav2_ws/install/nav2_msgs/local/lib/python3.10/dist-packages:/home/lhl/nav2_ws/install/nav2_common/local/lib/python3.10/dist-packages:${PYTHONPATH} /usr/bin/cmake --install /home/lhl/nav2_ws/build/nav2_behavior_tree
[377.475s] -- Install configuration: "Release"
[377.475s] -- Execute custom install script
[377.475s] -- Symlinking: /home/lhl/nav2_ws/install/nav2_behavior_tree/lib/libnav2_behavior_tree.so
[377.476s] -- Symlinking: /home/lhl/nav2_ws/install/nav2_behavior_tree/lib/libnav2_compute_path_to_pose_action_bt_node.so
[377.476s] -- Symlinking: /home/lhl/nav2_ws/install/nav2_behavior_tree/lib/libnav2_compute_path_through_poses_action_bt_node.so
[377.476s] -- Symlinking: /home/lhl/nav2_ws/install/nav2_behavior_tree/lib/libnav2_controller_cancel_bt_node.so
[377.476s] -- Symlinking: /home/lhl/nav2_ws/install/nav2_behavior_tree/lib/libnav2_wait_cancel_bt_node.so
[377.476s] -- Symlinking: /home/lhl/nav2_ws/install/nav2_behavior_tree/lib/libnav2_spin_cancel_bt_node.so
[377.476s] -- Symlinking: /home/lhl/nav2_ws/install/nav2_behavior_tree/lib/libnav2_back_up_cancel_bt_node.so
[377.476s] -- Symlinking: /home/lhl/nav2_ws/install/nav2_behavior_tree/lib/libnav2_assisted_teleop_cancel_bt_node.so
[377.476s] -- Symlinking: /home/lhl/nav2_ws/install/nav2_behavior_tree/lib/libnav2_drive_on_heading_cancel_bt_node.so
[377.476s] -- Symlinking: /home/lhl/nav2_ws/install/nav2_behavior_tree/lib/libnav2_smooth_path_action_bt_node.so
[377.476s] -- Symlinking: /home/lhl/nav2_ws/install/nav2_behavior_tree/lib/libnav2_follow_path_action_bt_node.so
[377.477s] -- Symlinking: /home/lhl/nav2_ws/install/nav2_behavior_tree/lib/libnav2_back_up_action_bt_node.so
[377.477s] -- Symlinking: /home/lhl/nav2_ws/install/nav2_behavior_tree/lib/libnav2_drive_on_heading_bt_node.so
[377.477s] -- Symlinking: /home/lhl/nav2_ws/install/nav2_behavior_tree/lib/libnav2_spin_action_bt_node.so
[377.477s] -- Symlinking: /home/lhl/nav2_ws/install/nav2_behavior_tree/lib/libnav2_wait_action_bt_node.so
[377.477s] -- Symlinking: /home/lhl/nav2_ws/install/nav2_behavior_tree/lib/libnav2_assisted_teleop_action_bt_node.so
[377.477s] -- Symlinking: /home/lhl/nav2_ws/install/nav2_behavior_tree/lib/libnav2_clear_costmap_service_bt_node.so
[377.477s] -- Symlinking: /home/lhl/nav2_ws/install/nav2_behavior_tree/lib/libnav2_is_stuck_condition_bt_node.so
[377.477s] -- Symlinking: /home/lhl/nav2_ws/install/nav2_behavior_tree/lib/libnav2_transform_available_condition_bt_node.so
[377.477s] -- Symlinking: /home/lhl/nav2_ws/install/nav2_behavior_tree/lib/libnav2_goal_reached_condition_bt_node.so
[377.477s] -- Symlinking: /home/lhl/nav2_ws/install/nav2_behavior_tree/lib/libnav2_globally_updated_goal_condition_bt_node.so
[377.478s] -- Symlinking: /home/lhl/nav2_ws/install/nav2_behavior_tree/lib/libnav2_goal_updated_condition_bt_node.so
[377.478s] -- Symlinking: /home/lhl/nav2_ws/install/nav2_behavior_tree/lib/libnav2_is_path_valid_condition_bt_node.so
[377.478s] -- Symlinking: /home/lhl/nav2_ws/install/nav2_behavior_tree/lib/libnav2_time_expired_condition_bt_node.so
[377.478s] -- Symlinking: /home/lhl/nav2_ws/install/nav2_behavior_tree/lib/libnav2_path_expiring_timer_condition.so
[377.478s] -- Symlinking: /home/lhl/nav2_ws/install/nav2_behavior_tree/lib/libnav2_distance_traveled_condition_bt_node.so
[377.478s] -- Symlinking: /home/lhl/nav2_ws/install/nav2_behavior_tree/lib/libnav2_initial_pose_received_condition_bt_node.so
[377.478s] -- Symlinking: /home/lhl/nav2_ws/install/nav2_behavior_tree/lib/libnav2_is_battery_low_condition_bt_node.so
[377.478s] -- Symlinking: /home/lhl/nav2_ws/install/nav2_behavior_tree/lib/libnav2_reinitialize_global_localization_service_bt_node.so
[377.478s] -- Symlinking: /home/lhl/nav2_ws/install/nav2_behavior_tree/lib/libnav2_rate_controller_bt_node.so
[377.479s] -- Symlinking: /home/lhl/nav2_ws/install/nav2_behavior_tree/lib/libnav2_distance_controller_bt_node.so
[377.479s] -- Symlinking: /home/lhl/nav2_ws/install/nav2_behavior_tree/lib/libnav2_speed_controller_bt_node.so
[377.479s] -- Symlinking: /home/lhl/nav2_ws/install/nav2_behavior_tree/lib/libnav2_truncate_path_action_bt_node.so
[377.479s] -- Symlinking: /home/lhl/nav2_ws/install/nav2_behavior_tree/lib/libnav2_truncate_path_local_action_bt_node.so
[377.479s] -- Symlinking: /home/lhl/nav2_ws/install/nav2_behavior_tree/lib/libnav2_goal_updater_node_bt_node.so
[377.479s] -- Symlinking: /home/lhl/nav2_ws/install/nav2_behavior_tree/lib/libnav2_path_longer_on_approach_bt_node.so
[377.479s] -- Symlinking: /home/lhl/nav2_ws/install/nav2_behavior_tree/lib/libnav2_recovery_node_bt_node.so
[377.479s] -- Symlinking: /home/lhl/nav2_ws/install/nav2_behavior_tree/lib/libnav2_navigate_to_pose_action_bt_node.so
[377.479s] -- Symlinking: /home/lhl/nav2_ws/install/nav2_behavior_tree/lib/libnav2_navigate_through_poses_action_bt_node.so
[377.479s] -- Symlinking: /home/lhl/nav2_ws/install/nav2_behavior_tree/lib/libnav2_remove_passed_goals_action_bt_node.so
[377.480s] -- Symlinking: /home/lhl/nav2_ws/install/nav2_behavior_tree/lib/libnav2_pipeline_sequence_bt_node.so
[377.480s] -- Symlinking: /home/lhl/nav2_ws/install/nav2_behavior_tree/lib/libnav2_round_robin_node_bt_node.so
[377.480s] -- Symlinking: /home/lhl/nav2_ws/install/nav2_behavior_tree/lib/libnav2_single_trigger_bt_node.so
[377.480s] -- Symlinking: /home/lhl/nav2_ws/install/nav2_behavior_tree/lib/libnav2_planner_selector_bt_node.so
[377.480s] -- Symlinking: /home/lhl/nav2_ws/install/nav2_behavior_tree/lib/libnav2_controller_selector_bt_node.so
[377.480s] -- Symlinking: /home/lhl/nav2_ws/install/nav2_behavior_tree/lib/libnav2_smoother_selector_bt_node.so
[377.480s] -- Symlinking: /home/lhl/nav2_ws/install/nav2_behavior_tree/lib/libnav2_goal_checker_selector_bt_node.so
[377.480s] -- Symlinking: /home/lhl/nav2_ws/install/nav2_behavior_tree/lib/libnav2_goal_updated_controller_bt_node.so
[377.481s] -- Symlinking: /home/lhl/nav2_ws/install/nav2_behavior_tree/include//nav2_behavior_tree/behavior_tree_engine.hpp
[377.481s] -- Symlinking: /home/lhl/nav2_ws/install/nav2_behavior_tree/include//nav2_behavior_tree/bt_action_node.hpp
[377.481s] -- Symlinking: /home/lhl/nav2_ws/install/nav2_behavior_tree/include//nav2_behavior_tree/bt_action_server.hpp
[377.481s] -- Symlinking: /home/lhl/nav2_ws/install/nav2_behavior_tree/include//nav2_behavior_tree/bt_action_server_impl.hpp
[377.481s] -- Symlinking: /home/lhl/nav2_ws/install/nav2_behavior_tree/include//nav2_behavior_tree/bt_cancel_action_node.hpp
[377.481s] -- Symlinking: /home/lhl/nav2_ws/install/nav2_behavior_tree/include//nav2_behavior_tree/bt_conversions.hpp
[377.481s] -- Symlinking: /home/lhl/nav2_ws/install/nav2_behavior_tree/include//nav2_behavior_tree/bt_service_node.hpp
[377.481s] -- Symlinking: /home/lhl/nav2_ws/install/nav2_behavior_tree/include//nav2_behavior_tree/plugins/action/assisted_teleop_action.hpp
[377.481s] -- Symlinking: /home/lhl/nav2_ws/install/nav2_behavior_tree/include//nav2_behavior_tree/plugins/action/assisted_teleop_cancel_node.hpp
[377.481s] -- Symlinking: /home/lhl/nav2_ws/install/nav2_behavior_tree/include//nav2_behavior_tree/plugins/action/back_up_action.hpp
[377.482s] -- Symlinking: /home/lhl/nav2_ws/install/nav2_behavior_tree/include//nav2_behavior_tree/plugins/action/back_up_cancel_node.hpp
[377.482s] -- Symlinking: /home/lhl/nav2_ws/install/nav2_behavior_tree/include//nav2_behavior_tree/plugins/action/clear_costmap_service.hpp
[377.482s] -- Symlinking: /home/lhl/nav2_ws/install/nav2_behavior_tree/include//nav2_behavior_tree/plugins/action/compute_path_through_poses_action.hpp
[377.482s] -- Symlinking: /home/lhl/nav2_ws/install/nav2_behavior_tree/include//nav2_behavior_tree/plugins/action/compute_path_to_pose_action.hpp
[377.482s] -- Symlinking: /home/lhl/nav2_ws/install/nav2_behavior_tree/include//nav2_behavior_tree/plugins/action/controller_cancel_node.hpp
[377.482s] -- Symlinking: /home/lhl/nav2_ws/install/nav2_behavior_tree/include//nav2_behavior_tree/plugins/action/controller_selector_node.hpp
[377.482s] -- Symlinking: /home/lhl/nav2_ws/install/nav2_behavior_tree/include//nav2_behavior_tree/plugins/action/drive_on_heading_action.hpp
[377.482s] -- Symlinking: /home/lhl/nav2_ws/install/nav2_behavior_tree/include//nav2_behavior_tree/plugins/action/drive_on_heading_cancel_node.hpp
[377.482s] -- Symlinking: /home/lhl/nav2_ws/install/nav2_behavior_tree/include//nav2_behavior_tree/plugins/action/follow_path_action.hpp
[377.483s] -- Symlinking: /home/lhl/nav2_ws/install/nav2_behavior_tree/include//nav2_behavior_tree/plugins/action/goal_checker_selector_node.hpp
[377.483s] -- Symlinking: /home/lhl/nav2_ws/install/nav2_behavior_tree/include//nav2_behavior_tree/plugins/action/navigate_through_poses_action.hpp
[377.483s] -- Symlinking: /home/lhl/nav2_ws/install/nav2_behavior_tree/include//nav2_behavior_tree/plugins/action/navigate_to_pose_action.hpp
[377.483s] -- Symlinking: /home/lhl/nav2_ws/install/nav2_behavior_tree/include//nav2_behavior_tree/plugins/action/planner_selector_node.hpp
[377.483s] -- Symlinking: /home/lhl/nav2_ws/install/nav2_behavior_tree/include//nav2_behavior_tree/plugins/action/reinitialize_global_localization_service.hpp
[377.483s] -- Symlinking: /home/lhl/nav2_ws/install/nav2_behavior_tree/include//nav2_behavior_tree/plugins/action/remove_passed_goals_action.hpp
[377.483s] -- Symlinking: /home/lhl/nav2_ws/install/nav2_behavior_tree/include//nav2_behavior_tree/plugins/action/smooth_path_action.hpp
[377.484s] -- Symlinking: /home/lhl/nav2_ws/install/nav2_behavior_tree/include//nav2_behavior_tree/plugins/action/smoother_selector_node.hpp
[377.484s] -- Symlinking: /home/lhl/nav2_ws/install/nav2_behavior_tree/include//nav2_behavior_tree/plugins/action/spin_action.hpp
[377.484s] -- Symlinking: /home/lhl/nav2_ws/install/nav2_behavior_tree/include//nav2_behavior_tree/plugins/action/spin_cancel_node.hpp
[377.484s] -- Symlinking: /home/lhl/nav2_ws/install/nav2_behavior_tree/include//nav2_behavior_tree/plugins/action/truncate_path_action.hpp
[377.484s] -- Symlinking: /home/lhl/nav2_ws/install/nav2_behavior_tree/include//nav2_behavior_tree/plugins/action/truncate_path_local_action.hpp
[377.484s] -- Symlinking: /home/lhl/nav2_ws/install/nav2_behavior_tree/include//nav2_behavior_tree/plugins/action/wait_action.hpp
[377.484s] -- Symlinking: /home/lhl/nav2_ws/install/nav2_behavior_tree/include//nav2_behavior_tree/plugins/action/wait_cancel_node.hpp
[377.484s] -- Symlinking: /home/lhl/nav2_ws/install/nav2_behavior_tree/include//nav2_behavior_tree/plugins/condition/distance_traveled_condition.hpp
[377.484s] -- Symlinking: /home/lhl/nav2_ws/install/nav2_behavior_tree/include//nav2_behavior_tree/plugins/condition/globally_updated_goal_condition.hpp
[377.485s] -- Symlinking: /home/lhl/nav2_ws/install/nav2_behavior_tree/include//nav2_behavior_tree/plugins/condition/goal_reached_condition.hpp
[377.485s] -- Symlinking: /home/lhl/nav2_ws/install/nav2_behavior_tree/include//nav2_behavior_tree/plugins/condition/goal_updated_condition.hpp
[377.485s] -- Symlinking: /home/lhl/nav2_ws/install/nav2_behavior_tree/include//nav2_behavior_tree/plugins/condition/initial_pose_received_condition.hpp
[377.485s] -- Symlinking: /home/lhl/nav2_ws/install/nav2_behavior_tree/include//nav2_behavior_tree/plugins/condition/is_battery_low_condition.hpp
[377.485s] -- Symlinking: /home/lhl/nav2_ws/install/nav2_behavior_tree/include//nav2_behavior_tree/plugins/condition/is_path_valid_condition.hpp
[377.485s] -- Symlinking: /home/lhl/nav2_ws/install/nav2_behavior_tree/include//nav2_behavior_tree/plugins/condition/is_stuck_condition.hpp
[377.485s] -- Symlinking: /home/lhl/nav2_ws/install/nav2_behavior_tree/include//nav2_behavior_tree/plugins/condition/path_expiring_timer_condition.hpp
[377.485s] -- Symlinking: /home/lhl/nav2_ws/install/nav2_behavior_tree/include//nav2_behavior_tree/plugins/condition/time_expired_condition.hpp
[377.485s] -- Symlinking: /home/lhl/nav2_ws/install/nav2_behavior_tree/include//nav2_behavior_tree/plugins/condition/transform_available_condition.hpp
[377.485s] -- Symlinking: /home/lhl/nav2_ws/install/nav2_behavior_tree/include//nav2_behavior_tree/plugins/control/pipeline_sequence.hpp
[377.486s] -- Symlinking: /home/lhl/nav2_ws/install/nav2_behavior_tree/include//nav2_behavior_tree/plugins/control/recovery_node.hpp
[377.486s] -- Symlinking: /home/lhl/nav2_ws/install/nav2_behavior_tree/include//nav2_behavior_tree/plugins/control/round_robin_node.hpp
[377.486s] -- Symlinking: /home/lhl/nav2_ws/install/nav2_behavior_tree/include//nav2_behavior_tree/plugins/decorator/distance_controller.hpp
[377.486s] -- Symlinking: /home/lhl/nav2_ws/install/nav2_behavior_tree/include//nav2_behavior_tree/plugins/decorator/goal_updated_controller.hpp
[377.486s] -- Symlinking: /home/lhl/nav2_ws/install/nav2_behavior_tree/include//nav2_behavior_tree/plugins/decorator/goal_updater_node.hpp
[377.486s] -- Symlinking: /home/lhl/nav2_ws/install/nav2_behavior_tree/include//nav2_behavior_tree/plugins/decorator/path_longer_on_approach.hpp
[377.486s] -- Symlinking: /home/lhl/nav2_ws/install/nav2_behavior_tree/include//nav2_behavior_tree/plugins/decorator/rate_controller.hpp
[377.486s] -- Symlinking: /home/lhl/nav2_ws/install/nav2_behavior_tree/include//nav2_behavior_tree/plugins/decorator/single_trigger_node.hpp
[377.486s] -- Symlinking: /home/lhl/nav2_ws/install/nav2_behavior_tree/include//nav2_behavior_tree/plugins/decorator/speed_controller.hpp
[377.486s] -- Symlinking: /home/lhl/nav2_ws/install/nav2_behavior_tree/include//nav2_behavior_tree/ros_topic_logger.hpp
[377.486s] -- Symlinking: /home/lhl/nav2_ws/install/nav2_behavior_tree/share/nav2_behavior_tree/nav2_tree_nodes.xml
[377.487s] -- Symlinking: /home/lhl/nav2_ws/install/nav2_behavior_tree/share/nav2_behavior_tree/environment/library_path.sh
[377.487s] -- Symlinking: /home/lhl/nav2_ws/install/nav2_behavior_tree/share/nav2_behavior_tree/environment/library_path.dsv
[377.487s] -- Symlinking: /home/lhl/nav2_ws/install/nav2_behavior_tree/share/ament_index/resource_index/package_run_dependencies/nav2_behavior_tree
[377.487s] -- Symlinking: /home/lhl/nav2_ws/install/nav2_behavior_tree/share/ament_index/resource_index/parent_prefix_path/nav2_behavior_tree
[377.487s] -- Symlinking: /home/lhl/nav2_ws/install/nav2_behavior_tree/share/nav2_behavior_tree/environment/ament_prefix_path.sh
[377.487s] -- Symlinking: /home/lhl/nav2_ws/install/nav2_behavior_tree/share/nav2_behavior_tree/environment/ament_prefix_path.dsv
[377.487s] -- Symlinking: /home/lhl/nav2_ws/install/nav2_behavior_tree/share/nav2_behavior_tree/environment/path.sh
[377.487s] -- Symlinking: /home/lhl/nav2_ws/install/nav2_behavior_tree/share/nav2_behavior_tree/environment/path.dsv
[377.487s] -- Symlinking: /home/lhl/nav2_ws/install/nav2_behavior_tree/share/nav2_behavior_tree/local_setup.bash
[377.487s] -- Symlinking: /home/lhl/nav2_ws/install/nav2_behavior_tree/share/nav2_behavior_tree/local_setup.sh
[377.487s] -- Symlinking: /home/lhl/nav2_ws/install/nav2_behavior_tree/share/nav2_behavior_tree/local_setup.zsh
[377.488s] -- Symlinking: /home/lhl/nav2_ws/install/nav2_behavior_tree/share/nav2_behavior_tree/local_setup.dsv
[377.488s] -- Symlinking: /home/lhl/nav2_ws/install/nav2_behavior_tree/share/nav2_behavior_tree/package.dsv
[377.488s] -- Symlinking: /home/lhl/nav2_ws/install/nav2_behavior_tree/share/ament_index/resource_index/packages/nav2_behavior_tree
[377.488s] -- Symlinking: /home/lhl/nav2_ws/install/nav2_behavior_tree/share/nav2_behavior_tree/cmake/ament_cmake_export_include_directories-extras.cmake
[377.488s] -- Symlinking: /home/lhl/nav2_ws/install/nav2_behavior_tree/share/nav2_behavior_tree/cmake/ament_cmake_export_libraries-extras.cmake
[377.488s] -- Symlinking: /home/lhl/nav2_ws/install/nav2_behavior_tree/share/nav2_behavior_tree/cmake/ament_cmake_export_dependencies-extras.cmake
[377.488s] -- Symlinking: /home/lhl/nav2_ws/install/nav2_behavior_tree/share/nav2_behavior_tree/cmake/nav2_behavior_treeConfig.cmake
[377.488s] -- Symlinking: /home/lhl/nav2_ws/install/nav2_behavior_tree/share/nav2_behavior_tree/cmake/nav2_behavior_treeConfig-version.cmake
[377.488s] -- Symlinking: /home/lhl/nav2_ws/install/nav2_behavior_tree/share/nav2_behavior_tree/package.xml
[377.501s] Invoked command in '/home/lhl/nav2_ws/build/nav2_behavior_tree' returned '0': AMENT_PREFIX_PATH=/home/lhl/nav2_ws/install/nav2_util:/home/lhl/nav2_ws/install/nav2_msgs:/home/lhl/nav2_ws/install/nav2_common:${AMENT_PREFIX_PATH} CMAKE_PREFIX_PATH=/home/lhl/nav2_ws/install/nav2_util:/home/lhl/nav2_ws/install/nav2_msgs:/home/lhl/nav2_ws/install/nav2_common:/opt/ros/humble LD_LIBRARY_PATH=/home/lhl/nav2_ws/install/nav2_util/lib:/home/lhl/nav2_ws/install/nav2_msgs/lib:${LD_LIBRARY_PATH} PYTHONPATH=/home/lhl/nav2_ws/install/nav2_msgs/local/lib/python3.10/dist-packages:/home/lhl/nav2_ws/install/nav2_common/local/lib/python3.10/dist-packages:${PYTHONPATH} /usr/bin/cmake --install /home/lhl/nav2_ws/build/nav2_behavior_tree
