[0.188s] Invoking command in '/home/lhl/nav2_ws/src/build/nav2_behaviors': AMENT_PREFIX_PATH=/home/lhl/nav2_ws/src/install/nav2_core:/home/lhl/nav2_ws/src/install/nav2_costmap_2d:/home/lhl/nav2_ws/src/install/nav2_behavior_tree:/home/lhl/nav2_ws/src/install/nav2_util:/home/lhl/nav2_ws/src/install/nav2_voxel_grid:/home/lhl/nav2_ws/src/install/nav2_msgs:/home/lhl/nav2_ws/src/install/nav2_common:${AMENT_PREFIX_PATH} CMAKE_PREFIX_PATH=/home/lhl/nav2_ws/src/install/nav2_core:/home/lhl/nav2_ws/src/install/nav2_costmap_2d:/home/lhl/nav2_ws/src/install/nav2_behavior_tree:/home/lhl/nav2_ws/src/install/nav2_util:/home/lhl/nav2_ws/src/install/nav2_voxel_grid:/home/lhl/nav2_ws/src/install/nav2_msgs:/home/lhl/nav2_ws/src/install/nav2_common:/opt/ros/humble LD_LIBRARY_PATH=/home/lhl/nav2_ws/src/install/nav2_costmap_2d/lib:/home/lhl/nav2_ws/src/install/nav2_behavior_tree/lib:/home/lhl/nav2_ws/src/install/nav2_util/lib:/home/lhl/nav2_ws/src/install/nav2_voxel_grid/lib:/home/lhl/nav2_ws/src/install/nav2_msgs/lib:${LD_LIBRARY_PATH} PYTHONPATH=/home/lhl/nav2_ws/src/install/nav2_msgs/local/lib/python3.10/dist-packages:/home/lhl/nav2_ws/src/install/nav2_common/local/lib/python3.10/dist-packages:${PYTHONPATH} /usr/bin/cmake /home/lhl/nav2_ws/src/navigation2/nav2_behaviors -DCMAKE_INSTALL_PREFIX=/home/lhl/nav2_ws/src/install/nav2_behaviors
[13.178s] -- The C compiler identification is GNU 11.3.0
[13.178s] -- The CXX compiler identification is GNU 11.3.0
[13.178s] -- Detecting C compiler ABI info
[13.178s] -- Detecting C compiler ABI info - done
[13.178s] -- Check for working C compiler: /usr/bin/cc - skipped
[13.178s] -- Detecting C compile features
[13.178s] -- Detecting C compile features - done
[13.178s] -- Detecting CXX compiler ABI info
[13.179s] -- Detecting CXX compiler ABI info - done
[13.179s] -- Check for working CXX compiler: /usr/bin/c++ - skipped
[13.179s] -- Detecting CXX compile features
[13.179s] -- Detecting CXX compile features - done
[13.179s] -- Found ament_cmake: 1.3.4 (/opt/ros/humble/share/ament_cmake/cmake)
[13.179s] -- Found Python3: /usr/bin/python3.10 (found version "3.10.6") found components: Interpreter 
[13.179s] -- Found nav2_common: 1.1.6 (/home/lhl/nav2_ws/src/install/nav2_common/share/nav2_common/cmake)
[13.179s] -- Found rclcpp: 16.0.4 (/opt/ros/humble/share/rclcpp/cmake)
[13.179s] -- Found rosidl_generator_c: 3.1.4 (/opt/ros/humble/share/rosidl_generator_c/cmake)
[13.179s] -- Found rosidl_adapter: 3.1.4 (/opt/ros/humble/share/rosidl_adapter/cmake)
[13.179s] -- Found rosidl_generator_cpp: 3.1.4 (/opt/ros/humble/share/rosidl_generator_cpp/cmake)
[13.180s] -- Using all available rosidl_typesupport_c: rosidl_typesupport_fastrtps_c;rosidl_typesupport_introspection_c
[13.180s] -- Using all available rosidl_typesupport_cpp: rosidl_typesupport_fastrtps_cpp;rosidl_typesupport_introspection_cpp
[13.186s] -- Found rmw_implementation_cmake: 6.1.1 (/opt/ros/humble/share/rmw_implementation_cmake/cmake)
[13.186s] -- Found rmw_fastrtps_cpp: 6.2.2 (/opt/ros/humble/share/rmw_fastrtps_cpp/cmake)
[13.186s] -- Found OpenSSL: /usr/lib/x86_64-linux-gnu/libcrypto.so (found version "3.0.2")  
[13.186s] -- Found FastRTPS: /opt/ros/humble/include  
[13.187s] -- Using RMW implementation 'rmw_fastrtps_cpp' as default
[13.187s] -- Looking for pthread.h
[13.187s] -- Looking for pthread.h - found
[13.187s] -- Performing Test CMAKE_HAVE_LIBC_PTHREAD
[13.187s] -- Performing Test CMAKE_HAVE_LIBC_PTHREAD - Success
[13.187s] -- Found Threads: TRUE  
[13.189s] -- Found rclcpp_action: 16.0.4 (/opt/ros/humble/share/rclcpp_action/cmake)
[13.189s] -- Found rclcpp_lifecycle: 16.0.4 (/opt/ros/humble/share/rclcpp_lifecycle/cmake)
[13.190s] -- Found rclcpp_components: 16.0.4 (/opt/ros/humble/share/rclcpp_components/cmake)
[13.190s] -- Found nav2_behavior_tree: 1.1.6 (/home/lhl/nav2_ws/src/install/nav2_behavior_tree/share/nav2_behavior_tree/cmake)
[13.190s] -- Found eigen3_cmake_module: 0.1.1 (/opt/ros/humble/share/eigen3_cmake_module/cmake)
[13.190s] -- Found Eigen3: TRUE (found version "3.4.0") 
[13.190s] -- Ensuring Eigen3 include directory is part of orocos-kdl CMake target
[13.190s] -- Found nav2_costmap_2d: 1.1.6 (/home/lhl/nav2_ws/src/install/nav2_costmap_2d/share/nav2_costmap_2d/cmake)
[13.190s] -- Found nav2_core: 1.1.6 (/home/lhl/nav2_ws/src/install/nav2_core/share/nav2_core/cmake)
[13.190s] -- Setting build type to Release as none was specified.
[114.786s] -- Found ament_lint_auto: 0.12.6 (/opt/ros/humble/share/ament_lint_auto/cmake)
[115.026s] -- Found gtest sources under '/opt/ros/humble/src/gtest_vendor': C++ tests using 'Google Test' will be built
[137.048s] -- Added test 'copyright' to check source files copyright and LICENSE
[137.051s] -- Added test 'cppcheck' to perform static code analysis on C / C++ code
[137.053s] -- Configured cppcheck include dirs: /home/lhl/nav2_ws/src/navigation2/nav2_behaviors/include
[137.053s] -- Configured cppcheck exclude dirs and/or files: 
[137.055s] -- Added test 'cpplint' to check C / C++ code against the Google style
[137.055s] -- Configured cpplint exclude dirs and/or files: 
[137.059s] -- Added test 'lint_cmake' to check CMake code style
[137.059s] -- Added test 'uncrustify' to check C / C++ code style
[137.060s] -- Configured uncrustify additional arguments: 
[137.061s] -- Added test 'xmllint' to check XML markup files
[137.064s] -- Configuring done
[137.749s] -- Generating done
[137.769s] -- Build files have been written to: /home/lhl/nav2_ws/src/build/nav2_behaviors
[137.778s] Invoked command in '/home/lhl/nav2_ws/src/build/nav2_behaviors' returned '0': AMENT_PREFIX_PATH=/home/lhl/nav2_ws/src/install/nav2_core:/home/lhl/nav2_ws/src/install/nav2_costmap_2d:/home/lhl/nav2_ws/src/install/nav2_behavior_tree:/home/lhl/nav2_ws/src/install/nav2_util:/home/lhl/nav2_ws/src/install/nav2_voxel_grid:/home/lhl/nav2_ws/src/install/nav2_msgs:/home/lhl/nav2_ws/src/install/nav2_common:${AMENT_PREFIX_PATH} CMAKE_PREFIX_PATH=/home/lhl/nav2_ws/src/install/nav2_core:/home/lhl/nav2_ws/src/install/nav2_costmap_2d:/home/lhl/nav2_ws/src/install/nav2_behavior_tree:/home/lhl/nav2_ws/src/install/nav2_util:/home/lhl/nav2_ws/src/install/nav2_voxel_grid:/home/lhl/nav2_ws/src/install/nav2_msgs:/home/lhl/nav2_ws/src/install/nav2_common:/opt/ros/humble LD_LIBRARY_PATH=/home/lhl/nav2_ws/src/install/nav2_costmap_2d/lib:/home/lhl/nav2_ws/src/install/nav2_behavior_tree/lib:/home/lhl/nav2_ws/src/install/nav2_util/lib:/home/lhl/nav2_ws/src/install/nav2_voxel_grid/lib:/home/lhl/nav2_ws/src/install/nav2_msgs/lib:${LD_LIBRARY_PATH} PYTHONPATH=/home/lhl/nav2_ws/src/install/nav2_msgs/local/lib/python3.10/dist-packages:/home/lhl/nav2_ws/src/install/nav2_common/local/lib/python3.10/dist-packages:${PYTHONPATH} /usr/bin/cmake /home/lhl/nav2_ws/src/navigation2/nav2_behaviors -DCMAKE_INSTALL_PREFIX=/home/lhl/nav2_ws/src/install/nav2_behaviors
[137.779s] Invoking command in '/home/lhl/nav2_ws/src/build/nav2_behaviors': AMENT_PREFIX_PATH=/home/lhl/nav2_ws/src/install/nav2_core:/home/lhl/nav2_ws/src/install/nav2_costmap_2d:/home/lhl/nav2_ws/src/install/nav2_behavior_tree:/home/lhl/nav2_ws/src/install/nav2_util:/home/lhl/nav2_ws/src/install/nav2_voxel_grid:/home/lhl/nav2_ws/src/install/nav2_msgs:/home/lhl/nav2_ws/src/install/nav2_common:${AMENT_PREFIX_PATH} CMAKE_PREFIX_PATH=/home/lhl/nav2_ws/src/install/nav2_core:/home/lhl/nav2_ws/src/install/nav2_costmap_2d:/home/lhl/nav2_ws/src/install/nav2_behavior_tree:/home/lhl/nav2_ws/src/install/nav2_util:/home/lhl/nav2_ws/src/install/nav2_voxel_grid:/home/lhl/nav2_ws/src/install/nav2_msgs:/home/lhl/nav2_ws/src/install/nav2_common:/opt/ros/humble LD_LIBRARY_PATH=/home/lhl/nav2_ws/src/install/nav2_costmap_2d/lib:/home/lhl/nav2_ws/src/install/nav2_behavior_tree/lib:/home/lhl/nav2_ws/src/install/nav2_util/lib:/home/lhl/nav2_ws/src/install/nav2_voxel_grid/lib:/home/lhl/nav2_ws/src/install/nav2_msgs/lib:${LD_LIBRARY_PATH} PYTHONPATH=/home/lhl/nav2_ws/src/install/nav2_msgs/local/lib/python3.10/dist-packages:/home/lhl/nav2_ws/src/install/nav2_common/local/lib/python3.10/dist-packages:${PYTHONPATH} /usr/bin/cmake --build /home/lhl/nav2_ws/src/build/nav2_behaviors -- -j8 -l8
[137.854s] [  5%] [32mBuilding CXX object CMakeFiles/nav2_spin_behavior.dir/plugins/spin.cpp.o[0m
[148.196s] [ 10%] [32m[1mLinking CXX shared library libnav2_spin_behavior.so[0m
[148.532s] [ 10%] Built target nav2_spin_behavior
[148.555s] [ 15%] [32mBuilding CXX object gtest/CMakeFiles/gtest.dir/src/gtest-all.cc.o[0m
[156.123s] [ 20%] [32m[1mLinking CXX static library libgtest.a[0m
[156.162s] [ 20%] Built target gtest
[156.182s] [ 25%] [32mBuilding CXX object gtest/CMakeFiles/gtest_main.dir/src/gtest_main.cc.o[0m
[157.210s] [ 30%] [32m[1mLinking CXX static library libgtest_main.a[0m
[157.392s] [ 30%] Built target gtest_main
[157.413s] [ 35%] [32mBuilding CXX object CMakeFiles/behavior_server_core.dir/src/behavior_server.cpp.o[0m
[167.880s] [ 40%] [32m[1mLinking CXX shared library libbehavior_server_core.so[0m
[168.220s] [ 40%] Built target behavior_server_core
[168.249s] [ 45%] [32mBuilding CXX object test/CMakeFiles/test_behaviors.dir/test_behaviors.cpp.o[0m
[168.252s] [ 50%] [32mBuilding CXX object CMakeFiles/nav2_assisted_teleop_behavior.dir/plugins/assisted_teleop.cpp.o[0m
[186.242s] [ 55%] [32m[1mLinking CXX executable test_behaviors[0m
[186.704s] [ 55%] Built target test_behaviors
[186.738s] [ 60%] [32mBuilding CXX object CMakeFiles/nav2_back_up_behavior.dir/plugins/back_up.cpp.o[0m
[186.739s] [ 65%] [32mBuilding CXX object CMakeFiles/behavior_server.dir/src/main.cpp.o[0m
[186.741s] [ 70%] [32mBuilding CXX object CMakeFiles/nav2_drive_on_heading_behavior.dir/plugins/drive_on_heading.cpp.o[0m
[192.459s] [ 75%] [32m[1mLinking CXX shared library libnav2_assisted_teleop_behavior.so[0m
[193.708s] [ 75%] Built target nav2_assisted_teleop_behavior
[193.884s] [ 80%] [32mBuilding CXX object CMakeFiles/nav2_wait_behavior.dir/plugins/wait.cpp.o[0m
[195.874s] [ 85%] [32m[1mLinking CXX executable behavior_server[0m
[196.887s] [ 85%] Built target behavior_server
[204.134s] [ 90%] [32m[1mLinking CXX shared library libnav2_back_up_behavior.so[0m
[204.749s] [ 90%] Built target nav2_back_up_behavior
[205.427s] [ 95%] [32m[1mLinking CXX shared library libnav2_drive_on_heading_behavior.so[0m
[205.966s] [ 95%] Built target nav2_drive_on_heading_behavior
[210.921s] [100%] [32m[1mLinking CXX shared library libnav2_wait_behavior.so[0m
[211.242s] [100%] Built target nav2_wait_behavior
[211.255s] Invoked command in '/home/lhl/nav2_ws/src/build/nav2_behaviors' returned '0': AMENT_PREFIX_PATH=/home/lhl/nav2_ws/src/install/nav2_core:/home/lhl/nav2_ws/src/install/nav2_costmap_2d:/home/lhl/nav2_ws/src/install/nav2_behavior_tree:/home/lhl/nav2_ws/src/install/nav2_util:/home/lhl/nav2_ws/src/install/nav2_voxel_grid:/home/lhl/nav2_ws/src/install/nav2_msgs:/home/lhl/nav2_ws/src/install/nav2_common:${AMENT_PREFIX_PATH} CMAKE_PREFIX_PATH=/home/lhl/nav2_ws/src/install/nav2_core:/home/lhl/nav2_ws/src/install/nav2_costmap_2d:/home/lhl/nav2_ws/src/install/nav2_behavior_tree:/home/lhl/nav2_ws/src/install/nav2_util:/home/lhl/nav2_ws/src/install/nav2_voxel_grid:/home/lhl/nav2_ws/src/install/nav2_msgs:/home/lhl/nav2_ws/src/install/nav2_common:/opt/ros/humble LD_LIBRARY_PATH=/home/lhl/nav2_ws/src/install/nav2_costmap_2d/lib:/home/lhl/nav2_ws/src/install/nav2_behavior_tree/lib:/home/lhl/nav2_ws/src/install/nav2_util/lib:/home/lhl/nav2_ws/src/install/nav2_voxel_grid/lib:/home/lhl/nav2_ws/src/install/nav2_msgs/lib:${LD_LIBRARY_PATH} PYTHONPATH=/home/lhl/nav2_ws/src/install/nav2_msgs/local/lib/python3.10/dist-packages:/home/lhl/nav2_ws/src/install/nav2_common/local/lib/python3.10/dist-packages:${PYTHONPATH} /usr/bin/cmake --build /home/lhl/nav2_ws/src/build/nav2_behaviors -- -j8 -l8
[211.301s] Invoking command in '/home/lhl/nav2_ws/src/build/nav2_behaviors': AMENT_PREFIX_PATH=/home/lhl/nav2_ws/src/install/nav2_core:/home/lhl/nav2_ws/src/install/nav2_costmap_2d:/home/lhl/nav2_ws/src/install/nav2_behavior_tree:/home/lhl/nav2_ws/src/install/nav2_util:/home/lhl/nav2_ws/src/install/nav2_voxel_grid:/home/lhl/nav2_ws/src/install/nav2_msgs:/home/lhl/nav2_ws/src/install/nav2_common:${AMENT_PREFIX_PATH} CMAKE_PREFIX_PATH=/home/lhl/nav2_ws/src/install/nav2_core:/home/lhl/nav2_ws/src/install/nav2_costmap_2d:/home/lhl/nav2_ws/src/install/nav2_behavior_tree:/home/lhl/nav2_ws/src/install/nav2_util:/home/lhl/nav2_ws/src/install/nav2_voxel_grid:/home/lhl/nav2_ws/src/install/nav2_msgs:/home/lhl/nav2_ws/src/install/nav2_common:/opt/ros/humble LD_LIBRARY_PATH=/home/lhl/nav2_ws/src/install/nav2_costmap_2d/lib:/home/lhl/nav2_ws/src/install/nav2_behavior_tree/lib:/home/lhl/nav2_ws/src/install/nav2_util/lib:/home/lhl/nav2_ws/src/install/nav2_voxel_grid/lib:/home/lhl/nav2_ws/src/install/nav2_msgs/lib:${LD_LIBRARY_PATH} PYTHONPATH=/home/lhl/nav2_ws/src/install/nav2_msgs/local/lib/python3.10/dist-packages:/home/lhl/nav2_ws/src/install/nav2_common/local/lib/python3.10/dist-packages:${PYTHONPATH} /usr/bin/cmake --install /home/lhl/nav2_ws/src/build/nav2_behaviors
[211.310s] -- Install configuration: "Release"
[211.310s] -- Installing: /home/lhl/nav2_ws/src/install/nav2_behaviors/share/nav2_behaviors/behavior_plugin.xml
[211.311s] -- Installing: /home/lhl/nav2_ws/src/install/nav2_behaviors/lib/libbehavior_server_core.so
[211.312s] -- Set runtime path of "/home/lhl/nav2_ws/src/install/nav2_behaviors/lib/libbehavior_server_core.so" to ""
[211.312s] -- Installing: /home/lhl/nav2_ws/src/install/nav2_behaviors/lib/libnav2_spin_behavior.so
[211.313s] -- Set runtime path of "/home/lhl/nav2_ws/src/install/nav2_behaviors/lib/libnav2_spin_behavior.so" to ""
[211.313s] -- Installing: /home/lhl/nav2_ws/src/install/nav2_behaviors/lib/libnav2_wait_behavior.so
[211.314s] -- Set runtime path of "/home/lhl/nav2_ws/src/install/nav2_behaviors/lib/libnav2_wait_behavior.so" to ""
[211.314s] -- Installing: /home/lhl/nav2_ws/src/install/nav2_behaviors/lib/libnav2_assisted_teleop_behavior.so
[211.317s] -- Set runtime path of "/home/lhl/nav2_ws/src/install/nav2_behaviors/lib/libnav2_assisted_teleop_behavior.so" to ""
[211.318s] -- Installing: /home/lhl/nav2_ws/src/install/nav2_behaviors/lib/libnav2_drive_on_heading_behavior.so
[211.319s] -- Set runtime path of "/home/lhl/nav2_ws/src/install/nav2_behaviors/lib/libnav2_drive_on_heading_behavior.so" to ""
[211.319s] -- Installing: /home/lhl/nav2_ws/src/install/nav2_behaviors/lib/libnav2_back_up_behavior.so
[211.320s] -- Set runtime path of "/home/lhl/nav2_ws/src/install/nav2_behaviors/lib/libnav2_back_up_behavior.so" to ""
[211.320s] -- Installing: /home/lhl/nav2_ws/src/install/nav2_behaviors/lib/nav2_behaviors/behavior_server
[211.321s] -- Set runtime path of "/home/lhl/nav2_ws/src/install/nav2_behaviors/lib/nav2_behaviors/behavior_server" to ""
[211.321s] -- Installing: /home/lhl/nav2_ws/src/install/nav2_behaviors/include/
[211.321s] -- Installing: /home/lhl/nav2_ws/src/install/nav2_behaviors/include//nav2_behaviors
[211.321s] -- Installing: /home/lhl/nav2_ws/src/install/nav2_behaviors/include//nav2_behaviors/behavior_server.hpp
[211.321s] -- Installing: /home/lhl/nav2_ws/src/install/nav2_behaviors/include//nav2_behaviors/timed_behavior.hpp
[211.322s] -- Up-to-date: /home/lhl/nav2_ws/src/install/nav2_behaviors/share/nav2_behaviors/behavior_plugin.xml
[211.322s] -- Installing: /home/lhl/nav2_ws/src/install/nav2_behaviors/share/nav2_behaviors/plugins/
[211.322s] -- Installing: /home/lhl/nav2_ws/src/install/nav2_behaviors/share/nav2_behaviors/plugins//assisted_teleop.hpp
[211.322s] -- Installing: /home/lhl/nav2_ws/src/install/nav2_behaviors/share/nav2_behaviors/plugins//drive_on_heading.hpp
[211.322s] -- Installing: /home/lhl/nav2_ws/src/install/nav2_behaviors/share/nav2_behaviors/plugins//back_up.hpp
[211.322s] -- Installing: /home/lhl/nav2_ws/src/install/nav2_behaviors/share/nav2_behaviors/plugins//spin.cpp
[211.322s] -- Installing: /home/lhl/nav2_ws/src/install/nav2_behaviors/share/nav2_behaviors/plugins//wait.cpp
[211.323s] -- Installing: /home/lhl/nav2_ws/src/install/nav2_behaviors/share/nav2_behaviors/plugins//spin.hpp
[211.323s] -- Installing: /home/lhl/nav2_ws/src/install/nav2_behaviors/share/nav2_behaviors/plugins//assisted_teleop.cpp
[211.323s] -- Installing: /home/lhl/nav2_ws/src/install/nav2_behaviors/share/nav2_behaviors/plugins//back_up.cpp
[211.323s] -- Installing: /home/lhl/nav2_ws/src/install/nav2_behaviors/share/nav2_behaviors/plugins//drive_on_heading.cpp
[211.323s] -- Installing: /home/lhl/nav2_ws/src/install/nav2_behaviors/share/nav2_behaviors/plugins//wait.hpp
[211.323s] -- Installing: /home/lhl/nav2_ws/src/install/nav2_behaviors/share/nav2_behaviors/environment/library_path.sh
[211.323s] -- Installing: /home/lhl/nav2_ws/src/install/nav2_behaviors/share/nav2_behaviors/environment/library_path.dsv
[211.323s] -- Installing: /home/lhl/nav2_ws/src/install/nav2_behaviors/share/ament_index/resource_index/package_run_dependencies/nav2_behaviors
[211.324s] -- Installing: /home/lhl/nav2_ws/src/install/nav2_behaviors/share/ament_index/resource_index/parent_prefix_path/nav2_behaviors
[211.324s] -- Installing: /home/lhl/nav2_ws/src/install/nav2_behaviors/share/nav2_behaviors/environment/ament_prefix_path.sh
[211.324s] -- Installing: /home/lhl/nav2_ws/src/install/nav2_behaviors/share/nav2_behaviors/environment/ament_prefix_path.dsv
[211.324s] -- Installing: /home/lhl/nav2_ws/src/install/nav2_behaviors/share/nav2_behaviors/environment/path.sh
[211.324s] -- Installing: /home/lhl/nav2_ws/src/install/nav2_behaviors/share/nav2_behaviors/environment/path.dsv
[211.324s] -- Installing: /home/lhl/nav2_ws/src/install/nav2_behaviors/share/nav2_behaviors/local_setup.bash
[211.325s] -- Installing: /home/lhl/nav2_ws/src/install/nav2_behaviors/share/nav2_behaviors/local_setup.sh
[211.325s] -- Installing: /home/lhl/nav2_ws/src/install/nav2_behaviors/share/nav2_behaviors/local_setup.zsh
[211.325s] -- Installing: /home/lhl/nav2_ws/src/install/nav2_behaviors/share/nav2_behaviors/local_setup.dsv
[211.325s] -- Installing: /home/lhl/nav2_ws/src/install/nav2_behaviors/share/nav2_behaviors/package.dsv
[211.325s] -- Installing: /home/lhl/nav2_ws/src/install/nav2_behaviors/share/ament_index/resource_index/packages/nav2_behaviors
[211.325s] -- Installing: /home/lhl/nav2_ws/src/install/nav2_behaviors/share/ament_index/resource_index/nav2_core__pluginlib__plugin/nav2_behaviors
[211.326s] -- Installing: /home/lhl/nav2_ws/src/install/nav2_behaviors/share/ament_index/resource_index/rclcpp_components/nav2_behaviors
[211.326s] -- Installing: /home/lhl/nav2_ws/src/install/nav2_behaviors/share/nav2_behaviors/cmake/ament_cmake_export_include_directories-extras.cmake
[211.326s] -- Installing: /home/lhl/nav2_ws/src/install/nav2_behaviors/share/nav2_behaviors/cmake/ament_cmake_export_libraries-extras.cmake
[211.326s] -- Installing: /home/lhl/nav2_ws/src/install/nav2_behaviors/share/nav2_behaviors/cmake/ament_cmake_export_dependencies-extras.cmake
[211.326s] -- Installing: /home/lhl/nav2_ws/src/install/nav2_behaviors/share/nav2_behaviors/cmake/nav2_behaviorsConfig.cmake
[211.326s] -- Installing: /home/lhl/nav2_ws/src/install/nav2_behaviors/share/nav2_behaviors/cmake/nav2_behaviorsConfig-version.cmake
[211.327s] -- Installing: /home/lhl/nav2_ws/src/install/nav2_behaviors/share/nav2_behaviors/package.xml
[211.331s] Invoked command in '/home/lhl/nav2_ws/src/build/nav2_behaviors' returned '0': AMENT_PREFIX_PATH=/home/lhl/nav2_ws/src/install/nav2_core:/home/lhl/nav2_ws/src/install/nav2_costmap_2d:/home/lhl/nav2_ws/src/install/nav2_behavior_tree:/home/lhl/nav2_ws/src/install/nav2_util:/home/lhl/nav2_ws/src/install/nav2_voxel_grid:/home/lhl/nav2_ws/src/install/nav2_msgs:/home/lhl/nav2_ws/src/install/nav2_common:${AMENT_PREFIX_PATH} CMAKE_PREFIX_PATH=/home/lhl/nav2_ws/src/install/nav2_core:/home/lhl/nav2_ws/src/install/nav2_costmap_2d:/home/lhl/nav2_ws/src/install/nav2_behavior_tree:/home/lhl/nav2_ws/src/install/nav2_util:/home/lhl/nav2_ws/src/install/nav2_voxel_grid:/home/lhl/nav2_ws/src/install/nav2_msgs:/home/lhl/nav2_ws/src/install/nav2_common:/opt/ros/humble LD_LIBRARY_PATH=/home/lhl/nav2_ws/src/install/nav2_costmap_2d/lib:/home/lhl/nav2_ws/src/install/nav2_behavior_tree/lib:/home/lhl/nav2_ws/src/install/nav2_util/lib:/home/lhl/nav2_ws/src/install/nav2_voxel_grid/lib:/home/lhl/nav2_ws/src/install/nav2_msgs/lib:${LD_LIBRARY_PATH} PYTHONPATH=/home/lhl/nav2_ws/src/install/nav2_msgs/local/lib/python3.10/dist-packages:/home/lhl/nav2_ws/src/install/nav2_common/local/lib/python3.10/dist-packages:${PYTHONPATH} /usr/bin/cmake --install /home/lhl/nav2_ws/src/build/nav2_behaviors
