[0.709s] DEBUG:colcon:Command line arguments: ['/usr/bin/colcon', 'build', '--packages-select', 'sam_bot_description/']
[0.709s] DEBUG:colcon:Parsed command line arguments: Namespace(log_base=None, log_level=None, verb_name='build', build_base='build', install_base='install', merge_install=False, symlink_install=False, test_result_base=None, continue_on_error=False, executor='parallel', parallel_workers=8, event_handlers=None, ignore_user_meta=False, metas=['./colcon.meta'], base_paths=['.'], packages_ignore=None, packages_ignore_regex=None, paths=None, packages_up_to=None, packages_up_to_regex=None, packages_above=None, packages_above_and_dependencies=None, packages_above_depth=None, packages_select_by_dep=None, packages_skip_by_dep=None, packages_skip_up_to=None, packages_select_build_failed=False, packages_skip_build_finished=False, packages_select_test_failures=False, packages_skip_test_passed=False, packages_select=['sam_bot_description/'], packages_skip=None, packages_select_regex=None, packages_skip_regex=None, packages_start=None, packages_end=None, allow_overriding=[], cmake_args=None, cmake_target=None, cmake_target_skip_unavailable=False, cmake_clean_cache=False, cmake_clean_first=False, cmake_force_configure=False, ament_cmake_args=None, catkin_cmake_args=None, catkin_skip_building_tests=False, verb_parser=<colcon_defaults.argument_parser.defaults.DefaultArgumentsDecorator object at 0x7f5a77ccb430>, verb_extension=<colcon_core.verb.build.BuildVerb object at 0x7f5a784dc4c0>, main=<bound method BuildVerb.main of <colcon_core.verb.build.BuildVerb object at 0x7f5a784dc4c0>>)
[0.938s] Level 1:colcon.colcon_core.package_discovery:discover_packages(colcon_meta) check parameters
[0.938s] Level 1:colcon.colcon_core.package_discovery:discover_packages(recursive) check parameters
[0.938s] Level 1:colcon.colcon_core.package_discovery:discover_packages(ignore) check parameters
[0.938s] Level 1:colcon.colcon_core.package_discovery:discover_packages(path) check parameters
[0.938s] Level 1:colcon.colcon_core.package_discovery:discover_packages(colcon_meta) discover
[0.938s] Level 1:colcon.colcon_core.package_discovery:discover_packages(recursive) discover
[0.938s] INFO:colcon.colcon_core.package_discovery:Crawling recursively for packages in '/home/lhl/nav2_ws/src'
[0.939s] Level 1:colcon.colcon_core.package_identification:_identify(.) by extensions ['ignore', 'ignore_ament_install']
[0.939s] Level 1:colcon.colcon_core.package_identification:_identify(.) by extension 'ignore'
[0.939s] Level 1:colcon.colcon_core.package_identification:_identify(.) by extension 'ignore_ament_install'
[0.939s] Level 1:colcon.colcon_core.package_identification:_identify(.) by extensions ['colcon_pkg']
[0.939s] Level 1:colcon.colcon_core.package_identification:_identify(.) by extension 'colcon_pkg'
[0.939s] Level 1:colcon.colcon_core.package_identification:_identify(.) by extensions ['colcon_meta']
[0.939s] Level 1:colcon.colcon_core.package_identification:_identify(.) by extension 'colcon_meta'
[0.939s] Level 1:colcon.colcon_core.package_identification:_identify(.) by extensions ['ros']
[0.939s] Level 1:colcon.colcon_core.package_identification:_identify(.) by extension 'ros'
[0.988s] Level 1:colcon.colcon_core.package_identification:_identify(.) by extensions ['cmake', 'python']
[0.988s] Level 1:colcon.colcon_core.package_identification:_identify(.) by extension 'cmake'
[0.988s] Level 1:colcon.colcon_core.package_identification:_identify(.) by extension 'python'
[0.988s] Level 1:colcon.colcon_core.package_identification:_identify(.) by extensions ['python_setup_py']
[0.988s] Level 1:colcon.colcon_core.package_identification:_identify(.) by extension 'python_setup_py'
[0.988s] Level 1:colcon.colcon_core.package_identification:_identify(build) by extensions ['ignore', 'ignore_ament_install']
[0.989s] Level 1:colcon.colcon_core.package_identification:_identify(build) by extension 'ignore'
[0.989s] Level 1:colcon.colcon_core.package_identification:_identify(build) ignored
[0.989s] Level 1:colcon.colcon_core.package_identification:_identify(install) by extensions ['ignore', 'ignore_ament_install']
[0.989s] Level 1:colcon.colcon_core.package_identification:_identify(install) by extension 'ignore'
[0.989s] Level 1:colcon.colcon_core.package_identification:_identify(install) ignored
[0.989s] Level 1:colcon.colcon_core.package_identification:_identify(log) by extensions ['ignore', 'ignore_ament_install']
[0.989s] Level 1:colcon.colcon_core.package_identification:_identify(log) by extension 'ignore'
[0.989s] Level 1:colcon.colcon_core.package_identification:_identify(log) ignored
[0.989s] Level 1:colcon.colcon_core.package_identification:_identify(navigation2) by extensions ['ignore', 'ignore_ament_install']
[0.989s] Level 1:colcon.colcon_core.package_identification:_identify(navigation2) by extension 'ignore'
[0.989s] Level 1:colcon.colcon_core.package_identification:_identify(navigation2) by extension 'ignore_ament_install'
[0.990s] Level 1:colcon.colcon_core.package_identification:_identify(navigation2) by extensions ['colcon_pkg']
[0.990s] Level 1:colcon.colcon_core.package_identification:_identify(navigation2) by extension 'colcon_pkg'
[0.990s] Level 1:colcon.colcon_core.package_identification:_identify(navigation2) by extensions ['colcon_meta']
[0.990s] Level 1:colcon.colcon_core.package_identification:_identify(navigation2) by extension 'colcon_meta'
[0.990s] Level 1:colcon.colcon_core.package_identification:_identify(navigation2) by extensions ['ros']
[0.990s] Level 1:colcon.colcon_core.package_identification:_identify(navigation2) by extension 'ros'
[0.990s] Level 1:colcon.colcon_core.package_identification:_identify(navigation2) by extensions ['cmake', 'python']
[0.990s] Level 1:colcon.colcon_core.package_identification:_identify(navigation2) by extension 'cmake'
[0.990s] Level 1:colcon.colcon_core.package_identification:_identify(navigation2) by extension 'python'
[0.990s] Level 1:colcon.colcon_core.package_identification:_identify(navigation2) by extensions ['python_setup_py']
[0.990s] Level 1:colcon.colcon_core.package_identification:_identify(navigation2) by extension 'python_setup_py'
[0.990s] Level 1:colcon.colcon_core.package_identification:_identify(navigation2/doc) by extensions ['ignore', 'ignore_ament_install']
[0.990s] Level 1:colcon.colcon_core.package_identification:_identify(navigation2/doc) by extension 'ignore'
[0.990s] Level 1:colcon.colcon_core.package_identification:_identify(navigation2/doc) by extension 'ignore_ament_install'
[0.990s] Level 1:colcon.colcon_core.package_identification:_identify(navigation2/doc) by extensions ['colcon_pkg']
[0.990s] Level 1:colcon.colcon_core.package_identification:_identify(navigation2/doc) by extension 'colcon_pkg'
[0.990s] Level 1:colcon.colcon_core.package_identification:_identify(navigation2/doc) by extensions ['colcon_meta']
[0.990s] Level 1:colcon.colcon_core.package_identification:_identify(navigation2/doc) by extension 'colcon_meta'
[0.990s] Level 1:colcon.colcon_core.package_identification:_identify(navigation2/doc) by extensions ['ros']
[0.990s] Level 1:colcon.colcon_core.package_identification:_identify(navigation2/doc) by extension 'ros'
[0.991s] Level 1:colcon.colcon_core.package_identification:_identify(navigation2/doc) by extensions ['cmake', 'python']
[0.991s] Level 1:colcon.colcon_core.package_identification:_identify(navigation2/doc) by extension 'cmake'
[0.991s] Level 1:colcon.colcon_core.package_identification:_identify(navigation2/doc) by extension 'python'
[0.991s] Level 1:colcon.colcon_core.package_identification:_identify(navigation2/doc) by extensions ['python_setup_py']
[0.991s] Level 1:colcon.colcon_core.package_identification:_identify(navigation2/doc) by extension 'python_setup_py'
[0.991s] Level 1:colcon.colcon_core.package_identification:_identify(navigation2/doc/architecture) by extensions ['ignore', 'ignore_ament_install']
[0.991s] Level 1:colcon.colcon_core.package_identification:_identify(navigation2/doc/architecture) by extension 'ignore'
[0.991s] Level 1:colcon.colcon_core.package_identification:_identify(navigation2/doc/architecture) by extension 'ignore_ament_install'
[0.991s] Level 1:colcon.colcon_core.package_identification:_identify(navigation2/doc/architecture) by extensions ['colcon_pkg']
[0.991s] Level 1:colcon.colcon_core.package_identification:_identify(navigation2/doc/architecture) by extension 'colcon_pkg'
[0.991s] Level 1:colcon.colcon_core.package_identification:_identify(navigation2/doc/architecture) by extensions ['colcon_meta']
[0.991s] Level 1:colcon.colcon_core.package_identification:_identify(navigation2/doc/architecture) by extension 'colcon_meta'
[0.991s] Level 1:colcon.colcon_core.package_identification:_identify(navigation2/doc/architecture) by extensions ['ros']
[0.991s] Level 1:colcon.colcon_core.package_identification:_identify(navigation2/doc/architecture) by extension 'ros'
[0.991s] Level 1:colcon.colcon_core.package_identification:_identify(navigation2/doc/architecture) by extensions ['cmake', 'python']
[0.991s] Level 1:colcon.colcon_core.package_identification:_identify(navigation2/doc/architecture) by extension 'cmake'
[0.991s] Level 1:colcon.colcon_core.package_identification:_identify(navigation2/doc/architecture) by extension 'python'
[0.991s] Level 1:colcon.colcon_core.package_identification:_identify(navigation2/doc/architecture) by extensions ['python_setup_py']
[0.992s] Level 1:colcon.colcon_core.package_identification:_identify(navigation2/doc/architecture) by extension 'python_setup_py'
[0.992s] Level 1:colcon.colcon_core.package_identification:_identify(navigation2/doc/design) by extensions ['ignore', 'ignore_ament_install']
[0.992s] Level 1:colcon.colcon_core.package_identification:_identify(navigation2/doc/design) by extension 'ignore'
[0.992s] Level 1:colcon.colcon_core.package_identification:_identify(navigation2/doc/design) by extension 'ignore_ament_install'
[0.992s] Level 1:colcon.colcon_core.package_identification:_identify(navigation2/doc/design) by extensions ['colcon_pkg']
[0.992s] Level 1:colcon.colcon_core.package_identification:_identify(navigation2/doc/design) by extension 'colcon_pkg'
[0.992s] Level 1:colcon.colcon_core.package_identification:_identify(navigation2/doc/design) by extensions ['colcon_meta']
[0.992s] Level 1:colcon.colcon_core.package_identification:_identify(navigation2/doc/design) by extension 'colcon_meta'
[0.992s] Level 1:colcon.colcon_core.package_identification:_identify(navigation2/doc/design) by extensions ['ros']
[0.992s] Level 1:colcon.colcon_core.package_identification:_identify(navigation2/doc/design) by extension 'ros'
[0.992s] Level 1:colcon.colcon_core.package_identification:_identify(navigation2/doc/design) by extensions ['cmake', 'python']
[0.992s] Level 1:colcon.colcon_core.package_identification:_identify(navigation2/doc/design) by extension 'cmake'
[0.992s] Level 1:colcon.colcon_core.package_identification:_identify(navigation2/doc/design) by extension 'python'
[0.992s] Level 1:colcon.colcon_core.package_identification:_identify(navigation2/doc/design) by extensions ['python_setup_py']
[0.992s] Level 1:colcon.colcon_core.package_identification:_identify(navigation2/doc/design) by extension 'python_setup_py'
[0.992s] Level 1:colcon.colcon_core.package_identification:_identify(navigation2/doc/process) by extensions ['ignore', 'ignore_ament_install']
[0.992s] Level 1:colcon.colcon_core.package_identification:_identify(navigation2/doc/process) by extension 'ignore'
[0.993s] Level 1:colcon.colcon_core.package_identification:_identify(navigation2/doc/process) by extension 'ignore_ament_install'
[0.993s] Level 1:colcon.colcon_core.package_identification:_identify(navigation2/doc/process) by extensions ['colcon_pkg']
[0.993s] Level 1:colcon.colcon_core.package_identification:_identify(navigation2/doc/process) by extension 'colcon_pkg'
[0.993s] Level 1:colcon.colcon_core.package_identification:_identify(navigation2/doc/process) by extensions ['colcon_meta']
[0.993s] Level 1:colcon.colcon_core.package_identification:_identify(navigation2/doc/process) by extension 'colcon_meta'
[0.993s] Level 1:colcon.colcon_core.package_identification:_identify(navigation2/doc/process) by extensions ['ros']
[0.993s] Level 1:colcon.colcon_core.package_identification:_identify(navigation2/doc/process) by extension 'ros'
[0.993s] Level 1:colcon.colcon_core.package_identification:_identify(navigation2/doc/process) by extensions ['cmake', 'python']
[0.993s] Level 1:colcon.colcon_core.package_identification:_identify(navigation2/doc/process) by extension 'cmake'
[0.993s] Level 1:colcon.colcon_core.package_identification:_identify(navigation2/doc/process) by extension 'python'
[0.993s] Level 1:colcon.colcon_core.package_identification:_identify(navigation2/doc/process) by extensions ['python_setup_py']
[0.993s] Level 1:colcon.colcon_core.package_identification:_identify(navigation2/doc/process) by extension 'python_setup_py'
[0.993s] Level 1:colcon.colcon_core.package_identification:_identify(navigation2/doc/requirements) by extensions ['ignore', 'ignore_ament_install']
[0.993s] Level 1:colcon.colcon_core.package_identification:_identify(navigation2/doc/requirements) by extension 'ignore'
[0.993s] Level 1:colcon.colcon_core.package_identification:_identify(navigation2/doc/requirements) by extension 'ignore_ament_install'
[0.993s] Level 1:colcon.colcon_core.package_identification:_identify(navigation2/doc/requirements) by extensions ['colcon_pkg']
[0.993s] Level 1:colcon.colcon_core.package_identification:_identify(navigation2/doc/requirements) by extension 'colcon_pkg'
[0.993s] Level 1:colcon.colcon_core.package_identification:_identify(navigation2/doc/requirements) by extensions ['colcon_meta']
[0.993s] Level 1:colcon.colcon_core.package_identification:_identify(navigation2/doc/requirements) by extension 'colcon_meta'
[0.994s] Level 1:colcon.colcon_core.package_identification:_identify(navigation2/doc/requirements) by extensions ['ros']
[0.994s] Level 1:colcon.colcon_core.package_identification:_identify(navigation2/doc/requirements) by extension 'ros'
[0.994s] Level 1:colcon.colcon_core.package_identification:_identify(navigation2/doc/requirements) by extensions ['cmake', 'python']
[0.994s] Level 1:colcon.colcon_core.package_identification:_identify(navigation2/doc/requirements) by extension 'cmake'
[0.994s] Level 1:colcon.colcon_core.package_identification:_identify(navigation2/doc/requirements) by extension 'python'
[0.994s] Level 1:colcon.colcon_core.package_identification:_identify(navigation2/doc/requirements) by extensions ['python_setup_py']
[0.994s] Level 1:colcon.colcon_core.package_identification:_identify(navigation2/doc/requirements) by extension 'python_setup_py'
[0.994s] Level 1:colcon.colcon_core.package_identification:_identify(navigation2/doc/requirements/images) by extensions ['ignore', 'ignore_ament_install']
[0.994s] Level 1:colcon.colcon_core.package_identification:_identify(navigation2/doc/requirements/images) by extension 'ignore'
[0.994s] Level 1:colcon.colcon_core.package_identification:_identify(navigation2/doc/requirements/images) by extension 'ignore_ament_install'
[0.994s] Level 1:colcon.colcon_core.package_identification:_identify(navigation2/doc/requirements/images) by extensions ['colcon_pkg']
[0.994s] Level 1:colcon.colcon_core.package_identification:_identify(navigation2/doc/requirements/images) by extension 'colcon_pkg'
[0.994s] Level 1:colcon.colcon_core.package_identification:_identify(navigation2/doc/requirements/images) by extensions ['colcon_meta']
[0.994s] Level 1:colcon.colcon_core.package_identification:_identify(navigation2/doc/requirements/images) by extension 'colcon_meta'
[0.994s] Level 1:colcon.colcon_core.package_identification:_identify(navigation2/doc/requirements/images) by extensions ['ros']
[0.994s] Level 1:colcon.colcon_core.package_identification:_identify(navigation2/doc/requirements/images) by extension 'ros'
[0.994s] Level 1:colcon.colcon_core.package_identification:_identify(navigation2/doc/requirements/images) by extensions ['cmake', 'python']
[0.994s] Level 1:colcon.colcon_core.package_identification:_identify(navigation2/doc/requirements/images) by extension 'cmake'
[0.995s] Level 1:colcon.colcon_core.package_identification:_identify(navigation2/doc/requirements/images) by extension 'python'
[0.995s] Level 1:colcon.colcon_core.package_identification:_identify(navigation2/doc/requirements/images) by extensions ['python_setup_py']
[0.995s] Level 1:colcon.colcon_core.package_identification:_identify(navigation2/doc/requirements/images) by extension 'python_setup_py'
[0.995s] Level 1:colcon.colcon_core.package_identification:_identify(navigation2/doc/use_cases) by extensions ['ignore', 'ignore_ament_install']
[0.995s] Level 1:colcon.colcon_core.package_identification:_identify(navigation2/doc/use_cases) by extension 'ignore'
[0.995s] Level 1:colcon.colcon_core.package_identification:_identify(navigation2/doc/use_cases) by extension 'ignore_ament_install'
[0.995s] Level 1:colcon.colcon_core.package_identification:_identify(navigation2/doc/use_cases) by extensions ['colcon_pkg']
[0.995s] Level 1:colcon.colcon_core.package_identification:_identify(navigation2/doc/use_cases) by extension 'colcon_pkg'
[0.995s] Level 1:colcon.colcon_core.package_identification:_identify(navigation2/doc/use_cases) by extensions ['colcon_meta']
[0.995s] Level 1:colcon.colcon_core.package_identification:_identify(navigation2/doc/use_cases) by extension 'colcon_meta'
[0.995s] Level 1:colcon.colcon_core.package_identification:_identify(navigation2/doc/use_cases) by extensions ['ros']
[0.995s] Level 1:colcon.colcon_core.package_identification:_identify(navigation2/doc/use_cases) by extension 'ros'
[0.995s] Level 1:colcon.colcon_core.package_identification:_identify(navigation2/doc/use_cases) by extensions ['cmake', 'python']
[0.995s] Level 1:colcon.colcon_core.package_identification:_identify(navigation2/doc/use_cases) by extension 'cmake'
[0.995s] Level 1:colcon.colcon_core.package_identification:_identify(navigation2/doc/use_cases) by extension 'python'
[0.995s] Level 1:colcon.colcon_core.package_identification:_identify(navigation2/doc/use_cases) by extensions ['python_setup_py']
[0.995s] Level 1:colcon.colcon_core.package_identification:_identify(navigation2/doc/use_cases) by extension 'python_setup_py'
[0.995s] Level 1:colcon.colcon_core.package_identification:_identify(navigation2/nav2_amcl) by extensions ['ignore', 'ignore_ament_install']
[0.995s] Level 1:colcon.colcon_core.package_identification:_identify(navigation2/nav2_amcl) by extension 'ignore'
[0.996s] Level 1:colcon.colcon_core.package_identification:_identify(navigation2/nav2_amcl) by extension 'ignore_ament_install'
[0.996s] Level 1:colcon.colcon_core.package_identification:_identify(navigation2/nav2_amcl) by extensions ['colcon_pkg']
[0.996s] Level 1:colcon.colcon_core.package_identification:_identify(navigation2/nav2_amcl) by extension 'colcon_pkg'
[0.996s] Level 1:colcon.colcon_core.package_identification:_identify(navigation2/nav2_amcl) by extensions ['colcon_meta']
[0.996s] Level 1:colcon.colcon_core.package_identification:_identify(navigation2/nav2_amcl) by extension 'colcon_meta'
[0.996s] Level 1:colcon.colcon_core.package_identification:_identify(navigation2/nav2_amcl) by extensions ['ros']
[0.996s] Level 1:colcon.colcon_core.package_identification:_identify(navigation2/nav2_amcl) by extension 'ros'
[1.043s] DEBUG:colcon.colcon_core.package_identification:Package 'navigation2/nav2_amcl' with type 'ros.ament_cmake' and name 'nav2_amcl'
[1.043s] Level 1:colcon.colcon_core.package_identification:_identify(navigation2/nav2_behavior_tree) by extensions ['ignore', 'ignore_ament_install']
[1.043s] Level 1:colcon.colcon_core.package_identification:_identify(navigation2/nav2_behavior_tree) by extension 'ignore'
[1.043s] Level 1:colcon.colcon_core.package_identification:_identify(navigation2/nav2_behavior_tree) by extension 'ignore_ament_install'
[1.043s] Level 1:colcon.colcon_core.package_identification:_identify(navigation2/nav2_behavior_tree) by extensions ['colcon_pkg']
[1.043s] Level 1:colcon.colcon_core.package_identification:_identify(navigation2/nav2_behavior_tree) by extension 'colcon_pkg'
[1.043s] Level 1:colcon.colcon_core.package_identification:_identify(navigation2/nav2_behavior_tree) by extensions ['colcon_meta']
[1.043s] Level 1:colcon.colcon_core.package_identification:_identify(navigation2/nav2_behavior_tree) by extension 'colcon_meta'
[1.043s] Level 1:colcon.colcon_core.package_identification:_identify(navigation2/nav2_behavior_tree) by extensions ['ros']
[1.043s] Level 1:colcon.colcon_core.package_identification:_identify(navigation2/nav2_behavior_tree) by extension 'ros'
[1.057s] DEBUG:colcon.colcon_core.package_identification:Package 'navigation2/nav2_behavior_tree' with type 'ros.ament_cmake' and name 'nav2_behavior_tree'
[1.057s] Level 1:colcon.colcon_core.package_identification:_identify(navigation2/nav2_behaviors) by extensions ['ignore', 'ignore_ament_install']
[1.057s] Level 1:colcon.colcon_core.package_identification:_identify(navigation2/nav2_behaviors) by extension 'ignore'
[1.057s] Level 1:colcon.colcon_core.package_identification:_identify(navigation2/nav2_behaviors) by extension 'ignore_ament_install'
[1.057s] Level 1:colcon.colcon_core.package_identification:_identify(navigation2/nav2_behaviors) by extensions ['colcon_pkg']
[1.057s] Level 1:colcon.colcon_core.package_identification:_identify(navigation2/nav2_behaviors) by extension 'colcon_pkg'
[1.057s] Level 1:colcon.colcon_core.package_identification:_identify(navigation2/nav2_behaviors) by extensions ['colcon_meta']
[1.057s] Level 1:colcon.colcon_core.package_identification:_identify(navigation2/nav2_behaviors) by extension 'colcon_meta'
[1.057s] Level 1:colcon.colcon_core.package_identification:_identify(navigation2/nav2_behaviors) by extensions ['ros']
[1.057s] Level 1:colcon.colcon_core.package_identification:_identify(navigation2/nav2_behaviors) by extension 'ros'
[1.076s] DEBUG:colcon.colcon_core.package_identification:Package 'navigation2/nav2_behaviors' with type 'ros.ament_cmake' and name 'nav2_behaviors'
[1.076s] Level 1:colcon.colcon_core.package_identification:_identify(navigation2/nav2_bringup) by extensions ['ignore', 'ignore_ament_install']
[1.076s] Level 1:colcon.colcon_core.package_identification:_identify(navigation2/nav2_bringup) by extension 'ignore'
[1.077s] Level 1:colcon.colcon_core.package_identification:_identify(navigation2/nav2_bringup) by extension 'ignore_ament_install'
[1.077s] Level 1:colcon.colcon_core.package_identification:_identify(navigation2/nav2_bringup) by extensions ['colcon_pkg']
[1.077s] Level 1:colcon.colcon_core.package_identification:_identify(navigation2/nav2_bringup) by extension 'colcon_pkg'
[1.077s] Level 1:colcon.colcon_core.package_identification:_identify(navigation2/nav2_bringup) by extensions ['colcon_meta']
[1.077s] Level 1:colcon.colcon_core.package_identification:_identify(navigation2/nav2_bringup) by extension 'colcon_meta'
[1.077s] Level 1:colcon.colcon_core.package_identification:_identify(navigation2/nav2_bringup) by extensions ['ros']
[1.077s] Level 1:colcon.colcon_core.package_identification:_identify(navigation2/nav2_bringup) by extension 'ros'
[1.079s] DEBUG:colcon.colcon_core.package_identification:Package 'navigation2/nav2_bringup' with type 'ros.ament_cmake' and name 'nav2_bringup'
[1.079s] Level 1:colcon.colcon_core.package_identification:_identify(navigation2/nav2_bt_navigator) by extensions ['ignore', 'ignore_ament_install']
[1.079s] Level 1:colcon.colcon_core.package_identification:_identify(navigation2/nav2_bt_navigator) by extension 'ignore'
[1.080s] Level 1:colcon.colcon_core.package_identification:_identify(navigation2/nav2_bt_navigator) by extension 'ignore_ament_install'
[1.080s] Level 1:colcon.colcon_core.package_identification:_identify(navigation2/nav2_bt_navigator) by extensions ['colcon_pkg']
[1.080s] Level 1:colcon.colcon_core.package_identification:_identify(navigation2/nav2_bt_navigator) by extension 'colcon_pkg'
[1.080s] Level 1:colcon.colcon_core.package_identification:_identify(navigation2/nav2_bt_navigator) by extensions ['colcon_meta']
[1.080s] Level 1:colcon.colcon_core.package_identification:_identify(navigation2/nav2_bt_navigator) by extension 'colcon_meta'
[1.080s] Level 1:colcon.colcon_core.package_identification:_identify(navigation2/nav2_bt_navigator) by extensions ['ros']
[1.080s] Level 1:colcon.colcon_core.package_identification:_identify(navigation2/nav2_bt_navigator) by extension 'ros'
[1.084s] DEBUG:colcon.colcon_core.package_identification:Package 'navigation2/nav2_bt_navigator' with type 'ros.ament_cmake' and name 'nav2_bt_navigator'
[1.084s] Level 1:colcon.colcon_core.package_identification:_identify(navigation2/nav2_collision_monitor) by extensions ['ignore', 'ignore_ament_install']
[1.085s] Level 1:colcon.colcon_core.package_identification:_identify(navigation2/nav2_collision_monitor) by extension 'ignore'
[1.085s] Level 1:colcon.colcon_core.package_identification:_identify(navigation2/nav2_collision_monitor) by extension 'ignore_ament_install'
[1.085s] Level 1:colcon.colcon_core.package_identification:_identify(navigation2/nav2_collision_monitor) by extensions ['colcon_pkg']
[1.085s] Level 1:colcon.colcon_core.package_identification:_identify(navigation2/nav2_collision_monitor) by extension 'colcon_pkg'
[1.085s] Level 1:colcon.colcon_core.package_identification:_identify(navigation2/nav2_collision_monitor) by extensions ['colcon_meta']
[1.085s] Level 1:colcon.colcon_core.package_identification:_identify(navigation2/nav2_collision_monitor) by extension 'colcon_meta'
[1.085s] Level 1:colcon.colcon_core.package_identification:_identify(navigation2/nav2_collision_monitor) by extensions ['ros']
[1.085s] Level 1:colcon.colcon_core.package_identification:_identify(navigation2/nav2_collision_monitor) by extension 'ros'
[1.088s] DEBUG:colcon.colcon_core.package_identification:Package 'navigation2/nav2_collision_monitor' with type 'ros.ament_cmake' and name 'nav2_collision_monitor'
[1.088s] Level 1:colcon.colcon_core.package_identification:_identify(navigation2/nav2_common) by extensions ['ignore', 'ignore_ament_install']
[1.089s] Level 1:colcon.colcon_core.package_identification:_identify(navigation2/nav2_common) by extension 'ignore'
[1.089s] Level 1:colcon.colcon_core.package_identification:_identify(navigation2/nav2_common) by extension 'ignore_ament_install'
[1.089s] Level 1:colcon.colcon_core.package_identification:_identify(navigation2/nav2_common) by extensions ['colcon_pkg']
[1.089s] Level 1:colcon.colcon_core.package_identification:_identify(navigation2/nav2_common) by extension 'colcon_pkg'
[1.089s] Level 1:colcon.colcon_core.package_identification:_identify(navigation2/nav2_common) by extensions ['colcon_meta']
[1.089s] Level 1:colcon.colcon_core.package_identification:_identify(navigation2/nav2_common) by extension 'colcon_meta'
[1.089s] Level 1:colcon.colcon_core.package_identification:_identify(navigation2/nav2_common) by extensions ['ros']
[1.089s] Level 1:colcon.colcon_core.package_identification:_identify(navigation2/nav2_common) by extension 'ros'
[1.091s] DEBUG:colcon.colcon_core.package_identification:Package 'navigation2/nav2_common' with type 'ros.ament_cmake' and name 'nav2_common'
[1.092s] Level 1:colcon.colcon_core.package_identification:_identify(navigation2/nav2_constrained_smoother) by extensions ['ignore', 'ignore_ament_install']
[1.092s] Level 1:colcon.colcon_core.package_identification:_identify(navigation2/nav2_constrained_smoother) by extension 'ignore'
[1.092s] Level 1:colcon.colcon_core.package_identification:_identify(navigation2/nav2_constrained_smoother) by extension 'ignore_ament_install'
[1.092s] Level 1:colcon.colcon_core.package_identification:_identify(navigation2/nav2_constrained_smoother) by extensions ['colcon_pkg']
[1.092s] Level 1:colcon.colcon_core.package_identification:_identify(navigation2/nav2_constrained_smoother) by extension 'colcon_pkg'
[1.092s] Level 1:colcon.colcon_core.package_identification:_identify(navigation2/nav2_constrained_smoother) by extensions ['colcon_meta']
[1.092s] Level 1:colcon.colcon_core.package_identification:_identify(navigation2/nav2_constrained_smoother) by extension 'colcon_meta'
[1.092s] Level 1:colcon.colcon_core.package_identification:_identify(navigation2/nav2_constrained_smoother) by extensions ['ros']
[1.093s] Level 1:colcon.colcon_core.package_identification:_identify(navigation2/nav2_constrained_smoother) by extension 'ros'
[1.097s] DEBUG:colcon.colcon_core.package_identification:Package 'navigation2/nav2_constrained_smoother' with type 'ros.ament_cmake' and name 'nav2_constrained_smoother'
[1.097s] Level 1:colcon.colcon_core.package_identification:_identify(navigation2/nav2_controller) by extensions ['ignore', 'ignore_ament_install']
[1.097s] Level 1:colcon.colcon_core.package_identification:_identify(navigation2/nav2_controller) by extension 'ignore'
[1.098s] Level 1:colcon.colcon_core.package_identification:_identify(navigation2/nav2_controller) by extension 'ignore_ament_install'
[1.098s] Level 1:colcon.colcon_core.package_identification:_identify(navigation2/nav2_controller) by extensions ['colcon_pkg']
[1.098s] Level 1:colcon.colcon_core.package_identification:_identify(navigation2/nav2_controller) by extension 'colcon_pkg'
[1.098s] Level 1:colcon.colcon_core.package_identification:_identify(navigation2/nav2_controller) by extensions ['colcon_meta']
[1.098s] Level 1:colcon.colcon_core.package_identification:_identify(navigation2/nav2_controller) by extension 'colcon_meta'
[1.098s] Level 1:colcon.colcon_core.package_identification:_identify(navigation2/nav2_controller) by extensions ['ros']
[1.098s] Level 1:colcon.colcon_core.package_identification:_identify(navigation2/nav2_controller) by extension 'ros'
[1.103s] DEBUG:colcon.colcon_core.package_identification:Package 'navigation2/nav2_controller' with type 'ros.ament_cmake' and name 'nav2_controller'
[1.103s] Level 1:colcon.colcon_core.package_identification:_identify(navigation2/nav2_core) by extensions ['ignore', 'ignore_ament_install']
[1.103s] Level 1:colcon.colcon_core.package_identification:_identify(navigation2/nav2_core) by extension 'ignore'
[1.103s] Level 1:colcon.colcon_core.package_identification:_identify(navigation2/nav2_core) by extension 'ignore_ament_install'
[1.103s] Level 1:colcon.colcon_core.package_identification:_identify(navigation2/nav2_core) by extensions ['colcon_pkg']
[1.103s] Level 1:colcon.colcon_core.package_identification:_identify(navigation2/nav2_core) by extension 'colcon_pkg'
[1.104s] Level 1:colcon.colcon_core.package_identification:_identify(navigation2/nav2_core) by extensions ['colcon_meta']
[1.104s] Level 1:colcon.colcon_core.package_identification:_identify(navigation2/nav2_core) by extension 'colcon_meta'
[1.104s] Level 1:colcon.colcon_core.package_identification:_identify(navigation2/nav2_core) by extensions ['ros']
[1.104s] Level 1:colcon.colcon_core.package_identification:_identify(navigation2/nav2_core) by extension 'ros'
[1.107s] DEBUG:colcon.colcon_core.package_identification:Package 'navigation2/nav2_core' with type 'ros.ament_cmake' and name 'nav2_core'
[1.107s] Level 1:colcon.colcon_core.package_identification:_identify(navigation2/nav2_costmap_2d) by extensions ['ignore', 'ignore_ament_install']
[1.107s] Level 1:colcon.colcon_core.package_identification:_identify(navigation2/nav2_costmap_2d) by extension 'ignore'
[1.107s] Level 1:colcon.colcon_core.package_identification:_identify(navigation2/nav2_costmap_2d) by extension 'ignore_ament_install'
[1.107s] Level 1:colcon.colcon_core.package_identification:_identify(navigation2/nav2_costmap_2d) by extensions ['colcon_pkg']
[1.107s] Level 1:colcon.colcon_core.package_identification:_identify(navigation2/nav2_costmap_2d) by extension 'colcon_pkg'
[1.108s] Level 1:colcon.colcon_core.package_identification:_identify(navigation2/nav2_costmap_2d) by extensions ['colcon_meta']
[1.108s] Level 1:colcon.colcon_core.package_identification:_identify(navigation2/nav2_costmap_2d) by extension 'colcon_meta'
[1.108s] Level 1:colcon.colcon_core.package_identification:_identify(navigation2/nav2_costmap_2d) by extensions ['ros']
[1.108s] Level 1:colcon.colcon_core.package_identification:_identify(navigation2/nav2_costmap_2d) by extension 'ros'
[1.113s] DEBUG:colcon.colcon_core.package_identification:Package 'navigation2/nav2_costmap_2d' with type 'ros.ament_cmake' and name 'nav2_costmap_2d'
[1.113s] Level 1:colcon.colcon_core.package_identification:_identify(navigation2/nav2_dwb_controller) by extensions ['ignore', 'ignore_ament_install']
[1.114s] Level 1:colcon.colcon_core.package_identification:_identify(navigation2/nav2_dwb_controller) by extension 'ignore'
[1.114s] Level 1:colcon.colcon_core.package_identification:_identify(navigation2/nav2_dwb_controller) by extension 'ignore_ament_install'
[1.114s] Level 1:colcon.colcon_core.package_identification:_identify(navigation2/nav2_dwb_controller) by extensions ['colcon_pkg']
[1.114s] Level 1:colcon.colcon_core.package_identification:_identify(navigation2/nav2_dwb_controller) by extension 'colcon_pkg'
[1.114s] Level 1:colcon.colcon_core.package_identification:_identify(navigation2/nav2_dwb_controller) by extensions ['colcon_meta']
[1.114s] Level 1:colcon.colcon_core.package_identification:_identify(navigation2/nav2_dwb_controller) by extension 'colcon_meta'
[1.114s] Level 1:colcon.colcon_core.package_identification:_identify(navigation2/nav2_dwb_controller) by extensions ['ros']
[1.114s] Level 1:colcon.colcon_core.package_identification:_identify(navigation2/nav2_dwb_controller) by extension 'ros'
[1.114s] Level 1:colcon.colcon_core.package_identification:_identify(navigation2/nav2_dwb_controller) by extensions ['cmake', 'python']
[1.115s] Level 1:colcon.colcon_core.package_identification:_identify(navigation2/nav2_dwb_controller) by extension 'cmake'
[1.115s] Level 1:colcon.colcon_core.package_identification:_identify(navigation2/nav2_dwb_controller) by extension 'python'
[1.115s] Level 1:colcon.colcon_core.package_identification:_identify(navigation2/nav2_dwb_controller) by extensions ['python_setup_py']
[1.115s] Level 1:colcon.colcon_core.package_identification:_identify(navigation2/nav2_dwb_controller) by extension 'python_setup_py'
[1.115s] Level 1:colcon.colcon_core.package_identification:_identify(navigation2/nav2_dwb_controller/costmap_queue) by extensions ['ignore', 'ignore_ament_install']
[1.115s] Level 1:colcon.colcon_core.package_identification:_identify(navigation2/nav2_dwb_controller/costmap_queue) by extension 'ignore'
[1.115s] Level 1:colcon.colcon_core.package_identification:_identify(navigation2/nav2_dwb_controller/costmap_queue) by extension 'ignore_ament_install'
[1.115s] Level 1:colcon.colcon_core.package_identification:_identify(navigation2/nav2_dwb_controller/costmap_queue) by extensions ['colcon_pkg']
[1.116s] Level 1:colcon.colcon_core.package_identification:_identify(navigation2/nav2_dwb_controller/costmap_queue) by extension 'colcon_pkg'
[1.116s] Level 1:colcon.colcon_core.package_identification:_identify(navigation2/nav2_dwb_controller/costmap_queue) by extensions ['colcon_meta']
[1.116s] Level 1:colcon.colcon_core.package_identification:_identify(navigation2/nav2_dwb_controller/costmap_queue) by extension 'colcon_meta'
[1.116s] Level 1:colcon.colcon_core.package_identification:_identify(navigation2/nav2_dwb_controller/costmap_queue) by extensions ['ros']
[1.116s] Level 1:colcon.colcon_core.package_identification:_identify(navigation2/nav2_dwb_controller/costmap_queue) by extension 'ros'
[1.143s] DEBUG:colcon.colcon_core.package_identification:Package 'navigation2/nav2_dwb_controller/costmap_queue' with type 'ros.ament_cmake' and name 'costmap_queue'
[1.143s] Level 1:colcon.colcon_core.package_identification:_identify(navigation2/nav2_dwb_controller/dwb_core) by extensions ['ignore', 'ignore_ament_install']
[1.143s] Level 1:colcon.colcon_core.package_identification:_identify(navigation2/nav2_dwb_controller/dwb_core) by extension 'ignore'
[1.143s] Level 1:colcon.colcon_core.package_identification:_identify(navigation2/nav2_dwb_controller/dwb_core) by extension 'ignore_ament_install'
[1.143s] Level 1:colcon.colcon_core.package_identification:_identify(navigation2/nav2_dwb_controller/dwb_core) by extensions ['colcon_pkg']
[1.143s] Level 1:colcon.colcon_core.package_identification:_identify(navigation2/nav2_dwb_controller/dwb_core) by extension 'colcon_pkg'
[1.143s] Level 1:colcon.colcon_core.package_identification:_identify(navigation2/nav2_dwb_controller/dwb_core) by extensions ['colcon_meta']
[1.143s] Level 1:colcon.colcon_core.package_identification:_identify(navigation2/nav2_dwb_controller/dwb_core) by extension 'colcon_meta'
[1.144s] Level 1:colcon.colcon_core.package_identification:_identify(navigation2/nav2_dwb_controller/dwb_core) by extensions ['ros']
[1.144s] Level 1:colcon.colcon_core.package_identification:_identify(navigation2/nav2_dwb_controller/dwb_core) by extension 'ros'
[1.146s] DEBUG:colcon.colcon_core.package_identification:Package 'navigation2/nav2_dwb_controller/dwb_core' with type 'ros.ament_cmake' and name 'dwb_core'
[1.146s] Level 1:colcon.colcon_core.package_identification:_identify(navigation2/nav2_dwb_controller/dwb_critics) by extensions ['ignore', 'ignore_ament_install']
[1.146s] Level 1:colcon.colcon_core.package_identification:_identify(navigation2/nav2_dwb_controller/dwb_critics) by extension 'ignore'
[1.146s] Level 1:colcon.colcon_core.package_identification:_identify(navigation2/nav2_dwb_controller/dwb_critics) by extension 'ignore_ament_install'
[1.146s] Level 1:colcon.colcon_core.package_identification:_identify(navigation2/nav2_dwb_controller/dwb_critics) by extensions ['colcon_pkg']
[1.147s] Level 1:colcon.colcon_core.package_identification:_identify(navigation2/nav2_dwb_controller/dwb_critics) by extension 'colcon_pkg'
[1.147s] Level 1:colcon.colcon_core.package_identification:_identify(navigation2/nav2_dwb_controller/dwb_critics) by extensions ['colcon_meta']
[1.147s] Level 1:colcon.colcon_core.package_identification:_identify(navigation2/nav2_dwb_controller/dwb_critics) by extension 'colcon_meta'
[1.147s] Level 1:colcon.colcon_core.package_identification:_identify(navigation2/nav2_dwb_controller/dwb_critics) by extensions ['ros']
[1.147s] Level 1:colcon.colcon_core.package_identification:_identify(navigation2/nav2_dwb_controller/dwb_critics) by extension 'ros'
[1.149s] DEBUG:colcon.colcon_core.package_identification:Package 'navigation2/nav2_dwb_controller/dwb_critics' with type 'ros.ament_cmake' and name 'dwb_critics'
[1.149s] Level 1:colcon.colcon_core.package_identification:_identify(navigation2/nav2_dwb_controller/dwb_msgs) by extensions ['ignore', 'ignore_ament_install']
[1.150s] Level 1:colcon.colcon_core.package_identification:_identify(navigation2/nav2_dwb_controller/dwb_msgs) by extension 'ignore'
[1.150s] Level 1:colcon.colcon_core.package_identification:_identify(navigation2/nav2_dwb_controller/dwb_msgs) by extension 'ignore_ament_install'
[1.150s] Level 1:colcon.colcon_core.package_identification:_identify(navigation2/nav2_dwb_controller/dwb_msgs) by extensions ['colcon_pkg']
[1.150s] Level 1:colcon.colcon_core.package_identification:_identify(navigation2/nav2_dwb_controller/dwb_msgs) by extension 'colcon_pkg'
[1.150s] Level 1:colcon.colcon_core.package_identification:_identify(navigation2/nav2_dwb_controller/dwb_msgs) by extensions ['colcon_meta']
[1.150s] Level 1:colcon.colcon_core.package_identification:_identify(navigation2/nav2_dwb_controller/dwb_msgs) by extension 'colcon_meta'
[1.150s] Level 1:colcon.colcon_core.package_identification:_identify(navigation2/nav2_dwb_controller/dwb_msgs) by extensions ['ros']
[1.150s] Level 1:colcon.colcon_core.package_identification:_identify(navigation2/nav2_dwb_controller/dwb_msgs) by extension 'ros'
[1.152s] DEBUG:colcon.colcon_core.package_identification:Package 'navigation2/nav2_dwb_controller/dwb_msgs' with type 'ros.ament_cmake' and name 'dwb_msgs'
[1.152s] Level 1:colcon.colcon_core.package_identification:_identify(navigation2/nav2_dwb_controller/dwb_plugins) by extensions ['ignore', 'ignore_ament_install']
[1.152s] Level 1:colcon.colcon_core.package_identification:_identify(navigation2/nav2_dwb_controller/dwb_plugins) by extension 'ignore'
[1.153s] Level 1:colcon.colcon_core.package_identification:_identify(navigation2/nav2_dwb_controller/dwb_plugins) by extension 'ignore_ament_install'
[1.153s] Level 1:colcon.colcon_core.package_identification:_identify(navigation2/nav2_dwb_controller/dwb_plugins) by extensions ['colcon_pkg']
[1.153s] Level 1:colcon.colcon_core.package_identification:_identify(navigation2/nav2_dwb_controller/dwb_plugins) by extension 'colcon_pkg'
[1.153s] Level 1:colcon.colcon_core.package_identification:_identify(navigation2/nav2_dwb_controller/dwb_plugins) by extensions ['colcon_meta']
[1.153s] Level 1:colcon.colcon_core.package_identification:_identify(navigation2/nav2_dwb_controller/dwb_plugins) by extension 'colcon_meta'
[1.153s] Level 1:colcon.colcon_core.package_identification:_identify(navigation2/nav2_dwb_controller/dwb_plugins) by extensions ['ros']
[1.153s] Level 1:colcon.colcon_core.package_identification:_identify(navigation2/nav2_dwb_controller/dwb_plugins) by extension 'ros'
[1.155s] DEBUG:colcon.colcon_core.package_identification:Package 'navigation2/nav2_dwb_controller/dwb_plugins' with type 'ros.ament_cmake' and name 'dwb_plugins'
[1.155s] Level 1:colcon.colcon_core.package_identification:_identify(navigation2/nav2_dwb_controller/images) by extensions ['ignore', 'ignore_ament_install']
[1.155s] Level 1:colcon.colcon_core.package_identification:_identify(navigation2/nav2_dwb_controller/images) by extension 'ignore'
[1.155s] Level 1:colcon.colcon_core.package_identification:_identify(navigation2/nav2_dwb_controller/images) by extension 'ignore_ament_install'
[1.156s] Level 1:colcon.colcon_core.package_identification:_identify(navigation2/nav2_dwb_controller/images) by extensions ['colcon_pkg']
[1.156s] Level 1:colcon.colcon_core.package_identification:_identify(navigation2/nav2_dwb_controller/images) by extension 'colcon_pkg'
[1.156s] Level 1:colcon.colcon_core.package_identification:_identify(navigation2/nav2_dwb_controller/images) by extensions ['colcon_meta']
[1.156s] Level 1:colcon.colcon_core.package_identification:_identify(navigation2/nav2_dwb_controller/images) by extension 'colcon_meta'
[1.156s] Level 1:colcon.colcon_core.package_identification:_identify(navigation2/nav2_dwb_controller/images) by extensions ['ros']
[1.156s] Level 1:colcon.colcon_core.package_identification:_identify(navigation2/nav2_dwb_controller/images) by extension 'ros'
[1.156s] Level 1:colcon.colcon_core.package_identification:_identify(navigation2/nav2_dwb_controller/images) by extensions ['cmake', 'python']
[1.156s] Level 1:colcon.colcon_core.package_identification:_identify(navigation2/nav2_dwb_controller/images) by extension 'cmake'
[1.156s] Level 1:colcon.colcon_core.package_identification:_identify(navigation2/nav2_dwb_controller/images) by extension 'python'
[1.156s] Level 1:colcon.colcon_core.package_identification:_identify(navigation2/nav2_dwb_controller/images) by extensions ['python_setup_py']
[1.156s] Level 1:colcon.colcon_core.package_identification:_identify(navigation2/nav2_dwb_controller/images) by extension 'python_setup_py'
[1.156s] Level 1:colcon.colcon_core.package_identification:_identify(navigation2/nav2_dwb_controller/nav2_dwb_controller) by extensions ['ignore', 'ignore_ament_install']
[1.157s] Level 1:colcon.colcon_core.package_identification:_identify(navigation2/nav2_dwb_controller/nav2_dwb_controller) by extension 'ignore'
[1.157s] Level 1:colcon.colcon_core.package_identification:_identify(navigation2/nav2_dwb_controller/nav2_dwb_controller) by extension 'ignore_ament_install'
[1.157s] Level 1:colcon.colcon_core.package_identification:_identify(navigation2/nav2_dwb_controller/nav2_dwb_controller) by extensions ['colcon_pkg']
[1.157s] Level 1:colcon.colcon_core.package_identification:_identify(navigation2/nav2_dwb_controller/nav2_dwb_controller) by extension 'colcon_pkg'
[1.157s] Level 1:colcon.colcon_core.package_identification:_identify(navigation2/nav2_dwb_controller/nav2_dwb_controller) by extensions ['colcon_meta']
[1.157s] Level 1:colcon.colcon_core.package_identification:_identify(navigation2/nav2_dwb_controller/nav2_dwb_controller) by extension 'colcon_meta'
[1.157s] Level 1:colcon.colcon_core.package_identification:_identify(navigation2/nav2_dwb_controller/nav2_dwb_controller) by extensions ['ros']
[1.157s] Level 1:colcon.colcon_core.package_identification:_identify(navigation2/nav2_dwb_controller/nav2_dwb_controller) by extension 'ros'
[1.159s] DEBUG:colcon.colcon_core.package_identification:Package 'navigation2/nav2_dwb_controller/nav2_dwb_controller' with type 'ros.ament_cmake' and name 'nav2_dwb_controller'
[1.159s] Level 1:colcon.colcon_core.package_identification:_identify(navigation2/nav2_dwb_controller/nav_2d_msgs) by extensions ['ignore', 'ignore_ament_install']
[1.159s] Level 1:colcon.colcon_core.package_identification:_identify(navigation2/nav2_dwb_controller/nav_2d_msgs) by extension 'ignore'
[1.160s] Level 1:colcon.colcon_core.package_identification:_identify(navigation2/nav2_dwb_controller/nav_2d_msgs) by extension 'ignore_ament_install'
[1.160s] Level 1:colcon.colcon_core.package_identification:_identify(navigation2/nav2_dwb_controller/nav_2d_msgs) by extensions ['colcon_pkg']
[1.160s] Level 1:colcon.colcon_core.package_identification:_identify(navigation2/nav2_dwb_controller/nav_2d_msgs) by extension 'colcon_pkg'
[1.160s] Level 1:colcon.colcon_core.package_identification:_identify(navigation2/nav2_dwb_controller/nav_2d_msgs) by extensions ['colcon_meta']
[1.160s] Level 1:colcon.colcon_core.package_identification:_identify(navigation2/nav2_dwb_controller/nav_2d_msgs) by extension 'colcon_meta'
[1.160s] Level 1:colcon.colcon_core.package_identification:_identify(navigation2/nav2_dwb_controller/nav_2d_msgs) by extensions ['ros']
[1.160s] Level 1:colcon.colcon_core.package_identification:_identify(navigation2/nav2_dwb_controller/nav_2d_msgs) by extension 'ros'
[1.161s] DEBUG:colcon.colcon_core.package_identification:Package 'navigation2/nav2_dwb_controller/nav_2d_msgs' with type 'ros.ament_cmake' and name 'nav_2d_msgs'
[1.162s] Level 1:colcon.colcon_core.package_identification:_identify(navigation2/nav2_dwb_controller/nav_2d_utils) by extensions ['ignore', 'ignore_ament_install']
[1.162s] Level 1:colcon.colcon_core.package_identification:_identify(navigation2/nav2_dwb_controller/nav_2d_utils) by extension 'ignore'
[1.162s] Level 1:colcon.colcon_core.package_identification:_identify(navigation2/nav2_dwb_controller/nav_2d_utils) by extension 'ignore_ament_install'
[1.162s] Level 1:colcon.colcon_core.package_identification:_identify(navigation2/nav2_dwb_controller/nav_2d_utils) by extensions ['colcon_pkg']
[1.162s] Level 1:colcon.colcon_core.package_identification:_identify(navigation2/nav2_dwb_controller/nav_2d_utils) by extension 'colcon_pkg'
[1.162s] Level 1:colcon.colcon_core.package_identification:_identify(navigation2/nav2_dwb_controller/nav_2d_utils) by extensions ['colcon_meta']
[1.162s] Level 1:colcon.colcon_core.package_identification:_identify(navigation2/nav2_dwb_controller/nav_2d_utils) by extension 'colcon_meta'
[1.162s] Level 1:colcon.colcon_core.package_identification:_identify(navigation2/nav2_dwb_controller/nav_2d_utils) by extensions ['ros']
[1.163s] Level 1:colcon.colcon_core.package_identification:_identify(navigation2/nav2_dwb_controller/nav_2d_utils) by extension 'ros'
[1.165s] DEBUG:colcon.colcon_core.package_identification:Package 'navigation2/nav2_dwb_controller/nav_2d_utils' with type 'ros.ament_cmake' and name 'nav_2d_utils'
[1.165s] Level 1:colcon.colcon_core.package_identification:_identify(navigation2/nav2_lifecycle_manager) by extensions ['ignore', 'ignore_ament_install']
[1.165s] Level 1:colcon.colcon_core.package_identification:_identify(navigation2/nav2_lifecycle_manager) by extension 'ignore'
[1.165s] Level 1:colcon.colcon_core.package_identification:_identify(navigation2/nav2_lifecycle_manager) by extension 'ignore_ament_install'
[1.165s] Level 1:colcon.colcon_core.package_identification:_identify(navigation2/nav2_lifecycle_manager) by extensions ['colcon_pkg']
[1.165s] Level 1:colcon.colcon_core.package_identification:_identify(navigation2/nav2_lifecycle_manager) by extension 'colcon_pkg'
[1.165s] Level 1:colcon.colcon_core.package_identification:_identify(navigation2/nav2_lifecycle_manager) by extensions ['colcon_meta']
[1.165s] Level 1:colcon.colcon_core.package_identification:_identify(navigation2/nav2_lifecycle_manager) by extension 'colcon_meta'
[1.165s] Level 1:colcon.colcon_core.package_identification:_identify(navigation2/nav2_lifecycle_manager) by extensions ['ros']
[1.165s] Level 1:colcon.colcon_core.package_identification:_identify(navigation2/nav2_lifecycle_manager) by extension 'ros'
[1.169s] DEBUG:colcon.colcon_core.package_identification:Package 'navigation2/nav2_lifecycle_manager' with type 'ros.ament_cmake' and name 'nav2_lifecycle_manager'
[1.169s] Level 1:colcon.colcon_core.package_identification:_identify(navigation2/nav2_map_server) by extensions ['ignore', 'ignore_ament_install']
[1.169s] Level 1:colcon.colcon_core.package_identification:_identify(navigation2/nav2_map_server) by extension 'ignore'
[1.169s] Level 1:colcon.colcon_core.package_identification:_identify(navigation2/nav2_map_server) by extension 'ignore_ament_install'
[1.169s] Level 1:colcon.colcon_core.package_identification:_identify(navigation2/nav2_map_server) by extensions ['colcon_pkg']
[1.169s] Level 1:colcon.colcon_core.package_identification:_identify(navigation2/nav2_map_server) by extension 'colcon_pkg'
[1.169s] Level 1:colcon.colcon_core.package_identification:_identify(navigation2/nav2_map_server) by extensions ['colcon_meta']
[1.169s] Level 1:colcon.colcon_core.package_identification:_identify(navigation2/nav2_map_server) by extension 'colcon_meta'
[1.169s] Level 1:colcon.colcon_core.package_identification:_identify(navigation2/nav2_map_server) by extensions ['ros']
[1.169s] Level 1:colcon.colcon_core.package_identification:_identify(navigation2/nav2_map_server) by extension 'ros'
[1.172s] DEBUG:colcon.colcon_core.package_identification:Package 'navigation2/nav2_map_server' with type 'ros.ament_cmake' and name 'nav2_map_server'
[1.172s] Level 1:colcon.colcon_core.package_identification:_identify(navigation2/nav2_mppi_controller) by extensions ['ignore', 'ignore_ament_install']
[1.172s] Level 1:colcon.colcon_core.package_identification:_identify(navigation2/nav2_mppi_controller) by extension 'ignore'
[1.172s] Level 1:colcon.colcon_core.package_identification:_identify(navigation2/nav2_mppi_controller) by extension 'ignore_ament_install'
[1.172s] Level 1:colcon.colcon_core.package_identification:_identify(navigation2/nav2_mppi_controller) by extensions ['colcon_pkg']
[1.172s] Level 1:colcon.colcon_core.package_identification:_identify(navigation2/nav2_mppi_controller) by extension 'colcon_pkg'
[1.173s] Level 1:colcon.colcon_core.package_identification:_identify(navigation2/nav2_mppi_controller) by extensions ['colcon_meta']
[1.173s] Level 1:colcon.colcon_core.package_identification:_identify(navigation2/nav2_mppi_controller) by extension 'colcon_meta'
[1.173s] Level 1:colcon.colcon_core.package_identification:_identify(navigation2/nav2_mppi_controller) by extensions ['ros']
[1.173s] Level 1:colcon.colcon_core.package_identification:_identify(navigation2/nav2_mppi_controller) by extension 'ros'
[1.175s] DEBUG:colcon.colcon_core.package_identification:Package 'navigation2/nav2_mppi_controller' with type 'ros.ament_cmake' and name 'nav2_mppi_controller'
[1.176s] Level 1:colcon.colcon_core.package_identification:_identify(navigation2/nav2_msgs) by extensions ['ignore', 'ignore_ament_install']
[1.176s] Level 1:colcon.colcon_core.package_identification:_identify(navigation2/nav2_msgs) by extension 'ignore'
[1.176s] Level 1:colcon.colcon_core.package_identification:_identify(navigation2/nav2_msgs) by extension 'ignore_ament_install'
[1.176s] Level 1:colcon.colcon_core.package_identification:_identify(navigation2/nav2_msgs) by extensions ['colcon_pkg']
[1.176s] Level 1:colcon.colcon_core.package_identification:_identify(navigation2/nav2_msgs) by extension 'colcon_pkg'
[1.176s] Level 1:colcon.colcon_core.package_identification:_identify(navigation2/nav2_msgs) by extensions ['colcon_meta']
[1.176s] Level 1:colcon.colcon_core.package_identification:_identify(navigation2/nav2_msgs) by extension 'colcon_meta'
[1.176s] Level 1:colcon.colcon_core.package_identification:_identify(navigation2/nav2_msgs) by extensions ['ros']
[1.176s] Level 1:colcon.colcon_core.package_identification:_identify(navigation2/nav2_msgs) by extension 'ros'
[1.178s] DEBUG:colcon.colcon_core.package_identification:Package 'navigation2/nav2_msgs' with type 'ros.ament_cmake' and name 'nav2_msgs'
[1.178s] Level 1:colcon.colcon_core.package_identification:_identify(navigation2/nav2_navfn_planner) by extensions ['ignore', 'ignore_ament_install']
[1.178s] Level 1:colcon.colcon_core.package_identification:_identify(navigation2/nav2_navfn_planner) by extension 'ignore'
[1.178s] Level 1:colcon.colcon_core.package_identification:_identify(navigation2/nav2_navfn_planner) by extension 'ignore_ament_install'
[1.178s] Level 1:colcon.colcon_core.package_identification:_identify(navigation2/nav2_navfn_planner) by extensions ['colcon_pkg']
[1.178s] Level 1:colcon.colcon_core.package_identification:_identify(navigation2/nav2_navfn_planner) by extension 'colcon_pkg'
[1.178s] Level 1:colcon.colcon_core.package_identification:_identify(navigation2/nav2_navfn_planner) by extensions ['colcon_meta']
[1.178s] Level 1:colcon.colcon_core.package_identification:_identify(navigation2/nav2_navfn_planner) by extension 'colcon_meta'
[1.178s] Level 1:colcon.colcon_core.package_identification:_identify(navigation2/nav2_navfn_planner) by extensions ['ros']
[1.178s] Level 1:colcon.colcon_core.package_identification:_identify(navigation2/nav2_navfn_planner) by extension 'ros'
[1.180s] DEBUG:colcon.colcon_core.package_identification:Package 'navigation2/nav2_navfn_planner' with type 'ros.ament_cmake' and name 'nav2_navfn_planner'
[1.181s] Level 1:colcon.colcon_core.package_identification:_identify(navigation2/nav2_planner) by extensions ['ignore', 'ignore_ament_install']
[1.181s] Level 1:colcon.colcon_core.package_identification:_identify(navigation2/nav2_planner) by extension 'ignore'
[1.181s] Level 1:colcon.colcon_core.package_identification:_identify(navigation2/nav2_planner) by extension 'ignore_ament_install'
[1.181s] Level 1:colcon.colcon_core.package_identification:_identify(navigation2/nav2_planner) by extensions ['colcon_pkg']
[1.181s] Level 1:colcon.colcon_core.package_identification:_identify(navigation2/nav2_planner) by extension 'colcon_pkg'
[1.181s] Level 1:colcon.colcon_core.package_identification:_identify(navigation2/nav2_planner) by extensions ['colcon_meta']
[1.181s] Level 1:colcon.colcon_core.package_identification:_identify(navigation2/nav2_planner) by extension 'colcon_meta'
[1.181s] Level 1:colcon.colcon_core.package_identification:_identify(navigation2/nav2_planner) by extensions ['ros']
[1.181s] Level 1:colcon.colcon_core.package_identification:_identify(navigation2/nav2_planner) by extension 'ros'
[1.183s] DEBUG:colcon.colcon_core.package_identification:Package 'navigation2/nav2_planner' with type 'ros.ament_cmake' and name 'nav2_planner'
[1.183s] Level 1:colcon.colcon_core.package_identification:_identify(navigation2/nav2_regulated_pure_pursuit_controller) by extensions ['ignore', 'ignore_ament_install']
[1.183s] Level 1:colcon.colcon_core.package_identification:_identify(navigation2/nav2_regulated_pure_pursuit_controller) by extension 'ignore'
[1.183s] Level 1:colcon.colcon_core.package_identification:_identify(navigation2/nav2_regulated_pure_pursuit_controller) by extension 'ignore_ament_install'
[1.183s] Level 1:colcon.colcon_core.package_identification:_identify(navigation2/nav2_regulated_pure_pursuit_controller) by extensions ['colcon_pkg']
[1.183s] Level 1:colcon.colcon_core.package_identification:_identify(navigation2/nav2_regulated_pure_pursuit_controller) by extension 'colcon_pkg'
[1.183s] Level 1:colcon.colcon_core.package_identification:_identify(navigation2/nav2_regulated_pure_pursuit_controller) by extensions ['colcon_meta']
[1.183s] Level 1:colcon.colcon_core.package_identification:_identify(navigation2/nav2_regulated_pure_pursuit_controller) by extension 'colcon_meta'
[1.183s] Level 1:colcon.colcon_core.package_identification:_identify(navigation2/nav2_regulated_pure_pursuit_controller) by extensions ['ros']
[1.184s] Level 1:colcon.colcon_core.package_identification:_identify(navigation2/nav2_regulated_pure_pursuit_controller) by extension 'ros'
[1.204s] DEBUG:colcon.colcon_core.package_identification:Package 'navigation2/nav2_regulated_pure_pursuit_controller' with type 'ros.ament_cmake' and name 'nav2_regulated_pure_pursuit_controller'
[1.204s] Level 1:colcon.colcon_core.package_identification:_identify(navigation2/nav2_rotation_shim_controller) by extensions ['ignore', 'ignore_ament_install']
[1.204s] Level 1:colcon.colcon_core.package_identification:_identify(navigation2/nav2_rotation_shim_controller) by extension 'ignore'
[1.204s] Level 1:colcon.colcon_core.package_identification:_identify(navigation2/nav2_rotation_shim_controller) by extension 'ignore_ament_install'
[1.204s] Level 1:colcon.colcon_core.package_identification:_identify(navigation2/nav2_rotation_shim_controller) by extensions ['colcon_pkg']
[1.204s] Level 1:colcon.colcon_core.package_identification:_identify(navigation2/nav2_rotation_shim_controller) by extension 'colcon_pkg'
[1.204s] Level 1:colcon.colcon_core.package_identification:_identify(navigation2/nav2_rotation_shim_controller) by extensions ['colcon_meta']
[1.205s] Level 1:colcon.colcon_core.package_identification:_identify(navigation2/nav2_rotation_shim_controller) by extension 'colcon_meta'
[1.205s] Level 1:colcon.colcon_core.package_identification:_identify(navigation2/nav2_rotation_shim_controller) by extensions ['ros']
[1.205s] Level 1:colcon.colcon_core.package_identification:_identify(navigation2/nav2_rotation_shim_controller) by extension 'ros'
[1.206s] DEBUG:colcon.colcon_core.package_identification:Package 'navigation2/nav2_rotation_shim_controller' with type 'ros.ament_cmake' and name 'nav2_rotation_shim_controller'
[1.207s] Level 1:colcon.colcon_core.package_identification:_identify(navigation2/nav2_rviz_plugins) by extensions ['ignore', 'ignore_ament_install']
[1.207s] Level 1:colcon.colcon_core.package_identification:_identify(navigation2/nav2_rviz_plugins) by extension 'ignore'
[1.207s] Level 1:colcon.colcon_core.package_identification:_identify(navigation2/nav2_rviz_plugins) by extension 'ignore_ament_install'
[1.207s] Level 1:colcon.colcon_core.package_identification:_identify(navigation2/nav2_rviz_plugins) by extensions ['colcon_pkg']
[1.207s] Level 1:colcon.colcon_core.package_identification:_identify(navigation2/nav2_rviz_plugins) by extension 'colcon_pkg'
[1.207s] Level 1:colcon.colcon_core.package_identification:_identify(navigation2/nav2_rviz_plugins) by extensions ['colcon_meta']
[1.207s] Level 1:colcon.colcon_core.package_identification:_identify(navigation2/nav2_rviz_plugins) by extension 'colcon_meta'
[1.207s] Level 1:colcon.colcon_core.package_identification:_identify(navigation2/nav2_rviz_plugins) by extensions ['ros']
[1.207s] Level 1:colcon.colcon_core.package_identification:_identify(navigation2/nav2_rviz_plugins) by extension 'ros'
[1.209s] DEBUG:colcon.colcon_core.package_identification:Package 'navigation2/nav2_rviz_plugins' with type 'ros.ament_cmake' and name 'nav2_rviz_plugins'
[1.209s] Level 1:colcon.colcon_core.package_identification:_identify(navigation2/nav2_simple_commander) by extensions ['ignore', 'ignore_ament_install']
[1.209s] Level 1:colcon.colcon_core.package_identification:_identify(navigation2/nav2_simple_commander) by extension 'ignore'
[1.209s] Level 1:colcon.colcon_core.package_identification:_identify(navigation2/nav2_simple_commander) by extension 'ignore_ament_install'
[1.209s] Level 1:colcon.colcon_core.package_identification:_identify(navigation2/nav2_simple_commander) by extensions ['colcon_pkg']
[1.209s] Level 1:colcon.colcon_core.package_identification:_identify(navigation2/nav2_simple_commander) by extension 'colcon_pkg'
[1.209s] Level 1:colcon.colcon_core.package_identification:_identify(navigation2/nav2_simple_commander) by extensions ['colcon_meta']
[1.209s] Level 1:colcon.colcon_core.package_identification:_identify(navigation2/nav2_simple_commander) by extension 'colcon_meta'
[1.210s] Level 1:colcon.colcon_core.package_identification:_identify(navigation2/nav2_simple_commander) by extensions ['ros']
[1.210s] Level 1:colcon.colcon_core.package_identification:_identify(navigation2/nav2_simple_commander) by extension 'ros'
[1.210s] DEBUG:colcon.colcon_core.package_identification:Package 'navigation2/nav2_simple_commander' with type 'ros.ament_python' and name 'nav2_simple_commander'
[1.211s] Level 1:colcon.colcon_core.package_identification:_identify(navigation2/nav2_smac_planner) by extensions ['ignore', 'ignore_ament_install']
[1.211s] Level 1:colcon.colcon_core.package_identification:_identify(navigation2/nav2_smac_planner) by extension 'ignore'
[1.211s] Level 1:colcon.colcon_core.package_identification:_identify(navigation2/nav2_smac_planner) by extension 'ignore_ament_install'
[1.211s] Level 1:colcon.colcon_core.package_identification:_identify(navigation2/nav2_smac_planner) by extensions ['colcon_pkg']
[1.211s] Level 1:colcon.colcon_core.package_identification:_identify(navigation2/nav2_smac_planner) by extension 'colcon_pkg'
[1.211s] Level 1:colcon.colcon_core.package_identification:_identify(navigation2/nav2_smac_planner) by extensions ['colcon_meta']
[1.211s] Level 1:colcon.colcon_core.package_identification:_identify(navigation2/nav2_smac_planner) by extension 'colcon_meta'
[1.211s] Level 1:colcon.colcon_core.package_identification:_identify(navigation2/nav2_smac_planner) by extensions ['ros']
[1.211s] Level 1:colcon.colcon_core.package_identification:_identify(navigation2/nav2_smac_planner) by extension 'ros'
[1.220s] DEBUG:colcon.colcon_core.package_identification:Package 'navigation2/nav2_smac_planner' with type 'ros.ament_cmake' and name 'nav2_smac_planner'
[1.220s] Level 1:colcon.colcon_core.package_identification:_identify(navigation2/nav2_smoother) by extensions ['ignore', 'ignore_ament_install']
[1.220s] Level 1:colcon.colcon_core.package_identification:_identify(navigation2/nav2_smoother) by extension 'ignore'
[1.220s] Level 1:colcon.colcon_core.package_identification:_identify(navigation2/nav2_smoother) by extension 'ignore_ament_install'
[1.220s] Level 1:colcon.colcon_core.package_identification:_identify(navigation2/nav2_smoother) by extensions ['colcon_pkg']
[1.220s] Level 1:colcon.colcon_core.package_identification:_identify(navigation2/nav2_smoother) by extension 'colcon_pkg'
[1.220s] Level 1:colcon.colcon_core.package_identification:_identify(navigation2/nav2_smoother) by extensions ['colcon_meta']
[1.220s] Level 1:colcon.colcon_core.package_identification:_identify(navigation2/nav2_smoother) by extension 'colcon_meta'
[1.220s] Level 1:colcon.colcon_core.package_identification:_identify(navigation2/nav2_smoother) by extensions ['ros']
[1.220s] Level 1:colcon.colcon_core.package_identification:_identify(navigation2/nav2_smoother) by extension 'ros'
[1.224s] DEBUG:colcon.colcon_core.package_identification:Package 'navigation2/nav2_smoother' with type 'ros.ament_cmake' and name 'nav2_smoother'
[1.224s] Level 1:colcon.colcon_core.package_identification:_identify(navigation2/nav2_system_tests) by extensions ['ignore', 'ignore_ament_install']
[1.225s] Level 1:colcon.colcon_core.package_identification:_identify(navigation2/nav2_system_tests) by extension 'ignore'
[1.225s] Level 1:colcon.colcon_core.package_identification:_identify(navigation2/nav2_system_tests) by extension 'ignore_ament_install'
[1.225s] Level 1:colcon.colcon_core.package_identification:_identify(navigation2/nav2_system_tests) by extensions ['colcon_pkg']
[1.225s] Level 1:colcon.colcon_core.package_identification:_identify(navigation2/nav2_system_tests) by extension 'colcon_pkg'
[1.225s] Level 1:colcon.colcon_core.package_identification:_identify(navigation2/nav2_system_tests) by extensions ['colcon_meta']
[1.225s] Level 1:colcon.colcon_core.package_identification:_identify(navigation2/nav2_system_tests) by extension 'colcon_meta'
[1.225s] Level 1:colcon.colcon_core.package_identification:_identify(navigation2/nav2_system_tests) by extensions ['ros']
[1.225s] Level 1:colcon.colcon_core.package_identification:_identify(navigation2/nav2_system_tests) by extension 'ros'
[1.230s] DEBUG:colcon.colcon_core.package_identification:Package 'navigation2/nav2_system_tests' with type 'ros.ament_cmake' and name 'nav2_system_tests'
[1.230s] Level 1:colcon.colcon_core.package_identification:_identify(navigation2/nav2_theta_star_planner) by extensions ['ignore', 'ignore_ament_install']
[1.230s] Level 1:colcon.colcon_core.package_identification:_identify(navigation2/nav2_theta_star_planner) by extension 'ignore'
[1.230s] Level 1:colcon.colcon_core.package_identification:_identify(navigation2/nav2_theta_star_planner) by extension 'ignore_ament_install'
[1.230s] Level 1:colcon.colcon_core.package_identification:_identify(navigation2/nav2_theta_star_planner) by extensions ['colcon_pkg']
[1.231s] Level 1:colcon.colcon_core.package_identification:_identify(navigation2/nav2_theta_star_planner) by extension 'colcon_pkg'
[1.231s] Level 1:colcon.colcon_core.package_identification:_identify(navigation2/nav2_theta_star_planner) by extensions ['colcon_meta']
[1.231s] Level 1:colcon.colcon_core.package_identification:_identify(navigation2/nav2_theta_star_planner) by extension 'colcon_meta'
[1.231s] Level 1:colcon.colcon_core.package_identification:_identify(navigation2/nav2_theta_star_planner) by extensions ['ros']
[1.231s] Level 1:colcon.colcon_core.package_identification:_identify(navigation2/nav2_theta_star_planner) by extension 'ros'
[1.239s] DEBUG:colcon.colcon_core.package_identification:Package 'navigation2/nav2_theta_star_planner' with type 'ros.ament_cmake' and name 'nav2_theta_star_planner'
[1.239s] Level 1:colcon.colcon_core.package_identification:_identify(navigation2/nav2_util) by extensions ['ignore', 'ignore_ament_install']
[1.240s] Level 1:colcon.colcon_core.package_identification:_identify(navigation2/nav2_util) by extension 'ignore'
[1.240s] Level 1:colcon.colcon_core.package_identification:_identify(navigation2/nav2_util) by extension 'ignore_ament_install'
[1.240s] Level 1:colcon.colcon_core.package_identification:_identify(navigation2/nav2_util) by extensions ['colcon_pkg']
[1.240s] Level 1:colcon.colcon_core.package_identification:_identify(navigation2/nav2_util) by extension 'colcon_pkg'
[1.240s] Level 1:colcon.colcon_core.package_identification:_identify(navigation2/nav2_util) by extensions ['colcon_meta']
[1.240s] Level 1:colcon.colcon_core.package_identification:_identify(navigation2/nav2_util) by extension 'colcon_meta'
[1.240s] Level 1:colcon.colcon_core.package_identification:_identify(navigation2/nav2_util) by extensions ['ros']
[1.240s] Level 1:colcon.colcon_core.package_identification:_identify(navigation2/nav2_util) by extension 'ros'
[1.242s] DEBUG:colcon.colcon_core.package_identification:Package 'navigation2/nav2_util' with type 'ros.ament_cmake' and name 'nav2_util'
[1.242s] Level 1:colcon.colcon_core.package_identification:_identify(navigation2/nav2_velocity_smoother) by extensions ['ignore', 'ignore_ament_install']
[1.242s] Level 1:colcon.colcon_core.package_identification:_identify(navigation2/nav2_velocity_smoother) by extension 'ignore'
[1.242s] Level 1:colcon.colcon_core.package_identification:_identify(navigation2/nav2_velocity_smoother) by extension 'ignore_ament_install'
[1.243s] Level 1:colcon.colcon_core.package_identification:_identify(navigation2/nav2_velocity_smoother) by extensions ['colcon_pkg']
[1.243s] Level 1:colcon.colcon_core.package_identification:_identify(navigation2/nav2_velocity_smoother) by extension 'colcon_pkg'
[1.243s] Level 1:colcon.colcon_core.package_identification:_identify(navigation2/nav2_velocity_smoother) by extensions ['colcon_meta']
[1.243s] Level 1:colcon.colcon_core.package_identification:_identify(navigation2/nav2_velocity_smoother) by extension 'colcon_meta'
[1.243s] Level 1:colcon.colcon_core.package_identification:_identify(navigation2/nav2_velocity_smoother) by extensions ['ros']
[1.243s] Level 1:colcon.colcon_core.package_identification:_identify(navigation2/nav2_velocity_smoother) by extension 'ros'
[1.244s] DEBUG:colcon.colcon_core.package_identification:Package 'navigation2/nav2_velocity_smoother' with type 'ros.ament_cmake' and name 'nav2_velocity_smoother'
[1.244s] Level 1:colcon.colcon_core.package_identification:_identify(navigation2/nav2_voxel_grid) by extensions ['ignore', 'ignore_ament_install']
[1.244s] Level 1:colcon.colcon_core.package_identification:_identify(navigation2/nav2_voxel_grid) by extension 'ignore'
[1.244s] Level 1:colcon.colcon_core.package_identification:_identify(navigation2/nav2_voxel_grid) by extension 'ignore_ament_install'
[1.244s] Level 1:colcon.colcon_core.package_identification:_identify(navigation2/nav2_voxel_grid) by extensions ['colcon_pkg']
[1.244s] Level 1:colcon.colcon_core.package_identification:_identify(navigation2/nav2_voxel_grid) by extension 'colcon_pkg'
[1.244s] Level 1:colcon.colcon_core.package_identification:_identify(navigation2/nav2_voxel_grid) by extensions ['colcon_meta']
[1.244s] Level 1:colcon.colcon_core.package_identification:_identify(navigation2/nav2_voxel_grid) by extension 'colcon_meta'
[1.244s] Level 1:colcon.colcon_core.package_identification:_identify(navigation2/nav2_voxel_grid) by extensions ['ros']
[1.244s] Level 1:colcon.colcon_core.package_identification:_identify(navigation2/nav2_voxel_grid) by extension 'ros'
[1.245s] DEBUG:colcon.colcon_core.package_identification:Package 'navigation2/nav2_voxel_grid' with type 'ros.ament_cmake' and name 'nav2_voxel_grid'
[1.245s] Level 1:colcon.colcon_core.package_identification:_identify(navigation2/nav2_waypoint_follower) by extensions ['ignore', 'ignore_ament_install']
[1.245s] Level 1:colcon.colcon_core.package_identification:_identify(navigation2/nav2_waypoint_follower) by extension 'ignore'
[1.245s] Level 1:colcon.colcon_core.package_identification:_identify(navigation2/nav2_waypoint_follower) by extension 'ignore_ament_install'
[1.245s] Level 1:colcon.colcon_core.package_identification:_identify(navigation2/nav2_waypoint_follower) by extensions ['colcon_pkg']
[1.245s] Level 1:colcon.colcon_core.package_identification:_identify(navigation2/nav2_waypoint_follower) by extension 'colcon_pkg'
[1.245s] Level 1:colcon.colcon_core.package_identification:_identify(navigation2/nav2_waypoint_follower) by extensions ['colcon_meta']
[1.245s] Level 1:colcon.colcon_core.package_identification:_identify(navigation2/nav2_waypoint_follower) by extension 'colcon_meta'
[1.245s] Level 1:colcon.colcon_core.package_identification:_identify(navigation2/nav2_waypoint_follower) by extensions ['ros']
[1.245s] Level 1:colcon.colcon_core.package_identification:_identify(navigation2/nav2_waypoint_follower) by extension 'ros'
[1.247s] DEBUG:colcon.colcon_core.package_identification:Package 'navigation2/nav2_waypoint_follower' with type 'ros.ament_cmake' and name 'nav2_waypoint_follower'
[1.247s] Level 1:colcon.colcon_core.package_identification:_identify(navigation2/navigation2) by extensions ['ignore', 'ignore_ament_install']
[1.247s] Level 1:colcon.colcon_core.package_identification:_identify(navigation2/navigation2) by extension 'ignore'
[1.247s] Level 1:colcon.colcon_core.package_identification:_identify(navigation2/navigation2) by extension 'ignore_ament_install'
[1.247s] Level 1:colcon.colcon_core.package_identification:_identify(navigation2/navigation2) by extensions ['colcon_pkg']
[1.247s] Level 1:colcon.colcon_core.package_identification:_identify(navigation2/navigation2) by extension 'colcon_pkg'
[1.247s] Level 1:colcon.colcon_core.package_identification:_identify(navigation2/navigation2) by extensions ['colcon_meta']
[1.248s] Level 1:colcon.colcon_core.package_identification:_identify(navigation2/navigation2) by extension 'colcon_meta'
[1.248s] Level 1:colcon.colcon_core.package_identification:_identify(navigation2/navigation2) by extensions ['ros']
[1.248s] Level 1:colcon.colcon_core.package_identification:_identify(navigation2/navigation2) by extension 'ros'
[1.248s] DEBUG:colcon.colcon_core.package_identification:Package 'navigation2/navigation2' with type 'ros.ament_cmake' and name 'navigation2'
[1.249s] Level 1:colcon.colcon_core.package_identification:_identify(navigation2/tools) by extensions ['ignore', 'ignore_ament_install']
[1.249s] Level 1:colcon.colcon_core.package_identification:_identify(navigation2/tools) by extension 'ignore'
[1.249s] Level 1:colcon.colcon_core.package_identification:_identify(navigation2/tools) by extension 'ignore_ament_install'
[1.249s] Level 1:colcon.colcon_core.package_identification:_identify(navigation2/tools) by extensions ['colcon_pkg']
[1.249s] Level 1:colcon.colcon_core.package_identification:_identify(navigation2/tools) by extension 'colcon_pkg'
[1.249s] Level 1:colcon.colcon_core.package_identification:_identify(navigation2/tools) by extensions ['colcon_meta']
[1.249s] Level 1:colcon.colcon_core.package_identification:_identify(navigation2/tools) by extension 'colcon_meta'
[1.249s] Level 1:colcon.colcon_core.package_identification:_identify(navigation2/tools) by extensions ['ros']
[1.249s] Level 1:colcon.colcon_core.package_identification:_identify(navigation2/tools) by extension 'ros'
[1.249s] Level 1:colcon.colcon_core.package_identification:_identify(navigation2/tools) by extensions ['cmake', 'python']
[1.249s] Level 1:colcon.colcon_core.package_identification:_identify(navigation2/tools) by extension 'cmake'
[1.249s] Level 1:colcon.colcon_core.package_identification:_identify(navigation2/tools) by extension 'python'
[1.249s] Level 1:colcon.colcon_core.package_identification:_identify(navigation2/tools) by extensions ['python_setup_py']
[1.249s] Level 1:colcon.colcon_core.package_identification:_identify(navigation2/tools) by extension 'python_setup_py'
[1.249s] Level 1:colcon.colcon_core.package_identification:_identify(navigation2/tools/planner_benchmarking) by extensions ['ignore', 'ignore_ament_install']
[1.249s] Level 1:colcon.colcon_core.package_identification:_identify(navigation2/tools/planner_benchmarking) by extension 'ignore'
[1.249s] Level 1:colcon.colcon_core.package_identification:_identify(navigation2/tools/planner_benchmarking) by extension 'ignore_ament_install'
[1.250s] Level 1:colcon.colcon_core.package_identification:_identify(navigation2/tools/planner_benchmarking) by extensions ['colcon_pkg']
[1.250s] Level 1:colcon.colcon_core.package_identification:_identify(navigation2/tools/planner_benchmarking) by extension 'colcon_pkg'
[1.250s] Level 1:colcon.colcon_core.package_identification:_identify(navigation2/tools/planner_benchmarking) by extensions ['colcon_meta']
[1.250s] Level 1:colcon.colcon_core.package_identification:_identify(navigation2/tools/planner_benchmarking) by extension 'colcon_meta'
[1.250s] Level 1:colcon.colcon_core.package_identification:_identify(navigation2/tools/planner_benchmarking) by extensions ['ros']
[1.250s] Level 1:colcon.colcon_core.package_identification:_identify(navigation2/tools/planner_benchmarking) by extension 'ros'
[1.250s] Level 1:colcon.colcon_core.package_identification:_identify(navigation2/tools/planner_benchmarking) by extensions ['cmake', 'python']
[1.250s] Level 1:colcon.colcon_core.package_identification:_identify(navigation2/tools/planner_benchmarking) by extension 'cmake'
[1.250s] Level 1:colcon.colcon_core.package_identification:_identify(navigation2/tools/planner_benchmarking) by extension 'python'
[1.250s] Level 1:colcon.colcon_core.package_identification:_identify(navigation2/tools/planner_benchmarking) by extensions ['python_setup_py']
[1.250s] Level 1:colcon.colcon_core.package_identification:_identify(navigation2/tools/planner_benchmarking) by extension 'python_setup_py'
[1.250s] Level 1:colcon.colcon_core.package_identification:_identify(navigation2/tools/smoother_benchmarking) by extensions ['ignore', 'ignore_ament_install']
[1.250s] Level 1:colcon.colcon_core.package_identification:_identify(navigation2/tools/smoother_benchmarking) by extension 'ignore'
[1.250s] Level 1:colcon.colcon_core.package_identification:_identify(navigation2/tools/smoother_benchmarking) by extension 'ignore_ament_install'
[1.250s] Level 1:colcon.colcon_core.package_identification:_identify(navigation2/tools/smoother_benchmarking) by extensions ['colcon_pkg']
[1.250s] Level 1:colcon.colcon_core.package_identification:_identify(navigation2/tools/smoother_benchmarking) by extension 'colcon_pkg'
[1.250s] Level 1:colcon.colcon_core.package_identification:_identify(navigation2/tools/smoother_benchmarking) by extensions ['colcon_meta']
[1.250s] Level 1:colcon.colcon_core.package_identification:_identify(navigation2/tools/smoother_benchmarking) by extension 'colcon_meta'
[1.250s] Level 1:colcon.colcon_core.package_identification:_identify(navigation2/tools/smoother_benchmarking) by extensions ['ros']
[1.250s] Level 1:colcon.colcon_core.package_identification:_identify(navigation2/tools/smoother_benchmarking) by extension 'ros'
[1.250s] Level 1:colcon.colcon_core.package_identification:_identify(navigation2/tools/smoother_benchmarking) by extensions ['cmake', 'python']
[1.250s] Level 1:colcon.colcon_core.package_identification:_identify(navigation2/tools/smoother_benchmarking) by extension 'cmake'
[1.251s] Level 1:colcon.colcon_core.package_identification:_identify(navigation2/tools/smoother_benchmarking) by extension 'python'
[1.251s] Level 1:colcon.colcon_core.package_identification:_identify(navigation2/tools/smoother_benchmarking) by extensions ['python_setup_py']
[1.251s] Level 1:colcon.colcon_core.package_identification:_identify(navigation2/tools/smoother_benchmarking) by extension 'python_setup_py'
[1.251s] Level 1:colcon.colcon_core.package_identification:_identify(navigation2/tools/smoother_benchmarking/maps) by extensions ['ignore', 'ignore_ament_install']
[1.251s] Level 1:colcon.colcon_core.package_identification:_identify(navigation2/tools/smoother_benchmarking/maps) by extension 'ignore'
[1.251s] Level 1:colcon.colcon_core.package_identification:_identify(navigation2/tools/smoother_benchmarking/maps) by extension 'ignore_ament_install'
[1.251s] Level 1:colcon.colcon_core.package_identification:_identify(navigation2/tools/smoother_benchmarking/maps) by extensions ['colcon_pkg']
[1.251s] Level 1:colcon.colcon_core.package_identification:_identify(navigation2/tools/smoother_benchmarking/maps) by extension 'colcon_pkg'
[1.251s] Level 1:colcon.colcon_core.package_identification:_identify(navigation2/tools/smoother_benchmarking/maps) by extensions ['colcon_meta']
[1.251s] Level 1:colcon.colcon_core.package_identification:_identify(navigation2/tools/smoother_benchmarking/maps) by extension 'colcon_meta'
[1.251s] Level 1:colcon.colcon_core.package_identification:_identify(navigation2/tools/smoother_benchmarking/maps) by extensions ['ros']
[1.251s] Level 1:colcon.colcon_core.package_identification:_identify(navigation2/tools/smoother_benchmarking/maps) by extension 'ros'
[1.251s] Level 1:colcon.colcon_core.package_identification:_identify(navigation2/tools/smoother_benchmarking/maps) by extensions ['cmake', 'python']
[1.251s] Level 1:colcon.colcon_core.package_identification:_identify(navigation2/tools/smoother_benchmarking/maps) by extension 'cmake'
[1.251s] Level 1:colcon.colcon_core.package_identification:_identify(navigation2/tools/smoother_benchmarking/maps) by extension 'python'
[1.251s] Level 1:colcon.colcon_core.package_identification:_identify(navigation2/tools/smoother_benchmarking/maps) by extensions ['python_setup_py']
[1.251s] Level 1:colcon.colcon_core.package_identification:_identify(navigation2/tools/smoother_benchmarking/maps) by extension 'python_setup_py'
[1.251s] Level 1:colcon.colcon_core.package_identification:_identify(sam_bot_description) by extensions ['ignore', 'ignore_ament_install']
[1.251s] Level 1:colcon.colcon_core.package_identification:_identify(sam_bot_description) by extension 'ignore'
[1.252s] Level 1:colcon.colcon_core.package_identification:_identify(sam_bot_description) by extension 'ignore_ament_install'
[1.252s] Level 1:colcon.colcon_core.package_identification:_identify(sam_bot_description) by extensions ['colcon_pkg']
[1.252s] Level 1:colcon.colcon_core.package_identification:_identify(sam_bot_description) by extension 'colcon_pkg'
[1.252s] Level 1:colcon.colcon_core.package_identification:_identify(sam_bot_description) by extensions ['colcon_meta']
[1.252s] Level 1:colcon.colcon_core.package_identification:_identify(sam_bot_description) by extension 'colcon_meta'
[1.252s] Level 1:colcon.colcon_core.package_identification:_identify(sam_bot_description) by extensions ['ros']
[1.252s] Level 1:colcon.colcon_core.package_identification:_identify(sam_bot_description) by extension 'ros'
[1.252s] DEBUG:colcon.colcon_core.package_identification:Package 'sam_bot_description' with type 'ros.ament_cmake' and name 'sam_bot_description'
[1.252s] Level 1:colcon.colcon_core.package_discovery:discover_packages(recursive) using defaults
[1.252s] Level 1:colcon.colcon_core.package_discovery:discover_packages(ignore) discover
[1.252s] Level 1:colcon.colcon_core.package_discovery:discover_packages(ignore) using defaults
[1.252s] Level 1:colcon.colcon_core.package_discovery:discover_packages(path) discover
[1.252s] Level 1:colcon.colcon_core.package_discovery:discover_packages(path) using defaults
[1.254s] WARNING:colcon.colcon_core.package_selection:ignoring unknown package 'sam_bot_description/' in --packages-select
[1.410s] INFO:colcon.colcon_core.package_selection:Skipping not selected package 'nav2_common' in 'navigation2/nav2_common'
[1.410s] INFO:colcon.colcon_core.package_selection:Skipping not selected package 'nav_2d_msgs' in 'navigation2/nav2_dwb_controller/nav_2d_msgs'
[1.410s] INFO:colcon.colcon_core.package_selection:Skipping not selected package 'sam_bot_description' in 'sam_bot_description'
[1.410s] INFO:colcon.colcon_core.package_selection:Skipping not selected package 'dwb_msgs' in 'navigation2/nav2_dwb_controller/dwb_msgs'
[1.410s] INFO:colcon.colcon_core.package_selection:Skipping not selected package 'nav2_msgs' in 'navigation2/nav2_msgs'
[1.410s] INFO:colcon.colcon_core.package_selection:Skipping not selected package 'nav2_voxel_grid' in 'navigation2/nav2_voxel_grid'
[1.410s] INFO:colcon.colcon_core.package_selection:Skipping not selected package 'nav2_simple_commander' in 'navigation2/nav2_simple_commander'
[1.410s] INFO:colcon.colcon_core.package_selection:Skipping not selected package 'nav2_util' in 'navigation2/nav2_util'
[1.410s] INFO:colcon.colcon_core.package_selection:Skipping not selected package 'nav2_amcl' in 'navigation2/nav2_amcl'
[1.410s] INFO:colcon.colcon_core.package_selection:Skipping not selected package 'nav2_behavior_tree' in 'navigation2/nav2_behavior_tree'
[1.410s] INFO:colcon.colcon_core.package_selection:Skipping not selected package 'nav2_lifecycle_manager' in 'navigation2/nav2_lifecycle_manager'
[1.410s] INFO:colcon.colcon_core.package_selection:Skipping not selected package 'nav2_map_server' in 'navigation2/nav2_map_server'
[1.410s] INFO:colcon.colcon_core.package_selection:Skipping not selected package 'nav2_velocity_smoother' in 'navigation2/nav2_velocity_smoother'
[1.410s] INFO:colcon.colcon_core.package_selection:Skipping not selected package 'nav_2d_utils' in 'navigation2/nav2_dwb_controller/nav_2d_utils'
[1.410s] INFO:colcon.colcon_core.package_selection:Skipping not selected package 'nav2_costmap_2d' in 'navigation2/nav2_costmap_2d'
[1.410s] INFO:colcon.colcon_core.package_selection:Skipping not selected package 'nav2_rviz_plugins' in 'navigation2/nav2_rviz_plugins'
[1.410s] INFO:colcon.colcon_core.package_selection:Skipping not selected package 'costmap_queue' in 'navigation2/nav2_dwb_controller/costmap_queue'
[1.410s] INFO:colcon.colcon_core.package_selection:Skipping not selected package 'nav2_collision_monitor' in 'navigation2/nav2_collision_monitor'
[1.410s] INFO:colcon.colcon_core.package_selection:Skipping not selected package 'nav2_core' in 'navigation2/nav2_core'
[1.410s] INFO:colcon.colcon_core.package_selection:Skipping not selected package 'dwb_core' in 'navigation2/nav2_dwb_controller/dwb_core'
[1.410s] INFO:colcon.colcon_core.package_selection:Skipping not selected package 'nav2_behaviors' in 'navigation2/nav2_behaviors'
[1.410s] INFO:colcon.colcon_core.package_selection:Skipping not selected package 'nav2_bt_navigator' in 'navigation2/nav2_bt_navigator'
[1.410s] INFO:colcon.colcon_core.package_selection:Skipping not selected package 'nav2_constrained_smoother' in 'navigation2/nav2_constrained_smoother'
[1.410s] INFO:colcon.colcon_core.package_selection:Skipping not selected package 'nav2_controller' in 'navigation2/nav2_controller'
[1.410s] INFO:colcon.colcon_core.package_selection:Skipping not selected package 'nav2_mppi_controller' in 'navigation2/nav2_mppi_controller'
[1.410s] INFO:colcon.colcon_core.package_selection:Skipping not selected package 'nav2_navfn_planner' in 'navigation2/nav2_navfn_planner'
[1.411s] INFO:colcon.colcon_core.package_selection:Skipping not selected package 'nav2_planner' in 'navigation2/nav2_planner'
[1.411s] INFO:colcon.colcon_core.package_selection:Skipping not selected package 'nav2_regulated_pure_pursuit_controller' in 'navigation2/nav2_regulated_pure_pursuit_controller'
[1.411s] INFO:colcon.colcon_core.package_selection:Skipping not selected package 'nav2_smac_planner' in 'navigation2/nav2_smac_planner'
[1.411s] INFO:colcon.colcon_core.package_selection:Skipping not selected package 'nav2_smoother' in 'navigation2/nav2_smoother'
[1.411s] INFO:colcon.colcon_core.package_selection:Skipping not selected package 'nav2_theta_star_planner' in 'navigation2/nav2_theta_star_planner'
[1.411s] INFO:colcon.colcon_core.package_selection:Skipping not selected package 'nav2_waypoint_follower' in 'navigation2/nav2_waypoint_follower'
[1.411s] INFO:colcon.colcon_core.package_selection:Skipping not selected package 'dwb_critics' in 'navigation2/nav2_dwb_controller/dwb_critics'
[1.411s] INFO:colcon.colcon_core.package_selection:Skipping not selected package 'dwb_plugins' in 'navigation2/nav2_dwb_controller/dwb_plugins'
[1.411s] INFO:colcon.colcon_core.package_selection:Skipping not selected package 'nav2_rotation_shim_controller' in 'navigation2/nav2_rotation_shim_controller'
[1.411s] INFO:colcon.colcon_core.package_selection:Skipping not selected package 'nav2_dwb_controller' in 'navigation2/nav2_dwb_controller/nav2_dwb_controller'
[1.411s] INFO:colcon.colcon_core.package_selection:Skipping not selected package 'navigation2' in 'navigation2/navigation2'
[1.411s] INFO:colcon.colcon_core.package_selection:Skipping not selected package 'nav2_bringup' in 'navigation2/nav2_bringup'
[1.411s] INFO:colcon.colcon_core.package_selection:Skipping not selected package 'nav2_system_tests' in 'navigation2/nav2_system_tests'
[1.412s] Level 1:colcon.colcon_core.package_discovery:discover_packages(prefix_path) check parameters
[1.412s] Level 1:colcon.colcon_core.package_discovery:discover_packages(prefix_path) discover
[1.417s] DEBUG:colcon.colcon_installed_package_information.package_discovery:Found 395 installed packages in /opt/ros/humble
[1.419s] Level 1:colcon.colcon_core.package_discovery:discover_packages(prefix_path) using defaults
[1.485s] INFO:colcon.colcon_core.executor:Executing jobs using 'parallel' executor
[1.488s] DEBUG:colcon.colcon_parallel_executor.executor.parallel:run_until_complete
[1.488s] DEBUG:colcon.colcon_parallel_executor.executor.parallel:closing loop
[1.488s] DEBUG:colcon.colcon_parallel_executor.executor.parallel:loop closed
[1.488s] DEBUG:colcon.colcon_parallel_executor.executor.parallel:run_until_complete finished with '0'
[1.488s] DEBUG:colcon.colcon_core.event_reactor:joining thread
[1.497s] INFO:colcon.colcon_core.plugin_system:Skipping extension 'colcon_notification.desktop_notification.terminal_notifier': Not used on non-Darwin systems
[1.497s] INFO:colcon.colcon_core.plugin_system:Skipping extension 'colcon_notification.desktop_notification.win32': Not used on non-Windows systems
[1.497s] INFO:colcon.colcon_notification.desktop_notification:Sending desktop notification using 'notify2'
[1.516s] DEBUG:colcon.colcon_core.event_reactor:joined thread
[1.576s] INFO:colcon.colcon_core.plugin_system:Skipping extension 'colcon_core.shell.bat': Not used on non-Windows systems
[1.577s] INFO:colcon.colcon_core.shell:Creating prefix script '/home/lhl/nav2_ws/src/install/local_setup.ps1'
[1.580s] INFO:colcon.colcon_core.shell:Creating prefix util module '/home/lhl/nav2_ws/src/install/_local_setup_util_ps1.py'
[1.584s] INFO:colcon.colcon_core.shell:Creating prefix chain script '/home/lhl/nav2_ws/src/install/setup.ps1'
[1.588s] INFO:colcon.colcon_core.shell:Creating prefix script '/home/lhl/nav2_ws/src/install/local_setup.sh'
[1.590s] INFO:colcon.colcon_core.shell:Creating prefix util module '/home/lhl/nav2_ws/src/install/_local_setup_util_sh.py'
[1.592s] INFO:colcon.colcon_core.shell:Creating prefix chain script '/home/lhl/nav2_ws/src/install/setup.sh'
[1.596s] INFO:colcon.colcon_core.shell:Creating prefix script '/home/lhl/nav2_ws/src/install/local_setup.bash'
[1.597s] INFO:colcon.colcon_core.shell:Creating prefix chain script '/home/lhl/nav2_ws/src/install/setup.bash'
[1.601s] INFO:colcon.colcon_core.shell:Creating prefix script '/home/lhl/nav2_ws/src/install/local_setup.zsh'
[1.602s] INFO:colcon.colcon_core.shell:Creating prefix chain script '/home/lhl/nav2_ws/src/install/setup.zsh'
