[0.049s] Invoking command in '/home/lhl/nav2_ws/build/nav2_costmap_2d': CMAKE_PREFIX_PATH=/home/lhl/nav2_ws/install/nav2_map_server:/home/lhl/nav2_ws/install/nav2_lifecycle_manager:/home/lhl/nav2_ws/install/nav2_util:/home/lhl/nav2_ws/install/nav2_voxel_grid:/home/lhl/nav2_ws/install/nav2_msgs:/home/lhl/nav2_ws/install/nav2_common:/home/lhl/nav2_ws/install/sam_bot_description:/home/lhl/nav2_ws/install/nav2_system_tests:/home/lhl/nav2_ws/install/nav2_bringup:/home/lhl/nav2_ws/install/navigation2:/home/lhl/nav2_ws/install/nav2_smoother:/home/lhl/nav2_ws/install/nav2_dwb_controller:/home/lhl/nav2_ws/install/nav2_controller:/home/lhl/nav2_ws/install/dwb_plugins:/home/lhl/nav2_ws/install/dwb_critics:/home/lhl/nav2_ws/install/dwb_core:/home/lhl/nav2_ws/install/nav_2d_utils:/home/lhl/nav2_ws/install/dwb_msgs:/home/lhl/nav2_ws/install/nav_2d_msgs:/home/lhl/nav2_ws/install/nav2_waypoint_follower:/home/lhl/nav2_ws/install/nav2_theta_star_planner:/home/lhl/nav2_ws/install/nav2_straightline_planner:/home/lhl/nav2_ws/install/nav2_sms_behavior:/home/lhl/nav2_ws/install/nav2_smac_planner:/home/lhl/nav2_ws/install/nav2_rotation_shim_controller:/home/lhl/nav2_ws/install/nav2_regulated_pure_pursuit_controller:/home/lhl/nav2_ws/install/nav2_planner:/home/lhl/nav2_ws/install/nav2_navfn_planner:/home/lhl/nav2_ws/install/nav2_mppi_controller:/home/lhl/nav2_ws/install/nav2_gradient_costmap_plugin:/home/lhl/nav2_ws/install/nav2_constrained_smoother:/home/lhl/nav2_ws/install/nav2_bt_navigator:/home/lhl/nav2_ws/install/nav2_behaviors:/home/lhl/nav2_ws/install/nav2_core:/home/lhl/nav2_ws/install/nav2_collision_monitor:/home/lhl/nav2_ws/install/costmap_queue:/home/lhl/nav2_ws/install/nav2_costmap_2d:/home/lhl/nav2_ws/install/nav2_velocity_smoother:/home/lhl/nav2_ws/install/nav2_rviz_plugins:/home/lhl/nav2_ws/install/nav2_behavior_tree:/home/lhl/nav2_ws/install/nav2_amcl:/home/lhl/nav2_ws/install/nav2_costmap_filters_demo:/home/lhl/nav2_ws/src/install/sam_bot_description:/home/lhl/nav2_ws/src/install/nav2_system_tests:/home/lhl/nav2_ws/src/install/nav2_bringup:/home/lhl/nav2_ws/src/install/navigation2:/home/lhl/nav2_ws/src/install/nav2_smoother:/home/lhl/nav2_ws/src/install/nav2_dwb_controller:/home/lhl/nav2_ws/src/install/nav2_controller:/home/lhl/nav2_ws/src/install/dwb_plugins:/home/lhl/nav2_ws/src/install/dwb_critics:/home/lhl/nav2_ws/src/install/dwb_core:/home/lhl/nav2_ws/src/install/nav_2d_utils:/home/lhl/nav2_ws/src/install/dwb_msgs:/home/lhl/nav2_ws/src/install/nav_2d_msgs:/home/lhl/nav2_ws/src/install/nav2_waypoint_follower:/home/lhl/nav2_ws/src/install/nav2_theta_star_planner:/home/lhl/nav2_ws/src/install/nav2_smac_planner:/home/lhl/nav2_ws/src/install/nav2_rotation_shim_controller:/home/lhl/nav2_ws/src/install/nav2_regulated_pure_pursuit_controller:/home/lhl/nav2_ws/src/install/nav2_planner:/home/lhl/nav2_ws/src/install/nav2_navfn_planner:/home/lhl/nav2_ws/src/install/nav2_mppi_controller:/home/lhl/nav2_ws/src/install/nav2_constrained_smoother:/home/lhl/nav2_ws/src/install/nav2_bt_navigator:/home/lhl/nav2_ws/src/install/nav2_behaviors:/home/lhl/nav2_ws/src/install/nav2_core:/home/lhl/nav2_ws/src/install/nav2_collision_monitor:/home/lhl/nav2_ws/src/install/costmap_queue:/home/lhl/nav2_ws/src/install/nav2_costmap_2d:/home/lhl/nav2_ws/src/install/nav2_voxel_grid:/home/lhl/nav2_ws/src/install/nav2_velocity_smoother:/home/lhl/nav2_ws/src/install/nav2_rviz_plugins:/home/lhl/nav2_ws/src/install/nav2_map_server:/home/lhl/nav2_ws/src/install/nav2_lifecycle_manager:/home/lhl/nav2_ws/src/install/nav2_behavior_tree:/home/lhl/nav2_ws/src/install/nav2_amcl:/home/lhl/nav2_ws/src/install/nav2_util:/home/lhl/nav2_ws/src/install/nav2_msgs:/home/lhl/nav2_ws/src/install/nav2_common:/home/lhl/nav2_ws/install/nav2_simple_commander:/home/lhl/nav2_ws/src/install/nav2_simple_commander:/opt/ros/humble LD_LIBRARY_PATH=/home/lhl/nav2_ws/install/nav2_map_server/lib:/home/lhl/nav2_ws/install/nav2_lifecycle_manager/lib:/home/lhl/nav2_ws/install/nav2_util/lib:/home/lhl/nav2_ws/install/nav2_voxel_grid/lib:/home/lhl/nav2_ws/install/nav2_msgs/lib:/home/lhl/nav2_ws/install/nav2_smoother/lib:/home/lhl/nav2_ws/install/nav2_controller/lib:/home/lhl/nav2_ws/install/dwb_plugins/lib:/home/lhl/nav2_ws/install/dwb_critics/lib:/home/lhl/nav2_ws/install/dwb_core/lib:/home/lhl/nav2_ws/install/nav_2d_utils/lib:/home/lhl/nav2_ws/install/dwb_msgs/lib:/home/lhl/nav2_ws/install/nav_2d_msgs/lib:/home/lhl/nav2_ws/install/nav2_waypoint_follower/lib:/home/lhl/nav2_ws/install/nav2_theta_star_planner/lib:/home/lhl/nav2_ws/install/nav2_straightline_planner/lib:/home/lhl/nav2_ws/install/nav2_sms_behavior/lib:/home/lhl/nav2_ws/install/nav2_smac_planner/lib:/home/lhl/nav2_ws/install/nav2_rotation_shim_controller/lib:/home/lhl/nav2_ws/install/nav2_regulated_pure_pursuit_controller/lib:/home/lhl/nav2_ws/install/nav2_planner/lib:/home/lhl/nav2_ws/install/nav2_navfn_planner/lib:/home/lhl/nav2_ws/install/nav2_mppi_controller/lib:/home/lhl/nav2_ws/install/nav2_gradient_costmap_plugin/lib:/home/lhl/nav2_ws/install/nav2_constrained_smoother/lib:/home/lhl/nav2_ws/install/nav2_bt_navigator/lib:/home/lhl/nav2_ws/install/nav2_behaviors/lib:/home/lhl/nav2_ws/install/nav2_collision_monitor/lib:/home/lhl/nav2_ws/install/costmap_queue/lib:/home/lhl/nav2_ws/install/nav2_costmap_2d/lib:/home/lhl/nav2_ws/install/nav2_velocity_smoother/lib:/home/lhl/nav2_ws/install/nav2_rviz_plugins/lib:/home/lhl/nav2_ws/install/nav2_behavior_tree/lib:/home/lhl/nav2_ws/install/nav2_amcl/lib:/home/lhl/nav2_ws/src/install/nav2_smoother/lib:/home/lhl/nav2_ws/src/install/nav2_controller/lib:/home/lhl/nav2_ws/src/install/dwb_plugins/lib:/home/lhl/nav2_ws/src/install/dwb_critics/lib:/home/lhl/nav2_ws/src/install/dwb_core/lib:/home/lhl/nav2_ws/src/install/nav_2d_utils/lib:/home/lhl/nav2_ws/src/install/dwb_msgs/lib:/home/lhl/nav2_ws/src/install/nav_2d_msgs/lib:/home/lhl/nav2_ws/src/install/nav2_waypoint_follower/lib:/home/lhl/nav2_ws/src/install/nav2_theta_star_planner/lib:/home/lhl/nav2_ws/src/install/nav2_smac_planner/lib:/home/lhl/nav2_ws/src/install/nav2_rotation_shim_controller/lib:/home/lhl/nav2_ws/src/install/nav2_regulated_pure_pursuit_controller/lib:/home/lhl/nav2_ws/src/install/nav2_planner/lib:/home/lhl/nav2_ws/src/install/nav2_navfn_planner/lib:/home/lhl/nav2_ws/src/install/nav2_mppi_controller/lib:/home/lhl/nav2_ws/src/install/nav2_constrained_smoother/lib:/home/lhl/nav2_ws/src/install/nav2_bt_navigator/lib:/home/lhl/nav2_ws/src/install/nav2_behaviors/lib:/home/lhl/nav2_ws/src/install/nav2_collision_monitor/lib:/home/lhl/nav2_ws/src/install/costmap_queue/lib:/home/lhl/nav2_ws/src/install/nav2_costmap_2d/lib:/home/lhl/nav2_ws/src/install/nav2_voxel_grid/lib:/home/lhl/nav2_ws/src/install/nav2_velocity_smoother/lib:/home/lhl/nav2_ws/src/install/nav2_rviz_plugins/lib:/home/lhl/nav2_ws/src/install/nav2_map_server/lib:/home/lhl/nav2_ws/src/install/nav2_lifecycle_manager/lib:/home/lhl/nav2_ws/src/install/nav2_behavior_tree/lib:/home/lhl/nav2_ws/src/install/nav2_amcl/lib:/home/lhl/nav2_ws/src/install/nav2_util/lib:/home/lhl/nav2_ws/src/install/nav2_msgs/lib:/usr/lib/x86_64-linux-gnu/gazebo-11/plugins:/opt/ros/humble/opt/rviz_ogre_vendor/lib:/opt/ros/humble/lib/x86_64-linux-gnu:/opt/ros/humble/lib /usr/bin/cmake /home/lhl/nav2_ws/src/navigation2/nav2_costmap_2d -DCMAKE_INSTALL_PREFIX=/home/lhl/nav2_ws/install/nav2_costmap_2d
[0.551s] -- The C compiler identification is GNU 11.3.0
[0.650s] -- The CXX compiler identification is GNU 11.3.0
[0.663s] -- Detecting C compiler ABI info
[0.794s] -- Detecting C compiler ABI info - done
[0.808s] -- Check for working C compiler: /usr/bin/cc - skipped
[0.809s] -- Detecting C compile features
[0.810s] -- Detecting C compile features - done
[0.815s] -- Detecting CXX compiler ABI info
[1.029s] -- Detecting CXX compiler ABI info - done
[1.051s] -- Check for working CXX compiler: /usr/bin/c++ - skipped
[1.051s] -- Detecting CXX compile features
[1.052s] -- Detecting CXX compile features - done
[1.068s] -- Found ament_cmake: 1.3.4 (/opt/ros/humble/share/ament_cmake/cmake)
[1.469s] -- Found Python3: /usr/bin/python3.10 (found version "3.10.6") found components: Interpreter 
[1.862s] -- Found geometry_msgs: 4.2.3 (/opt/ros/humble/share/geometry_msgs/cmake)
[2.130s] -- Found rosidl_generator_c: 3.1.4 (/opt/ros/humble/share/rosidl_generator_c/cmake)
[2.172s] -- Found rosidl_adapter: 3.1.4 (/opt/ros/humble/share/rosidl_adapter/cmake)
[2.228s] -- Found rosidl_generator_cpp: 3.1.4 (/opt/ros/humble/share/rosidl_generator_cpp/cmake)
[2.307s] -- Using all available rosidl_typesupport_c: rosidl_typesupport_fastrtps_c;rosidl_typesupport_introspection_c
[2.397s] -- Using all available rosidl_typesupport_cpp: rosidl_typesupport_fastrtps_cpp;rosidl_typesupport_introspection_cpp
[2.746s] -- Found laser_geometry: 2.4.0 (/opt/ros/humble/share/laser_geometry/cmake)
[3.137s] -- Found rmw_implementation_cmake: 6.1.1 (/opt/ros/humble/share/rmw_implementation_cmake/cmake)
[3.169s] -- Found rmw_fastrtps_cpp: 6.2.2 (/opt/ros/humble/share/rmw_fastrtps_cpp/cmake)
[3.826s] -- Found OpenSSL: /usr/lib/x86_64-linux-gnu/libcrypto.so (found version "3.0.2")  
[3.938s] -- Found FastRTPS: /opt/ros/humble/include  
[4.158s] -- Using RMW implementation 'rmw_fastrtps_cpp' as default
[4.283s] -- Looking for pthread.h
[4.818s] -- Looking for pthread.h - found
[4.818s] -- Performing Test CMAKE_HAVE_LIBC_PTHREAD
[5.468s] -- Performing Test CMAKE_HAVE_LIBC_PTHREAD - Success
[5.470s] -- Found Threads: TRUE  
[6.289s] -- Found map_msgs: 2.1.0 (/opt/ros/humble/share/map_msgs/cmake)
[6.934s] -- Found message_filters: 4.3.3 (/opt/ros/humble/share/message_filters/cmake)
[6.946s] -- Found nav2_common: 1.1.6 (/home/lhl/nav2_ws/install/nav2_common/share/nav2_common/cmake)
[6.949s] -- Found nav2_msgs: 1.1.6 (/home/lhl/nav2_ws/install/nav2_msgs/share/nav2_msgs/cmake)
[7.661s] -- Found nav2_util: 1.1.6 (/home/lhl/nav2_ws/install/nav2_util/share/nav2_util/cmake)
[8.948s] -- Found Eigen3: TRUE (found version "3.4.0") 
[8.948s] -- Ensuring Eigen3 include directory is part of orocos-kdl CMake target
[9.485s] -- Found nav2_voxel_grid: 1.1.6 (/home/lhl/nav2_ws/install/nav2_voxel_grid/share/nav2_voxel_grid/cmake)
[9.512s] -- Found pluginlib: 5.1.0 (/opt/ros/humble/share/pluginlib/cmake)
[9.593s] -- Found std_srvs: 4.2.3 (/opt/ros/humble/share/std_srvs/cmake)
[9.903s] -- Found tf2_sensor_msgs: 0.25.2 (/opt/ros/humble/share/tf2_sensor_msgs/cmake)
[9.989s] -- Found visualization_msgs: 4.2.3 (/opt/ros/humble/share/visualization_msgs/cmake)
[10.510s] -- Found angles: 1.15.0 (/opt/ros/humble/share/angles/cmake)
[10.632s] -- Setting build type to Release as none was specified.
[16.167s] -- Found ament_lint_auto: 0.12.6 (/opt/ros/humble/share/ament_lint_auto/cmake)
[18.830s] -- Found gtest sources under '/opt/ros/humble/src/gtest_vendor': C++ tests using 'Google Test' will be built
[18.848s] -- Found gtest sources under '/opt/ros/humble/src/gtest_vendor': C++ tests using 'Google Test' will be built
[22.488s] -- Found gtest sources under '/opt/ros/humble/src/gtest_vendor': C++ tests using 'Google Test' will be built
[23.073s] -- Added test 'cppcheck' to perform static code analysis on C / C++ code
[23.075s] -- Configured cppcheck include dirs: /home/lhl/nav2_ws/src/navigation2/nav2_costmap_2d/include
[23.075s] -- Configured cppcheck exclude dirs and/or files: 
[23.078s] -- Added test 'flake8' to check Python code syntax and style conventions
[23.081s] -- Added test 'lint_cmake' to check CMake code style
[23.084s] -- Added test 'pep257' to check Python code against some of the docstring style conventions in PEP 257
[23.090s] -- Added test 'uncrustify' to check C / C++ code style
[23.090s] -- Configured uncrustify additional arguments: 
[23.092s] -- Added test 'xmllint' to check XML markup files
[23.099s] -- Configuring done
[24.065s] -- Generating done
[24.072s] -- Build files have been written to: /home/lhl/nav2_ws/build/nav2_costmap_2d
[24.094s] Invoked command in '/home/lhl/nav2_ws/build/nav2_costmap_2d' returned '0': CMAKE_PREFIX_PATH=/home/lhl/nav2_ws/install/nav2_map_server:/home/lhl/nav2_ws/install/nav2_lifecycle_manager:/home/lhl/nav2_ws/install/nav2_util:/home/lhl/nav2_ws/install/nav2_voxel_grid:/home/lhl/nav2_ws/install/nav2_msgs:/home/lhl/nav2_ws/install/nav2_common:/home/lhl/nav2_ws/install/sam_bot_description:/home/lhl/nav2_ws/install/nav2_system_tests:/home/lhl/nav2_ws/install/nav2_bringup:/home/lhl/nav2_ws/install/navigation2:/home/lhl/nav2_ws/install/nav2_smoother:/home/lhl/nav2_ws/install/nav2_dwb_controller:/home/lhl/nav2_ws/install/nav2_controller:/home/lhl/nav2_ws/install/dwb_plugins:/home/lhl/nav2_ws/install/dwb_critics:/home/lhl/nav2_ws/install/dwb_core:/home/lhl/nav2_ws/install/nav_2d_utils:/home/lhl/nav2_ws/install/dwb_msgs:/home/lhl/nav2_ws/install/nav_2d_msgs:/home/lhl/nav2_ws/install/nav2_waypoint_follower:/home/lhl/nav2_ws/install/nav2_theta_star_planner:/home/lhl/nav2_ws/install/nav2_straightline_planner:/home/lhl/nav2_ws/install/nav2_sms_behavior:/home/lhl/nav2_ws/install/nav2_smac_planner:/home/lhl/nav2_ws/install/nav2_rotation_shim_controller:/home/lhl/nav2_ws/install/nav2_regulated_pure_pursuit_controller:/home/lhl/nav2_ws/install/nav2_planner:/home/lhl/nav2_ws/install/nav2_navfn_planner:/home/lhl/nav2_ws/install/nav2_mppi_controller:/home/lhl/nav2_ws/install/nav2_gradient_costmap_plugin:/home/lhl/nav2_ws/install/nav2_constrained_smoother:/home/lhl/nav2_ws/install/nav2_bt_navigator:/home/lhl/nav2_ws/install/nav2_behaviors:/home/lhl/nav2_ws/install/nav2_core:/home/lhl/nav2_ws/install/nav2_collision_monitor:/home/lhl/nav2_ws/install/costmap_queue:/home/lhl/nav2_ws/install/nav2_costmap_2d:/home/lhl/nav2_ws/install/nav2_velocity_smoother:/home/lhl/nav2_ws/install/nav2_rviz_plugins:/home/lhl/nav2_ws/install/nav2_behavior_tree:/home/lhl/nav2_ws/install/nav2_amcl:/home/lhl/nav2_ws/install/nav2_costmap_filters_demo:/home/lhl/nav2_ws/src/install/sam_bot_description:/home/lhl/nav2_ws/src/install/nav2_system_tests:/home/lhl/nav2_ws/src/install/nav2_bringup:/home/lhl/nav2_ws/src/install/navigation2:/home/lhl/nav2_ws/src/install/nav2_smoother:/home/lhl/nav2_ws/src/install/nav2_dwb_controller:/home/lhl/nav2_ws/src/install/nav2_controller:/home/lhl/nav2_ws/src/install/dwb_plugins:/home/lhl/nav2_ws/src/install/dwb_critics:/home/lhl/nav2_ws/src/install/dwb_core:/home/lhl/nav2_ws/src/install/nav_2d_utils:/home/lhl/nav2_ws/src/install/dwb_msgs:/home/lhl/nav2_ws/src/install/nav_2d_msgs:/home/lhl/nav2_ws/src/install/nav2_waypoint_follower:/home/lhl/nav2_ws/src/install/nav2_theta_star_planner:/home/lhl/nav2_ws/src/install/nav2_smac_planner:/home/lhl/nav2_ws/src/install/nav2_rotation_shim_controller:/home/lhl/nav2_ws/src/install/nav2_regulated_pure_pursuit_controller:/home/lhl/nav2_ws/src/install/nav2_planner:/home/lhl/nav2_ws/src/install/nav2_navfn_planner:/home/lhl/nav2_ws/src/install/nav2_mppi_controller:/home/lhl/nav2_ws/src/install/nav2_constrained_smoother:/home/lhl/nav2_ws/src/install/nav2_bt_navigator:/home/lhl/nav2_ws/src/install/nav2_behaviors:/home/lhl/nav2_ws/src/install/nav2_core:/home/lhl/nav2_ws/src/install/nav2_collision_monitor:/home/lhl/nav2_ws/src/install/costmap_queue:/home/lhl/nav2_ws/src/install/nav2_costmap_2d:/home/lhl/nav2_ws/src/install/nav2_voxel_grid:/home/lhl/nav2_ws/src/install/nav2_velocity_smoother:/home/lhl/nav2_ws/src/install/nav2_rviz_plugins:/home/lhl/nav2_ws/src/install/nav2_map_server:/home/lhl/nav2_ws/src/install/nav2_lifecycle_manager:/home/lhl/nav2_ws/src/install/nav2_behavior_tree:/home/lhl/nav2_ws/src/install/nav2_amcl:/home/lhl/nav2_ws/src/install/nav2_util:/home/lhl/nav2_ws/src/install/nav2_msgs:/home/lhl/nav2_ws/src/install/nav2_common:/home/lhl/nav2_ws/install/nav2_simple_commander:/home/lhl/nav2_ws/src/install/nav2_simple_commander:/opt/ros/humble LD_LIBRARY_PATH=/home/lhl/nav2_ws/install/nav2_map_server/lib:/home/lhl/nav2_ws/install/nav2_lifecycle_manager/lib:/home/lhl/nav2_ws/install/nav2_util/lib:/home/lhl/nav2_ws/install/nav2_voxel_grid/lib:/home/lhl/nav2_ws/install/nav2_msgs/lib:/home/lhl/nav2_ws/install/nav2_smoother/lib:/home/lhl/nav2_ws/install/nav2_controller/lib:/home/lhl/nav2_ws/install/dwb_plugins/lib:/home/lhl/nav2_ws/install/dwb_critics/lib:/home/lhl/nav2_ws/install/dwb_core/lib:/home/lhl/nav2_ws/install/nav_2d_utils/lib:/home/lhl/nav2_ws/install/dwb_msgs/lib:/home/lhl/nav2_ws/install/nav_2d_msgs/lib:/home/lhl/nav2_ws/install/nav2_waypoint_follower/lib:/home/lhl/nav2_ws/install/nav2_theta_star_planner/lib:/home/lhl/nav2_ws/install/nav2_straightline_planner/lib:/home/lhl/nav2_ws/install/nav2_sms_behavior/lib:/home/lhl/nav2_ws/install/nav2_smac_planner/lib:/home/lhl/nav2_ws/install/nav2_rotation_shim_controller/lib:/home/lhl/nav2_ws/install/nav2_regulated_pure_pursuit_controller/lib:/home/lhl/nav2_ws/install/nav2_planner/lib:/home/lhl/nav2_ws/install/nav2_navfn_planner/lib:/home/lhl/nav2_ws/install/nav2_mppi_controller/lib:/home/lhl/nav2_ws/install/nav2_gradient_costmap_plugin/lib:/home/lhl/nav2_ws/install/nav2_constrained_smoother/lib:/home/lhl/nav2_ws/install/nav2_bt_navigator/lib:/home/lhl/nav2_ws/install/nav2_behaviors/lib:/home/lhl/nav2_ws/install/nav2_collision_monitor/lib:/home/lhl/nav2_ws/install/costmap_queue/lib:/home/lhl/nav2_ws/install/nav2_costmap_2d/lib:/home/lhl/nav2_ws/install/nav2_velocity_smoother/lib:/home/lhl/nav2_ws/install/nav2_rviz_plugins/lib:/home/lhl/nav2_ws/install/nav2_behavior_tree/lib:/home/lhl/nav2_ws/install/nav2_amcl/lib:/home/lhl/nav2_ws/src/install/nav2_smoother/lib:/home/lhl/nav2_ws/src/install/nav2_controller/lib:/home/lhl/nav2_ws/src/install/dwb_plugins/lib:/home/lhl/nav2_ws/src/install/dwb_critics/lib:/home/lhl/nav2_ws/src/install/dwb_core/lib:/home/lhl/nav2_ws/src/install/nav_2d_utils/lib:/home/lhl/nav2_ws/src/install/dwb_msgs/lib:/home/lhl/nav2_ws/src/install/nav_2d_msgs/lib:/home/lhl/nav2_ws/src/install/nav2_waypoint_follower/lib:/home/lhl/nav2_ws/src/install/nav2_theta_star_planner/lib:/home/lhl/nav2_ws/src/install/nav2_smac_planner/lib:/home/lhl/nav2_ws/src/install/nav2_rotation_shim_controller/lib:/home/lhl/nav2_ws/src/install/nav2_regulated_pure_pursuit_controller/lib:/home/lhl/nav2_ws/src/install/nav2_planner/lib:/home/lhl/nav2_ws/src/install/nav2_navfn_planner/lib:/home/lhl/nav2_ws/src/install/nav2_mppi_controller/lib:/home/lhl/nav2_ws/src/install/nav2_constrained_smoother/lib:/home/lhl/nav2_ws/src/install/nav2_bt_navigator/lib:/home/lhl/nav2_ws/src/install/nav2_behaviors/lib:/home/lhl/nav2_ws/src/install/nav2_collision_monitor/lib:/home/lhl/nav2_ws/src/install/costmap_queue/lib:/home/lhl/nav2_ws/src/install/nav2_costmap_2d/lib:/home/lhl/nav2_ws/src/install/nav2_voxel_grid/lib:/home/lhl/nav2_ws/src/install/nav2_velocity_smoother/lib:/home/lhl/nav2_ws/src/install/nav2_rviz_plugins/lib:/home/lhl/nav2_ws/src/install/nav2_map_server/lib:/home/lhl/nav2_ws/src/install/nav2_lifecycle_manager/lib:/home/lhl/nav2_ws/src/install/nav2_behavior_tree/lib:/home/lhl/nav2_ws/src/install/nav2_amcl/lib:/home/lhl/nav2_ws/src/install/nav2_util/lib:/home/lhl/nav2_ws/src/install/nav2_msgs/lib:/usr/lib/x86_64-linux-gnu/gazebo-11/plugins:/opt/ros/humble/opt/rviz_ogre_vendor/lib:/opt/ros/humble/lib/x86_64-linux-gnu:/opt/ros/humble/lib /usr/bin/cmake /home/lhl/nav2_ws/src/navigation2/nav2_costmap_2d -DCMAKE_INSTALL_PREFIX=/home/lhl/nav2_ws/install/nav2_costmap_2d
[24.097s] Invoking command in '/home/lhl/nav2_ws/build/nav2_costmap_2d': CMAKE_PREFIX_PATH=/home/lhl/nav2_ws/install/nav2_map_server:/home/lhl/nav2_ws/install/nav2_lifecycle_manager:/home/lhl/nav2_ws/install/nav2_util:/home/lhl/nav2_ws/install/nav2_voxel_grid:/home/lhl/nav2_ws/install/nav2_msgs:/home/lhl/nav2_ws/install/nav2_common:/home/lhl/nav2_ws/install/sam_bot_description:/home/lhl/nav2_ws/install/nav2_system_tests:/home/lhl/nav2_ws/install/nav2_bringup:/home/lhl/nav2_ws/install/navigation2:/home/lhl/nav2_ws/install/nav2_smoother:/home/lhl/nav2_ws/install/nav2_dwb_controller:/home/lhl/nav2_ws/install/nav2_controller:/home/lhl/nav2_ws/install/dwb_plugins:/home/lhl/nav2_ws/install/dwb_critics:/home/lhl/nav2_ws/install/dwb_core:/home/lhl/nav2_ws/install/nav_2d_utils:/home/lhl/nav2_ws/install/dwb_msgs:/home/lhl/nav2_ws/install/nav_2d_msgs:/home/lhl/nav2_ws/install/nav2_waypoint_follower:/home/lhl/nav2_ws/install/nav2_theta_star_planner:/home/lhl/nav2_ws/install/nav2_straightline_planner:/home/lhl/nav2_ws/install/nav2_sms_behavior:/home/lhl/nav2_ws/install/nav2_smac_planner:/home/lhl/nav2_ws/install/nav2_rotation_shim_controller:/home/lhl/nav2_ws/install/nav2_regulated_pure_pursuit_controller:/home/lhl/nav2_ws/install/nav2_planner:/home/lhl/nav2_ws/install/nav2_navfn_planner:/home/lhl/nav2_ws/install/nav2_mppi_controller:/home/lhl/nav2_ws/install/nav2_gradient_costmap_plugin:/home/lhl/nav2_ws/install/nav2_constrained_smoother:/home/lhl/nav2_ws/install/nav2_bt_navigator:/home/lhl/nav2_ws/install/nav2_behaviors:/home/lhl/nav2_ws/install/nav2_core:/home/lhl/nav2_ws/install/nav2_collision_monitor:/home/lhl/nav2_ws/install/costmap_queue:/home/lhl/nav2_ws/install/nav2_costmap_2d:/home/lhl/nav2_ws/install/nav2_velocity_smoother:/home/lhl/nav2_ws/install/nav2_rviz_plugins:/home/lhl/nav2_ws/install/nav2_behavior_tree:/home/lhl/nav2_ws/install/nav2_amcl:/home/lhl/nav2_ws/install/nav2_costmap_filters_demo:/home/lhl/nav2_ws/src/install/sam_bot_description:/home/lhl/nav2_ws/src/install/nav2_system_tests:/home/lhl/nav2_ws/src/install/nav2_bringup:/home/lhl/nav2_ws/src/install/navigation2:/home/lhl/nav2_ws/src/install/nav2_smoother:/home/lhl/nav2_ws/src/install/nav2_dwb_controller:/home/lhl/nav2_ws/src/install/nav2_controller:/home/lhl/nav2_ws/src/install/dwb_plugins:/home/lhl/nav2_ws/src/install/dwb_critics:/home/lhl/nav2_ws/src/install/dwb_core:/home/lhl/nav2_ws/src/install/nav_2d_utils:/home/lhl/nav2_ws/src/install/dwb_msgs:/home/lhl/nav2_ws/src/install/nav_2d_msgs:/home/lhl/nav2_ws/src/install/nav2_waypoint_follower:/home/lhl/nav2_ws/src/install/nav2_theta_star_planner:/home/lhl/nav2_ws/src/install/nav2_smac_planner:/home/lhl/nav2_ws/src/install/nav2_rotation_shim_controller:/home/lhl/nav2_ws/src/install/nav2_regulated_pure_pursuit_controller:/home/lhl/nav2_ws/src/install/nav2_planner:/home/lhl/nav2_ws/src/install/nav2_navfn_planner:/home/lhl/nav2_ws/src/install/nav2_mppi_controller:/home/lhl/nav2_ws/src/install/nav2_constrained_smoother:/home/lhl/nav2_ws/src/install/nav2_bt_navigator:/home/lhl/nav2_ws/src/install/nav2_behaviors:/home/lhl/nav2_ws/src/install/nav2_core:/home/lhl/nav2_ws/src/install/nav2_collision_monitor:/home/lhl/nav2_ws/src/install/costmap_queue:/home/lhl/nav2_ws/src/install/nav2_costmap_2d:/home/lhl/nav2_ws/src/install/nav2_voxel_grid:/home/lhl/nav2_ws/src/install/nav2_velocity_smoother:/home/lhl/nav2_ws/src/install/nav2_rviz_plugins:/home/lhl/nav2_ws/src/install/nav2_map_server:/home/lhl/nav2_ws/src/install/nav2_lifecycle_manager:/home/lhl/nav2_ws/src/install/nav2_behavior_tree:/home/lhl/nav2_ws/src/install/nav2_amcl:/home/lhl/nav2_ws/src/install/nav2_util:/home/lhl/nav2_ws/src/install/nav2_msgs:/home/lhl/nav2_ws/src/install/nav2_common:/home/lhl/nav2_ws/install/nav2_simple_commander:/home/lhl/nav2_ws/src/install/nav2_simple_commander:/opt/ros/humble LD_LIBRARY_PATH=/home/lhl/nav2_ws/install/nav2_map_server/lib:/home/lhl/nav2_ws/install/nav2_lifecycle_manager/lib:/home/lhl/nav2_ws/install/nav2_util/lib:/home/lhl/nav2_ws/install/nav2_voxel_grid/lib:/home/lhl/nav2_ws/install/nav2_msgs/lib:/home/lhl/nav2_ws/install/nav2_smoother/lib:/home/lhl/nav2_ws/install/nav2_controller/lib:/home/lhl/nav2_ws/install/dwb_plugins/lib:/home/lhl/nav2_ws/install/dwb_critics/lib:/home/lhl/nav2_ws/install/dwb_core/lib:/home/lhl/nav2_ws/install/nav_2d_utils/lib:/home/lhl/nav2_ws/install/dwb_msgs/lib:/home/lhl/nav2_ws/install/nav_2d_msgs/lib:/home/lhl/nav2_ws/install/nav2_waypoint_follower/lib:/home/lhl/nav2_ws/install/nav2_theta_star_planner/lib:/home/lhl/nav2_ws/install/nav2_straightline_planner/lib:/home/lhl/nav2_ws/install/nav2_sms_behavior/lib:/home/lhl/nav2_ws/install/nav2_smac_planner/lib:/home/lhl/nav2_ws/install/nav2_rotation_shim_controller/lib:/home/lhl/nav2_ws/install/nav2_regulated_pure_pursuit_controller/lib:/home/lhl/nav2_ws/install/nav2_planner/lib:/home/lhl/nav2_ws/install/nav2_navfn_planner/lib:/home/lhl/nav2_ws/install/nav2_mppi_controller/lib:/home/lhl/nav2_ws/install/nav2_gradient_costmap_plugin/lib:/home/lhl/nav2_ws/install/nav2_constrained_smoother/lib:/home/lhl/nav2_ws/install/nav2_bt_navigator/lib:/home/lhl/nav2_ws/install/nav2_behaviors/lib:/home/lhl/nav2_ws/install/nav2_collision_monitor/lib:/home/lhl/nav2_ws/install/costmap_queue/lib:/home/lhl/nav2_ws/install/nav2_costmap_2d/lib:/home/lhl/nav2_ws/install/nav2_velocity_smoother/lib:/home/lhl/nav2_ws/install/nav2_rviz_plugins/lib:/home/lhl/nav2_ws/install/nav2_behavior_tree/lib:/home/lhl/nav2_ws/install/nav2_amcl/lib:/home/lhl/nav2_ws/src/install/nav2_smoother/lib:/home/lhl/nav2_ws/src/install/nav2_controller/lib:/home/lhl/nav2_ws/src/install/dwb_plugins/lib:/home/lhl/nav2_ws/src/install/dwb_critics/lib:/home/lhl/nav2_ws/src/install/dwb_core/lib:/home/lhl/nav2_ws/src/install/nav_2d_utils/lib:/home/lhl/nav2_ws/src/install/dwb_msgs/lib:/home/lhl/nav2_ws/src/install/nav_2d_msgs/lib:/home/lhl/nav2_ws/src/install/nav2_waypoint_follower/lib:/home/lhl/nav2_ws/src/install/nav2_theta_star_planner/lib:/home/lhl/nav2_ws/src/install/nav2_smac_planner/lib:/home/lhl/nav2_ws/src/install/nav2_rotation_shim_controller/lib:/home/lhl/nav2_ws/src/install/nav2_regulated_pure_pursuit_controller/lib:/home/lhl/nav2_ws/src/install/nav2_planner/lib:/home/lhl/nav2_ws/src/install/nav2_navfn_planner/lib:/home/lhl/nav2_ws/src/install/nav2_mppi_controller/lib:/home/lhl/nav2_ws/src/install/nav2_constrained_smoother/lib:/home/lhl/nav2_ws/src/install/nav2_bt_navigator/lib:/home/lhl/nav2_ws/src/install/nav2_behaviors/lib:/home/lhl/nav2_ws/src/install/nav2_collision_monitor/lib:/home/lhl/nav2_ws/src/install/costmap_queue/lib:/home/lhl/nav2_ws/src/install/nav2_costmap_2d/lib:/home/lhl/nav2_ws/src/install/nav2_voxel_grid/lib:/home/lhl/nav2_ws/src/install/nav2_velocity_smoother/lib:/home/lhl/nav2_ws/src/install/nav2_rviz_plugins/lib:/home/lhl/nav2_ws/src/install/nav2_map_server/lib:/home/lhl/nav2_ws/src/install/nav2_lifecycle_manager/lib:/home/lhl/nav2_ws/src/install/nav2_behavior_tree/lib:/home/lhl/nav2_ws/src/install/nav2_amcl/lib:/home/lhl/nav2_ws/src/install/nav2_util/lib:/home/lhl/nav2_ws/src/install/nav2_msgs/lib:/usr/lib/x86_64-linux-gnu/gazebo-11/plugins:/opt/ros/humble/opt/rviz_ogre_vendor/lib:/opt/ros/humble/lib/x86_64-linux-gnu:/opt/ros/humble/lib /usr/bin/cmake --build /home/lhl/nav2_ws/build/nav2_costmap_2d -- -j8 -l8
[24.192s] [  1%] [32mBuilding CXX object CMakeFiles/nav2_costmap_2d_core.dir/src/array_parser.cpp.o[0m
[24.921s] [  4%] [32mBuilding CXX object CMakeFiles/nav2_costmap_2d_core.dir/src/costmap_2d_ros.cpp.o[0m
[24.921s] [  4%] [32mBuilding CXX object CMakeFiles/nav2_costmap_2d_core.dir/src/layered_costmap.cpp.o[0m
[25.948s] [  5%] [32mBuilding CXX object CMakeFiles/nav2_costmap_2d_core.dir/src/costmap_2d_publisher.cpp.o[0m
[26.980s] [  6%] [32mBuilding CXX object CMakeFiles/nav2_costmap_2d_core.dir/src/layer.cpp.o[0m
[28.051s] [  8%] [32mBuilding CXX object CMakeFiles/nav2_costmap_2d_core.dir/src/costmap_2d.cpp.o[0m
[44.591s] [  9%] [32mBuilding CXX object CMakeFiles/nav2_costmap_2d_core.dir/src/observation_buffer.cpp.o[0m
[45.614s] [ 10%] [32mBuilding CXX object CMakeFiles/nav2_costmap_2d_core.dir/src/costmap_layer.cpp.o[0m
[47.643s] [ 12%] [32mBuilding CXX object CMakeFiles/nav2_costmap_2d_core.dir/src/footprint.cpp.o[0m
[51.721s] [ 13%] [32mBuilding CXX object CMakeFiles/nav2_costmap_2d_core.dir/plugins/costmap_filters/costmap_filter.cpp.o[0m
[56.178s] [ 14%] [32mBuilding CXX object CMakeFiles/nav2_costmap_2d_core.dir/src/clear_costmap_service.cpp.o[0m
[56.179s] [ 17%] [32mBuilding CXX object CMakeFiles/nav2_costmap_2d_core.dir/src/costmap_math.cpp.o[0m
[56.181s] [ 17%] [32mBuilding CXX object CMakeFiles/nav2_costmap_2d_core.dir/src/footprint_collision_checker.cpp.o[0m
[69.087s] [ 18%] [32m[1mLinking CXX shared library libnav2_costmap_2d_core.so[0m
[69.679s] [ 18%] Built target nav2_costmap_2d_core
[69.745s] [ 20%] [32mBuilding CXX object test/regression/CMakeFiles/order_layer.dir/order_layer.cpp.o[0m
[73.426s] [ 21%] [32m[1mLinking CXX shared library liborder_layer.so[0m
[73.808s] [ 21%] Built target order_layer
[73.847s] [ 22%] [32mBuilding CXX object CMakeFiles/nav2_costmap_2d_cloud.dir/src/costmap_2d_cloud.cpp.o[0m
[88.010s] [ 24%] [32m[1mLinking CXX executable nav2_costmap_2d_cloud[0m
[88.638s] [ 24%] Built target nav2_costmap_2d_cloud
[88.794s] [ 25%] [32mBuilding CXX object CMakeFiles/nav2_costmap_2d_markers.dir/src/costmap_2d_markers.cpp.o[0m
[88.806s] [ 26%] [32mBuilding CXX object CMakeFiles/nav2_costmap_2d_client.dir/src/costmap_subscriber.cpp.o[0m
[88.813s] [ 28%] [32mBuilding CXX object CMakeFiles/nav2_costmap_2d_client.dir/src/footprint_subscriber.cpp.o[0m
[88.846s] [ 29%] [32mBuilding CXX object CMakeFiles/filters.dir/plugins/costmap_filters/keepout_filter.cpp.o[0m
[88.854s] [ 30%] [32mBuilding CXX object CMakeFiles/nav2_costmap_2d_client.dir/src/costmap_topic_collision_checker.cpp.o[0m
[99.915s] [ 32%] [32mBuilding CXX object CMakeFiles/filters.dir/plugins/costmap_filters/speed_filter.cpp.o[0m
[106.866s] [ 33%] [32mBuilding CXX object CMakeFiles/filters.dir/plugins/costmap_filters/binary_filter.cpp.o[0m
[106.896s] [ 34%] [32m[1mLinking CXX executable nav2_costmap_2d_markers[0m
[107.484s] [ 34%] Built target nav2_costmap_2d_markers
[107.619s] [ 36%] [32mBuilding CXX object CMakeFiles/layers.dir/plugins/inflation_layer.cpp.o[0m
[107.646s] [ 37%] [32mBuilding CXX object CMakeFiles/layers.dir/plugins/static_layer.cpp.o[0m
[107.763s] [ 38%] [32m[1mLinking CXX shared library libnav2_costmap_2d_client.so[0m
[108.985s] [ 38%] Built target nav2_costmap_2d_client
[109.058s] [ 40%] [32mBuilding CXX object CMakeFiles/layers.dir/plugins/obstacle_layer.cpp.o[0m
[109.198s] [ 41%] [32mBuilding CXX object gtest/CMakeFiles/gtest.dir/src/gtest-all.cc.o[0m
[124.646s] [ 42%] [32m[1mLinking CXX static library libgtest.a[0m
[124.724s] [ 42%] Built target gtest
[132.042s] [ 44%] [32m[1mLinking CXX shared library libfilters.so[0m
[132.585s] [ 44%] Built target filters
[136.952s] [ 46%] [32mBuilding CXX object CMakeFiles/layers.dir/plugins/range_sensor_layer.cpp.o[0m
[136.952s] [ 46%] [32mBuilding CXX object CMakeFiles/layers.dir/plugins/voxel_layer.cpp.o[0m
[151.905s] [ 48%] [32mBuilding CXX object CMakeFiles/layers.dir/src/observation_buffer.cpp.o[0m
[159.421s] [ 49%] [32m[1mLinking CXX shared library liblayers.so[0m
[160.062s] [ 49%] Built target layers
[160.116s] [ 50%] [32mBuilding CXX object CMakeFiles/nav2_costmap_2d.dir/src/costmap_2d_node.cpp.o[0m
[160.121s] [ 52%] [32mBuilding CXX object gtest/CMakeFiles/gtest_main.dir/src/gtest_main.cc.o[0m
[161.909s] [ 53%] [32m[1mLinking CXX static library libgtest_main.a[0m
[162.007s] [ 53%] Built target gtest_main
[162.075s] [ 54%] [32mBuilding CXX object test/unit/CMakeFiles/array_parser_test.dir/array_parser_test.cpp.o[0m
[163.250s] [ 56%] [32mBuilding CXX object test/unit/CMakeFiles/binary_filter_test.dir/binary_filter_test.cpp.o[0m
[164.366s] [ 57%] [32mBuilding CXX object test/unit/CMakeFiles/speed_filter_test.dir/speed_filter_test.cpp.o[0m
[165.458s] [ 58%] [32m[1mLinking CXX executable array_parser_test[0m
[166.442s] [ 58%] Built target array_parser_test
[171.136s] [ 60%] [32m[1mLinking CXX executable nav2_costmap_2d[0m
[172.032s] [ 60%] Built target nav2_costmap_2d
[184.745s] [ 61%] [32m[1mLinking CXX executable binary_filter_test[0m
[185.094s] [ 62%] [32mBuilding CXX object test/unit/CMakeFiles/costmap_filter_service_test.dir/costmap_filter_service_test.cpp.o[0m
[185.189s] [ 62%] Built target binary_filter_test
[185.232s] [ 64%] [32mBuilding CXX object test/unit/CMakeFiles/copy_window_test.dir/copy_window_test.cpp.o[0m
[185.403s] [ 65%] [32m[1mLinking CXX executable speed_filter_test[0m
[186.034s] [ 65%] Built target speed_filter_test
[186.077s] [ 66%] [32mBuilding CXX object test/integration/CMakeFiles/footprint_tests_exec.dir/footprint_tests.cpp.o[0m
[186.091s] [ 68%] [32mBuilding CXX object test/unit/CMakeFiles/keepout_filter_test.dir/keepout_filter_test.cpp.o[0m
[187.199s] [ 69%] [32mBuilding CXX object test/integration/CMakeFiles/test_collision_checker_exec.dir/test_costmap_topic_collision_checker.cpp.o[0m
[188.311s] [ 70%] [32mBuilding CXX object test/unit/CMakeFiles/declare_parameter_test.dir/declare_parameter_test.cpp.o[0m
[189.450s] [ 72%] [32mBuilding CXX object test/unit/CMakeFiles/costmap_convesion_test.dir/costmap_conversion_test.cpp.o[0m
[193.681s] [ 73%] [32m[1mLinking CXX executable copy_window_test[0m
[194.304s] [ 73%] Built target copy_window_test
[196.798s] [ 74%] [32m[1mLinking CXX executable footprint_tests_exec[0m
[197.963s] [ 74%] Built target footprint_tests_exec
[198.095s] [ 76%] [32m[1mLinking CXX executable costmap_filter_service_test[0m
[198.375s] [ 77%] [32m[1mLinking CXX executable costmap_convesion_test[0m
[199.007s] [ 77%] Built target costmap_filter_service_test
[199.171s] [ 77%] Built target costmap_convesion_test
[200.448s] [ 78%] [32m[1mLinking CXX executable declare_parameter_test[0m
[201.056s] [ 78%] Built target declare_parameter_test
[204.672s] [ 80%] [32m[1mLinking CXX executable keepout_filter_test[0m
[205.040s] [ 80%] Built target keepout_filter_test
[205.720s] [ 81%] [32m[1mLinking CXX executable test_collision_checker_exec[0m
[206.169s] [ 81%] Built target test_collision_checker_exec
[206.212s] [ 82%] [32mBuilding CXX object test/regression/CMakeFiles/plugin_api_order.dir/plugin_api_order.cpp.o[0m
[211.056s] [ 84%] [32m[1mLinking CXX executable plugin_api_order[0m
[211.317s] [ 84%] Built target plugin_api_order
[211.357s] [ 85%] [32mBuilding CXX object test/regression/CMakeFiles/costmap_bresenham_2d.dir/costmap_bresenham_2d.cpp.o[0m
[212.822s] [ 86%] [32m[1mLinking CXX executable costmap_bresenham_2d[0m
[213.068s] [ 86%] Built target costmap_bresenham_2d
[213.107s] [ 88%] [32mBuilding CXX object test/integration/CMakeFiles/dyn_params_tests.dir/dyn_params_tests.cpp.o[0m
[223.863s] [ 89%] [32m[1mLinking CXX executable dyn_params_tests[0m
[224.808s] [ 89%] Built target dyn_params_tests
[225.020s] [ 90%] [32mBuilding CXX object test/integration/CMakeFiles/obstacle_tests_exec.dir/obstacle_tests.cpp.o[0m
[225.040s] [ 92%] [32mBuilding CXX object test/integration/CMakeFiles/range_tests_exec.dir/range_tests.cpp.o[0m
[237.158s] [ 93%] [32m[1mLinking CXX executable range_tests_exec[0m
[237.788s] [ 93%] Built target range_tests_exec
[237.864s] [ 94%] [32mBuilding CXX object test/integration/CMakeFiles/inflation_tests_exec.dir/inflation_tests.cpp.o[0m
[242.774s] [ 96%] [32m[1mLinking CXX executable obstacle_tests_exec[0m
[243.948s] [ 96%] Built target obstacle_tests_exec
[255.908s] [ 97%] [32m[1mLinking CXX executable inflation_tests_exec[0m
[256.773s] [ 97%] Built target inflation_tests_exec
[256.832s] [ 98%] [32mBuilding CXX object test/unit/CMakeFiles/collision_footprint_test.dir/footprint_collision_checker_test.cpp.o[0m
[263.353s] [100%] [32m[1mLinking CXX executable collision_footprint_test[0m
[263.681s] [100%] Built target collision_footprint_test
[263.703s] Invoked command in '/home/lhl/nav2_ws/build/nav2_costmap_2d' returned '0': CMAKE_PREFIX_PATH=/home/lhl/nav2_ws/install/nav2_map_server:/home/lhl/nav2_ws/install/nav2_lifecycle_manager:/home/lhl/nav2_ws/install/nav2_util:/home/lhl/nav2_ws/install/nav2_voxel_grid:/home/lhl/nav2_ws/install/nav2_msgs:/home/lhl/nav2_ws/install/nav2_common:/home/lhl/nav2_ws/install/sam_bot_description:/home/lhl/nav2_ws/install/nav2_system_tests:/home/lhl/nav2_ws/install/nav2_bringup:/home/lhl/nav2_ws/install/navigation2:/home/lhl/nav2_ws/install/nav2_smoother:/home/lhl/nav2_ws/install/nav2_dwb_controller:/home/lhl/nav2_ws/install/nav2_controller:/home/lhl/nav2_ws/install/dwb_plugins:/home/lhl/nav2_ws/install/dwb_critics:/home/lhl/nav2_ws/install/dwb_core:/home/lhl/nav2_ws/install/nav_2d_utils:/home/lhl/nav2_ws/install/dwb_msgs:/home/lhl/nav2_ws/install/nav_2d_msgs:/home/lhl/nav2_ws/install/nav2_waypoint_follower:/home/lhl/nav2_ws/install/nav2_theta_star_planner:/home/lhl/nav2_ws/install/nav2_straightline_planner:/home/lhl/nav2_ws/install/nav2_sms_behavior:/home/lhl/nav2_ws/install/nav2_smac_planner:/home/lhl/nav2_ws/install/nav2_rotation_shim_controller:/home/lhl/nav2_ws/install/nav2_regulated_pure_pursuit_controller:/home/lhl/nav2_ws/install/nav2_planner:/home/lhl/nav2_ws/install/nav2_navfn_planner:/home/lhl/nav2_ws/install/nav2_mppi_controller:/home/lhl/nav2_ws/install/nav2_gradient_costmap_plugin:/home/lhl/nav2_ws/install/nav2_constrained_smoother:/home/lhl/nav2_ws/install/nav2_bt_navigator:/home/lhl/nav2_ws/install/nav2_behaviors:/home/lhl/nav2_ws/install/nav2_core:/home/lhl/nav2_ws/install/nav2_collision_monitor:/home/lhl/nav2_ws/install/costmap_queue:/home/lhl/nav2_ws/install/nav2_costmap_2d:/home/lhl/nav2_ws/install/nav2_velocity_smoother:/home/lhl/nav2_ws/install/nav2_rviz_plugins:/home/lhl/nav2_ws/install/nav2_behavior_tree:/home/lhl/nav2_ws/install/nav2_amcl:/home/lhl/nav2_ws/install/nav2_costmap_filters_demo:/home/lhl/nav2_ws/src/install/sam_bot_description:/home/lhl/nav2_ws/src/install/nav2_system_tests:/home/lhl/nav2_ws/src/install/nav2_bringup:/home/lhl/nav2_ws/src/install/navigation2:/home/lhl/nav2_ws/src/install/nav2_smoother:/home/lhl/nav2_ws/src/install/nav2_dwb_controller:/home/lhl/nav2_ws/src/install/nav2_controller:/home/lhl/nav2_ws/src/install/dwb_plugins:/home/lhl/nav2_ws/src/install/dwb_critics:/home/lhl/nav2_ws/src/install/dwb_core:/home/lhl/nav2_ws/src/install/nav_2d_utils:/home/lhl/nav2_ws/src/install/dwb_msgs:/home/lhl/nav2_ws/src/install/nav_2d_msgs:/home/lhl/nav2_ws/src/install/nav2_waypoint_follower:/home/lhl/nav2_ws/src/install/nav2_theta_star_planner:/home/lhl/nav2_ws/src/install/nav2_smac_planner:/home/lhl/nav2_ws/src/install/nav2_rotation_shim_controller:/home/lhl/nav2_ws/src/install/nav2_regulated_pure_pursuit_controller:/home/lhl/nav2_ws/src/install/nav2_planner:/home/lhl/nav2_ws/src/install/nav2_navfn_planner:/home/lhl/nav2_ws/src/install/nav2_mppi_controller:/home/lhl/nav2_ws/src/install/nav2_constrained_smoother:/home/lhl/nav2_ws/src/install/nav2_bt_navigator:/home/lhl/nav2_ws/src/install/nav2_behaviors:/home/lhl/nav2_ws/src/install/nav2_core:/home/lhl/nav2_ws/src/install/nav2_collision_monitor:/home/lhl/nav2_ws/src/install/costmap_queue:/home/lhl/nav2_ws/src/install/nav2_costmap_2d:/home/lhl/nav2_ws/src/install/nav2_voxel_grid:/home/lhl/nav2_ws/src/install/nav2_velocity_smoother:/home/lhl/nav2_ws/src/install/nav2_rviz_plugins:/home/lhl/nav2_ws/src/install/nav2_map_server:/home/lhl/nav2_ws/src/install/nav2_lifecycle_manager:/home/lhl/nav2_ws/src/install/nav2_behavior_tree:/home/lhl/nav2_ws/src/install/nav2_amcl:/home/lhl/nav2_ws/src/install/nav2_util:/home/lhl/nav2_ws/src/install/nav2_msgs:/home/lhl/nav2_ws/src/install/nav2_common:/home/lhl/nav2_ws/install/nav2_simple_commander:/home/lhl/nav2_ws/src/install/nav2_simple_commander:/opt/ros/humble LD_LIBRARY_PATH=/home/lhl/nav2_ws/install/nav2_map_server/lib:/home/lhl/nav2_ws/install/nav2_lifecycle_manager/lib:/home/lhl/nav2_ws/install/nav2_util/lib:/home/lhl/nav2_ws/install/nav2_voxel_grid/lib:/home/lhl/nav2_ws/install/nav2_msgs/lib:/home/lhl/nav2_ws/install/nav2_smoother/lib:/home/lhl/nav2_ws/install/nav2_controller/lib:/home/lhl/nav2_ws/install/dwb_plugins/lib:/home/lhl/nav2_ws/install/dwb_critics/lib:/home/lhl/nav2_ws/install/dwb_core/lib:/home/lhl/nav2_ws/install/nav_2d_utils/lib:/home/lhl/nav2_ws/install/dwb_msgs/lib:/home/lhl/nav2_ws/install/nav_2d_msgs/lib:/home/lhl/nav2_ws/install/nav2_waypoint_follower/lib:/home/lhl/nav2_ws/install/nav2_theta_star_planner/lib:/home/lhl/nav2_ws/install/nav2_straightline_planner/lib:/home/lhl/nav2_ws/install/nav2_sms_behavior/lib:/home/lhl/nav2_ws/install/nav2_smac_planner/lib:/home/lhl/nav2_ws/install/nav2_rotation_shim_controller/lib:/home/lhl/nav2_ws/install/nav2_regulated_pure_pursuit_controller/lib:/home/lhl/nav2_ws/install/nav2_planner/lib:/home/lhl/nav2_ws/install/nav2_navfn_planner/lib:/home/lhl/nav2_ws/install/nav2_mppi_controller/lib:/home/lhl/nav2_ws/install/nav2_gradient_costmap_plugin/lib:/home/lhl/nav2_ws/install/nav2_constrained_smoother/lib:/home/lhl/nav2_ws/install/nav2_bt_navigator/lib:/home/lhl/nav2_ws/install/nav2_behaviors/lib:/home/lhl/nav2_ws/install/nav2_collision_monitor/lib:/home/lhl/nav2_ws/install/costmap_queue/lib:/home/lhl/nav2_ws/install/nav2_costmap_2d/lib:/home/lhl/nav2_ws/install/nav2_velocity_smoother/lib:/home/lhl/nav2_ws/install/nav2_rviz_plugins/lib:/home/lhl/nav2_ws/install/nav2_behavior_tree/lib:/home/lhl/nav2_ws/install/nav2_amcl/lib:/home/lhl/nav2_ws/src/install/nav2_smoother/lib:/home/lhl/nav2_ws/src/install/nav2_controller/lib:/home/lhl/nav2_ws/src/install/dwb_plugins/lib:/home/lhl/nav2_ws/src/install/dwb_critics/lib:/home/lhl/nav2_ws/src/install/dwb_core/lib:/home/lhl/nav2_ws/src/install/nav_2d_utils/lib:/home/lhl/nav2_ws/src/install/dwb_msgs/lib:/home/lhl/nav2_ws/src/install/nav_2d_msgs/lib:/home/lhl/nav2_ws/src/install/nav2_waypoint_follower/lib:/home/lhl/nav2_ws/src/install/nav2_theta_star_planner/lib:/home/lhl/nav2_ws/src/install/nav2_smac_planner/lib:/home/lhl/nav2_ws/src/install/nav2_rotation_shim_controller/lib:/home/lhl/nav2_ws/src/install/nav2_regulated_pure_pursuit_controller/lib:/home/lhl/nav2_ws/src/install/nav2_planner/lib:/home/lhl/nav2_ws/src/install/nav2_navfn_planner/lib:/home/lhl/nav2_ws/src/install/nav2_mppi_controller/lib:/home/lhl/nav2_ws/src/install/nav2_constrained_smoother/lib:/home/lhl/nav2_ws/src/install/nav2_bt_navigator/lib:/home/lhl/nav2_ws/src/install/nav2_behaviors/lib:/home/lhl/nav2_ws/src/install/nav2_collision_monitor/lib:/home/lhl/nav2_ws/src/install/costmap_queue/lib:/home/lhl/nav2_ws/src/install/nav2_costmap_2d/lib:/home/lhl/nav2_ws/src/install/nav2_voxel_grid/lib:/home/lhl/nav2_ws/src/install/nav2_velocity_smoother/lib:/home/lhl/nav2_ws/src/install/nav2_rviz_plugins/lib:/home/lhl/nav2_ws/src/install/nav2_map_server/lib:/home/lhl/nav2_ws/src/install/nav2_lifecycle_manager/lib:/home/lhl/nav2_ws/src/install/nav2_behavior_tree/lib:/home/lhl/nav2_ws/src/install/nav2_amcl/lib:/home/lhl/nav2_ws/src/install/nav2_util/lib:/home/lhl/nav2_ws/src/install/nav2_msgs/lib:/usr/lib/x86_64-linux-gnu/gazebo-11/plugins:/opt/ros/humble/opt/rviz_ogre_vendor/lib:/opt/ros/humble/lib/x86_64-linux-gnu:/opt/ros/humble/lib /usr/bin/cmake --build /home/lhl/nav2_ws/build/nav2_costmap_2d -- -j8 -l8
[264.101s] Invoking command in '/home/lhl/nav2_ws/build/nav2_costmap_2d': CMAKE_PREFIX_PATH=/home/lhl/nav2_ws/install/nav2_map_server:/home/lhl/nav2_ws/install/nav2_lifecycle_manager:/home/lhl/nav2_ws/install/nav2_util:/home/lhl/nav2_ws/install/nav2_voxel_grid:/home/lhl/nav2_ws/install/nav2_msgs:/home/lhl/nav2_ws/install/nav2_common:/home/lhl/nav2_ws/install/sam_bot_description:/home/lhl/nav2_ws/install/nav2_system_tests:/home/lhl/nav2_ws/install/nav2_bringup:/home/lhl/nav2_ws/install/navigation2:/home/lhl/nav2_ws/install/nav2_smoother:/home/lhl/nav2_ws/install/nav2_dwb_controller:/home/lhl/nav2_ws/install/nav2_controller:/home/lhl/nav2_ws/install/dwb_plugins:/home/lhl/nav2_ws/install/dwb_critics:/home/lhl/nav2_ws/install/dwb_core:/home/lhl/nav2_ws/install/nav_2d_utils:/home/lhl/nav2_ws/install/dwb_msgs:/home/lhl/nav2_ws/install/nav_2d_msgs:/home/lhl/nav2_ws/install/nav2_waypoint_follower:/home/lhl/nav2_ws/install/nav2_theta_star_planner:/home/lhl/nav2_ws/install/nav2_straightline_planner:/home/lhl/nav2_ws/install/nav2_sms_behavior:/home/lhl/nav2_ws/install/nav2_smac_planner:/home/lhl/nav2_ws/install/nav2_rotation_shim_controller:/home/lhl/nav2_ws/install/nav2_regulated_pure_pursuit_controller:/home/lhl/nav2_ws/install/nav2_planner:/home/lhl/nav2_ws/install/nav2_navfn_planner:/home/lhl/nav2_ws/install/nav2_mppi_controller:/home/lhl/nav2_ws/install/nav2_gradient_costmap_plugin:/home/lhl/nav2_ws/install/nav2_constrained_smoother:/home/lhl/nav2_ws/install/nav2_bt_navigator:/home/lhl/nav2_ws/install/nav2_behaviors:/home/lhl/nav2_ws/install/nav2_core:/home/lhl/nav2_ws/install/nav2_collision_monitor:/home/lhl/nav2_ws/install/costmap_queue:/home/lhl/nav2_ws/install/nav2_costmap_2d:/home/lhl/nav2_ws/install/nav2_velocity_smoother:/home/lhl/nav2_ws/install/nav2_rviz_plugins:/home/lhl/nav2_ws/install/nav2_behavior_tree:/home/lhl/nav2_ws/install/nav2_amcl:/home/lhl/nav2_ws/install/nav2_costmap_filters_demo:/home/lhl/nav2_ws/src/install/sam_bot_description:/home/lhl/nav2_ws/src/install/nav2_system_tests:/home/lhl/nav2_ws/src/install/nav2_bringup:/home/lhl/nav2_ws/src/install/navigation2:/home/lhl/nav2_ws/src/install/nav2_smoother:/home/lhl/nav2_ws/src/install/nav2_dwb_controller:/home/lhl/nav2_ws/src/install/nav2_controller:/home/lhl/nav2_ws/src/install/dwb_plugins:/home/lhl/nav2_ws/src/install/dwb_critics:/home/lhl/nav2_ws/src/install/dwb_core:/home/lhl/nav2_ws/src/install/nav_2d_utils:/home/lhl/nav2_ws/src/install/dwb_msgs:/home/lhl/nav2_ws/src/install/nav_2d_msgs:/home/lhl/nav2_ws/src/install/nav2_waypoint_follower:/home/lhl/nav2_ws/src/install/nav2_theta_star_planner:/home/lhl/nav2_ws/src/install/nav2_smac_planner:/home/lhl/nav2_ws/src/install/nav2_rotation_shim_controller:/home/lhl/nav2_ws/src/install/nav2_regulated_pure_pursuit_controller:/home/lhl/nav2_ws/src/install/nav2_planner:/home/lhl/nav2_ws/src/install/nav2_navfn_planner:/home/lhl/nav2_ws/src/install/nav2_mppi_controller:/home/lhl/nav2_ws/src/install/nav2_constrained_smoother:/home/lhl/nav2_ws/src/install/nav2_bt_navigator:/home/lhl/nav2_ws/src/install/nav2_behaviors:/home/lhl/nav2_ws/src/install/nav2_core:/home/lhl/nav2_ws/src/install/nav2_collision_monitor:/home/lhl/nav2_ws/src/install/costmap_queue:/home/lhl/nav2_ws/src/install/nav2_costmap_2d:/home/lhl/nav2_ws/src/install/nav2_voxel_grid:/home/lhl/nav2_ws/src/install/nav2_velocity_smoother:/home/lhl/nav2_ws/src/install/nav2_rviz_plugins:/home/lhl/nav2_ws/src/install/nav2_map_server:/home/lhl/nav2_ws/src/install/nav2_lifecycle_manager:/home/lhl/nav2_ws/src/install/nav2_behavior_tree:/home/lhl/nav2_ws/src/install/nav2_amcl:/home/lhl/nav2_ws/src/install/nav2_util:/home/lhl/nav2_ws/src/install/nav2_msgs:/home/lhl/nav2_ws/src/install/nav2_common:/home/lhl/nav2_ws/install/nav2_simple_commander:/home/lhl/nav2_ws/src/install/nav2_simple_commander:/opt/ros/humble LD_LIBRARY_PATH=/home/lhl/nav2_ws/install/nav2_map_server/lib:/home/lhl/nav2_ws/install/nav2_lifecycle_manager/lib:/home/lhl/nav2_ws/install/nav2_util/lib:/home/lhl/nav2_ws/install/nav2_voxel_grid/lib:/home/lhl/nav2_ws/install/nav2_msgs/lib:/home/lhl/nav2_ws/install/nav2_smoother/lib:/home/lhl/nav2_ws/install/nav2_controller/lib:/home/lhl/nav2_ws/install/dwb_plugins/lib:/home/lhl/nav2_ws/install/dwb_critics/lib:/home/lhl/nav2_ws/install/dwb_core/lib:/home/lhl/nav2_ws/install/nav_2d_utils/lib:/home/lhl/nav2_ws/install/dwb_msgs/lib:/home/lhl/nav2_ws/install/nav_2d_msgs/lib:/home/lhl/nav2_ws/install/nav2_waypoint_follower/lib:/home/lhl/nav2_ws/install/nav2_theta_star_planner/lib:/home/lhl/nav2_ws/install/nav2_straightline_planner/lib:/home/lhl/nav2_ws/install/nav2_sms_behavior/lib:/home/lhl/nav2_ws/install/nav2_smac_planner/lib:/home/lhl/nav2_ws/install/nav2_rotation_shim_controller/lib:/home/lhl/nav2_ws/install/nav2_regulated_pure_pursuit_controller/lib:/home/lhl/nav2_ws/install/nav2_planner/lib:/home/lhl/nav2_ws/install/nav2_navfn_planner/lib:/home/lhl/nav2_ws/install/nav2_mppi_controller/lib:/home/lhl/nav2_ws/install/nav2_gradient_costmap_plugin/lib:/home/lhl/nav2_ws/install/nav2_constrained_smoother/lib:/home/lhl/nav2_ws/install/nav2_bt_navigator/lib:/home/lhl/nav2_ws/install/nav2_behaviors/lib:/home/lhl/nav2_ws/install/nav2_collision_monitor/lib:/home/lhl/nav2_ws/install/costmap_queue/lib:/home/lhl/nav2_ws/install/nav2_costmap_2d/lib:/home/lhl/nav2_ws/install/nav2_velocity_smoother/lib:/home/lhl/nav2_ws/install/nav2_rviz_plugins/lib:/home/lhl/nav2_ws/install/nav2_behavior_tree/lib:/home/lhl/nav2_ws/install/nav2_amcl/lib:/home/lhl/nav2_ws/src/install/nav2_smoother/lib:/home/lhl/nav2_ws/src/install/nav2_controller/lib:/home/lhl/nav2_ws/src/install/dwb_plugins/lib:/home/lhl/nav2_ws/src/install/dwb_critics/lib:/home/lhl/nav2_ws/src/install/dwb_core/lib:/home/lhl/nav2_ws/src/install/nav_2d_utils/lib:/home/lhl/nav2_ws/src/install/dwb_msgs/lib:/home/lhl/nav2_ws/src/install/nav_2d_msgs/lib:/home/lhl/nav2_ws/src/install/nav2_waypoint_follower/lib:/home/lhl/nav2_ws/src/install/nav2_theta_star_planner/lib:/home/lhl/nav2_ws/src/install/nav2_smac_planner/lib:/home/lhl/nav2_ws/src/install/nav2_rotation_shim_controller/lib:/home/lhl/nav2_ws/src/install/nav2_regulated_pure_pursuit_controller/lib:/home/lhl/nav2_ws/src/install/nav2_planner/lib:/home/lhl/nav2_ws/src/install/nav2_navfn_planner/lib:/home/lhl/nav2_ws/src/install/nav2_mppi_controller/lib:/home/lhl/nav2_ws/src/install/nav2_constrained_smoother/lib:/home/lhl/nav2_ws/src/install/nav2_bt_navigator/lib:/home/lhl/nav2_ws/src/install/nav2_behaviors/lib:/home/lhl/nav2_ws/src/install/nav2_collision_monitor/lib:/home/lhl/nav2_ws/src/install/costmap_queue/lib:/home/lhl/nav2_ws/src/install/nav2_costmap_2d/lib:/home/lhl/nav2_ws/src/install/nav2_voxel_grid/lib:/home/lhl/nav2_ws/src/install/nav2_velocity_smoother/lib:/home/lhl/nav2_ws/src/install/nav2_rviz_plugins/lib:/home/lhl/nav2_ws/src/install/nav2_map_server/lib:/home/lhl/nav2_ws/src/install/nav2_lifecycle_manager/lib:/home/lhl/nav2_ws/src/install/nav2_behavior_tree/lib:/home/lhl/nav2_ws/src/install/nav2_amcl/lib:/home/lhl/nav2_ws/src/install/nav2_util/lib:/home/lhl/nav2_ws/src/install/nav2_msgs/lib:/usr/lib/x86_64-linux-gnu/gazebo-11/plugins:/opt/ros/humble/opt/rviz_ogre_vendor/lib:/opt/ros/humble/lib/x86_64-linux-gnu:/opt/ros/humble/lib /usr/bin/cmake --install /home/lhl/nav2_ws/build/nav2_costmap_2d
[264.115s] -- Install configuration: "Release"
[264.116s] -- Up-to-date: /home/lhl/nav2_ws/install/nav2_costmap_2d/include/
[264.116s] -- Up-to-date: /home/lhl/nav2_ws/install/nav2_costmap_2d/include//nav2_costmap_2d
[264.116s] -- Up-to-date: /home/lhl/nav2_ws/install/nav2_costmap_2d/include//nav2_costmap_2d/costmap_filters
[264.117s] -- Installing: /home/lhl/nav2_ws/install/nav2_costmap_2d/share/nav2_costmap_2d/package.dsv
[264.126s] Invoked command in '/home/lhl/nav2_ws/build/nav2_costmap_2d' returned '0': CMAKE_PREFIX_PATH=/home/lhl/nav2_ws/install/nav2_map_server:/home/lhl/nav2_ws/install/nav2_lifecycle_manager:/home/lhl/nav2_ws/install/nav2_util:/home/lhl/nav2_ws/install/nav2_voxel_grid:/home/lhl/nav2_ws/install/nav2_msgs:/home/lhl/nav2_ws/install/nav2_common:/home/lhl/nav2_ws/install/sam_bot_description:/home/lhl/nav2_ws/install/nav2_system_tests:/home/lhl/nav2_ws/install/nav2_bringup:/home/lhl/nav2_ws/install/navigation2:/home/lhl/nav2_ws/install/nav2_smoother:/home/lhl/nav2_ws/install/nav2_dwb_controller:/home/lhl/nav2_ws/install/nav2_controller:/home/lhl/nav2_ws/install/dwb_plugins:/home/lhl/nav2_ws/install/dwb_critics:/home/lhl/nav2_ws/install/dwb_core:/home/lhl/nav2_ws/install/nav_2d_utils:/home/lhl/nav2_ws/install/dwb_msgs:/home/lhl/nav2_ws/install/nav_2d_msgs:/home/lhl/nav2_ws/install/nav2_waypoint_follower:/home/lhl/nav2_ws/install/nav2_theta_star_planner:/home/lhl/nav2_ws/install/nav2_straightline_planner:/home/lhl/nav2_ws/install/nav2_sms_behavior:/home/lhl/nav2_ws/install/nav2_smac_planner:/home/lhl/nav2_ws/install/nav2_rotation_shim_controller:/home/lhl/nav2_ws/install/nav2_regulated_pure_pursuit_controller:/home/lhl/nav2_ws/install/nav2_planner:/home/lhl/nav2_ws/install/nav2_navfn_planner:/home/lhl/nav2_ws/install/nav2_mppi_controller:/home/lhl/nav2_ws/install/nav2_gradient_costmap_plugin:/home/lhl/nav2_ws/install/nav2_constrained_smoother:/home/lhl/nav2_ws/install/nav2_bt_navigator:/home/lhl/nav2_ws/install/nav2_behaviors:/home/lhl/nav2_ws/install/nav2_core:/home/lhl/nav2_ws/install/nav2_collision_monitor:/home/lhl/nav2_ws/install/costmap_queue:/home/lhl/nav2_ws/install/nav2_costmap_2d:/home/lhl/nav2_ws/install/nav2_velocity_smoother:/home/lhl/nav2_ws/install/nav2_rviz_plugins:/home/lhl/nav2_ws/install/nav2_behavior_tree:/home/lhl/nav2_ws/install/nav2_amcl:/home/lhl/nav2_ws/install/nav2_costmap_filters_demo:/home/lhl/nav2_ws/src/install/sam_bot_description:/home/lhl/nav2_ws/src/install/nav2_system_tests:/home/lhl/nav2_ws/src/install/nav2_bringup:/home/lhl/nav2_ws/src/install/navigation2:/home/lhl/nav2_ws/src/install/nav2_smoother:/home/lhl/nav2_ws/src/install/nav2_dwb_controller:/home/lhl/nav2_ws/src/install/nav2_controller:/home/lhl/nav2_ws/src/install/dwb_plugins:/home/lhl/nav2_ws/src/install/dwb_critics:/home/lhl/nav2_ws/src/install/dwb_core:/home/lhl/nav2_ws/src/install/nav_2d_utils:/home/lhl/nav2_ws/src/install/dwb_msgs:/home/lhl/nav2_ws/src/install/nav_2d_msgs:/home/lhl/nav2_ws/src/install/nav2_waypoint_follower:/home/lhl/nav2_ws/src/install/nav2_theta_star_planner:/home/lhl/nav2_ws/src/install/nav2_smac_planner:/home/lhl/nav2_ws/src/install/nav2_rotation_shim_controller:/home/lhl/nav2_ws/src/install/nav2_regulated_pure_pursuit_controller:/home/lhl/nav2_ws/src/install/nav2_planner:/home/lhl/nav2_ws/src/install/nav2_navfn_planner:/home/lhl/nav2_ws/src/install/nav2_mppi_controller:/home/lhl/nav2_ws/src/install/nav2_constrained_smoother:/home/lhl/nav2_ws/src/install/nav2_bt_navigator:/home/lhl/nav2_ws/src/install/nav2_behaviors:/home/lhl/nav2_ws/src/install/nav2_core:/home/lhl/nav2_ws/src/install/nav2_collision_monitor:/home/lhl/nav2_ws/src/install/costmap_queue:/home/lhl/nav2_ws/src/install/nav2_costmap_2d:/home/lhl/nav2_ws/src/install/nav2_voxel_grid:/home/lhl/nav2_ws/src/install/nav2_velocity_smoother:/home/lhl/nav2_ws/src/install/nav2_rviz_plugins:/home/lhl/nav2_ws/src/install/nav2_map_server:/home/lhl/nav2_ws/src/install/nav2_lifecycle_manager:/home/lhl/nav2_ws/src/install/nav2_behavior_tree:/home/lhl/nav2_ws/src/install/nav2_amcl:/home/lhl/nav2_ws/src/install/nav2_util:/home/lhl/nav2_ws/src/install/nav2_msgs:/home/lhl/nav2_ws/src/install/nav2_common:/home/lhl/nav2_ws/install/nav2_simple_commander:/home/lhl/nav2_ws/src/install/nav2_simple_commander:/opt/ros/humble LD_LIBRARY_PATH=/home/lhl/nav2_ws/install/nav2_map_server/lib:/home/lhl/nav2_ws/install/nav2_lifecycle_manager/lib:/home/lhl/nav2_ws/install/nav2_util/lib:/home/lhl/nav2_ws/install/nav2_voxel_grid/lib:/home/lhl/nav2_ws/install/nav2_msgs/lib:/home/lhl/nav2_ws/install/nav2_smoother/lib:/home/lhl/nav2_ws/install/nav2_controller/lib:/home/lhl/nav2_ws/install/dwb_plugins/lib:/home/lhl/nav2_ws/install/dwb_critics/lib:/home/lhl/nav2_ws/install/dwb_core/lib:/home/lhl/nav2_ws/install/nav_2d_utils/lib:/home/lhl/nav2_ws/install/dwb_msgs/lib:/home/lhl/nav2_ws/install/nav_2d_msgs/lib:/home/lhl/nav2_ws/install/nav2_waypoint_follower/lib:/home/lhl/nav2_ws/install/nav2_theta_star_planner/lib:/home/lhl/nav2_ws/install/nav2_straightline_planner/lib:/home/lhl/nav2_ws/install/nav2_sms_behavior/lib:/home/lhl/nav2_ws/install/nav2_smac_planner/lib:/home/lhl/nav2_ws/install/nav2_rotation_shim_controller/lib:/home/lhl/nav2_ws/install/nav2_regulated_pure_pursuit_controller/lib:/home/lhl/nav2_ws/install/nav2_planner/lib:/home/lhl/nav2_ws/install/nav2_navfn_planner/lib:/home/lhl/nav2_ws/install/nav2_mppi_controller/lib:/home/lhl/nav2_ws/install/nav2_gradient_costmap_plugin/lib:/home/lhl/nav2_ws/install/nav2_constrained_smoother/lib:/home/lhl/nav2_ws/install/nav2_bt_navigator/lib:/home/lhl/nav2_ws/install/nav2_behaviors/lib:/home/lhl/nav2_ws/install/nav2_collision_monitor/lib:/home/lhl/nav2_ws/install/costmap_queue/lib:/home/lhl/nav2_ws/install/nav2_costmap_2d/lib:/home/lhl/nav2_ws/install/nav2_velocity_smoother/lib:/home/lhl/nav2_ws/install/nav2_rviz_plugins/lib:/home/lhl/nav2_ws/install/nav2_behavior_tree/lib:/home/lhl/nav2_ws/install/nav2_amcl/lib:/home/lhl/nav2_ws/src/install/nav2_smoother/lib:/home/lhl/nav2_ws/src/install/nav2_controller/lib:/home/lhl/nav2_ws/src/install/dwb_plugins/lib:/home/lhl/nav2_ws/src/install/dwb_critics/lib:/home/lhl/nav2_ws/src/install/dwb_core/lib:/home/lhl/nav2_ws/src/install/nav_2d_utils/lib:/home/lhl/nav2_ws/src/install/dwb_msgs/lib:/home/lhl/nav2_ws/src/install/nav_2d_msgs/lib:/home/lhl/nav2_ws/src/install/nav2_waypoint_follower/lib:/home/lhl/nav2_ws/src/install/nav2_theta_star_planner/lib:/home/lhl/nav2_ws/src/install/nav2_smac_planner/lib:/home/lhl/nav2_ws/src/install/nav2_rotation_shim_controller/lib:/home/lhl/nav2_ws/src/install/nav2_regulated_pure_pursuit_controller/lib:/home/lhl/nav2_ws/src/install/nav2_planner/lib:/home/lhl/nav2_ws/src/install/nav2_navfn_planner/lib:/home/lhl/nav2_ws/src/install/nav2_mppi_controller/lib:/home/lhl/nav2_ws/src/install/nav2_constrained_smoother/lib:/home/lhl/nav2_ws/src/install/nav2_bt_navigator/lib:/home/lhl/nav2_ws/src/install/nav2_behaviors/lib:/home/lhl/nav2_ws/src/install/nav2_collision_monitor/lib:/home/lhl/nav2_ws/src/install/costmap_queue/lib:/home/lhl/nav2_ws/src/install/nav2_costmap_2d/lib:/home/lhl/nav2_ws/src/install/nav2_voxel_grid/lib:/home/lhl/nav2_ws/src/install/nav2_velocity_smoother/lib:/home/lhl/nav2_ws/src/install/nav2_rviz_plugins/lib:/home/lhl/nav2_ws/src/install/nav2_map_server/lib:/home/lhl/nav2_ws/src/install/nav2_lifecycle_manager/lib:/home/lhl/nav2_ws/src/install/nav2_behavior_tree/lib:/home/lhl/nav2_ws/src/install/nav2_amcl/lib:/home/lhl/nav2_ws/src/install/nav2_util/lib:/home/lhl/nav2_ws/src/install/nav2_msgs/lib:/usr/lib/x86_64-linux-gnu/gazebo-11/plugins:/opt/ros/humble/opt/rviz_ogre_vendor/lib:/opt/ros/humble/lib/x86_64-linux-gnu:/opt/ros/humble/lib /usr/bin/cmake --install /home/lhl/nav2_ws/build/nav2_costmap_2d
