[0.842s] Invoking command in '/home/lhl/nav2_ws/src/navigation2/nav2_simple_commander': AMENT_PREFIX_PATH=/home/lhl/nav2_ws/src/install/nav2_msgs:${AMENT_PREFIX_PATH} CMAKE_PREFIX_PATH=/home/lhl/nav2_ws/src/install/nav2_msgs LD_LIBRARY_PATH=/home/lhl/nav2_ws/src/install/nav2_msgs/lib:${LD_LIBRARY_PATH} PYTHONPATH=/home/lhl/nav2_ws/src/build/nav2_simple_commander/prefix_override:/home/lhl/nav2_ws/src/install/nav2_simple_commander/lib/python3.10/site-packages:/home/lhl/nav2_ws/src/install/nav2_msgs/local/lib/python3.10/dist-packages:${PYTHONPATH} /usr/bin/python3 setup.py egg_info --egg-base ../../build/nav2_simple_commander build --build-base /home/lhl/nav2_ws/src/build/nav2_simple_commander/build install --record /home/lhl/nav2_ws/src/build/nav2_simple_commander/install.log --single-version-externally-managed
[1.127s] running egg_info
[1.128s] writing ../../build/nav2_simple_commander/nav2_simple_commander.egg-info/PKG-INFO
[1.128s] writing dependency_links to ../../build/nav2_simple_commander/nav2_simple_commander.egg-info/dependency_links.txt
[1.128s] writing entry points to ../../build/nav2_simple_commander/nav2_simple_commander.egg-info/entry_points.txt
[1.128s] writing requirements to ../../build/nav2_simple_commander/nav2_simple_commander.egg-info/requires.txt
[1.129s] writing top-level names to ../../build/nav2_simple_commander/nav2_simple_commander.egg-info/top_level.txt
[1.131s] reading manifest file '../../build/nav2_simple_commander/nav2_simple_commander.egg-info/SOURCES.txt'
[1.177s] writing manifest file '../../build/nav2_simple_commander/nav2_simple_commander.egg-info/SOURCES.txt'
[1.177s] running build
[1.177s] running build_py
[1.178s] running install
[1.179s] /usr/lib/python3/dist-packages/setuptools/command/install.py:34: SetuptoolsDeprecationWarning: setup.py install is deprecated. Use build and pip and other standards-based tools.
[1.179s]   warnings.warn(
[1.179s] running install_lib
[1.180s] running install_data
[1.181s] running install_egg_info
[1.182s] removing '/home/lhl/nav2_ws/src/install/nav2_simple_commander/lib/python3.10/site-packages/nav2_simple_commander-1.0.0-py3.10.egg-info' (and everything under it)
[1.183s] Copying ../../build/nav2_simple_commander/nav2_simple_commander.egg-info to /home/lhl/nav2_ws/src/install/nav2_simple_commander/lib/python3.10/site-packages/nav2_simple_commander-1.0.0-py3.10.egg-info
[1.187s] running install_scripts
[1.206s] Installing demo_inspection script to /home/lhl/nav2_ws/src/install/nav2_simple_commander/lib/nav2_simple_commander
[1.206s] Installing demo_picking script to /home/lhl/nav2_ws/src/install/nav2_simple_commander/lib/nav2_simple_commander
[1.206s] Installing demo_recoveries script to /home/lhl/nav2_ws/src/install/nav2_simple_commander/lib/nav2_simple_commander
[1.206s] Installing demo_security script to /home/lhl/nav2_ws/src/install/nav2_simple_commander/lib/nav2_simple_commander
[1.206s] Installing example_assisted_teleop script to /home/lhl/nav2_ws/src/install/nav2_simple_commander/lib/nav2_simple_commander
[1.207s] Installing example_follow_path script to /home/lhl/nav2_ws/src/install/nav2_simple_commander/lib/nav2_simple_commander
[1.207s] Installing example_nav_through_poses script to /home/lhl/nav2_ws/src/install/nav2_simple_commander/lib/nav2_simple_commander
[1.207s] Installing example_nav_to_pose script to /home/lhl/nav2_ws/src/install/nav2_simple_commander/lib/nav2_simple_commander
[1.207s] Installing example_waypoint_follower script to /home/lhl/nav2_ws/src/install/nav2_simple_commander/lib/nav2_simple_commander
[1.209s] writing list of installed files to '/home/lhl/nav2_ws/src/build/nav2_simple_commander/install.log'
[1.277s] Invoked command in '/home/lhl/nav2_ws/src/navigation2/nav2_simple_commander' returned '0': AMENT_PREFIX_PATH=/home/lhl/nav2_ws/src/install/nav2_msgs:${AMENT_PREFIX_PATH} CMAKE_PREFIX_PATH=/home/lhl/nav2_ws/src/install/nav2_msgs LD_LIBRARY_PATH=/home/lhl/nav2_ws/src/install/nav2_msgs/lib:${LD_LIBRARY_PATH} PYTHONPATH=/home/lhl/nav2_ws/src/build/nav2_simple_commander/prefix_override:/home/lhl/nav2_ws/src/install/nav2_simple_commander/lib/python3.10/site-packages:/home/lhl/nav2_ws/src/install/nav2_msgs/local/lib/python3.10/dist-packages:${PYTHONPATH} /usr/bin/python3 setup.py egg_info --egg-base ../../build/nav2_simple_commander build --build-base /home/lhl/nav2_ws/src/build/nav2_simple_commander/build install --record /home/lhl/nav2_ws/src/build/nav2_simple_commander/install.log --single-version-externally-managed
