[0.177s] Invoking command in '/home/lhl/nav2_ws/src/build/nav2_util': AMENT_PREFIX_PATH=/home/lhl/nav2_ws/src/install/nav2_msgs:/home/lhl/nav2_ws/src/install/nav2_common:${AMENT_PREFIX_PATH} CMAKE_PREFIX_PATH=/home/lhl/nav2_ws/src/install/nav2_msgs:/home/lhl/nav2_ws/src/install/nav2_common:/opt/ros/humble LD_LIBRARY_PATH=/home/lhl/nav2_ws/src/install/nav2_msgs/lib:${LD_LIBRARY_PATH} PYTHONPATH=/home/lhl/nav2_ws/src/install/nav2_msgs/local/lib/python3.10/dist-packages:/home/lhl/nav2_ws/src/install/nav2_common/local/lib/python3.10/dist-packages:${PYTHONPATH} /usr/bin/cmake --build /home/lhl/nav2_ws/src/build/nav2_util -- -j8 -l8
[0.598s] [35m[1mConsolidate compiler generated dependencies of target gtest[0m
[0.612s] [  5%] Built target gtest
[0.660s] [35m[1mConsolidate compiler generated dependencies of target gtest_main[0m
[0.675s] [ 10%] Built target gtest_main
[0.682s] [35m[1mConsolidate compiler generated dependencies of target nav2_util_core[0m
[0.687s] [35m[1mConsolidate compiler generated dependencies of target test_execution_timer[0m
[0.700s] [ 15%] Built target test_execution_timer
[0.730s] [ 42%] Built target nav2_util_core
[0.744s] [35m[1mConsolidate compiler generated dependencies of target lifecycle_bringup[0m
[0.751s] [35m[1mConsolidate compiler generated dependencies of target test_string_utils[0m
[0.767s] [ 47%] Built target test_string_utils
[0.768s] [ 52%] Built target lifecycle_bringup
[0.780s] [35m[1mConsolidate compiler generated dependencies of target test_lifecycle_utils[0m
[0.780s] [35m[1mConsolidate compiler generated dependencies of target test_lifecycle_node[0m
[0.784s] [35m[1mConsolidate compiler generated dependencies of target test_node_utils[0m
[0.789s] [35m[1mConsolidate compiler generated dependencies of target test_geometry_utils[0m
[0.790s] [35m[1mConsolidate compiler generated dependencies of target test_service_client[0m
[0.792s] [35m[1mConsolidate compiler generated dependencies of target test_lifecycle_cli_node[0m
[0.795s] [35m[1mConsolidate compiler generated dependencies of target test_odometry_utils[0m
[0.818s] [ 57%] Built target test_lifecycle_node
[0.824s] [ 63%] Built target test_node_utils
[0.824s] [ 68%] Built target test_lifecycle_utils
[0.825s] [35m[1mConsolidate compiler generated dependencies of target test_actions[0m
[0.829s] [ 78%] Built target test_geometry_utils
[0.829s] [ 78%] Built target test_lifecycle_cli_node
[0.830s] [ 84%] Built target test_service_client
[0.839s] [ 89%] Built target test_odometry_utils
[0.845s] [35m[1mConsolidate compiler generated dependencies of target test_robot_utils[0m
[0.852s] [ 94%] Built target test_actions
[0.866s] [100%] Built target test_robot_utils
[0.879s] Invoked command in '/home/lhl/nav2_ws/src/build/nav2_util' returned '0': AMENT_PREFIX_PATH=/home/lhl/nav2_ws/src/install/nav2_msgs:/home/lhl/nav2_ws/src/install/nav2_common:${AMENT_PREFIX_PATH} CMAKE_PREFIX_PATH=/home/lhl/nav2_ws/src/install/nav2_msgs:/home/lhl/nav2_ws/src/install/nav2_common:/opt/ros/humble LD_LIBRARY_PATH=/home/lhl/nav2_ws/src/install/nav2_msgs/lib:${LD_LIBRARY_PATH} PYTHONPATH=/home/lhl/nav2_ws/src/install/nav2_msgs/local/lib/python3.10/dist-packages:/home/lhl/nav2_ws/src/install/nav2_common/local/lib/python3.10/dist-packages:${PYTHONPATH} /usr/bin/cmake --build /home/lhl/nav2_ws/src/build/nav2_util -- -j8 -l8
[0.912s] Invoking command in '/home/lhl/nav2_ws/src/build/nav2_util': AMENT_PREFIX_PATH=/home/lhl/nav2_ws/src/install/nav2_msgs:/home/lhl/nav2_ws/src/install/nav2_common:${AMENT_PREFIX_PATH} CMAKE_PREFIX_PATH=/home/lhl/nav2_ws/src/install/nav2_msgs:/home/lhl/nav2_ws/src/install/nav2_common:/opt/ros/humble LD_LIBRARY_PATH=/home/lhl/nav2_ws/src/install/nav2_msgs/lib:${LD_LIBRARY_PATH} PYTHONPATH=/home/lhl/nav2_ws/src/install/nav2_msgs/local/lib/python3.10/dist-packages:/home/lhl/nav2_ws/src/install/nav2_common/local/lib/python3.10/dist-packages:${PYTHONPATH} /usr/bin/cmake --install /home/lhl/nav2_ws/src/build/nav2_util
[0.920s] -- Install configuration: "Release"
[0.920s] -- Up-to-date: /home/lhl/nav2_ws/src/install/nav2_util/include/
[0.920s] -- Up-to-date: /home/lhl/nav2_ws/src/install/nav2_util/include//nav2_util
[0.920s] -- Up-to-date: /home/lhl/nav2_ws/src/install/nav2_util/include//nav2_util/execution_timer.hpp
[0.920s] -- Up-to-date: /home/lhl/nav2_ws/src/install/nav2_util/include//nav2_util/simple_action_server.hpp
[0.921s] -- Up-to-date: /home/lhl/nav2_ws/src/install/nav2_util/include//nav2_util/node_thread.hpp
[0.921s] -- Up-to-date: /home/lhl/nav2_ws/src/install/nav2_util/include//nav2_util/robot_utils.hpp
[0.921s] -- Up-to-date: /home/lhl/nav2_ws/src/install/nav2_util/include//nav2_util/odometry_utils.hpp
[0.921s] -- Up-to-date: /home/lhl/nav2_ws/src/install/nav2_util/include//nav2_util/occ_grid_values.hpp
[0.921s] -- Up-to-date: /home/lhl/nav2_ws/src/install/nav2_util/include//nav2_util/line_iterator.hpp
[0.921s] -- Up-to-date: /home/lhl/nav2_ws/src/install/nav2_util/include//nav2_util/lifecycle_utils.hpp
[0.921s] -- Up-to-date: /home/lhl/nav2_ws/src/install/nav2_util/include//nav2_util/costmap.hpp
[0.921s] -- Up-to-date: /home/lhl/nav2_ws/src/install/nav2_util/include//nav2_util/clear_entirely_costmap_service_client.hpp
[0.921s] -- Up-to-date: /home/lhl/nav2_ws/src/install/nav2_util/include//nav2_util/node_utils.hpp
[0.921s] -- Up-to-date: /home/lhl/nav2_ws/src/install/nav2_util/include//nav2_util/service_client.hpp
[0.922s] -- Up-to-date: /home/lhl/nav2_ws/src/install/nav2_util/include//nav2_util/geometry_utils.hpp
[0.922s] -- Up-to-date: /home/lhl/nav2_ws/src/install/nav2_util/include//nav2_util/lifecycle_node.hpp
[0.922s] -- Up-to-date: /home/lhl/nav2_ws/src/install/nav2_util/include//nav2_util/lifecycle_service_client.hpp
[0.922s] -- Up-to-date: /home/lhl/nav2_ws/src/install/nav2_util/include//nav2_util/string_utils.hpp
[0.922s] -- Up-to-date: /home/lhl/nav2_ws/src/install/nav2_util/share/nav2_util/environment/library_path.sh
[0.922s] -- Up-to-date: /home/lhl/nav2_ws/src/install/nav2_util/share/nav2_util/environment/library_path.dsv
[0.922s] -- Up-to-date: /home/lhl/nav2_ws/src/install/nav2_util/share/ament_index/resource_index/package_run_dependencies/nav2_util
[0.922s] -- Up-to-date: /home/lhl/nav2_ws/src/install/nav2_util/share/ament_index/resource_index/parent_prefix_path/nav2_util
[0.922s] -- Up-to-date: /home/lhl/nav2_ws/src/install/nav2_util/share/nav2_util/environment/ament_prefix_path.sh
[0.922s] -- Up-to-date: /home/lhl/nav2_ws/src/install/nav2_util/share/nav2_util/environment/ament_prefix_path.dsv
[0.922s] -- Up-to-date: /home/lhl/nav2_ws/src/install/nav2_util/share/nav2_util/environment/path.sh
[0.922s] -- Up-to-date: /home/lhl/nav2_ws/src/install/nav2_util/share/nav2_util/environment/path.dsv
[0.923s] -- Up-to-date: /home/lhl/nav2_ws/src/install/nav2_util/share/nav2_util/local_setup.bash
[0.923s] -- Up-to-date: /home/lhl/nav2_ws/src/install/nav2_util/share/nav2_util/local_setup.sh
[0.923s] -- Up-to-date: /home/lhl/nav2_ws/src/install/nav2_util/share/nav2_util/local_setup.zsh
[0.923s] -- Up-to-date: /home/lhl/nav2_ws/src/install/nav2_util/share/nav2_util/local_setup.dsv
[0.923s] -- Installing: /home/lhl/nav2_ws/src/install/nav2_util/share/nav2_util/package.dsv
[0.960s] -- Up-to-date: /home/lhl/nav2_ws/src/install/nav2_util/share/ament_index/resource_index/packages/nav2_util
[0.960s] -- Up-to-date: /home/lhl/nav2_ws/src/install/nav2_util/share/nav2_util/cmake/ament_cmake_export_include_directories-extras.cmake
[0.960s] -- Up-to-date: /home/lhl/nav2_ws/src/install/nav2_util/share/nav2_util/cmake/ament_cmake_export_libraries-extras.cmake
[0.960s] -- Up-to-date: /home/lhl/nav2_ws/src/install/nav2_util/share/nav2_util/cmake/ament_cmake_export_dependencies-extras.cmake
[0.960s] -- Up-to-date: /home/lhl/nav2_ws/src/install/nav2_util/share/nav2_util/cmake/nav2_utilConfig.cmake
[0.960s] -- Up-to-date: /home/lhl/nav2_ws/src/install/nav2_util/share/nav2_util/cmake/nav2_utilConfig-version.cmake
[0.960s] -- Up-to-date: /home/lhl/nav2_ws/src/install/nav2_util/share/nav2_util/package.xml
[0.962s] -- Up-to-date: /home/lhl/nav2_ws/src/install/nav2_util/lib/libnav2_util_core.so
[0.963s] -- Up-to-date: /home/lhl/nav2_ws/src/install/nav2_util/lib/nav2_util/lifecycle_bringup
[0.974s] Invoked command in '/home/lhl/nav2_ws/src/build/nav2_util' returned '0': AMENT_PREFIX_PATH=/home/lhl/nav2_ws/src/install/nav2_msgs:/home/lhl/nav2_ws/src/install/nav2_common:${AMENT_PREFIX_PATH} CMAKE_PREFIX_PATH=/home/lhl/nav2_ws/src/install/nav2_msgs:/home/lhl/nav2_ws/src/install/nav2_common:/opt/ros/humble LD_LIBRARY_PATH=/home/lhl/nav2_ws/src/install/nav2_msgs/lib:${LD_LIBRARY_PATH} PYTHONPATH=/home/lhl/nav2_ws/src/install/nav2_msgs/local/lib/python3.10/dist-packages:/home/lhl/nav2_ws/src/install/nav2_common/local/lib/python3.10/dist-packages:${PYTHONPATH} /usr/bin/cmake --install /home/lhl/nav2_ws/src/build/nav2_util
