[0.109s] Invoking command in '/home/lhl/nav2_ws/src/build/nav2_smac_planner': CMAKE_PREFIX_PATH=/home/lhl/nav2_ws/src/install/nav2_core:/home/lhl/nav2_ws/src/install/nav2_costmap_2d:/home/lhl/nav2_ws/src/install/nav2_util:/home/lhl/nav2_ws/src/install/nav2_voxel_grid:/home/lhl/nav2_ws/src/install/nav2_msgs:/home/lhl/nav2_ws/src/install/nav2_common:/home/lhl/nav2_ws/src/install/sam_bot_description:/home/lhl/nav2_ws/src/install/nav2_system_tests:/home/lhl/nav2_ws/src/install/nav2_bringup:/home/lhl/nav2_ws/src/install/navigation2:/home/lhl/nav2_ws/src/install/nav2_smoother:/home/lhl/nav2_ws/src/install/nav2_dwb_controller:/home/lhl/nav2_ws/src/install/nav2_controller:/home/lhl/nav2_ws/src/install/dwb_plugins:/home/lhl/nav2_ws/src/install/dwb_critics:/home/lhl/nav2_ws/src/install/dwb_core:/home/lhl/nav2_ws/src/install/nav_2d_utils:/home/lhl/nav2_ws/src/install/dwb_msgs:/home/lhl/nav2_ws/src/install/nav_2d_msgs:/home/lhl/nav2_ws/src/install/nav2_waypoint_follower:/home/lhl/nav2_ws/src/install/nav2_theta_star_planner:/home/lhl/nav2_ws/src/install/nav2_smac_planner:/home/lhl/nav2_ws/src/install/nav2_rotation_shim_controller:/home/lhl/nav2_ws/src/install/nav2_regulated_pure_pursuit_controller:/home/lhl/nav2_ws/src/install/nav2_planner:/home/lhl/nav2_ws/src/install/nav2_navfn_planner:/home/lhl/nav2_ws/src/install/nav2_mppi_controller:/home/lhl/nav2_ws/src/install/nav2_constrained_smoother:/home/lhl/nav2_ws/src/install/nav2_bt_navigator:/home/lhl/nav2_ws/src/install/nav2_behaviors:/home/lhl/nav2_ws/src/install/nav2_collision_monitor:/home/lhl/nav2_ws/src/install/costmap_queue:/home/lhl/nav2_ws/src/install/nav2_velocity_smoother:/home/lhl/nav2_ws/src/install/nav2_rviz_plugins:/home/lhl/nav2_ws/src/install/nav2_map_server:/home/lhl/nav2_ws/src/install/nav2_lifecycle_manager:/home/lhl/nav2_ws/src/install/nav2_behavior_tree:/home/lhl/nav2_ws/src/install/nav2_amcl:/home/lhl/nav2_ws/src/install/nav2_simple_commander:/opt/ros/humble LD_LIBRARY_PATH=/home/lhl/nav2_ws/src/install/nav2_costmap_2d/lib:/home/lhl/nav2_ws/src/install/nav2_util/lib:/home/lhl/nav2_ws/src/install/nav2_voxel_grid/lib:/home/lhl/nav2_ws/src/install/nav2_msgs/lib:/home/lhl/nav2_ws/src/install/nav2_smoother/lib:/home/lhl/nav2_ws/src/install/nav2_controller/lib:/home/lhl/nav2_ws/src/install/dwb_plugins/lib:/home/lhl/nav2_ws/src/install/dwb_critics/lib:/home/lhl/nav2_ws/src/install/dwb_core/lib:/home/lhl/nav2_ws/src/install/nav_2d_utils/lib:/home/lhl/nav2_ws/src/install/dwb_msgs/lib:/home/lhl/nav2_ws/src/install/nav_2d_msgs/lib:/home/lhl/nav2_ws/src/install/nav2_waypoint_follower/lib:/home/lhl/nav2_ws/src/install/nav2_theta_star_planner/lib:/home/lhl/nav2_ws/src/install/nav2_smac_planner/lib:/home/lhl/nav2_ws/src/install/nav2_rotation_shim_controller/lib:/home/lhl/nav2_ws/src/install/nav2_regulated_pure_pursuit_controller/lib:/home/lhl/nav2_ws/src/install/nav2_planner/lib:/home/lhl/nav2_ws/src/install/nav2_navfn_planner/lib:/home/lhl/nav2_ws/src/install/nav2_mppi_controller/lib:/home/lhl/nav2_ws/src/install/nav2_constrained_smoother/lib:/home/lhl/nav2_ws/src/install/nav2_bt_navigator/lib:/home/lhl/nav2_ws/src/install/nav2_behaviors/lib:/home/lhl/nav2_ws/src/install/nav2_collision_monitor/lib:/home/lhl/nav2_ws/src/install/costmap_queue/lib:/home/lhl/nav2_ws/src/install/nav2_velocity_smoother/lib:/home/lhl/nav2_ws/src/install/nav2_rviz_plugins/lib:/home/lhl/nav2_ws/src/install/nav2_map_server/lib:/home/lhl/nav2_ws/src/install/nav2_lifecycle_manager/lib:/home/lhl/nav2_ws/src/install/nav2_behavior_tree/lib:/home/lhl/nav2_ws/src/install/nav2_amcl/lib:/usr/lib/x86_64-linux-gnu/gazebo-11/plugins:/opt/ros/humble/opt/rviz_ogre_vendor/lib:/opt/ros/humble/lib/x86_64-linux-gnu:/opt/ros/humble/lib /usr/bin/cmake --build /home/lhl/nav2_ws/src/build/nav2_smac_planner -- -j8 -l8
[0.303s] [  3%] Built target gtest
[0.304s] [  6%] Built target gtest_main
[0.394s] [ 25%] Built target nav2_smac_planner_lattice
[0.398s] [ 44%] Built target nav2_smac_planner
[0.427s] [ 62%] Built target nav2_smac_planner_2d
[0.524s] [ 66%] Built target test_nodehybrid
[0.524s] [ 69%] Built target test_smac_lattice
[0.540s] [ 72%] Built target test_node2d
[0.564s] [ 76%] Built target test_costmap_downsampler
[0.572s] [ 79%] Built target test_a_star
[0.572s] [ 83%] Built target test_nodebasic
[0.589s] [ 86%] Built target test_collision_checker
[0.605s] [ 89%] Built target test_smac_hybrid
[0.691s] [ 93%] Built target test_smac_2d
[0.699s] [100%] Built target test_lattice_node
[0.699s] [100%] Built target test_smoother
[0.860s] Invoked command in '/home/lhl/nav2_ws/src/build/nav2_smac_planner' returned '0': CMAKE_PREFIX_PATH=/home/lhl/nav2_ws/src/install/nav2_core:/home/lhl/nav2_ws/src/install/nav2_costmap_2d:/home/lhl/nav2_ws/src/install/nav2_util:/home/lhl/nav2_ws/src/install/nav2_voxel_grid:/home/lhl/nav2_ws/src/install/nav2_msgs:/home/lhl/nav2_ws/src/install/nav2_common:/home/lhl/nav2_ws/src/install/sam_bot_description:/home/lhl/nav2_ws/src/install/nav2_system_tests:/home/lhl/nav2_ws/src/install/nav2_bringup:/home/lhl/nav2_ws/src/install/navigation2:/home/lhl/nav2_ws/src/install/nav2_smoother:/home/lhl/nav2_ws/src/install/nav2_dwb_controller:/home/lhl/nav2_ws/src/install/nav2_controller:/home/lhl/nav2_ws/src/install/dwb_plugins:/home/lhl/nav2_ws/src/install/dwb_critics:/home/lhl/nav2_ws/src/install/dwb_core:/home/lhl/nav2_ws/src/install/nav_2d_utils:/home/lhl/nav2_ws/src/install/dwb_msgs:/home/lhl/nav2_ws/src/install/nav_2d_msgs:/home/lhl/nav2_ws/src/install/nav2_waypoint_follower:/home/lhl/nav2_ws/src/install/nav2_theta_star_planner:/home/lhl/nav2_ws/src/install/nav2_smac_planner:/home/lhl/nav2_ws/src/install/nav2_rotation_shim_controller:/home/lhl/nav2_ws/src/install/nav2_regulated_pure_pursuit_controller:/home/lhl/nav2_ws/src/install/nav2_planner:/home/lhl/nav2_ws/src/install/nav2_navfn_planner:/home/lhl/nav2_ws/src/install/nav2_mppi_controller:/home/lhl/nav2_ws/src/install/nav2_constrained_smoother:/home/lhl/nav2_ws/src/install/nav2_bt_navigator:/home/lhl/nav2_ws/src/install/nav2_behaviors:/home/lhl/nav2_ws/src/install/nav2_collision_monitor:/home/lhl/nav2_ws/src/install/costmap_queue:/home/lhl/nav2_ws/src/install/nav2_velocity_smoother:/home/lhl/nav2_ws/src/install/nav2_rviz_plugins:/home/lhl/nav2_ws/src/install/nav2_map_server:/home/lhl/nav2_ws/src/install/nav2_lifecycle_manager:/home/lhl/nav2_ws/src/install/nav2_behavior_tree:/home/lhl/nav2_ws/src/install/nav2_amcl:/home/lhl/nav2_ws/src/install/nav2_simple_commander:/opt/ros/humble LD_LIBRARY_PATH=/home/lhl/nav2_ws/src/install/nav2_costmap_2d/lib:/home/lhl/nav2_ws/src/install/nav2_util/lib:/home/lhl/nav2_ws/src/install/nav2_voxel_grid/lib:/home/lhl/nav2_ws/src/install/nav2_msgs/lib:/home/lhl/nav2_ws/src/install/nav2_smoother/lib:/home/lhl/nav2_ws/src/install/nav2_controller/lib:/home/lhl/nav2_ws/src/install/dwb_plugins/lib:/home/lhl/nav2_ws/src/install/dwb_critics/lib:/home/lhl/nav2_ws/src/install/dwb_core/lib:/home/lhl/nav2_ws/src/install/nav_2d_utils/lib:/home/lhl/nav2_ws/src/install/dwb_msgs/lib:/home/lhl/nav2_ws/src/install/nav_2d_msgs/lib:/home/lhl/nav2_ws/src/install/nav2_waypoint_follower/lib:/home/lhl/nav2_ws/src/install/nav2_theta_star_planner/lib:/home/lhl/nav2_ws/src/install/nav2_smac_planner/lib:/home/lhl/nav2_ws/src/install/nav2_rotation_shim_controller/lib:/home/lhl/nav2_ws/src/install/nav2_regulated_pure_pursuit_controller/lib:/home/lhl/nav2_ws/src/install/nav2_planner/lib:/home/lhl/nav2_ws/src/install/nav2_navfn_planner/lib:/home/lhl/nav2_ws/src/install/nav2_mppi_controller/lib:/home/lhl/nav2_ws/src/install/nav2_constrained_smoother/lib:/home/lhl/nav2_ws/src/install/nav2_bt_navigator/lib:/home/lhl/nav2_ws/src/install/nav2_behaviors/lib:/home/lhl/nav2_ws/src/install/nav2_collision_monitor/lib:/home/lhl/nav2_ws/src/install/costmap_queue/lib:/home/lhl/nav2_ws/src/install/nav2_velocity_smoother/lib:/home/lhl/nav2_ws/src/install/nav2_rviz_plugins/lib:/home/lhl/nav2_ws/src/install/nav2_map_server/lib:/home/lhl/nav2_ws/src/install/nav2_lifecycle_manager/lib:/home/lhl/nav2_ws/src/install/nav2_behavior_tree/lib:/home/lhl/nav2_ws/src/install/nav2_amcl/lib:/usr/lib/x86_64-linux-gnu/gazebo-11/plugins:/opt/ros/humble/opt/rviz_ogre_vendor/lib:/opt/ros/humble/lib/x86_64-linux-gnu:/opt/ros/humble/lib /usr/bin/cmake --build /home/lhl/nav2_ws/src/build/nav2_smac_planner -- -j8 -l8
[1.311s] Invoking command in '/home/lhl/nav2_ws/src/build/nav2_smac_planner': CMAKE_PREFIX_PATH=/home/lhl/nav2_ws/src/install/nav2_core:/home/lhl/nav2_ws/src/install/nav2_costmap_2d:/home/lhl/nav2_ws/src/install/nav2_util:/home/lhl/nav2_ws/src/install/nav2_voxel_grid:/home/lhl/nav2_ws/src/install/nav2_msgs:/home/lhl/nav2_ws/src/install/nav2_common:/home/lhl/nav2_ws/src/install/sam_bot_description:/home/lhl/nav2_ws/src/install/nav2_system_tests:/home/lhl/nav2_ws/src/install/nav2_bringup:/home/lhl/nav2_ws/src/install/navigation2:/home/lhl/nav2_ws/src/install/nav2_smoother:/home/lhl/nav2_ws/src/install/nav2_dwb_controller:/home/lhl/nav2_ws/src/install/nav2_controller:/home/lhl/nav2_ws/src/install/dwb_plugins:/home/lhl/nav2_ws/src/install/dwb_critics:/home/lhl/nav2_ws/src/install/dwb_core:/home/lhl/nav2_ws/src/install/nav_2d_utils:/home/lhl/nav2_ws/src/install/dwb_msgs:/home/lhl/nav2_ws/src/install/nav_2d_msgs:/home/lhl/nav2_ws/src/install/nav2_waypoint_follower:/home/lhl/nav2_ws/src/install/nav2_theta_star_planner:/home/lhl/nav2_ws/src/install/nav2_smac_planner:/home/lhl/nav2_ws/src/install/nav2_rotation_shim_controller:/home/lhl/nav2_ws/src/install/nav2_regulated_pure_pursuit_controller:/home/lhl/nav2_ws/src/install/nav2_planner:/home/lhl/nav2_ws/src/install/nav2_navfn_planner:/home/lhl/nav2_ws/src/install/nav2_mppi_controller:/home/lhl/nav2_ws/src/install/nav2_constrained_smoother:/home/lhl/nav2_ws/src/install/nav2_bt_navigator:/home/lhl/nav2_ws/src/install/nav2_behaviors:/home/lhl/nav2_ws/src/install/nav2_collision_monitor:/home/lhl/nav2_ws/src/install/costmap_queue:/home/lhl/nav2_ws/src/install/nav2_velocity_smoother:/home/lhl/nav2_ws/src/install/nav2_rviz_plugins:/home/lhl/nav2_ws/src/install/nav2_map_server:/home/lhl/nav2_ws/src/install/nav2_lifecycle_manager:/home/lhl/nav2_ws/src/install/nav2_behavior_tree:/home/lhl/nav2_ws/src/install/nav2_amcl:/home/lhl/nav2_ws/src/install/nav2_simple_commander:/opt/ros/humble LD_LIBRARY_PATH=/home/lhl/nav2_ws/src/install/nav2_costmap_2d/lib:/home/lhl/nav2_ws/src/install/nav2_util/lib:/home/lhl/nav2_ws/src/install/nav2_voxel_grid/lib:/home/lhl/nav2_ws/src/install/nav2_msgs/lib:/home/lhl/nav2_ws/src/install/nav2_smoother/lib:/home/lhl/nav2_ws/src/install/nav2_controller/lib:/home/lhl/nav2_ws/src/install/dwb_plugins/lib:/home/lhl/nav2_ws/src/install/dwb_critics/lib:/home/lhl/nav2_ws/src/install/dwb_core/lib:/home/lhl/nav2_ws/src/install/nav_2d_utils/lib:/home/lhl/nav2_ws/src/install/dwb_msgs/lib:/home/lhl/nav2_ws/src/install/nav_2d_msgs/lib:/home/lhl/nav2_ws/src/install/nav2_waypoint_follower/lib:/home/lhl/nav2_ws/src/install/nav2_theta_star_planner/lib:/home/lhl/nav2_ws/src/install/nav2_smac_planner/lib:/home/lhl/nav2_ws/src/install/nav2_rotation_shim_controller/lib:/home/lhl/nav2_ws/src/install/nav2_regulated_pure_pursuit_controller/lib:/home/lhl/nav2_ws/src/install/nav2_planner/lib:/home/lhl/nav2_ws/src/install/nav2_navfn_planner/lib:/home/lhl/nav2_ws/src/install/nav2_mppi_controller/lib:/home/lhl/nav2_ws/src/install/nav2_constrained_smoother/lib:/home/lhl/nav2_ws/src/install/nav2_bt_navigator/lib:/home/lhl/nav2_ws/src/install/nav2_behaviors/lib:/home/lhl/nav2_ws/src/install/nav2_collision_monitor/lib:/home/lhl/nav2_ws/src/install/costmap_queue/lib:/home/lhl/nav2_ws/src/install/nav2_velocity_smoother/lib:/home/lhl/nav2_ws/src/install/nav2_rviz_plugins/lib:/home/lhl/nav2_ws/src/install/nav2_map_server/lib:/home/lhl/nav2_ws/src/install/nav2_lifecycle_manager/lib:/home/lhl/nav2_ws/src/install/nav2_behavior_tree/lib:/home/lhl/nav2_ws/src/install/nav2_amcl/lib:/usr/lib/x86_64-linux-gnu/gazebo-11/plugins:/opt/ros/humble/opt/rviz_ogre_vendor/lib:/opt/ros/humble/lib/x86_64-linux-gnu:/opt/ros/humble/lib /usr/bin/cmake --install /home/lhl/nav2_ws/src/build/nav2_smac_planner
[1.328s] -- Install configuration: "Release"
[1.331s] -- Up-to-date: /home/lhl/nav2_ws/src/install/nav2_smac_planner/share/nav2_smac_planner/smac_plugin_hybrid.xml
[1.331s] -- Up-to-date: /home/lhl/nav2_ws/src/install/nav2_smac_planner/share/nav2_smac_planner/smac_plugin_2d.xml
[1.331s] -- Up-to-date: /home/lhl/nav2_ws/src/install/nav2_smac_planner/share/nav2_smac_planner/smac_plugin_lattice.xml
[1.331s] -- Up-to-date: /home/lhl/nav2_ws/src/install/nav2_smac_planner/lib/libnav2_smac_planner.so
[1.331s] -- Up-to-date: /home/lhl/nav2_ws/src/install/nav2_smac_planner/lib/libnav2_smac_planner_2d.so
[1.331s] -- Up-to-date: /home/lhl/nav2_ws/src/install/nav2_smac_planner/lib/libnav2_smac_planner_lattice.so
[1.332s] -- Up-to-date: /home/lhl/nav2_ws/src/install/nav2_smac_planner/include/
[1.332s] -- Up-to-date: /home/lhl/nav2_ws/src/install/nav2_smac_planner/include//nav2_smac_planner
[1.332s] -- Up-to-date: /home/lhl/nav2_ws/src/install/nav2_smac_planner/include//nav2_smac_planner/node_hybrid.hpp
[1.332s] -- Up-to-date: /home/lhl/nav2_ws/src/install/nav2_smac_planner/include//nav2_smac_planner/utils.hpp
[1.332s] -- Up-to-date: /home/lhl/nav2_ws/src/install/nav2_smac_planner/include//nav2_smac_planner/a_star.hpp
[1.332s] -- Up-to-date: /home/lhl/nav2_ws/src/install/nav2_smac_planner/include//nav2_smac_planner/smac_planner_lattice.hpp
[1.332s] -- Up-to-date: /home/lhl/nav2_ws/src/install/nav2_smac_planner/include//nav2_smac_planner/constants.hpp
[1.332s] -- Up-to-date: /home/lhl/nav2_ws/src/install/nav2_smac_planner/include//nav2_smac_planner/node_lattice.hpp
[1.332s] -- Up-to-date: /home/lhl/nav2_ws/src/install/nav2_smac_planner/include//nav2_smac_planner/smoother.hpp
[1.332s] -- Up-to-date: /home/lhl/nav2_ws/src/install/nav2_smac_planner/include//nav2_smac_planner/smac_planner_2d.hpp
[1.333s] -- Up-to-date: /home/lhl/nav2_ws/src/install/nav2_smac_planner/include//nav2_smac_planner/collision_checker.hpp
[1.333s] -- Up-to-date: /home/lhl/nav2_ws/src/install/nav2_smac_planner/include//nav2_smac_planner/thirdparty
[1.333s] -- Up-to-date: /home/lhl/nav2_ws/src/install/nav2_smac_planner/include//nav2_smac_planner/thirdparty/robin_hood.h
[1.333s] -- Up-to-date: /home/lhl/nav2_ws/src/install/nav2_smac_planner/include//nav2_smac_planner/analytic_expansion.hpp
[1.333s] -- Up-to-date: /home/lhl/nav2_ws/src/install/nav2_smac_planner/include//nav2_smac_planner/costmap_downsampler.hpp
[1.333s] -- Up-to-date: /home/lhl/nav2_ws/src/install/nav2_smac_planner/include//nav2_smac_planner/smac_planner_hybrid.hpp
[1.333s] -- Up-to-date: /home/lhl/nav2_ws/src/install/nav2_smac_planner/include//nav2_smac_planner/types.hpp
[1.333s] -- Up-to-date: /home/lhl/nav2_ws/src/install/nav2_smac_planner/include//nav2_smac_planner/node_basic.hpp
[1.333s] -- Up-to-date: /home/lhl/nav2_ws/src/install/nav2_smac_planner/include//nav2_smac_planner/node_2d.hpp
[1.333s] -- Up-to-date: /home/lhl/nav2_ws/src/install/nav2_smac_planner/share/nav2_smac_planner/sample_primitives
[1.334s] -- Up-to-date: /home/lhl/nav2_ws/src/install/nav2_smac_planner/share/nav2_smac_planner/sample_primitives/5cm_resolution
[1.334s] -- Up-to-date: /home/lhl/nav2_ws/src/install/nav2_smac_planner/share/nav2_smac_planner/sample_primitives/5cm_resolution/0.5m_turning_radius
[1.334s] -- Up-to-date: /home/lhl/nav2_ws/src/install/nav2_smac_planner/share/nav2_smac_planner/sample_primitives/5cm_resolution/0.5m_turning_radius/ackermann
[1.334s] -- Up-to-date: /home/lhl/nav2_ws/src/install/nav2_smac_planner/share/nav2_smac_planner/sample_primitives/5cm_resolution/0.5m_turning_radius/ackermann/output.json
[1.334s] -- Up-to-date: /home/lhl/nav2_ws/src/install/nav2_smac_planner/share/nav2_smac_planner/sample_primitives/5cm_resolution/0.5m_turning_radius/omni
[1.334s] -- Up-to-date: /home/lhl/nav2_ws/src/install/nav2_smac_planner/share/nav2_smac_planner/sample_primitives/5cm_resolution/0.5m_turning_radius/omni/output.json
[1.334s] -- Up-to-date: /home/lhl/nav2_ws/src/install/nav2_smac_planner/share/nav2_smac_planner/sample_primitives/5cm_resolution/0.5m_turning_radius/all_trajectories.png
[1.334s] -- Up-to-date: /home/lhl/nav2_ws/src/install/nav2_smac_planner/share/nav2_smac_planner/sample_primitives/5cm_resolution/0.5m_turning_radius/diff
[1.334s] -- Up-to-date: /home/lhl/nav2_ws/src/install/nav2_smac_planner/share/nav2_smac_planner/sample_primitives/5cm_resolution/0.5m_turning_radius/diff/output.json
[1.334s] -- Up-to-date: /home/lhl/nav2_ws/src/install/nav2_smac_planner/share/nav2_smac_planner/sample_primitives/5cm_resolution/1m_turning_radius
[1.335s] -- Up-to-date: /home/lhl/nav2_ws/src/install/nav2_smac_planner/share/nav2_smac_planner/sample_primitives/5cm_resolution/1m_turning_radius/ackermann
[1.335s] -- Up-to-date: /home/lhl/nav2_ws/src/install/nav2_smac_planner/share/nav2_smac_planner/sample_primitives/5cm_resolution/1m_turning_radius/ackermann/output.json
[1.350s] -- Up-to-date: /home/lhl/nav2_ws/src/install/nav2_smac_planner/share/nav2_smac_planner/sample_primitives/5cm_resolution/1m_turning_radius/omni
[1.351s] -- Up-to-date: /home/lhl/nav2_ws/src/install/nav2_smac_planner/share/nav2_smac_planner/sample_primitives/5cm_resolution/1m_turning_radius/omni/output.json
[1.351s] -- Up-to-date: /home/lhl/nav2_ws/src/install/nav2_smac_planner/share/nav2_smac_planner/sample_primitives/5cm_resolution/1m_turning_radius/all_trajectories.png
[1.351s] -- Up-to-date: /home/lhl/nav2_ws/src/install/nav2_smac_planner/share/nav2_smac_planner/sample_primitives/5cm_resolution/1m_turning_radius/diff
[1.351s] -- Up-to-date: /home/lhl/nav2_ws/src/install/nav2_smac_planner/share/nav2_smac_planner/sample_primitives/5cm_resolution/1m_turning_radius/diff/output.json
[1.351s] -- Up-to-date: /home/lhl/nav2_ws/src/install/nav2_smac_planner/share/nav2_smac_planner/environment/library_path.sh
[1.351s] -- Up-to-date: /home/lhl/nav2_ws/src/install/nav2_smac_planner/share/nav2_smac_planner/environment/library_path.dsv
[1.351s] -- Up-to-date: /home/lhl/nav2_ws/src/install/nav2_smac_planner/share/ament_index/resource_index/package_run_dependencies/nav2_smac_planner
[1.352s] -- Up-to-date: /home/lhl/nav2_ws/src/install/nav2_smac_planner/share/ament_index/resource_index/parent_prefix_path/nav2_smac_planner
[1.352s] -- Up-to-date: /home/lhl/nav2_ws/src/install/nav2_smac_planner/share/nav2_smac_planner/environment/ament_prefix_path.sh
[1.352s] -- Up-to-date: /home/lhl/nav2_ws/src/install/nav2_smac_planner/share/nav2_smac_planner/environment/ament_prefix_path.dsv
[1.352s] -- Up-to-date: /home/lhl/nav2_ws/src/install/nav2_smac_planner/share/nav2_smac_planner/environment/path.sh
[1.352s] -- Up-to-date: /home/lhl/nav2_ws/src/install/nav2_smac_planner/share/nav2_smac_planner/environment/path.dsv
[1.352s] -- Up-to-date: /home/lhl/nav2_ws/src/install/nav2_smac_planner/share/nav2_smac_planner/local_setup.bash
[1.352s] -- Up-to-date: /home/lhl/nav2_ws/src/install/nav2_smac_planner/share/nav2_smac_planner/local_setup.sh
[1.352s] -- Up-to-date: /home/lhl/nav2_ws/src/install/nav2_smac_planner/share/nav2_smac_planner/local_setup.zsh
[1.352s] -- Up-to-date: /home/lhl/nav2_ws/src/install/nav2_smac_planner/share/nav2_smac_planner/local_setup.dsv
[1.353s] -- Installing: /home/lhl/nav2_ws/src/install/nav2_smac_planner/share/nav2_smac_planner/package.dsv
[1.353s] -- Up-to-date: /home/lhl/nav2_ws/src/install/nav2_smac_planner/share/ament_index/resource_index/packages/nav2_smac_planner
[1.353s] -- Up-to-date: /home/lhl/nav2_ws/src/install/nav2_smac_planner/share/ament_index/resource_index/nav2_core__pluginlib__plugin/nav2_smac_planner
[1.353s] -- Up-to-date: /home/lhl/nav2_ws/src/install/nav2_smac_planner/share/nav2_smac_planner/cmake/ament_cmake_export_include_directories-extras.cmake
[1.353s] -- Up-to-date: /home/lhl/nav2_ws/src/install/nav2_smac_planner/share/nav2_smac_planner/cmake/ament_cmake_export_libraries-extras.cmake
[1.353s] -- Up-to-date: /home/lhl/nav2_ws/src/install/nav2_smac_planner/share/nav2_smac_planner/cmake/ament_cmake_export_dependencies-extras.cmake
[1.353s] -- Up-to-date: /home/lhl/nav2_ws/src/install/nav2_smac_planner/share/nav2_smac_planner/cmake/nav2_smac_plannerConfig.cmake
[1.353s] -- Up-to-date: /home/lhl/nav2_ws/src/install/nav2_smac_planner/share/nav2_smac_planner/cmake/nav2_smac_plannerConfig-version.cmake
[1.353s] -- Up-to-date: /home/lhl/nav2_ws/src/install/nav2_smac_planner/share/nav2_smac_planner/package.xml
[1.376s] Invoked command in '/home/lhl/nav2_ws/src/build/nav2_smac_planner' returned '0': CMAKE_PREFIX_PATH=/home/lhl/nav2_ws/src/install/nav2_core:/home/lhl/nav2_ws/src/install/nav2_costmap_2d:/home/lhl/nav2_ws/src/install/nav2_util:/home/lhl/nav2_ws/src/install/nav2_voxel_grid:/home/lhl/nav2_ws/src/install/nav2_msgs:/home/lhl/nav2_ws/src/install/nav2_common:/home/lhl/nav2_ws/src/install/sam_bot_description:/home/lhl/nav2_ws/src/install/nav2_system_tests:/home/lhl/nav2_ws/src/install/nav2_bringup:/home/lhl/nav2_ws/src/install/navigation2:/home/lhl/nav2_ws/src/install/nav2_smoother:/home/lhl/nav2_ws/src/install/nav2_dwb_controller:/home/lhl/nav2_ws/src/install/nav2_controller:/home/lhl/nav2_ws/src/install/dwb_plugins:/home/lhl/nav2_ws/src/install/dwb_critics:/home/lhl/nav2_ws/src/install/dwb_core:/home/lhl/nav2_ws/src/install/nav_2d_utils:/home/lhl/nav2_ws/src/install/dwb_msgs:/home/lhl/nav2_ws/src/install/nav_2d_msgs:/home/lhl/nav2_ws/src/install/nav2_waypoint_follower:/home/lhl/nav2_ws/src/install/nav2_theta_star_planner:/home/lhl/nav2_ws/src/install/nav2_smac_planner:/home/lhl/nav2_ws/src/install/nav2_rotation_shim_controller:/home/lhl/nav2_ws/src/install/nav2_regulated_pure_pursuit_controller:/home/lhl/nav2_ws/src/install/nav2_planner:/home/lhl/nav2_ws/src/install/nav2_navfn_planner:/home/lhl/nav2_ws/src/install/nav2_mppi_controller:/home/lhl/nav2_ws/src/install/nav2_constrained_smoother:/home/lhl/nav2_ws/src/install/nav2_bt_navigator:/home/lhl/nav2_ws/src/install/nav2_behaviors:/home/lhl/nav2_ws/src/install/nav2_collision_monitor:/home/lhl/nav2_ws/src/install/costmap_queue:/home/lhl/nav2_ws/src/install/nav2_velocity_smoother:/home/lhl/nav2_ws/src/install/nav2_rviz_plugins:/home/lhl/nav2_ws/src/install/nav2_map_server:/home/lhl/nav2_ws/src/install/nav2_lifecycle_manager:/home/lhl/nav2_ws/src/install/nav2_behavior_tree:/home/lhl/nav2_ws/src/install/nav2_amcl:/home/lhl/nav2_ws/src/install/nav2_simple_commander:/opt/ros/humble LD_LIBRARY_PATH=/home/lhl/nav2_ws/src/install/nav2_costmap_2d/lib:/home/lhl/nav2_ws/src/install/nav2_util/lib:/home/lhl/nav2_ws/src/install/nav2_voxel_grid/lib:/home/lhl/nav2_ws/src/install/nav2_msgs/lib:/home/lhl/nav2_ws/src/install/nav2_smoother/lib:/home/lhl/nav2_ws/src/install/nav2_controller/lib:/home/lhl/nav2_ws/src/install/dwb_plugins/lib:/home/lhl/nav2_ws/src/install/dwb_critics/lib:/home/lhl/nav2_ws/src/install/dwb_core/lib:/home/lhl/nav2_ws/src/install/nav_2d_utils/lib:/home/lhl/nav2_ws/src/install/dwb_msgs/lib:/home/lhl/nav2_ws/src/install/nav_2d_msgs/lib:/home/lhl/nav2_ws/src/install/nav2_waypoint_follower/lib:/home/lhl/nav2_ws/src/install/nav2_theta_star_planner/lib:/home/lhl/nav2_ws/src/install/nav2_smac_planner/lib:/home/lhl/nav2_ws/src/install/nav2_rotation_shim_controller/lib:/home/lhl/nav2_ws/src/install/nav2_regulated_pure_pursuit_controller/lib:/home/lhl/nav2_ws/src/install/nav2_planner/lib:/home/lhl/nav2_ws/src/install/nav2_navfn_planner/lib:/home/lhl/nav2_ws/src/install/nav2_mppi_controller/lib:/home/lhl/nav2_ws/src/install/nav2_constrained_smoother/lib:/home/lhl/nav2_ws/src/install/nav2_bt_navigator/lib:/home/lhl/nav2_ws/src/install/nav2_behaviors/lib:/home/lhl/nav2_ws/src/install/nav2_collision_monitor/lib:/home/lhl/nav2_ws/src/install/costmap_queue/lib:/home/lhl/nav2_ws/src/install/nav2_velocity_smoother/lib:/home/lhl/nav2_ws/src/install/nav2_rviz_plugins/lib:/home/lhl/nav2_ws/src/install/nav2_map_server/lib:/home/lhl/nav2_ws/src/install/nav2_lifecycle_manager/lib:/home/lhl/nav2_ws/src/install/nav2_behavior_tree/lib:/home/lhl/nav2_ws/src/install/nav2_amcl/lib:/usr/lib/x86_64-linux-gnu/gazebo-11/plugins:/opt/ros/humble/opt/rviz_ogre_vendor/lib:/opt/ros/humble/lib/x86_64-linux-gnu:/opt/ros/humble/lib /usr/bin/cmake --install /home/lhl/nav2_ws/src/build/nav2_smac_planner
