-- Found ament_cmake: 1.3.4 (/opt/ros/humble/share/ament_cmake/cmake)
-- Override CMake install command with custom implementation using symlinks instead of copying resources
-- Found nav2_common: 1.1.6 (/home/lhl/nav2_ws/install/nav2_common/share/nav2_common/cmake)
-- Found rclcpp: 16.0.4 (/opt/ros/humble/share/rclcpp/cmake)
-- Found rosidl_generator_c: 3.1.4 (/opt/ros/humble/share/rosidl_generator_c/cmake)
-- Found rosidl_adapter: 3.1.4 (/opt/ros/humble/share/rosidl_adapter/cmake)
-- Found rosidl_generator_cpp: 3.1.4 (/opt/ros/humble/share/rosidl_generator_cpp/cmake)
-- Using all available rosidl_typesupport_c: rosidl_typesupport_fastrtps_c;rosidl_typesupport_introspection_c
-- Using all available rosidl_typesupport_cpp: rosidl_typesupport_fastrtps_cpp;rosidl_typesupport_introspection_cpp
-- Found rmw_implementation_cmake: 6.1.1 (/opt/ros/humble/share/rmw_implementation_cmake/cmake)
-- Found rmw_fastrtps_cpp: 6.2.2 (/opt/ros/humble/share/rmw_fastrtps_cpp/cmake)
-- Using RMW implementation 'rmw_fastrtps_cpp' as default
-- Found rclcpp_lifecycle: 16.0.4 (/opt/ros/humble/share/rclcpp_lifecycle/cmake)
-- Found rclcpp_components: 16.0.4 (/opt/ros/humble/share/rclcpp_components/cmake)
-- Found nav_msgs: 4.2.3 (/opt/ros/humble/share/nav_msgs/cmake)
-- Found nav2_msgs: 1.1.6 (/home/lhl/nav2_ws/install/nav2_msgs/share/nav2_msgs/cmake)
-- Found yaml_cpp_vendor: 8.0.2 (/opt/ros/humble/share/yaml_cpp_vendor/cmake)
-- Found tf2: 0.25.2 (/opt/ros/humble/share/tf2/cmake)
-- Found nav2_util: 1.1.6 (/home/lhl/nav2_ws/install/nav2_util/share/nav2_util/cmake)
-- Found eigen3_cmake_module: 0.1.1 (/opt/ros/humble/share/eigen3_cmake_module/cmake)
-- Ensuring Eigen3 include directory is part of orocos-kdl CMake target
-- Found ament_lint_auto: 0.12.6 (/opt/ros/humble/share/ament_lint_auto/cmake)
-- Found gtest sources under '/opt/ros/humble/src/gtest_vendor': C++ tests using 'Google Test' will be built
-- Found gtest sources under '/opt/ros/humble/src/gtest_vendor': C++ tests using 'Google Test' will be built
-- Found gtest sources under '/opt/ros/humble/src/gtest_vendor': C++ tests using 'Google Test' will be built
-- Added test 'cppcheck' to perform static code analysis on C / C++ code
-- Configured cppcheck include dirs: /home/lhl/nav2_ws/src/navigation2/nav2_map_server/include
-- Configured cppcheck exclude dirs and/or files: 
-- Added test 'cpplint' to check C / C++ code against the Google style
-- Configured cpplint exclude dirs and/or files: 
-- Added test 'flake8' to check Python code syntax and style conventions
-- Added test 'lint_cmake' to check CMake code style
-- Added test 'pep257' to check Python code against some of the docstring style conventions in PEP 257
-- Added test 'uncrustify' to check C / C++ code style
-- Configured uncrustify additional arguments: 
-- Added test 'xmllint' to check XML markup files
-- Configuring done
-- Generating done
-- Build files have been written to: /home/lhl/nav2_ws/build/nav2_map_server
[35m[1mConsolidate compiler generated dependencies of target gtest_main[0m
[35m[1mConsolidate compiler generated dependencies of target gtest[0m
[35m[1mConsolidate compiler generated dependencies of target map_io[0m
[  5%] Built target gtest
[ 11%] Built target gtest_main
[ 19%] Built target map_io
[35m[1mConsolidate compiler generated dependencies of target test_map_saver_cli[0m
[35m[1mConsolidate compiler generated dependencies of target test_map_io[0m
[35m[1mConsolidate compiler generated dependencies of target map_server_core[0m
[35m[1mConsolidate compiler generated dependencies of target test_map_saver_publisher[0m
[ 27%] Built target test_map_saver_cli
[ 36%] Built target test_map_io
[ 44%] Built target test_map_saver_publisher
[ 55%] Built target map_server_core
[35m[1mConsolidate compiler generated dependencies of target map_server[0m
[35m[1mConsolidate compiler generated dependencies of target map_saver_server[0m
[35m[1mConsolidate compiler generated dependencies of target map_saver_cli[0m
[35m[1mConsolidate compiler generated dependencies of target test_map_server_node[0m
[35m[1mConsolidate compiler generated dependencies of target costmap_filter_info_server[0m
[35m[1mConsolidate compiler generated dependencies of target test_map_saver_node[0m
[35m[1mConsolidate compiler generated dependencies of target test_costmap_filter_info_server[0m
[ 61%] Built target map_server
[ 66%] Built target map_saver_cli
[ 75%] Built target test_map_server_node
[ 80%] Built target map_saver_server
[ 86%] Built target costmap_filter_info_server
[ 94%] Built target test_map_saver_node
[100%] Built target test_costmap_filter_info_server
-- Install configuration: "Release"
-- Execute custom install script
-- Up-to-date symlink: /home/lhl/nav2_ws/install/nav2_map_server/lib/libmap_server_core.so
-- Up-to-date symlink: /home/lhl/nav2_ws/install/nav2_map_server/lib/libmap_io.so
-- Up-to-date symlink: /home/lhl/nav2_ws/install/nav2_map_server/lib/nav2_map_server/map_server
-- Up-to-date symlink: /home/lhl/nav2_ws/install/nav2_map_server/lib/nav2_map_server/map_saver_cli
-- Up-to-date symlink: /home/lhl/nav2_ws/install/nav2_map_server/lib/nav2_map_server/map_saver_server
-- Up-to-date symlink: /home/lhl/nav2_ws/install/nav2_map_server/lib/nav2_map_server/costmap_filter_info_server
-- Up-to-date symlink: /home/lhl/nav2_ws/install/nav2_map_server/include//nav2_map_server/costmap_filter_info_server.hpp
-- Up-to-date symlink: /home/lhl/nav2_ws/install/nav2_map_server/include//nav2_map_server/map_io.hpp
-- Up-to-date symlink: /home/lhl/nav2_ws/install/nav2_map_server/include//nav2_map_server/map_mode.hpp
-- Up-to-date symlink: /home/lhl/nav2_ws/install/nav2_map_server/include//nav2_map_server/map_saver.hpp
-- Up-to-date symlink: /home/lhl/nav2_ws/install/nav2_map_server/include//nav2_map_server/map_server.hpp
-- Up-to-date symlink: /home/lhl/nav2_ws/install/nav2_map_server/share/nav2_map_server/launch/map_saver_server.launch.py
-- Up-to-date symlink: /home/lhl/nav2_ws/install/nav2_map_server/share/nav2_map_server/environment/library_path.sh
-- Up-to-date symlink: /home/lhl/nav2_ws/install/nav2_map_server/share/nav2_map_server/environment/library_path.dsv
-- Up-to-date symlink: /home/lhl/nav2_ws/install/nav2_map_server/share/ament_index/resource_index/package_run_dependencies/nav2_map_server
-- Up-to-date symlink: /home/lhl/nav2_ws/install/nav2_map_server/share/ament_index/resource_index/parent_prefix_path/nav2_map_server
-- Up-to-date symlink: /home/lhl/nav2_ws/install/nav2_map_server/share/nav2_map_server/environment/ament_prefix_path.sh
-- Up-to-date symlink: /home/lhl/nav2_ws/install/nav2_map_server/share/nav2_map_server/environment/ament_prefix_path.dsv
-- Up-to-date symlink: /home/lhl/nav2_ws/install/nav2_map_server/share/nav2_map_server/environment/path.sh
-- Up-to-date symlink: /home/lhl/nav2_ws/install/nav2_map_server/share/nav2_map_server/environment/path.dsv
-- Up-to-date symlink: /home/lhl/nav2_ws/install/nav2_map_server/share/nav2_map_server/local_setup.bash
-- Up-to-date symlink: /home/lhl/nav2_ws/install/nav2_map_server/share/nav2_map_server/local_setup.sh
-- Up-to-date symlink: /home/lhl/nav2_ws/install/nav2_map_server/share/nav2_map_server/local_setup.zsh
-- Up-to-date symlink: /home/lhl/nav2_ws/install/nav2_map_server/share/nav2_map_server/local_setup.dsv
-- Symlinking: /home/lhl/nav2_ws/install/nav2_map_server/share/nav2_map_server/package.dsv
-- Up-to-date symlink: /home/lhl/nav2_ws/install/nav2_map_server/share/ament_index/resource_index/packages/nav2_map_server
-- Up-to-date symlink: /home/lhl/nav2_ws/install/nav2_map_server/share/ament_index/resource_index/rclcpp_components/nav2_map_server
-- Up-to-date symlink: /home/lhl/nav2_ws/install/nav2_map_server/share/nav2_map_server/cmake/ament_cmake_export_include_directories-extras.cmake
-- Up-to-date symlink: /home/lhl/nav2_ws/install/nav2_map_server/share/nav2_map_server/cmake/ament_cmake_export_libraries-extras.cmake
-- Up-to-date symlink: /home/lhl/nav2_ws/install/nav2_map_server/share/nav2_map_server/cmake/ament_cmake_export_dependencies-extras.cmake
-- Up-to-date symlink: /home/lhl/nav2_ws/install/nav2_map_server/share/nav2_map_server/cmake/nav2_map_serverConfig.cmake
-- Up-to-date symlink: /home/lhl/nav2_ws/install/nav2_map_server/share/nav2_map_server/cmake/nav2_map_serverConfig-version.cmake
-- Up-to-date symlink: /home/lhl/nav2_ws/install/nav2_map_server/share/nav2_map_server/package.xml
