-- The C compiler identification is GNU 11.3.0
-- The CXX compiler identification is GNU 11.3.0
-- Detecting C compiler ABI info
-- Detecting C compiler ABI info - done
-- Check for working C compiler: /usr/bin/cc - skipped
-- Detecting C compile features
-- Detecting C compile features - done
-- Detecting CXX compiler ABI info
-- Detecting CXX compiler ABI info - done
-- Check for working CXX compiler: /usr/bin/c++ - skipped
-- Detecting CXX compile features
-- Detecting CXX compile features - done
-- Found ament_cmake: 1.3.4 (/opt/ros/humble/share/ament_cmake/cmake)
-- Found Python3: /usr/bin/python3.10 (found version "3.10.6") found components: Interpreter 
-- Found rclcpp: 16.0.4 (/opt/ros/humble/share/rclcpp/cmake)
-- Found rosidl_generator_c: 3.1.4 (/opt/ros/humble/share/rosidl_generator_c/cmake)
-- Found rosidl_adapter: 3.1.4 (/opt/ros/humble/share/rosidl_adapter/cmake)
-- Found rosidl_generator_cpp: 3.1.4 (/opt/ros/humble/share/rosidl_generator_cpp/cmake)
-- Using all available rosidl_typesupport_c: rosidl_typesupport_fastrtps_c;rosidl_typesupport_introspection_c
-- Using all available rosidl_typesupport_cpp: rosidl_typesupport_fastrtps_cpp;rosidl_typesupport_introspection_cpp
-- Found rmw_implementation_cmake: 6.1.1 (/opt/ros/humble/share/rmw_implementation_cmake/cmake)
-- Found rmw_fastrtps_cpp: 6.2.2 (/opt/ros/humble/share/rmw_fastrtps_cpp/cmake)
-- Found OpenSSL: /usr/lib/x86_64-linux-gnu/libcrypto.so (found version "3.0.2")  
-- Found FastRTPS: /opt/ros/humble/include  
-- Using RMW implementation 'rmw_fastrtps_cpp' as default
-- Looking for pthread.h
-- Looking for pthread.h - found
-- Performing Test CMAKE_HAVE_LIBC_PTHREAD
-- Performing Test CMAKE_HAVE_LIBC_PTHREAD - Success
-- Found Threads: TRUE  
-- Found rclcpp_action: 16.0.4 (/opt/ros/humble/share/rclcpp_action/cmake)
-- Found rclcpp_lifecycle: 16.0.4 (/opt/ros/humble/share/rclcpp_lifecycle/cmake)
-- Found visualization_msgs: 4.2.3 (/opt/ros/humble/share/visualization_msgs/cmake)
-- Found nav2_util: 1.1.6 (/home/lhl/nav2_ws/install/nav2_util/share/nav2_util/cmake)
-- Found eigen3_cmake_module: 0.1.1 (/opt/ros/humble/share/eigen3_cmake_module/cmake)
-- Found Eigen3: TRUE (found version "3.4.0") 
-- Ensuring Eigen3 include directory is part of orocos-kdl CMake target
-- Found nav2_costmap_2d: 1.1.6 (/home/lhl/nav2_ws/install/nav2_costmap_2d/share/nav2_costmap_2d/cmake)
-- Found nav2_core: 1.1.6 (/home/lhl/nav2_ws/install/nav2_core/share/nav2_core/cmake)
-- Found ament_lint_auto: 0.12.6 (/opt/ros/humble/share/ament_lint_auto/cmake)
-- Added test 'copyright' to check source files copyright and LICENSE
-- Added test 'cppcheck' to perform static code analysis on C / C++ code
-- Configured cppcheck include dirs: /home/lhl/nav2_ws/src/navigation2_tutorials/nav2_straightline_planner/include
-- Configured cppcheck exclude dirs and/or files: 
-- Added test 'cpplint' to check C / C++ code against the Google style
-- Configured cpplint exclude dirs and/or files: 
-- Added test 'lint_cmake' to check CMake code style
-- Added test 'uncrustify' to check C / C++ code style
-- Configured uncrustify additional arguments: 
-- Added test 'xmllint' to check XML markup files
-- Configuring done
-- Generating done
-- Build files have been written to: /home/lhl/nav2_ws/build/nav2_straightline_planner
[ 50%] [32mBuilding CXX object CMakeFiles/nav2_straightline_planner_plugin.dir/src/straight_line_planner.cpp.o[0m
[100%] [32m[1mLinking CXX shared library libnav2_straightline_planner_plugin.so[0m
[100%] Built target nav2_straightline_planner_plugin
-- Install configuration: ""
-- Installing: /home/lhl/nav2_ws/install/nav2_straightline_planner/share/nav2_straightline_planner/global_planner_plugin.xml
-- Installing: /home/lhl/nav2_ws/install/nav2_straightline_planner/lib/libnav2_straightline_planner_plugin.so
-- Set runtime path of "/home/lhl/nav2_ws/install/nav2_straightline_planner/lib/libnav2_straightline_planner_plugin.so" to ""
-- Installing: /home/lhl/nav2_ws/install/nav2_straightline_planner/include/
-- Installing: /home/lhl/nav2_ws/install/nav2_straightline_planner/include//nav2_straightline_planner
-- Installing: /home/lhl/nav2_ws/install/nav2_straightline_planner/include//nav2_straightline_planner/straight_line_planner.hpp
-- Up-to-date: /home/lhl/nav2_ws/install/nav2_straightline_planner/share/nav2_straightline_planner/global_planner_plugin.xml
-- Installing: /home/lhl/nav2_ws/install/nav2_straightline_planner/share/nav2_straightline_planner/environment/library_path.sh
-- Installing: /home/lhl/nav2_ws/install/nav2_straightline_planner/share/nav2_straightline_planner/environment/library_path.dsv
-- Installing: /home/lhl/nav2_ws/install/nav2_straightline_planner/share/ament_index/resource_index/package_run_dependencies/nav2_straightline_planner
-- Installing: /home/lhl/nav2_ws/install/nav2_straightline_planner/share/ament_index/resource_index/parent_prefix_path/nav2_straightline_planner
-- Installing: /home/lhl/nav2_ws/install/nav2_straightline_planner/share/nav2_straightline_planner/environment/ament_prefix_path.sh
-- Installing: /home/lhl/nav2_ws/install/nav2_straightline_planner/share/nav2_straightline_planner/environment/ament_prefix_path.dsv
-- Installing: /home/lhl/nav2_ws/install/nav2_straightline_planner/share/nav2_straightline_planner/environment/path.sh
-- Installing: /home/lhl/nav2_ws/install/nav2_straightline_planner/share/nav2_straightline_planner/environment/path.dsv
-- Installing: /home/lhl/nav2_ws/install/nav2_straightline_planner/share/nav2_straightline_planner/local_setup.bash
-- Installing: /home/lhl/nav2_ws/install/nav2_straightline_planner/share/nav2_straightline_planner/local_setup.sh
-- Installing: /home/lhl/nav2_ws/install/nav2_straightline_planner/share/nav2_straightline_planner/local_setup.zsh
-- Installing: /home/lhl/nav2_ws/install/nav2_straightline_planner/share/nav2_straightline_planner/local_setup.dsv
-- Installing: /home/lhl/nav2_ws/install/nav2_straightline_planner/share/nav2_straightline_planner/package.dsv
-- Installing: /home/lhl/nav2_ws/install/nav2_straightline_planner/share/ament_index/resource_index/packages/nav2_straightline_planner
-- Installing: /home/lhl/nav2_ws/install/nav2_straightline_planner/share/ament_index/resource_index/nav2_core__pluginlib__plugin/nav2_straightline_planner
-- Installing: /home/lhl/nav2_ws/install/nav2_straightline_planner/share/nav2_straightline_planner/cmake/ament_cmake_export_include_directories-extras.cmake
-- Installing: /home/lhl/nav2_ws/install/nav2_straightline_planner/share/nav2_straightline_planner/cmake/ament_cmake_export_libraries-extras.cmake
-- Installing: /home/lhl/nav2_ws/install/nav2_straightline_planner/share/nav2_straightline_planner/cmake/ament_cmake_export_dependencies-extras.cmake
-- Installing: /home/lhl/nav2_ws/install/nav2_straightline_planner/share/nav2_straightline_planner/cmake/nav2_straightline_plannerConfig.cmake
-- Installing: /home/lhl/nav2_ws/install/nav2_straightline_planner/share/nav2_straightline_planner/cmake/nav2_straightline_plannerConfig-version.cmake
-- Installing: /home/lhl/nav2_ws/install/nav2_straightline_planner/share/nav2_straightline_planner/package.xml
