[0.038s] Invoking command in '/home/lhl/nav2_ws/build/nav2_straightline_planner': AMENT_PREFIX_PATH=/home/lhl/nav2_ws/install/nav2_core:/home/lhl/nav2_ws/install/nav2_costmap_2d:/home/lhl/nav2_ws/install/nav2_util:/home/lhl/nav2_ws/install/nav2_voxel_grid:/home/lhl/nav2_ws/install/nav2_msgs:/home/lhl/nav2_ws/install/nav2_common:${AMENT_PREFIX_PATH} CMAKE_PREFIX_PATH=/home/lhl/nav2_ws/install/nav2_core:/home/lhl/nav2_ws/install/nav2_costmap_2d:/home/lhl/nav2_ws/install/nav2_util:/home/lhl/nav2_ws/install/nav2_voxel_grid:/home/lhl/nav2_ws/install/nav2_msgs:/home/lhl/nav2_ws/install/nav2_common:/opt/ros/humble LD_LIBRARY_PATH=/home/lhl/nav2_ws/install/nav2_costmap_2d/lib:/home/lhl/nav2_ws/install/nav2_util/lib:/home/lhl/nav2_ws/install/nav2_voxel_grid/lib:/home/lhl/nav2_ws/install/nav2_msgs/lib:${LD_LIBRARY_PATH} PYTHONPATH=/home/lhl/nav2_ws/install/nav2_msgs/local/lib/python3.10/dist-packages:/home/lhl/nav2_ws/install/nav2_common/local/lib/python3.10/dist-packages:${PYTHONPATH} /usr/bin/cmake /home/lhl/nav2_ws/src/navigation2_tutorials/nav2_straightline_planner -DCMAKE_INSTALL_PREFIX=/home/lhl/nav2_ws/install/nav2_straightline_planner
[0.141s] -- The C compiler identification is GNU 11.3.0
[0.234s] -- The CXX compiler identification is GNU 11.3.0
[0.245s] -- Detecting C compiler ABI info
[0.354s] -- Detecting C compiler ABI info - done
[0.359s] -- Check for working C compiler: /usr/bin/cc - skipped
[0.359s] -- Detecting C compile features
[0.360s] -- Detecting C compile features - done
[0.364s] -- Detecting CXX compiler ABI info
[0.481s] -- Detecting CXX compiler ABI info - done
[0.496s] -- Check for working CXX compiler: /usr/bin/c++ - skipped
[0.496s] -- Detecting CXX compile features
[0.497s] -- Detecting CXX compile features - done
[0.501s] -- Found ament_cmake: 1.3.4 (/opt/ros/humble/share/ament_cmake/cmake)
[0.764s] -- Found Python3: /usr/bin/python3.10 (found version "3.10.6") found components: Interpreter 
[0.917s] -- Found rclcpp: 16.0.4 (/opt/ros/humble/share/rclcpp/cmake)
[0.999s] -- Found rosidl_generator_c: 3.1.4 (/opt/ros/humble/share/rosidl_generator_c/cmake)
[1.009s] -- Found rosidl_adapter: 3.1.4 (/opt/ros/humble/share/rosidl_adapter/cmake)
[1.024s] -- Found rosidl_generator_cpp: 3.1.4 (/opt/ros/humble/share/rosidl_generator_cpp/cmake)
[1.050s] -- Using all available rosidl_typesupport_c: rosidl_typesupport_fastrtps_c;rosidl_typesupport_introspection_c
[1.087s] -- Using all available rosidl_typesupport_cpp: rosidl_typesupport_fastrtps_cpp;rosidl_typesupport_introspection_cpp
[1.226s] -- Found rmw_implementation_cmake: 6.1.1 (/opt/ros/humble/share/rmw_implementation_cmake/cmake)
[1.229s] -- Found rmw_fastrtps_cpp: 6.2.2 (/opt/ros/humble/share/rmw_fastrtps_cpp/cmake)
[1.383s] -- Found OpenSSL: /usr/lib/x86_64-linux-gnu/libcrypto.so (found version "3.0.2")  
[1.425s] -- Found FastRTPS: /opt/ros/humble/include  
[1.498s] -- Using RMW implementation 'rmw_fastrtps_cpp' as default
[1.515s] -- Looking for pthread.h
[1.618s] -- Looking for pthread.h - found
[1.619s] -- Performing Test CMAKE_HAVE_LIBC_PTHREAD
[1.742s] -- Performing Test CMAKE_HAVE_LIBC_PTHREAD - Success
[1.742s] -- Found Threads: TRUE  
[2.034s] -- Found rclcpp_action: 16.0.4 (/opt/ros/humble/share/rclcpp_action/cmake)
[2.212s] -- Found rclcpp_lifecycle: 16.0.4 (/opt/ros/humble/share/rclcpp_lifecycle/cmake)
[2.290s] -- Found visualization_msgs: 4.2.3 (/opt/ros/humble/share/visualization_msgs/cmake)
[2.789s] -- Found nav2_util: 1.1.6 (/home/lhl/nav2_ws/install/nav2_util/share/nav2_util/cmake)
[3.873s] -- Found eigen3_cmake_module: 0.1.1 (/opt/ros/humble/share/eigen3_cmake_module/cmake)
[3.875s] -- Found Eigen3: TRUE (found version "3.4.0") 
[3.875s] -- Ensuring Eigen3 include directory is part of orocos-kdl CMake target
[4.216s] -- Found nav2_costmap_2d: 1.1.6 (/home/lhl/nav2_ws/install/nav2_costmap_2d/share/nav2_costmap_2d/cmake)
[5.735s] -- Found nav2_core: 1.1.6 (/home/lhl/nav2_ws/install/nav2_core/share/nav2_core/cmake)
[15.209s] -- Found ament_lint_auto: 0.12.6 (/opt/ros/humble/share/ament_lint_auto/cmake)
[15.358s] -- Added test 'copyright' to check source files copyright and LICENSE
[15.360s] -- Added test 'cppcheck' to perform static code analysis on C / C++ code
[15.360s] -- Configured cppcheck include dirs: /home/lhl/nav2_ws/src/navigation2_tutorials/nav2_straightline_planner/include
[15.360s] -- Configured cppcheck exclude dirs and/or files: 
[15.362s] -- Added test 'cpplint' to check C / C++ code against the Google style
[15.362s] -- Configured cpplint exclude dirs and/or files: 
[15.363s] -- Added test 'lint_cmake' to check CMake code style
[15.365s] -- Added test 'uncrustify' to check C / C++ code style
[15.365s] -- Configured uncrustify additional arguments: 
[15.366s] -- Added test 'xmllint' to check XML markup files
[15.370s] -- Configuring done
[15.444s] -- Generating done
[15.447s] -- Build files have been written to: /home/lhl/nav2_ws/build/nav2_straightline_planner
[15.467s] Invoked command in '/home/lhl/nav2_ws/build/nav2_straightline_planner' returned '0': AMENT_PREFIX_PATH=/home/lhl/nav2_ws/install/nav2_core:/home/lhl/nav2_ws/install/nav2_costmap_2d:/home/lhl/nav2_ws/install/nav2_util:/home/lhl/nav2_ws/install/nav2_voxel_grid:/home/lhl/nav2_ws/install/nav2_msgs:/home/lhl/nav2_ws/install/nav2_common:${AMENT_PREFIX_PATH} CMAKE_PREFIX_PATH=/home/lhl/nav2_ws/install/nav2_core:/home/lhl/nav2_ws/install/nav2_costmap_2d:/home/lhl/nav2_ws/install/nav2_util:/home/lhl/nav2_ws/install/nav2_voxel_grid:/home/lhl/nav2_ws/install/nav2_msgs:/home/lhl/nav2_ws/install/nav2_common:/opt/ros/humble LD_LIBRARY_PATH=/home/lhl/nav2_ws/install/nav2_costmap_2d/lib:/home/lhl/nav2_ws/install/nav2_util/lib:/home/lhl/nav2_ws/install/nav2_voxel_grid/lib:/home/lhl/nav2_ws/install/nav2_msgs/lib:${LD_LIBRARY_PATH} PYTHONPATH=/home/lhl/nav2_ws/install/nav2_msgs/local/lib/python3.10/dist-packages:/home/lhl/nav2_ws/install/nav2_common/local/lib/python3.10/dist-packages:${PYTHONPATH} /usr/bin/cmake /home/lhl/nav2_ws/src/navigation2_tutorials/nav2_straightline_planner -DCMAKE_INSTALL_PREFIX=/home/lhl/nav2_ws/install/nav2_straightline_planner
[15.468s] Invoking command in '/home/lhl/nav2_ws/build/nav2_straightline_planner': AMENT_PREFIX_PATH=/home/lhl/nav2_ws/install/nav2_core:/home/lhl/nav2_ws/install/nav2_costmap_2d:/home/lhl/nav2_ws/install/nav2_util:/home/lhl/nav2_ws/install/nav2_voxel_grid:/home/lhl/nav2_ws/install/nav2_msgs:/home/lhl/nav2_ws/install/nav2_common:${AMENT_PREFIX_PATH} CMAKE_PREFIX_PATH=/home/lhl/nav2_ws/install/nav2_core:/home/lhl/nav2_ws/install/nav2_costmap_2d:/home/lhl/nav2_ws/install/nav2_util:/home/lhl/nav2_ws/install/nav2_voxel_grid:/home/lhl/nav2_ws/install/nav2_msgs:/home/lhl/nav2_ws/install/nav2_common:/opt/ros/humble LD_LIBRARY_PATH=/home/lhl/nav2_ws/install/nav2_costmap_2d/lib:/home/lhl/nav2_ws/install/nav2_util/lib:/home/lhl/nav2_ws/install/nav2_voxel_grid/lib:/home/lhl/nav2_ws/install/nav2_msgs/lib:${LD_LIBRARY_PATH} PYTHONPATH=/home/lhl/nav2_ws/install/nav2_msgs/local/lib/python3.10/dist-packages:/home/lhl/nav2_ws/install/nav2_common/local/lib/python3.10/dist-packages:${PYTHONPATH} /usr/bin/cmake --build /home/lhl/nav2_ws/build/nav2_straightline_planner -- -j8 -l8
[15.560s] [ 50%] [32mBuilding CXX object CMakeFiles/nav2_straightline_planner_plugin.dir/src/straight_line_planner.cpp.o[0m
[22.311s] [100%] [32m[1mLinking CXX shared library libnav2_straightline_planner_plugin.so[0m
[22.528s] [100%] Built target nav2_straightline_planner_plugin
[22.541s] Invoked command in '/home/lhl/nav2_ws/build/nav2_straightline_planner' returned '0': AMENT_PREFIX_PATH=/home/lhl/nav2_ws/install/nav2_core:/home/lhl/nav2_ws/install/nav2_costmap_2d:/home/lhl/nav2_ws/install/nav2_util:/home/lhl/nav2_ws/install/nav2_voxel_grid:/home/lhl/nav2_ws/install/nav2_msgs:/home/lhl/nav2_ws/install/nav2_common:${AMENT_PREFIX_PATH} CMAKE_PREFIX_PATH=/home/lhl/nav2_ws/install/nav2_core:/home/lhl/nav2_ws/install/nav2_costmap_2d:/home/lhl/nav2_ws/install/nav2_util:/home/lhl/nav2_ws/install/nav2_voxel_grid:/home/lhl/nav2_ws/install/nav2_msgs:/home/lhl/nav2_ws/install/nav2_common:/opt/ros/humble LD_LIBRARY_PATH=/home/lhl/nav2_ws/install/nav2_costmap_2d/lib:/home/lhl/nav2_ws/install/nav2_util/lib:/home/lhl/nav2_ws/install/nav2_voxel_grid/lib:/home/lhl/nav2_ws/install/nav2_msgs/lib:${LD_LIBRARY_PATH} PYTHONPATH=/home/lhl/nav2_ws/install/nav2_msgs/local/lib/python3.10/dist-packages:/home/lhl/nav2_ws/install/nav2_common/local/lib/python3.10/dist-packages:${PYTHONPATH} /usr/bin/cmake --build /home/lhl/nav2_ws/build/nav2_straightline_planner -- -j8 -l8
[22.566s] Invoking command in '/home/lhl/nav2_ws/build/nav2_straightline_planner': AMENT_PREFIX_PATH=/home/lhl/nav2_ws/install/nav2_core:/home/lhl/nav2_ws/install/nav2_costmap_2d:/home/lhl/nav2_ws/install/nav2_util:/home/lhl/nav2_ws/install/nav2_voxel_grid:/home/lhl/nav2_ws/install/nav2_msgs:/home/lhl/nav2_ws/install/nav2_common:${AMENT_PREFIX_PATH} CMAKE_PREFIX_PATH=/home/lhl/nav2_ws/install/nav2_core:/home/lhl/nav2_ws/install/nav2_costmap_2d:/home/lhl/nav2_ws/install/nav2_util:/home/lhl/nav2_ws/install/nav2_voxel_grid:/home/lhl/nav2_ws/install/nav2_msgs:/home/lhl/nav2_ws/install/nav2_common:/opt/ros/humble LD_LIBRARY_PATH=/home/lhl/nav2_ws/install/nav2_costmap_2d/lib:/home/lhl/nav2_ws/install/nav2_util/lib:/home/lhl/nav2_ws/install/nav2_voxel_grid/lib:/home/lhl/nav2_ws/install/nav2_msgs/lib:${LD_LIBRARY_PATH} PYTHONPATH=/home/lhl/nav2_ws/install/nav2_msgs/local/lib/python3.10/dist-packages:/home/lhl/nav2_ws/install/nav2_common/local/lib/python3.10/dist-packages:${PYTHONPATH} /usr/bin/cmake --install /home/lhl/nav2_ws/build/nav2_straightline_planner
[22.572s] -- Install configuration: ""
[22.573s] -- Installing: /home/lhl/nav2_ws/install/nav2_straightline_planner/share/nav2_straightline_planner/global_planner_plugin.xml
[22.573s] -- Installing: /home/lhl/nav2_ws/install/nav2_straightline_planner/lib/libnav2_straightline_planner_plugin.so
[22.574s] -- Set runtime path of "/home/lhl/nav2_ws/install/nav2_straightline_planner/lib/libnav2_straightline_planner_plugin.so" to ""
[22.574s] -- Installing: /home/lhl/nav2_ws/install/nav2_straightline_planner/include/
[22.574s] -- Installing: /home/lhl/nav2_ws/install/nav2_straightline_planner/include//nav2_straightline_planner
[22.574s] -- Installing: /home/lhl/nav2_ws/install/nav2_straightline_planner/include//nav2_straightline_planner/straight_line_planner.hpp
[22.574s] -- Up-to-date: /home/lhl/nav2_ws/install/nav2_straightline_planner/share/nav2_straightline_planner/global_planner_plugin.xml
[22.574s] -- Installing: /home/lhl/nav2_ws/install/nav2_straightline_planner/share/nav2_straightline_planner/environment/library_path.sh
[22.574s] -- Installing: /home/lhl/nav2_ws/install/nav2_straightline_planner/share/nav2_straightline_planner/environment/library_path.dsv
[22.574s] -- Installing: /home/lhl/nav2_ws/install/nav2_straightline_planner/share/ament_index/resource_index/package_run_dependencies/nav2_straightline_planner
[22.575s] -- Installing: /home/lhl/nav2_ws/install/nav2_straightline_planner/share/ament_index/resource_index/parent_prefix_path/nav2_straightline_planner
[22.575s] -- Installing: /home/lhl/nav2_ws/install/nav2_straightline_planner/share/nav2_straightline_planner/environment/ament_prefix_path.sh
[22.575s] -- Installing: /home/lhl/nav2_ws/install/nav2_straightline_planner/share/nav2_straightline_planner/environment/ament_prefix_path.dsv
[22.575s] -- Installing: /home/lhl/nav2_ws/install/nav2_straightline_planner/share/nav2_straightline_planner/environment/path.sh
[22.575s] -- Installing: /home/lhl/nav2_ws/install/nav2_straightline_planner/share/nav2_straightline_planner/environment/path.dsv
[22.575s] -- Installing: /home/lhl/nav2_ws/install/nav2_straightline_planner/share/nav2_straightline_planner/local_setup.bash
[22.576s] -- Installing: /home/lhl/nav2_ws/install/nav2_straightline_planner/share/nav2_straightline_planner/local_setup.sh
[22.576s] -- Installing: /home/lhl/nav2_ws/install/nav2_straightline_planner/share/nav2_straightline_planner/local_setup.zsh
[22.576s] -- Installing: /home/lhl/nav2_ws/install/nav2_straightline_planner/share/nav2_straightline_planner/local_setup.dsv
[22.576s] -- Installing: /home/lhl/nav2_ws/install/nav2_straightline_planner/share/nav2_straightline_planner/package.dsv
[22.576s] -- Installing: /home/lhl/nav2_ws/install/nav2_straightline_planner/share/ament_index/resource_index/packages/nav2_straightline_planner
[22.576s] -- Installing: /home/lhl/nav2_ws/install/nav2_straightline_planner/share/ament_index/resource_index/nav2_core__pluginlib__plugin/nav2_straightline_planner
[22.577s] -- Installing: /home/lhl/nav2_ws/install/nav2_straightline_planner/share/nav2_straightline_planner/cmake/ament_cmake_export_include_directories-extras.cmake
[22.577s] -- Installing: /home/lhl/nav2_ws/install/nav2_straightline_planner/share/nav2_straightline_planner/cmake/ament_cmake_export_libraries-extras.cmake
[22.577s] -- Installing: /home/lhl/nav2_ws/install/nav2_straightline_planner/share/nav2_straightline_planner/cmake/ament_cmake_export_dependencies-extras.cmake
[22.577s] -- Installing: /home/lhl/nav2_ws/install/nav2_straightline_planner/share/nav2_straightline_planner/cmake/nav2_straightline_plannerConfig.cmake
[22.577s] -- Installing: /home/lhl/nav2_ws/install/nav2_straightline_planner/share/nav2_straightline_planner/cmake/nav2_straightline_plannerConfig-version.cmake
[22.577s] -- Installing: /home/lhl/nav2_ws/install/nav2_straightline_planner/share/nav2_straightline_planner/package.xml
[22.583s] Invoked command in '/home/lhl/nav2_ws/build/nav2_straightline_planner' returned '0': AMENT_PREFIX_PATH=/home/lhl/nav2_ws/install/nav2_core:/home/lhl/nav2_ws/install/nav2_costmap_2d:/home/lhl/nav2_ws/install/nav2_util:/home/lhl/nav2_ws/install/nav2_voxel_grid:/home/lhl/nav2_ws/install/nav2_msgs:/home/lhl/nav2_ws/install/nav2_common:${AMENT_PREFIX_PATH} CMAKE_PREFIX_PATH=/home/lhl/nav2_ws/install/nav2_core:/home/lhl/nav2_ws/install/nav2_costmap_2d:/home/lhl/nav2_ws/install/nav2_util:/home/lhl/nav2_ws/install/nav2_voxel_grid:/home/lhl/nav2_ws/install/nav2_msgs:/home/lhl/nav2_ws/install/nav2_common:/opt/ros/humble LD_LIBRARY_PATH=/home/lhl/nav2_ws/install/nav2_costmap_2d/lib:/home/lhl/nav2_ws/install/nav2_util/lib:/home/lhl/nav2_ws/install/nav2_voxel_grid/lib:/home/lhl/nav2_ws/install/nav2_msgs/lib:${LD_LIBRARY_PATH} PYTHONPATH=/home/lhl/nav2_ws/install/nav2_msgs/local/lib/python3.10/dist-packages:/home/lhl/nav2_ws/install/nav2_common/local/lib/python3.10/dist-packages:${PYTHONPATH} /usr/bin/cmake --install /home/lhl/nav2_ws/build/nav2_straightline_planner
