[0.278s] Invoking command in '/home/lhl/nav2_ws/build/nav2_navfn_planner': AMENT_PREFIX_PATH=/home/lhl/nav2_ws/install/nav2_core:/home/lhl/nav2_ws/install/nav2_costmap_2d:/home/lhl/nav2_ws/install/nav2_util:/home/lhl/nav2_ws/install/nav2_voxel_grid:/home/lhl/nav2_ws/install/nav2_msgs:/home/lhl/nav2_ws/install/nav2_common:${AMENT_PREFIX_PATH} CMAKE_PREFIX_PATH=/home/lhl/nav2_ws/install/nav2_core:/home/lhl/nav2_ws/install/nav2_costmap_2d:/home/lhl/nav2_ws/install/nav2_util:/home/lhl/nav2_ws/install/nav2_voxel_grid:/home/lhl/nav2_ws/install/nav2_msgs:/home/lhl/nav2_ws/install/nav2_common:/opt/ros/humble LD_LIBRARY_PATH=/home/lhl/nav2_ws/install/nav2_costmap_2d/lib:/home/lhl/nav2_ws/install/nav2_util/lib:/home/lhl/nav2_ws/install/nav2_voxel_grid/lib:/home/lhl/nav2_ws/install/nav2_msgs/lib:${LD_LIBRARY_PATH} PYTHONPATH=/home/lhl/nav2_ws/install/nav2_msgs/local/lib/python3.10/dist-packages:/home/lhl/nav2_ws/install/nav2_common/local/lib/python3.10/dist-packages:${PYTHONPATH} /usr/bin/cmake /home/lhl/nav2_ws/src/navigation2/nav2_navfn_planner -DAMENT_CMAKE_SYMLINK_INSTALL=1 -DCMAKE_INSTALL_PREFIX=/home/lhl/nav2_ws/install/nav2_navfn_planner
[4.474s] -- The C compiler identification is GNU 11.3.0
[4.474s] -- The CXX compiler identification is GNU 11.3.0
[4.474s] -- Detecting C compiler ABI info
[4.474s] -- Detecting C compiler ABI info - done
[4.474s] -- Check for working C compiler: /usr/bin/cc - skipped
[4.474s] -- Detecting C compile features
[4.474s] -- Detecting C compile features - done
[4.474s] -- Detecting CXX compiler ABI info
[4.475s] -- Detecting CXX compiler ABI info - done
[4.475s] -- Check for working CXX compiler: /usr/bin/c++ - skipped
[4.475s] -- Detecting CXX compile features
[4.475s] -- Detecting CXX compile features - done
[4.475s] -- Found ament_cmake: 1.3.4 (/opt/ros/humble/share/ament_cmake/cmake)
[4.475s] -- Found Python3: /usr/bin/python3.10 (found version "3.10.6") found components: Interpreter 
[4.475s] -- Override CMake install command with custom implementation using symlinks instead of copying resources
[4.475s] -- Found nav2_common: 1.1.6 (/home/lhl/nav2_ws/install/nav2_common/share/nav2_common/cmake)
[4.476s] -- Found rclcpp: 16.0.4 (/opt/ros/humble/share/rclcpp/cmake)
[4.476s] -- Found rosidl_generator_c: 3.1.4 (/opt/ros/humble/share/rosidl_generator_c/cmake)
[4.476s] -- Found rosidl_adapter: 3.1.4 (/opt/ros/humble/share/rosidl_adapter/cmake)
[4.476s] -- Found rosidl_generator_cpp: 3.1.4 (/opt/ros/humble/share/rosidl_generator_cpp/cmake)
[4.476s] -- Using all available rosidl_typesupport_c: rosidl_typesupport_fastrtps_c;rosidl_typesupport_introspection_c
[4.476s] -- Using all available rosidl_typesupport_cpp: rosidl_typesupport_fastrtps_cpp;rosidl_typesupport_introspection_cpp
[4.476s] -- Found rmw_implementation_cmake: 6.1.1 (/opt/ros/humble/share/rmw_implementation_cmake/cmake)
[4.476s] -- Found rmw_fastrtps_cpp: 6.2.2 (/opt/ros/humble/share/rmw_fastrtps_cpp/cmake)
[4.476s] -- Found OpenSSL: /usr/lib/x86_64-linux-gnu/libcrypto.so (found version "3.0.2")  
[4.476s] -- Found FastRTPS: /opt/ros/humble/include  
[4.476s] -- Using RMW implementation 'rmw_fastrtps_cpp' as default
[4.477s] -- Looking for pthread.h
[4.477s] -- Looking for pthread.h - found
[4.477s] -- Performing Test CMAKE_HAVE_LIBC_PTHREAD
[4.620s] -- Performing Test CMAKE_HAVE_LIBC_PTHREAD - Success
[4.622s] -- Found Threads: TRUE  
[5.469s] -- Found rclcpp_action: 16.0.4 (/opt/ros/humble/share/rclcpp_action/cmake)
[5.968s] -- Found rclcpp_lifecycle: 16.0.4 (/opt/ros/humble/share/rclcpp_lifecycle/cmake)
[6.135s] -- Found visualization_msgs: 4.2.3 (/opt/ros/humble/share/visualization_msgs/cmake)
[6.827s] -- Found nav2_util: 1.1.6 (/home/lhl/nav2_ws/install/nav2_util/share/nav2_util/cmake)
[8.692s] -- Found eigen3_cmake_module: 0.1.1 (/opt/ros/humble/share/eigen3_cmake_module/cmake)
[8.694s] -- Found Eigen3: TRUE (found version "3.4.0") 
[8.694s] -- Ensuring Eigen3 include directory is part of orocos-kdl CMake target
[9.517s] -- Found nav2_core: 1.1.6 (/home/lhl/nav2_ws/install/nav2_core/share/nav2_core/cmake)
[15.204s] -- Setting build type to Release as none was specified.
[27.667s] -- Found ament_lint_auto: 0.12.6 (/opt/ros/humble/share/ament_lint_auto/cmake)
[27.671s] -- Found ament_cmake_gtest: 1.3.4 (/opt/ros/humble/share/ament_cmake_gtest/cmake)
[27.995s] -- Found gtest sources under '/opt/ros/humble/src/gtest_vendor': C++ tests using 'Google Test' will be built
[37.548s] -- Added test 'copyright' to check source files copyright and LICENSE
[37.551s] -- Added test 'cppcheck' to perform static code analysis on C / C++ code
[37.552s] -- Configured cppcheck include dirs: /home/lhl/nav2_ws/src/navigation2/nav2_navfn_planner/include
[37.552s] -- Configured cppcheck exclude dirs and/or files: 
[37.554s] -- Added test 'cpplint' to check C / C++ code against the Google style
[37.555s] -- Configured cpplint exclude dirs and/or files: 
[37.559s] -- Added test 'lint_cmake' to check CMake code style
[37.562s] -- Added test 'uncrustify' to check C / C++ code style
[37.563s] -- Configured uncrustify additional arguments: 
[37.564s] -- Added test 'xmllint' to check XML markup files
[37.570s] -- Configuring done
[37.773s] -- Generating done
[37.778s] -- Build files have been written to: /home/lhl/nav2_ws/build/nav2_navfn_planner
[37.806s] Invoked command in '/home/lhl/nav2_ws/build/nav2_navfn_planner' returned '0': AMENT_PREFIX_PATH=/home/lhl/nav2_ws/install/nav2_core:/home/lhl/nav2_ws/install/nav2_costmap_2d:/home/lhl/nav2_ws/install/nav2_util:/home/lhl/nav2_ws/install/nav2_voxel_grid:/home/lhl/nav2_ws/install/nav2_msgs:/home/lhl/nav2_ws/install/nav2_common:${AMENT_PREFIX_PATH} CMAKE_PREFIX_PATH=/home/lhl/nav2_ws/install/nav2_core:/home/lhl/nav2_ws/install/nav2_costmap_2d:/home/lhl/nav2_ws/install/nav2_util:/home/lhl/nav2_ws/install/nav2_voxel_grid:/home/lhl/nav2_ws/install/nav2_msgs:/home/lhl/nav2_ws/install/nav2_common:/opt/ros/humble LD_LIBRARY_PATH=/home/lhl/nav2_ws/install/nav2_costmap_2d/lib:/home/lhl/nav2_ws/install/nav2_util/lib:/home/lhl/nav2_ws/install/nav2_voxel_grid/lib:/home/lhl/nav2_ws/install/nav2_msgs/lib:${LD_LIBRARY_PATH} PYTHONPATH=/home/lhl/nav2_ws/install/nav2_msgs/local/lib/python3.10/dist-packages:/home/lhl/nav2_ws/install/nav2_common/local/lib/python3.10/dist-packages:${PYTHONPATH} /usr/bin/cmake /home/lhl/nav2_ws/src/navigation2/nav2_navfn_planner -DAMENT_CMAKE_SYMLINK_INSTALL=1 -DCMAKE_INSTALL_PREFIX=/home/lhl/nav2_ws/install/nav2_navfn_planner
[37.806s] Invoking command in '/home/lhl/nav2_ws/build/nav2_navfn_planner': AMENT_PREFIX_PATH=/home/lhl/nav2_ws/install/nav2_core:/home/lhl/nav2_ws/install/nav2_costmap_2d:/home/lhl/nav2_ws/install/nav2_util:/home/lhl/nav2_ws/install/nav2_voxel_grid:/home/lhl/nav2_ws/install/nav2_msgs:/home/lhl/nav2_ws/install/nav2_common:${AMENT_PREFIX_PATH} CMAKE_PREFIX_PATH=/home/lhl/nav2_ws/install/nav2_core:/home/lhl/nav2_ws/install/nav2_costmap_2d:/home/lhl/nav2_ws/install/nav2_util:/home/lhl/nav2_ws/install/nav2_voxel_grid:/home/lhl/nav2_ws/install/nav2_msgs:/home/lhl/nav2_ws/install/nav2_common:/opt/ros/humble LD_LIBRARY_PATH=/home/lhl/nav2_ws/install/nav2_costmap_2d/lib:/home/lhl/nav2_ws/install/nav2_util/lib:/home/lhl/nav2_ws/install/nav2_voxel_grid/lib:/home/lhl/nav2_ws/install/nav2_msgs/lib:${LD_LIBRARY_PATH} PYTHONPATH=/home/lhl/nav2_ws/install/nav2_msgs/local/lib/python3.10/dist-packages:/home/lhl/nav2_ws/install/nav2_common/local/lib/python3.10/dist-packages:${PYTHONPATH} /usr/bin/cmake --build /home/lhl/nav2_ws/build/nav2_navfn_planner -- -j8 -l8
[45.617s] [ 11%] [32mBuilding CXX object CMakeFiles/nav2_navfn_planner.dir/src/navfn_planner.cpp.o[0m
[48.035s] [ 22%] [32mBuilding CXX object CMakeFiles/nav2_navfn_planner.dir/src/navfn.cpp.o[0m
[53.298s] [ 33%] [32m[1mLinking CXX shared library libnav2_navfn_planner.so[0m
[53.640s] [ 33%] Built target nav2_navfn_planner
[53.666s] [ 44%] [32mBuilding CXX object gtest/CMakeFiles/gtest.dir/src/gtest-all.cc.o[0m
[65.683s] [ 55%] [32m[1mLinking CXX static library libgtest.a[0m
[65.744s] [ 55%] Built target gtest
[65.778s] [ 66%] [32mBuilding CXX object gtest/CMakeFiles/gtest_main.dir/src/gtest_main.cc.o[0m
[67.338s] [ 77%] [32m[1mLinking CXX static library libgtest_main.a[0m
[67.399s] [ 77%] Built target gtest_main
[67.434s] [ 88%] [32mBuilding CXX object test/CMakeFiles/test_dynamic_parameters.dir/test_dynamic_parameters.cpp.o[0m
[77.456s] [100%] [32m[1mLinking CXX executable test_dynamic_parameters[0m
[78.180s] [100%] Built target test_dynamic_parameters
[78.206s] Invoked command in '/home/lhl/nav2_ws/build/nav2_navfn_planner' returned '0': AMENT_PREFIX_PATH=/home/lhl/nav2_ws/install/nav2_core:/home/lhl/nav2_ws/install/nav2_costmap_2d:/home/lhl/nav2_ws/install/nav2_util:/home/lhl/nav2_ws/install/nav2_voxel_grid:/home/lhl/nav2_ws/install/nav2_msgs:/home/lhl/nav2_ws/install/nav2_common:${AMENT_PREFIX_PATH} CMAKE_PREFIX_PATH=/home/lhl/nav2_ws/install/nav2_core:/home/lhl/nav2_ws/install/nav2_costmap_2d:/home/lhl/nav2_ws/install/nav2_util:/home/lhl/nav2_ws/install/nav2_voxel_grid:/home/lhl/nav2_ws/install/nav2_msgs:/home/lhl/nav2_ws/install/nav2_common:/opt/ros/humble LD_LIBRARY_PATH=/home/lhl/nav2_ws/install/nav2_costmap_2d/lib:/home/lhl/nav2_ws/install/nav2_util/lib:/home/lhl/nav2_ws/install/nav2_voxel_grid/lib:/home/lhl/nav2_ws/install/nav2_msgs/lib:${LD_LIBRARY_PATH} PYTHONPATH=/home/lhl/nav2_ws/install/nav2_msgs/local/lib/python3.10/dist-packages:/home/lhl/nav2_ws/install/nav2_common/local/lib/python3.10/dist-packages:${PYTHONPATH} /usr/bin/cmake --build /home/lhl/nav2_ws/build/nav2_navfn_planner -- -j8 -l8
[78.245s] Invoking command in '/home/lhl/nav2_ws/build/nav2_navfn_planner': AMENT_PREFIX_PATH=/home/lhl/nav2_ws/install/nav2_core:/home/lhl/nav2_ws/install/nav2_costmap_2d:/home/lhl/nav2_ws/install/nav2_util:/home/lhl/nav2_ws/install/nav2_voxel_grid:/home/lhl/nav2_ws/install/nav2_msgs:/home/lhl/nav2_ws/install/nav2_common:${AMENT_PREFIX_PATH} CMAKE_PREFIX_PATH=/home/lhl/nav2_ws/install/nav2_core:/home/lhl/nav2_ws/install/nav2_costmap_2d:/home/lhl/nav2_ws/install/nav2_util:/home/lhl/nav2_ws/install/nav2_voxel_grid:/home/lhl/nav2_ws/install/nav2_msgs:/home/lhl/nav2_ws/install/nav2_common:/opt/ros/humble LD_LIBRARY_PATH=/home/lhl/nav2_ws/install/nav2_costmap_2d/lib:/home/lhl/nav2_ws/install/nav2_util/lib:/home/lhl/nav2_ws/install/nav2_voxel_grid/lib:/home/lhl/nav2_ws/install/nav2_msgs/lib:${LD_LIBRARY_PATH} PYTHONPATH=/home/lhl/nav2_ws/install/nav2_msgs/local/lib/python3.10/dist-packages:/home/lhl/nav2_ws/install/nav2_common/local/lib/python3.10/dist-packages:${PYTHONPATH} /usr/bin/cmake --install /home/lhl/nav2_ws/build/nav2_navfn_planner
[78.257s] -- Install configuration: "Release"
[78.258s] -- Execute custom install script
[78.259s] -- Symlinking: /home/lhl/nav2_ws/install/nav2_navfn_planner/share/nav2_navfn_planner//global_planner_plugin.xml
[78.275s] -- Symlinking: /home/lhl/nav2_ws/install/nav2_navfn_planner/lib/libnav2_navfn_planner.so
[78.292s] -- Symlinking: /home/lhl/nav2_ws/install/nav2_navfn_planner/include//nav2_navfn_planner/navfn.hpp
[78.301s] -- Symlinking: /home/lhl/nav2_ws/install/nav2_navfn_planner/include//nav2_navfn_planner/navfn_planner.hpp
[78.331s] -- Up-to-date symlink: /home/lhl/nav2_ws/install/nav2_navfn_planner/share/nav2_navfn_planner/global_planner_plugin.xml
[78.331s] -- Symlinking: /home/lhl/nav2_ws/install/nav2_navfn_planner/share/nav2_navfn_planner/environment/library_path.sh
[78.338s] -- Symlinking: /home/lhl/nav2_ws/install/nav2_navfn_planner/share/nav2_navfn_planner/environment/library_path.dsv
[78.352s] -- Symlinking: /home/lhl/nav2_ws/install/nav2_navfn_planner/share/ament_index/resource_index/package_run_dependencies/nav2_navfn_planner
[78.365s] -- Symlinking: /home/lhl/nav2_ws/install/nav2_navfn_planner/share/ament_index/resource_index/parent_prefix_path/nav2_navfn_planner
[78.377s] -- Symlinking: /home/lhl/nav2_ws/install/nav2_navfn_planner/share/nav2_navfn_planner/environment/ament_prefix_path.sh
[78.391s] -- Symlinking: /home/lhl/nav2_ws/install/nav2_navfn_planner/share/nav2_navfn_planner/environment/ament_prefix_path.dsv
[78.408s] -- Symlinking: /home/lhl/nav2_ws/install/nav2_navfn_planner/share/nav2_navfn_planner/environment/path.sh
[78.421s] -- Symlinking: /home/lhl/nav2_ws/install/nav2_navfn_planner/share/nav2_navfn_planner/environment/path.dsv
[78.435s] -- Symlinking: /home/lhl/nav2_ws/install/nav2_navfn_planner/share/nav2_navfn_planner/local_setup.bash
[78.448s] -- Symlinking: /home/lhl/nav2_ws/install/nav2_navfn_planner/share/nav2_navfn_planner/local_setup.sh
[78.461s] -- Symlinking: /home/lhl/nav2_ws/install/nav2_navfn_planner/share/nav2_navfn_planner/local_setup.zsh
[78.475s] -- Symlinking: /home/lhl/nav2_ws/install/nav2_navfn_planner/share/nav2_navfn_planner/local_setup.dsv
[78.488s] -- Symlinking: /home/lhl/nav2_ws/install/nav2_navfn_planner/share/nav2_navfn_planner/package.dsv
[78.502s] -- Symlinking: /home/lhl/nav2_ws/install/nav2_navfn_planner/share/ament_index/resource_index/packages/nav2_navfn_planner
[78.516s] -- Symlinking: /home/lhl/nav2_ws/install/nav2_navfn_planner/share/ament_index/resource_index/nav2_core__pluginlib__plugin/nav2_navfn_planner
[78.529s] -- Symlinking: /home/lhl/nav2_ws/install/nav2_navfn_planner/share/nav2_navfn_planner/cmake/ament_cmake_export_include_directories-extras.cmake
[78.542s] -- Symlinking: /home/lhl/nav2_ws/install/nav2_navfn_planner/share/nav2_navfn_planner/cmake/ament_cmake_export_libraries-extras.cmake
[78.554s] -- Symlinking: /home/lhl/nav2_ws/install/nav2_navfn_planner/share/nav2_navfn_planner/cmake/ament_cmake_export_dependencies-extras.cmake
[78.567s] -- Symlinking: /home/lhl/nav2_ws/install/nav2_navfn_planner/share/nav2_navfn_planner/cmake/nav2_navfn_plannerConfig.cmake
[78.580s] -- Symlinking: /home/lhl/nav2_ws/install/nav2_navfn_planner/share/nav2_navfn_planner/cmake/nav2_navfn_plannerConfig-version.cmake
[78.592s] -- Symlinking: /home/lhl/nav2_ws/install/nav2_navfn_planner/share/nav2_navfn_planner/package.xml
[78.620s] Invoked command in '/home/lhl/nav2_ws/build/nav2_navfn_planner' returned '0': AMENT_PREFIX_PATH=/home/lhl/nav2_ws/install/nav2_core:/home/lhl/nav2_ws/install/nav2_costmap_2d:/home/lhl/nav2_ws/install/nav2_util:/home/lhl/nav2_ws/install/nav2_voxel_grid:/home/lhl/nav2_ws/install/nav2_msgs:/home/lhl/nav2_ws/install/nav2_common:${AMENT_PREFIX_PATH} CMAKE_PREFIX_PATH=/home/lhl/nav2_ws/install/nav2_core:/home/lhl/nav2_ws/install/nav2_costmap_2d:/home/lhl/nav2_ws/install/nav2_util:/home/lhl/nav2_ws/install/nav2_voxel_grid:/home/lhl/nav2_ws/install/nav2_msgs:/home/lhl/nav2_ws/install/nav2_common:/opt/ros/humble LD_LIBRARY_PATH=/home/lhl/nav2_ws/install/nav2_costmap_2d/lib:/home/lhl/nav2_ws/install/nav2_util/lib:/home/lhl/nav2_ws/install/nav2_voxel_grid/lib:/home/lhl/nav2_ws/install/nav2_msgs/lib:${LD_LIBRARY_PATH} PYTHONPATH=/home/lhl/nav2_ws/install/nav2_msgs/local/lib/python3.10/dist-packages:/home/lhl/nav2_ws/install/nav2_common/local/lib/python3.10/dist-packages:${PYTHONPATH} /usr/bin/cmake --install /home/lhl/nav2_ws/build/nav2_navfn_planner
