[0.028s] Invoking command in '/home/lhl/nav2_ws/src/build/nav_2d_msgs': CMAKE_PREFIX_PATH=${CMAKE_PREFIX_PATH}:/home/lhl/nav2_ws/src/install/nav2_simple_commander:/opt/ros/humble /usr/bin/cmake --build /home/lhl/nav2_ws/src/build/nav_2d_msgs -- -j8 -l8
[0.094s] [  1%] Built target nav_2d_msgs__cpp
[0.098s] [ 12%] Built target nav_2d_msgs__rosidl_generator_c
[0.125s] [ 12%] Built target ament_cmake_python_copy_nav_2d_msgs
[0.154s] [ 23%] Built target nav_2d_msgs__rosidl_typesupport_fastrtps_cpp
[0.154s] [ 35%] Built target nav_2d_msgs__rosidl_typesupport_cpp
[0.154s] [ 46%] Built target nav_2d_msgs__rosidl_typesupport_fastrtps_c
[0.156s] [ 63%] Built target nav_2d_msgs__rosidl_typesupport_c
[0.157s] [ 69%] Built target nav_2d_msgs__rosidl_typesupport_introspection_cpp
[0.157s] [ 80%] Built target nav_2d_msgs__rosidl_typesupport_introspection_c
[0.191s] [ 80%] Built target nav_2d_msgs
[0.220s] [ 81%] Built target nav_2d_msgs__py
[0.254s] [ 91%] Built target nav_2d_msgs__rosidl_generator_py
[0.289s] [ 94%] Built target nav_2d_msgs__rosidl_typesupport_introspection_c__pyext
[0.291s] [ 97%] Built target nav_2d_msgs__rosidl_typesupport_c__pyext
[0.296s] [100%] Built target nav_2d_msgs__rosidl_typesupport_fastrtps_c__pyext
[0.431s] running egg_info
[0.432s] writing nav_2d_msgs.egg-info/PKG-INFO
[0.432s] writing dependency_links to nav_2d_msgs.egg-info/dependency_links.txt
[0.432s] writing top-level names to nav_2d_msgs.egg-info/top_level.txt
[0.436s] reading manifest file 'nav_2d_msgs.egg-info/SOURCES.txt'
[0.436s] writing manifest file 'nav_2d_msgs.egg-info/SOURCES.txt'
[0.469s] [100%] Built target ament_cmake_python_build_nav_2d_msgs_egg
[0.485s] Invoked command in '/home/lhl/nav2_ws/src/build/nav_2d_msgs' returned '0': CMAKE_PREFIX_PATH=${CMAKE_PREFIX_PATH}:/home/lhl/nav2_ws/src/install/nav2_simple_commander:/opt/ros/humble /usr/bin/cmake --build /home/lhl/nav2_ws/src/build/nav_2d_msgs -- -j8 -l8
[0.961s] Invoking command in '/home/lhl/nav2_ws/src/build/nav_2d_msgs': CMAKE_PREFIX_PATH=${CMAKE_PREFIX_PATH}:/home/lhl/nav2_ws/src/install/nav2_simple_commander:/opt/ros/humble /usr/bin/cmake --install /home/lhl/nav2_ws/src/build/nav_2d_msgs
[0.968s] -- Install configuration: ""
[0.973s] -- Up-to-date: /home/lhl/nav2_ws/src/install/nav_2d_msgs/share/ament_index/resource_index/rosidl_interfaces/nav_2d_msgs
[0.973s] -- Up-to-date: /home/lhl/nav2_ws/src/install/nav_2d_msgs/include/nav_2d_msgs/nav_2d_msgs
[0.973s] -- Up-to-date: /home/lhl/nav2_ws/src/install/nav_2d_msgs/include/nav_2d_msgs/nav_2d_msgs/msg
[0.973s] -- Up-to-date: /home/lhl/nav2_ws/src/install/nav_2d_msgs/include/nav_2d_msgs/nav_2d_msgs/msg/twist2_d32.h
[0.974s] -- Up-to-date: /home/lhl/nav2_ws/src/install/nav_2d_msgs/include/nav_2d_msgs/nav_2d_msgs/msg/pose2_d_stamped.h
[0.974s] -- Up-to-date: /home/lhl/nav2_ws/src/install/nav_2d_msgs/include/nav_2d_msgs/nav_2d_msgs/msg/twist2_d.h
[0.974s] -- Up-to-date: /home/lhl/nav2_ws/src/install/nav_2d_msgs/include/nav_2d_msgs/nav_2d_msgs/msg/pose2_d32.h
[0.974s] -- Up-to-date: /home/lhl/nav2_ws/src/install/nav_2d_msgs/include/nav_2d_msgs/nav_2d_msgs/msg/path2_d.h
[0.975s] -- Up-to-date: /home/lhl/nav2_ws/src/install/nav_2d_msgs/include/nav_2d_msgs/nav_2d_msgs/msg/rosidl_generator_c__visibility_control.h
[0.975s] -- Up-to-date: /home/lhl/nav2_ws/src/install/nav_2d_msgs/include/nav_2d_msgs/nav_2d_msgs/msg/detail
[0.975s] -- Up-to-date: /home/lhl/nav2_ws/src/install/nav_2d_msgs/include/nav_2d_msgs/nav_2d_msgs/msg/detail/twist2_d_stamped__functions.h
[0.975s] -- Up-to-date: /home/lhl/nav2_ws/src/install/nav_2d_msgs/include/nav_2d_msgs/nav_2d_msgs/msg/detail/path2_d__type_support.h
[0.975s] -- Up-to-date: /home/lhl/nav2_ws/src/install/nav_2d_msgs/include/nav_2d_msgs/nav_2d_msgs/msg/detail/twist2_d__type_support.h
[0.976s] -- Up-to-date: /home/lhl/nav2_ws/src/install/nav_2d_msgs/include/nav_2d_msgs/nav_2d_msgs/msg/detail/pose2_d_stamped__type_support.h
[0.976s] -- Up-to-date: /home/lhl/nav2_ws/src/install/nav_2d_msgs/include/nav_2d_msgs/nav_2d_msgs/msg/detail/twist2_d__functions.h
[0.976s] -- Up-to-date: /home/lhl/nav2_ws/src/install/nav_2d_msgs/include/nav_2d_msgs/nav_2d_msgs/msg/detail/pose2_d_stamped__functions.c
[0.976s] -- Up-to-date: /home/lhl/nav2_ws/src/install/nav_2d_msgs/include/nav_2d_msgs/nav_2d_msgs/msg/detail/twist2_d32__type_support.h
[0.976s] -- Up-to-date: /home/lhl/nav2_ws/src/install/nav_2d_msgs/include/nav_2d_msgs/nav_2d_msgs/msg/detail/twist2_d32__struct.h
[0.979s] -- Up-to-date: /home/lhl/nav2_ws/src/install/nav_2d_msgs/include/nav_2d_msgs/nav_2d_msgs/msg/detail/twist2_d32__functions.c
[0.979s] -- Up-to-date: /home/lhl/nav2_ws/src/install/nav_2d_msgs/include/nav_2d_msgs/nav_2d_msgs/msg/detail/twist2_d32__functions.h
[0.980s] -- Up-to-date: /home/lhl/nav2_ws/src/install/nav_2d_msgs/include/nav_2d_msgs/nav_2d_msgs/msg/detail/twist2_d_stamped__functions.c
[0.980s] -- Up-to-date: /home/lhl/nav2_ws/src/install/nav_2d_msgs/include/nav_2d_msgs/nav_2d_msgs/msg/detail/pose2_d32__struct.h
[0.980s] -- Up-to-date: /home/lhl/nav2_ws/src/install/nav_2d_msgs/include/nav_2d_msgs/nav_2d_msgs/msg/detail/pose2_d32__functions.c
[0.980s] -- Up-to-date: /home/lhl/nav2_ws/src/install/nav_2d_msgs/include/nav_2d_msgs/nav_2d_msgs/msg/detail/twist2_d_stamped__type_support.h
[0.980s] -- Up-to-date: /home/lhl/nav2_ws/src/install/nav_2d_msgs/include/nav_2d_msgs/nav_2d_msgs/msg/detail/path2_d__functions.c
[0.980s] -- Up-to-date: /home/lhl/nav2_ws/src/install/nav_2d_msgs/include/nav_2d_msgs/nav_2d_msgs/msg/detail/pose2_d32__functions.h
[0.980s] -- Up-to-date: /home/lhl/nav2_ws/src/install/nav_2d_msgs/include/nav_2d_msgs/nav_2d_msgs/msg/detail/pose2_d32__type_support.h
[0.981s] -- Up-to-date: /home/lhl/nav2_ws/src/install/nav_2d_msgs/include/nav_2d_msgs/nav_2d_msgs/msg/detail/twist2_d_stamped__struct.h
[0.981s] -- Up-to-date: /home/lhl/nav2_ws/src/install/nav_2d_msgs/include/nav_2d_msgs/nav_2d_msgs/msg/detail/path2_d__functions.h
[0.981s] -- Up-to-date: /home/lhl/nav2_ws/src/install/nav_2d_msgs/include/nav_2d_msgs/nav_2d_msgs/msg/detail/twist2_d__struct.h
[0.981s] -- Up-to-date: /home/lhl/nav2_ws/src/install/nav_2d_msgs/include/nav_2d_msgs/nav_2d_msgs/msg/detail/pose2_d_stamped__struct.h
[0.981s] -- Up-to-date: /home/lhl/nav2_ws/src/install/nav_2d_msgs/include/nav_2d_msgs/nav_2d_msgs/msg/detail/path2_d__struct.h
[0.981s] -- Up-to-date: /home/lhl/nav2_ws/src/install/nav_2d_msgs/include/nav_2d_msgs/nav_2d_msgs/msg/detail/twist2_d__functions.c
[0.981s] -- Up-to-date: /home/lhl/nav2_ws/src/install/nav_2d_msgs/include/nav_2d_msgs/nav_2d_msgs/msg/detail/pose2_d_stamped__functions.h
[0.981s] -- Up-to-date: /home/lhl/nav2_ws/src/install/nav_2d_msgs/include/nav_2d_msgs/nav_2d_msgs/msg/twist2_d_stamped.h
[0.984s] -- Up-to-date: /home/lhl/nav2_ws/src/install/nav_2d_msgs/share/nav_2d_msgs/environment/library_path.sh
[0.984s] -- Up-to-date: /home/lhl/nav2_ws/src/install/nav_2d_msgs/share/nav_2d_msgs/environment/library_path.dsv
[0.988s] -- Up-to-date: /home/lhl/nav2_ws/src/install/nav_2d_msgs/lib/libnav_2d_msgs__rosidl_generator_c.so
[0.988s] -- Up-to-date: /home/lhl/nav2_ws/src/install/nav_2d_msgs/include/nav_2d_msgs/nav_2d_msgs
[0.988s] -- Up-to-date: /home/lhl/nav2_ws/src/install/nav_2d_msgs/include/nav_2d_msgs/nav_2d_msgs/msg
[0.988s] -- Up-to-date: /home/lhl/nav2_ws/src/install/nav_2d_msgs/include/nav_2d_msgs/nav_2d_msgs/msg/rosidl_typesupport_fastrtps_c__visibility_control.h
[0.989s] -- Up-to-date: /home/lhl/nav2_ws/src/install/nav_2d_msgs/include/nav_2d_msgs/nav_2d_msgs/msg/detail
[0.989s] -- Up-to-date: /home/lhl/nav2_ws/src/install/nav_2d_msgs/include/nav_2d_msgs/nav_2d_msgs/msg/detail/pose2_d_stamped__rosidl_typesupport_fastrtps_c.h
[0.989s] -- Up-to-date: /home/lhl/nav2_ws/src/install/nav_2d_msgs/include/nav_2d_msgs/nav_2d_msgs/msg/detail/pose2_d32__rosidl_typesupport_fastrtps_c.h
[0.989s] -- Up-to-date: /home/lhl/nav2_ws/src/install/nav_2d_msgs/include/nav_2d_msgs/nav_2d_msgs/msg/detail/path2_d__rosidl_typesupport_fastrtps_c.h
[0.989s] -- Up-to-date: /home/lhl/nav2_ws/src/install/nav_2d_msgs/include/nav_2d_msgs/nav_2d_msgs/msg/detail/twist2_d32__rosidl_typesupport_fastrtps_c.h
[0.990s] -- Up-to-date: /home/lhl/nav2_ws/src/install/nav_2d_msgs/include/nav_2d_msgs/nav_2d_msgs/msg/detail/twist2_d__rosidl_typesupport_fastrtps_c.h
[0.994s] -- Up-to-date: /home/lhl/nav2_ws/src/install/nav_2d_msgs/include/nav_2d_msgs/nav_2d_msgs/msg/detail/twist2_d_stamped__rosidl_typesupport_fastrtps_c.h
[0.994s] -- Up-to-date: /home/lhl/nav2_ws/src/install/nav_2d_msgs/lib/libnav_2d_msgs__rosidl_typesupport_fastrtps_c.so
[0.995s] -- Up-to-date: /home/lhl/nav2_ws/src/install/nav_2d_msgs/include/nav_2d_msgs/nav_2d_msgs
[0.995s] -- Up-to-date: /home/lhl/nav2_ws/src/install/nav_2d_msgs/include/nav_2d_msgs/nav_2d_msgs/msg
[0.995s] -- Up-to-date: /home/lhl/nav2_ws/src/install/nav_2d_msgs/include/nav_2d_msgs/nav_2d_msgs/msg/twist2_d32.hpp
[0.995s] -- Up-to-date: /home/lhl/nav2_ws/src/install/nav_2d_msgs/include/nav_2d_msgs/nav_2d_msgs/msg/twist2_d.hpp
[0.996s] -- Up-to-date: /home/lhl/nav2_ws/src/install/nav_2d_msgs/include/nav_2d_msgs/nav_2d_msgs/msg/twist2_d_stamped.hpp
[0.996s] -- Up-to-date: /home/lhl/nav2_ws/src/install/nav_2d_msgs/include/nav_2d_msgs/nav_2d_msgs/msg/pose2_d32.hpp
[0.996s] -- Up-to-date: /home/lhl/nav2_ws/src/install/nav_2d_msgs/include/nav_2d_msgs/nav_2d_msgs/msg/detail
[0.996s] -- Up-to-date: /home/lhl/nav2_ws/src/install/nav_2d_msgs/include/nav_2d_msgs/nav_2d_msgs/msg/detail/twist2_d_stamped__struct.hpp
[0.996s] -- Up-to-date: /home/lhl/nav2_ws/src/install/nav_2d_msgs/include/nav_2d_msgs/nav_2d_msgs/msg/detail/twist2_d32__traits.hpp
[0.996s] -- Up-to-date: /home/lhl/nav2_ws/src/install/nav_2d_msgs/include/nav_2d_msgs/nav_2d_msgs/msg/detail/pose2_d_stamped__traits.hpp
[0.996s] -- Up-to-date: /home/lhl/nav2_ws/src/install/nav_2d_msgs/include/nav_2d_msgs/nav_2d_msgs/msg/detail/twist2_d_stamped__traits.hpp
[0.996s] -- Up-to-date: /home/lhl/nav2_ws/src/install/nav_2d_msgs/include/nav_2d_msgs/nav_2d_msgs/msg/detail/twist2_d32__struct.hpp
[0.997s] -- Up-to-date: /home/lhl/nav2_ws/src/install/nav_2d_msgs/include/nav_2d_msgs/nav_2d_msgs/msg/detail/path2_d__traits.hpp
[0.997s] -- Up-to-date: /home/lhl/nav2_ws/src/install/nav_2d_msgs/include/nav_2d_msgs/nav_2d_msgs/msg/detail/twist2_d__traits.hpp
[0.997s] -- Up-to-date: /home/lhl/nav2_ws/src/install/nav_2d_msgs/include/nav_2d_msgs/nav_2d_msgs/msg/detail/twist2_d32__builder.hpp
[0.998s] -- Up-to-date: /home/lhl/nav2_ws/src/install/nav_2d_msgs/include/nav_2d_msgs/nav_2d_msgs/msg/detail/twist2_d__builder.hpp
[0.998s] -- Up-to-date: /home/lhl/nav2_ws/src/install/nav_2d_msgs/include/nav_2d_msgs/nav_2d_msgs/msg/detail/pose2_d32__builder.hpp
[0.998s] -- Up-to-date: /home/lhl/nav2_ws/src/install/nav_2d_msgs/include/nav_2d_msgs/nav_2d_msgs/msg/detail/twist2_d_stamped__builder.hpp
[0.999s] -- Up-to-date: /home/lhl/nav2_ws/src/install/nav_2d_msgs/include/nav_2d_msgs/nav_2d_msgs/msg/detail/pose2_d32__traits.hpp
[0.999s] -- Up-to-date: /home/lhl/nav2_ws/src/install/nav_2d_msgs/include/nav_2d_msgs/nav_2d_msgs/msg/detail/twist2_d__struct.hpp
[0.999s] -- Up-to-date: /home/lhl/nav2_ws/src/install/nav_2d_msgs/include/nav_2d_msgs/nav_2d_msgs/msg/detail/path2_d__struct.hpp
[1.000s] -- Up-to-date: /home/lhl/nav2_ws/src/install/nav_2d_msgs/include/nav_2d_msgs/nav_2d_msgs/msg/detail/pose2_d32__struct.hpp
[1.000s] -- Up-to-date: /home/lhl/nav2_ws/src/install/nav_2d_msgs/include/nav_2d_msgs/nav_2d_msgs/msg/detail/path2_d__builder.hpp
[1.000s] -- Up-to-date: /home/lhl/nav2_ws/src/install/nav_2d_msgs/include/nav_2d_msgs/nav_2d_msgs/msg/detail/pose2_d_stamped__struct.hpp
[1.000s] -- Up-to-date: /home/lhl/nav2_ws/src/install/nav_2d_msgs/include/nav_2d_msgs/nav_2d_msgs/msg/detail/pose2_d_stamped__builder.hpp
[1.000s] -- Up-to-date: /home/lhl/nav2_ws/src/install/nav_2d_msgs/include/nav_2d_msgs/nav_2d_msgs/msg/pose2_d_stamped.hpp
[1.000s] -- Up-to-date: /home/lhl/nav2_ws/src/install/nav_2d_msgs/include/nav_2d_msgs/nav_2d_msgs/msg/path2_d.hpp
[1.000s] -- Up-to-date: /home/lhl/nav2_ws/src/install/nav_2d_msgs/include/nav_2d_msgs/nav_2d_msgs
[1.001s] -- Up-to-date: /home/lhl/nav2_ws/src/install/nav_2d_msgs/include/nav_2d_msgs/nav_2d_msgs/msg
[1.001s] -- Up-to-date: /home/lhl/nav2_ws/src/install/nav_2d_msgs/include/nav_2d_msgs/nav_2d_msgs/msg/rosidl_typesupport_fastrtps_cpp__visibility_control.h
[1.001s] -- Up-to-date: /home/lhl/nav2_ws/src/install/nav_2d_msgs/include/nav_2d_msgs/nav_2d_msgs/msg/detail
[1.001s] -- Up-to-date: /home/lhl/nav2_ws/src/install/nav_2d_msgs/include/nav_2d_msgs/nav_2d_msgs/msg/detail/path2_d__rosidl_typesupport_fastrtps_cpp.hpp
[1.001s] -- Up-to-date: /home/lhl/nav2_ws/src/install/nav_2d_msgs/include/nav_2d_msgs/nav_2d_msgs/msg/detail/twist2_d32__rosidl_typesupport_fastrtps_cpp.hpp
[1.001s] -- Up-to-date: /home/lhl/nav2_ws/src/install/nav_2d_msgs/include/nav_2d_msgs/nav_2d_msgs/msg/detail/twist2_d__rosidl_typesupport_fastrtps_cpp.hpp
[1.001s] -- Up-to-date: /home/lhl/nav2_ws/src/install/nav_2d_msgs/include/nav_2d_msgs/nav_2d_msgs/msg/detail/twist2_d_stamped__rosidl_typesupport_fastrtps_cpp.hpp
[1.001s] -- Up-to-date: /home/lhl/nav2_ws/src/install/nav_2d_msgs/include/nav_2d_msgs/nav_2d_msgs/msg/detail/dds_fastrtps
[1.001s] -- Up-to-date: /home/lhl/nav2_ws/src/install/nav_2d_msgs/include/nav_2d_msgs/nav_2d_msgs/msg/detail/pose2_d_stamped__rosidl_typesupport_fastrtps_cpp.hpp
[1.002s] -- Up-to-date: /home/lhl/nav2_ws/src/install/nav_2d_msgs/include/nav_2d_msgs/nav_2d_msgs/msg/detail/pose2_d32__rosidl_typesupport_fastrtps_cpp.hpp
[1.002s] -- Up-to-date: /home/lhl/nav2_ws/src/install/nav_2d_msgs/lib/libnav_2d_msgs__rosidl_typesupport_fastrtps_cpp.so
[1.002s] -- Up-to-date: /home/lhl/nav2_ws/src/install/nav_2d_msgs/include/nav_2d_msgs/nav_2d_msgs
[1.003s] -- Up-to-date: /home/lhl/nav2_ws/src/install/nav_2d_msgs/include/nav_2d_msgs/nav_2d_msgs/msg
[1.003s] -- Up-to-date: /home/lhl/nav2_ws/src/install/nav_2d_msgs/include/nav_2d_msgs/nav_2d_msgs/msg/rosidl_typesupport_introspection_c__visibility_control.h
[1.003s] -- Up-to-date: /home/lhl/nav2_ws/src/install/nav_2d_msgs/include/nav_2d_msgs/nav_2d_msgs/msg/detail
[1.003s] -- Up-to-date: /home/lhl/nav2_ws/src/install/nav_2d_msgs/include/nav_2d_msgs/nav_2d_msgs/msg/detail/twist2_d_stamped__type_support.c
[1.003s] -- Up-to-date: /home/lhl/nav2_ws/src/install/nav_2d_msgs/include/nav_2d_msgs/nav_2d_msgs/msg/detail/twist2_d32__type_support.c
[1.009s] -- Up-to-date: /home/lhl/nav2_ws/src/install/nav_2d_msgs/include/nav_2d_msgs/nav_2d_msgs/msg/detail/twist2_d__type_support.c
[1.009s] -- Up-to-date: /home/lhl/nav2_ws/src/install/nav_2d_msgs/include/nav_2d_msgs/nav_2d_msgs/msg/detail/twist2_d32__rosidl_typesupport_introspection_c.h
[1.009s] -- Up-to-date: /home/lhl/nav2_ws/src/install/nav_2d_msgs/include/nav_2d_msgs/nav_2d_msgs/msg/detail/path2_d__type_support.c
[1.009s] -- Up-to-date: /home/lhl/nav2_ws/src/install/nav_2d_msgs/include/nav_2d_msgs/nav_2d_msgs/msg/detail/path2_d__rosidl_typesupport_introspection_c.h
[1.009s] -- Up-to-date: /home/lhl/nav2_ws/src/install/nav_2d_msgs/include/nav_2d_msgs/nav_2d_msgs/msg/detail/pose2_d_stamped__rosidl_typesupport_introspection_c.h
[1.009s] -- Up-to-date: /home/lhl/nav2_ws/src/install/nav_2d_msgs/include/nav_2d_msgs/nav_2d_msgs/msg/detail/pose2_d32__type_support.c
[1.010s] -- Up-to-date: /home/lhl/nav2_ws/src/install/nav_2d_msgs/include/nav_2d_msgs/nav_2d_msgs/msg/detail/twist2_d__rosidl_typesupport_introspection_c.h
[1.010s] -- Up-to-date: /home/lhl/nav2_ws/src/install/nav_2d_msgs/include/nav_2d_msgs/nav_2d_msgs/msg/detail/pose2_d32__rosidl_typesupport_introspection_c.h
[1.010s] -- Up-to-date: /home/lhl/nav2_ws/src/install/nav_2d_msgs/include/nav_2d_msgs/nav_2d_msgs/msg/detail/pose2_d_stamped__type_support.c
[1.010s] -- Up-to-date: /home/lhl/nav2_ws/src/install/nav_2d_msgs/include/nav_2d_msgs/nav_2d_msgs/msg/detail/twist2_d_stamped__rosidl_typesupport_introspection_c.h
[1.010s] -- Up-to-date: /home/lhl/nav2_ws/src/install/nav_2d_msgs/lib/libnav_2d_msgs__rosidl_typesupport_introspection_c.so
[1.010s] -- Up-to-date: /home/lhl/nav2_ws/src/install/nav_2d_msgs/lib/libnav_2d_msgs__rosidl_typesupport_c.so
[1.010s] -- Up-to-date: /home/lhl/nav2_ws/src/install/nav_2d_msgs/include/nav_2d_msgs/nav_2d_msgs
[1.010s] -- Up-to-date: /home/lhl/nav2_ws/src/install/nav_2d_msgs/include/nav_2d_msgs/nav_2d_msgs/msg
[1.011s] -- Up-to-date: /home/lhl/nav2_ws/src/install/nav_2d_msgs/include/nav_2d_msgs/nav_2d_msgs/msg/detail
[1.011s] -- Up-to-date: /home/lhl/nav2_ws/src/install/nav_2d_msgs/include/nav_2d_msgs/nav_2d_msgs/msg/detail/twist2_d32__rosidl_typesupport_introspection_cpp.hpp
[1.011s] -- Up-to-date: /home/lhl/nav2_ws/src/install/nav_2d_msgs/include/nav_2d_msgs/nav_2d_msgs/msg/detail/pose2_d_stamped__rosidl_typesupport_introspection_cpp.hpp
[1.011s] -- Up-to-date: /home/lhl/nav2_ws/src/install/nav_2d_msgs/include/nav_2d_msgs/nav_2d_msgs/msg/detail/twist2_d__type_support.cpp
[1.011s] -- Up-to-date: /home/lhl/nav2_ws/src/install/nav_2d_msgs/include/nav_2d_msgs/nav_2d_msgs/msg/detail/pose2_d32__type_support.cpp
[1.011s] -- Up-to-date: /home/lhl/nav2_ws/src/install/nav_2d_msgs/include/nav_2d_msgs/nav_2d_msgs/msg/detail/twist2_d__rosidl_typesupport_introspection_cpp.hpp
[1.011s] -- Up-to-date: /home/lhl/nav2_ws/src/install/nav_2d_msgs/include/nav_2d_msgs/nav_2d_msgs/msg/detail/pose2_d_stamped__type_support.cpp
[1.011s] -- Up-to-date: /home/lhl/nav2_ws/src/install/nav_2d_msgs/include/nav_2d_msgs/nav_2d_msgs/msg/detail/path2_d__type_support.cpp
[1.012s] -- Up-to-date: /home/lhl/nav2_ws/src/install/nav_2d_msgs/include/nav_2d_msgs/nav_2d_msgs/msg/detail/path2_d__rosidl_typesupport_introspection_cpp.hpp
[1.012s] -- Up-to-date: /home/lhl/nav2_ws/src/install/nav_2d_msgs/include/nav_2d_msgs/nav_2d_msgs/msg/detail/pose2_d32__rosidl_typesupport_introspection_cpp.hpp
[1.012s] -- Up-to-date: /home/lhl/nav2_ws/src/install/nav_2d_msgs/include/nav_2d_msgs/nav_2d_msgs/msg/detail/twist2_d32__type_support.cpp
[1.012s] -- Up-to-date: /home/lhl/nav2_ws/src/install/nav_2d_msgs/include/nav_2d_msgs/nav_2d_msgs/msg/detail/twist2_d_stamped__rosidl_typesupport_introspection_cpp.hpp
[1.012s] -- Up-to-date: /home/lhl/nav2_ws/src/install/nav_2d_msgs/include/nav_2d_msgs/nav_2d_msgs/msg/detail/twist2_d_stamped__type_support.cpp
[1.012s] -- Up-to-date: /home/lhl/nav2_ws/src/install/nav_2d_msgs/lib/libnav_2d_msgs__rosidl_typesupport_introspection_cpp.so
[1.012s] -- Up-to-date: /home/lhl/nav2_ws/src/install/nav_2d_msgs/lib/libnav_2d_msgs__rosidl_typesupport_cpp.so
[1.012s] -- Up-to-date: /home/lhl/nav2_ws/src/install/nav_2d_msgs/share/nav_2d_msgs/environment/pythonpath.sh
[1.013s] -- Up-to-date: /home/lhl/nav2_ws/src/install/nav_2d_msgs/share/nav_2d_msgs/environment/pythonpath.dsv
[1.013s] -- Up-to-date: /home/lhl/nav2_ws/src/install/nav_2d_msgs/local/lib/python3.10/dist-packages/nav_2d_msgs-1.1.6-py3.10.egg-info
[1.013s] -- Installing: /home/lhl/nav2_ws/src/install/nav_2d_msgs/local/lib/python3.10/dist-packages/nav_2d_msgs-1.1.6-py3.10.egg-info/dependency_links.txt
[1.013s] -- Installing: /home/lhl/nav2_ws/src/install/nav_2d_msgs/local/lib/python3.10/dist-packages/nav_2d_msgs-1.1.6-py3.10.egg-info/SOURCES.txt
[1.013s] -- Installing: /home/lhl/nav2_ws/src/install/nav_2d_msgs/local/lib/python3.10/dist-packages/nav_2d_msgs-1.1.6-py3.10.egg-info/PKG-INFO
[1.013s] -- Installing: /home/lhl/nav2_ws/src/install/nav_2d_msgs/local/lib/python3.10/dist-packages/nav_2d_msgs-1.1.6-py3.10.egg-info/top_level.txt
[1.013s] -- Up-to-date: /home/lhl/nav2_ws/src/install/nav_2d_msgs/local/lib/python3.10/dist-packages/nav_2d_msgs
[1.013s] -- Up-to-date: /home/lhl/nav2_ws/src/install/nav_2d_msgs/local/lib/python3.10/dist-packages/nav_2d_msgs/nav_2d_msgs_s__rosidl_typesupport_fastrtps_c.cpython-310-x86_64-linux-gnu.so
[1.013s] -- Up-to-date: /home/lhl/nav2_ws/src/install/nav_2d_msgs/local/lib/python3.10/dist-packages/nav_2d_msgs/nav_2d_msgs_s__rosidl_typesupport_introspection_c.cpython-310-x86_64-linux-gnu.so
[1.014s] -- Up-to-date: /home/lhl/nav2_ws/src/install/nav_2d_msgs/local/lib/python3.10/dist-packages/nav_2d_msgs/msg
[1.014s] -- Up-to-date: /home/lhl/nav2_ws/src/install/nav_2d_msgs/local/lib/python3.10/dist-packages/nav_2d_msgs/msg/_twist2_d32.py
[1.014s] -- Up-to-date: /home/lhl/nav2_ws/src/install/nav_2d_msgs/local/lib/python3.10/dist-packages/nav_2d_msgs/msg/_pose2_d32_s.c
[1.014s] -- Up-to-date: /home/lhl/nav2_ws/src/install/nav_2d_msgs/local/lib/python3.10/dist-packages/nav_2d_msgs/msg/_pose2_d32.py
[1.014s] -- Up-to-date: /home/lhl/nav2_ws/src/install/nav_2d_msgs/local/lib/python3.10/dist-packages/nav_2d_msgs/msg/_twist2_d.py
[1.014s] -- Up-to-date: /home/lhl/nav2_ws/src/install/nav_2d_msgs/local/lib/python3.10/dist-packages/nav_2d_msgs/msg/_path2_d_s.c
[1.014s] -- Up-to-date: /home/lhl/nav2_ws/src/install/nav_2d_msgs/local/lib/python3.10/dist-packages/nav_2d_msgs/msg/_twist2_d_s.c
[1.014s] -- Up-to-date: /home/lhl/nav2_ws/src/install/nav_2d_msgs/local/lib/python3.10/dist-packages/nav_2d_msgs/msg/_pose2_d_stamped_s.c
[1.014s] -- Up-to-date: /home/lhl/nav2_ws/src/install/nav_2d_msgs/local/lib/python3.10/dist-packages/nav_2d_msgs/msg/_twist2_d_stamped_s.c
[1.014s] -- Up-to-date: /home/lhl/nav2_ws/src/install/nav_2d_msgs/local/lib/python3.10/dist-packages/nav_2d_msgs/msg/_path2_d.py
[1.015s] -- Up-to-date: /home/lhl/nav2_ws/src/install/nav_2d_msgs/local/lib/python3.10/dist-packages/nav_2d_msgs/msg/_twist2_d32_s.c
[1.015s] -- Up-to-date: /home/lhl/nav2_ws/src/install/nav_2d_msgs/local/lib/python3.10/dist-packages/nav_2d_msgs/msg/_pose2_d_stamped.py
[1.015s] -- Up-to-date: /home/lhl/nav2_ws/src/install/nav_2d_msgs/local/lib/python3.10/dist-packages/nav_2d_msgs/msg/_twist2_d_stamped.py
[1.015s] -- Up-to-date: /home/lhl/nav2_ws/src/install/nav_2d_msgs/local/lib/python3.10/dist-packages/nav_2d_msgs/msg/__init__.py
[1.015s] -- Up-to-date: /home/lhl/nav2_ws/src/install/nav_2d_msgs/local/lib/python3.10/dist-packages/nav_2d_msgs/_nav_2d_msgs_s.ep.rosidl_typesupport_c.c
[1.015s] -- Up-to-date: /home/lhl/nav2_ws/src/install/nav_2d_msgs/local/lib/python3.10/dist-packages/nav_2d_msgs/libnav_2d_msgs__rosidl_generator_py.so
[1.015s] -- Up-to-date: /home/lhl/nav2_ws/src/install/nav_2d_msgs/local/lib/python3.10/dist-packages/nav_2d_msgs/_nav_2d_msgs_s.ep.rosidl_typesupport_fastrtps_c.c
[1.015s] -- Up-to-date: /home/lhl/nav2_ws/src/install/nav_2d_msgs/local/lib/python3.10/dist-packages/nav_2d_msgs/_nav_2d_msgs_s.ep.rosidl_typesupport_introspection_c.c
[1.015s] -- Up-to-date: /home/lhl/nav2_ws/src/install/nav_2d_msgs/local/lib/python3.10/dist-packages/nav_2d_msgs/nav_2d_msgs_s__rosidl_typesupport_c.cpython-310-x86_64-linux-gnu.so
[1.017s] -- Up-to-date: /home/lhl/nav2_ws/src/install/nav_2d_msgs/local/lib/python3.10/dist-packages/nav_2d_msgs/__init__.py
[1.030s] Listing '/home/lhl/nav2_ws/src/install/nav_2d_msgs/local/lib/python3.10/dist-packages/nav_2d_msgs'...
[1.030s] Listing '/home/lhl/nav2_ws/src/install/nav_2d_msgs/local/lib/python3.10/dist-packages/nav_2d_msgs/msg'...
[1.038s] -- Up-to-date: /home/lhl/nav2_ws/src/install/nav_2d_msgs/local/lib/python3.10/dist-packages/nav_2d_msgs/nav_2d_msgs_s__rosidl_typesupport_fastrtps_c.cpython-310-x86_64-linux-gnu.so
[1.038s] -- Up-to-date: /home/lhl/nav2_ws/src/install/nav_2d_msgs/local/lib/python3.10/dist-packages/nav_2d_msgs/nav_2d_msgs_s__rosidl_typesupport_introspection_c.cpython-310-x86_64-linux-gnu.so
[1.038s] -- Up-to-date: /home/lhl/nav2_ws/src/install/nav_2d_msgs/local/lib/python3.10/dist-packages/nav_2d_msgs/nav_2d_msgs_s__rosidl_typesupport_c.cpython-310-x86_64-linux-gnu.so
[1.039s] -- Up-to-date: /home/lhl/nav2_ws/src/install/nav_2d_msgs/lib/libnav_2d_msgs__rosidl_generator_py.so
[1.040s] -- Up-to-date: /home/lhl/nav2_ws/src/install/nav_2d_msgs/share/nav_2d_msgs/msg/Path2D.idl
[1.040s] -- Up-to-date: /home/lhl/nav2_ws/src/install/nav_2d_msgs/share/nav_2d_msgs/msg/Pose2D32.idl
[1.040s] -- Up-to-date: /home/lhl/nav2_ws/src/install/nav_2d_msgs/share/nav_2d_msgs/msg/Pose2DStamped.idl
[1.040s] -- Up-to-date: /home/lhl/nav2_ws/src/install/nav_2d_msgs/share/nav_2d_msgs/msg/Twist2D.idl
[1.040s] -- Up-to-date: /home/lhl/nav2_ws/src/install/nav_2d_msgs/share/nav_2d_msgs/msg/Twist2D32.idl
[1.040s] -- Up-to-date: /home/lhl/nav2_ws/src/install/nav_2d_msgs/share/nav_2d_msgs/msg/Twist2DStamped.idl
[1.041s] -- Up-to-date: /home/lhl/nav2_ws/src/install/nav_2d_msgs/share/nav_2d_msgs/msg/Path2D.msg
[1.041s] -- Up-to-date: /home/lhl/nav2_ws/src/install/nav_2d_msgs/share/nav_2d_msgs/msg/Pose2D32.msg
[1.041s] -- Up-to-date: /home/lhl/nav2_ws/src/install/nav_2d_msgs/share/nav_2d_msgs/msg/Pose2DStamped.msg
[1.041s] -- Up-to-date: /home/lhl/nav2_ws/src/install/nav_2d_msgs/share/nav_2d_msgs/msg/Twist2D.msg
[1.042s] -- Up-to-date: /home/lhl/nav2_ws/src/install/nav_2d_msgs/share/nav_2d_msgs/msg/Twist2D32.msg
[1.042s] -- Up-to-date: /home/lhl/nav2_ws/src/install/nav_2d_msgs/share/nav_2d_msgs/msg/Twist2DStamped.msg
[1.042s] -- Up-to-date: /home/lhl/nav2_ws/src/install/nav_2d_msgs/share/ament_index/resource_index/package_run_dependencies/nav_2d_msgs
[1.042s] -- Up-to-date: /home/lhl/nav2_ws/src/install/nav_2d_msgs/share/ament_index/resource_index/parent_prefix_path/nav_2d_msgs
[1.042s] -- Up-to-date: /home/lhl/nav2_ws/src/install/nav_2d_msgs/share/nav_2d_msgs/environment/ament_prefix_path.sh
[1.042s] -- Up-to-date: /home/lhl/nav2_ws/src/install/nav_2d_msgs/share/nav_2d_msgs/environment/ament_prefix_path.dsv
[1.042s] -- Up-to-date: /home/lhl/nav2_ws/src/install/nav_2d_msgs/share/nav_2d_msgs/environment/path.sh
[1.042s] -- Up-to-date: /home/lhl/nav2_ws/src/install/nav_2d_msgs/share/nav_2d_msgs/environment/path.dsv
[1.043s] -- Up-to-date: /home/lhl/nav2_ws/src/install/nav_2d_msgs/share/nav_2d_msgs/local_setup.bash
[1.043s] -- Up-to-date: /home/lhl/nav2_ws/src/install/nav_2d_msgs/share/nav_2d_msgs/local_setup.sh
[1.043s] -- Up-to-date: /home/lhl/nav2_ws/src/install/nav_2d_msgs/share/nav_2d_msgs/local_setup.zsh
[1.043s] -- Up-to-date: /home/lhl/nav2_ws/src/install/nav_2d_msgs/share/nav_2d_msgs/local_setup.dsv
[1.043s] -- Installing: /home/lhl/nav2_ws/src/install/nav_2d_msgs/share/nav_2d_msgs/package.dsv
[1.044s] -- Up-to-date: /home/lhl/nav2_ws/src/install/nav_2d_msgs/share/ament_index/resource_index/packages/nav_2d_msgs
[1.044s] -- Up-to-date: /home/lhl/nav2_ws/src/install/nav_2d_msgs/share/nav_2d_msgs/cmake/export_nav_2d_msgs__rosidl_generator_cExport.cmake
[1.045s] -- Up-to-date: /home/lhl/nav2_ws/src/install/nav_2d_msgs/share/nav_2d_msgs/cmake/export_nav_2d_msgs__rosidl_generator_cExport-noconfig.cmake
[1.045s] -- Up-to-date: /home/lhl/nav2_ws/src/install/nav_2d_msgs/share/nav_2d_msgs/cmake/export_nav_2d_msgs__rosidl_typesupport_fastrtps_cExport.cmake
[1.045s] -- Up-to-date: /home/lhl/nav2_ws/src/install/nav_2d_msgs/share/nav_2d_msgs/cmake/export_nav_2d_msgs__rosidl_typesupport_fastrtps_cExport-noconfig.cmake
[1.046s] -- Up-to-date: /home/lhl/nav2_ws/src/install/nav_2d_msgs/share/nav_2d_msgs/cmake/export_nav_2d_msgs__rosidl_generator_cppExport.cmake
[1.046s] -- Up-to-date: /home/lhl/nav2_ws/src/install/nav_2d_msgs/share/nav_2d_msgs/cmake/export_nav_2d_msgs__rosidl_typesupport_fastrtps_cppExport.cmake
[1.046s] -- Up-to-date: /home/lhl/nav2_ws/src/install/nav_2d_msgs/share/nav_2d_msgs/cmake/export_nav_2d_msgs__rosidl_typesupport_fastrtps_cppExport-noconfig.cmake
[1.047s] -- Up-to-date: /home/lhl/nav2_ws/src/install/nav_2d_msgs/share/nav_2d_msgs/cmake/nav_2d_msgs__rosidl_typesupport_introspection_cExport.cmake
[1.047s] -- Up-to-date: /home/lhl/nav2_ws/src/install/nav_2d_msgs/share/nav_2d_msgs/cmake/nav_2d_msgs__rosidl_typesupport_introspection_cExport-noconfig.cmake
[1.048s] -- Up-to-date: /home/lhl/nav2_ws/src/install/nav_2d_msgs/share/nav_2d_msgs/cmake/nav_2d_msgs__rosidl_typesupport_cExport.cmake
[1.048s] -- Up-to-date: /home/lhl/nav2_ws/src/install/nav_2d_msgs/share/nav_2d_msgs/cmake/nav_2d_msgs__rosidl_typesupport_cExport-noconfig.cmake
[1.048s] -- Up-to-date: /home/lhl/nav2_ws/src/install/nav_2d_msgs/share/nav_2d_msgs/cmake/nav_2d_msgs__rosidl_typesupport_introspection_cppExport.cmake
[1.049s] -- Up-to-date: /home/lhl/nav2_ws/src/install/nav_2d_msgs/share/nav_2d_msgs/cmake/nav_2d_msgs__rosidl_typesupport_introspection_cppExport-noconfig.cmake
[1.049s] -- Up-to-date: /home/lhl/nav2_ws/src/install/nav_2d_msgs/share/nav_2d_msgs/cmake/nav_2d_msgs__rosidl_typesupport_cppExport.cmake
[1.050s] -- Up-to-date: /home/lhl/nav2_ws/src/install/nav_2d_msgs/share/nav_2d_msgs/cmake/nav_2d_msgs__rosidl_typesupport_cppExport-noconfig.cmake
[1.050s] -- Up-to-date: /home/lhl/nav2_ws/src/install/nav_2d_msgs/share/nav_2d_msgs/cmake/export_nav_2d_msgs__rosidl_generator_pyExport.cmake
[1.050s] -- Up-to-date: /home/lhl/nav2_ws/src/install/nav_2d_msgs/share/nav_2d_msgs/cmake/export_nav_2d_msgs__rosidl_generator_pyExport-noconfig.cmake
[1.051s] -- Up-to-date: /home/lhl/nav2_ws/src/install/nav_2d_msgs/share/nav_2d_msgs/cmake/rosidl_cmake-extras.cmake
[1.051s] -- Up-to-date: /home/lhl/nav2_ws/src/install/nav_2d_msgs/share/nav_2d_msgs/cmake/ament_cmake_export_dependencies-extras.cmake
[1.051s] -- Up-to-date: /home/lhl/nav2_ws/src/install/nav_2d_msgs/share/nav_2d_msgs/cmake/ament_cmake_export_include_directories-extras.cmake
[1.052s] -- Up-to-date: /home/lhl/nav2_ws/src/install/nav_2d_msgs/share/nav_2d_msgs/cmake/ament_cmake_export_libraries-extras.cmake
[1.052s] -- Up-to-date: /home/lhl/nav2_ws/src/install/nav_2d_msgs/share/nav_2d_msgs/cmake/ament_cmake_export_targets-extras.cmake
[1.052s] -- Up-to-date: /home/lhl/nav2_ws/src/install/nav_2d_msgs/share/nav_2d_msgs/cmake/rosidl_cmake_export_typesupport_targets-extras.cmake
[1.052s] -- Up-to-date: /home/lhl/nav2_ws/src/install/nav_2d_msgs/share/nav_2d_msgs/cmake/rosidl_cmake_export_typesupport_libraries-extras.cmake
[1.053s] -- Up-to-date: /home/lhl/nav2_ws/src/install/nav_2d_msgs/share/nav_2d_msgs/cmake/nav_2d_msgsConfig.cmake
[1.054s] -- Up-to-date: /home/lhl/nav2_ws/src/install/nav_2d_msgs/share/nav_2d_msgs/cmake/nav_2d_msgsConfig-version.cmake
[1.054s] -- Up-to-date: /home/lhl/nav2_ws/src/install/nav_2d_msgs/share/nav_2d_msgs/package.xml
[1.060s] Invoked command in '/home/lhl/nav2_ws/src/build/nav_2d_msgs' returned '0': CMAKE_PREFIX_PATH=${CMAKE_PREFIX_PATH}:/home/lhl/nav2_ws/src/install/nav2_simple_commander:/opt/ros/humble /usr/bin/cmake --install /home/lhl/nav2_ws/src/build/nav_2d_msgs
