[0.077s] Invoking command in '/home/lhl/nav2_ws/build/sam_bot_description': CMAKE_PREFIX_PATH=/opt/ros/humble /usr/bin/cmake /home/lhl/nav2_ws/src/navigation2_tutorials/sam_bot_description -DCMAKE_INSTALL_PREFIX=/home/lhl/nav2_ws/install/sam_bot_description
[1.782s] -- The C compiler identification is GNU 11.3.0
[2.699s] -- The CXX compiler identification is GNU 11.3.0
[2.710s] -- Detecting C compiler ABI info
[2.916s] -- Detecting C compiler ABI info - done
[2.930s] -- Check for working C compiler: /usr/bin/cc - skipped
[2.931s] -- Detecting C compile features
[2.946s] -- Detecting C compile features - done
[2.951s] -- Detecting CXX compiler ABI info
[3.129s] -- Detecting CXX compiler ABI info - done
[3.142s] -- Check for working CXX compiler: /usr/bin/c++ - skipped
[3.142s] -- Detecting CXX compile features
[3.143s] -- Detecting CXX compile features - done
[3.146s] -- Found ament_cmake: 1.3.4 (/opt/ros/humble/share/ament_cmake/cmake)
[3.312s] -- Found Python3: /usr/bin/python3.10 (found version "3.10.6") found components: Interpreter 
[3.415s] -- Found xacro: 2.0.8 (/opt/ros/humble/share/xacro/cmake)
[3.440s] -- Found ament_lint_auto: 0.12.6 (/opt/ros/humble/share/ament_lint_auto/cmake)
[3.814s] -- Added test 'copyright' to check source files copyright and LICENSE
[3.818s] -- Added test 'flake8' to check Python code syntax and style conventions
[3.819s] -- Added test 'lint_cmake' to check CMake code style
[3.820s] -- Added test 'pep257' to check Python code against some of the docstring style conventions in PEP 257
[3.822s] -- Added test 'xmllint' to check XML markup files
[3.823s] -- Configuring done
[3.826s] -- Generating done
[3.827s] -- Build files have been written to: /home/lhl/nav2_ws/build/sam_bot_description
[3.831s] Invoked command in '/home/lhl/nav2_ws/build/sam_bot_description' returned '0': CMAKE_PREFIX_PATH=/opt/ros/humble /usr/bin/cmake /home/lhl/nav2_ws/src/navigation2_tutorials/sam_bot_description -DCMAKE_INSTALL_PREFIX=/home/lhl/nav2_ws/install/sam_bot_description
[3.832s] Invoking command in '/home/lhl/nav2_ws/build/sam_bot_description': CMAKE_PREFIX_PATH=/opt/ros/humble /usr/bin/cmake --build /home/lhl/nav2_ws/build/sam_bot_description -- -j8 -l8
[3.869s] Invoked command in '/home/lhl/nav2_ws/build/sam_bot_description' returned '0': CMAKE_PREFIX_PATH=/opt/ros/humble /usr/bin/cmake --build /home/lhl/nav2_ws/build/sam_bot_description -- -j8 -l8
[3.893s] Invoking command in '/home/lhl/nav2_ws/build/sam_bot_description': CMAKE_PREFIX_PATH=/opt/ros/humble /usr/bin/cmake --install /home/lhl/nav2_ws/build/sam_bot_description
[3.901s] -- Install configuration: ""
[3.902s] -- Installing: /home/lhl/nav2_ws/install/sam_bot_description/share/sam_bot_description/src
[3.902s] -- Installing: /home/lhl/nav2_ws/install/sam_bot_description/share/sam_bot_description/src/description
[3.902s] -- Installing: /home/lhl/nav2_ws/install/sam_bot_description/share/sam_bot_description/src/description/sam_bot_description.urdf
[3.902s] -- Installing: /home/lhl/nav2_ws/install/sam_bot_description/share/sam_bot_description/launch
[3.902s] -- Installing: /home/lhl/nav2_ws/install/sam_bot_description/share/sam_bot_description/launch/display.launch.py
[3.902s] -- Installing: /home/lhl/nav2_ws/install/sam_bot_description/share/sam_bot_description/rviz
[3.902s] -- Installing: /home/lhl/nav2_ws/install/sam_bot_description/share/sam_bot_description/rviz/urdf_config.rviz
[3.902s] -- Installing: /home/lhl/nav2_ws/install/sam_bot_description/share/sam_bot_description/config
[3.903s] -- Installing: /home/lhl/nav2_ws/install/sam_bot_description/share/sam_bot_description/config/ekf.yaml
[3.903s] -- Installing: /home/lhl/nav2_ws/install/sam_bot_description/share/sam_bot_description/config/nav2_params.yaml
[3.903s] -- Installing: /home/lhl/nav2_ws/install/sam_bot_description/share/sam_bot_description/world
[3.903s] -- Installing: /home/lhl/nav2_ws/install/sam_bot_description/share/sam_bot_description/world/my_world.sdf
[3.903s] -- Installing: /home/lhl/nav2_ws/install/sam_bot_description/share/ament_index/resource_index/package_run_dependencies/sam_bot_description
[3.903s] -- Installing: /home/lhl/nav2_ws/install/sam_bot_description/share/ament_index/resource_index/parent_prefix_path/sam_bot_description
[3.903s] -- Installing: /home/lhl/nav2_ws/install/sam_bot_description/share/sam_bot_description/environment/ament_prefix_path.sh
[3.904s] -- Installing: /home/lhl/nav2_ws/install/sam_bot_description/share/sam_bot_description/environment/ament_prefix_path.dsv
[3.904s] -- Installing: /home/lhl/nav2_ws/install/sam_bot_description/share/sam_bot_description/environment/path.sh
[3.904s] -- Installing: /home/lhl/nav2_ws/install/sam_bot_description/share/sam_bot_description/environment/path.dsv
[3.904s] -- Installing: /home/lhl/nav2_ws/install/sam_bot_description/share/sam_bot_description/local_setup.bash
[3.905s] -- Installing: /home/lhl/nav2_ws/install/sam_bot_description/share/sam_bot_description/local_setup.sh
[3.905s] -- Installing: /home/lhl/nav2_ws/install/sam_bot_description/share/sam_bot_description/local_setup.zsh
[3.905s] -- Installing: /home/lhl/nav2_ws/install/sam_bot_description/share/sam_bot_description/local_setup.dsv
[3.905s] -- Installing: /home/lhl/nav2_ws/install/sam_bot_description/share/sam_bot_description/package.dsv
[3.905s] -- Installing: /home/lhl/nav2_ws/install/sam_bot_description/share/ament_index/resource_index/packages/sam_bot_description
[3.906s] -- Installing: /home/lhl/nav2_ws/install/sam_bot_description/share/sam_bot_description/cmake/sam_bot_descriptionConfig.cmake
[3.906s] -- Installing: /home/lhl/nav2_ws/install/sam_bot_description/share/sam_bot_description/cmake/sam_bot_descriptionConfig-version.cmake
[3.906s] -- Installing: /home/lhl/nav2_ws/install/sam_bot_description/share/sam_bot_description/package.xml
[3.910s] Invoked command in '/home/lhl/nav2_ws/build/sam_bot_description' returned '0': CMAKE_PREFIX_PATH=/opt/ros/humble /usr/bin/cmake --install /home/lhl/nav2_ws/build/sam_bot_description
