[0.029s] Invoking command in '/home/lhl/nav2_ws/build/nav_2d_msgs': CMAKE_PREFIX_PATH=${CMAKE_PREFIX_PATH}:/home/lhl/nav2_ws/install/nav2_simple_commander:/opt/ros/humble /usr/bin/cmake --build /home/lhl/nav2_ws/build/nav_2d_msgs -- -j8 -l8
[0.103s] [  1%] Built target nav_2d_msgs__cpp
[0.114s] [ 12%] Built target nav_2d_msgs__rosidl_generator_c
[0.115s] [ 12%] Built target ament_cmake_python_symlink_nav_2d_msgs
[0.149s] [ 23%] Built target nav_2d_msgs__rosidl_typesupport_cpp
[0.149s] [ 35%] Built target nav_2d_msgs__rosidl_typesupport_fastrtps_cpp
[0.150s] [ 46%] Built target nav_2d_msgs__rosidl_typesupport_introspection_cpp
[0.158s] [ 57%] Built target nav_2d_msgs__rosidl_typesupport_fastrtps_c
[0.163s] [ 69%] Built target nav_2d_msgs__rosidl_typesupport_introspection_c
[0.167s] [ 80%] Built target nav_2d_msgs__rosidl_typesupport_c
[0.195s] [ 80%] Built target nav_2d_msgs
[0.223s] [ 81%] Built target nav_2d_msgs__py
[0.254s] [ 91%] Built target nav_2d_msgs__rosidl_generator_py
[0.283s] [ 94%] Built target nav_2d_msgs__rosidl_typesupport_introspection_c__pyext
[0.288s] [ 97%] Built target nav_2d_msgs__rosidl_typesupport_c__pyext
[0.289s] [100%] Built target nav_2d_msgs__rosidl_typesupport_fastrtps_c__pyext
[0.385s] running egg_info
[0.385s] writing nav_2d_msgs.egg-info/PKG-INFO
[0.385s] writing dependency_links to nav_2d_msgs.egg-info/dependency_links.txt
[0.386s] writing top-level names to nav_2d_msgs.egg-info/top_level.txt
[0.388s] reading manifest file 'nav_2d_msgs.egg-info/SOURCES.txt'
[0.388s] writing manifest file 'nav_2d_msgs.egg-info/SOURCES.txt'
[0.414s] [100%] Built target ament_cmake_python_build_nav_2d_msgs_egg
