[0.268s] Invoking command in '/home/lhl/nav2_ws/build/nav2_planner': AMENT_PREFIX_PATH=/home/lhl/nav2_ws/install/nav2_core:/home/lhl/nav2_ws/install/nav2_costmap_2d:/home/lhl/nav2_ws/install/nav2_util:/home/lhl/nav2_ws/install/nav2_voxel_grid:/home/lhl/nav2_ws/install/nav2_msgs:/home/lhl/nav2_ws/install/nav2_common:${AMENT_PREFIX_PATH} CMAKE_PREFIX_PATH=/home/lhl/nav2_ws/install/nav2_core:/home/lhl/nav2_ws/install/nav2_costmap_2d:/home/lhl/nav2_ws/install/nav2_util:/home/lhl/nav2_ws/install/nav2_voxel_grid:/home/lhl/nav2_ws/install/nav2_msgs:/home/lhl/nav2_ws/install/nav2_common:/opt/ros/humble LD_LIBRARY_PATH=/home/lhl/nav2_ws/install/nav2_costmap_2d/lib:/home/lhl/nav2_ws/install/nav2_util/lib:/home/lhl/nav2_ws/install/nav2_voxel_grid/lib:/home/lhl/nav2_ws/install/nav2_msgs/lib:${LD_LIBRARY_PATH} PYTHONPATH=/home/lhl/nav2_ws/install/nav2_msgs/local/lib/python3.10/dist-packages:/home/lhl/nav2_ws/install/nav2_common/local/lib/python3.10/dist-packages:${PYTHONPATH} /usr/bin/cmake /home/lhl/nav2_ws/src/navigation2/nav2_planner -DCMAKE_INSTALL_PREFIX=/home/lhl/nav2_ws/install/nav2_planner
[12.122s] -- Found ament_cmake: 1.3.4 (/opt/ros/humble/share/ament_cmake/cmake)
[12.122s] -- Override CMake install command with custom implementation using symlinks instead of copying resources
[12.122s] -- Found nav2_common: 1.1.6 (/home/lhl/nav2_ws/install/nav2_common/share/nav2_common/cmake)
[12.123s] -- Found rclcpp: 16.0.4 (/opt/ros/humble/share/rclcpp/cmake)
[12.123s] -- Found rosidl_generator_c: 3.1.4 (/opt/ros/humble/share/rosidl_generator_c/cmake)
[12.123s] -- Found rosidl_adapter: 3.1.4 (/opt/ros/humble/share/rosidl_adapter/cmake)
[12.123s] -- Found rosidl_generator_cpp: 3.1.4 (/opt/ros/humble/share/rosidl_generator_cpp/cmake)
[12.123s] -- Using all available rosidl_typesupport_c: rosidl_typesupport_fastrtps_c;rosidl_typesupport_introspection_c
[12.123s] -- Using all available rosidl_typesupport_cpp: rosidl_typesupport_fastrtps_cpp;rosidl_typesupport_introspection_cpp
[12.123s] -- Found rmw_implementation_cmake: 6.1.1 (/opt/ros/humble/share/rmw_implementation_cmake/cmake)
[12.123s] -- Found rmw_fastrtps_cpp: 6.2.2 (/opt/ros/humble/share/rmw_fastrtps_cpp/cmake)
[12.123s] -- Using RMW implementation 'rmw_fastrtps_cpp' as default
[12.123s] -- Found rclcpp_action: 16.0.4 (/opt/ros/humble/share/rclcpp_action/cmake)
[12.123s] -- Found rclcpp_lifecycle: 16.0.4 (/opt/ros/humble/share/rclcpp_lifecycle/cmake)
[12.124s] -- Found rclcpp_components: 16.0.4 (/opt/ros/humble/share/rclcpp_components/cmake)
[12.124s] -- Found visualization_msgs: 4.2.3 (/opt/ros/humble/share/visualization_msgs/cmake)
[12.124s] -- Found nav2_util: 1.1.6 (/home/lhl/nav2_ws/install/nav2_util/share/nav2_util/cmake)
[12.124s] -- Found eigen3_cmake_module: 0.1.1 (/opt/ros/humble/share/eigen3_cmake_module/cmake)
[12.124s] -- Ensuring Eigen3 include directory is part of orocos-kdl CMake target
[12.124s] -- Found nav2_costmap_2d: 1.1.6 (/home/lhl/nav2_ws/install/nav2_costmap_2d/share/nav2_costmap_2d/cmake)
[12.124s] -- Found nav2_core: 1.1.6 (/home/lhl/nav2_ws/install/nav2_core/share/nav2_core/cmake)
[21.551s] -- Found ament_lint_auto: 0.12.6 (/opt/ros/humble/share/ament_lint_auto/cmake)
[21.552s] -- Found ament_cmake_gtest: 1.3.4 (/opt/ros/humble/share/ament_cmake_gtest/cmake)
[21.655s] -- Found gtest sources under '/opt/ros/humble/src/gtest_vendor': C++ tests using 'Google Test' will be built
[29.700s] -- Added test 'copyright' to check source files copyright and LICENSE
[29.702s] -- Added test 'cppcheck' to perform static code analysis on C / C++ code
[29.703s] -- Configured cppcheck include dirs: /home/lhl/nav2_ws/src/navigation2/nav2_planner/include
[29.703s] -- Configured cppcheck exclude dirs and/or files: 
[29.705s] -- Added test 'cpplint' to check C / C++ code against the Google style
[29.705s] -- Configured cpplint exclude dirs and/or files: 
[29.706s] -- Added test 'lint_cmake' to check CMake code style
[29.707s] -- Added test 'uncrustify' to check C / C++ code style
[29.707s] -- Configured uncrustify additional arguments: 
[29.708s] -- Added test 'xmllint' to check XML markup files
[29.771s] -- Configuring done
[30.491s] -- Generating done
[30.496s] -- Build files have been written to: /home/lhl/nav2_ws/build/nav2_planner
[30.512s] Invoked command in '/home/lhl/nav2_ws/build/nav2_planner' returned '0': AMENT_PREFIX_PATH=/home/lhl/nav2_ws/install/nav2_core:/home/lhl/nav2_ws/install/nav2_costmap_2d:/home/lhl/nav2_ws/install/nav2_util:/home/lhl/nav2_ws/install/nav2_voxel_grid:/home/lhl/nav2_ws/install/nav2_msgs:/home/lhl/nav2_ws/install/nav2_common:${AMENT_PREFIX_PATH} CMAKE_PREFIX_PATH=/home/lhl/nav2_ws/install/nav2_core:/home/lhl/nav2_ws/install/nav2_costmap_2d:/home/lhl/nav2_ws/install/nav2_util:/home/lhl/nav2_ws/install/nav2_voxel_grid:/home/lhl/nav2_ws/install/nav2_msgs:/home/lhl/nav2_ws/install/nav2_common:/opt/ros/humble LD_LIBRARY_PATH=/home/lhl/nav2_ws/install/nav2_costmap_2d/lib:/home/lhl/nav2_ws/install/nav2_util/lib:/home/lhl/nav2_ws/install/nav2_voxel_grid/lib:/home/lhl/nav2_ws/install/nav2_msgs/lib:${LD_LIBRARY_PATH} PYTHONPATH=/home/lhl/nav2_ws/install/nav2_msgs/local/lib/python3.10/dist-packages:/home/lhl/nav2_ws/install/nav2_common/local/lib/python3.10/dist-packages:${PYTHONPATH} /usr/bin/cmake /home/lhl/nav2_ws/src/navigation2/nav2_planner -DCMAKE_INSTALL_PREFIX=/home/lhl/nav2_ws/install/nav2_planner
[30.560s] Invoking command in '/home/lhl/nav2_ws/build/nav2_planner': AMENT_PREFIX_PATH=/home/lhl/nav2_ws/install/nav2_core:/home/lhl/nav2_ws/install/nav2_costmap_2d:/home/lhl/nav2_ws/install/nav2_util:/home/lhl/nav2_ws/install/nav2_voxel_grid:/home/lhl/nav2_ws/install/nav2_msgs:/home/lhl/nav2_ws/install/nav2_common:${AMENT_PREFIX_PATH} CMAKE_PREFIX_PATH=/home/lhl/nav2_ws/install/nav2_core:/home/lhl/nav2_ws/install/nav2_costmap_2d:/home/lhl/nav2_ws/install/nav2_util:/home/lhl/nav2_ws/install/nav2_voxel_grid:/home/lhl/nav2_ws/install/nav2_msgs:/home/lhl/nav2_ws/install/nav2_common:/opt/ros/humble LD_LIBRARY_PATH=/home/lhl/nav2_ws/install/nav2_costmap_2d/lib:/home/lhl/nav2_ws/install/nav2_util/lib:/home/lhl/nav2_ws/install/nav2_voxel_grid/lib:/home/lhl/nav2_ws/install/nav2_msgs/lib:${LD_LIBRARY_PATH} PYTHONPATH=/home/lhl/nav2_ws/install/nav2_msgs/local/lib/python3.10/dist-packages:/home/lhl/nav2_ws/install/nav2_common/local/lib/python3.10/dist-packages:${PYTHONPATH} /usr/bin/cmake --build /home/lhl/nav2_ws/build/nav2_planner -- -j8 -l8
[30.618s] [35m[1mConsolidate compiler generated dependencies of target gtest_main[0m
[30.636s] [35m[1mConsolidate compiler generated dependencies of target gtest[0m
[30.640s] [ 20%] Built target gtest_main
[30.664s] [ 40%] Built target gtest
[30.691s] [35m[1mConsolidate compiler generated dependencies of target planner_server_core[0m
[30.733s] [ 60%] Built target planner_server_core
[30.960s] [35m[1mConsolidate compiler generated dependencies of target planner_server[0m
[30.981s] [35m[1mConsolidate compiler generated dependencies of target test_dynamic_parameters[0m
[31.011s] [ 80%] Built target planner_server
[31.022s] [100%] Built target test_dynamic_parameters
[31.111s] Invoked command in '/home/lhl/nav2_ws/build/nav2_planner' returned '0': AMENT_PREFIX_PATH=/home/lhl/nav2_ws/install/nav2_core:/home/lhl/nav2_ws/install/nav2_costmap_2d:/home/lhl/nav2_ws/install/nav2_util:/home/lhl/nav2_ws/install/nav2_voxel_grid:/home/lhl/nav2_ws/install/nav2_msgs:/home/lhl/nav2_ws/install/nav2_common:${AMENT_PREFIX_PATH} CMAKE_PREFIX_PATH=/home/lhl/nav2_ws/install/nav2_core:/home/lhl/nav2_ws/install/nav2_costmap_2d:/home/lhl/nav2_ws/install/nav2_util:/home/lhl/nav2_ws/install/nav2_voxel_grid:/home/lhl/nav2_ws/install/nav2_msgs:/home/lhl/nav2_ws/install/nav2_common:/opt/ros/humble LD_LIBRARY_PATH=/home/lhl/nav2_ws/install/nav2_costmap_2d/lib:/home/lhl/nav2_ws/install/nav2_util/lib:/home/lhl/nav2_ws/install/nav2_voxel_grid/lib:/home/lhl/nav2_ws/install/nav2_msgs/lib:${LD_LIBRARY_PATH} PYTHONPATH=/home/lhl/nav2_ws/install/nav2_msgs/local/lib/python3.10/dist-packages:/home/lhl/nav2_ws/install/nav2_common/local/lib/python3.10/dist-packages:${PYTHONPATH} /usr/bin/cmake --build /home/lhl/nav2_ws/build/nav2_planner -- -j8 -l8
[31.151s] Invoking command in '/home/lhl/nav2_ws/build/nav2_planner': AMENT_PREFIX_PATH=/home/lhl/nav2_ws/install/nav2_core:/home/lhl/nav2_ws/install/nav2_costmap_2d:/home/lhl/nav2_ws/install/nav2_util:/home/lhl/nav2_ws/install/nav2_voxel_grid:/home/lhl/nav2_ws/install/nav2_msgs:/home/lhl/nav2_ws/install/nav2_common:${AMENT_PREFIX_PATH} CMAKE_PREFIX_PATH=/home/lhl/nav2_ws/install/nav2_core:/home/lhl/nav2_ws/install/nav2_costmap_2d:/home/lhl/nav2_ws/install/nav2_util:/home/lhl/nav2_ws/install/nav2_voxel_grid:/home/lhl/nav2_ws/install/nav2_msgs:/home/lhl/nav2_ws/install/nav2_common:/opt/ros/humble LD_LIBRARY_PATH=/home/lhl/nav2_ws/install/nav2_costmap_2d/lib:/home/lhl/nav2_ws/install/nav2_util/lib:/home/lhl/nav2_ws/install/nav2_voxel_grid/lib:/home/lhl/nav2_ws/install/nav2_msgs/lib:${LD_LIBRARY_PATH} PYTHONPATH=/home/lhl/nav2_ws/install/nav2_msgs/local/lib/python3.10/dist-packages:/home/lhl/nav2_ws/install/nav2_common/local/lib/python3.10/dist-packages:${PYTHONPATH} /usr/bin/cmake --install /home/lhl/nav2_ws/build/nav2_planner
[39.743s] -- Install configuration: "Release"
[39.743s] -- Execute custom install script
[39.743s] -- Up-to-date symlink: /home/lhl/nav2_ws/install/nav2_planner/lib/libplanner_server_core.so
[39.743s] -- Up-to-date symlink: /home/lhl/nav2_ws/install/nav2_planner/lib/nav2_planner/planner_server
[39.743s] -- Up-to-date symlink: /home/lhl/nav2_ws/install/nav2_planner/include//nav2_planner/planner_server.hpp
[39.743s] -- Up-to-date symlink: /home/lhl/nav2_ws/install/nav2_planner/share/nav2_planner/environment/library_path.sh
[39.744s] -- Up-to-date symlink: /home/lhl/nav2_ws/install/nav2_planner/share/nav2_planner/environment/library_path.dsv
[39.744s] -- Up-to-date symlink: /home/lhl/nav2_ws/install/nav2_planner/share/ament_index/resource_index/package_run_dependencies/nav2_planner
[39.744s] -- Up-to-date symlink: /home/lhl/nav2_ws/install/nav2_planner/share/ament_index/resource_index/parent_prefix_path/nav2_planner
[39.744s] -- Up-to-date symlink: /home/lhl/nav2_ws/install/nav2_planner/share/nav2_planner/environment/ament_prefix_path.sh
[39.744s] -- Up-to-date symlink: /home/lhl/nav2_ws/install/nav2_planner/share/nav2_planner/environment/ament_prefix_path.dsv
[39.744s] -- Up-to-date symlink: /home/lhl/nav2_ws/install/nav2_planner/share/nav2_planner/environment/path.sh
[39.744s] -- Up-to-date symlink: /home/lhl/nav2_ws/install/nav2_planner/share/nav2_planner/environment/path.dsv
[39.744s] -- Up-to-date symlink: /home/lhl/nav2_ws/install/nav2_planner/share/nav2_planner/local_setup.bash
[39.744s] -- Up-to-date symlink: /home/lhl/nav2_ws/install/nav2_planner/share/nav2_planner/local_setup.sh
[39.744s] -- Up-to-date symlink: /home/lhl/nav2_ws/install/nav2_planner/share/nav2_planner/local_setup.zsh
[39.745s] -- Up-to-date symlink: /home/lhl/nav2_ws/install/nav2_planner/share/nav2_planner/local_setup.dsv
[39.745s] -- Symlinking: /home/lhl/nav2_ws/install/nav2_planner/share/nav2_planner/package.dsv
[39.745s] -- Up-to-date symlink: /home/lhl/nav2_ws/install/nav2_planner/share/ament_index/resource_index/packages/nav2_planner
[39.745s] -- Up-to-date symlink: /home/lhl/nav2_ws/install/nav2_planner/share/ament_index/resource_index/rclcpp_components/nav2_planner
[39.745s] -- Up-to-date symlink: /home/lhl/nav2_ws/install/nav2_planner/share/nav2_planner/cmake/ament_cmake_export_include_directories-extras.cmake
[39.745s] -- Up-to-date symlink: /home/lhl/nav2_ws/install/nav2_planner/share/nav2_planner/cmake/ament_cmake_export_libraries-extras.cmake
[39.745s] -- Up-to-date symlink: /home/lhl/nav2_ws/install/nav2_planner/share/nav2_planner/cmake/ament_cmake_export_dependencies-extras.cmake
[39.745s] -- Up-to-date symlink: /home/lhl/nav2_ws/install/nav2_planner/share/nav2_planner/cmake/nav2_plannerConfig.cmake
[39.745s] -- Up-to-date symlink: /home/lhl/nav2_ws/install/nav2_planner/share/nav2_planner/cmake/nav2_plannerConfig-version.cmake
[39.745s] -- Up-to-date symlink: /home/lhl/nav2_ws/install/nav2_planner/share/nav2_planner/package.xml
[39.755s] Invoked command in '/home/lhl/nav2_ws/build/nav2_planner' returned '0': AMENT_PREFIX_PATH=/home/lhl/nav2_ws/install/nav2_core:/home/lhl/nav2_ws/install/nav2_costmap_2d:/home/lhl/nav2_ws/install/nav2_util:/home/lhl/nav2_ws/install/nav2_voxel_grid:/home/lhl/nav2_ws/install/nav2_msgs:/home/lhl/nav2_ws/install/nav2_common:${AMENT_PREFIX_PATH} CMAKE_PREFIX_PATH=/home/lhl/nav2_ws/install/nav2_core:/home/lhl/nav2_ws/install/nav2_costmap_2d:/home/lhl/nav2_ws/install/nav2_util:/home/lhl/nav2_ws/install/nav2_voxel_grid:/home/lhl/nav2_ws/install/nav2_msgs:/home/lhl/nav2_ws/install/nav2_common:/opt/ros/humble LD_LIBRARY_PATH=/home/lhl/nav2_ws/install/nav2_costmap_2d/lib:/home/lhl/nav2_ws/install/nav2_util/lib:/home/lhl/nav2_ws/install/nav2_voxel_grid/lib:/home/lhl/nav2_ws/install/nav2_msgs/lib:${LD_LIBRARY_PATH} PYTHONPATH=/home/lhl/nav2_ws/install/nav2_msgs/local/lib/python3.10/dist-packages:/home/lhl/nav2_ws/install/nav2_common/local/lib/python3.10/dist-packages:${PYTHONPATH} /usr/bin/cmake --install /home/lhl/nav2_ws/build/nav2_planner
