[0.037s] Invoking command in '/home/lhl/nav2_ws/build/nav_2d_msgs': CMAKE_PREFIX_PATH=${CMAKE_PREFIX_PATH}:/home/lhl/nav2_ws/install/nav2_simple_commander:/opt/ros/humble /usr/bin/cmake --build /home/lhl/nav2_ws/build/nav_2d_msgs -- -j8 -l8
[0.122s] [  1%] Built target nav_2d_msgs__cpp
[0.127s] [ 12%] Built target nav_2d_msgs__rosidl_generator_c
[0.137s] [ 12%] Built target ament_cmake_python_symlink_nav_2d_msgs
[0.169s] [ 23%] Built target nav_2d_msgs__rosidl_typesupport_cpp
[0.173s] [ 35%] Built target nav_2d_msgs__rosidl_typesupport_introspection_cpp
[0.176s] [ 46%] Built target nav_2d_msgs__rosidl_typesupport_introspection_c
[0.177s] [ 57%] Built target nav_2d_msgs__rosidl_typesupport_fastrtps_c
[0.178s] [ 69%] Built target nav_2d_msgs__rosidl_typesupport_fastrtps_cpp
[0.181s] [ 80%] Built target nav_2d_msgs__rosidl_typesupport_c
[0.212s] [ 80%] Built target nav_2d_msgs
[0.242s] [ 81%] Built target nav_2d_msgs__py
[0.274s] [ 91%] Built target nav_2d_msgs__rosidl_generator_py
[0.309s] [ 94%] Built target nav_2d_msgs__rosidl_typesupport_introspection_c__pyext
[0.312s] [ 97%] Built target nav_2d_msgs__rosidl_typesupport_c__pyext
[0.313s] [100%] Built target nav_2d_msgs__rosidl_typesupport_fastrtps_c__pyext
[0.431s] running egg_info
[0.431s] writing nav_2d_msgs.egg-info/PKG-INFO
[0.431s] writing dependency_links to nav_2d_msgs.egg-info/dependency_links.txt
[0.432s] writing top-level names to nav_2d_msgs.egg-info/top_level.txt
[0.434s] reading manifest file 'nav_2d_msgs.egg-info/SOURCES.txt'
[0.434s] writing manifest file 'nav_2d_msgs.egg-info/SOURCES.txt'
[0.469s] [100%] Built target ament_cmake_python_build_nav_2d_msgs_egg
