[0.029s] Invoking command in '/home/lhl/nav2_ws/build/nav2_map_server': AMENT_PREFIX_PATH=/home/lhl/nav2_ws/install/nav2_util:/home/lhl/nav2_ws/install/nav2_msgs:/home/lhl/nav2_ws/install/nav2_common:${AMENT_PREFIX_PATH} CMAKE_PREFIX_PATH=/home/lhl/nav2_ws/install/nav2_util:/home/lhl/nav2_ws/install/nav2_msgs:/home/lhl/nav2_ws/install/nav2_common:/opt/ros/humble LD_LIBRARY_PATH=/home/lhl/nav2_ws/install/nav2_util/lib:/home/lhl/nav2_ws/install/nav2_msgs/lib:${LD_LIBRARY_PATH} PYTHONPATH=/home/lhl/nav2_ws/install/nav2_msgs/local/lib/python3.10/dist-packages:/home/lhl/nav2_ws/install/nav2_common/local/lib/python3.10/dist-packages:${PYTHONPATH} /usr/bin/cmake /home/lhl/nav2_ws/src/navigation2/nav2_map_server -DAMENT_CMAKE_SYMLINK_INSTALL=1 -DCMAKE_INSTALL_PREFIX=/home/lhl/nav2_ws/install/nav2_map_server
[0.082s] -- The C compiler identification is GNU 11.3.0
[0.152s] -- The CXX compiler identification is GNU 11.3.0
[0.159s] -- Detecting C compiler ABI info
[0.390s] -- Detecting C compiler ABI info - done
[0.404s] -- Check for working C compiler: /usr/bin/cc - skipped
[0.404s] -- Detecting C compile features
[0.405s] -- Detecting C compile features - done
[0.409s] -- Detecting CXX compiler ABI info
[0.569s] -- Detecting CXX compiler ABI info - done
[0.583s] -- Check for working CXX compiler: /usr/bin/c++ - skipped
[0.584s] -- Detecting CXX compile features
[0.584s] -- Detecting CXX compile features - done
[0.588s] -- Found ament_cmake: 1.3.4 (/opt/ros/humble/share/ament_cmake/cmake)
[0.791s] -- Found Python3: /usr/bin/python3.10 (found version "3.10.6") found components: Interpreter 
[0.880s] -- Override CMake install command with custom implementation using symlinks instead of copying resources
[0.920s] -- Found nav2_common: 1.1.6 (/home/lhl/nav2_ws/install/nav2_common/share/nav2_common/cmake)
[0.922s] -- Found rclcpp: 16.0.4 (/opt/ros/humble/share/rclcpp/cmake)
[0.989s] -- Found rosidl_generator_c: 3.1.4 (/opt/ros/humble/share/rosidl_generator_c/cmake)
[0.997s] -- Found rosidl_adapter: 3.1.4 (/opt/ros/humble/share/rosidl_adapter/cmake)
[1.011s] -- Found rosidl_generator_cpp: 3.1.4 (/opt/ros/humble/share/rosidl_generator_cpp/cmake)
[1.034s] -- Using all available rosidl_typesupport_c: rosidl_typesupport_fastrtps_c;rosidl_typesupport_introspection_c
[1.067s] -- Using all available rosidl_typesupport_cpp: rosidl_typesupport_fastrtps_cpp;rosidl_typesupport_introspection_cpp
[1.194s] -- Found rmw_implementation_cmake: 6.1.1 (/opt/ros/humble/share/rmw_implementation_cmake/cmake)
[1.197s] -- Found rmw_fastrtps_cpp: 6.2.2 (/opt/ros/humble/share/rmw_fastrtps_cpp/cmake)
[1.319s] -- Found OpenSSL: /usr/lib/x86_64-linux-gnu/libcrypto.so (found version "3.0.2")  
[1.355s] -- Found FastRTPS: /opt/ros/humble/include  
[1.423s] -- Using RMW implementation 'rmw_fastrtps_cpp' as default
[1.438s] -- Looking for pthread.h
[1.520s] -- Looking for pthread.h - found
[1.520s] -- Performing Test CMAKE_HAVE_LIBC_PTHREAD
[1.586s] -- Performing Test CMAKE_HAVE_LIBC_PTHREAD - Success
[1.587s] -- Found Threads: TRUE  
[1.767s] -- Found rclcpp_lifecycle: 16.0.4 (/opt/ros/humble/share/rclcpp_lifecycle/cmake)
[1.809s] -- Found rclcpp_components: 16.0.4 (/opt/ros/humble/share/rclcpp_components/cmake)
[1.904s] -- Found nav_msgs: 4.2.3 (/opt/ros/humble/share/nav_msgs/cmake)
[2.036s] -- Found nav2_msgs: 1.1.6 (/home/lhl/nav2_ws/install/nav2_msgs/share/nav2_msgs/cmake)
[2.453s] -- Found yaml_cpp_vendor: 8.0.2 (/opt/ros/humble/share/yaml_cpp_vendor/cmake)
[2.490s] -- Found tf2: 0.25.2 (/opt/ros/humble/share/tf2/cmake)
[2.503s] -- Found nav2_util: 1.1.6 (/home/lhl/nav2_ws/install/nav2_util/share/nav2_util/cmake)
[2.940s] -- Found eigen3_cmake_module: 0.1.1 (/opt/ros/humble/share/eigen3_cmake_module/cmake)
[2.942s] -- Found Eigen3: TRUE (found version "3.4.0") 
[2.942s] -- Ensuring Eigen3 include directory is part of orocos-kdl CMake target
[3.242s] -- Found GRAPHICSMAGICKCPP: /usr/include/GraphicsMagick  
[3.243s] -- Setting build type to Release as none was specified.
[7.439s] -- Found ament_lint_auto: 0.12.6 (/opt/ros/humble/share/ament_lint_auto/cmake)
[7.701s] -- Found gtest sources under '/opt/ros/humble/src/gtest_vendor': C++ tests using 'Google Test' will be built
[7.713s] -- Found gtest sources under '/opt/ros/humble/src/gtest_vendor': C++ tests using 'Google Test' will be built
[7.723s] -- Found gtest sources under '/opt/ros/humble/src/gtest_vendor': C++ tests using 'Google Test' will be built
[7.741s] -- Added test 'cppcheck' to perform static code analysis on C / C++ code
[7.744s] -- Configured cppcheck include dirs: /home/lhl/nav2_ws/src/navigation2/nav2_map_server/include
[7.744s] -- Configured cppcheck exclude dirs and/or files: 
[7.748s] -- Added test 'cpplint' to check C / C++ code against the Google style
[7.749s] -- Configured cpplint exclude dirs and/or files: 
[7.750s] -- Added test 'flake8' to check Python code syntax and style conventions
[7.752s] -- Added test 'lint_cmake' to check CMake code style
[7.753s] -- Added test 'pep257' to check Python code against some of the docstring style conventions in PEP 257
[7.758s] -- Added test 'uncrustify' to check C / C++ code style
[7.758s] -- Configured uncrustify additional arguments: 
[7.760s] -- Added test 'xmllint' to check XML markup files
[7.766s] -- Configuring done
[8.539s] -- Generating done
[8.544s] -- Build files have been written to: /home/lhl/nav2_ws/build/nav2_map_server
[8.566s] Invoked command in '/home/lhl/nav2_ws/build/nav2_map_server' returned '0': AMENT_PREFIX_PATH=/home/lhl/nav2_ws/install/nav2_util:/home/lhl/nav2_ws/install/nav2_msgs:/home/lhl/nav2_ws/install/nav2_common:${AMENT_PREFIX_PATH} CMAKE_PREFIX_PATH=/home/lhl/nav2_ws/install/nav2_util:/home/lhl/nav2_ws/install/nav2_msgs:/home/lhl/nav2_ws/install/nav2_common:/opt/ros/humble LD_LIBRARY_PATH=/home/lhl/nav2_ws/install/nav2_util/lib:/home/lhl/nav2_ws/install/nav2_msgs/lib:${LD_LIBRARY_PATH} PYTHONPATH=/home/lhl/nav2_ws/install/nav2_msgs/local/lib/python3.10/dist-packages:/home/lhl/nav2_ws/install/nav2_common/local/lib/python3.10/dist-packages:${PYTHONPATH} /usr/bin/cmake /home/lhl/nav2_ws/src/navigation2/nav2_map_server -DAMENT_CMAKE_SYMLINK_INSTALL=1 -DCMAKE_INSTALL_PREFIX=/home/lhl/nav2_ws/install/nav2_map_server
[8.578s] Invoking command in '/home/lhl/nav2_ws/build/nav2_map_server': AMENT_PREFIX_PATH=/home/lhl/nav2_ws/install/nav2_util:/home/lhl/nav2_ws/install/nav2_msgs:/home/lhl/nav2_ws/install/nav2_common:${AMENT_PREFIX_PATH} CMAKE_PREFIX_PATH=/home/lhl/nav2_ws/install/nav2_util:/home/lhl/nav2_ws/install/nav2_msgs:/home/lhl/nav2_ws/install/nav2_common:/opt/ros/humble LD_LIBRARY_PATH=/home/lhl/nav2_ws/install/nav2_util/lib:/home/lhl/nav2_ws/install/nav2_msgs/lib:${LD_LIBRARY_PATH} PYTHONPATH=/home/lhl/nav2_ws/install/nav2_msgs/local/lib/python3.10/dist-packages:/home/lhl/nav2_ws/install/nav2_common/local/lib/python3.10/dist-packages:${PYTHONPATH} /usr/bin/cmake --build /home/lhl/nav2_ws/build/nav2_map_server -- -j8 -l8
[8.790s] [  2%] [32mBuilding CXX object gtest/CMakeFiles/gtest_main.dir/src/gtest_main.cc.o[0m
[8.819s] [  5%] [32mBuilding CXX object CMakeFiles/map_io.dir/src/map_mode.cpp.o[0m
[8.821s] [  8%] [32mBuilding CXX object gtest/CMakeFiles/gtest.dir/src/gtest-all.cc.o[0m
[8.868s] [ 11%] [32mBuilding CXX object CMakeFiles/map_io.dir/src/map_io.cpp.o[0m
[12.240s] [ 13%] [32m[1mLinking CXX static library libgtest_main.a[0m
[12.390s] [ 13%] Built target gtest_main
[20.362s] [ 16%] [32m[1mLinking CXX shared library libmap_io.so[0m
[20.818s] [ 16%] Built target map_io
[20.851s] [ 19%] [32mBuilding CXX object test/component/CMakeFiles/test_map_saver_publisher.dir/test_map_saver_publisher.cpp.o[0m
[20.863s] [ 22%] [32mBuilding CXX object test/component/CMakeFiles/test_map_saver_publisher.dir/__/test_constants.cpp.o[0m
[20.892s] [ 25%] [32mBuilding CXX object CMakeFiles/map_server_core.dir/src/map_saver/map_saver.cpp.o[0m
[20.893s] [ 27%] [32mBuilding CXX object CMakeFiles/map_server_core.dir/src/map_server/map_server.cpp.o[0m
[20.894s] [ 30%] [32mBuilding CXX object CMakeFiles/map_server_core.dir/src/costmap_filter_info/costmap_filter_info_server.cpp.o[0m
[25.519s] [ 33%] [32m[1mLinking CXX static library libgtest.a[0m
[25.634s] [ 33%] Built target gtest
[25.708s] [ 36%] [32mBuilding CXX object test/unit/CMakeFiles/test_map_io.dir/test_map_io.cpp.o[0m
[25.744s] [ 38%] [32mBuilding CXX object test/map_saver_cli/CMakeFiles/test_map_saver_cli.dir/test_map_saver_cli.cpp.o[0m
[25.759s] [ 41%] [32mBuilding CXX object test/unit/CMakeFiles/test_map_io.dir/__/test_constants.cpp.o[0m
[25.775s] [ 44%] [32mBuilding CXX object test/map_saver_cli/CMakeFiles/test_map_saver_cli.dir/__/test_constants.cpp.o[0m
[34.576s] [ 47%] [32m[1mLinking CXX executable test_map_saver_publisher[0m
[35.374s] [ 47%] Built target test_map_saver_publisher
[37.743s] [ 50%] [32m[1mLinking CXX executable test_map_io[0m
[38.115s] [ 50%] Built target test_map_io
[38.477s] [ 52%] [32m[1mLinking CXX executable test_map_saver_cli[0m
[38.702s] [ 52%] Built target test_map_saver_cli
[44.414s] [ 55%] [32m[1mLinking CXX shared library libmap_server_core.so[0m
[44.851s] [ 55%] Built target map_server_core
[44.878s] [ 58%] [32mBuilding CXX object CMakeFiles/map_server.dir/src/map_server/main.cpp.o[0m
[48.397s] [ 61%] [32m[1mLinking CXX executable map_server[0m
[48.692s] [ 61%] Built target map_server
[48.713s] [ 63%] [32mBuilding CXX object test/component/CMakeFiles/test_map_saver_node.dir/test_map_saver_node.cpp.o[0m
[55.061s] [ 66%] [32mBuilding CXX object test/component/CMakeFiles/test_map_saver_node.dir/__/test_constants.cpp.o[0m
[55.246s] [ 69%] [32m[1mLinking CXX executable test_map_saver_node[0m
[55.540s] [ 69%] Built target test_map_saver_node
[55.559s] [ 72%] [32mBuilding CXX object test/component/CMakeFiles/test_map_server_node.dir/test_map_server_node.cpp.o[0m
[62.255s] [ 75%] [32mBuilding CXX object test/component/CMakeFiles/test_map_server_node.dir/__/test_constants.cpp.o[0m
[62.376s] [ 77%] [32m[1mLinking CXX executable test_map_server_node[0m
[62.599s] [ 77%] Built target test_map_server_node
[62.623s] [ 80%] [32mBuilding CXX object test/unit/CMakeFiles/test_costmap_filter_info_server.dir/test_costmap_filter_info_server.cpp.o[0m
[62.625s] [ 83%] [32mBuilding CXX object CMakeFiles/costmap_filter_info_server.dir/src/costmap_filter_info/main.cpp.o[0m
[66.881s] [ 86%] [32m[1mLinking CXX executable costmap_filter_info_server[0m
[67.306s] [ 86%] Built target costmap_filter_info_server
[67.337s] [ 88%] [32mBuilding CXX object CMakeFiles/map_saver_server.dir/src/map_saver/main_server.cpp.o[0m
[67.340s] [ 91%] [32mBuilding CXX object CMakeFiles/map_saver_cli.dir/src/map_saver/main_cli.cpp.o[0m
[72.436s] [ 94%] [32m[1mLinking CXX executable map_saver_server[0m
[72.840s] [ 97%] [32m[1mLinking CXX executable map_saver_cli[0m
[72.918s] [ 97%] Built target map_saver_server
[73.272s] [ 97%] Built target map_saver_cli
[77.382s] [100%] [32m[1mLinking CXX executable test_costmap_filter_info_server[0m
[77.689s] [100%] Built target test_costmap_filter_info_server
[77.756s] Invoked command in '/home/lhl/nav2_ws/build/nav2_map_server' returned '0': AMENT_PREFIX_PATH=/home/lhl/nav2_ws/install/nav2_util:/home/lhl/nav2_ws/install/nav2_msgs:/home/lhl/nav2_ws/install/nav2_common:${AMENT_PREFIX_PATH} CMAKE_PREFIX_PATH=/home/lhl/nav2_ws/install/nav2_util:/home/lhl/nav2_ws/install/nav2_msgs:/home/lhl/nav2_ws/install/nav2_common:/opt/ros/humble LD_LIBRARY_PATH=/home/lhl/nav2_ws/install/nav2_util/lib:/home/lhl/nav2_ws/install/nav2_msgs/lib:${LD_LIBRARY_PATH} PYTHONPATH=/home/lhl/nav2_ws/install/nav2_msgs/local/lib/python3.10/dist-packages:/home/lhl/nav2_ws/install/nav2_common/local/lib/python3.10/dist-packages:${PYTHONPATH} /usr/bin/cmake --build /home/lhl/nav2_ws/build/nav2_map_server -- -j8 -l8
[77.803s] Invoking command in '/home/lhl/nav2_ws/build/nav2_map_server': AMENT_PREFIX_PATH=/home/lhl/nav2_ws/install/nav2_util:/home/lhl/nav2_ws/install/nav2_msgs:/home/lhl/nav2_ws/install/nav2_common:${AMENT_PREFIX_PATH} CMAKE_PREFIX_PATH=/home/lhl/nav2_ws/install/nav2_util:/home/lhl/nav2_ws/install/nav2_msgs:/home/lhl/nav2_ws/install/nav2_common:/opt/ros/humble LD_LIBRARY_PATH=/home/lhl/nav2_ws/install/nav2_util/lib:/home/lhl/nav2_ws/install/nav2_msgs/lib:${LD_LIBRARY_PATH} PYTHONPATH=/home/lhl/nav2_ws/install/nav2_msgs/local/lib/python3.10/dist-packages:/home/lhl/nav2_ws/install/nav2_common/local/lib/python3.10/dist-packages:${PYTHONPATH} /usr/bin/cmake --install /home/lhl/nav2_ws/build/nav2_map_server
[77.809s] -- Install configuration: "Release"
[77.809s] -- Execute custom install script
[77.809s] -- Symlinking: /home/lhl/nav2_ws/install/nav2_map_server/lib/libmap_server_core.so
[77.817s] -- Symlinking: /home/lhl/nav2_ws/install/nav2_map_server/lib/libmap_io.so
[77.825s] -- Symlinking: /home/lhl/nav2_ws/install/nav2_map_server/lib/nav2_map_server/map_server
[77.832s] -- Symlinking: /home/lhl/nav2_ws/install/nav2_map_server/lib/nav2_map_server/map_saver_cli
[77.839s] -- Symlinking: /home/lhl/nav2_ws/install/nav2_map_server/lib/nav2_map_server/map_saver_server
[77.847s] -- Symlinking: /home/lhl/nav2_ws/install/nav2_map_server/lib/nav2_map_server/costmap_filter_info_server
[77.854s] -- Symlinking: /home/lhl/nav2_ws/install/nav2_map_server/include//nav2_map_server/costmap_filter_info_server.hpp
[77.862s] -- Symlinking: /home/lhl/nav2_ws/install/nav2_map_server/include//nav2_map_server/map_io.hpp
[77.869s] -- Symlinking: /home/lhl/nav2_ws/install/nav2_map_server/include//nav2_map_server/map_mode.hpp
[77.877s] -- Symlinking: /home/lhl/nav2_ws/install/nav2_map_server/include//nav2_map_server/map_saver.hpp
[77.884s] -- Symlinking: /home/lhl/nav2_ws/install/nav2_map_server/include//nav2_map_server/map_server.hpp
[77.892s] -- Symlinking: /home/lhl/nav2_ws/install/nav2_map_server/share/nav2_map_server/launch/map_saver_server.launch.py
[77.900s] -- Symlinking: /home/lhl/nav2_ws/install/nav2_map_server/share/nav2_map_server/environment/library_path.sh
[77.907s] -- Symlinking: /home/lhl/nav2_ws/install/nav2_map_server/share/nav2_map_server/environment/library_path.dsv
[77.915s] -- Symlinking: /home/lhl/nav2_ws/install/nav2_map_server/share/ament_index/resource_index/package_run_dependencies/nav2_map_server
[77.922s] -- Symlinking: /home/lhl/nav2_ws/install/nav2_map_server/share/ament_index/resource_index/parent_prefix_path/nav2_map_server
[77.929s] -- Symlinking: /home/lhl/nav2_ws/install/nav2_map_server/share/nav2_map_server/environment/ament_prefix_path.sh
[77.937s] -- Symlinking: /home/lhl/nav2_ws/install/nav2_map_server/share/nav2_map_server/environment/ament_prefix_path.dsv
[77.944s] -- Symlinking: /home/lhl/nav2_ws/install/nav2_map_server/share/nav2_map_server/environment/path.sh
[77.952s] -- Symlinking: /home/lhl/nav2_ws/install/nav2_map_server/share/nav2_map_server/environment/path.dsv
[77.959s] -- Symlinking: /home/lhl/nav2_ws/install/nav2_map_server/share/nav2_map_server/local_setup.bash
[77.967s] -- Symlinking: /home/lhl/nav2_ws/install/nav2_map_server/share/nav2_map_server/local_setup.sh
[77.974s] -- Symlinking: /home/lhl/nav2_ws/install/nav2_map_server/share/nav2_map_server/local_setup.zsh
[77.982s] -- Symlinking: /home/lhl/nav2_ws/install/nav2_map_server/share/nav2_map_server/local_setup.dsv
[77.989s] -- Symlinking: /home/lhl/nav2_ws/install/nav2_map_server/share/nav2_map_server/package.dsv
[77.997s] -- Symlinking: /home/lhl/nav2_ws/install/nav2_map_server/share/ament_index/resource_index/packages/nav2_map_server
[78.004s] -- Symlinking: /home/lhl/nav2_ws/install/nav2_map_server/share/ament_index/resource_index/rclcpp_components/nav2_map_server
[78.012s] -- Symlinking: /home/lhl/nav2_ws/install/nav2_map_server/share/nav2_map_server/cmake/ament_cmake_export_include_directories-extras.cmake
[78.020s] -- Symlinking: /home/lhl/nav2_ws/install/nav2_map_server/share/nav2_map_server/cmake/ament_cmake_export_libraries-extras.cmake
[78.028s] -- Symlinking: /home/lhl/nav2_ws/install/nav2_map_server/share/nav2_map_server/cmake/ament_cmake_export_dependencies-extras.cmake
[78.035s] -- Symlinking: /home/lhl/nav2_ws/install/nav2_map_server/share/nav2_map_server/cmake/nav2_map_serverConfig.cmake
[78.042s] -- Symlinking: /home/lhl/nav2_ws/install/nav2_map_server/share/nav2_map_server/cmake/nav2_map_serverConfig-version.cmake
[78.050s] -- Symlinking: /home/lhl/nav2_ws/install/nav2_map_server/share/nav2_map_server/package.xml
[78.060s] Invoked command in '/home/lhl/nav2_ws/build/nav2_map_server' returned '0': AMENT_PREFIX_PATH=/home/lhl/nav2_ws/install/nav2_util:/home/lhl/nav2_ws/install/nav2_msgs:/home/lhl/nav2_ws/install/nav2_common:${AMENT_PREFIX_PATH} CMAKE_PREFIX_PATH=/home/lhl/nav2_ws/install/nav2_util:/home/lhl/nav2_ws/install/nav2_msgs:/home/lhl/nav2_ws/install/nav2_common:/opt/ros/humble LD_LIBRARY_PATH=/home/lhl/nav2_ws/install/nav2_util/lib:/home/lhl/nav2_ws/install/nav2_msgs/lib:${LD_LIBRARY_PATH} PYTHONPATH=/home/lhl/nav2_ws/install/nav2_msgs/local/lib/python3.10/dist-packages:/home/lhl/nav2_ws/install/nav2_common/local/lib/python3.10/dist-packages:${PYTHONPATH} /usr/bin/cmake --install /home/lhl/nav2_ws/build/nav2_map_server
