[0.071s] Invoking command in '/home/lhl/nav2_ws/src/build/nav2_rviz_plugins': AMENT_PREFIX_PATH=/home/lhl/nav2_ws/src/install/nav2_lifecycle_manager:/home/lhl/nav2_ws/src/install/nav2_util:/home/lhl/nav2_ws/src/install/nav2_msgs:/home/lhl/nav2_ws/src/install/nav2_common:${AMENT_PREFIX_PATH} CMAKE_PREFIX_PATH=/home/lhl/nav2_ws/src/install/nav2_lifecycle_manager:/home/lhl/nav2_ws/src/install/nav2_util:/home/lhl/nav2_ws/src/install/nav2_msgs:/home/lhl/nav2_ws/src/install/nav2_common:/opt/ros/humble LD_LIBRARY_PATH=/home/lhl/nav2_ws/src/install/nav2_lifecycle_manager/lib:/home/lhl/nav2_ws/src/install/nav2_util/lib:/home/lhl/nav2_ws/src/install/nav2_msgs/lib:${LD_LIBRARY_PATH} PYTHONPATH=/home/lhl/nav2_ws/src/install/nav2_msgs/local/lib/python3.10/dist-packages:/home/lhl/nav2_ws/src/install/nav2_common/local/lib/python3.10/dist-packages:${PYTHONPATH} /usr/bin/cmake /home/lhl/nav2_ws/src/navigation2/nav2_rviz_plugins -DCMAKE_INSTALL_PREFIX=/home/lhl/nav2_ws/src/install/nav2_rviz_plugins
[0.161s] -- The C compiler identification is GNU 11.3.0
[0.252s] -- The CXX compiler identification is GNU 11.3.0
[0.264s] -- Detecting C compiler ABI info
[0.418s] -- Detecting C compiler ABI info - done
[0.442s] -- Check for working C compiler: /usr/bin/cc - skipped
[0.443s] -- Detecting C compile features
[0.444s] -- Detecting C compile features - done
[0.451s] -- Detecting CXX compiler ABI info
[0.766s] -- Detecting CXX compiler ABI info - done
[0.790s] -- Check for working CXX compiler: /usr/bin/c++ - skipped
[0.791s] -- Detecting CXX compile features
[0.792s] -- Detecting CXX compile features - done
[0.799s] -- Found ament_cmake: 1.3.4 (/opt/ros/humble/share/ament_cmake/cmake)
[1.095s] -- Found Python3: /usr/bin/python3.10 (found version "3.10.6") found components: Interpreter 
[1.277s] -- Found geometry_msgs: 4.2.3 (/opt/ros/humble/share/geometry_msgs/cmake)
[1.355s] -- Found rosidl_generator_c: 3.1.4 (/opt/ros/humble/share/rosidl_generator_c/cmake)
[1.368s] -- Found rosidl_adapter: 3.1.4 (/opt/ros/humble/share/rosidl_adapter/cmake)
[1.387s] -- Found rosidl_generator_cpp: 3.1.4 (/opt/ros/humble/share/rosidl_generator_cpp/cmake)
[1.414s] -- Using all available rosidl_typesupport_c: rosidl_typesupport_fastrtps_c;rosidl_typesupport_introspection_c
[1.462s] -- Using all available rosidl_typesupport_cpp: rosidl_typesupport_fastrtps_cpp;rosidl_typesupport_introspection_cpp
[1.701s] -- Found nav2_util: 1.1.6 (/home/lhl/nav2_ws/src/install/nav2_util/share/nav2_util/cmake)
[2.662s] -- Found rmw_implementation_cmake: 6.1.1 (/opt/ros/humble/share/rmw_implementation_cmake/cmake)
[2.667s] -- Found rmw_fastrtps_cpp: 6.2.2 (/opt/ros/humble/share/rmw_fastrtps_cpp/cmake)
[2.833s] -- Found OpenSSL: /usr/lib/x86_64-linux-gnu/libcrypto.so (found version "3.0.2")  
[2.881s] -- Found FastRTPS: /opt/ros/humble/include  
[2.958s] -- Using RMW implementation 'rmw_fastrtps_cpp' as default
[2.977s] -- Looking for pthread.h
[3.122s] -- Looking for pthread.h - found
[3.122s] -- Performing Test CMAKE_HAVE_LIBC_PTHREAD
[3.266s] -- Performing Test CMAKE_HAVE_LIBC_PTHREAD - Success
[3.268s] -- Found Threads: TRUE  
[4.061s] -- Found eigen3_cmake_module: 0.1.1 (/opt/ros/humble/share/eigen3_cmake_module/cmake)
[4.063s] -- Found Eigen3: TRUE (found version "3.4.0") 
[4.063s] -- Ensuring Eigen3 include directory is part of orocos-kdl CMake target
[4.479s] -- Found nav2_lifecycle_manager: 1.1.6 (/home/lhl/nav2_ws/src/install/nav2_lifecycle_manager/share/nav2_lifecycle_manager/cmake)
[5.734s] -- Found pluginlib: 5.1.0 (/opt/ros/humble/share/pluginlib/cmake)
[5.790s] -- Found rviz_common: 11.2.5 (/opt/ros/humble/share/rviz_common/cmake)
[5.818s] -- Setting OGRE_DIR to: '/opt/ros/humble/share/rviz_ogre_vendor/cmake/../../../opt/rviz_ogre_vendor/lib/OGRE/cmake'
[5.820s] -- Found OGRE
[5.820s] --   static     : OFF
[5.820s] --   components : HLMS;MeshLodGenerator;Overlay;Paging;Property;RTShaderSystem;Terrain;Volume
[5.821s] --   plugins    : Plugin_BSPSceneManager;Plugin_OctreeSceneManager;Plugin_PCZSceneManager;Plugin_ParticleFX;RenderSystem_GL;RenderSystem_GL3Plus;Codec_STBI
[5.821s] --   media      : /opt/ros/humble/opt/rviz_ogre_vendor/share/OGRE/Media
[5.821s] -- OGRE_LIBRARIES: OgreHLMS;OgreMeshLodGenerator;OgreOverlay;OgrePaging;OgreProperty;OgreRTShaderSystem;OgreTerrain;OgreVolume;OgreMain
[5.821s] -- OGRE_LIBRARY_DIRS: /opt/ros/humble/opt/rviz_ogre_vendor/lib
[5.821s] -- OGRE_PLUGINS: Plugin_BSPSceneManager;Plugin_OctreeSceneManager;Plugin_PCZSceneManager;Plugin_ParticleFX;RenderSystem_GL;RenderSystem_GL3Plus;Codec_STBI
[5.821s] -- OGRE_PLUGIN_DIR: /opt/ros/humble/opt/rviz_ogre_vendor/lib/OGRE
[5.822s] -- rviz_ogre_vendor::OgreOverlay for IMPORTED_LOCATION_RELEASE: /opt/ros/humble/opt/rviz_ogre_vendor/lib/libOgreOverlay.so
[5.822s] -- rviz_ogre_vendor::OgreOverlay for IMPORTED_LOCATION_DEBUG: /opt/ros/humble/opt/rviz_ogre_vendor/lib/libOgreOverlay.so
[5.822s] -- rviz_ogre_vendor::OgreMain for IMPORTED_LOCATION_RELEASE: /opt/ros/humble/opt/rviz_ogre_vendor/lib/libOgreMain.so
[5.822s] -- rviz_ogre_vendor::OgreMain for IMPORTED_LOCATION_DEBUG: /opt/ros/humble/opt/rviz_ogre_vendor/lib/libOgreMain.so
[5.862s] -- Found ZLIB: /usr/lib/x86_64-linux-gnu/libz.so (found version "1.2.11") 
[5.869s] -- Found OpenGL: /usr/lib/x86_64-linux-gnu/libOpenGL.so   
[6.094s] -- Found X11: /usr/include   
[6.094s] -- Looking for XOpenDisplay in /usr/lib/x86_64-linux-gnu/libX11.so;/usr/lib/x86_64-linux-gnu/libXext.so
[6.170s] -- Looking for XOpenDisplay in /usr/lib/x86_64-linux-gnu/libX11.so;/usr/lib/x86_64-linux-gnu/libXext.so - found
[6.171s] -- Looking for gethostbyname
[6.245s] -- Looking for gethostbyname - found
[6.245s] -- Looking for connect
[6.329s] -- Looking for connect - found
[6.329s] -- Looking for remove
[6.417s] -- Looking for remove - found
[6.417s] -- Looking for shmat
[6.500s] -- Looking for shmat - found
[6.500s] -- Looking for IceConnectionNumber in ICE
[6.580s] -- Looking for IceConnectionNumber in ICE - found
[6.584s] -- rviz_ogre_vendor::RenderSystem_GL for IMPORTED_LOCATION_RELEASE: _render_system_gl_static_library_abs-NOTFOUND
[6.584s] -- rviz_ogre_vendor::RenderSystem_GL for IMPORTED_LOCATION_DEBUG: _render_system_gl_static_library_abs-NOTFOUND
[6.669s] -- library: /usr/lib/x86_64-linux-gnu/libcurl.so
[6.863s] -- Found rviz_default_plugins: 11.2.5 (/opt/ros/humble/share/rviz_default_plugins/cmake)
[10.027s] -- Found ament_lint_auto: 0.12.6 (/opt/ros/humble/share/ament_lint_auto/cmake)
[10.178s] -- Added test 'copyright' to check source files copyright and LICENSE
[10.178s] -- Added test 'cppcheck' to perform static code analysis on C / C++ code
[10.179s] -- Configured cppcheck include dirs: /home/lhl/nav2_ws/src/navigation2/nav2_rviz_plugins/include
[10.179s] -- Configured cppcheck exclude dirs and/or files: 
[10.182s] -- Added test 'cpplint' to check C / C++ code against the Google style
[10.182s] -- Configured cpplint exclude dirs and/or files: 
[10.183s] -- Added test 'lint_cmake' to check CMake code style
[10.186s] -- Added test 'uncrustify' to check C / C++ code style
[10.186s] -- Configured uncrustify additional arguments: 
[10.187s] -- Added test 'xmllint' to check XML markup files
[10.192s] -- Configuring done
[10.297s] -- Generating done
[10.301s] -- Build files have been written to: /home/lhl/nav2_ws/src/build/nav2_rviz_plugins
[10.325s] Invoked command in '/home/lhl/nav2_ws/src/build/nav2_rviz_plugins' returned '0': AMENT_PREFIX_PATH=/home/lhl/nav2_ws/src/install/nav2_lifecycle_manager:/home/lhl/nav2_ws/src/install/nav2_util:/home/lhl/nav2_ws/src/install/nav2_msgs:/home/lhl/nav2_ws/src/install/nav2_common:${AMENT_PREFIX_PATH} CMAKE_PREFIX_PATH=/home/lhl/nav2_ws/src/install/nav2_lifecycle_manager:/home/lhl/nav2_ws/src/install/nav2_util:/home/lhl/nav2_ws/src/install/nav2_msgs:/home/lhl/nav2_ws/src/install/nav2_common:/opt/ros/humble LD_LIBRARY_PATH=/home/lhl/nav2_ws/src/install/nav2_lifecycle_manager/lib:/home/lhl/nav2_ws/src/install/nav2_util/lib:/home/lhl/nav2_ws/src/install/nav2_msgs/lib:${LD_LIBRARY_PATH} PYTHONPATH=/home/lhl/nav2_ws/src/install/nav2_msgs/local/lib/python3.10/dist-packages:/home/lhl/nav2_ws/src/install/nav2_common/local/lib/python3.10/dist-packages:${PYTHONPATH} /usr/bin/cmake /home/lhl/nav2_ws/src/navigation2/nav2_rviz_plugins -DCMAKE_INSTALL_PREFIX=/home/lhl/nav2_ws/src/install/nav2_rviz_plugins
[10.326s] Invoking command in '/home/lhl/nav2_ws/src/build/nav2_rviz_plugins': AMENT_PREFIX_PATH=/home/lhl/nav2_ws/src/install/nav2_lifecycle_manager:/home/lhl/nav2_ws/src/install/nav2_util:/home/lhl/nav2_ws/src/install/nav2_msgs:/home/lhl/nav2_ws/src/install/nav2_common:${AMENT_PREFIX_PATH} CMAKE_PREFIX_PATH=/home/lhl/nav2_ws/src/install/nav2_lifecycle_manager:/home/lhl/nav2_ws/src/install/nav2_util:/home/lhl/nav2_ws/src/install/nav2_msgs:/home/lhl/nav2_ws/src/install/nav2_common:/opt/ros/humble LD_LIBRARY_PATH=/home/lhl/nav2_ws/src/install/nav2_lifecycle_manager/lib:/home/lhl/nav2_ws/src/install/nav2_util/lib:/home/lhl/nav2_ws/src/install/nav2_msgs/lib:${LD_LIBRARY_PATH} PYTHONPATH=/home/lhl/nav2_ws/src/install/nav2_msgs/local/lib/python3.10/dist-packages:/home/lhl/nav2_ws/src/install/nav2_common/local/lib/python3.10/dist-packages:${PYTHONPATH} /usr/bin/cmake --build /home/lhl/nav2_ws/src/build/nav2_rviz_plugins -- -j8 -l8
[10.403s] [ 14%] [34m[1mAutomatic MOC for target nav2_rviz_plugins[0m
[11.556s] [ 14%] Built target nav2_rviz_plugins_autogen
[11.589s] [ 42%] [32mBuilding CXX object CMakeFiles/nav2_rviz_plugins.dir/nav2_rviz_plugins_autogen/mocs_compilation.cpp.o[0m
[11.592s] [ 42%] [32mBuilding CXX object CMakeFiles/nav2_rviz_plugins.dir/src/goal_tool.cpp.o[0m
[18.004s] [ 57%] [32mBuilding CXX object CMakeFiles/nav2_rviz_plugins.dir/src/particle_cloud_display/particle_cloud_display.cpp.o[0m
[31.474s] [ 71%] [32mBuilding CXX object CMakeFiles/nav2_rviz_plugins.dir/src/nav2_panel.cpp.o[0m
[31.474s] [ 85%] [32mBuilding CXX object CMakeFiles/nav2_rviz_plugins.dir/src/particle_cloud_display/flat_weighted_arrows_array.cpp.o[0m
[63.842s] [100%] [32m[1mLinking CXX shared library libnav2_rviz_plugins.so[0m
[79.852s] [100%] Built target nav2_rviz_plugins
[79.963s] Invoked command in '/home/lhl/nav2_ws/src/build/nav2_rviz_plugins' returned '0': AMENT_PREFIX_PATH=/home/lhl/nav2_ws/src/install/nav2_lifecycle_manager:/home/lhl/nav2_ws/src/install/nav2_util:/home/lhl/nav2_ws/src/install/nav2_msgs:/home/lhl/nav2_ws/src/install/nav2_common:${AMENT_PREFIX_PATH} CMAKE_PREFIX_PATH=/home/lhl/nav2_ws/src/install/nav2_lifecycle_manager:/home/lhl/nav2_ws/src/install/nav2_util:/home/lhl/nav2_ws/src/install/nav2_msgs:/home/lhl/nav2_ws/src/install/nav2_common:/opt/ros/humble LD_LIBRARY_PATH=/home/lhl/nav2_ws/src/install/nav2_lifecycle_manager/lib:/home/lhl/nav2_ws/src/install/nav2_util/lib:/home/lhl/nav2_ws/src/install/nav2_msgs/lib:${LD_LIBRARY_PATH} PYTHONPATH=/home/lhl/nav2_ws/src/install/nav2_msgs/local/lib/python3.10/dist-packages:/home/lhl/nav2_ws/src/install/nav2_common/local/lib/python3.10/dist-packages:${PYTHONPATH} /usr/bin/cmake --build /home/lhl/nav2_ws/src/build/nav2_rviz_plugins -- -j8 -l8
[80.648s] Invoking command in '/home/lhl/nav2_ws/src/build/nav2_rviz_plugins': AMENT_PREFIX_PATH=/home/lhl/nav2_ws/src/install/nav2_lifecycle_manager:/home/lhl/nav2_ws/src/install/nav2_util:/home/lhl/nav2_ws/src/install/nav2_msgs:/home/lhl/nav2_ws/src/install/nav2_common:${AMENT_PREFIX_PATH} CMAKE_PREFIX_PATH=/home/lhl/nav2_ws/src/install/nav2_lifecycle_manager:/home/lhl/nav2_ws/src/install/nav2_util:/home/lhl/nav2_ws/src/install/nav2_msgs:/home/lhl/nav2_ws/src/install/nav2_common:/opt/ros/humble LD_LIBRARY_PATH=/home/lhl/nav2_ws/src/install/nav2_lifecycle_manager/lib:/home/lhl/nav2_ws/src/install/nav2_util/lib:/home/lhl/nav2_ws/src/install/nav2_msgs/lib:${LD_LIBRARY_PATH} PYTHONPATH=/home/lhl/nav2_ws/src/install/nav2_msgs/local/lib/python3.10/dist-packages:/home/lhl/nav2_ws/src/install/nav2_common/local/lib/python3.10/dist-packages:${PYTHONPATH} /usr/bin/cmake --install /home/lhl/nav2_ws/src/build/nav2_rviz_plugins
[80.671s] -- Install configuration: ""
[80.671s] -- Installing: /home/lhl/nav2_ws/src/install/nav2_rviz_plugins/share/nav2_rviz_plugins/plugins_description.xml
[80.708s] -- Installing: /home/lhl/nav2_ws/src/install/nav2_rviz_plugins/lib/libnav2_rviz_plugins.so
[80.778s] -- Set runtime path of "/home/lhl/nav2_ws/src/install/nav2_rviz_plugins/lib/libnav2_rviz_plugins.so" to ""
[80.779s] -- Installing: /home/lhl/nav2_ws/src/install/nav2_rviz_plugins/include/
[80.779s] -- Installing: /home/lhl/nav2_ws/src/install/nav2_rviz_plugins/include//nav2_rviz_plugins
[80.779s] -- Installing: /home/lhl/nav2_ws/src/install/nav2_rviz_plugins/include//nav2_rviz_plugins/goal_pose_updater.hpp
[80.780s] -- Installing: /home/lhl/nav2_ws/src/install/nav2_rviz_plugins/include//nav2_rviz_plugins/goal_tool.hpp
[80.780s] -- Installing: /home/lhl/nav2_ws/src/install/nav2_rviz_plugins/include//nav2_rviz_plugins/goal_common.hpp
[80.781s] -- Installing: /home/lhl/nav2_ws/src/install/nav2_rviz_plugins/include//nav2_rviz_plugins/nav2_panel.hpp
[80.781s] -- Installing: /home/lhl/nav2_ws/src/install/nav2_rviz_plugins/include//nav2_rviz_plugins/particle_cloud_display
[80.781s] -- Installing: /home/lhl/nav2_ws/src/install/nav2_rviz_plugins/include//nav2_rviz_plugins/particle_cloud_display/particle_cloud_display.hpp
[80.782s] -- Installing: /home/lhl/nav2_ws/src/install/nav2_rviz_plugins/include//nav2_rviz_plugins/particle_cloud_display/flat_weighted_arrows_array.hpp
[80.782s] -- Installing: /home/lhl/nav2_ws/src/install/nav2_rviz_plugins/include//nav2_rviz_plugins/ros_action_qevent.hpp
[80.783s] -- Installing: /home/lhl/nav2_ws/src/install/nav2_rviz_plugins/share/nav2_rviz_plugins/environment/library_path.sh
[80.783s] -- Installing: /home/lhl/nav2_ws/src/install/nav2_rviz_plugins/share/nav2_rviz_plugins/environment/library_path.dsv
[80.784s] -- Installing: /home/lhl/nav2_ws/src/install/nav2_rviz_plugins/share/ament_index/resource_index/package_run_dependencies/nav2_rviz_plugins
[80.784s] -- Installing: /home/lhl/nav2_ws/src/install/nav2_rviz_plugins/share/ament_index/resource_index/parent_prefix_path/nav2_rviz_plugins
[80.785s] -- Installing: /home/lhl/nav2_ws/src/install/nav2_rviz_plugins/share/nav2_rviz_plugins/environment/ament_prefix_path.sh
[80.785s] -- Installing: /home/lhl/nav2_ws/src/install/nav2_rviz_plugins/share/nav2_rviz_plugins/environment/ament_prefix_path.dsv
[80.794s] -- Installing: /home/lhl/nav2_ws/src/install/nav2_rviz_plugins/share/nav2_rviz_plugins/environment/path.sh
[80.795s] -- Installing: /home/lhl/nav2_ws/src/install/nav2_rviz_plugins/share/nav2_rviz_plugins/environment/path.dsv
[80.795s] -- Installing: /home/lhl/nav2_ws/src/install/nav2_rviz_plugins/share/nav2_rviz_plugins/local_setup.bash
[80.795s] -- Installing: /home/lhl/nav2_ws/src/install/nav2_rviz_plugins/share/nav2_rviz_plugins/local_setup.sh
[80.796s] -- Installing: /home/lhl/nav2_ws/src/install/nav2_rviz_plugins/share/nav2_rviz_plugins/local_setup.zsh
[80.796s] -- Installing: /home/lhl/nav2_ws/src/install/nav2_rviz_plugins/share/nav2_rviz_plugins/local_setup.dsv
[80.797s] -- Installing: /home/lhl/nav2_ws/src/install/nav2_rviz_plugins/share/nav2_rviz_plugins/package.dsv
[80.797s] -- Installing: /home/lhl/nav2_ws/src/install/nav2_rviz_plugins/share/ament_index/resource_index/packages/nav2_rviz_plugins
[80.810s] -- Installing: /home/lhl/nav2_ws/src/install/nav2_rviz_plugins/share/ament_index/resource_index/rviz_common__pluginlib__plugin/nav2_rviz_plugins
[80.811s] -- Installing: /home/lhl/nav2_ws/src/install/nav2_rviz_plugins/share/nav2_rviz_plugins/cmake/nav2_rviz_pluginsExport.cmake
[80.811s] -- Installing: /home/lhl/nav2_ws/src/install/nav2_rviz_plugins/share/nav2_rviz_plugins/cmake/nav2_rviz_pluginsExport-noconfig.cmake
[80.812s] -- Installing: /home/lhl/nav2_ws/src/install/nav2_rviz_plugins/share/nav2_rviz_plugins/cmake/ament_cmake_export_include_directories-extras.cmake
[80.812s] -- Installing: /home/lhl/nav2_ws/src/install/nav2_rviz_plugins/share/nav2_rviz_plugins/cmake/ament_cmake_export_targets-extras.cmake
[80.813s] -- Installing: /home/lhl/nav2_ws/src/install/nav2_rviz_plugins/share/nav2_rviz_plugins/cmake/ament_cmake_export_dependencies-extras.cmake
[80.813s] -- Installing: /home/lhl/nav2_ws/src/install/nav2_rviz_plugins/share/nav2_rviz_plugins/cmake/nav2_rviz_pluginsConfig.cmake
[80.813s] -- Installing: /home/lhl/nav2_ws/src/install/nav2_rviz_plugins/share/nav2_rviz_plugins/cmake/nav2_rviz_pluginsConfig-version.cmake
[80.814s] -- Installing: /home/lhl/nav2_ws/src/install/nav2_rviz_plugins/share/nav2_rviz_plugins/package.xml
[80.821s] Invoked command in '/home/lhl/nav2_ws/src/build/nav2_rviz_plugins' returned '0': AMENT_PREFIX_PATH=/home/lhl/nav2_ws/src/install/nav2_lifecycle_manager:/home/lhl/nav2_ws/src/install/nav2_util:/home/lhl/nav2_ws/src/install/nav2_msgs:/home/lhl/nav2_ws/src/install/nav2_common:${AMENT_PREFIX_PATH} CMAKE_PREFIX_PATH=/home/lhl/nav2_ws/src/install/nav2_lifecycle_manager:/home/lhl/nav2_ws/src/install/nav2_util:/home/lhl/nav2_ws/src/install/nav2_msgs:/home/lhl/nav2_ws/src/install/nav2_common:/opt/ros/humble LD_LIBRARY_PATH=/home/lhl/nav2_ws/src/install/nav2_lifecycle_manager/lib:/home/lhl/nav2_ws/src/install/nav2_util/lib:/home/lhl/nav2_ws/src/install/nav2_msgs/lib:${LD_LIBRARY_PATH} PYTHONPATH=/home/lhl/nav2_ws/src/install/nav2_msgs/local/lib/python3.10/dist-packages:/home/lhl/nav2_ws/src/install/nav2_common/local/lib/python3.10/dist-packages:${PYTHONPATH} /usr/bin/cmake --install /home/lhl/nav2_ws/src/build/nav2_rviz_plugins
