running develop
/usr/lib/python3/dist-packages/setuptools/command/easy_install.py:158: EasyInstallDeprecationWarning: easy_install command is deprecated. Use build and pip and other standards-based tools.
  warnings.warn(
/usr/lib/python3/dist-packages/setuptools/command/install.py:34: SetuptoolsDeprecationWarning: setup.py install is deprecated. Use build and pip and other standards-based tools.
  warnings.warn(
/usr/lib/python3/dist-packages/pkg_resources/__init__.py:116: PkgResourcesDeprecationWarning: 1.1build1 is an invalid version and will not be supported in a future release
  warnings.warn(
/usr/lib/python3/dist-packages/pkg_resources/__init__.py:116: PkgResourcesDeprecationWarning: 0.1.43ubuntu1 is an invalid version and will not be supported in a future release
  warnings.warn(
running egg_info
creating nav2_simple_commander.egg-info
writing nav2_simple_commander.egg-info/PKG-INFO
writing dependency_links to nav2_simple_commander.egg-info/dependency_links.txt
writing entry points to nav2_simple_commander.egg-info/entry_points.txt
writing requirements to nav2_simple_commander.egg-info/requires.txt
writing top-level names to nav2_simple_commander.egg-info/top_level.txt
writing manifest file 'nav2_simple_commander.egg-info/SOURCES.txt'
reading manifest file 'nav2_simple_commander.egg-info/SOURCES.txt'
writing manifest file 'nav2_simple_commander.egg-info/SOURCES.txt'
running build_ext
Creating /home/lhl/nav2_ws/install/nav2_simple_commander/lib/python3.10/site-packages/nav2-simple-commander.egg-link (link to .)
Installing demo_inspection script to /home/lhl/nav2_ws/install/nav2_simple_commander/lib/nav2_simple_commander
Installing demo_picking script to /home/lhl/nav2_ws/install/nav2_simple_commander/lib/nav2_simple_commander
Installing demo_recoveries script to /home/lhl/nav2_ws/install/nav2_simple_commander/lib/nav2_simple_commander
Installing demo_security script to /home/lhl/nav2_ws/install/nav2_simple_commander/lib/nav2_simple_commander
Installing example_assisted_teleop script to /home/lhl/nav2_ws/install/nav2_simple_commander/lib/nav2_simple_commander
Installing example_follow_path script to /home/lhl/nav2_ws/install/nav2_simple_commander/lib/nav2_simple_commander
Installing example_nav_through_poses script to /home/lhl/nav2_ws/install/nav2_simple_commander/lib/nav2_simple_commander
Installing example_nav_to_pose script to /home/lhl/nav2_ws/install/nav2_simple_commander/lib/nav2_simple_commander
Installing example_waypoint_follower script to /home/lhl/nav2_ws/install/nav2_simple_commander/lib/nav2_simple_commander

Installed /home/lhl/nav2_ws/build/nav2_simple_commander
running install_data
creating /home/lhl/nav2_ws/install/nav2_simple_commander/share/ament_index
creating /home/lhl/nav2_ws/install/nav2_simple_commander/share/ament_index/resource_index
creating /home/lhl/nav2_ws/install/nav2_simple_commander/share/ament_index/resource_index/packages
copying resource/nav2_simple_commander -> /home/lhl/nav2_ws/install/nav2_simple_commander/share/ament_index/resource_index/packages
copying package.xml -> /home/lhl/nav2_ws/install/nav2_simple_commander/share/nav2_simple_commander
copying launch/inspection_demo_launch.py -> /home/lhl/nav2_ws/install/nav2_simple_commander/share/nav2_simple_commander
copying launch/nav_to_pose_example_launch.py -> /home/lhl/nav2_ws/install/nav2_simple_commander/share/nav2_simple_commander
copying launch/picking_demo_launch.py -> /home/lhl/nav2_ws/install/nav2_simple_commander/share/nav2_simple_commander
copying launch/assisted_teleop_example_launch.py -> /home/lhl/nav2_ws/install/nav2_simple_commander/share/nav2_simple_commander
copying launch/nav_through_poses_example_launch.py -> /home/lhl/nav2_ws/install/nav2_simple_commander/share/nav2_simple_commander
copying launch/warehouse.world -> /home/lhl/nav2_ws/install/nav2_simple_commander/share/nav2_simple_commander
copying launch/waypoint_follower_example_launch.py -> /home/lhl/nav2_ws/install/nav2_simple_commander/share/nav2_simple_commander
copying launch/security_demo_launch.py -> /home/lhl/nav2_ws/install/nav2_simple_commander/share/nav2_simple_commander
copying launch/recoveries_example_launch.py -> /home/lhl/nav2_ws/install/nav2_simple_commander/share/nav2_simple_commander
copying launch/follow_path_example_launch.py -> /home/lhl/nav2_ws/install/nav2_simple_commander/share/nav2_simple_commander
