[1.198s] Invoking command in '/home/lhl/nav2_ws/build/nav2_simple_commander': AMENT_PREFIX_PATH=/home/lhl/nav2_ws/install/nav2_msgs:${AMENT_PREFIX_PATH} CMAKE_PREFIX_PATH=/home/lhl/nav2_ws/install/nav2_msgs LD_LIBRARY_PATH=/home/lhl/nav2_ws/install/nav2_msgs/lib:${LD_LIBRARY_PATH} PYTHONPATH=/home/lhl/nav2_ws/build/nav2_simple_commander/prefix_override:/home/lhl/nav2_ws/install/nav2_simple_commander/lib/python3.10/site-packages:/home/lhl/nav2_ws/install/nav2_msgs/local/lib/python3.10/dist-packages:${PYTHONPATH} /usr/bin/python3 setup.py develop --editable --build-directory /home/lhl/nav2_ws/build/nav2_simple_commander/build --no-deps install_data
[1.413s] running develop
[1.413s] /usr/lib/python3/dist-packages/setuptools/command/easy_install.py:158: EasyInstallDeprecationWarning: easy_install command is deprecated. Use build and pip and other standards-based tools.
[1.413s]   warnings.warn(
[1.414s] /usr/lib/python3/dist-packages/setuptools/command/install.py:34: SetuptoolsDeprecationWarning: setup.py install is deprecated. Use build and pip and other standards-based tools.
[1.414s]   warnings.warn(
[1.463s] /usr/lib/python3/dist-packages/pkg_resources/__init__.py:116: PkgResourcesDeprecationWarning: 1.1build1 is an invalid version and will not be supported in a future release
[1.464s]   warnings.warn(
[1.464s] /usr/lib/python3/dist-packages/pkg_resources/__init__.py:116: PkgResourcesDeprecationWarning: 0.1.43ubuntu1 is an invalid version and will not be supported in a future release
[1.464s]   warnings.warn(
[1.554s] running egg_info
[1.554s] creating nav2_simple_commander.egg-info
[1.554s] writing nav2_simple_commander.egg-info/PKG-INFO
[1.555s] writing dependency_links to nav2_simple_commander.egg-info/dependency_links.txt
[1.555s] writing entry points to nav2_simple_commander.egg-info/entry_points.txt
[1.555s] writing requirements to nav2_simple_commander.egg-info/requires.txt
[1.555s] writing top-level names to nav2_simple_commander.egg-info/top_level.txt
[1.555s] writing manifest file 'nav2_simple_commander.egg-info/SOURCES.txt'
[1.557s] reading manifest file 'nav2_simple_commander.egg-info/SOURCES.txt'
[1.558s] writing manifest file 'nav2_simple_commander.egg-info/SOURCES.txt'
[1.559s] running build_ext
[1.559s] Creating /home/lhl/nav2_ws/install/nav2_simple_commander/lib/python3.10/site-packages/nav2-simple-commander.egg-link (link to .)
[1.560s] Installing demo_inspection script to /home/lhl/nav2_ws/install/nav2_simple_commander/lib/nav2_simple_commander
[1.560s] Installing demo_picking script to /home/lhl/nav2_ws/install/nav2_simple_commander/lib/nav2_simple_commander
[1.560s] Installing demo_recoveries script to /home/lhl/nav2_ws/install/nav2_simple_commander/lib/nav2_simple_commander
[1.560s] Installing demo_security script to /home/lhl/nav2_ws/install/nav2_simple_commander/lib/nav2_simple_commander
[1.560s] Installing example_assisted_teleop script to /home/lhl/nav2_ws/install/nav2_simple_commander/lib/nav2_simple_commander
[1.561s] Installing example_follow_path script to /home/lhl/nav2_ws/install/nav2_simple_commander/lib/nav2_simple_commander
[1.561s] Installing example_nav_through_poses script to /home/lhl/nav2_ws/install/nav2_simple_commander/lib/nav2_simple_commander
[1.561s] Installing example_nav_to_pose script to /home/lhl/nav2_ws/install/nav2_simple_commander/lib/nav2_simple_commander
[1.561s] Installing example_waypoint_follower script to /home/lhl/nav2_ws/install/nav2_simple_commander/lib/nav2_simple_commander
[1.561s] 
[1.562s] Installed /home/lhl/nav2_ws/build/nav2_simple_commander
[1.562s] running install_data
[1.562s] creating /home/lhl/nav2_ws/install/nav2_simple_commander/share/ament_index
[1.562s] creating /home/lhl/nav2_ws/install/nav2_simple_commander/share/ament_index/resource_index
[1.562s] creating /home/lhl/nav2_ws/install/nav2_simple_commander/share/ament_index/resource_index/packages
[1.562s] copying resource/nav2_simple_commander -> /home/lhl/nav2_ws/install/nav2_simple_commander/share/ament_index/resource_index/packages
[1.563s] copying package.xml -> /home/lhl/nav2_ws/install/nav2_simple_commander/share/nav2_simple_commander
[1.563s] copying launch/inspection_demo_launch.py -> /home/lhl/nav2_ws/install/nav2_simple_commander/share/nav2_simple_commander
[1.563s] copying launch/nav_to_pose_example_launch.py -> /home/lhl/nav2_ws/install/nav2_simple_commander/share/nav2_simple_commander
[1.563s] copying launch/picking_demo_launch.py -> /home/lhl/nav2_ws/install/nav2_simple_commander/share/nav2_simple_commander
[1.563s] copying launch/assisted_teleop_example_launch.py -> /home/lhl/nav2_ws/install/nav2_simple_commander/share/nav2_simple_commander
[1.563s] copying launch/nav_through_poses_example_launch.py -> /home/lhl/nav2_ws/install/nav2_simple_commander/share/nav2_simple_commander
[1.563s] copying launch/warehouse.world -> /home/lhl/nav2_ws/install/nav2_simple_commander/share/nav2_simple_commander
[1.564s] copying launch/waypoint_follower_example_launch.py -> /home/lhl/nav2_ws/install/nav2_simple_commander/share/nav2_simple_commander
[1.564s] copying launch/security_demo_launch.py -> /home/lhl/nav2_ws/install/nav2_simple_commander/share/nav2_simple_commander
[1.564s] copying launch/recoveries_example_launch.py -> /home/lhl/nav2_ws/install/nav2_simple_commander/share/nav2_simple_commander
[1.564s] copying launch/follow_path_example_launch.py -> /home/lhl/nav2_ws/install/nav2_simple_commander/share/nav2_simple_commander
[1.587s] Invoked command in '/home/lhl/nav2_ws/build/nav2_simple_commander' returned '0': AMENT_PREFIX_PATH=/home/lhl/nav2_ws/install/nav2_msgs:${AMENT_PREFIX_PATH} CMAKE_PREFIX_PATH=/home/lhl/nav2_ws/install/nav2_msgs LD_LIBRARY_PATH=/home/lhl/nav2_ws/install/nav2_msgs/lib:${LD_LIBRARY_PATH} PYTHONPATH=/home/lhl/nav2_ws/build/nav2_simple_commander/prefix_override:/home/lhl/nav2_ws/install/nav2_simple_commander/lib/python3.10/site-packages:/home/lhl/nav2_ws/install/nav2_msgs/local/lib/python3.10/dist-packages:${PYTHONPATH} /usr/bin/python3 setup.py develop --editable --build-directory /home/lhl/nav2_ws/build/nav2_simple_commander/build --no-deps install_data
