[0.036s] Invoking command in '/home/lhl/nav2_ws/build/dwb_msgs': CMAKE_PREFIX_PATH=/home/lhl/nav2_ws/install/nav_2d_msgs:/home/lhl/nav2_ws/install/sam_bot_description:/home/lhl/nav2_ws/install/nav2_system_tests:/home/lhl/nav2_ws/install/nav2_bringup:/home/lhl/nav2_ws/install/navigation2:/home/lhl/nav2_ws/install/nav2_smoother:/home/lhl/nav2_ws/install/nav2_dwb_controller:/home/lhl/nav2_ws/install/nav2_controller:/home/lhl/nav2_ws/install/dwb_plugins:/home/lhl/nav2_ws/install/dwb_critics:/home/lhl/nav2_ws/install/dwb_core:/home/lhl/nav2_ws/install/nav_2d_utils:/home/lhl/nav2_ws/install/dwb_msgs:/home/lhl/nav2_ws/install/nav2_waypoint_follower:/home/lhl/nav2_ws/install/nav2_theta_star_planner:/home/lhl/nav2_ws/install/nav2_straightline_planner:/home/lhl/nav2_ws/install/nav2_sms_behavior:/home/lhl/nav2_ws/install/nav2_smac_planner:/home/lhl/nav2_ws/install/nav2_rotation_shim_controller:/home/lhl/nav2_ws/install/nav2_regulated_pure_pursuit_controller:/home/lhl/nav2_ws/install/nav2_planner:/home/lhl/nav2_ws/install/nav2_navfn_planner:/home/lhl/nav2_ws/install/nav2_mppi_controller:/home/lhl/nav2_ws/install/nav2_gradient_costmap_plugin:/home/lhl/nav2_ws/install/nav2_constrained_smoother:/home/lhl/nav2_ws/install/nav2_bt_navigator:/home/lhl/nav2_ws/install/nav2_behaviors:/home/lhl/nav2_ws/install/nav2_core:/home/lhl/nav2_ws/install/nav2_collision_monitor:/home/lhl/nav2_ws/install/costmap_queue:/home/lhl/nav2_ws/install/nav2_costmap_2d:/home/lhl/nav2_ws/install/nav2_voxel_grid:/home/lhl/nav2_ws/install/nav2_velocity_smoother:/home/lhl/nav2_ws/install/nav2_rviz_plugins:/home/lhl/nav2_ws/install/nav2_map_server:/home/lhl/nav2_ws/install/nav2_lifecycle_manager:/home/lhl/nav2_ws/install/nav2_behavior_tree:/home/lhl/nav2_ws/install/nav2_amcl:/home/lhl/nav2_ws/install/nav2_util:/home/lhl/nav2_ws/install/nav2_msgs:/home/lhl/nav2_ws/install/nav2_costmap_filters_demo:/home/lhl/nav2_ws/install/nav2_common:/home/lhl/nav2_ws/src/install/sam_bot_description:/home/lhl/nav2_ws/src/install/nav2_system_tests:/home/lhl/nav2_ws/src/install/nav2_bringup:/home/lhl/nav2_ws/src/install/navigation2:/home/lhl/nav2_ws/src/install/nav2_smoother:/home/lhl/nav2_ws/src/install/nav2_dwb_controller:/home/lhl/nav2_ws/src/install/nav2_controller:/home/lhl/nav2_ws/src/install/dwb_plugins:/home/lhl/nav2_ws/src/install/dwb_critics:/home/lhl/nav2_ws/src/install/dwb_core:/home/lhl/nav2_ws/src/install/nav_2d_utils:/home/lhl/nav2_ws/src/install/dwb_msgs:/home/lhl/nav2_ws/src/install/nav_2d_msgs:/home/lhl/nav2_ws/src/install/nav2_waypoint_follower:/home/lhl/nav2_ws/src/install/nav2_theta_star_planner:/home/lhl/nav2_ws/src/install/nav2_smac_planner:/home/lhl/nav2_ws/src/install/nav2_rotation_shim_controller:/home/lhl/nav2_ws/src/install/nav2_regulated_pure_pursuit_controller:/home/lhl/nav2_ws/src/install/nav2_planner:/home/lhl/nav2_ws/src/install/nav2_navfn_planner:/home/lhl/nav2_ws/src/install/nav2_mppi_controller:/home/lhl/nav2_ws/src/install/nav2_constrained_smoother:/home/lhl/nav2_ws/src/install/nav2_bt_navigator:/home/lhl/nav2_ws/src/install/nav2_behaviors:/home/lhl/nav2_ws/src/install/nav2_core:/home/lhl/nav2_ws/src/install/nav2_collision_monitor:/home/lhl/nav2_ws/src/install/costmap_queue:/home/lhl/nav2_ws/src/install/nav2_costmap_2d:/home/lhl/nav2_ws/src/install/nav2_voxel_grid:/home/lhl/nav2_ws/src/install/nav2_velocity_smoother:/home/lhl/nav2_ws/src/install/nav2_rviz_plugins:/home/lhl/nav2_ws/src/install/nav2_map_server:/home/lhl/nav2_ws/src/install/nav2_lifecycle_manager:/home/lhl/nav2_ws/src/install/nav2_behavior_tree:/home/lhl/nav2_ws/src/install/nav2_amcl:/home/lhl/nav2_ws/src/install/nav2_util:/home/lhl/nav2_ws/src/install/nav2_msgs:/home/lhl/nav2_ws/src/install/nav2_common:/home/lhl/nav2_ws/install/nav2_simple_commander:/home/lhl/nav2_ws/src/install/nav2_simple_commander:/opt/ros/humble LD_LIBRARY_PATH=/home/lhl/nav2_ws/install/nav_2d_msgs/lib:/home/lhl/nav2_ws/install/nav2_smoother/lib:/home/lhl/nav2_ws/install/nav2_controller/lib:/home/lhl/nav2_ws/install/dwb_plugins/lib:/home/lhl/nav2_ws/install/dwb_critics/lib:/home/lhl/nav2_ws/install/dwb_core/lib:/home/lhl/nav2_ws/install/nav_2d_utils/lib:/home/lhl/nav2_ws/install/dwb_msgs/lib:/home/lhl/nav2_ws/install/nav2_waypoint_follower/lib:/home/lhl/nav2_ws/install/nav2_theta_star_planner/lib:/home/lhl/nav2_ws/install/nav2_straightline_planner/lib:/home/lhl/nav2_ws/install/nav2_sms_behavior/lib:/home/lhl/nav2_ws/install/nav2_smac_planner/lib:/home/lhl/nav2_ws/install/nav2_rotation_shim_controller/lib:/home/lhl/nav2_ws/install/nav2_regulated_pure_pursuit_controller/lib:/home/lhl/nav2_ws/install/nav2_planner/lib:/home/lhl/nav2_ws/install/nav2_navfn_planner/lib:/home/lhl/nav2_ws/install/nav2_mppi_controller/lib:/home/lhl/nav2_ws/install/nav2_gradient_costmap_plugin/lib:/home/lhl/nav2_ws/install/nav2_constrained_smoother/lib:/home/lhl/nav2_ws/install/nav2_bt_navigator/lib:/home/lhl/nav2_ws/install/nav2_behaviors/lib:/home/lhl/nav2_ws/install/nav2_collision_monitor/lib:/home/lhl/nav2_ws/install/costmap_queue/lib:/home/lhl/nav2_ws/install/nav2_costmap_2d/lib:/home/lhl/nav2_ws/install/nav2_voxel_grid/lib:/home/lhl/nav2_ws/install/nav2_velocity_smoother/lib:/home/lhl/nav2_ws/install/nav2_rviz_plugins/lib:/home/lhl/nav2_ws/install/nav2_map_server/lib:/home/lhl/nav2_ws/install/nav2_lifecycle_manager/lib:/home/lhl/nav2_ws/install/nav2_behavior_tree/lib:/home/lhl/nav2_ws/install/nav2_amcl/lib:/home/lhl/nav2_ws/install/nav2_util/lib:/home/lhl/nav2_ws/install/nav2_msgs/lib:/home/lhl/nav2_ws/src/install/nav2_smoother/lib:/home/lhl/nav2_ws/src/install/nav2_controller/lib:/home/lhl/nav2_ws/src/install/dwb_plugins/lib:/home/lhl/nav2_ws/src/install/dwb_critics/lib:/home/lhl/nav2_ws/src/install/dwb_core/lib:/home/lhl/nav2_ws/src/install/nav_2d_utils/lib:/home/lhl/nav2_ws/src/install/dwb_msgs/lib:/home/lhl/nav2_ws/src/install/nav_2d_msgs/lib:/home/lhl/nav2_ws/src/install/nav2_waypoint_follower/lib:/home/lhl/nav2_ws/src/install/nav2_theta_star_planner/lib:/home/lhl/nav2_ws/src/install/nav2_smac_planner/lib:/home/lhl/nav2_ws/src/install/nav2_rotation_shim_controller/lib:/home/lhl/nav2_ws/src/install/nav2_regulated_pure_pursuit_controller/lib:/home/lhl/nav2_ws/src/install/nav2_planner/lib:/home/lhl/nav2_ws/src/install/nav2_navfn_planner/lib:/home/lhl/nav2_ws/src/install/nav2_mppi_controller/lib:/home/lhl/nav2_ws/src/install/nav2_constrained_smoother/lib:/home/lhl/nav2_ws/src/install/nav2_bt_navigator/lib:/home/lhl/nav2_ws/src/install/nav2_behaviors/lib:/home/lhl/nav2_ws/src/install/nav2_collision_monitor/lib:/home/lhl/nav2_ws/src/install/costmap_queue/lib:/home/lhl/nav2_ws/src/install/nav2_costmap_2d/lib:/home/lhl/nav2_ws/src/install/nav2_voxel_grid/lib:/home/lhl/nav2_ws/src/install/nav2_velocity_smoother/lib:/home/lhl/nav2_ws/src/install/nav2_rviz_plugins/lib:/home/lhl/nav2_ws/src/install/nav2_map_server/lib:/home/lhl/nav2_ws/src/install/nav2_lifecycle_manager/lib:/home/lhl/nav2_ws/src/install/nav2_behavior_tree/lib:/home/lhl/nav2_ws/src/install/nav2_amcl/lib:/home/lhl/nav2_ws/src/install/nav2_util/lib:/home/lhl/nav2_ws/src/install/nav2_msgs/lib:/usr/lib/x86_64-linux-gnu/gazebo-11/plugins:/opt/ros/humble/opt/rviz_ogre_vendor/lib:/opt/ros/humble/lib/x86_64-linux-gnu:/opt/ros/humble/lib /usr/bin/cmake /home/lhl/nav2_ws/src/navigation2/nav2_dwb_controller/dwb_msgs -DCMAKE_INSTALL_PREFIX=/home/lhl/nav2_ws/install/dwb_msgs
[0.363s] -- The C compiler identification is GNU 11.3.0
[0.460s] -- The CXX compiler identification is GNU 11.3.0
[0.473s] -- Detecting C compiler ABI info
[0.648s] -- Detecting C compiler ABI info - done
[0.661s] -- Check for working C compiler: /usr/bin/cc - skipped
[0.661s] -- Detecting C compile features
[0.661s] -- Detecting C compile features - done
[0.666s] -- Detecting CXX compiler ABI info
[0.825s] -- Detecting CXX compiler ABI info - done
[0.834s] -- Check for working CXX compiler: /usr/bin/c++ - skipped
[0.834s] -- Detecting CXX compile features
[0.835s] -- Detecting CXX compile features - done
[0.847s] -- Found builtin_interfaces: 1.2.1 (/opt/ros/humble/share/builtin_interfaces/cmake)
[1.173s] -- Found Python3: /usr/bin/python3.10 (found version "3.10.6") found components: Interpreter 
[1.716s] -- Found rosidl_generator_c: 3.1.4 (/opt/ros/humble/share/rosidl_generator_c/cmake)
[1.750s] -- Found rosidl_adapter: 3.1.4 (/opt/ros/humble/share/rosidl_adapter/cmake)
[1.790s] -- Found rosidl_generator_cpp: 3.1.4 (/opt/ros/humble/share/rosidl_generator_cpp/cmake)
[1.845s] -- Using all available rosidl_typesupport_c: rosidl_typesupport_fastrtps_c;rosidl_typesupport_introspection_c
[1.930s] -- Using all available rosidl_typesupport_cpp: rosidl_typesupport_fastrtps_cpp;rosidl_typesupport_introspection_cpp
[2.012s] -- Found geometry_msgs: 4.2.3 (/opt/ros/humble/share/geometry_msgs/cmake)
[2.241s] -- Found nav_2d_msgs: 1.1.6 (/home/lhl/nav2_ws/install/nav_2d_msgs/share/nav_2d_msgs/cmake)
[2.416s] -- Found nav_msgs: 4.2.3 (/opt/ros/humble/share/nav_msgs/cmake)
[2.640s] -- Found rosidl_default_generators: 1.2.0 (/opt/ros/humble/share/rosidl_default_generators/cmake)
[3.780s] -- Found ament_cmake_ros: 0.10.0 (/opt/ros/humble/share/ament_cmake_ros/cmake)
[4.920s] -- Using all available rosidl_typesupport_c: rosidl_typesupport_fastrtps_c;rosidl_typesupport_introspection_c
[5.193s] -- Using all available rosidl_typesupport_cpp: rosidl_typesupport_fastrtps_cpp;rosidl_typesupport_introspection_cpp
[5.233s] -- Found PythonInterp: /usr/bin/python3 (found suitable version "3.10.6", minimum required is "3.6") 
[5.250s] -- Found python_cmake_module: 0.10.0 (/opt/ros/humble/share/python_cmake_module/cmake)
[5.306s] -- Found PythonLibs: /usr/lib/x86_64-linux-gnu/libpython3.10.so (found suitable version "3.10.6", minimum required is "3.5") 
[5.307s] -- Using PYTHON_EXECUTABLE: /usr/bin/python3
[5.308s] -- Using PYTHON_INCLUDE_DIRS: /usr/include/python3.10
[5.308s] -- Using PYTHON_LIBRARIES: /usr/lib/x86_64-linux-gnu/libpython3.10.so
[5.351s] -- Found PythonExtra: .so  
[5.771s] -- Configuring done
[5.910s] -- Generating done
[5.916s] -- Build files have been written to: /home/lhl/nav2_ws/build/dwb_msgs
[5.934s] Invoked command in '/home/lhl/nav2_ws/build/dwb_msgs' returned '0': CMAKE_PREFIX_PATH=/home/lhl/nav2_ws/install/nav_2d_msgs:/home/lhl/nav2_ws/install/sam_bot_description:/home/lhl/nav2_ws/install/nav2_system_tests:/home/lhl/nav2_ws/install/nav2_bringup:/home/lhl/nav2_ws/install/navigation2:/home/lhl/nav2_ws/install/nav2_smoother:/home/lhl/nav2_ws/install/nav2_dwb_controller:/home/lhl/nav2_ws/install/nav2_controller:/home/lhl/nav2_ws/install/dwb_plugins:/home/lhl/nav2_ws/install/dwb_critics:/home/lhl/nav2_ws/install/dwb_core:/home/lhl/nav2_ws/install/nav_2d_utils:/home/lhl/nav2_ws/install/dwb_msgs:/home/lhl/nav2_ws/install/nav2_waypoint_follower:/home/lhl/nav2_ws/install/nav2_theta_star_planner:/home/lhl/nav2_ws/install/nav2_straightline_planner:/home/lhl/nav2_ws/install/nav2_sms_behavior:/home/lhl/nav2_ws/install/nav2_smac_planner:/home/lhl/nav2_ws/install/nav2_rotation_shim_controller:/home/lhl/nav2_ws/install/nav2_regulated_pure_pursuit_controller:/home/lhl/nav2_ws/install/nav2_planner:/home/lhl/nav2_ws/install/nav2_navfn_planner:/home/lhl/nav2_ws/install/nav2_mppi_controller:/home/lhl/nav2_ws/install/nav2_gradient_costmap_plugin:/home/lhl/nav2_ws/install/nav2_constrained_smoother:/home/lhl/nav2_ws/install/nav2_bt_navigator:/home/lhl/nav2_ws/install/nav2_behaviors:/home/lhl/nav2_ws/install/nav2_core:/home/lhl/nav2_ws/install/nav2_collision_monitor:/home/lhl/nav2_ws/install/costmap_queue:/home/lhl/nav2_ws/install/nav2_costmap_2d:/home/lhl/nav2_ws/install/nav2_voxel_grid:/home/lhl/nav2_ws/install/nav2_velocity_smoother:/home/lhl/nav2_ws/install/nav2_rviz_plugins:/home/lhl/nav2_ws/install/nav2_map_server:/home/lhl/nav2_ws/install/nav2_lifecycle_manager:/home/lhl/nav2_ws/install/nav2_behavior_tree:/home/lhl/nav2_ws/install/nav2_amcl:/home/lhl/nav2_ws/install/nav2_util:/home/lhl/nav2_ws/install/nav2_msgs:/home/lhl/nav2_ws/install/nav2_costmap_filters_demo:/home/lhl/nav2_ws/install/nav2_common:/home/lhl/nav2_ws/src/install/sam_bot_description:/home/lhl/nav2_ws/src/install/nav2_system_tests:/home/lhl/nav2_ws/src/install/nav2_bringup:/home/lhl/nav2_ws/src/install/navigation2:/home/lhl/nav2_ws/src/install/nav2_smoother:/home/lhl/nav2_ws/src/install/nav2_dwb_controller:/home/lhl/nav2_ws/src/install/nav2_controller:/home/lhl/nav2_ws/src/install/dwb_plugins:/home/lhl/nav2_ws/src/install/dwb_critics:/home/lhl/nav2_ws/src/install/dwb_core:/home/lhl/nav2_ws/src/install/nav_2d_utils:/home/lhl/nav2_ws/src/install/dwb_msgs:/home/lhl/nav2_ws/src/install/nav_2d_msgs:/home/lhl/nav2_ws/src/install/nav2_waypoint_follower:/home/lhl/nav2_ws/src/install/nav2_theta_star_planner:/home/lhl/nav2_ws/src/install/nav2_smac_planner:/home/lhl/nav2_ws/src/install/nav2_rotation_shim_controller:/home/lhl/nav2_ws/src/install/nav2_regulated_pure_pursuit_controller:/home/lhl/nav2_ws/src/install/nav2_planner:/home/lhl/nav2_ws/src/install/nav2_navfn_planner:/home/lhl/nav2_ws/src/install/nav2_mppi_controller:/home/lhl/nav2_ws/src/install/nav2_constrained_smoother:/home/lhl/nav2_ws/src/install/nav2_bt_navigator:/home/lhl/nav2_ws/src/install/nav2_behaviors:/home/lhl/nav2_ws/src/install/nav2_core:/home/lhl/nav2_ws/src/install/nav2_collision_monitor:/home/lhl/nav2_ws/src/install/costmap_queue:/home/lhl/nav2_ws/src/install/nav2_costmap_2d:/home/lhl/nav2_ws/src/install/nav2_voxel_grid:/home/lhl/nav2_ws/src/install/nav2_velocity_smoother:/home/lhl/nav2_ws/src/install/nav2_rviz_plugins:/home/lhl/nav2_ws/src/install/nav2_map_server:/home/lhl/nav2_ws/src/install/nav2_lifecycle_manager:/home/lhl/nav2_ws/src/install/nav2_behavior_tree:/home/lhl/nav2_ws/src/install/nav2_amcl:/home/lhl/nav2_ws/src/install/nav2_util:/home/lhl/nav2_ws/src/install/nav2_msgs:/home/lhl/nav2_ws/src/install/nav2_common:/home/lhl/nav2_ws/install/nav2_simple_commander:/home/lhl/nav2_ws/src/install/nav2_simple_commander:/opt/ros/humble LD_LIBRARY_PATH=/home/lhl/nav2_ws/install/nav_2d_msgs/lib:/home/lhl/nav2_ws/install/nav2_smoother/lib:/home/lhl/nav2_ws/install/nav2_controller/lib:/home/lhl/nav2_ws/install/dwb_plugins/lib:/home/lhl/nav2_ws/install/dwb_critics/lib:/home/lhl/nav2_ws/install/dwb_core/lib:/home/lhl/nav2_ws/install/nav_2d_utils/lib:/home/lhl/nav2_ws/install/dwb_msgs/lib:/home/lhl/nav2_ws/install/nav2_waypoint_follower/lib:/home/lhl/nav2_ws/install/nav2_theta_star_planner/lib:/home/lhl/nav2_ws/install/nav2_straightline_planner/lib:/home/lhl/nav2_ws/install/nav2_sms_behavior/lib:/home/lhl/nav2_ws/install/nav2_smac_planner/lib:/home/lhl/nav2_ws/install/nav2_rotation_shim_controller/lib:/home/lhl/nav2_ws/install/nav2_regulated_pure_pursuit_controller/lib:/home/lhl/nav2_ws/install/nav2_planner/lib:/home/lhl/nav2_ws/install/nav2_navfn_planner/lib:/home/lhl/nav2_ws/install/nav2_mppi_controller/lib:/home/lhl/nav2_ws/install/nav2_gradient_costmap_plugin/lib:/home/lhl/nav2_ws/install/nav2_constrained_smoother/lib:/home/lhl/nav2_ws/install/nav2_bt_navigator/lib:/home/lhl/nav2_ws/install/nav2_behaviors/lib:/home/lhl/nav2_ws/install/nav2_collision_monitor/lib:/home/lhl/nav2_ws/install/costmap_queue/lib:/home/lhl/nav2_ws/install/nav2_costmap_2d/lib:/home/lhl/nav2_ws/install/nav2_voxel_grid/lib:/home/lhl/nav2_ws/install/nav2_velocity_smoother/lib:/home/lhl/nav2_ws/install/nav2_rviz_plugins/lib:/home/lhl/nav2_ws/install/nav2_map_server/lib:/home/lhl/nav2_ws/install/nav2_lifecycle_manager/lib:/home/lhl/nav2_ws/install/nav2_behavior_tree/lib:/home/lhl/nav2_ws/install/nav2_amcl/lib:/home/lhl/nav2_ws/install/nav2_util/lib:/home/lhl/nav2_ws/install/nav2_msgs/lib:/home/lhl/nav2_ws/src/install/nav2_smoother/lib:/home/lhl/nav2_ws/src/install/nav2_controller/lib:/home/lhl/nav2_ws/src/install/dwb_plugins/lib:/home/lhl/nav2_ws/src/install/dwb_critics/lib:/home/lhl/nav2_ws/src/install/dwb_core/lib:/home/lhl/nav2_ws/src/install/nav_2d_utils/lib:/home/lhl/nav2_ws/src/install/dwb_msgs/lib:/home/lhl/nav2_ws/src/install/nav_2d_msgs/lib:/home/lhl/nav2_ws/src/install/nav2_waypoint_follower/lib:/home/lhl/nav2_ws/src/install/nav2_theta_star_planner/lib:/home/lhl/nav2_ws/src/install/nav2_smac_planner/lib:/home/lhl/nav2_ws/src/install/nav2_rotation_shim_controller/lib:/home/lhl/nav2_ws/src/install/nav2_regulated_pure_pursuit_controller/lib:/home/lhl/nav2_ws/src/install/nav2_planner/lib:/home/lhl/nav2_ws/src/install/nav2_navfn_planner/lib:/home/lhl/nav2_ws/src/install/nav2_mppi_controller/lib:/home/lhl/nav2_ws/src/install/nav2_constrained_smoother/lib:/home/lhl/nav2_ws/src/install/nav2_bt_navigator/lib:/home/lhl/nav2_ws/src/install/nav2_behaviors/lib:/home/lhl/nav2_ws/src/install/nav2_collision_monitor/lib:/home/lhl/nav2_ws/src/install/costmap_queue/lib:/home/lhl/nav2_ws/src/install/nav2_costmap_2d/lib:/home/lhl/nav2_ws/src/install/nav2_voxel_grid/lib:/home/lhl/nav2_ws/src/install/nav2_velocity_smoother/lib:/home/lhl/nav2_ws/src/install/nav2_rviz_plugins/lib:/home/lhl/nav2_ws/src/install/nav2_map_server/lib:/home/lhl/nav2_ws/src/install/nav2_lifecycle_manager/lib:/home/lhl/nav2_ws/src/install/nav2_behavior_tree/lib:/home/lhl/nav2_ws/src/install/nav2_amcl/lib:/home/lhl/nav2_ws/src/install/nav2_util/lib:/home/lhl/nav2_ws/src/install/nav2_msgs/lib:/usr/lib/x86_64-linux-gnu/gazebo-11/plugins:/opt/ros/humble/opt/rviz_ogre_vendor/lib:/opt/ros/humble/lib/x86_64-linux-gnu:/opt/ros/humble/lib /usr/bin/cmake /home/lhl/nav2_ws/src/navigation2/nav2_dwb_controller/dwb_msgs -DCMAKE_INSTALL_PREFIX=/home/lhl/nav2_ws/install/dwb_msgs
[5.935s] Invoking command in '/home/lhl/nav2_ws/build/dwb_msgs': CMAKE_PREFIX_PATH=/home/lhl/nav2_ws/install/nav_2d_msgs:/home/lhl/nav2_ws/install/sam_bot_description:/home/lhl/nav2_ws/install/nav2_system_tests:/home/lhl/nav2_ws/install/nav2_bringup:/home/lhl/nav2_ws/install/navigation2:/home/lhl/nav2_ws/install/nav2_smoother:/home/lhl/nav2_ws/install/nav2_dwb_controller:/home/lhl/nav2_ws/install/nav2_controller:/home/lhl/nav2_ws/install/dwb_plugins:/home/lhl/nav2_ws/install/dwb_critics:/home/lhl/nav2_ws/install/dwb_core:/home/lhl/nav2_ws/install/nav_2d_utils:/home/lhl/nav2_ws/install/dwb_msgs:/home/lhl/nav2_ws/install/nav2_waypoint_follower:/home/lhl/nav2_ws/install/nav2_theta_star_planner:/home/lhl/nav2_ws/install/nav2_straightline_planner:/home/lhl/nav2_ws/install/nav2_sms_behavior:/home/lhl/nav2_ws/install/nav2_smac_planner:/home/lhl/nav2_ws/install/nav2_rotation_shim_controller:/home/lhl/nav2_ws/install/nav2_regulated_pure_pursuit_controller:/home/lhl/nav2_ws/install/nav2_planner:/home/lhl/nav2_ws/install/nav2_navfn_planner:/home/lhl/nav2_ws/install/nav2_mppi_controller:/home/lhl/nav2_ws/install/nav2_gradient_costmap_plugin:/home/lhl/nav2_ws/install/nav2_constrained_smoother:/home/lhl/nav2_ws/install/nav2_bt_navigator:/home/lhl/nav2_ws/install/nav2_behaviors:/home/lhl/nav2_ws/install/nav2_core:/home/lhl/nav2_ws/install/nav2_collision_monitor:/home/lhl/nav2_ws/install/costmap_queue:/home/lhl/nav2_ws/install/nav2_costmap_2d:/home/lhl/nav2_ws/install/nav2_voxel_grid:/home/lhl/nav2_ws/install/nav2_velocity_smoother:/home/lhl/nav2_ws/install/nav2_rviz_plugins:/home/lhl/nav2_ws/install/nav2_map_server:/home/lhl/nav2_ws/install/nav2_lifecycle_manager:/home/lhl/nav2_ws/install/nav2_behavior_tree:/home/lhl/nav2_ws/install/nav2_amcl:/home/lhl/nav2_ws/install/nav2_util:/home/lhl/nav2_ws/install/nav2_msgs:/home/lhl/nav2_ws/install/nav2_costmap_filters_demo:/home/lhl/nav2_ws/install/nav2_common:/home/lhl/nav2_ws/src/install/sam_bot_description:/home/lhl/nav2_ws/src/install/nav2_system_tests:/home/lhl/nav2_ws/src/install/nav2_bringup:/home/lhl/nav2_ws/src/install/navigation2:/home/lhl/nav2_ws/src/install/nav2_smoother:/home/lhl/nav2_ws/src/install/nav2_dwb_controller:/home/lhl/nav2_ws/src/install/nav2_controller:/home/lhl/nav2_ws/src/install/dwb_plugins:/home/lhl/nav2_ws/src/install/dwb_critics:/home/lhl/nav2_ws/src/install/dwb_core:/home/lhl/nav2_ws/src/install/nav_2d_utils:/home/lhl/nav2_ws/src/install/dwb_msgs:/home/lhl/nav2_ws/src/install/nav_2d_msgs:/home/lhl/nav2_ws/src/install/nav2_waypoint_follower:/home/lhl/nav2_ws/src/install/nav2_theta_star_planner:/home/lhl/nav2_ws/src/install/nav2_smac_planner:/home/lhl/nav2_ws/src/install/nav2_rotation_shim_controller:/home/lhl/nav2_ws/src/install/nav2_regulated_pure_pursuit_controller:/home/lhl/nav2_ws/src/install/nav2_planner:/home/lhl/nav2_ws/src/install/nav2_navfn_planner:/home/lhl/nav2_ws/src/install/nav2_mppi_controller:/home/lhl/nav2_ws/src/install/nav2_constrained_smoother:/home/lhl/nav2_ws/src/install/nav2_bt_navigator:/home/lhl/nav2_ws/src/install/nav2_behaviors:/home/lhl/nav2_ws/src/install/nav2_core:/home/lhl/nav2_ws/src/install/nav2_collision_monitor:/home/lhl/nav2_ws/src/install/costmap_queue:/home/lhl/nav2_ws/src/install/nav2_costmap_2d:/home/lhl/nav2_ws/src/install/nav2_voxel_grid:/home/lhl/nav2_ws/src/install/nav2_velocity_smoother:/home/lhl/nav2_ws/src/install/nav2_rviz_plugins:/home/lhl/nav2_ws/src/install/nav2_map_server:/home/lhl/nav2_ws/src/install/nav2_lifecycle_manager:/home/lhl/nav2_ws/src/install/nav2_behavior_tree:/home/lhl/nav2_ws/src/install/nav2_amcl:/home/lhl/nav2_ws/src/install/nav2_util:/home/lhl/nav2_ws/src/install/nav2_msgs:/home/lhl/nav2_ws/src/install/nav2_common:/home/lhl/nav2_ws/install/nav2_simple_commander:/home/lhl/nav2_ws/src/install/nav2_simple_commander:/opt/ros/humble LD_LIBRARY_PATH=/home/lhl/nav2_ws/install/nav_2d_msgs/lib:/home/lhl/nav2_ws/install/nav2_smoother/lib:/home/lhl/nav2_ws/install/nav2_controller/lib:/home/lhl/nav2_ws/install/dwb_plugins/lib:/home/lhl/nav2_ws/install/dwb_critics/lib:/home/lhl/nav2_ws/install/dwb_core/lib:/home/lhl/nav2_ws/install/nav_2d_utils/lib:/home/lhl/nav2_ws/install/dwb_msgs/lib:/home/lhl/nav2_ws/install/nav2_waypoint_follower/lib:/home/lhl/nav2_ws/install/nav2_theta_star_planner/lib:/home/lhl/nav2_ws/install/nav2_straightline_planner/lib:/home/lhl/nav2_ws/install/nav2_sms_behavior/lib:/home/lhl/nav2_ws/install/nav2_smac_planner/lib:/home/lhl/nav2_ws/install/nav2_rotation_shim_controller/lib:/home/lhl/nav2_ws/install/nav2_regulated_pure_pursuit_controller/lib:/home/lhl/nav2_ws/install/nav2_planner/lib:/home/lhl/nav2_ws/install/nav2_navfn_planner/lib:/home/lhl/nav2_ws/install/nav2_mppi_controller/lib:/home/lhl/nav2_ws/install/nav2_gradient_costmap_plugin/lib:/home/lhl/nav2_ws/install/nav2_constrained_smoother/lib:/home/lhl/nav2_ws/install/nav2_bt_navigator/lib:/home/lhl/nav2_ws/install/nav2_behaviors/lib:/home/lhl/nav2_ws/install/nav2_collision_monitor/lib:/home/lhl/nav2_ws/install/costmap_queue/lib:/home/lhl/nav2_ws/install/nav2_costmap_2d/lib:/home/lhl/nav2_ws/install/nav2_voxel_grid/lib:/home/lhl/nav2_ws/install/nav2_velocity_smoother/lib:/home/lhl/nav2_ws/install/nav2_rviz_plugins/lib:/home/lhl/nav2_ws/install/nav2_map_server/lib:/home/lhl/nav2_ws/install/nav2_lifecycle_manager/lib:/home/lhl/nav2_ws/install/nav2_behavior_tree/lib:/home/lhl/nav2_ws/install/nav2_amcl/lib:/home/lhl/nav2_ws/install/nav2_util/lib:/home/lhl/nav2_ws/install/nav2_msgs/lib:/home/lhl/nav2_ws/src/install/nav2_smoother/lib:/home/lhl/nav2_ws/src/install/nav2_controller/lib:/home/lhl/nav2_ws/src/install/dwb_plugins/lib:/home/lhl/nav2_ws/src/install/dwb_critics/lib:/home/lhl/nav2_ws/src/install/dwb_core/lib:/home/lhl/nav2_ws/src/install/nav_2d_utils/lib:/home/lhl/nav2_ws/src/install/dwb_msgs/lib:/home/lhl/nav2_ws/src/install/nav_2d_msgs/lib:/home/lhl/nav2_ws/src/install/nav2_waypoint_follower/lib:/home/lhl/nav2_ws/src/install/nav2_theta_star_planner/lib:/home/lhl/nav2_ws/src/install/nav2_smac_planner/lib:/home/lhl/nav2_ws/src/install/nav2_rotation_shim_controller/lib:/home/lhl/nav2_ws/src/install/nav2_regulated_pure_pursuit_controller/lib:/home/lhl/nav2_ws/src/install/nav2_planner/lib:/home/lhl/nav2_ws/src/install/nav2_navfn_planner/lib:/home/lhl/nav2_ws/src/install/nav2_mppi_controller/lib:/home/lhl/nav2_ws/src/install/nav2_constrained_smoother/lib:/home/lhl/nav2_ws/src/install/nav2_bt_navigator/lib:/home/lhl/nav2_ws/src/install/nav2_behaviors/lib:/home/lhl/nav2_ws/src/install/nav2_collision_monitor/lib:/home/lhl/nav2_ws/src/install/costmap_queue/lib:/home/lhl/nav2_ws/src/install/nav2_costmap_2d/lib:/home/lhl/nav2_ws/src/install/nav2_voxel_grid/lib:/home/lhl/nav2_ws/src/install/nav2_velocity_smoother/lib:/home/lhl/nav2_ws/src/install/nav2_rviz_plugins/lib:/home/lhl/nav2_ws/src/install/nav2_map_server/lib:/home/lhl/nav2_ws/src/install/nav2_lifecycle_manager/lib:/home/lhl/nav2_ws/src/install/nav2_behavior_tree/lib:/home/lhl/nav2_ws/src/install/nav2_amcl/lib:/home/lhl/nav2_ws/src/install/nav2_util/lib:/home/lhl/nav2_ws/src/install/nav2_msgs/lib:/usr/lib/x86_64-linux-gnu/gazebo-11/plugins:/opt/ros/humble/opt/rviz_ogre_vendor/lib:/opt/ros/humble/lib/x86_64-linux-gnu:/opt/ros/humble/lib /usr/bin/cmake --build /home/lhl/nav2_ws/build/dwb_msgs -- -j8 -l8
[6.103s] [  1%] [34m[1mGenerating C code for ROS interfaces[0m
[6.105s] [  2%] [34m[1mGenerating C++ code for ROS interfaces[0m
[6.247s] [  2%] Built target ament_cmake_python_copy_dwb_msgs
[7.071s] running egg_info
[7.095s] creating dwb_msgs.egg-info
[7.096s] writing dwb_msgs.egg-info/PKG-INFO
[7.096s] writing dependency_links to dwb_msgs.egg-info/dependency_links.txt
[7.096s] writing top-level names to dwb_msgs.egg-info/top_level.txt
[7.097s] writing manifest file 'dwb_msgs.egg-info/SOURCES.txt'
[7.100s] reading manifest file 'dwb_msgs.egg-info/SOURCES.txt'
[7.100s] writing manifest file 'dwb_msgs.egg-info/SOURCES.txt'
[7.232s] [  2%] Built target ament_cmake_python_build_dwb_msgs_egg
[8.871s] [  2%] Built target dwb_msgs__cpp
[8.942s] [  3%] [34m[1mGenerating C++ type support dispatch for ROS interfaces[0m
[8.983s] [  4%] [34m[1mGenerating C++ introspection for ROS interfaces[0m
[8.983s] [  5%] [34m[1mGenerating C++ type support for eProsima Fast-RTPS[0m
[9.915s] [  6%] [32mBuilding C object CMakeFiles/dwb_msgs__rosidl_generator_c.dir/rosidl_generator_c/dwb_msgs/msg/detail/critic_score__functions.c.o[0m
[9.930s] [  7%] [32mBuilding C object CMakeFiles/dwb_msgs__rosidl_generator_c.dir/rosidl_generator_c/dwb_msgs/msg/detail/local_plan_evaluation__functions.c.o[0m
[9.958s] [  8%] [32mBuilding C object CMakeFiles/dwb_msgs__rosidl_generator_c.dir/rosidl_generator_c/dwb_msgs/msg/detail/trajectory2_d__functions.c.o[0m
[9.970s] [  9%] [32mBuilding C object CMakeFiles/dwb_msgs__rosidl_generator_c.dir/rosidl_generator_c/dwb_msgs/msg/detail/trajectory_score__functions.c.o[0m
[9.982s] [ 10%] [32mBuilding C object CMakeFiles/dwb_msgs__rosidl_generator_c.dir/rosidl_generator_c/dwb_msgs/srv/detail/debug_local_plan__functions.c.o[0m
[10.188s] [ 11%] [32mBuilding C object CMakeFiles/dwb_msgs__rosidl_generator_c.dir/rosidl_generator_c/dwb_msgs/srv/detail/generate_trajectory__functions.c.o[0m
[10.247s] [ 12%] [32mBuilding C object CMakeFiles/dwb_msgs__rosidl_generator_c.dir/rosidl_generator_c/dwb_msgs/srv/detail/generate_twists__functions.c.o[0m
[10.277s] [ 13%] [32mBuilding C object CMakeFiles/dwb_msgs__rosidl_generator_c.dir/rosidl_generator_c/dwb_msgs/srv/detail/get_critic_score__functions.c.o[0m
[10.359s] [ 14%] [32mBuilding C object CMakeFiles/dwb_msgs__rosidl_generator_c.dir/rosidl_generator_c/dwb_msgs/srv/detail/score_trajectory__functions.c.o[0m
[10.690s] [ 15%] [32m[1mLinking C shared library libdwb_msgs__rosidl_generator_c.so[0m
[11.039s] [ 15%] Built target dwb_msgs__rosidl_generator_c
[11.124s] [ 16%] [34m[1mGenerating C type support for eProsima Fast-RTPS[0m
[11.148s] [ 17%] [34m[1mGenerating C introspection for ROS interfaces[0m
[11.203s] [ 18%] [34m[1mGenerating C type support dispatch for ROS interfaces[0m
[11.515s] [ 20%] [32mBuilding CXX object CMakeFiles/dwb_msgs__rosidl_typesupport_cpp.dir/rosidl_typesupport_cpp/dwb_msgs/msg/critic_score__type_support.cpp.o[0m
[11.547s] [ 21%] [32mBuilding CXX object CMakeFiles/dwb_msgs__rosidl_typesupport_cpp.dir/rosidl_typesupport_cpp/dwb_msgs/msg/local_plan_evaluation__type_support.cpp.o[0m
[11.587s] [ 22%] [32mBuilding CXX object CMakeFiles/dwb_msgs__rosidl_typesupport_cpp.dir/rosidl_typesupport_cpp/dwb_msgs/msg/trajectory2_d__type_support.cpp.o[0m
[12.425s] [ 23%] [32mBuilding CXX object CMakeFiles/dwb_msgs__rosidl_typesupport_fastrtps_cpp.dir/rosidl_typesupport_fastrtps_cpp/dwb_msgs/msg/detail/dds_fastrtps/critic_score__type_support.cpp.o[0m
[12.893s] [ 24%] [32mBuilding CXX object CMakeFiles/dwb_msgs__rosidl_typesupport_cpp.dir/rosidl_typesupport_cpp/dwb_msgs/msg/trajectory_score__type_support.cpp.o[0m
[13.413s] [ 25%] [32mBuilding CXX object CMakeFiles/dwb_msgs__rosidl_typesupport_cpp.dir/rosidl_typesupport_cpp/dwb_msgs/srv/debug_local_plan__type_support.cpp.o[0m
[13.633s] [ 26%] [32mBuilding CXX object CMakeFiles/dwb_msgs__rosidl_typesupport_cpp.dir/rosidl_typesupport_cpp/dwb_msgs/srv/generate_trajectory__type_support.cpp.o[0m
[13.937s] [ 27%] [32mBuilding CXX object CMakeFiles/dwb_msgs__rosidl_typesupport_introspection_cpp.dir/rosidl_typesupport_introspection_cpp/dwb_msgs/msg/detail/critic_score__type_support.cpp.o[0m
[14.040s] [ 28%] [32mBuilding CXX object CMakeFiles/dwb_msgs__rosidl_typesupport_fastrtps_cpp.dir/rosidl_typesupport_fastrtps_cpp/dwb_msgs/msg/detail/dds_fastrtps/local_plan_evaluation__type_support.cpp.o[0m
[14.183s] [ 29%] [32mBuilding CXX object CMakeFiles/dwb_msgs__rosidl_typesupport_cpp.dir/rosidl_typesupport_cpp/dwb_msgs/srv/generate_twists__type_support.cpp.o[0m
[14.663s] [ 30%] [32mBuilding CXX object CMakeFiles/dwb_msgs__rosidl_typesupport_cpp.dir/rosidl_typesupport_cpp/dwb_msgs/srv/get_critic_score__type_support.cpp.o[0m
[15.092s] [ 31%] [32mBuilding CXX object CMakeFiles/dwb_msgs__rosidl_typesupport_introspection_cpp.dir/rosidl_typesupport_introspection_cpp/dwb_msgs/msg/detail/local_plan_evaluation__type_support.cpp.o[0m
[15.291s] [ 32%] [32mBuilding CXX object CMakeFiles/dwb_msgs__rosidl_typesupport_c.dir/rosidl_typesupport_c/dwb_msgs/msg/critic_score__type_support.cpp.o[0m
[15.438s] [ 33%] [32mBuilding CXX object CMakeFiles/dwb_msgs__rosidl_typesupport_fastrtps_cpp.dir/rosidl_typesupport_fastrtps_cpp/dwb_msgs/msg/detail/dds_fastrtps/trajectory2_d__type_support.cpp.o[0m
[15.467s] [ 34%] [32mBuilding CXX object CMakeFiles/dwb_msgs__rosidl_typesupport_c.dir/rosidl_typesupport_c/dwb_msgs/msg/local_plan_evaluation__type_support.cpp.o[0m
[15.625s] [ 35%] [32mBuilding CXX object CMakeFiles/dwb_msgs__rosidl_typesupport_c.dir/rosidl_typesupport_c/dwb_msgs/msg/trajectory2_d__type_support.cpp.o[0m
[15.675s] [ 36%] [32mBuilding CXX object CMakeFiles/dwb_msgs__rosidl_typesupport_c.dir/rosidl_typesupport_c/dwb_msgs/msg/trajectory_score__type_support.cpp.o[0m
[15.739s] [ 37%] [32mBuilding CXX object CMakeFiles/dwb_msgs__rosidl_typesupport_cpp.dir/rosidl_typesupport_cpp/dwb_msgs/srv/score_trajectory__type_support.cpp.o[0m
[15.784s] [ 38%] [32mBuilding CXX object CMakeFiles/dwb_msgs__rosidl_typesupport_fastrtps_cpp.dir/rosidl_typesupport_fastrtps_cpp/dwb_msgs/msg/detail/dds_fastrtps/trajectory_score__type_support.cpp.o[0m
[15.846s] [ 40%] [32mBuilding CXX object CMakeFiles/dwb_msgs__rosidl_typesupport_c.dir/rosidl_typesupport_c/dwb_msgs/srv/debug_local_plan__type_support.cpp.o[0m
[15.874s] [ 41%] [32mBuilding C object CMakeFiles/dwb_msgs__rosidl_typesupport_introspection_c.dir/rosidl_typesupport_introspection_c/dwb_msgs/msg/detail/critic_score__type_support.c.o[0m
[15.992s] [ 42%] [32mBuilding CXX object CMakeFiles/dwb_msgs__rosidl_typesupport_fastrtps_cpp.dir/rosidl_typesupport_fastrtps_cpp/dwb_msgs/srv/detail/dds_fastrtps/debug_local_plan__type_support.cpp.o[0m
[16.086s] [ 43%] [32mBuilding CXX object CMakeFiles/dwb_msgs__rosidl_typesupport_c.dir/rosidl_typesupport_c/dwb_msgs/srv/generate_trajectory__type_support.cpp.o[0m
[16.118s] [ 44%] [32mBuilding C object CMakeFiles/dwb_msgs__rosidl_typesupport_introspection_c.dir/rosidl_typesupport_introspection_c/dwb_msgs/msg/detail/local_plan_evaluation__type_support.c.o[0m
[16.323s] [ 45%] [32mBuilding CXX object CMakeFiles/dwb_msgs__rosidl_typesupport_c.dir/rosidl_typesupport_c/dwb_msgs/srv/generate_twists__type_support.cpp.o[0m
[16.376s] [ 46%] [32mBuilding C object CMakeFiles/dwb_msgs__rosidl_typesupport_introspection_c.dir/rosidl_typesupport_introspection_c/dwb_msgs/msg/detail/trajectory2_d__type_support.c.o[0m
[16.561s] [ 47%] [32mBuilding CXX object CMakeFiles/dwb_msgs__rosidl_typesupport_c.dir/rosidl_typesupport_c/dwb_msgs/srv/get_critic_score__type_support.cpp.o[0m
[16.723s] [ 48%] [32mBuilding C object CMakeFiles/dwb_msgs__rosidl_typesupport_introspection_c.dir/rosidl_typesupport_introspection_c/dwb_msgs/msg/detail/trajectory_score__type_support.c.o[0m
[16.756s] [ 49%] [32mBuilding CXX object CMakeFiles/dwb_msgs__rosidl_typesupport_c.dir/rosidl_typesupport_c/dwb_msgs/srv/score_trajectory__type_support.cpp.o[0m
[16.971s] [ 50%] [32mBuilding C object CMakeFiles/dwb_msgs__rosidl_typesupport_introspection_c.dir/rosidl_typesupport_introspection_c/dwb_msgs/srv/detail/debug_local_plan__type_support.c.o[0m
[16.986s] [ 51%] [32m[1mLinking CXX shared library libdwb_msgs__rosidl_typesupport_c.so[0m
[17.067s] [ 52%] [32mBuilding CXX object CMakeFiles/dwb_msgs__rosidl_typesupport_introspection_cpp.dir/rosidl_typesupport_introspection_cpp/dwb_msgs/msg/detail/trajectory2_d__type_support.cpp.o[0m
[17.116s] [ 53%] [32m[1mLinking CXX shared library libdwb_msgs__rosidl_typesupport_cpp.so[0m
[17.240s] [ 54%] [32mBuilding C object CMakeFiles/dwb_msgs__rosidl_typesupport_introspection_c.dir/rosidl_typesupport_introspection_c/dwb_msgs/srv/detail/generate_trajectory__type_support.c.o[0m
[17.252s] [ 54%] Built target dwb_msgs__rosidl_typesupport_c
[17.341s] [ 55%] [32mBuilding CXX object CMakeFiles/dwb_msgs__rosidl_typesupport_introspection_cpp.dir/rosidl_typesupport_introspection_cpp/dwb_msgs/msg/detail/trajectory_score__type_support.cpp.o[0m
[17.412s] [ 55%] Built target dwb_msgs__rosidl_typesupport_cpp
[17.479s] [ 56%] [32mBuilding CXX object CMakeFiles/dwb_msgs__rosidl_typesupport_fastrtps_cpp.dir/rosidl_typesupport_fastrtps_cpp/dwb_msgs/srv/detail/dds_fastrtps/generate_trajectory__type_support.cpp.o[0m
[17.502s] [ 57%] [32mBuilding C object CMakeFiles/dwb_msgs__rosidl_typesupport_introspection_c.dir/rosidl_typesupport_introspection_c/dwb_msgs/srv/detail/generate_twists__type_support.c.o[0m
[17.530s] [ 58%] [32mBuilding CXX object CMakeFiles/dwb_msgs__rosidl_typesupport_introspection_cpp.dir/rosidl_typesupport_introspection_cpp/dwb_msgs/srv/detail/debug_local_plan__type_support.cpp.o[0m
[17.622s] [ 60%] [32mBuilding CXX object CMakeFiles/dwb_msgs__rosidl_typesupport_fastrtps_c.dir/rosidl_typesupport_fastrtps_c/dwb_msgs/msg/detail/critic_score__type_support_c.cpp.o[0m
[17.759s] [ 61%] [32mBuilding C object CMakeFiles/dwb_msgs__rosidl_typesupport_introspection_c.dir/rosidl_typesupport_introspection_c/dwb_msgs/srv/detail/get_critic_score__type_support.c.o[0m
[17.864s] [ 62%] [32mBuilding CXX object CMakeFiles/dwb_msgs__rosidl_typesupport_fastrtps_c.dir/rosidl_typesupport_fastrtps_c/dwb_msgs/msg/detail/local_plan_evaluation__type_support_c.cpp.o[0m
[18.083s] [ 63%] [32mBuilding C object CMakeFiles/dwb_msgs__rosidl_typesupport_introspection_c.dir/rosidl_typesupport_introspection_c/dwb_msgs/srv/detail/score_trajectory__type_support.c.o[0m
[18.231s] [ 64%] [32mBuilding CXX object CMakeFiles/dwb_msgs__rosidl_typesupport_fastrtps_cpp.dir/rosidl_typesupport_fastrtps_cpp/dwb_msgs/srv/detail/dds_fastrtps/generate_twists__type_support.cpp.o[0m
[18.364s] [ 65%] [32m[1mLinking C shared library libdwb_msgs__rosidl_typesupport_introspection_c.so[0m
[18.642s] [ 65%] Built target dwb_msgs__rosidl_typesupport_introspection_c
[18.699s] [ 66%] [32mBuilding CXX object CMakeFiles/dwb_msgs__rosidl_typesupport_fastrtps_cpp.dir/rosidl_typesupport_fastrtps_cpp/dwb_msgs/srv/detail/dds_fastrtps/get_critic_score__type_support.cpp.o[0m
[18.725s] [ 67%] [32mBuilding CXX object CMakeFiles/dwb_msgs__rosidl_typesupport_fastrtps_cpp.dir/rosidl_typesupport_fastrtps_cpp/dwb_msgs/srv/detail/dds_fastrtps/score_trajectory__type_support.cpp.o[0m
[18.954s] [ 68%] [32mBuilding CXX object CMakeFiles/dwb_msgs__rosidl_typesupport_introspection_cpp.dir/rosidl_typesupport_introspection_cpp/dwb_msgs/srv/detail/generate_trajectory__type_support.cpp.o[0m
[19.110s] [ 69%] [32mBuilding CXX object CMakeFiles/dwb_msgs__rosidl_typesupport_fastrtps_c.dir/rosidl_typesupport_fastrtps_c/dwb_msgs/msg/detail/trajectory2_d__type_support_c.cpp.o[0m
[19.422s] [ 70%] [32mBuilding CXX object CMakeFiles/dwb_msgs__rosidl_typesupport_fastrtps_c.dir/rosidl_typesupport_fastrtps_c/dwb_msgs/msg/detail/trajectory_score__type_support_c.cpp.o[0m
[19.814s] [ 71%] [32mBuilding CXX object CMakeFiles/dwb_msgs__rosidl_typesupport_fastrtps_c.dir/rosidl_typesupport_fastrtps_c/dwb_msgs/srv/detail/debug_local_plan__type_support_c.cpp.o[0m
[19.878s] [ 72%] [32mBuilding CXX object CMakeFiles/dwb_msgs__rosidl_typesupport_introspection_cpp.dir/rosidl_typesupport_introspection_cpp/dwb_msgs/srv/detail/generate_twists__type_support.cpp.o[0m
[19.891s] [ 73%] [32mBuilding CXX object CMakeFiles/dwb_msgs__rosidl_typesupport_fastrtps_c.dir/rosidl_typesupport_fastrtps_c/dwb_msgs/srv/detail/generate_trajectory__type_support_c.cpp.o[0m
[19.919s] [ 74%] [32mBuilding CXX object CMakeFiles/dwb_msgs__rosidl_typesupport_fastrtps_c.dir/rosidl_typesupport_fastrtps_c/dwb_msgs/srv/detail/generate_twists__type_support_c.cpp.o[0m
[20.182s] [ 75%] [32mBuilding CXX object CMakeFiles/dwb_msgs__rosidl_typesupport_fastrtps_c.dir/rosidl_typesupport_fastrtps_c/dwb_msgs/srv/detail/get_critic_score__type_support_c.cpp.o[0m
[20.228s] [ 76%] [32mBuilding CXX object CMakeFiles/dwb_msgs__rosidl_typesupport_introspection_cpp.dir/rosidl_typesupport_introspection_cpp/dwb_msgs/srv/detail/get_critic_score__type_support.cpp.o[0m
[20.303s] [ 77%] [32m[1mLinking CXX shared library libdwb_msgs__rosidl_typesupport_fastrtps_cpp.so[0m
[20.728s] [ 77%] Built target dwb_msgs__rosidl_typesupport_fastrtps_cpp
[20.798s] [ 78%] [32mBuilding CXX object CMakeFiles/dwb_msgs__rosidl_typesupport_fastrtps_c.dir/rosidl_typesupport_fastrtps_c/dwb_msgs/srv/detail/score_trajectory__type_support_c.cpp.o[0m
[20.811s] [ 80%] [32mBuilding CXX object CMakeFiles/dwb_msgs__rosidl_typesupport_introspection_cpp.dir/rosidl_typesupport_introspection_cpp/dwb_msgs/srv/detail/score_trajectory__type_support.cpp.o[0m
[21.741s] [ 81%] [32m[1mLinking CXX shared library libdwb_msgs__rosidl_typesupport_fastrtps_c.so[0m
[21.951s] [ 82%] [32m[1mLinking CXX shared library libdwb_msgs__rosidl_typesupport_introspection_cpp.so[0m
[22.072s] [ 82%] Built target dwb_msgs__rosidl_typesupport_fastrtps_c
[22.206s] [ 82%] Built target dwb_msgs__rosidl_typesupport_introspection_cpp
[22.347s] [ 82%] Built target dwb_msgs
[22.455s] [ 83%] [34m[1mGenerating Python code for ROS interfaces[0m
[26.764s] [ 83%] Built target dwb_msgs__py
[26.910s] [ 84%] [32mBuilding C object CMakeFiles/dwb_msgs__rosidl_generator_py.dir/rosidl_generator_py/dwb_msgs/msg/_critic_score_s.c.o[0m
[26.915s] [ 85%] [32mBuilding C object CMakeFiles/dwb_msgs__rosidl_generator_py.dir/rosidl_generator_py/dwb_msgs/msg/_local_plan_evaluation_s.c.o[0m
[26.924s] [ 86%] [32mBuilding C object CMakeFiles/dwb_msgs__rosidl_generator_py.dir/rosidl_generator_py/dwb_msgs/msg/_trajectory2_d_s.c.o[0m
[26.956s] [ 87%] [32mBuilding C object CMakeFiles/dwb_msgs__rosidl_generator_py.dir/rosidl_generator_py/dwb_msgs/srv/_debug_local_plan_s.c.o[0m
[26.956s] [ 88%] [32mBuilding C object CMakeFiles/dwb_msgs__rosidl_generator_py.dir/rosidl_generator_py/dwb_msgs/msg/_trajectory_score_s.c.o[0m
[27.243s] [ 89%] [32mBuilding C object CMakeFiles/dwb_msgs__rosidl_generator_py.dir/rosidl_generator_py/dwb_msgs/srv/_get_critic_score_s.c.o[0m
[27.319s] [ 90%] [32mBuilding C object CMakeFiles/dwb_msgs__rosidl_generator_py.dir/rosidl_generator_py/dwb_msgs/srv/_score_trajectory_s.c.o[0m
[27.339s] [ 91%] [32mBuilding C object CMakeFiles/dwb_msgs__rosidl_generator_py.dir/rosidl_generator_py/dwb_msgs/srv/_generate_twists_s.c.o[0m
[27.360s] [ 92%] [32mBuilding C object CMakeFiles/dwb_msgs__rosidl_generator_py.dir/rosidl_generator_py/dwb_msgs/srv/_generate_trajectory_s.c.o[0m
[27.752s] [ 93%] [32m[1mLinking C shared library rosidl_generator_py/dwb_msgs/libdwb_msgs__rosidl_generator_py.so[0m
[27.968s] [ 93%] Built target dwb_msgs__rosidl_generator_py
[28.125s] [ 94%] [32mBuilding C object CMakeFiles/dwb_msgs__rosidl_typesupport_c__pyext.dir/rosidl_generator_py/dwb_msgs/_dwb_msgs_s.ep.rosidl_typesupport_c.c.o[0m
[28.127s] [ 95%] [32mBuilding C object CMakeFiles/dwb_msgs__rosidl_typesupport_introspection_c__pyext.dir/rosidl_generator_py/dwb_msgs/_dwb_msgs_s.ep.rosidl_typesupport_introspection_c.c.o[0m
[28.141s] [ 96%] [32mBuilding C object CMakeFiles/dwb_msgs__rosidl_typesupport_fastrtps_c__pyext.dir/rosidl_generator_py/dwb_msgs/_dwb_msgs_s.ep.rosidl_typesupport_fastrtps_c.c.o[0m
[28.563s] [ 97%] [32m[1mLinking C shared library rosidl_generator_py/dwb_msgs/dwb_msgs_s__rosidl_typesupport_c.cpython-310-x86_64-linux-gnu.so[0m
[28.573s] [ 98%] [32m[1mLinking C shared library rosidl_generator_py/dwb_msgs/dwb_msgs_s__rosidl_typesupport_fastrtps_c.cpython-310-x86_64-linux-gnu.so[0m
[28.583s] [100%] [32m[1mLinking C shared library rosidl_generator_py/dwb_msgs/dwb_msgs_s__rosidl_typesupport_introspection_c.cpython-310-x86_64-linux-gnu.so[0m
[28.742s] [100%] Built target dwb_msgs__rosidl_typesupport_introspection_c__pyext
[28.756s] [100%] Built target dwb_msgs__rosidl_typesupport_fastrtps_c__pyext
[28.791s] [100%] Built target dwb_msgs__rosidl_typesupport_c__pyext
[28.848s] Invoked command in '/home/lhl/nav2_ws/build/dwb_msgs' returned '0': CMAKE_PREFIX_PATH=/home/lhl/nav2_ws/install/nav_2d_msgs:/home/lhl/nav2_ws/install/sam_bot_description:/home/lhl/nav2_ws/install/nav2_system_tests:/home/lhl/nav2_ws/install/nav2_bringup:/home/lhl/nav2_ws/install/navigation2:/home/lhl/nav2_ws/install/nav2_smoother:/home/lhl/nav2_ws/install/nav2_dwb_controller:/home/lhl/nav2_ws/install/nav2_controller:/home/lhl/nav2_ws/install/dwb_plugins:/home/lhl/nav2_ws/install/dwb_critics:/home/lhl/nav2_ws/install/dwb_core:/home/lhl/nav2_ws/install/nav_2d_utils:/home/lhl/nav2_ws/install/dwb_msgs:/home/lhl/nav2_ws/install/nav2_waypoint_follower:/home/lhl/nav2_ws/install/nav2_theta_star_planner:/home/lhl/nav2_ws/install/nav2_straightline_planner:/home/lhl/nav2_ws/install/nav2_sms_behavior:/home/lhl/nav2_ws/install/nav2_smac_planner:/home/lhl/nav2_ws/install/nav2_rotation_shim_controller:/home/lhl/nav2_ws/install/nav2_regulated_pure_pursuit_controller:/home/lhl/nav2_ws/install/nav2_planner:/home/lhl/nav2_ws/install/nav2_navfn_planner:/home/lhl/nav2_ws/install/nav2_mppi_controller:/home/lhl/nav2_ws/install/nav2_gradient_costmap_plugin:/home/lhl/nav2_ws/install/nav2_constrained_smoother:/home/lhl/nav2_ws/install/nav2_bt_navigator:/home/lhl/nav2_ws/install/nav2_behaviors:/home/lhl/nav2_ws/install/nav2_core:/home/lhl/nav2_ws/install/nav2_collision_monitor:/home/lhl/nav2_ws/install/costmap_queue:/home/lhl/nav2_ws/install/nav2_costmap_2d:/home/lhl/nav2_ws/install/nav2_voxel_grid:/home/lhl/nav2_ws/install/nav2_velocity_smoother:/home/lhl/nav2_ws/install/nav2_rviz_plugins:/home/lhl/nav2_ws/install/nav2_map_server:/home/lhl/nav2_ws/install/nav2_lifecycle_manager:/home/lhl/nav2_ws/install/nav2_behavior_tree:/home/lhl/nav2_ws/install/nav2_amcl:/home/lhl/nav2_ws/install/nav2_util:/home/lhl/nav2_ws/install/nav2_msgs:/home/lhl/nav2_ws/install/nav2_costmap_filters_demo:/home/lhl/nav2_ws/install/nav2_common:/home/lhl/nav2_ws/src/install/sam_bot_description:/home/lhl/nav2_ws/src/install/nav2_system_tests:/home/lhl/nav2_ws/src/install/nav2_bringup:/home/lhl/nav2_ws/src/install/navigation2:/home/lhl/nav2_ws/src/install/nav2_smoother:/home/lhl/nav2_ws/src/install/nav2_dwb_controller:/home/lhl/nav2_ws/src/install/nav2_controller:/home/lhl/nav2_ws/src/install/dwb_plugins:/home/lhl/nav2_ws/src/install/dwb_critics:/home/lhl/nav2_ws/src/install/dwb_core:/home/lhl/nav2_ws/src/install/nav_2d_utils:/home/lhl/nav2_ws/src/install/dwb_msgs:/home/lhl/nav2_ws/src/install/nav_2d_msgs:/home/lhl/nav2_ws/src/install/nav2_waypoint_follower:/home/lhl/nav2_ws/src/install/nav2_theta_star_planner:/home/lhl/nav2_ws/src/install/nav2_smac_planner:/home/lhl/nav2_ws/src/install/nav2_rotation_shim_controller:/home/lhl/nav2_ws/src/install/nav2_regulated_pure_pursuit_controller:/home/lhl/nav2_ws/src/install/nav2_planner:/home/lhl/nav2_ws/src/install/nav2_navfn_planner:/home/lhl/nav2_ws/src/install/nav2_mppi_controller:/home/lhl/nav2_ws/src/install/nav2_constrained_smoother:/home/lhl/nav2_ws/src/install/nav2_bt_navigator:/home/lhl/nav2_ws/src/install/nav2_behaviors:/home/lhl/nav2_ws/src/install/nav2_core:/home/lhl/nav2_ws/src/install/nav2_collision_monitor:/home/lhl/nav2_ws/src/install/costmap_queue:/home/lhl/nav2_ws/src/install/nav2_costmap_2d:/home/lhl/nav2_ws/src/install/nav2_voxel_grid:/home/lhl/nav2_ws/src/install/nav2_velocity_smoother:/home/lhl/nav2_ws/src/install/nav2_rviz_plugins:/home/lhl/nav2_ws/src/install/nav2_map_server:/home/lhl/nav2_ws/src/install/nav2_lifecycle_manager:/home/lhl/nav2_ws/src/install/nav2_behavior_tree:/home/lhl/nav2_ws/src/install/nav2_amcl:/home/lhl/nav2_ws/src/install/nav2_util:/home/lhl/nav2_ws/src/install/nav2_msgs:/home/lhl/nav2_ws/src/install/nav2_common:/home/lhl/nav2_ws/install/nav2_simple_commander:/home/lhl/nav2_ws/src/install/nav2_simple_commander:/opt/ros/humble LD_LIBRARY_PATH=/home/lhl/nav2_ws/install/nav_2d_msgs/lib:/home/lhl/nav2_ws/install/nav2_smoother/lib:/home/lhl/nav2_ws/install/nav2_controller/lib:/home/lhl/nav2_ws/install/dwb_plugins/lib:/home/lhl/nav2_ws/install/dwb_critics/lib:/home/lhl/nav2_ws/install/dwb_core/lib:/home/lhl/nav2_ws/install/nav_2d_utils/lib:/home/lhl/nav2_ws/install/dwb_msgs/lib:/home/lhl/nav2_ws/install/nav2_waypoint_follower/lib:/home/lhl/nav2_ws/install/nav2_theta_star_planner/lib:/home/lhl/nav2_ws/install/nav2_straightline_planner/lib:/home/lhl/nav2_ws/install/nav2_sms_behavior/lib:/home/lhl/nav2_ws/install/nav2_smac_planner/lib:/home/lhl/nav2_ws/install/nav2_rotation_shim_controller/lib:/home/lhl/nav2_ws/install/nav2_regulated_pure_pursuit_controller/lib:/home/lhl/nav2_ws/install/nav2_planner/lib:/home/lhl/nav2_ws/install/nav2_navfn_planner/lib:/home/lhl/nav2_ws/install/nav2_mppi_controller/lib:/home/lhl/nav2_ws/install/nav2_gradient_costmap_plugin/lib:/home/lhl/nav2_ws/install/nav2_constrained_smoother/lib:/home/lhl/nav2_ws/install/nav2_bt_navigator/lib:/home/lhl/nav2_ws/install/nav2_behaviors/lib:/home/lhl/nav2_ws/install/nav2_collision_monitor/lib:/home/lhl/nav2_ws/install/costmap_queue/lib:/home/lhl/nav2_ws/install/nav2_costmap_2d/lib:/home/lhl/nav2_ws/install/nav2_voxel_grid/lib:/home/lhl/nav2_ws/install/nav2_velocity_smoother/lib:/home/lhl/nav2_ws/install/nav2_rviz_plugins/lib:/home/lhl/nav2_ws/install/nav2_map_server/lib:/home/lhl/nav2_ws/install/nav2_lifecycle_manager/lib:/home/lhl/nav2_ws/install/nav2_behavior_tree/lib:/home/lhl/nav2_ws/install/nav2_amcl/lib:/home/lhl/nav2_ws/install/nav2_util/lib:/home/lhl/nav2_ws/install/nav2_msgs/lib:/home/lhl/nav2_ws/src/install/nav2_smoother/lib:/home/lhl/nav2_ws/src/install/nav2_controller/lib:/home/lhl/nav2_ws/src/install/dwb_plugins/lib:/home/lhl/nav2_ws/src/install/dwb_critics/lib:/home/lhl/nav2_ws/src/install/dwb_core/lib:/home/lhl/nav2_ws/src/install/nav_2d_utils/lib:/home/lhl/nav2_ws/src/install/dwb_msgs/lib:/home/lhl/nav2_ws/src/install/nav_2d_msgs/lib:/home/lhl/nav2_ws/src/install/nav2_waypoint_follower/lib:/home/lhl/nav2_ws/src/install/nav2_theta_star_planner/lib:/home/lhl/nav2_ws/src/install/nav2_smac_planner/lib:/home/lhl/nav2_ws/src/install/nav2_rotation_shim_controller/lib:/home/lhl/nav2_ws/src/install/nav2_regulated_pure_pursuit_controller/lib:/home/lhl/nav2_ws/src/install/nav2_planner/lib:/home/lhl/nav2_ws/src/install/nav2_navfn_planner/lib:/home/lhl/nav2_ws/src/install/nav2_mppi_controller/lib:/home/lhl/nav2_ws/src/install/nav2_constrained_smoother/lib:/home/lhl/nav2_ws/src/install/nav2_bt_navigator/lib:/home/lhl/nav2_ws/src/install/nav2_behaviors/lib:/home/lhl/nav2_ws/src/install/nav2_collision_monitor/lib:/home/lhl/nav2_ws/src/install/costmap_queue/lib:/home/lhl/nav2_ws/src/install/nav2_costmap_2d/lib:/home/lhl/nav2_ws/src/install/nav2_voxel_grid/lib:/home/lhl/nav2_ws/src/install/nav2_velocity_smoother/lib:/home/lhl/nav2_ws/src/install/nav2_rviz_plugins/lib:/home/lhl/nav2_ws/src/install/nav2_map_server/lib:/home/lhl/nav2_ws/src/install/nav2_lifecycle_manager/lib:/home/lhl/nav2_ws/src/install/nav2_behavior_tree/lib:/home/lhl/nav2_ws/src/install/nav2_amcl/lib:/home/lhl/nav2_ws/src/install/nav2_util/lib:/home/lhl/nav2_ws/src/install/nav2_msgs/lib:/usr/lib/x86_64-linux-gnu/gazebo-11/plugins:/opt/ros/humble/opt/rviz_ogre_vendor/lib:/opt/ros/humble/lib/x86_64-linux-gnu:/opt/ros/humble/lib /usr/bin/cmake --build /home/lhl/nav2_ws/build/dwb_msgs -- -j8 -l8
[31.357s] Invoking command in '/home/lhl/nav2_ws/build/dwb_msgs': CMAKE_PREFIX_PATH=/home/lhl/nav2_ws/install/nav_2d_msgs:/home/lhl/nav2_ws/install/sam_bot_description:/home/lhl/nav2_ws/install/nav2_system_tests:/home/lhl/nav2_ws/install/nav2_bringup:/home/lhl/nav2_ws/install/navigation2:/home/lhl/nav2_ws/install/nav2_smoother:/home/lhl/nav2_ws/install/nav2_dwb_controller:/home/lhl/nav2_ws/install/nav2_controller:/home/lhl/nav2_ws/install/dwb_plugins:/home/lhl/nav2_ws/install/dwb_critics:/home/lhl/nav2_ws/install/dwb_core:/home/lhl/nav2_ws/install/nav_2d_utils:/home/lhl/nav2_ws/install/dwb_msgs:/home/lhl/nav2_ws/install/nav2_waypoint_follower:/home/lhl/nav2_ws/install/nav2_theta_star_planner:/home/lhl/nav2_ws/install/nav2_straightline_planner:/home/lhl/nav2_ws/install/nav2_sms_behavior:/home/lhl/nav2_ws/install/nav2_smac_planner:/home/lhl/nav2_ws/install/nav2_rotation_shim_controller:/home/lhl/nav2_ws/install/nav2_regulated_pure_pursuit_controller:/home/lhl/nav2_ws/install/nav2_planner:/home/lhl/nav2_ws/install/nav2_navfn_planner:/home/lhl/nav2_ws/install/nav2_mppi_controller:/home/lhl/nav2_ws/install/nav2_gradient_costmap_plugin:/home/lhl/nav2_ws/install/nav2_constrained_smoother:/home/lhl/nav2_ws/install/nav2_bt_navigator:/home/lhl/nav2_ws/install/nav2_behaviors:/home/lhl/nav2_ws/install/nav2_core:/home/lhl/nav2_ws/install/nav2_collision_monitor:/home/lhl/nav2_ws/install/costmap_queue:/home/lhl/nav2_ws/install/nav2_costmap_2d:/home/lhl/nav2_ws/install/nav2_voxel_grid:/home/lhl/nav2_ws/install/nav2_velocity_smoother:/home/lhl/nav2_ws/install/nav2_rviz_plugins:/home/lhl/nav2_ws/install/nav2_map_server:/home/lhl/nav2_ws/install/nav2_lifecycle_manager:/home/lhl/nav2_ws/install/nav2_behavior_tree:/home/lhl/nav2_ws/install/nav2_amcl:/home/lhl/nav2_ws/install/nav2_util:/home/lhl/nav2_ws/install/nav2_msgs:/home/lhl/nav2_ws/install/nav2_costmap_filters_demo:/home/lhl/nav2_ws/install/nav2_common:/home/lhl/nav2_ws/src/install/sam_bot_description:/home/lhl/nav2_ws/src/install/nav2_system_tests:/home/lhl/nav2_ws/src/install/nav2_bringup:/home/lhl/nav2_ws/src/install/navigation2:/home/lhl/nav2_ws/src/install/nav2_smoother:/home/lhl/nav2_ws/src/install/nav2_dwb_controller:/home/lhl/nav2_ws/src/install/nav2_controller:/home/lhl/nav2_ws/src/install/dwb_plugins:/home/lhl/nav2_ws/src/install/dwb_critics:/home/lhl/nav2_ws/src/install/dwb_core:/home/lhl/nav2_ws/src/install/nav_2d_utils:/home/lhl/nav2_ws/src/install/dwb_msgs:/home/lhl/nav2_ws/src/install/nav_2d_msgs:/home/lhl/nav2_ws/src/install/nav2_waypoint_follower:/home/lhl/nav2_ws/src/install/nav2_theta_star_planner:/home/lhl/nav2_ws/src/install/nav2_smac_planner:/home/lhl/nav2_ws/src/install/nav2_rotation_shim_controller:/home/lhl/nav2_ws/src/install/nav2_regulated_pure_pursuit_controller:/home/lhl/nav2_ws/src/install/nav2_planner:/home/lhl/nav2_ws/src/install/nav2_navfn_planner:/home/lhl/nav2_ws/src/install/nav2_mppi_controller:/home/lhl/nav2_ws/src/install/nav2_constrained_smoother:/home/lhl/nav2_ws/src/install/nav2_bt_navigator:/home/lhl/nav2_ws/src/install/nav2_behaviors:/home/lhl/nav2_ws/src/install/nav2_core:/home/lhl/nav2_ws/src/install/nav2_collision_monitor:/home/lhl/nav2_ws/src/install/costmap_queue:/home/lhl/nav2_ws/src/install/nav2_costmap_2d:/home/lhl/nav2_ws/src/install/nav2_voxel_grid:/home/lhl/nav2_ws/src/install/nav2_velocity_smoother:/home/lhl/nav2_ws/src/install/nav2_rviz_plugins:/home/lhl/nav2_ws/src/install/nav2_map_server:/home/lhl/nav2_ws/src/install/nav2_lifecycle_manager:/home/lhl/nav2_ws/src/install/nav2_behavior_tree:/home/lhl/nav2_ws/src/install/nav2_amcl:/home/lhl/nav2_ws/src/install/nav2_util:/home/lhl/nav2_ws/src/install/nav2_msgs:/home/lhl/nav2_ws/src/install/nav2_common:/home/lhl/nav2_ws/install/nav2_simple_commander:/home/lhl/nav2_ws/src/install/nav2_simple_commander:/opt/ros/humble LD_LIBRARY_PATH=/home/lhl/nav2_ws/install/nav_2d_msgs/lib:/home/lhl/nav2_ws/install/nav2_smoother/lib:/home/lhl/nav2_ws/install/nav2_controller/lib:/home/lhl/nav2_ws/install/dwb_plugins/lib:/home/lhl/nav2_ws/install/dwb_critics/lib:/home/lhl/nav2_ws/install/dwb_core/lib:/home/lhl/nav2_ws/install/nav_2d_utils/lib:/home/lhl/nav2_ws/install/dwb_msgs/lib:/home/lhl/nav2_ws/install/nav2_waypoint_follower/lib:/home/lhl/nav2_ws/install/nav2_theta_star_planner/lib:/home/lhl/nav2_ws/install/nav2_straightline_planner/lib:/home/lhl/nav2_ws/install/nav2_sms_behavior/lib:/home/lhl/nav2_ws/install/nav2_smac_planner/lib:/home/lhl/nav2_ws/install/nav2_rotation_shim_controller/lib:/home/lhl/nav2_ws/install/nav2_regulated_pure_pursuit_controller/lib:/home/lhl/nav2_ws/install/nav2_planner/lib:/home/lhl/nav2_ws/install/nav2_navfn_planner/lib:/home/lhl/nav2_ws/install/nav2_mppi_controller/lib:/home/lhl/nav2_ws/install/nav2_gradient_costmap_plugin/lib:/home/lhl/nav2_ws/install/nav2_constrained_smoother/lib:/home/lhl/nav2_ws/install/nav2_bt_navigator/lib:/home/lhl/nav2_ws/install/nav2_behaviors/lib:/home/lhl/nav2_ws/install/nav2_collision_monitor/lib:/home/lhl/nav2_ws/install/costmap_queue/lib:/home/lhl/nav2_ws/install/nav2_costmap_2d/lib:/home/lhl/nav2_ws/install/nav2_voxel_grid/lib:/home/lhl/nav2_ws/install/nav2_velocity_smoother/lib:/home/lhl/nav2_ws/install/nav2_rviz_plugins/lib:/home/lhl/nav2_ws/install/nav2_map_server/lib:/home/lhl/nav2_ws/install/nav2_lifecycle_manager/lib:/home/lhl/nav2_ws/install/nav2_behavior_tree/lib:/home/lhl/nav2_ws/install/nav2_amcl/lib:/home/lhl/nav2_ws/install/nav2_util/lib:/home/lhl/nav2_ws/install/nav2_msgs/lib:/home/lhl/nav2_ws/src/install/nav2_smoother/lib:/home/lhl/nav2_ws/src/install/nav2_controller/lib:/home/lhl/nav2_ws/src/install/dwb_plugins/lib:/home/lhl/nav2_ws/src/install/dwb_critics/lib:/home/lhl/nav2_ws/src/install/dwb_core/lib:/home/lhl/nav2_ws/src/install/nav_2d_utils/lib:/home/lhl/nav2_ws/src/install/dwb_msgs/lib:/home/lhl/nav2_ws/src/install/nav_2d_msgs/lib:/home/lhl/nav2_ws/src/install/nav2_waypoint_follower/lib:/home/lhl/nav2_ws/src/install/nav2_theta_star_planner/lib:/home/lhl/nav2_ws/src/install/nav2_smac_planner/lib:/home/lhl/nav2_ws/src/install/nav2_rotation_shim_controller/lib:/home/lhl/nav2_ws/src/install/nav2_regulated_pure_pursuit_controller/lib:/home/lhl/nav2_ws/src/install/nav2_planner/lib:/home/lhl/nav2_ws/src/install/nav2_navfn_planner/lib:/home/lhl/nav2_ws/src/install/nav2_mppi_controller/lib:/home/lhl/nav2_ws/src/install/nav2_constrained_smoother/lib:/home/lhl/nav2_ws/src/install/nav2_bt_navigator/lib:/home/lhl/nav2_ws/src/install/nav2_behaviors/lib:/home/lhl/nav2_ws/src/install/nav2_collision_monitor/lib:/home/lhl/nav2_ws/src/install/costmap_queue/lib:/home/lhl/nav2_ws/src/install/nav2_costmap_2d/lib:/home/lhl/nav2_ws/src/install/nav2_voxel_grid/lib:/home/lhl/nav2_ws/src/install/nav2_velocity_smoother/lib:/home/lhl/nav2_ws/src/install/nav2_rviz_plugins/lib:/home/lhl/nav2_ws/src/install/nav2_map_server/lib:/home/lhl/nav2_ws/src/install/nav2_lifecycle_manager/lib:/home/lhl/nav2_ws/src/install/nav2_behavior_tree/lib:/home/lhl/nav2_ws/src/install/nav2_amcl/lib:/home/lhl/nav2_ws/src/install/nav2_util/lib:/home/lhl/nav2_ws/src/install/nav2_msgs/lib:/usr/lib/x86_64-linux-gnu/gazebo-11/plugins:/opt/ros/humble/opt/rviz_ogre_vendor/lib:/opt/ros/humble/lib/x86_64-linux-gnu:/opt/ros/humble/lib /usr/bin/cmake --install /home/lhl/nav2_ws/build/dwb_msgs
[31.373s] -- Install configuration: ""
[31.373s] -- Up-to-date: /home/lhl/nav2_ws/install/dwb_msgs/include/dwb_msgs/dwb_msgs
[31.373s] -- Up-to-date: /home/lhl/nav2_ws/install/dwb_msgs/include/dwb_msgs/dwb_msgs/msg
[31.373s] -- Up-to-date: /home/lhl/nav2_ws/install/dwb_msgs/include/dwb_msgs/dwb_msgs/msg/detail
[31.373s] -- Installing: /home/lhl/nav2_ws/install/dwb_msgs/include/dwb_msgs/dwb_msgs/msg/detail/local_plan_evaluation__functions.c
[31.373s] -- Installing: /home/lhl/nav2_ws/install/dwb_msgs/include/dwb_msgs/dwb_msgs/msg/detail/critic_score__functions.c
[31.374s] -- Installing: /home/lhl/nav2_ws/install/dwb_msgs/include/dwb_msgs/dwb_msgs/msg/detail/trajectory2_d__functions.c
[31.374s] -- Installing: /home/lhl/nav2_ws/install/dwb_msgs/include/dwb_msgs/dwb_msgs/msg/detail/trajectory_score__functions.c
[31.374s] -- Up-to-date: /home/lhl/nav2_ws/install/dwb_msgs/include/dwb_msgs/dwb_msgs/srv
[31.374s] -- Up-to-date: /home/lhl/nav2_ws/install/dwb_msgs/include/dwb_msgs/dwb_msgs/srv/detail
[31.374s] -- Installing: /home/lhl/nav2_ws/install/dwb_msgs/include/dwb_msgs/dwb_msgs/srv/detail/score_trajectory__functions.c
[31.375s] -- Installing: /home/lhl/nav2_ws/install/dwb_msgs/include/dwb_msgs/dwb_msgs/srv/detail/debug_local_plan__functions.c
[31.375s] -- Installing: /home/lhl/nav2_ws/install/dwb_msgs/include/dwb_msgs/dwb_msgs/srv/detail/generate_twists__functions.c
[31.375s] -- Installing: /home/lhl/nav2_ws/install/dwb_msgs/include/dwb_msgs/dwb_msgs/srv/detail/generate_trajectory__functions.c
[31.375s] -- Installing: /home/lhl/nav2_ws/install/dwb_msgs/include/dwb_msgs/dwb_msgs/srv/detail/get_critic_score__functions.c
[31.544s] -- Installing: /home/lhl/nav2_ws/install/dwb_msgs/lib/libdwb_msgs__rosidl_generator_c.so
[31.545s] -- Set runtime path of "/home/lhl/nav2_ws/install/dwb_msgs/lib/libdwb_msgs__rosidl_generator_c.so" to ""
[31.545s] -- Up-to-date: /home/lhl/nav2_ws/install/dwb_msgs/include/dwb_msgs/dwb_msgs
[31.545s] -- Up-to-date: /home/lhl/nav2_ws/install/dwb_msgs/include/dwb_msgs/dwb_msgs/msg
[31.545s] -- Up-to-date: /home/lhl/nav2_ws/install/dwb_msgs/include/dwb_msgs/dwb_msgs/msg/detail
[31.545s] -- Up-to-date: /home/lhl/nav2_ws/install/dwb_msgs/include/dwb_msgs/dwb_msgs/srv
[31.546s] -- Up-to-date: /home/lhl/nav2_ws/install/dwb_msgs/include/dwb_msgs/dwb_msgs/srv/detail
[31.546s] -- Installing: /home/lhl/nav2_ws/install/dwb_msgs/lib/libdwb_msgs__rosidl_typesupport_fastrtps_c.so
[31.547s] -- Set runtime path of "/home/lhl/nav2_ws/install/dwb_msgs/lib/libdwb_msgs__rosidl_typesupport_fastrtps_c.so" to ""
[31.547s] -- Up-to-date: /home/lhl/nav2_ws/install/dwb_msgs/include/dwb_msgs/dwb_msgs
[31.547s] -- Up-to-date: /home/lhl/nav2_ws/install/dwb_msgs/include/dwb_msgs/dwb_msgs/msg
[31.548s] -- Up-to-date: /home/lhl/nav2_ws/install/dwb_msgs/include/dwb_msgs/dwb_msgs/msg/detail
[31.548s] -- Up-to-date: /home/lhl/nav2_ws/install/dwb_msgs/include/dwb_msgs/dwb_msgs/srv
[31.548s] -- Up-to-date: /home/lhl/nav2_ws/install/dwb_msgs/include/dwb_msgs/dwb_msgs/srv/detail
[31.548s] -- Up-to-date: /home/lhl/nav2_ws/install/dwb_msgs/include/dwb_msgs/dwb_msgs
[31.548s] -- Up-to-date: /home/lhl/nav2_ws/install/dwb_msgs/include/dwb_msgs/dwb_msgs/msg
[31.548s] -- Up-to-date: /home/lhl/nav2_ws/install/dwb_msgs/include/dwb_msgs/dwb_msgs/msg/detail
[31.548s] -- Installing: /home/lhl/nav2_ws/install/dwb_msgs/include/dwb_msgs/dwb_msgs/msg/detail/dds_fastrtps
[31.549s] -- Up-to-date: /home/lhl/nav2_ws/install/dwb_msgs/include/dwb_msgs/dwb_msgs/srv
[31.549s] -- Up-to-date: /home/lhl/nav2_ws/install/dwb_msgs/include/dwb_msgs/dwb_msgs/srv/detail
[31.549s] -- Installing: /home/lhl/nav2_ws/install/dwb_msgs/include/dwb_msgs/dwb_msgs/srv/detail/dds_fastrtps
[31.585s] -- Installing: /home/lhl/nav2_ws/install/dwb_msgs/lib/libdwb_msgs__rosidl_typesupport_fastrtps_cpp.so
[31.586s] -- Set runtime path of "/home/lhl/nav2_ws/install/dwb_msgs/lib/libdwb_msgs__rosidl_typesupport_fastrtps_cpp.so" to ""
[31.586s] -- Up-to-date: /home/lhl/nav2_ws/install/dwb_msgs/include/dwb_msgs/dwb_msgs
[31.586s] -- Up-to-date: /home/lhl/nav2_ws/install/dwb_msgs/include/dwb_msgs/dwb_msgs/msg
[31.586s] -- Up-to-date: /home/lhl/nav2_ws/install/dwb_msgs/include/dwb_msgs/dwb_msgs/msg/detail
[31.586s] -- Installing: /home/lhl/nav2_ws/install/dwb_msgs/include/dwb_msgs/dwb_msgs/msg/detail/critic_score__type_support.c
[31.586s] -- Installing: /home/lhl/nav2_ws/install/dwb_msgs/include/dwb_msgs/dwb_msgs/msg/detail/local_plan_evaluation__type_support.c
[31.586s] -- Installing: /home/lhl/nav2_ws/install/dwb_msgs/include/dwb_msgs/dwb_msgs/msg/detail/trajectory_score__type_support.c
[31.587s] -- Installing: /home/lhl/nav2_ws/install/dwb_msgs/include/dwb_msgs/dwb_msgs/msg/detail/trajectory2_d__type_support.c
[31.587s] -- Up-to-date: /home/lhl/nav2_ws/install/dwb_msgs/include/dwb_msgs/dwb_msgs/srv
[31.587s] -- Up-to-date: /home/lhl/nav2_ws/install/dwb_msgs/include/dwb_msgs/dwb_msgs/srv/detail
[31.587s] -- Installing: /home/lhl/nav2_ws/install/dwb_msgs/include/dwb_msgs/dwb_msgs/srv/detail/debug_local_plan__type_support.c
[31.587s] -- Installing: /home/lhl/nav2_ws/install/dwb_msgs/include/dwb_msgs/dwb_msgs/srv/detail/generate_trajectory__type_support.c
[31.587s] -- Installing: /home/lhl/nav2_ws/install/dwb_msgs/include/dwb_msgs/dwb_msgs/srv/detail/score_trajectory__type_support.c
[31.587s] -- Installing: /home/lhl/nav2_ws/install/dwb_msgs/include/dwb_msgs/dwb_msgs/srv/detail/generate_twists__type_support.c
[31.588s] -- Installing: /home/lhl/nav2_ws/install/dwb_msgs/include/dwb_msgs/dwb_msgs/srv/detail/get_critic_score__type_support.c
[31.588s] -- Installing: /home/lhl/nav2_ws/install/dwb_msgs/lib/libdwb_msgs__rosidl_typesupport_introspection_c.so
[31.589s] -- Set runtime path of "/home/lhl/nav2_ws/install/dwb_msgs/lib/libdwb_msgs__rosidl_typesupport_introspection_c.so" to ""
[31.600s] -- Installing: /home/lhl/nav2_ws/install/dwb_msgs/lib/libdwb_msgs__rosidl_typesupport_c.so
[31.600s] -- Set runtime path of "/home/lhl/nav2_ws/install/dwb_msgs/lib/libdwb_msgs__rosidl_typesupport_c.so" to ""
[31.601s] -- Up-to-date: /home/lhl/nav2_ws/install/dwb_msgs/include/dwb_msgs/dwb_msgs
[31.601s] -- Up-to-date: /home/lhl/nav2_ws/install/dwb_msgs/include/dwb_msgs/dwb_msgs/msg
[31.601s] -- Up-to-date: /home/lhl/nav2_ws/install/dwb_msgs/include/dwb_msgs/dwb_msgs/msg/detail
[31.601s] -- Installing: /home/lhl/nav2_ws/install/dwb_msgs/include/dwb_msgs/dwb_msgs/msg/detail/trajectory2_d__type_support.cpp
[31.601s] -- Installing: /home/lhl/nav2_ws/install/dwb_msgs/include/dwb_msgs/dwb_msgs/msg/detail/critic_score__type_support.cpp
[31.602s] -- Installing: /home/lhl/nav2_ws/install/dwb_msgs/include/dwb_msgs/dwb_msgs/msg/detail/trajectory_score__type_support.cpp
[31.602s] -- Installing: /home/lhl/nav2_ws/install/dwb_msgs/include/dwb_msgs/dwb_msgs/msg/detail/local_plan_evaluation__type_support.cpp
[31.602s] -- Up-to-date: /home/lhl/nav2_ws/install/dwb_msgs/include/dwb_msgs/dwb_msgs/srv
[31.602s] -- Up-to-date: /home/lhl/nav2_ws/install/dwb_msgs/include/dwb_msgs/dwb_msgs/srv/detail
[31.602s] -- Installing: /home/lhl/nav2_ws/install/dwb_msgs/include/dwb_msgs/dwb_msgs/srv/detail/generate_twists__type_support.cpp
[31.602s] -- Installing: /home/lhl/nav2_ws/install/dwb_msgs/include/dwb_msgs/dwb_msgs/srv/detail/debug_local_plan__type_support.cpp
[31.602s] -- Installing: /home/lhl/nav2_ws/install/dwb_msgs/include/dwb_msgs/dwb_msgs/srv/detail/score_trajectory__type_support.cpp
[31.603s] -- Installing: /home/lhl/nav2_ws/install/dwb_msgs/include/dwb_msgs/dwb_msgs/srv/detail/generate_trajectory__type_support.cpp
[31.603s] -- Installing: /home/lhl/nav2_ws/install/dwb_msgs/include/dwb_msgs/dwb_msgs/srv/detail/get_critic_score__type_support.cpp
[31.619s] -- Installing: /home/lhl/nav2_ws/install/dwb_msgs/lib/libdwb_msgs__rosidl_typesupport_introspection_cpp.so
[31.620s] -- Set runtime path of "/home/lhl/nav2_ws/install/dwb_msgs/lib/libdwb_msgs__rosidl_typesupport_introspection_cpp.so" to ""
[31.621s] -- Installing: /home/lhl/nav2_ws/install/dwb_msgs/lib/libdwb_msgs__rosidl_typesupport_cpp.so
[31.622s] -- Set runtime path of "/home/lhl/nav2_ws/install/dwb_msgs/lib/libdwb_msgs__rosidl_typesupport_cpp.so" to ""
[31.622s] -- Up-to-date: /home/lhl/nav2_ws/install/dwb_msgs/local/lib/python3.10/dist-packages/dwb_msgs-1.1.6-py3.10.egg-info
[31.622s] -- Up-to-date: /home/lhl/nav2_ws/install/dwb_msgs/local/lib/python3.10/dist-packages/dwb_msgs
[31.622s] -- Up-to-date: /home/lhl/nav2_ws/install/dwb_msgs/local/lib/python3.10/dist-packages/dwb_msgs/msg
[31.622s] -- Up-to-date: /home/lhl/nav2_ws/install/dwb_msgs/local/lib/python3.10/dist-packages/dwb_msgs/srv
[31.879s] Listing '/home/lhl/nav2_ws/install/dwb_msgs/local/lib/python3.10/dist-packages/dwb_msgs'...
[31.880s] Compiling '/home/lhl/nav2_ws/install/dwb_msgs/local/lib/python3.10/dist-packages/dwb_msgs/__init__.py'...
[31.880s] Listing '/home/lhl/nav2_ws/install/dwb_msgs/local/lib/python3.10/dist-packages/dwb_msgs/msg'...
[31.880s] Compiling '/home/lhl/nav2_ws/install/dwb_msgs/local/lib/python3.10/dist-packages/dwb_msgs/msg/__init__.py'...
[31.880s] Compiling '/home/lhl/nav2_ws/install/dwb_msgs/local/lib/python3.10/dist-packages/dwb_msgs/msg/_critic_score.py'...
[31.880s] Compiling '/home/lhl/nav2_ws/install/dwb_msgs/local/lib/python3.10/dist-packages/dwb_msgs/msg/_local_plan_evaluation.py'...
[31.880s] Compiling '/home/lhl/nav2_ws/install/dwb_msgs/local/lib/python3.10/dist-packages/dwb_msgs/msg/_trajectory2_d.py'...
[31.880s] Compiling '/home/lhl/nav2_ws/install/dwb_msgs/local/lib/python3.10/dist-packages/dwb_msgs/msg/_trajectory_score.py'...
[31.880s] Listing '/home/lhl/nav2_ws/install/dwb_msgs/local/lib/python3.10/dist-packages/dwb_msgs/srv'...
[31.881s] Compiling '/home/lhl/nav2_ws/install/dwb_msgs/local/lib/python3.10/dist-packages/dwb_msgs/srv/__init__.py'...
[31.881s] Compiling '/home/lhl/nav2_ws/install/dwb_msgs/local/lib/python3.10/dist-packages/dwb_msgs/srv/_debug_local_plan.py'...
[31.881s] Compiling '/home/lhl/nav2_ws/install/dwb_msgs/local/lib/python3.10/dist-packages/dwb_msgs/srv/_generate_trajectory.py'...
[31.881s] Compiling '/home/lhl/nav2_ws/install/dwb_msgs/local/lib/python3.10/dist-packages/dwb_msgs/srv/_generate_twists.py'...
[31.881s] Compiling '/home/lhl/nav2_ws/install/dwb_msgs/local/lib/python3.10/dist-packages/dwb_msgs/srv/_get_critic_score.py'...
[31.881s] Compiling '/home/lhl/nav2_ws/install/dwb_msgs/local/lib/python3.10/dist-packages/dwb_msgs/srv/_score_trajectory.py'...
[31.883s] -- Installing: /home/lhl/nav2_ws/install/dwb_msgs/lib/libdwb_msgs__rosidl_generator_py.so
[31.884s] -- Set runtime path of "/home/lhl/nav2_ws/install/dwb_msgs/lib/libdwb_msgs__rosidl_generator_py.so" to ""
[31.886s] -- Installing: /home/lhl/nav2_ws/install/dwb_msgs/share/dwb_msgs/package.dsv
[31.887s] -- Installing: /home/lhl/nav2_ws/install/dwb_msgs/share/dwb_msgs/cmake/export_dwb_msgs__rosidl_generator_cExport.cmake
[31.887s] -- Installing: /home/lhl/nav2_ws/install/dwb_msgs/share/dwb_msgs/cmake/export_dwb_msgs__rosidl_generator_cExport-noconfig.cmake
[31.888s] -- Installing: /home/lhl/nav2_ws/install/dwb_msgs/share/dwb_msgs/cmake/export_dwb_msgs__rosidl_typesupport_fastrtps_cExport.cmake
[31.888s] -- Installing: /home/lhl/nav2_ws/install/dwb_msgs/share/dwb_msgs/cmake/export_dwb_msgs__rosidl_typesupport_fastrtps_cExport-noconfig.cmake
[31.888s] -- Installing: /home/lhl/nav2_ws/install/dwb_msgs/share/dwb_msgs/cmake/export_dwb_msgs__rosidl_generator_cppExport.cmake
[31.889s] -- Installing: /home/lhl/nav2_ws/install/dwb_msgs/share/dwb_msgs/cmake/export_dwb_msgs__rosidl_typesupport_fastrtps_cppExport.cmake
[31.890s] -- Installing: /home/lhl/nav2_ws/install/dwb_msgs/share/dwb_msgs/cmake/export_dwb_msgs__rosidl_typesupport_fastrtps_cppExport-noconfig.cmake
[31.890s] -- Installing: /home/lhl/nav2_ws/install/dwb_msgs/share/dwb_msgs/cmake/dwb_msgs__rosidl_typesupport_introspection_cExport.cmake
[31.891s] -- Installing: /home/lhl/nav2_ws/install/dwb_msgs/share/dwb_msgs/cmake/dwb_msgs__rosidl_typesupport_introspection_cExport-noconfig.cmake
[31.892s] -- Installing: /home/lhl/nav2_ws/install/dwb_msgs/share/dwb_msgs/cmake/dwb_msgs__rosidl_typesupport_cExport.cmake
[31.892s] -- Installing: /home/lhl/nav2_ws/install/dwb_msgs/share/dwb_msgs/cmake/dwb_msgs__rosidl_typesupport_cExport-noconfig.cmake
[31.893s] -- Installing: /home/lhl/nav2_ws/install/dwb_msgs/share/dwb_msgs/cmake/dwb_msgs__rosidl_typesupport_introspection_cppExport.cmake
[31.894s] -- Installing: /home/lhl/nav2_ws/install/dwb_msgs/share/dwb_msgs/cmake/dwb_msgs__rosidl_typesupport_introspection_cppExport-noconfig.cmake
[31.895s] -- Installing: /home/lhl/nav2_ws/install/dwb_msgs/share/dwb_msgs/cmake/dwb_msgs__rosidl_typesupport_cppExport.cmake
[31.896s] -- Installing: /home/lhl/nav2_ws/install/dwb_msgs/share/dwb_msgs/cmake/dwb_msgs__rosidl_typesupport_cppExport-noconfig.cmake
[31.897s] -- Installing: /home/lhl/nav2_ws/install/dwb_msgs/share/dwb_msgs/cmake/export_dwb_msgs__rosidl_generator_pyExport.cmake
[31.897s] -- Installing: /home/lhl/nav2_ws/install/dwb_msgs/share/dwb_msgs/cmake/export_dwb_msgs__rosidl_generator_pyExport-noconfig.cmake
[31.908s] Invoked command in '/home/lhl/nav2_ws/build/dwb_msgs' returned '0': CMAKE_PREFIX_PATH=/home/lhl/nav2_ws/install/nav_2d_msgs:/home/lhl/nav2_ws/install/sam_bot_description:/home/lhl/nav2_ws/install/nav2_system_tests:/home/lhl/nav2_ws/install/nav2_bringup:/home/lhl/nav2_ws/install/navigation2:/home/lhl/nav2_ws/install/nav2_smoother:/home/lhl/nav2_ws/install/nav2_dwb_controller:/home/lhl/nav2_ws/install/nav2_controller:/home/lhl/nav2_ws/install/dwb_plugins:/home/lhl/nav2_ws/install/dwb_critics:/home/lhl/nav2_ws/install/dwb_core:/home/lhl/nav2_ws/install/nav_2d_utils:/home/lhl/nav2_ws/install/dwb_msgs:/home/lhl/nav2_ws/install/nav2_waypoint_follower:/home/lhl/nav2_ws/install/nav2_theta_star_planner:/home/lhl/nav2_ws/install/nav2_straightline_planner:/home/lhl/nav2_ws/install/nav2_sms_behavior:/home/lhl/nav2_ws/install/nav2_smac_planner:/home/lhl/nav2_ws/install/nav2_rotation_shim_controller:/home/lhl/nav2_ws/install/nav2_regulated_pure_pursuit_controller:/home/lhl/nav2_ws/install/nav2_planner:/home/lhl/nav2_ws/install/nav2_navfn_planner:/home/lhl/nav2_ws/install/nav2_mppi_controller:/home/lhl/nav2_ws/install/nav2_gradient_costmap_plugin:/home/lhl/nav2_ws/install/nav2_constrained_smoother:/home/lhl/nav2_ws/install/nav2_bt_navigator:/home/lhl/nav2_ws/install/nav2_behaviors:/home/lhl/nav2_ws/install/nav2_core:/home/lhl/nav2_ws/install/nav2_collision_monitor:/home/lhl/nav2_ws/install/costmap_queue:/home/lhl/nav2_ws/install/nav2_costmap_2d:/home/lhl/nav2_ws/install/nav2_voxel_grid:/home/lhl/nav2_ws/install/nav2_velocity_smoother:/home/lhl/nav2_ws/install/nav2_rviz_plugins:/home/lhl/nav2_ws/install/nav2_map_server:/home/lhl/nav2_ws/install/nav2_lifecycle_manager:/home/lhl/nav2_ws/install/nav2_behavior_tree:/home/lhl/nav2_ws/install/nav2_amcl:/home/lhl/nav2_ws/install/nav2_util:/home/lhl/nav2_ws/install/nav2_msgs:/home/lhl/nav2_ws/install/nav2_costmap_filters_demo:/home/lhl/nav2_ws/install/nav2_common:/home/lhl/nav2_ws/src/install/sam_bot_description:/home/lhl/nav2_ws/src/install/nav2_system_tests:/home/lhl/nav2_ws/src/install/nav2_bringup:/home/lhl/nav2_ws/src/install/navigation2:/home/lhl/nav2_ws/src/install/nav2_smoother:/home/lhl/nav2_ws/src/install/nav2_dwb_controller:/home/lhl/nav2_ws/src/install/nav2_controller:/home/lhl/nav2_ws/src/install/dwb_plugins:/home/lhl/nav2_ws/src/install/dwb_critics:/home/lhl/nav2_ws/src/install/dwb_core:/home/lhl/nav2_ws/src/install/nav_2d_utils:/home/lhl/nav2_ws/src/install/dwb_msgs:/home/lhl/nav2_ws/src/install/nav_2d_msgs:/home/lhl/nav2_ws/src/install/nav2_waypoint_follower:/home/lhl/nav2_ws/src/install/nav2_theta_star_planner:/home/lhl/nav2_ws/src/install/nav2_smac_planner:/home/lhl/nav2_ws/src/install/nav2_rotation_shim_controller:/home/lhl/nav2_ws/src/install/nav2_regulated_pure_pursuit_controller:/home/lhl/nav2_ws/src/install/nav2_planner:/home/lhl/nav2_ws/src/install/nav2_navfn_planner:/home/lhl/nav2_ws/src/install/nav2_mppi_controller:/home/lhl/nav2_ws/src/install/nav2_constrained_smoother:/home/lhl/nav2_ws/src/install/nav2_bt_navigator:/home/lhl/nav2_ws/src/install/nav2_behaviors:/home/lhl/nav2_ws/src/install/nav2_core:/home/lhl/nav2_ws/src/install/nav2_collision_monitor:/home/lhl/nav2_ws/src/install/costmap_queue:/home/lhl/nav2_ws/src/install/nav2_costmap_2d:/home/lhl/nav2_ws/src/install/nav2_voxel_grid:/home/lhl/nav2_ws/src/install/nav2_velocity_smoother:/home/lhl/nav2_ws/src/install/nav2_rviz_plugins:/home/lhl/nav2_ws/src/install/nav2_map_server:/home/lhl/nav2_ws/src/install/nav2_lifecycle_manager:/home/lhl/nav2_ws/src/install/nav2_behavior_tree:/home/lhl/nav2_ws/src/install/nav2_amcl:/home/lhl/nav2_ws/src/install/nav2_util:/home/lhl/nav2_ws/src/install/nav2_msgs:/home/lhl/nav2_ws/src/install/nav2_common:/home/lhl/nav2_ws/install/nav2_simple_commander:/home/lhl/nav2_ws/src/install/nav2_simple_commander:/opt/ros/humble LD_LIBRARY_PATH=/home/lhl/nav2_ws/install/nav_2d_msgs/lib:/home/lhl/nav2_ws/install/nav2_smoother/lib:/home/lhl/nav2_ws/install/nav2_controller/lib:/home/lhl/nav2_ws/install/dwb_plugins/lib:/home/lhl/nav2_ws/install/dwb_critics/lib:/home/lhl/nav2_ws/install/dwb_core/lib:/home/lhl/nav2_ws/install/nav_2d_utils/lib:/home/lhl/nav2_ws/install/dwb_msgs/lib:/home/lhl/nav2_ws/install/nav2_waypoint_follower/lib:/home/lhl/nav2_ws/install/nav2_theta_star_planner/lib:/home/lhl/nav2_ws/install/nav2_straightline_planner/lib:/home/lhl/nav2_ws/install/nav2_sms_behavior/lib:/home/lhl/nav2_ws/install/nav2_smac_planner/lib:/home/lhl/nav2_ws/install/nav2_rotation_shim_controller/lib:/home/lhl/nav2_ws/install/nav2_regulated_pure_pursuit_controller/lib:/home/lhl/nav2_ws/install/nav2_planner/lib:/home/lhl/nav2_ws/install/nav2_navfn_planner/lib:/home/lhl/nav2_ws/install/nav2_mppi_controller/lib:/home/lhl/nav2_ws/install/nav2_gradient_costmap_plugin/lib:/home/lhl/nav2_ws/install/nav2_constrained_smoother/lib:/home/lhl/nav2_ws/install/nav2_bt_navigator/lib:/home/lhl/nav2_ws/install/nav2_behaviors/lib:/home/lhl/nav2_ws/install/nav2_collision_monitor/lib:/home/lhl/nav2_ws/install/costmap_queue/lib:/home/lhl/nav2_ws/install/nav2_costmap_2d/lib:/home/lhl/nav2_ws/install/nav2_voxel_grid/lib:/home/lhl/nav2_ws/install/nav2_velocity_smoother/lib:/home/lhl/nav2_ws/install/nav2_rviz_plugins/lib:/home/lhl/nav2_ws/install/nav2_map_server/lib:/home/lhl/nav2_ws/install/nav2_lifecycle_manager/lib:/home/lhl/nav2_ws/install/nav2_behavior_tree/lib:/home/lhl/nav2_ws/install/nav2_amcl/lib:/home/lhl/nav2_ws/install/nav2_util/lib:/home/lhl/nav2_ws/install/nav2_msgs/lib:/home/lhl/nav2_ws/src/install/nav2_smoother/lib:/home/lhl/nav2_ws/src/install/nav2_controller/lib:/home/lhl/nav2_ws/src/install/dwb_plugins/lib:/home/lhl/nav2_ws/src/install/dwb_critics/lib:/home/lhl/nav2_ws/src/install/dwb_core/lib:/home/lhl/nav2_ws/src/install/nav_2d_utils/lib:/home/lhl/nav2_ws/src/install/dwb_msgs/lib:/home/lhl/nav2_ws/src/install/nav_2d_msgs/lib:/home/lhl/nav2_ws/src/install/nav2_waypoint_follower/lib:/home/lhl/nav2_ws/src/install/nav2_theta_star_planner/lib:/home/lhl/nav2_ws/src/install/nav2_smac_planner/lib:/home/lhl/nav2_ws/src/install/nav2_rotation_shim_controller/lib:/home/lhl/nav2_ws/src/install/nav2_regulated_pure_pursuit_controller/lib:/home/lhl/nav2_ws/src/install/nav2_planner/lib:/home/lhl/nav2_ws/src/install/nav2_navfn_planner/lib:/home/lhl/nav2_ws/src/install/nav2_mppi_controller/lib:/home/lhl/nav2_ws/src/install/nav2_constrained_smoother/lib:/home/lhl/nav2_ws/src/install/nav2_bt_navigator/lib:/home/lhl/nav2_ws/src/install/nav2_behaviors/lib:/home/lhl/nav2_ws/src/install/nav2_collision_monitor/lib:/home/lhl/nav2_ws/src/install/costmap_queue/lib:/home/lhl/nav2_ws/src/install/nav2_costmap_2d/lib:/home/lhl/nav2_ws/src/install/nav2_voxel_grid/lib:/home/lhl/nav2_ws/src/install/nav2_velocity_smoother/lib:/home/lhl/nav2_ws/src/install/nav2_rviz_plugins/lib:/home/lhl/nav2_ws/src/install/nav2_map_server/lib:/home/lhl/nav2_ws/src/install/nav2_lifecycle_manager/lib:/home/lhl/nav2_ws/src/install/nav2_behavior_tree/lib:/home/lhl/nav2_ws/src/install/nav2_amcl/lib:/home/lhl/nav2_ws/src/install/nav2_util/lib:/home/lhl/nav2_ws/src/install/nav2_msgs/lib:/usr/lib/x86_64-linux-gnu/gazebo-11/plugins:/opt/ros/humble/opt/rviz_ogre_vendor/lib:/opt/ros/humble/lib/x86_64-linux-gnu:/opt/ros/humble/lib /usr/bin/cmake --install /home/lhl/nav2_ws/build/dwb_msgs
