-- Found ament_cmake: 1.3.4 (/opt/ros/humble/share/ament_cmake/cmake)
-- Override CMake install command with custom implementation using symlinks instead of copying resources
-- Found nav2_common: 1.1.6 (/home/lhl/nav2_ws/install/nav2_common/share/nav2_common/cmake)
-- Found geometry_msgs: 4.2.3 (/opt/ros/humble/share/geometry_msgs/cmake)
-- Found rosidl_generator_c: 3.1.4 (/opt/ros/humble/share/rosidl_generator_c/cmake)
-- Found rosidl_adapter: 3.1.4 (/opt/ros/humble/share/rosidl_adapter/cmake)
-- Found rosidl_generator_cpp: 3.1.4 (/opt/ros/humble/share/rosidl_generator_cpp/cmake)
-- Using all available rosidl_typesupport_c: rosidl_typesupport_fastrtps_c;rosidl_typesupport_introspection_c
-- Using all available rosidl_typesupport_cpp: rosidl_typesupport_fastrtps_cpp;rosidl_typesupport_introspection_cpp
-- Found nav_2d_msgs: 1.1.6 (/home/lhl/nav2_ws/install/nav_2d_msgs/share/nav_2d_msgs/cmake)
-- Found nav_msgs: 4.2.3 (/opt/ros/humble/share/nav_msgs/cmake)
-- Found rclcpp: 16.0.4 (/opt/ros/humble/share/rclcpp/cmake)
-- Found rmw_implementation_cmake: 6.1.1 (/opt/ros/humble/share/rmw_implementation_cmake/cmake)
-- Found rmw_fastrtps_cpp: 6.2.2 (/opt/ros/humble/share/rmw_fastrtps_cpp/cmake)
-- Using RMW implementation 'rmw_fastrtps_cpp' as default
-- Found tf2: 0.25.2 (/opt/ros/humble/share/tf2/cmake)
-- Found tf2_geometry_msgs: 0.25.2 (/opt/ros/humble/share/tf2_geometry_msgs/cmake)
-- Found eigen3_cmake_module: 0.1.1 (/opt/ros/humble/share/eigen3_cmake_module/cmake)
-- Ensuring Eigen3 include directory is part of orocos-kdl CMake target
-- Found nav2_msgs: 1.1.6 (/home/lhl/nav2_ws/install/nav2_msgs/share/nav2_msgs/cmake)
-- Found nav2_util: 1.1.6 (/home/lhl/nav2_ws/install/nav2_util/share/nav2_util/cmake)
-- Found ament_lint_auto: 0.12.6 (/opt/ros/humble/share/ament_lint_auto/cmake)
-- Found gtest sources under '/opt/ros/humble/src/gtest_vendor': C++ tests using 'Google Test' will be built
-- Added test 'cppcheck' to perform static code analysis on C / C++ code
-- Configured cppcheck include dirs: /home/lhl/nav2_ws/src/navigation2/nav2_dwb_controller/nav_2d_utils/include
-- Configured cppcheck exclude dirs and/or files: 
-- Added test 'cpplint' to check C / C++ code against the Google style
-- Configured cpplint exclude dirs and/or files: 
-- Added test 'lint_cmake' to check CMake code style
-- Added test 'uncrustify' to check C / C++ code style
-- Configured uncrustify additional arguments: 
-- Added test 'xmllint' to check XML markup files
-- Configuring done
-- Generating done
-- Build files have been written to: /home/lhl/nav2_ws/build/nav_2d_utils
[35m[1mConsolidate compiler generated dependencies of target path_ops[0m
[ 12%] Built target path_ops
[35m[1mConsolidate compiler generated dependencies of target gtest_main[0m
[35m[1mConsolidate compiler generated dependencies of target conversions[0m
[35m[1mConsolidate compiler generated dependencies of target gtest[0m
[ 25%] Built target gtest_main
[ 37%] Built target gtest
[ 50%] Built target conversions
[35m[1mConsolidate compiler generated dependencies of target path_ops_tests[0m
[35m[1mConsolidate compiler generated dependencies of target tf_help[0m
[ 62%] Built target path_ops_tests
[ 75%] Built target tf_help
[35m[1mConsolidate compiler generated dependencies of target tf_help_tests[0m
[35m[1mConsolidate compiler generated dependencies of target 2d_utils_tests[0m
[ 87%] Built target tf_help_tests
[100%] Built target 2d_utils_tests
-- Install configuration: "Release"
-- Execute custom install script
-- Up-to-date symlink: /home/lhl/nav2_ws/install/nav_2d_utils/lib/libconversions.so
-- Up-to-date symlink: /home/lhl/nav2_ws/install/nav_2d_utils/lib/libpath_ops.so
-- Up-to-date symlink: /home/lhl/nav2_ws/install/nav_2d_utils/lib/libtf_help.so
-- Up-to-date symlink: /home/lhl/nav2_ws/install/nav_2d_utils/include//nav_2d_utils/conversions.hpp
-- Up-to-date symlink: /home/lhl/nav2_ws/install/nav_2d_utils/include//nav_2d_utils/odom_subscriber.hpp
-- Up-to-date symlink: /home/lhl/nav2_ws/install/nav_2d_utils/include//nav_2d_utils/parameters.hpp
-- Up-to-date symlink: /home/lhl/nav2_ws/install/nav_2d_utils/include//nav_2d_utils/path_ops.hpp
-- Up-to-date symlink: /home/lhl/nav2_ws/install/nav_2d_utils/include//nav_2d_utils/tf_help.hpp
-- Up-to-date symlink: /home/lhl/nav2_ws/install/nav_2d_utils/share/nav_2d_utils/environment/library_path.sh
-- Up-to-date symlink: /home/lhl/nav2_ws/install/nav_2d_utils/share/nav_2d_utils/environment/library_path.dsv
-- Up-to-date symlink: /home/lhl/nav2_ws/install/nav_2d_utils/share/ament_index/resource_index/package_run_dependencies/nav_2d_utils
-- Up-to-date symlink: /home/lhl/nav2_ws/install/nav_2d_utils/share/ament_index/resource_index/parent_prefix_path/nav_2d_utils
-- Up-to-date symlink: /home/lhl/nav2_ws/install/nav_2d_utils/share/nav_2d_utils/environment/ament_prefix_path.sh
-- Up-to-date symlink: /home/lhl/nav2_ws/install/nav_2d_utils/share/nav_2d_utils/environment/ament_prefix_path.dsv
-- Up-to-date symlink: /home/lhl/nav2_ws/install/nav_2d_utils/share/nav_2d_utils/environment/path.sh
-- Up-to-date symlink: /home/lhl/nav2_ws/install/nav_2d_utils/share/nav_2d_utils/environment/path.dsv
-- Up-to-date symlink: /home/lhl/nav2_ws/install/nav_2d_utils/share/nav_2d_utils/local_setup.bash
-- Up-to-date symlink: /home/lhl/nav2_ws/install/nav_2d_utils/share/nav_2d_utils/local_setup.sh
-- Up-to-date symlink: /home/lhl/nav2_ws/install/nav_2d_utils/share/nav_2d_utils/local_setup.zsh
-- Up-to-date symlink: /home/lhl/nav2_ws/install/nav_2d_utils/share/nav_2d_utils/local_setup.dsv
-- Symlinking: /home/lhl/nav2_ws/install/nav_2d_utils/share/nav_2d_utils/package.dsv
-- Up-to-date symlink: /home/lhl/nav2_ws/install/nav_2d_utils/share/ament_index/resource_index/packages/nav_2d_utils
-- Up-to-date symlink: /home/lhl/nav2_ws/install/nav_2d_utils/share/nav_2d_utils/cmake/ament_cmake_export_include_directories-extras.cmake
-- Up-to-date symlink: /home/lhl/nav2_ws/install/nav_2d_utils/share/nav_2d_utils/cmake/ament_cmake_export_libraries-extras.cmake
-- Up-to-date symlink: /home/lhl/nav2_ws/install/nav_2d_utils/share/nav_2d_utils/cmake/ament_cmake_export_dependencies-extras.cmake
-- Up-to-date symlink: /home/lhl/nav2_ws/install/nav_2d_utils/share/nav_2d_utils/cmake/nav_2d_utilsConfig.cmake
-- Up-to-date symlink: /home/lhl/nav2_ws/install/nav_2d_utils/share/nav_2d_utils/cmake/nav_2d_utilsConfig-version.cmake
-- Up-to-date symlink: /home/lhl/nav2_ws/install/nav_2d_utils/share/nav_2d_utils/package.xml
