[0.085s] Invoking command in '/home/lhl/nav2_ws/build/nav_2d_utils': AMENT_PREFIX_PATH=/home/lhl/nav2_ws/install/nav2_util:/home/lhl/nav2_ws/install/nav2_msgs:/home/lhl/nav2_ws/install/nav_2d_msgs:/home/lhl/nav2_ws/install/nav2_common:${AMENT_PREFIX_PATH} CMAKE_PREFIX_PATH=/home/lhl/nav2_ws/install/nav2_util:/home/lhl/nav2_ws/install/nav2_msgs:/home/lhl/nav2_ws/install/nav_2d_msgs:/home/lhl/nav2_ws/install/nav2_common:/opt/ros/humble LD_LIBRARY_PATH=/home/lhl/nav2_ws/install/nav2_util/lib:/home/lhl/nav2_ws/install/nav2_msgs/lib:/home/lhl/nav2_ws/install/nav_2d_msgs/lib:${LD_LIBRARY_PATH} PYTHONPATH=/home/lhl/nav2_ws/install/nav2_msgs/local/lib/python3.10/dist-packages:/home/lhl/nav2_ws/install/nav_2d_msgs/local/lib/python3.10/dist-packages:/home/lhl/nav2_ws/install/nav2_common/local/lib/python3.10/dist-packages:${PYTHONPATH} /usr/bin/cmake /home/lhl/nav2_ws/src/navigation2/nav2_dwb_controller/nav_2d_utils -DCMAKE_INSTALL_PREFIX=/home/lhl/nav2_ws/install/nav_2d_utils
[0.182s] -- Found ament_cmake: 1.3.4 (/opt/ros/humble/share/ament_cmake/cmake)
[0.382s] -- Override CMake install command with custom implementation using symlinks instead of copying resources
[0.398s] -- Found nav2_common: 1.1.6 (/home/lhl/nav2_ws/install/nav2_common/share/nav2_common/cmake)
[0.398s] -- Found geometry_msgs: 4.2.3 (/opt/ros/humble/share/geometry_msgs/cmake)
[0.439s] -- Found rosidl_generator_c: 3.1.4 (/opt/ros/humble/share/rosidl_generator_c/cmake)
[0.443s] -- Found rosidl_adapter: 3.1.4 (/opt/ros/humble/share/rosidl_adapter/cmake)
[0.455s] -- Found rosidl_generator_cpp: 3.1.4 (/opt/ros/humble/share/rosidl_generator_cpp/cmake)
[0.473s] -- Using all available rosidl_typesupport_c: rosidl_typesupport_fastrtps_c;rosidl_typesupport_introspection_c
[0.503s] -- Using all available rosidl_typesupport_cpp: rosidl_typesupport_fastrtps_cpp;rosidl_typesupport_introspection_cpp
[0.715s] -- Found nav_2d_msgs: 1.1.6 (/home/lhl/nav2_ws/install/nav_2d_msgs/share/nav_2d_msgs/cmake)
[0.849s] -- Found nav_msgs: 4.2.3 (/opt/ros/humble/share/nav_msgs/cmake)
[1.004s] -- Found rclcpp: 16.0.4 (/opt/ros/humble/share/rclcpp/cmake)
[1.076s] -- Found rmw_implementation_cmake: 6.1.1 (/opt/ros/humble/share/rmw_implementation_cmake/cmake)
[1.078s] -- Found rmw_fastrtps_cpp: 6.2.2 (/opt/ros/humble/share/rmw_fastrtps_cpp/cmake)
[1.248s] -- Using RMW implementation 'rmw_fastrtps_cpp' as default
[1.446s] -- Found tf2: 0.25.2 (/opt/ros/humble/share/tf2/cmake)
[1.446s] -- Found tf2_geometry_msgs: 0.25.2 (/opt/ros/humble/share/tf2_geometry_msgs/cmake)
[1.449s] -- Found eigen3_cmake_module: 0.1.1 (/opt/ros/humble/share/eigen3_cmake_module/cmake)
[1.450s] -- Ensuring Eigen3 include directory is part of orocos-kdl CMake target
[2.021s] -- Found nav2_msgs: 1.1.6 (/home/lhl/nav2_ws/install/nav2_msgs/share/nav2_msgs/cmake)
[2.334s] -- Found nav2_util: 1.1.6 (/home/lhl/nav2_ws/install/nav2_util/share/nav2_util/cmake)
[4.199s] -- Found ament_lint_auto: 0.12.6 (/opt/ros/humble/share/ament_lint_auto/cmake)
[4.297s] -- Found gtest sources under '/opt/ros/humble/src/gtest_vendor': C++ tests using 'Google Test' will be built
[4.320s] -- Added test 'cppcheck' to perform static code analysis on C / C++ code
[4.322s] -- Configured cppcheck include dirs: /home/lhl/nav2_ws/src/navigation2/nav2_dwb_controller/nav_2d_utils/include
[4.322s] -- Configured cppcheck exclude dirs and/or files: 
[4.324s] -- Added test 'cpplint' to check C / C++ code against the Google style
[4.324s] -- Configured cpplint exclude dirs and/or files: 
[4.325s] -- Added test 'lint_cmake' to check CMake code style
[4.328s] -- Added test 'uncrustify' to check C / C++ code style
[4.328s] -- Configured uncrustify additional arguments: 
[4.328s] -- Added test 'xmllint' to check XML markup files
[4.343s] -- Configuring done
[4.683s] -- Generating done
[4.692s] -- Build files have been written to: /home/lhl/nav2_ws/build/nav_2d_utils
[4.707s] Invoked command in '/home/lhl/nav2_ws/build/nav_2d_utils' returned '0': AMENT_PREFIX_PATH=/home/lhl/nav2_ws/install/nav2_util:/home/lhl/nav2_ws/install/nav2_msgs:/home/lhl/nav2_ws/install/nav_2d_msgs:/home/lhl/nav2_ws/install/nav2_common:${AMENT_PREFIX_PATH} CMAKE_PREFIX_PATH=/home/lhl/nav2_ws/install/nav2_util:/home/lhl/nav2_ws/install/nav2_msgs:/home/lhl/nav2_ws/install/nav_2d_msgs:/home/lhl/nav2_ws/install/nav2_common:/opt/ros/humble LD_LIBRARY_PATH=/home/lhl/nav2_ws/install/nav2_util/lib:/home/lhl/nav2_ws/install/nav2_msgs/lib:/home/lhl/nav2_ws/install/nav_2d_msgs/lib:${LD_LIBRARY_PATH} PYTHONPATH=/home/lhl/nav2_ws/install/nav2_msgs/local/lib/python3.10/dist-packages:/home/lhl/nav2_ws/install/nav_2d_msgs/local/lib/python3.10/dist-packages:/home/lhl/nav2_ws/install/nav2_common/local/lib/python3.10/dist-packages:${PYTHONPATH} /usr/bin/cmake /home/lhl/nav2_ws/src/navigation2/nav2_dwb_controller/nav_2d_utils -DCMAKE_INSTALL_PREFIX=/home/lhl/nav2_ws/install/nav_2d_utils
[4.708s] Invoking command in '/home/lhl/nav2_ws/build/nav_2d_utils': AMENT_PREFIX_PATH=/home/lhl/nav2_ws/install/nav2_util:/home/lhl/nav2_ws/install/nav2_msgs:/home/lhl/nav2_ws/install/nav_2d_msgs:/home/lhl/nav2_ws/install/nav2_common:${AMENT_PREFIX_PATH} CMAKE_PREFIX_PATH=/home/lhl/nav2_ws/install/nav2_util:/home/lhl/nav2_ws/install/nav2_msgs:/home/lhl/nav2_ws/install/nav_2d_msgs:/home/lhl/nav2_ws/install/nav2_common:/opt/ros/humble LD_LIBRARY_PATH=/home/lhl/nav2_ws/install/nav2_util/lib:/home/lhl/nav2_ws/install/nav2_msgs/lib:/home/lhl/nav2_ws/install/nav_2d_msgs/lib:${LD_LIBRARY_PATH} PYTHONPATH=/home/lhl/nav2_ws/install/nav2_msgs/local/lib/python3.10/dist-packages:/home/lhl/nav2_ws/install/nav_2d_msgs/local/lib/python3.10/dist-packages:/home/lhl/nav2_ws/install/nav2_common/local/lib/python3.10/dist-packages:${PYTHONPATH} /usr/bin/cmake --build /home/lhl/nav2_ws/build/nav_2d_utils -- -j8 -l8
[4.759s] [35m[1mConsolidate compiler generated dependencies of target path_ops[0m
[4.776s] [ 12%] Built target path_ops
[4.782s] [35m[1mConsolidate compiler generated dependencies of target gtest_main[0m
[4.791s] [35m[1mConsolidate compiler generated dependencies of target conversions[0m
[4.801s] [35m[1mConsolidate compiler generated dependencies of target gtest[0m
[4.805s] [ 25%] Built target gtest_main
[4.821s] [ 37%] Built target gtest
[4.823s] [ 50%] Built target conversions
[4.837s] [35m[1mConsolidate compiler generated dependencies of target path_ops_tests[0m
[4.838s] [35m[1mConsolidate compiler generated dependencies of target tf_help[0m
[4.856s] [ 62%] Built target path_ops_tests
[4.865s] [ 75%] Built target tf_help
[4.897s] [35m[1mConsolidate compiler generated dependencies of target tf_help_tests[0m
[4.904s] [35m[1mConsolidate compiler generated dependencies of target 2d_utils_tests[0m
[4.926s] [ 87%] Built target tf_help_tests
[4.930s] [100%] Built target 2d_utils_tests
[4.943s] Invoked command in '/home/lhl/nav2_ws/build/nav_2d_utils' returned '0': AMENT_PREFIX_PATH=/home/lhl/nav2_ws/install/nav2_util:/home/lhl/nav2_ws/install/nav2_msgs:/home/lhl/nav2_ws/install/nav_2d_msgs:/home/lhl/nav2_ws/install/nav2_common:${AMENT_PREFIX_PATH} CMAKE_PREFIX_PATH=/home/lhl/nav2_ws/install/nav2_util:/home/lhl/nav2_ws/install/nav2_msgs:/home/lhl/nav2_ws/install/nav_2d_msgs:/home/lhl/nav2_ws/install/nav2_common:/opt/ros/humble LD_LIBRARY_PATH=/home/lhl/nav2_ws/install/nav2_util/lib:/home/lhl/nav2_ws/install/nav2_msgs/lib:/home/lhl/nav2_ws/install/nav_2d_msgs/lib:${LD_LIBRARY_PATH} PYTHONPATH=/home/lhl/nav2_ws/install/nav2_msgs/local/lib/python3.10/dist-packages:/home/lhl/nav2_ws/install/nav_2d_msgs/local/lib/python3.10/dist-packages:/home/lhl/nav2_ws/install/nav2_common/local/lib/python3.10/dist-packages:${PYTHONPATH} /usr/bin/cmake --build /home/lhl/nav2_ws/build/nav_2d_utils -- -j8 -l8
[4.983s] Invoking command in '/home/lhl/nav2_ws/build/nav_2d_utils': AMENT_PREFIX_PATH=/home/lhl/nav2_ws/install/nav2_util:/home/lhl/nav2_ws/install/nav2_msgs:/home/lhl/nav2_ws/install/nav_2d_msgs:/home/lhl/nav2_ws/install/nav2_common:${AMENT_PREFIX_PATH} CMAKE_PREFIX_PATH=/home/lhl/nav2_ws/install/nav2_util:/home/lhl/nav2_ws/install/nav2_msgs:/home/lhl/nav2_ws/install/nav_2d_msgs:/home/lhl/nav2_ws/install/nav2_common:/opt/ros/humble LD_LIBRARY_PATH=/home/lhl/nav2_ws/install/nav2_util/lib:/home/lhl/nav2_ws/install/nav2_msgs/lib:/home/lhl/nav2_ws/install/nav_2d_msgs/lib:${LD_LIBRARY_PATH} PYTHONPATH=/home/lhl/nav2_ws/install/nav2_msgs/local/lib/python3.10/dist-packages:/home/lhl/nav2_ws/install/nav_2d_msgs/local/lib/python3.10/dist-packages:/home/lhl/nav2_ws/install/nav2_common/local/lib/python3.10/dist-packages:${PYTHONPATH} /usr/bin/cmake --install /home/lhl/nav2_ws/build/nav_2d_utils
[4.991s] -- Install configuration: "Release"
[4.992s] -- Execute custom install script
[4.992s] -- Up-to-date symlink: /home/lhl/nav2_ws/install/nav_2d_utils/lib/libconversions.so
[4.993s] -- Up-to-date symlink: /home/lhl/nav2_ws/install/nav_2d_utils/lib/libpath_ops.so
[4.993s] -- Up-to-date symlink: /home/lhl/nav2_ws/install/nav_2d_utils/lib/libtf_help.so
[4.993s] -- Up-to-date symlink: /home/lhl/nav2_ws/install/nav_2d_utils/include//nav_2d_utils/conversions.hpp
[4.995s] -- Up-to-date symlink: /home/lhl/nav2_ws/install/nav_2d_utils/include//nav_2d_utils/odom_subscriber.hpp
[4.998s] -- Up-to-date symlink: /home/lhl/nav2_ws/install/nav_2d_utils/include//nav_2d_utils/parameters.hpp
[4.999s] -- Up-to-date symlink: /home/lhl/nav2_ws/install/nav_2d_utils/include//nav_2d_utils/path_ops.hpp
[4.999s] -- Up-to-date symlink: /home/lhl/nav2_ws/install/nav_2d_utils/include//nav_2d_utils/tf_help.hpp
[4.999s] -- Up-to-date symlink: /home/lhl/nav2_ws/install/nav_2d_utils/share/nav_2d_utils/environment/library_path.sh
[4.999s] -- Up-to-date symlink: /home/lhl/nav2_ws/install/nav_2d_utils/share/nav_2d_utils/environment/library_path.dsv
[4.999s] -- Up-to-date symlink: /home/lhl/nav2_ws/install/nav_2d_utils/share/ament_index/resource_index/package_run_dependencies/nav_2d_utils
[4.999s] -- Up-to-date symlink: /home/lhl/nav2_ws/install/nav_2d_utils/share/ament_index/resource_index/parent_prefix_path/nav_2d_utils
[4.999s] -- Up-to-date symlink: /home/lhl/nav2_ws/install/nav_2d_utils/share/nav_2d_utils/environment/ament_prefix_path.sh
[4.999s] -- Up-to-date symlink: /home/lhl/nav2_ws/install/nav_2d_utils/share/nav_2d_utils/environment/ament_prefix_path.dsv
[4.999s] -- Up-to-date symlink: /home/lhl/nav2_ws/install/nav_2d_utils/share/nav_2d_utils/environment/path.sh
[5.000s] -- Up-to-date symlink: /home/lhl/nav2_ws/install/nav_2d_utils/share/nav_2d_utils/environment/path.dsv
[5.000s] -- Up-to-date symlink: /home/lhl/nav2_ws/install/nav_2d_utils/share/nav_2d_utils/local_setup.bash
[5.000s] -- Up-to-date symlink: /home/lhl/nav2_ws/install/nav_2d_utils/share/nav_2d_utils/local_setup.sh
[5.000s] -- Up-to-date symlink: /home/lhl/nav2_ws/install/nav_2d_utils/share/nav_2d_utils/local_setup.zsh
[5.000s] -- Up-to-date symlink: /home/lhl/nav2_ws/install/nav_2d_utils/share/nav_2d_utils/local_setup.dsv
[5.000s] -- Symlinking: /home/lhl/nav2_ws/install/nav_2d_utils/share/nav_2d_utils/package.dsv
[5.008s] -- Up-to-date symlink: /home/lhl/nav2_ws/install/nav_2d_utils/share/ament_index/resource_index/packages/nav_2d_utils
[5.009s] -- Up-to-date symlink: /home/lhl/nav2_ws/install/nav_2d_utils/share/nav_2d_utils/cmake/ament_cmake_export_include_directories-extras.cmake
[5.009s] -- Up-to-date symlink: /home/lhl/nav2_ws/install/nav_2d_utils/share/nav_2d_utils/cmake/ament_cmake_export_libraries-extras.cmake
[5.009s] -- Up-to-date symlink: /home/lhl/nav2_ws/install/nav_2d_utils/share/nav_2d_utils/cmake/ament_cmake_export_dependencies-extras.cmake
[5.009s] -- Up-to-date symlink: /home/lhl/nav2_ws/install/nav_2d_utils/share/nav_2d_utils/cmake/nav_2d_utilsConfig.cmake
[5.010s] -- Up-to-date symlink: /home/lhl/nav2_ws/install/nav_2d_utils/share/nav_2d_utils/cmake/nav_2d_utilsConfig-version.cmake
[5.010s] -- Up-to-date symlink: /home/lhl/nav2_ws/install/nav_2d_utils/share/nav_2d_utils/package.xml
[5.015s] Invoked command in '/home/lhl/nav2_ws/build/nav_2d_utils' returned '0': AMENT_PREFIX_PATH=/home/lhl/nav2_ws/install/nav2_util:/home/lhl/nav2_ws/install/nav2_msgs:/home/lhl/nav2_ws/install/nav_2d_msgs:/home/lhl/nav2_ws/install/nav2_common:${AMENT_PREFIX_PATH} CMAKE_PREFIX_PATH=/home/lhl/nav2_ws/install/nav2_util:/home/lhl/nav2_ws/install/nav2_msgs:/home/lhl/nav2_ws/install/nav_2d_msgs:/home/lhl/nav2_ws/install/nav2_common:/opt/ros/humble LD_LIBRARY_PATH=/home/lhl/nav2_ws/install/nav2_util/lib:/home/lhl/nav2_ws/install/nav2_msgs/lib:/home/lhl/nav2_ws/install/nav_2d_msgs/lib:${LD_LIBRARY_PATH} PYTHONPATH=/home/lhl/nav2_ws/install/nav2_msgs/local/lib/python3.10/dist-packages:/home/lhl/nav2_ws/install/nav_2d_msgs/local/lib/python3.10/dist-packages:/home/lhl/nav2_ws/install/nav2_common/local/lib/python3.10/dist-packages:${PYTHONPATH} /usr/bin/cmake --install /home/lhl/nav2_ws/build/nav_2d_utils
