[0.025s] Invoking command in '/home/lhl/nav2_ws/build/nav2_sms_behavior': AMENT_PREFIX_PATH=/home/lhl/nav2_ws/install/nav2_behaviors:/home/lhl/nav2_ws/install/nav2_core:/home/lhl/nav2_ws/install/nav2_costmap_2d:/home/lhl/nav2_ws/install/nav2_behavior_tree:/home/lhl/nav2_ws/install/nav2_util:/home/lhl/nav2_ws/install/nav2_voxel_grid:/home/lhl/nav2_ws/install/nav2_msgs:/home/lhl/nav2_ws/install/nav2_common:${AMENT_PREFIX_PATH} CMAKE_PREFIX_PATH=/home/lhl/nav2_ws/install/nav2_behaviors:/home/lhl/nav2_ws/install/nav2_core:/home/lhl/nav2_ws/install/nav2_costmap_2d:/home/lhl/nav2_ws/install/nav2_behavior_tree:/home/lhl/nav2_ws/install/nav2_util:/home/lhl/nav2_ws/install/nav2_voxel_grid:/home/lhl/nav2_ws/install/nav2_msgs:/home/lhl/nav2_ws/install/nav2_common:/opt/ros/humble LD_LIBRARY_PATH=/home/lhl/nav2_ws/install/nav2_behaviors/lib:/home/lhl/nav2_ws/install/nav2_costmap_2d/lib:/home/lhl/nav2_ws/install/nav2_behavior_tree/lib:/home/lhl/nav2_ws/install/nav2_util/lib:/home/lhl/nav2_ws/install/nav2_voxel_grid/lib:/home/lhl/nav2_ws/install/nav2_msgs/lib:${LD_LIBRARY_PATH} PYTHONPATH=/home/lhl/nav2_ws/install/nav2_msgs/local/lib/python3.10/dist-packages:/home/lhl/nav2_ws/install/nav2_common/local/lib/python3.10/dist-packages:${PYTHONPATH} /usr/bin/cmake /home/lhl/nav2_ws/src/navigation2_tutorials/nav2_sms_behavior -DCMAKE_INSTALL_PREFIX=/home/lhl/nav2_ws/install/nav2_sms_behavior
[0.077s] -- The C compiler identification is GNU 11.3.0
[0.128s] -- The CXX compiler identification is GNU 11.3.0
[0.135s] -- Detecting C compiler ABI info
[0.199s] -- Detecting C compiler ABI info - done
[0.205s] -- Check for working C compiler: /usr/bin/cc - skipped
[0.205s] -- Detecting C compile features
[0.206s] -- Detecting C compile features - done
[0.208s] -- Detecting CXX compiler ABI info
[0.282s] -- Detecting CXX compiler ABI info - done
[0.289s] -- Check for working CXX compiler: /usr/bin/c++ - skipped
[0.290s] -- Detecting CXX compile features
[0.290s] -- Detecting CXX compile features - done
[0.293s] -- Found ament_cmake: 1.3.4 (/opt/ros/humble/share/ament_cmake/cmake)
[0.458s] -- Found Python3: /usr/bin/python3.10 (found version "3.10.6") found components: Interpreter 
[0.562s] -- Found rclcpp: 16.0.4 (/opt/ros/humble/share/rclcpp/cmake)
[0.617s] -- Found rosidl_generator_c: 3.1.4 (/opt/ros/humble/share/rosidl_generator_c/cmake)
[0.623s] -- Found rosidl_adapter: 3.1.4 (/opt/ros/humble/share/rosidl_adapter/cmake)
[0.633s] -- Found rosidl_generator_cpp: 3.1.4 (/opt/ros/humble/share/rosidl_generator_cpp/cmake)
[0.648s] -- Using all available rosidl_typesupport_c: rosidl_typesupport_fastrtps_c;rosidl_typesupport_introspection_c
[0.671s] -- Using all available rosidl_typesupport_cpp: rosidl_typesupport_fastrtps_cpp;rosidl_typesupport_introspection_cpp
[0.749s] -- Found rmw_implementation_cmake: 6.1.1 (/opt/ros/humble/share/rmw_implementation_cmake/cmake)
[0.753s] -- Found rmw_fastrtps_cpp: 6.2.2 (/opt/ros/humble/share/rmw_fastrtps_cpp/cmake)
[0.852s] -- Found OpenSSL: /usr/lib/x86_64-linux-gnu/libcrypto.so (found version "3.0.2")  
[0.886s] -- Found FastRTPS: /opt/ros/humble/include  
[0.932s] -- Using RMW implementation 'rmw_fastrtps_cpp' as default
[0.944s] -- Looking for pthread.h
[1.013s] -- Looking for pthread.h - found
[1.013s] -- Performing Test CMAKE_HAVE_LIBC_PTHREAD
[1.084s] -- Performing Test CMAKE_HAVE_LIBC_PTHREAD - Success
[1.085s] -- Found Threads: TRUE  
[1.252s] -- Found rclcpp_action: 16.0.4 (/opt/ros/humble/share/rclcpp_action/cmake)
[1.363s] -- Found rclcpp_lifecycle: 16.0.4 (/opt/ros/humble/share/rclcpp_lifecycle/cmake)
[1.408s] -- Found visualization_msgs: 4.2.3 (/opt/ros/humble/share/visualization_msgs/cmake)
[1.680s] -- Found nav2_util: 1.1.6 (/home/lhl/nav2_ws/install/nav2_util/share/nav2_util/cmake)
[2.276s] -- Found eigen3_cmake_module: 0.1.1 (/opt/ros/humble/share/eigen3_cmake_module/cmake)
[2.278s] -- Found Eigen3: TRUE (found version "3.4.0") 
[2.278s] -- Ensuring Eigen3 include directory is part of orocos-kdl CMake target
[2.463s] -- Found nav2_costmap_2d: 1.1.6 (/home/lhl/nav2_ws/install/nav2_costmap_2d/share/nav2_costmap_2d/cmake)
[3.316s] -- Found nav2_core: 1.1.6 (/home/lhl/nav2_ws/install/nav2_core/share/nav2_core/cmake)
[4.102s] -- Found nav2_behaviors: 1.1.6 (/home/lhl/nav2_ws/install/nav2_behaviors/share/nav2_behaviors/cmake)
[8.371s] -- Found rosidl_default_generators: 1.2.0 (/opt/ros/humble/share/rosidl_default_generators/cmake)
[8.452s] -- Found CURL: /usr/lib/x86_64-linux-gnu/libcurl.so (found version "7.81.0")  
[8.709s] -- Found ament_cmake_ros: 0.10.0 (/opt/ros/humble/share/ament_cmake_ros/cmake)
[9.068s] -- Using all available rosidl_typesupport_c: rosidl_typesupport_fastrtps_c;rosidl_typesupport_introspection_c
[9.210s] -- Using all available rosidl_typesupport_cpp: rosidl_typesupport_fastrtps_cpp;rosidl_typesupport_introspection_cpp
[9.237s] -- Found PythonInterp: /usr/bin/python3 (found suitable version "3.10.6", minimum required is "3.6") 
[9.240s] -- Found python_cmake_module: 0.10.0 (/opt/ros/humble/share/python_cmake_module/cmake)
[9.263s] -- Found PythonLibs: /usr/lib/x86_64-linux-gnu/libpython3.10.so (found suitable version "3.10.6", minimum required is "3.5") 
[9.264s] -- Using PYTHON_EXECUTABLE: /usr/bin/python3
[9.264s] -- Using PYTHON_INCLUDE_DIRS: /usr/include/python3.10
[9.264s] -- Using PYTHON_LIBRARIES: /usr/lib/x86_64-linux-gnu/libpython3.10.so
[9.283s] -- Found PythonExtra: .so  
[22.906s] -- Found ament_lint_auto: 0.12.6 (/opt/ros/humble/share/ament_lint_auto/cmake)
[22.938s] -- Added test 'copyright' to check source files copyright and LICENSE
[22.938s] -- Added test 'cppcheck' to perform static code analysis on C / C++ code
[22.939s] -- Configured cppcheck include dirs: /home/lhl/nav2_ws/src/navigation2_tutorials/nav2_sms_behavior/include
[22.939s] -- Configured cppcheck exclude dirs and/or files: 
[22.941s] -- Added test 'cpplint' to check C / C++ code against the Google style
[22.941s] -- Configured cpplint exclude dirs and/or files: 
[22.942s] -- Added test 'lint_cmake' to check CMake code style
[22.944s] -- Added test 'uncrustify' to check C / C++ code style
[22.944s] -- Configured uncrustify additional arguments: 
[22.945s] -- Added test 'xmllint' to check XML markup files
[22.949s] -- Configuring done
[23.210s] -- Generating done
[23.213s] -- Build files have been written to: /home/lhl/nav2_ws/build/nav2_sms_behavior
[23.226s] Invoked command in '/home/lhl/nav2_ws/build/nav2_sms_behavior' returned '0': AMENT_PREFIX_PATH=/home/lhl/nav2_ws/install/nav2_behaviors:/home/lhl/nav2_ws/install/nav2_core:/home/lhl/nav2_ws/install/nav2_costmap_2d:/home/lhl/nav2_ws/install/nav2_behavior_tree:/home/lhl/nav2_ws/install/nav2_util:/home/lhl/nav2_ws/install/nav2_voxel_grid:/home/lhl/nav2_ws/install/nav2_msgs:/home/lhl/nav2_ws/install/nav2_common:${AMENT_PREFIX_PATH} CMAKE_PREFIX_PATH=/home/lhl/nav2_ws/install/nav2_behaviors:/home/lhl/nav2_ws/install/nav2_core:/home/lhl/nav2_ws/install/nav2_costmap_2d:/home/lhl/nav2_ws/install/nav2_behavior_tree:/home/lhl/nav2_ws/install/nav2_util:/home/lhl/nav2_ws/install/nav2_voxel_grid:/home/lhl/nav2_ws/install/nav2_msgs:/home/lhl/nav2_ws/install/nav2_common:/opt/ros/humble LD_LIBRARY_PATH=/home/lhl/nav2_ws/install/nav2_behaviors/lib:/home/lhl/nav2_ws/install/nav2_costmap_2d/lib:/home/lhl/nav2_ws/install/nav2_behavior_tree/lib:/home/lhl/nav2_ws/install/nav2_util/lib:/home/lhl/nav2_ws/install/nav2_voxel_grid/lib:/home/lhl/nav2_ws/install/nav2_msgs/lib:${LD_LIBRARY_PATH} PYTHONPATH=/home/lhl/nav2_ws/install/nav2_msgs/local/lib/python3.10/dist-packages:/home/lhl/nav2_ws/install/nav2_common/local/lib/python3.10/dist-packages:${PYTHONPATH} /usr/bin/cmake /home/lhl/nav2_ws/src/navigation2_tutorials/nav2_sms_behavior -DCMAKE_INSTALL_PREFIX=/home/lhl/nav2_ws/install/nav2_sms_behavior
[23.229s] Invoking command in '/home/lhl/nav2_ws/build/nav2_sms_behavior': AMENT_PREFIX_PATH=/home/lhl/nav2_ws/install/nav2_behaviors:/home/lhl/nav2_ws/install/nav2_core:/home/lhl/nav2_ws/install/nav2_costmap_2d:/home/lhl/nav2_ws/install/nav2_behavior_tree:/home/lhl/nav2_ws/install/nav2_util:/home/lhl/nav2_ws/install/nav2_voxel_grid:/home/lhl/nav2_ws/install/nav2_msgs:/home/lhl/nav2_ws/install/nav2_common:${AMENT_PREFIX_PATH} CMAKE_PREFIX_PATH=/home/lhl/nav2_ws/install/nav2_behaviors:/home/lhl/nav2_ws/install/nav2_core:/home/lhl/nav2_ws/install/nav2_costmap_2d:/home/lhl/nav2_ws/install/nav2_behavior_tree:/home/lhl/nav2_ws/install/nav2_util:/home/lhl/nav2_ws/install/nav2_voxel_grid:/home/lhl/nav2_ws/install/nav2_msgs:/home/lhl/nav2_ws/install/nav2_common:/opt/ros/humble LD_LIBRARY_PATH=/home/lhl/nav2_ws/install/nav2_behaviors/lib:/home/lhl/nav2_ws/install/nav2_costmap_2d/lib:/home/lhl/nav2_ws/install/nav2_behavior_tree/lib:/home/lhl/nav2_ws/install/nav2_util/lib:/home/lhl/nav2_ws/install/nav2_voxel_grid/lib:/home/lhl/nav2_ws/install/nav2_msgs/lib:${LD_LIBRARY_PATH} PYTHONPATH=/home/lhl/nav2_ws/install/nav2_msgs/local/lib/python3.10/dist-packages:/home/lhl/nav2_ws/install/nav2_common/local/lib/python3.10/dist-packages:${PYTHONPATH} /usr/bin/cmake --build /home/lhl/nav2_ws/build/nav2_sms_behavior -- -j8 -l8
[23.271s] [  2%] [34m[1mGenerating C code for ROS interfaces[0m
[23.281s] [  5%] [34m[1mGenerating C++ code for ROS interfaces[0m
[23.288s] [  5%] Built target ament_cmake_python_copy_nav2_sms_behavior
[23.525s] running egg_info
[23.525s] creating nav2_sms_behavior.egg-info
[23.526s] writing nav2_sms_behavior.egg-info/PKG-INFO
[23.526s] writing dependency_links to nav2_sms_behavior.egg-info/dependency_links.txt
[23.526s] writing top-level names to nav2_sms_behavior.egg-info/top_level.txt
[23.526s] writing manifest file 'nav2_sms_behavior.egg-info/SOURCES.txt'
[23.528s] reading manifest file 'nav2_sms_behavior.egg-info/SOURCES.txt'
[23.528s] writing manifest file 'nav2_sms_behavior.egg-info/SOURCES.txt'
[23.559s] [  5%] Built target ament_cmake_python_build_nav2_sms_behavior_egg
[23.745s] [  8%] [32mBuilding C object CMakeFiles/nav2_sms_behavior__rosidl_generator_c.dir/rosidl_generator_c/nav2_sms_behavior/action/detail/send_sms__functions.c.o[0m
[23.783s] [  8%] Built target nav2_sms_behavior__cpp
[23.792s] [ 17%] [34m[1mGenerating C++ introspection for ROS interfaces[0m
[23.792s] [ 17%] [34m[1mGenerating C++ type support for eProsima Fast-RTPS[0m
[23.792s] [ 17%] [34m[1mGenerating C++ type support dispatch for ROS interfaces[0m
[24.056s] [ 20%] [32m[1mLinking C shared library libnav2_sms_behavior__rosidl_generator_c.so[0m
[24.105s] [ 20%] Built target nav2_sms_behavior__rosidl_generator_c
[24.118s] [ 29%] [34m[1mGenerating C introspection for ROS interfaces[0m
[24.118s] [ 29%] [34m[1mGenerating C type support for eProsima Fast-RTPS[0m
[24.118s] [ 29%] [34m[1mGenerating C type support dispatch for ROS interfaces[0m
[24.168s] [ 32%] [32mBuilding CXX object CMakeFiles/nav2_sms_behavior__rosidl_typesupport_cpp.dir/rosidl_typesupport_cpp/nav2_sms_behavior/action/send_sms__type_support.cpp.o[0m
[24.207s] [ 35%] [32mBuilding CXX object CMakeFiles/nav2_sms_behavior__rosidl_typesupport_introspection_cpp.dir/rosidl_typesupport_introspection_cpp/nav2_sms_behavior/action/detail/send_sms__type_support.cpp.o[0m
[24.276s] [ 38%] [32mBuilding CXX object CMakeFiles/nav2_sms_behavior__rosidl_typesupport_fastrtps_cpp.dir/rosidl_typesupport_fastrtps_cpp/nav2_sms_behavior/action/detail/dds_fastrtps/send_sms__type_support.cpp.o[0m
[24.559s] [ 41%] [32mBuilding CXX object CMakeFiles/nav2_sms_behavior__rosidl_typesupport_c.dir/rosidl_typesupport_c/nav2_sms_behavior/action/send_sms__type_support.cpp.o[0m
[24.636s] [ 44%] [32m[1mLinking CXX shared library libnav2_sms_behavior__rosidl_typesupport_c.so[0m
[24.708s] [ 44%] Built target nav2_sms_behavior__rosidl_typesupport_c
[24.773s] [ 47%] [32mBuilding C object CMakeFiles/nav2_sms_behavior__rosidl_typesupport_introspection_c.dir/rosidl_typesupport_introspection_c/nav2_sms_behavior/action/detail/send_sms__type_support.c.o[0m
[24.801s] [ 50%] [32mBuilding CXX object CMakeFiles/nav2_sms_behavior__rosidl_typesupport_fastrtps_c.dir/rosidl_typesupport_fastrtps_c/nav2_sms_behavior/action/detail/send_sms__type_support_c.cpp.o[0m
[24.827s] [ 52%] [32m[1mLinking CXX shared library libnav2_sms_behavior__rosidl_typesupport_cpp.so[0m
[24.860s] [ 55%] [32m[1mLinking C shared library libnav2_sms_behavior__rosidl_typesupport_introspection_c.so[0m
[24.870s] [ 55%] Built target nav2_sms_behavior__rosidl_typesupport_cpp
[24.899s] [ 55%] Built target nav2_sms_behavior__rosidl_typesupport_introspection_c
[24.902s] [ 61%] [32mBuilding CXX object CMakeFiles/nav2_sms_behavior_plugin.dir/src/twilio.cpp.o[0m
[24.903s] [ 61%] [32mBuilding CXX object CMakeFiles/nav2_sms_behavior_plugin.dir/src/send_sms.cpp.o[0m
[25.043s] [ 64%] [32m[1mLinking CXX shared library libnav2_sms_behavior__rosidl_typesupport_introspection_cpp.so[0m
[25.085s] [ 67%] [32m[1mLinking CXX shared library libnav2_sms_behavior__rosidl_typesupport_fastrtps_cpp.so[0m
[25.168s] [ 67%] Built target nav2_sms_behavior__rosidl_typesupport_introspection_cpp
[25.188s] [ 67%] Built target nav2_sms_behavior__rosidl_typesupport_fastrtps_cpp
[25.329s] [ 70%] [32m[1mLinking CXX shared library libnav2_sms_behavior__rosidl_typesupport_fastrtps_c.so[0m
[25.408s] [ 70%] Built target nav2_sms_behavior__rosidl_typesupport_fastrtps_c
[25.428s] [ 70%] Built target nav2_sms_behavior
[25.449s] [ 73%] [34m[1mGenerating Python code for ROS interfaces[0m
[26.228s] [ 73%] Built target nav2_sms_behavior__py
[26.249s] [ 76%] [32mBuilding C object CMakeFiles/nav2_sms_behavior__rosidl_generator_py.dir/rosidl_generator_py/nav2_sms_behavior/action/_send_sms_s.c.o[0m
[26.408s] [ 79%] [32m[1mLinking C shared library rosidl_generator_py/nav2_sms_behavior/libnav2_sms_behavior__rosidl_generator_py.so[0m
[26.450s] [ 79%] Built target nav2_sms_behavior__rosidl_generator_py
[26.471s] [ 82%] [32mBuilding C object CMakeFiles/nav2_sms_behavior__rosidl_typesupport_c__pyext.dir/rosidl_generator_py/nav2_sms_behavior/_nav2_sms_behavior_s.ep.rosidl_typesupport_c.c.o[0m
[26.473s] [ 88%] [32mBuilding C object CMakeFiles/nav2_sms_behavior__rosidl_typesupport_introspection_c__pyext.dir/rosidl_generator_py/nav2_sms_behavior/_nav2_sms_behavior_s.ep.rosidl_typesupport_introspection_c.c.o[0m
[26.473s] [ 88%] [32mBuilding C object CMakeFiles/nav2_sms_behavior__rosidl_typesupport_fastrtps_c__pyext.dir/rosidl_generator_py/nav2_sms_behavior/_nav2_sms_behavior_s.ep.rosidl_typesupport_fastrtps_c.c.o[0m
[26.593s] [ 91%] [32m[1mLinking C shared library rosidl_generator_py/nav2_sms_behavior/nav2_sms_behavior_s__rosidl_typesupport_c.cpython-310-x86_64-linux-gnu.so[0m
[26.635s] [ 91%] Built target nav2_sms_behavior__rosidl_typesupport_c__pyext
[26.663s] [ 94%] [32m[1mLinking C shared library rosidl_generator_py/nav2_sms_behavior/nav2_sms_behavior_s__rosidl_typesupport_fastrtps_c.cpython-310-x86_64-linux-gnu.so[0m
[26.663s] [ 97%] [32m[1mLinking C shared library rosidl_generator_py/nav2_sms_behavior/nav2_sms_behavior_s__rosidl_typesupport_introspection_c.cpython-310-x86_64-linux-gnu.so[0m
[26.703s] [ 97%] Built target nav2_sms_behavior__rosidl_typesupport_fastrtps_c__pyext
[26.703s] [ 97%] Built target nav2_sms_behavior__rosidl_typesupport_introspection_c__pyext
[31.178s] [100%] [32m[1mLinking CXX shared library libnav2_sms_behavior_plugin.so[0m
[32.141s] [100%] Built target nav2_sms_behavior_plugin
[32.151s] Invoked command in '/home/lhl/nav2_ws/build/nav2_sms_behavior' returned '0': AMENT_PREFIX_PATH=/home/lhl/nav2_ws/install/nav2_behaviors:/home/lhl/nav2_ws/install/nav2_core:/home/lhl/nav2_ws/install/nav2_costmap_2d:/home/lhl/nav2_ws/install/nav2_behavior_tree:/home/lhl/nav2_ws/install/nav2_util:/home/lhl/nav2_ws/install/nav2_voxel_grid:/home/lhl/nav2_ws/install/nav2_msgs:/home/lhl/nav2_ws/install/nav2_common:${AMENT_PREFIX_PATH} CMAKE_PREFIX_PATH=/home/lhl/nav2_ws/install/nav2_behaviors:/home/lhl/nav2_ws/install/nav2_core:/home/lhl/nav2_ws/install/nav2_costmap_2d:/home/lhl/nav2_ws/install/nav2_behavior_tree:/home/lhl/nav2_ws/install/nav2_util:/home/lhl/nav2_ws/install/nav2_voxel_grid:/home/lhl/nav2_ws/install/nav2_msgs:/home/lhl/nav2_ws/install/nav2_common:/opt/ros/humble LD_LIBRARY_PATH=/home/lhl/nav2_ws/install/nav2_behaviors/lib:/home/lhl/nav2_ws/install/nav2_costmap_2d/lib:/home/lhl/nav2_ws/install/nav2_behavior_tree/lib:/home/lhl/nav2_ws/install/nav2_util/lib:/home/lhl/nav2_ws/install/nav2_voxel_grid/lib:/home/lhl/nav2_ws/install/nav2_msgs/lib:${LD_LIBRARY_PATH} PYTHONPATH=/home/lhl/nav2_ws/install/nav2_msgs/local/lib/python3.10/dist-packages:/home/lhl/nav2_ws/install/nav2_common/local/lib/python3.10/dist-packages:${PYTHONPATH} /usr/bin/cmake --build /home/lhl/nav2_ws/build/nav2_sms_behavior -- -j8 -l8
[32.211s] Invoking command in '/home/lhl/nav2_ws/build/nav2_sms_behavior': AMENT_PREFIX_PATH=/home/lhl/nav2_ws/install/nav2_behaviors:/home/lhl/nav2_ws/install/nav2_core:/home/lhl/nav2_ws/install/nav2_costmap_2d:/home/lhl/nav2_ws/install/nav2_behavior_tree:/home/lhl/nav2_ws/install/nav2_util:/home/lhl/nav2_ws/install/nav2_voxel_grid:/home/lhl/nav2_ws/install/nav2_msgs:/home/lhl/nav2_ws/install/nav2_common:${AMENT_PREFIX_PATH} CMAKE_PREFIX_PATH=/home/lhl/nav2_ws/install/nav2_behaviors:/home/lhl/nav2_ws/install/nav2_core:/home/lhl/nav2_ws/install/nav2_costmap_2d:/home/lhl/nav2_ws/install/nav2_behavior_tree:/home/lhl/nav2_ws/install/nav2_util:/home/lhl/nav2_ws/install/nav2_voxel_grid:/home/lhl/nav2_ws/install/nav2_msgs:/home/lhl/nav2_ws/install/nav2_common:/opt/ros/humble LD_LIBRARY_PATH=/home/lhl/nav2_ws/install/nav2_behaviors/lib:/home/lhl/nav2_ws/install/nav2_costmap_2d/lib:/home/lhl/nav2_ws/install/nav2_behavior_tree/lib:/home/lhl/nav2_ws/install/nav2_util/lib:/home/lhl/nav2_ws/install/nav2_voxel_grid/lib:/home/lhl/nav2_ws/install/nav2_msgs/lib:${LD_LIBRARY_PATH} PYTHONPATH=/home/lhl/nav2_ws/install/nav2_msgs/local/lib/python3.10/dist-packages:/home/lhl/nav2_ws/install/nav2_common/local/lib/python3.10/dist-packages:${PYTHONPATH} /usr/bin/cmake --install /home/lhl/nav2_ws/build/nav2_sms_behavior
[32.218s] -- Install configuration: ""
[32.218s] -- Installing: /home/lhl/nav2_ws/install/nav2_sms_behavior/share/ament_index/resource_index/rosidl_interfaces/nav2_sms_behavior
[32.219s] -- Installing: /home/lhl/nav2_ws/install/nav2_sms_behavior/include/nav2_sms_behavior/nav2_sms_behavior
[32.219s] -- Installing: /home/lhl/nav2_ws/install/nav2_sms_behavior/include/nav2_sms_behavior/nav2_sms_behavior/msg
[32.219s] -- Installing: /home/lhl/nav2_ws/install/nav2_sms_behavior/include/nav2_sms_behavior/nav2_sms_behavior/msg/rosidl_generator_c__visibility_control.h
[32.219s] -- Installing: /home/lhl/nav2_ws/install/nav2_sms_behavior/include/nav2_sms_behavior/nav2_sms_behavior/action
[32.219s] -- Installing: /home/lhl/nav2_ws/install/nav2_sms_behavior/include/nav2_sms_behavior/nav2_sms_behavior/action/send_sms.h
[32.219s] -- Installing: /home/lhl/nav2_ws/install/nav2_sms_behavior/include/nav2_sms_behavior/nav2_sms_behavior/action/detail
[32.219s] -- Installing: /home/lhl/nav2_ws/install/nav2_sms_behavior/include/nav2_sms_behavior/nav2_sms_behavior/action/detail/send_sms__functions.c
[32.220s] -- Installing: /home/lhl/nav2_ws/install/nav2_sms_behavior/include/nav2_sms_behavior/nav2_sms_behavior/action/detail/send_sms__functions.h
[32.220s] -- Installing: /home/lhl/nav2_ws/install/nav2_sms_behavior/include/nav2_sms_behavior/nav2_sms_behavior/action/detail/send_sms__struct.h
[32.220s] -- Installing: /home/lhl/nav2_ws/install/nav2_sms_behavior/include/nav2_sms_behavior/nav2_sms_behavior/action/detail/send_sms__type_support.h
[32.220s] -- Installing: /home/lhl/nav2_ws/install/nav2_sms_behavior/share/nav2_sms_behavior/environment/library_path.sh
[32.220s] -- Installing: /home/lhl/nav2_ws/install/nav2_sms_behavior/share/nav2_sms_behavior/environment/library_path.dsv
[32.221s] -- Installing: /home/lhl/nav2_ws/install/nav2_sms_behavior/lib/libnav2_sms_behavior__rosidl_generator_c.so
[32.221s] -- Set runtime path of "/home/lhl/nav2_ws/install/nav2_sms_behavior/lib/libnav2_sms_behavior__rosidl_generator_c.so" to ""
[32.221s] -- Up-to-date: /home/lhl/nav2_ws/install/nav2_sms_behavior/include/nav2_sms_behavior/nav2_sms_behavior
[32.222s] -- Up-to-date: /home/lhl/nav2_ws/install/nav2_sms_behavior/include/nav2_sms_behavior/nav2_sms_behavior/msg
[32.222s] -- Installing: /home/lhl/nav2_ws/install/nav2_sms_behavior/include/nav2_sms_behavior/nav2_sms_behavior/msg/rosidl_typesupport_fastrtps_c__visibility_control.h
[32.222s] -- Up-to-date: /home/lhl/nav2_ws/install/nav2_sms_behavior/include/nav2_sms_behavior/nav2_sms_behavior/action
[32.222s] -- Up-to-date: /home/lhl/nav2_ws/install/nav2_sms_behavior/include/nav2_sms_behavior/nav2_sms_behavior/action/detail
[32.222s] -- Installing: /home/lhl/nav2_ws/install/nav2_sms_behavior/include/nav2_sms_behavior/nav2_sms_behavior/action/detail/send_sms__rosidl_typesupport_fastrtps_c.h
[32.222s] -- Installing: /home/lhl/nav2_ws/install/nav2_sms_behavior/lib/libnav2_sms_behavior__rosidl_typesupport_fastrtps_c.so
[32.222s] -- Set runtime path of "/home/lhl/nav2_ws/install/nav2_sms_behavior/lib/libnav2_sms_behavior__rosidl_typesupport_fastrtps_c.so" to ""
[32.223s] -- Up-to-date: /home/lhl/nav2_ws/install/nav2_sms_behavior/include/nav2_sms_behavior/nav2_sms_behavior
[32.223s] -- Up-to-date: /home/lhl/nav2_ws/install/nav2_sms_behavior/include/nav2_sms_behavior/nav2_sms_behavior/action
[32.223s] -- Installing: /home/lhl/nav2_ws/install/nav2_sms_behavior/include/nav2_sms_behavior/nav2_sms_behavior/action/send_sms.hpp
[32.223s] -- Up-to-date: /home/lhl/nav2_ws/install/nav2_sms_behavior/include/nav2_sms_behavior/nav2_sms_behavior/action/detail
[32.223s] -- Installing: /home/lhl/nav2_ws/install/nav2_sms_behavior/include/nav2_sms_behavior/nav2_sms_behavior/action/detail/send_sms__traits.hpp
[32.223s] -- Installing: /home/lhl/nav2_ws/install/nav2_sms_behavior/include/nav2_sms_behavior/nav2_sms_behavior/action/detail/send_sms__builder.hpp
[32.223s] -- Installing: /home/lhl/nav2_ws/install/nav2_sms_behavior/include/nav2_sms_behavior/nav2_sms_behavior/action/detail/send_sms__struct.hpp
[32.223s] -- Up-to-date: /home/lhl/nav2_ws/install/nav2_sms_behavior/include/nav2_sms_behavior/nav2_sms_behavior
[32.224s] -- Up-to-date: /home/lhl/nav2_ws/install/nav2_sms_behavior/include/nav2_sms_behavior/nav2_sms_behavior/msg
[32.224s] -- Installing: /home/lhl/nav2_ws/install/nav2_sms_behavior/include/nav2_sms_behavior/nav2_sms_behavior/msg/rosidl_typesupport_fastrtps_cpp__visibility_control.h
[32.224s] -- Up-to-date: /home/lhl/nav2_ws/install/nav2_sms_behavior/include/nav2_sms_behavior/nav2_sms_behavior/action
[32.224s] -- Up-to-date: /home/lhl/nav2_ws/install/nav2_sms_behavior/include/nav2_sms_behavior/nav2_sms_behavior/action/detail
[32.224s] -- Installing: /home/lhl/nav2_ws/install/nav2_sms_behavior/include/nav2_sms_behavior/nav2_sms_behavior/action/detail/send_sms__rosidl_typesupport_fastrtps_cpp.hpp
[32.224s] -- Installing: /home/lhl/nav2_ws/install/nav2_sms_behavior/include/nav2_sms_behavior/nav2_sms_behavior/action/detail/dds_fastrtps
[32.224s] -- Installing: /home/lhl/nav2_ws/install/nav2_sms_behavior/lib/libnav2_sms_behavior__rosidl_typesupport_fastrtps_cpp.so
[32.224s] -- Set runtime path of "/home/lhl/nav2_ws/install/nav2_sms_behavior/lib/libnav2_sms_behavior__rosidl_typesupport_fastrtps_cpp.so" to ""
[32.225s] -- Up-to-date: /home/lhl/nav2_ws/install/nav2_sms_behavior/include/nav2_sms_behavior/nav2_sms_behavior
[32.225s] -- Up-to-date: /home/lhl/nav2_ws/install/nav2_sms_behavior/include/nav2_sms_behavior/nav2_sms_behavior/msg
[32.225s] -- Installing: /home/lhl/nav2_ws/install/nav2_sms_behavior/include/nav2_sms_behavior/nav2_sms_behavior/msg/rosidl_typesupport_introspection_c__visibility_control.h
[32.225s] -- Up-to-date: /home/lhl/nav2_ws/install/nav2_sms_behavior/include/nav2_sms_behavior/nav2_sms_behavior/action
[32.225s] -- Up-to-date: /home/lhl/nav2_ws/install/nav2_sms_behavior/include/nav2_sms_behavior/nav2_sms_behavior/action/detail
[32.225s] -- Installing: /home/lhl/nav2_ws/install/nav2_sms_behavior/include/nav2_sms_behavior/nav2_sms_behavior/action/detail/send_sms__type_support.c
[32.225s] -- Installing: /home/lhl/nav2_ws/install/nav2_sms_behavior/include/nav2_sms_behavior/nav2_sms_behavior/action/detail/send_sms__rosidl_typesupport_introspection_c.h
[32.225s] -- Installing: /home/lhl/nav2_ws/install/nav2_sms_behavior/lib/libnav2_sms_behavior__rosidl_typesupport_introspection_c.so
[32.226s] -- Set runtime path of "/home/lhl/nav2_ws/install/nav2_sms_behavior/lib/libnav2_sms_behavior__rosidl_typesupport_introspection_c.so" to ""
[32.226s] -- Installing: /home/lhl/nav2_ws/install/nav2_sms_behavior/lib/libnav2_sms_behavior__rosidl_typesupport_c.so
[32.226s] -- Set runtime path of "/home/lhl/nav2_ws/install/nav2_sms_behavior/lib/libnav2_sms_behavior__rosidl_typesupport_c.so" to ""
[32.226s] -- Up-to-date: /home/lhl/nav2_ws/install/nav2_sms_behavior/include/nav2_sms_behavior/nav2_sms_behavior
[32.226s] -- Up-to-date: /home/lhl/nav2_ws/install/nav2_sms_behavior/include/nav2_sms_behavior/nav2_sms_behavior/action
[32.227s] -- Up-to-date: /home/lhl/nav2_ws/install/nav2_sms_behavior/include/nav2_sms_behavior/nav2_sms_behavior/action/detail
[32.227s] -- Installing: /home/lhl/nav2_ws/install/nav2_sms_behavior/include/nav2_sms_behavior/nav2_sms_behavior/action/detail/send_sms__rosidl_typesupport_introspection_cpp.hpp
[32.227s] -- Installing: /home/lhl/nav2_ws/install/nav2_sms_behavior/include/nav2_sms_behavior/nav2_sms_behavior/action/detail/send_sms__type_support.cpp
[32.227s] -- Installing: /home/lhl/nav2_ws/install/nav2_sms_behavior/lib/libnav2_sms_behavior__rosidl_typesupport_introspection_cpp.so
[32.227s] -- Set runtime path of "/home/lhl/nav2_ws/install/nav2_sms_behavior/lib/libnav2_sms_behavior__rosidl_typesupport_introspection_cpp.so" to ""
[32.227s] -- Installing: /home/lhl/nav2_ws/install/nav2_sms_behavior/lib/libnav2_sms_behavior__rosidl_typesupport_cpp.so
[32.228s] -- Set runtime path of "/home/lhl/nav2_ws/install/nav2_sms_behavior/lib/libnav2_sms_behavior__rosidl_typesupport_cpp.so" to ""
[32.228s] -- Installing: /home/lhl/nav2_ws/install/nav2_sms_behavior/share/nav2_sms_behavior/environment/pythonpath.sh
[32.228s] -- Installing: /home/lhl/nav2_ws/install/nav2_sms_behavior/share/nav2_sms_behavior/environment/pythonpath.dsv
[32.228s] -- Installing: /home/lhl/nav2_ws/install/nav2_sms_behavior/local/lib/python3.10/dist-packages/nav2_sms_behavior-1.0.0-py3.10.egg-info
[32.228s] -- Installing: /home/lhl/nav2_ws/install/nav2_sms_behavior/local/lib/python3.10/dist-packages/nav2_sms_behavior-1.0.0-py3.10.egg-info/dependency_links.txt
[32.229s] -- Installing: /home/lhl/nav2_ws/install/nav2_sms_behavior/local/lib/python3.10/dist-packages/nav2_sms_behavior-1.0.0-py3.10.egg-info/SOURCES.txt
[32.229s] -- Installing: /home/lhl/nav2_ws/install/nav2_sms_behavior/local/lib/python3.10/dist-packages/nav2_sms_behavior-1.0.0-py3.10.egg-info/PKG-INFO
[32.229s] -- Installing: /home/lhl/nav2_ws/install/nav2_sms_behavior/local/lib/python3.10/dist-packages/nav2_sms_behavior-1.0.0-py3.10.egg-info/top_level.txt
[32.229s] -- Installing: /home/lhl/nav2_ws/install/nav2_sms_behavior/local/lib/python3.10/dist-packages/nav2_sms_behavior
[32.229s] -- Installing: /home/lhl/nav2_ws/install/nav2_sms_behavior/local/lib/python3.10/dist-packages/nav2_sms_behavior/nav2_sms_behavior_s__rosidl_typesupport_introspection_c.cpython-310-x86_64-linux-gnu.so
[32.229s] -- Installing: /home/lhl/nav2_ws/install/nav2_sms_behavior/local/lib/python3.10/dist-packages/nav2_sms_behavior/libnav2_sms_behavior__rosidl_generator_py.so
[32.230s] -- Installing: /home/lhl/nav2_ws/install/nav2_sms_behavior/local/lib/python3.10/dist-packages/nav2_sms_behavior/_nav2_sms_behavior_s.ep.rosidl_typesupport_introspection_c.c
[32.230s] -- Installing: /home/lhl/nav2_ws/install/nav2_sms_behavior/local/lib/python3.10/dist-packages/nav2_sms_behavior/action
[32.230s] -- Installing: /home/lhl/nav2_ws/install/nav2_sms_behavior/local/lib/python3.10/dist-packages/nav2_sms_behavior/action/_send_sms_s.c
[32.230s] -- Installing: /home/lhl/nav2_ws/install/nav2_sms_behavior/local/lib/python3.10/dist-packages/nav2_sms_behavior/action/__init__.py
[32.230s] -- Installing: /home/lhl/nav2_ws/install/nav2_sms_behavior/local/lib/python3.10/dist-packages/nav2_sms_behavior/action/_send_sms.py
[32.230s] -- Installing: /home/lhl/nav2_ws/install/nav2_sms_behavior/local/lib/python3.10/dist-packages/nav2_sms_behavior/nav2_sms_behavior_s__rosidl_typesupport_fastrtps_c.cpython-310-x86_64-linux-gnu.so
[32.231s] -- Installing: /home/lhl/nav2_ws/install/nav2_sms_behavior/local/lib/python3.10/dist-packages/nav2_sms_behavior/nav2_sms_behavior_s__rosidl_typesupport_c.cpython-310-x86_64-linux-gnu.so
[32.231s] -- Installing: /home/lhl/nav2_ws/install/nav2_sms_behavior/local/lib/python3.10/dist-packages/nav2_sms_behavior/_nav2_sms_behavior_s.ep.rosidl_typesupport_c.c
[32.231s] -- Installing: /home/lhl/nav2_ws/install/nav2_sms_behavior/local/lib/python3.10/dist-packages/nav2_sms_behavior/_nav2_sms_behavior_s.ep.rosidl_typesupport_fastrtps_c.c
[32.231s] -- Installing: /home/lhl/nav2_ws/install/nav2_sms_behavior/local/lib/python3.10/dist-packages/nav2_sms_behavior/__init__.py
[32.268s] Listing '/home/lhl/nav2_ws/install/nav2_sms_behavior/local/lib/python3.10/dist-packages/nav2_sms_behavior'...
[32.268s] Compiling '/home/lhl/nav2_ws/install/nav2_sms_behavior/local/lib/python3.10/dist-packages/nav2_sms_behavior/__init__.py'...
[32.268s] Listing '/home/lhl/nav2_ws/install/nav2_sms_behavior/local/lib/python3.10/dist-packages/nav2_sms_behavior/action'...
[32.268s] Compiling '/home/lhl/nav2_ws/install/nav2_sms_behavior/local/lib/python3.10/dist-packages/nav2_sms_behavior/action/__init__.py'...
[32.268s] Compiling '/home/lhl/nav2_ws/install/nav2_sms_behavior/local/lib/python3.10/dist-packages/nav2_sms_behavior/action/_send_sms.py'...
[32.273s] -- Installing: /home/lhl/nav2_ws/install/nav2_sms_behavior/local/lib/python3.10/dist-packages/nav2_sms_behavior/nav2_sms_behavior_s__rosidl_typesupport_fastrtps_c.cpython-310-x86_64-linux-gnu.so
[32.273s] -- Set runtime path of "/home/lhl/nav2_ws/install/nav2_sms_behavior/local/lib/python3.10/dist-packages/nav2_sms_behavior/nav2_sms_behavior_s__rosidl_typesupport_fastrtps_c.cpython-310-x86_64-linux-gnu.so" to ""
[32.273s] -- Installing: /home/lhl/nav2_ws/install/nav2_sms_behavior/local/lib/python3.10/dist-packages/nav2_sms_behavior/nav2_sms_behavior_s__rosidl_typesupport_introspection_c.cpython-310-x86_64-linux-gnu.so
[32.274s] -- Set runtime path of "/home/lhl/nav2_ws/install/nav2_sms_behavior/local/lib/python3.10/dist-packages/nav2_sms_behavior/nav2_sms_behavior_s__rosidl_typesupport_introspection_c.cpython-310-x86_64-linux-gnu.so" to ""
[32.274s] -- Installing: /home/lhl/nav2_ws/install/nav2_sms_behavior/local/lib/python3.10/dist-packages/nav2_sms_behavior/nav2_sms_behavior_s__rosidl_typesupport_c.cpython-310-x86_64-linux-gnu.so
[32.275s] -- Set runtime path of "/home/lhl/nav2_ws/install/nav2_sms_behavior/local/lib/python3.10/dist-packages/nav2_sms_behavior/nav2_sms_behavior_s__rosidl_typesupport_c.cpython-310-x86_64-linux-gnu.so" to ""
[32.275s] -- Installing: /home/lhl/nav2_ws/install/nav2_sms_behavior/lib/libnav2_sms_behavior__rosidl_generator_py.so
[32.275s] -- Set runtime path of "/home/lhl/nav2_ws/install/nav2_sms_behavior/lib/libnav2_sms_behavior__rosidl_generator_py.so" to ""
[32.275s] -- Installing: /home/lhl/nav2_ws/install/nav2_sms_behavior/share/nav2_sms_behavior/action/SendSms.idl
[32.276s] -- Installing: /home/lhl/nav2_ws/install/nav2_sms_behavior/share/nav2_sms_behavior/action/SendSms.action
[32.276s] -- Installing: /home/lhl/nav2_ws/install/nav2_sms_behavior/share/nav2_sms_behavior/behavior_plugin.xml
[32.276s] -- Installing: /home/lhl/nav2_ws/install/nav2_sms_behavior/lib/libnav2_sms_behavior_plugin.so
[32.281s] -- Set runtime path of "/home/lhl/nav2_ws/install/nav2_sms_behavior/lib/libnav2_sms_behavior_plugin.so" to ""
[32.281s] -- Up-to-date: /home/lhl/nav2_ws/install/nav2_sms_behavior/include/
[32.281s] -- Up-to-date: /home/lhl/nav2_ws/install/nav2_sms_behavior/include//nav2_sms_behavior
[32.281s] -- Installing: /home/lhl/nav2_ws/install/nav2_sms_behavior/include//nav2_sms_behavior/twilio.hpp
[32.281s] -- Installing: /home/lhl/nav2_ws/install/nav2_sms_behavior/include//nav2_sms_behavior/type_conversion.hpp
[32.281s] -- Installing: /home/lhl/nav2_ws/install/nav2_sms_behavior/include//nav2_sms_behavior/send_sms.hpp
[32.281s] -- Up-to-date: /home/lhl/nav2_ws/install/nav2_sms_behavior/share/nav2_sms_behavior/behavior_plugin.xml
[32.281s] -- Installing: /home/lhl/nav2_ws/install/nav2_sms_behavior/share/ament_index/resource_index/package_run_dependencies/nav2_sms_behavior
[32.281s] -- Installing: /home/lhl/nav2_ws/install/nav2_sms_behavior/share/ament_index/resource_index/parent_prefix_path/nav2_sms_behavior
[32.281s] -- Installing: /home/lhl/nav2_ws/install/nav2_sms_behavior/share/nav2_sms_behavior/environment/ament_prefix_path.sh
[32.282s] -- Installing: /home/lhl/nav2_ws/install/nav2_sms_behavior/share/nav2_sms_behavior/environment/ament_prefix_path.dsv
[32.282s] -- Installing: /home/lhl/nav2_ws/install/nav2_sms_behavior/share/nav2_sms_behavior/environment/path.sh
[32.282s] -- Installing: /home/lhl/nav2_ws/install/nav2_sms_behavior/share/nav2_sms_behavior/environment/path.dsv
[32.282s] -- Installing: /home/lhl/nav2_ws/install/nav2_sms_behavior/share/nav2_sms_behavior/local_setup.bash
[32.282s] -- Installing: /home/lhl/nav2_ws/install/nav2_sms_behavior/share/nav2_sms_behavior/local_setup.sh
[32.282s] -- Installing: /home/lhl/nav2_ws/install/nav2_sms_behavior/share/nav2_sms_behavior/local_setup.zsh
[32.283s] -- Installing: /home/lhl/nav2_ws/install/nav2_sms_behavior/share/nav2_sms_behavior/local_setup.dsv
[32.283s] -- Installing: /home/lhl/nav2_ws/install/nav2_sms_behavior/share/nav2_sms_behavior/package.dsv
[32.283s] -- Installing: /home/lhl/nav2_ws/install/nav2_sms_behavior/share/ament_index/resource_index/packages/nav2_sms_behavior
[32.283s] -- Installing: /home/lhl/nav2_ws/install/nav2_sms_behavior/share/ament_index/resource_index/nav2_core__pluginlib__plugin/nav2_sms_behavior
[32.283s] -- Installing: /home/lhl/nav2_ws/install/nav2_sms_behavior/share/nav2_sms_behavior/cmake/export_nav2_sms_behavior__rosidl_generator_cExport.cmake
[32.284s] -- Installing: /home/lhl/nav2_ws/install/nav2_sms_behavior/share/nav2_sms_behavior/cmake/export_nav2_sms_behavior__rosidl_generator_cExport-noconfig.cmake
[32.284s] -- Installing: /home/lhl/nav2_ws/install/nav2_sms_behavior/share/nav2_sms_behavior/cmake/export_nav2_sms_behavior__rosidl_typesupport_fastrtps_cExport.cmake
[32.284s] -- Installing: /home/lhl/nav2_ws/install/nav2_sms_behavior/share/nav2_sms_behavior/cmake/export_nav2_sms_behavior__rosidl_typesupport_fastrtps_cExport-noconfig.cmake
[32.284s] -- Installing: /home/lhl/nav2_ws/install/nav2_sms_behavior/share/nav2_sms_behavior/cmake/export_nav2_sms_behavior__rosidl_generator_cppExport.cmake
[32.284s] -- Installing: /home/lhl/nav2_ws/install/nav2_sms_behavior/share/nav2_sms_behavior/cmake/export_nav2_sms_behavior__rosidl_typesupport_fastrtps_cppExport.cmake
[32.284s] -- Installing: /home/lhl/nav2_ws/install/nav2_sms_behavior/share/nav2_sms_behavior/cmake/export_nav2_sms_behavior__rosidl_typesupport_fastrtps_cppExport-noconfig.cmake
[32.285s] -- Installing: /home/lhl/nav2_ws/install/nav2_sms_behavior/share/nav2_sms_behavior/cmake/nav2_sms_behavior__rosidl_typesupport_introspection_cExport.cmake
[32.285s] -- Installing: /home/lhl/nav2_ws/install/nav2_sms_behavior/share/nav2_sms_behavior/cmake/nav2_sms_behavior__rosidl_typesupport_introspection_cExport-noconfig.cmake
[32.285s] -- Installing: /home/lhl/nav2_ws/install/nav2_sms_behavior/share/nav2_sms_behavior/cmake/nav2_sms_behavior__rosidl_typesupport_cExport.cmake
[32.285s] -- Installing: /home/lhl/nav2_ws/install/nav2_sms_behavior/share/nav2_sms_behavior/cmake/nav2_sms_behavior__rosidl_typesupport_cExport-noconfig.cmake
[32.285s] -- Installing: /home/lhl/nav2_ws/install/nav2_sms_behavior/share/nav2_sms_behavior/cmake/nav2_sms_behavior__rosidl_typesupport_introspection_cppExport.cmake
[32.286s] -- Installing: /home/lhl/nav2_ws/install/nav2_sms_behavior/share/nav2_sms_behavior/cmake/nav2_sms_behavior__rosidl_typesupport_introspection_cppExport-noconfig.cmake
[32.286s] -- Installing: /home/lhl/nav2_ws/install/nav2_sms_behavior/share/nav2_sms_behavior/cmake/nav2_sms_behavior__rosidl_typesupport_cppExport.cmake
[32.286s] -- Installing: /home/lhl/nav2_ws/install/nav2_sms_behavior/share/nav2_sms_behavior/cmake/nav2_sms_behavior__rosidl_typesupport_cppExport-noconfig.cmake
[32.286s] -- Installing: /home/lhl/nav2_ws/install/nav2_sms_behavior/share/nav2_sms_behavior/cmake/export_nav2_sms_behavior__rosidl_generator_pyExport.cmake
[32.286s] -- Installing: /home/lhl/nav2_ws/install/nav2_sms_behavior/share/nav2_sms_behavior/cmake/export_nav2_sms_behavior__rosidl_generator_pyExport-noconfig.cmake
[32.286s] -- Installing: /home/lhl/nav2_ws/install/nav2_sms_behavior/share/nav2_sms_behavior/cmake/rosidl_cmake-extras.cmake
[32.286s] -- Installing: /home/lhl/nav2_ws/install/nav2_sms_behavior/share/nav2_sms_behavior/cmake/ament_cmake_export_dependencies-extras.cmake
[32.287s] -- Installing: /home/lhl/nav2_ws/install/nav2_sms_behavior/share/nav2_sms_behavior/cmake/ament_cmake_export_include_directories-extras.cmake
[32.287s] -- Installing: /home/lhl/nav2_ws/install/nav2_sms_behavior/share/nav2_sms_behavior/cmake/ament_cmake_export_libraries-extras.cmake
[32.287s] -- Installing: /home/lhl/nav2_ws/install/nav2_sms_behavior/share/nav2_sms_behavior/cmake/ament_cmake_export_targets-extras.cmake
[32.287s] -- Installing: /home/lhl/nav2_ws/install/nav2_sms_behavior/share/nav2_sms_behavior/cmake/rosidl_cmake_export_typesupport_targets-extras.cmake
[32.287s] -- Installing: /home/lhl/nav2_ws/install/nav2_sms_behavior/share/nav2_sms_behavior/cmake/rosidl_cmake_export_typesupport_libraries-extras.cmake
[32.288s] -- Installing: /home/lhl/nav2_ws/install/nav2_sms_behavior/share/nav2_sms_behavior/cmake/nav2_sms_behaviorConfig.cmake
[32.288s] -- Installing: /home/lhl/nav2_ws/install/nav2_sms_behavior/share/nav2_sms_behavior/cmake/nav2_sms_behaviorConfig-version.cmake
[32.288s] -- Installing: /home/lhl/nav2_ws/install/nav2_sms_behavior/share/nav2_sms_behavior/package.xml
[32.293s] Invoked command in '/home/lhl/nav2_ws/build/nav2_sms_behavior' returned '0': AMENT_PREFIX_PATH=/home/lhl/nav2_ws/install/nav2_behaviors:/home/lhl/nav2_ws/install/nav2_core:/home/lhl/nav2_ws/install/nav2_costmap_2d:/home/lhl/nav2_ws/install/nav2_behavior_tree:/home/lhl/nav2_ws/install/nav2_util:/home/lhl/nav2_ws/install/nav2_voxel_grid:/home/lhl/nav2_ws/install/nav2_msgs:/home/lhl/nav2_ws/install/nav2_common:${AMENT_PREFIX_PATH} CMAKE_PREFIX_PATH=/home/lhl/nav2_ws/install/nav2_behaviors:/home/lhl/nav2_ws/install/nav2_core:/home/lhl/nav2_ws/install/nav2_costmap_2d:/home/lhl/nav2_ws/install/nav2_behavior_tree:/home/lhl/nav2_ws/install/nav2_util:/home/lhl/nav2_ws/install/nav2_voxel_grid:/home/lhl/nav2_ws/install/nav2_msgs:/home/lhl/nav2_ws/install/nav2_common:/opt/ros/humble LD_LIBRARY_PATH=/home/lhl/nav2_ws/install/nav2_behaviors/lib:/home/lhl/nav2_ws/install/nav2_costmap_2d/lib:/home/lhl/nav2_ws/install/nav2_behavior_tree/lib:/home/lhl/nav2_ws/install/nav2_util/lib:/home/lhl/nav2_ws/install/nav2_voxel_grid/lib:/home/lhl/nav2_ws/install/nav2_msgs/lib:${LD_LIBRARY_PATH} PYTHONPATH=/home/lhl/nav2_ws/install/nav2_msgs/local/lib/python3.10/dist-packages:/home/lhl/nav2_ws/install/nav2_common/local/lib/python3.10/dist-packages:${PYTHONPATH} /usr/bin/cmake --install /home/lhl/nav2_ws/build/nav2_sms_behavior
