[0.083s] Invoking command in '/home/lhl/nav2_ws/build/nav2_common': CMAKE_PREFIX_PATH=/opt/ros/humble /usr/bin/cmake /home/lhl/nav2_ws/src/navigation2/nav2_common -DCMAKE_INSTALL_PREFIX=/home/lhl/nav2_ws/install/nav2_common
[0.657s] -- Found ament_cmake_core: 1.3.4 (/opt/ros/humble/share/ament_cmake_core/cmake)
[1.209s] -- Override CMake install command with custom implementation using symlinks instead of copying resources
[1.254s] -- Found ament_cmake_python: 1.3.4 (/opt/ros/humble/share/ament_cmake_python/cmake)
[1.424s] -- Configuring done
[1.443s] -- Generating done
[1.445s] -- Build files have been written to: /home/lhl/nav2_ws/build/nav2_common
[1.479s] Invoked command in '/home/lhl/nav2_ws/build/nav2_common' returned '0': CMAKE_PREFIX_PATH=/opt/ros/humble /usr/bin/cmake /home/lhl/nav2_ws/src/navigation2/nav2_common -DCMAKE_INSTALL_PREFIX=/home/lhl/nav2_ws/install/nav2_common
[1.484s] Invoking command in '/home/lhl/nav2_ws/build/nav2_common': CMAKE_PREFIX_PATH=/opt/ros/humble /usr/bin/cmake --build /home/lhl/nav2_ws/build/nav2_common -- -j8 -l8
[1.665s] Built target ament_cmake_python_symlink_nav2_common
[1.948s] running egg_info
[1.948s] writing nav2_common.egg-info/PKG-INFO
[1.949s] writing dependency_links to nav2_common.egg-info/dependency_links.txt
[1.949s] writing top-level names to nav2_common.egg-info/top_level.txt
[1.953s] reading manifest file 'nav2_common.egg-info/SOURCES.txt'
[1.974s] writing manifest file 'nav2_common.egg-info/SOURCES.txt'
[2.018s] Built target ament_cmake_python_build_nav2_common_egg
[2.030s] Invoked command in '/home/lhl/nav2_ws/build/nav2_common' returned '0': CMAKE_PREFIX_PATH=/opt/ros/humble /usr/bin/cmake --build /home/lhl/nav2_ws/build/nav2_common -- -j8 -l8
[2.060s] Invoking command in '/home/lhl/nav2_ws/build/nav2_common': CMAKE_PREFIX_PATH=/opt/ros/humble /usr/bin/cmake --install /home/lhl/nav2_ws/build/nav2_common
[2.067s] -- Install configuration: ""
[2.067s] -- Execute custom install script
[2.067s] -- Up-to-date symlink: /home/lhl/nav2_ws/install/nav2_common/share/nav2_common/environment/pythonpath.sh
[2.067s] -- Up-to-date symlink: /home/lhl/nav2_ws/install/nav2_common/share/nav2_common/environment/pythonpath.dsv
[2.068s] -- Up-to-date symlink: /home/lhl/nav2_ws/install/nav2_common/local/lib/python3.10/dist-packages/nav2_common-1.1.6-py3.10.egg-info/PKG-INFO
[2.068s] -- Up-to-date symlink: /home/lhl/nav2_ws/install/nav2_common/local/lib/python3.10/dist-packages/nav2_common-1.1.6-py3.10.egg-info/SOURCES.txt
[2.068s] -- Up-to-date symlink: /home/lhl/nav2_ws/install/nav2_common/local/lib/python3.10/dist-packages/nav2_common-1.1.6-py3.10.egg-info/dependency_links.txt
[2.068s] -- Up-to-date symlink: /home/lhl/nav2_ws/install/nav2_common/local/lib/python3.10/dist-packages/nav2_common-1.1.6-py3.10.egg-info/top_level.txt
[2.069s] -- Up-to-date symlink: /home/lhl/nav2_ws/install/nav2_common/local/lib/python3.10/dist-packages/nav2_common/__init__.py
[2.069s] -- Up-to-date symlink: /home/lhl/nav2_ws/install/nav2_common/local/lib/python3.10/dist-packages/nav2_common/launch/__init__.py
[2.069s] -- Up-to-date symlink: /home/lhl/nav2_ws/install/nav2_common/local/lib/python3.10/dist-packages/nav2_common/launch/has_node_params.py
[2.069s] -- Up-to-date symlink: /home/lhl/nav2_ws/install/nav2_common/local/lib/python3.10/dist-packages/nav2_common/launch/replace_string.py
[2.069s] -- Up-to-date symlink: /home/lhl/nav2_ws/install/nav2_common/local/lib/python3.10/dist-packages/nav2_common/launch/rewritten_yaml.py
[2.069s] -- Up-to-date symlink: /home/lhl/nav2_ws/install/nav2_common/share/ament_index/resource_index/package_run_dependencies/nav2_common
[2.070s] -- Up-to-date symlink: /home/lhl/nav2_ws/install/nav2_common/share/ament_index/resource_index/parent_prefix_path/nav2_common
[2.070s] -- Up-to-date symlink: /home/lhl/nav2_ws/install/nav2_common/share/nav2_common/environment/ament_prefix_path.sh
[2.070s] -- Up-to-date symlink: /home/lhl/nav2_ws/install/nav2_common/share/nav2_common/environment/ament_prefix_path.dsv
[2.070s] -- Up-to-date symlink: /home/lhl/nav2_ws/install/nav2_common/share/nav2_common/environment/path.sh
[2.070s] -- Up-to-date symlink: /home/lhl/nav2_ws/install/nav2_common/share/nav2_common/environment/path.dsv
[2.070s] -- Up-to-date symlink: /home/lhl/nav2_ws/install/nav2_common/share/nav2_common/local_setup.bash
[2.071s] -- Up-to-date symlink: /home/lhl/nav2_ws/install/nav2_common/share/nav2_common/local_setup.sh
[2.071s] -- Up-to-date symlink: /home/lhl/nav2_ws/install/nav2_common/share/nav2_common/local_setup.zsh
[2.071s] -- Up-to-date symlink: /home/lhl/nav2_ws/install/nav2_common/share/nav2_common/local_setup.dsv
[2.071s] -- Symlinking: /home/lhl/nav2_ws/install/nav2_common/share/nav2_common/package.dsv
[2.080s] -- Up-to-date symlink: /home/lhl/nav2_ws/install/nav2_common/share/ament_index/resource_index/packages/nav2_common
[2.080s] -- Up-to-date symlink: /home/lhl/nav2_ws/install/nav2_common/share/nav2_common/cmake/nav2_common-extras.cmake
[2.080s] -- Up-to-date symlink: /home/lhl/nav2_ws/install/nav2_common/share/nav2_common/cmake/nav2_commonConfig.cmake
[2.080s] -- Up-to-date symlink: /home/lhl/nav2_ws/install/nav2_common/share/nav2_common/cmake/nav2_commonConfig-version.cmake
[2.080s] -- Up-to-date symlink: /home/lhl/nav2_ws/install/nav2_common/share/nav2_common/package.xml
[2.081s] -- Up-to-date symlink: /home/lhl/nav2_ws/install/nav2_common/share/nav2_common/cmake/nav2_package.cmake
[2.156s] Listing '/home/lhl/nav2_ws/install/nav2_common/local/lib/python3.10/dist-packages/nav2_common'...
[2.156s] Listing '/home/lhl/nav2_ws/install/nav2_common/local/lib/python3.10/dist-packages/nav2_common/launch'...
[2.163s] Invoked command in '/home/lhl/nav2_ws/build/nav2_common' returned '0': CMAKE_PREFIX_PATH=/opt/ros/humble /usr/bin/cmake --install /home/lhl/nav2_ws/build/nav2_common
