[0.019s] Invoking command in '/home/lhl/nav2_ws/build/nav2_costmap_2d': AMENT_PREFIX_PATH=/home/lhl/nav2_ws/install/nav2_map_server:/home/lhl/nav2_ws/install/nav2_lifecycle_manager:/home/lhl/nav2_ws/install/nav2_util:/home/lhl/nav2_ws/install/nav2_voxel_grid:/home/lhl/nav2_ws/install/nav2_msgs:/home/lhl/nav2_ws/install/nav2_common:${AMENT_PREFIX_PATH} CMAKE_PREFIX_PATH=/home/lhl/nav2_ws/install/nav2_map_server:/home/lhl/nav2_ws/install/nav2_lifecycle_manager:/home/lhl/nav2_ws/install/nav2_util:/home/lhl/nav2_ws/install/nav2_voxel_grid:/home/lhl/nav2_ws/install/nav2_msgs:/home/lhl/nav2_ws/install/nav2_common:/opt/ros/humble LD_LIBRARY_PATH=/home/lhl/nav2_ws/install/nav2_map_server/lib:/home/lhl/nav2_ws/install/nav2_lifecycle_manager/lib:/home/lhl/nav2_ws/install/nav2_util/lib:/home/lhl/nav2_ws/install/nav2_voxel_grid/lib:/home/lhl/nav2_ws/install/nav2_msgs/lib:${LD_LIBRARY_PATH} PYTHONPATH=/home/lhl/nav2_ws/install/nav2_msgs/local/lib/python3.10/dist-packages:/home/lhl/nav2_ws/install/nav2_common/local/lib/python3.10/dist-packages:${PYTHONPATH} /usr/bin/cmake /home/lhl/nav2_ws/src/navigation2/nav2_costmap_2d -DAMENT_CMAKE_SYMLINK_INSTALL=1 -DCMAKE_INSTALL_PREFIX=/home/lhl/nav2_ws/install/nav2_costmap_2d
[0.150s] -- The C compiler identification is GNU 11.3.0
[0.205s] -- The CXX compiler identification is GNU 11.3.0
[0.215s] -- Detecting C compiler ABI info
[0.298s] -- Detecting C compiler ABI info - done
[0.304s] -- Check for working C compiler: /usr/bin/cc - skipped
[0.304s] -- Detecting C compile features
[0.305s] -- Detecting C compile features - done
[0.307s] -- Detecting CXX compiler ABI info
[0.382s] -- Detecting CXX compiler ABI info - done
[0.389s] -- Check for working CXX compiler: /usr/bin/c++ - skipped
[0.389s] -- Detecting CXX compile features
[0.389s] -- Detecting CXX compile features - done
[0.392s] -- Found ament_cmake: 1.3.4 (/opt/ros/humble/share/ament_cmake/cmake)
[0.549s] -- Found Python3: /usr/bin/python3.10 (found version "3.10.6") found components: Interpreter 
[0.605s] -- Override CMake install command with custom implementation using symlinks instead of copying resources
[0.637s] -- Found geometry_msgs: 4.2.3 (/opt/ros/humble/share/geometry_msgs/cmake)
[0.680s] -- Found rosidl_generator_c: 3.1.4 (/opt/ros/humble/share/rosidl_generator_c/cmake)
[0.686s] -- Found rosidl_adapter: 3.1.4 (/opt/ros/humble/share/rosidl_adapter/cmake)
[0.696s] -- Found rosidl_generator_cpp: 3.1.4 (/opt/ros/humble/share/rosidl_generator_cpp/cmake)
[0.712s] -- Using all available rosidl_typesupport_c: rosidl_typesupport_fastrtps_c;rosidl_typesupport_introspection_c
[0.733s] -- Using all available rosidl_typesupport_cpp: rosidl_typesupport_fastrtps_cpp;rosidl_typesupport_introspection_cpp
[0.879s] -- Found laser_geometry: 2.4.0 (/opt/ros/humble/share/laser_geometry/cmake)
[0.962s] -- Found rmw_implementation_cmake: 6.1.1 (/opt/ros/humble/share/rmw_implementation_cmake/cmake)
[0.965s] -- Found rmw_fastrtps_cpp: 6.2.2 (/opt/ros/humble/share/rmw_fastrtps_cpp/cmake)
[1.064s] -- Found OpenSSL: /usr/lib/x86_64-linux-gnu/libcrypto.so (found version "3.0.2")  
[1.090s] -- Found FastRTPS: /opt/ros/humble/include  
[1.136s] -- Using RMW implementation 'rmw_fastrtps_cpp' as default
[1.150s] -- Looking for pthread.h
[1.308s] -- Looking for pthread.h - found
[1.309s] -- Performing Test CMAKE_HAVE_LIBC_PTHREAD
[1.378s] -- Performing Test CMAKE_HAVE_LIBC_PTHREAD - Success
[1.379s] -- Found Threads: TRUE  
[1.651s] -- Found map_msgs: 2.1.0 (/opt/ros/humble/share/map_msgs/cmake)
[1.917s] -- Found message_filters: 4.3.3 (/opt/ros/humble/share/message_filters/cmake)
[1.923s] -- Found nav2_common: 1.1.6 (/home/lhl/nav2_ws/install/nav2_common/share/nav2_common/cmake)
[1.924s] -- Found nav2_msgs: 1.1.6 (/home/lhl/nav2_ws/install/nav2_msgs/share/nav2_msgs/cmake)
[2.148s] -- Found nav2_util: 1.1.6 (/home/lhl/nav2_ws/install/nav2_util/share/nav2_util/cmake)
[2.488s] -- Found Eigen3: TRUE (found version "3.4.0") 
[2.488s] -- Ensuring Eigen3 include directory is part of orocos-kdl CMake target
[2.701s] -- Found nav2_voxel_grid: 1.1.6 (/home/lhl/nav2_ws/install/nav2_voxel_grid/share/nav2_voxel_grid/cmake)
[2.706s] -- Found pluginlib: 5.1.0 (/opt/ros/humble/share/pluginlib/cmake)
[2.724s] -- Found std_srvs: 4.2.3 (/opt/ros/humble/share/std_srvs/cmake)
[2.963s] -- Found tf2_sensor_msgs: 0.25.2 (/opt/ros/humble/share/tf2_sensor_msgs/cmake)
[2.993s] -- Found visualization_msgs: 4.2.3 (/opt/ros/humble/share/visualization_msgs/cmake)
[3.186s] -- Found angles: 1.15.0 (/opt/ros/humble/share/angles/cmake)
[3.191s] -- Setting build type to Release as none was specified.
[6.907s] -- Found ament_lint_auto: 0.12.6 (/opt/ros/humble/share/ament_lint_auto/cmake)
[10.099s] -- Found gtest sources under '/opt/ros/humble/src/gtest_vendor': C++ tests using 'Google Test' will be built
[10.127s] -- Found gtest sources under '/opt/ros/humble/src/gtest_vendor': C++ tests using 'Google Test' will be built
[17.066s] -- Found gtest sources under '/opt/ros/humble/src/gtest_vendor': C++ tests using 'Google Test' will be built
[18.127s] -- Added test 'cppcheck' to perform static code analysis on C / C++ code
[18.130s] -- Configured cppcheck include dirs: /home/lhl/nav2_ws/src/navigation2/nav2_costmap_2d/include
[18.130s] -- Configured cppcheck exclude dirs and/or files: 
[18.132s] -- Added test 'flake8' to check Python code syntax and style conventions
[18.135s] -- Added test 'lint_cmake' to check CMake code style
[18.136s] -- Added test 'pep257' to check Python code against some of the docstring style conventions in PEP 257
[18.144s] -- Added test 'uncrustify' to check C / C++ code style
[18.144s] -- Configured uncrustify additional arguments: 
[18.145s] -- Added test 'xmllint' to check XML markup files
[18.151s] -- Configuring done
[19.320s] -- Generating done
[19.327s] -- Build files have been written to: /home/lhl/nav2_ws/build/nav2_costmap_2d
[19.357s] Invoked command in '/home/lhl/nav2_ws/build/nav2_costmap_2d' returned '0': AMENT_PREFIX_PATH=/home/lhl/nav2_ws/install/nav2_map_server:/home/lhl/nav2_ws/install/nav2_lifecycle_manager:/home/lhl/nav2_ws/install/nav2_util:/home/lhl/nav2_ws/install/nav2_voxel_grid:/home/lhl/nav2_ws/install/nav2_msgs:/home/lhl/nav2_ws/install/nav2_common:${AMENT_PREFIX_PATH} CMAKE_PREFIX_PATH=/home/lhl/nav2_ws/install/nav2_map_server:/home/lhl/nav2_ws/install/nav2_lifecycle_manager:/home/lhl/nav2_ws/install/nav2_util:/home/lhl/nav2_ws/install/nav2_voxel_grid:/home/lhl/nav2_ws/install/nav2_msgs:/home/lhl/nav2_ws/install/nav2_common:/opt/ros/humble LD_LIBRARY_PATH=/home/lhl/nav2_ws/install/nav2_map_server/lib:/home/lhl/nav2_ws/install/nav2_lifecycle_manager/lib:/home/lhl/nav2_ws/install/nav2_util/lib:/home/lhl/nav2_ws/install/nav2_voxel_grid/lib:/home/lhl/nav2_ws/install/nav2_msgs/lib:${LD_LIBRARY_PATH} PYTHONPATH=/home/lhl/nav2_ws/install/nav2_msgs/local/lib/python3.10/dist-packages:/home/lhl/nav2_ws/install/nav2_common/local/lib/python3.10/dist-packages:${PYTHONPATH} /usr/bin/cmake /home/lhl/nav2_ws/src/navigation2/nav2_costmap_2d -DAMENT_CMAKE_SYMLINK_INSTALL=1 -DCMAKE_INSTALL_PREFIX=/home/lhl/nav2_ws/install/nav2_costmap_2d
[19.359s] Invoking command in '/home/lhl/nav2_ws/build/nav2_costmap_2d': AMENT_PREFIX_PATH=/home/lhl/nav2_ws/install/nav2_map_server:/home/lhl/nav2_ws/install/nav2_lifecycle_manager:/home/lhl/nav2_ws/install/nav2_util:/home/lhl/nav2_ws/install/nav2_voxel_grid:/home/lhl/nav2_ws/install/nav2_msgs:/home/lhl/nav2_ws/install/nav2_common:${AMENT_PREFIX_PATH} CMAKE_PREFIX_PATH=/home/lhl/nav2_ws/install/nav2_map_server:/home/lhl/nav2_ws/install/nav2_lifecycle_manager:/home/lhl/nav2_ws/install/nav2_util:/home/lhl/nav2_ws/install/nav2_voxel_grid:/home/lhl/nav2_ws/install/nav2_msgs:/home/lhl/nav2_ws/install/nav2_common:/opt/ros/humble LD_LIBRARY_PATH=/home/lhl/nav2_ws/install/nav2_map_server/lib:/home/lhl/nav2_ws/install/nav2_lifecycle_manager/lib:/home/lhl/nav2_ws/install/nav2_util/lib:/home/lhl/nav2_ws/install/nav2_voxel_grid/lib:/home/lhl/nav2_ws/install/nav2_msgs/lib:${LD_LIBRARY_PATH} PYTHONPATH=/home/lhl/nav2_ws/install/nav2_msgs/local/lib/python3.10/dist-packages:/home/lhl/nav2_ws/install/nav2_common/local/lib/python3.10/dist-packages:${PYTHONPATH} /usr/bin/cmake --build /home/lhl/nav2_ws/build/nav2_costmap_2d -- -j8 -l8
[19.424s] [  1%] [32mBuilding CXX object CMakeFiles/nav2_costmap_2d_core.dir/src/array_parser.cpp.o[0m
[19.957s] [  2%] [32mBuilding CXX object CMakeFiles/nav2_costmap_2d_core.dir/src/costmap_2d_ros.cpp.o[0m
[27.974s] [  4%] [32mBuilding CXX object CMakeFiles/nav2_costmap_2d_core.dir/src/layered_costmap.cpp.o[0m
[27.976s] [  5%] [32mBuilding CXX object CMakeFiles/nav2_costmap_2d_core.dir/src/costmap_2d_publisher.cpp.o[0m
[28.999s] [  6%] [32mBuilding CXX object CMakeFiles/nav2_costmap_2d_core.dir/src/layer.cpp.o[0m
[30.064s] [  8%] [32mBuilding CXX object CMakeFiles/nav2_costmap_2d_core.dir/src/costmap_2d.cpp.o[0m
[49.612s] [  9%] [32mBuilding CXX object CMakeFiles/nav2_costmap_2d_core.dir/src/observation_buffer.cpp.o[0m
[53.624s] [ 10%] [32mBuilding CXX object CMakeFiles/nav2_costmap_2d_core.dir/src/clear_costmap_service.cpp.o[0m
[54.637s] [ 12%] [32mBuilding CXX object CMakeFiles/nav2_costmap_2d_core.dir/src/costmap_layer.cpp.o[0m
[55.654s] [ 13%] [32mBuilding CXX object CMakeFiles/nav2_costmap_2d_core.dir/src/footprint.cpp.o[0m
[55.711s] [ 14%] [32mBuilding CXX object CMakeFiles/nav2_costmap_2d_core.dir/src/costmap_math.cpp.o[0m
[56.770s] [ 16%] [32mBuilding CXX object CMakeFiles/nav2_costmap_2d_core.dir/src/footprint_collision_checker.cpp.o[0m
[56.885s] [ 17%] [32mBuilding CXX object CMakeFiles/nav2_costmap_2d_core.dir/plugins/costmap_filters/costmap_filter.cpp.o[0m
[65.680s] [ 18%] [32m[1mLinking CXX shared library libnav2_costmap_2d_core.so[0m
[66.249s] [ 18%] Built target nav2_costmap_2d_core
[66.278s] [ 20%] [32mBuilding CXX object gtest/CMakeFiles/gtest_main.dir/src/gtest_main.cc.o[0m
[66.279s] [ 21%] [32mBuilding CXX object test/regression/CMakeFiles/order_layer.dir/order_layer.cpp.o[0m
[68.290s] [ 22%] [32m[1mLinking CXX static library libgtest_main.a[0m
[68.548s] [ 22%] Built target gtest_main
[73.317s] [ 24%] [32m[1mLinking CXX shared library liborder_layer.so[0m
[73.923s] [ 24%] Built target order_layer
[73.956s] [ 25%] [32mBuilding CXX object CMakeFiles/nav2_costmap_2d_cloud.dir/src/costmap_2d_cloud.cpp.o[0m
[87.443s] [ 26%] [32m[1mLinking CXX executable nav2_costmap_2d_cloud[0m
[87.698s] [ 26%] Built target nav2_costmap_2d_cloud
[87.721s] [ 28%] [32mBuilding CXX object CMakeFiles/nav2_costmap_2d_markers.dir/src/costmap_2d_markers.cpp.o[0m
[101.422s] [ 29%] [32m[1mLinking CXX executable nav2_costmap_2d_markers[0m
[101.832s] [ 29%] Built target nav2_costmap_2d_markers
[101.872s] [ 30%] [32mBuilding CXX object CMakeFiles/filters.dir/plugins/costmap_filters/keepout_filter.cpp.o[0m
[101.887s] [ 32%] [32mBuilding CXX object CMakeFiles/filters.dir/plugins/costmap_filters/speed_filter.cpp.o[0m
[101.951s] [ 33%] [32mBuilding CXX object CMakeFiles/nav2_costmap_2d_client.dir/src/footprint_subscriber.cpp.o[0m
[101.963s] [ 34%] [32mBuilding CXX object CMakeFiles/nav2_costmap_2d_client.dir/src/costmap_subscriber.cpp.o[0m
[120.489s] [ 36%] [32mBuilding CXX object CMakeFiles/nav2_costmap_2d_client.dir/src/costmap_topic_collision_checker.cpp.o[0m
[124.522s] [ 37%] [32m[1mLinking CXX shared library libnav2_costmap_2d_client.so[0m
[124.906s] [ 38%] [32mBuilding CXX object CMakeFiles/filters.dir/plugins/costmap_filters/binary_filter.cpp.o[0m
[124.930s] [ 38%] Built target nav2_costmap_2d_client
[151.287s] [ 40%] [32m[1mLinking CXX shared library libfilters.so[0m
[152.548s] [ 40%] Built target filters
[152.643s] [ 41%] [32mBuilding CXX object gtest/CMakeFiles/gtest.dir/src/gtest-all.cc.o[0m
[152.664s] [ 42%] [32mBuilding CXX object CMakeFiles/layers.dir/plugins/static_layer.cpp.o[0m
[152.665s] [ 44%] [32mBuilding CXX object CMakeFiles/layers.dir/plugins/inflation_layer.cpp.o[0m
[164.527s] [ 45%] [32m[1mLinking CXX static library libgtest.a[0m
[164.564s] [ 45%] Built target gtest
[164.585s] [ 46%] [32mBuilding CXX object test/unit/CMakeFiles/array_parser_test.dir/array_parser_test.cpp.o[0m
[166.245s] [ 48%] [32m[1mLinking CXX executable array_parser_test[0m
[166.502s] [ 48%] Built target array_parser_test
[167.533s] [ 49%] [32mBuilding CXX object test/unit/CMakeFiles/declare_parameter_test.dir/declare_parameter_test.cpp.o[0m
[168.549s] [ 50%] [32mBuilding CXX object test/unit/CMakeFiles/costmap_convesion_test.dir/costmap_conversion_test.cpp.o[0m
[169.656s] [ 52%] [32mBuilding CXX object test/unit/CMakeFiles/collision_footprint_test.dir/footprint_collision_checker_test.cpp.o[0m
[177.051s] [ 53%] [32mBuilding CXX object CMakeFiles/layers.dir/plugins/range_sensor_layer.cpp.o[0m
[177.311s] [ 54%] [32m[1mLinking CXX executable costmap_convesion_test[0m
[177.754s] [ 56%] [32m[1mLinking CXX executable declare_parameter_test[0m
[177.934s] [ 56%] Built target costmap_convesion_test
[178.355s] [ 56%] Built target declare_parameter_test
[181.550s] [ 57%] [32m[1mLinking CXX executable collision_footprint_test[0m
[182.012s] [ 57%] Built target collision_footprint_test
[188.040s] [ 58%] [32mBuilding CXX object test/unit/CMakeFiles/copy_window_test.dir/copy_window_test.cpp.o[0m
[189.062s] [ 60%] [32mBuilding CXX object test/unit/CMakeFiles/binary_filter_test.dir/binary_filter_test.cpp.o[0m
[190.082s] [ 61%] [32mBuilding CXX object test/unit/CMakeFiles/speed_filter_test.dir/speed_filter_test.cpp.o[0m
[191.231s] [ 62%] [32mBuilding CXX object test/unit/CMakeFiles/keepout_filter_test.dir/keepout_filter_test.cpp.o[0m
[192.738s] [ 64%] [32mBuilding CXX object CMakeFiles/layers.dir/plugins/voxel_layer.cpp.o[0m
[192.760s] [ 65%] [32mBuilding CXX object CMakeFiles/layers.dir/src/observation_buffer.cpp.o[0m
[192.847s] [ 66%] [32mBuilding CXX object test/unit/CMakeFiles/costmap_filter_service_test.dir/costmap_filter_service_test.cpp.o[0m
[195.720s] [ 68%] [32m[1mLinking CXX executable copy_window_test[0m
[196.333s] [ 68%] Built target copy_window_test
[208.231s] [ 69%] [32m[1mLinking CXX executable costmap_filter_service_test[0m
[208.871s] [ 69%] Built target costmap_filter_service_test
[212.495s] [ 70%] [32m[1mLinking CXX executable keepout_filter_test[0m
[213.021s] [ 70%] Built target keepout_filter_test
[213.650s] [ 72%] [32mBuilding CXX object CMakeFiles/layers.dir/plugins/obstacle_layer.cpp.o[0m
[217.021s] [ 73%] [32m[1mLinking CXX executable binary_filter_test[0m
[217.412s] [ 73%] Built target binary_filter_test
[218.151s] [ 74%] [32m[1mLinking CXX executable speed_filter_test[0m
[218.531s] [ 74%] Built target speed_filter_test
[233.638s] [ 76%] [32m[1mLinking CXX shared library liblayers.so[0m
[234.707s] [ 76%] Built target layers
[234.739s] [ 77%] [32mBuilding CXX object test/regression/CMakeFiles/costmap_bresenham_2d.dir/costmap_bresenham_2d.cpp.o[0m
[234.768s] [ 78%] [32mBuilding CXX object test/regression/CMakeFiles/plugin_api_order.dir/plugin_api_order.cpp.o[0m
[235.895s] [ 80%] [32mBuilding CXX object test/integration/CMakeFiles/obstacle_tests_exec.dir/obstacle_tests.cpp.o[0m
[236.996s] [ 81%] [32mBuilding CXX object test/integration/CMakeFiles/inflation_tests_exec.dir/inflation_tests.cpp.o[0m
[238.004s] [ 82%] [32m[1mLinking CXX executable costmap_bresenham_2d[0m
[238.439s] [ 82%] Built target costmap_bresenham_2d
[246.402s] [ 84%] [32m[1mLinking CXX executable plugin_api_order[0m
[246.845s] [ 84%] Built target plugin_api_order
[252.645s] [ 85%] [32m[1mLinking CXX executable obstacle_tests_exec[0m
[252.990s] [ 86%] [32m[1mLinking CXX executable inflation_tests_exec[0m
[253.073s] [ 86%] Built target obstacle_tests_exec
[253.095s] [ 88%] [32mBuilding CXX object test/integration/CMakeFiles/range_tests_exec.dir/range_tests.cpp.o[0m
[253.097s] [ 89%] [32mBuilding CXX object test/integration/CMakeFiles/test_collision_checker_exec.dir/test_costmap_topic_collision_checker.cpp.o[0m
[253.430s] [ 89%] Built target inflation_tests_exec
[253.456s] [ 90%] [32mBuilding CXX object CMakeFiles/nav2_costmap_2d.dir/src/costmap_2d_node.cpp.o[0m
[253.456s] [ 92%] [32mBuilding CXX object test/integration/CMakeFiles/footprint_tests_exec.dir/footprint_tests.cpp.o[0m
[258.472s] [ 93%] [32m[1mLinking CXX executable footprint_tests_exec[0m
[258.848s] [ 93%] Built target footprint_tests_exec
[258.872s] [ 94%] [32mBuilding CXX object test/integration/CMakeFiles/dyn_params_tests.dir/dyn_params_tests.cpp.o[0m
[260.939s] [ 96%] [32m[1mLinking CXX executable nav2_costmap_2d[0m
[261.489s] [ 96%] Built target nav2_costmap_2d
[262.274s] [ 97%] [32m[1mLinking CXX executable range_tests_exec[0m
[263.015s] [ 97%] Built target range_tests_exec
[268.642s] [ 98%] [32m[1mLinking CXX executable test_collision_checker_exec[0m
[269.131s] [100%] [32m[1mLinking CXX executable dyn_params_tests[0m
[269.605s] [100%] Built target test_collision_checker_exec
[269.700s] [100%] Built target dyn_params_tests
[269.713s] Invoked command in '/home/lhl/nav2_ws/build/nav2_costmap_2d' returned '0': AMENT_PREFIX_PATH=/home/lhl/nav2_ws/install/nav2_map_server:/home/lhl/nav2_ws/install/nav2_lifecycle_manager:/home/lhl/nav2_ws/install/nav2_util:/home/lhl/nav2_ws/install/nav2_voxel_grid:/home/lhl/nav2_ws/install/nav2_msgs:/home/lhl/nav2_ws/install/nav2_common:${AMENT_PREFIX_PATH} CMAKE_PREFIX_PATH=/home/lhl/nav2_ws/install/nav2_map_server:/home/lhl/nav2_ws/install/nav2_lifecycle_manager:/home/lhl/nav2_ws/install/nav2_util:/home/lhl/nav2_ws/install/nav2_voxel_grid:/home/lhl/nav2_ws/install/nav2_msgs:/home/lhl/nav2_ws/install/nav2_common:/opt/ros/humble LD_LIBRARY_PATH=/home/lhl/nav2_ws/install/nav2_map_server/lib:/home/lhl/nav2_ws/install/nav2_lifecycle_manager/lib:/home/lhl/nav2_ws/install/nav2_util/lib:/home/lhl/nav2_ws/install/nav2_voxel_grid/lib:/home/lhl/nav2_ws/install/nav2_msgs/lib:${LD_LIBRARY_PATH} PYTHONPATH=/home/lhl/nav2_ws/install/nav2_msgs/local/lib/python3.10/dist-packages:/home/lhl/nav2_ws/install/nav2_common/local/lib/python3.10/dist-packages:${PYTHONPATH} /usr/bin/cmake --build /home/lhl/nav2_ws/build/nav2_costmap_2d -- -j8 -l8
[269.816s] Invoking command in '/home/lhl/nav2_ws/build/nav2_costmap_2d': AMENT_PREFIX_PATH=/home/lhl/nav2_ws/install/nav2_map_server:/home/lhl/nav2_ws/install/nav2_lifecycle_manager:/home/lhl/nav2_ws/install/nav2_util:/home/lhl/nav2_ws/install/nav2_voxel_grid:/home/lhl/nav2_ws/install/nav2_msgs:/home/lhl/nav2_ws/install/nav2_common:${AMENT_PREFIX_PATH} CMAKE_PREFIX_PATH=/home/lhl/nav2_ws/install/nav2_map_server:/home/lhl/nav2_ws/install/nav2_lifecycle_manager:/home/lhl/nav2_ws/install/nav2_util:/home/lhl/nav2_ws/install/nav2_voxel_grid:/home/lhl/nav2_ws/install/nav2_msgs:/home/lhl/nav2_ws/install/nav2_common:/opt/ros/humble LD_LIBRARY_PATH=/home/lhl/nav2_ws/install/nav2_map_server/lib:/home/lhl/nav2_ws/install/nav2_lifecycle_manager/lib:/home/lhl/nav2_ws/install/nav2_util/lib:/home/lhl/nav2_ws/install/nav2_voxel_grid/lib:/home/lhl/nav2_ws/install/nav2_msgs/lib:${LD_LIBRARY_PATH} PYTHONPATH=/home/lhl/nav2_ws/install/nav2_msgs/local/lib/python3.10/dist-packages:/home/lhl/nav2_ws/install/nav2_common/local/lib/python3.10/dist-packages:${PYTHONPATH} /usr/bin/cmake --install /home/lhl/nav2_ws/build/nav2_costmap_2d
[269.823s] -- Install configuration: "Release"
[269.823s] -- Execute custom install script
[269.824s] -- Symlinking: /home/lhl/nav2_ws/install/nav2_costmap_2d/lib/libnav2_costmap_2d_core.so
[269.833s] -- Symlinking: /home/lhl/nav2_ws/install/nav2_costmap_2d/lib/liblayers.so
[269.841s] -- Symlinking: /home/lhl/nav2_ws/install/nav2_costmap_2d/lib/libfilters.so
[269.851s] -- Symlinking: /home/lhl/nav2_ws/install/nav2_costmap_2d/lib/libnav2_costmap_2d_client.so
[269.861s] -- Symlinking: /home/lhl/nav2_ws/install/nav2_costmap_2d/lib/nav2_costmap_2d/nav2_costmap_2d
[269.870s] -- Symlinking: /home/lhl/nav2_ws/install/nav2_costmap_2d/lib/nav2_costmap_2d/nav2_costmap_2d_markers
[269.879s] -- Symlinking: /home/lhl/nav2_ws/install/nav2_costmap_2d/lib/nav2_costmap_2d/nav2_costmap_2d_cloud
[269.888s] -- Symlinking: /home/lhl/nav2_ws/install/nav2_costmap_2d/share/nav2_costmap_2d/costmap_plugins.xml
[269.899s] -- Symlinking: /home/lhl/nav2_ws/install/nav2_costmap_2d/include//nav2_costmap_2d/array_parser.hpp
[269.914s] -- Symlinking: /home/lhl/nav2_ws/install/nav2_costmap_2d/include//nav2_costmap_2d/clear_costmap_service.hpp
[269.917s] -- Symlinking: /home/lhl/nav2_ws/install/nav2_costmap_2d/include//nav2_costmap_2d/cost_values.hpp
[269.926s] -- Symlinking: /home/lhl/nav2_ws/install/nav2_costmap_2d/include//nav2_costmap_2d/costmap_2d.hpp
[269.936s] -- Symlinking: /home/lhl/nav2_ws/install/nav2_costmap_2d/include//nav2_costmap_2d/costmap_2d_publisher.hpp
[269.945s] -- Symlinking: /home/lhl/nav2_ws/install/nav2_costmap_2d/include//nav2_costmap_2d/costmap_2d_ros.hpp
[269.953s] -- Symlinking: /home/lhl/nav2_ws/install/nav2_costmap_2d/include//nav2_costmap_2d/costmap_filters/binary_filter.hpp
[269.963s] -- Symlinking: /home/lhl/nav2_ws/install/nav2_costmap_2d/include//nav2_costmap_2d/costmap_filters/costmap_filter.hpp
[269.971s] -- Symlinking: /home/lhl/nav2_ws/install/nav2_costmap_2d/include//nav2_costmap_2d/costmap_filters/filter_values.hpp
[269.982s] -- Symlinking: /home/lhl/nav2_ws/install/nav2_costmap_2d/include//nav2_costmap_2d/costmap_filters/keepout_filter.hpp
[269.991s] -- Symlinking: /home/lhl/nav2_ws/install/nav2_costmap_2d/include//nav2_costmap_2d/costmap_filters/speed_filter.hpp
[270.000s] -- Symlinking: /home/lhl/nav2_ws/install/nav2_costmap_2d/include//nav2_costmap_2d/costmap_layer.hpp
[270.010s] -- Symlinking: /home/lhl/nav2_ws/install/nav2_costmap_2d/include//nav2_costmap_2d/costmap_math.hpp
[270.018s] -- Symlinking: /home/lhl/nav2_ws/install/nav2_costmap_2d/include//nav2_costmap_2d/costmap_subscriber.hpp
[270.027s] -- Symlinking: /home/lhl/nav2_ws/install/nav2_costmap_2d/include//nav2_costmap_2d/costmap_topic_collision_checker.hpp
[270.036s] -- Symlinking: /home/lhl/nav2_ws/install/nav2_costmap_2d/include//nav2_costmap_2d/exceptions.hpp
[270.045s] -- Symlinking: /home/lhl/nav2_ws/install/nav2_costmap_2d/include//nav2_costmap_2d/footprint.hpp
[270.054s] -- Symlinking: /home/lhl/nav2_ws/install/nav2_costmap_2d/include//nav2_costmap_2d/footprint_collision_checker.hpp
[270.064s] -- Symlinking: /home/lhl/nav2_ws/install/nav2_costmap_2d/include//nav2_costmap_2d/footprint_subscriber.hpp
[270.073s] -- Symlinking: /home/lhl/nav2_ws/install/nav2_costmap_2d/include//nav2_costmap_2d/inflation_layer.hpp
[270.082s] -- Symlinking: /home/lhl/nav2_ws/install/nav2_costmap_2d/include//nav2_costmap_2d/layer.hpp
[270.090s] -- Symlinking: /home/lhl/nav2_ws/install/nav2_costmap_2d/include//nav2_costmap_2d/layered_costmap.hpp
[270.103s] -- Symlinking: /home/lhl/nav2_ws/install/nav2_costmap_2d/include//nav2_costmap_2d/observation.hpp
[270.112s] -- Symlinking: /home/lhl/nav2_ws/install/nav2_costmap_2d/include//nav2_costmap_2d/observation_buffer.hpp
[270.121s] -- Symlinking: /home/lhl/nav2_ws/install/nav2_costmap_2d/include//nav2_costmap_2d/obstacle_layer.hpp
[270.131s] -- Symlinking: /home/lhl/nav2_ws/install/nav2_costmap_2d/include//nav2_costmap_2d/range_sensor_layer.hpp
[270.139s] -- Symlinking: /home/lhl/nav2_ws/install/nav2_costmap_2d/include//nav2_costmap_2d/static_layer.hpp
[270.150s] -- Symlinking: /home/lhl/nav2_ws/install/nav2_costmap_2d/include//nav2_costmap_2d/voxel_layer.hpp
[270.160s] -- Symlinking: /home/lhl/nav2_ws/install/nav2_costmap_2d/lib/liborder_layer.so
[270.168s] -- Symlinking: /home/lhl/nav2_ws/install/nav2_costmap_2d/share/nav2_costmap_2d/test/regression/order_layer.xml
[270.177s] -- Symlinking: /home/lhl/nav2_ws/install/nav2_costmap_2d/share/nav2_costmap_2d/environment/library_path.sh
[270.186s] -- Symlinking: /home/lhl/nav2_ws/install/nav2_costmap_2d/share/nav2_costmap_2d/environment/library_path.dsv
[270.195s] -- Up-to-date symlink: /home/lhl/nav2_ws/install/nav2_costmap_2d/share/nav2_costmap_2d//costmap_plugins.xml
[270.195s] -- Symlinking: /home/lhl/nav2_ws/install/nav2_costmap_2d/share/ament_index/resource_index/package_run_dependencies/nav2_costmap_2d
[270.204s] -- Symlinking: /home/lhl/nav2_ws/install/nav2_costmap_2d/share/ament_index/resource_index/parent_prefix_path/nav2_costmap_2d
[270.223s] -- Symlinking: /home/lhl/nav2_ws/install/nav2_costmap_2d/share/nav2_costmap_2d/environment/ament_prefix_path.sh
[270.232s] -- Symlinking: /home/lhl/nav2_ws/install/nav2_costmap_2d/share/nav2_costmap_2d/environment/ament_prefix_path.dsv
[270.242s] -- Symlinking: /home/lhl/nav2_ws/install/nav2_costmap_2d/share/nav2_costmap_2d/environment/path.sh
[270.253s] -- Symlinking: /home/lhl/nav2_ws/install/nav2_costmap_2d/share/nav2_costmap_2d/environment/path.dsv
[270.263s] -- Symlinking: /home/lhl/nav2_ws/install/nav2_costmap_2d/share/nav2_costmap_2d/local_setup.bash
[270.272s] -- Symlinking: /home/lhl/nav2_ws/install/nav2_costmap_2d/share/nav2_costmap_2d/local_setup.sh
[270.281s] -- Symlinking: /home/lhl/nav2_ws/install/nav2_costmap_2d/share/nav2_costmap_2d/local_setup.zsh
[270.290s] -- Symlinking: /home/lhl/nav2_ws/install/nav2_costmap_2d/share/nav2_costmap_2d/local_setup.dsv
[270.299s] -- Symlinking: /home/lhl/nav2_ws/install/nav2_costmap_2d/share/nav2_costmap_2d/package.dsv
[270.308s] -- Symlinking: /home/lhl/nav2_ws/install/nav2_costmap_2d/share/ament_index/resource_index/packages/nav2_costmap_2d
[270.320s] -- Symlinking: /home/lhl/nav2_ws/install/nav2_costmap_2d/share/ament_index/resource_index/nav2_costmap_2d__pluginlib__plugin/nav2_costmap_2d
[270.329s] -- Symlinking: /home/lhl/nav2_ws/install/nav2_costmap_2d/share/nav2_costmap_2d/cmake/ament_cmake_export_include_directories-extras.cmake
[270.338s] -- Symlinking: /home/lhl/nav2_ws/install/nav2_costmap_2d/share/nav2_costmap_2d/cmake/ament_cmake_export_libraries-extras.cmake
[270.349s] -- Symlinking: /home/lhl/nav2_ws/install/nav2_costmap_2d/share/nav2_costmap_2d/cmake/ament_cmake_export_dependencies-extras.cmake
[270.358s] -- Symlinking: /home/lhl/nav2_ws/install/nav2_costmap_2d/share/nav2_costmap_2d/cmake/nav2_costmap_2dConfig.cmake
[270.366s] -- Symlinking: /home/lhl/nav2_ws/install/nav2_costmap_2d/share/nav2_costmap_2d/cmake/nav2_costmap_2dConfig-version.cmake
[270.375s] -- Symlinking: /home/lhl/nav2_ws/install/nav2_costmap_2d/share/nav2_costmap_2d/package.xml
[270.387s] Invoked command in '/home/lhl/nav2_ws/build/nav2_costmap_2d' returned '0': AMENT_PREFIX_PATH=/home/lhl/nav2_ws/install/nav2_map_server:/home/lhl/nav2_ws/install/nav2_lifecycle_manager:/home/lhl/nav2_ws/install/nav2_util:/home/lhl/nav2_ws/install/nav2_voxel_grid:/home/lhl/nav2_ws/install/nav2_msgs:/home/lhl/nav2_ws/install/nav2_common:${AMENT_PREFIX_PATH} CMAKE_PREFIX_PATH=/home/lhl/nav2_ws/install/nav2_map_server:/home/lhl/nav2_ws/install/nav2_lifecycle_manager:/home/lhl/nav2_ws/install/nav2_util:/home/lhl/nav2_ws/install/nav2_voxel_grid:/home/lhl/nav2_ws/install/nav2_msgs:/home/lhl/nav2_ws/install/nav2_common:/opt/ros/humble LD_LIBRARY_PATH=/home/lhl/nav2_ws/install/nav2_map_server/lib:/home/lhl/nav2_ws/install/nav2_lifecycle_manager/lib:/home/lhl/nav2_ws/install/nav2_util/lib:/home/lhl/nav2_ws/install/nav2_voxel_grid/lib:/home/lhl/nav2_ws/install/nav2_msgs/lib:${LD_LIBRARY_PATH} PYTHONPATH=/home/lhl/nav2_ws/install/nav2_msgs/local/lib/python3.10/dist-packages:/home/lhl/nav2_ws/install/nav2_common/local/lib/python3.10/dist-packages:${PYTHONPATH} /usr/bin/cmake --install /home/lhl/nav2_ws/build/nav2_costmap_2d
