[0.088s] Invoking command in '/home/lhl/nav2_ws/build/nav2_behavior_tree': CMAKE_PREFIX_PATH=/home/lhl/nav2_ws/install/nav2_util:/home/lhl/nav2_ws/install/nav2_msgs:/home/lhl/nav2_ws/install/nav2_common:/home/lhl/nav2_ws/install/sam_bot_description:/home/lhl/nav2_ws/install/nav2_system_tests:/home/lhl/nav2_ws/install/nav2_bringup:/home/lhl/nav2_ws/install/navigation2:/home/lhl/nav2_ws/install/nav2_smoother:/home/lhl/nav2_ws/install/nav2_dwb_controller:/home/lhl/nav2_ws/install/nav2_controller:/home/lhl/nav2_ws/install/dwb_plugins:/home/lhl/nav2_ws/install/dwb_critics:/home/lhl/nav2_ws/install/dwb_core:/home/lhl/nav2_ws/install/nav_2d_utils:/home/lhl/nav2_ws/install/dwb_msgs:/home/lhl/nav2_ws/install/nav_2d_msgs:/home/lhl/nav2_ws/install/nav2_waypoint_follower:/home/lhl/nav2_ws/install/nav2_theta_star_planner:/home/lhl/nav2_ws/install/nav2_straightline_planner:/home/lhl/nav2_ws/install/nav2_sms_behavior:/home/lhl/nav2_ws/install/nav2_smac_planner:/home/lhl/nav2_ws/install/nav2_rotation_shim_controller:/home/lhl/nav2_ws/install/nav2_regulated_pure_pursuit_controller:/home/lhl/nav2_ws/install/nav2_planner:/home/lhl/nav2_ws/install/nav2_navfn_planner:/home/lhl/nav2_ws/install/nav2_mppi_controller:/home/lhl/nav2_ws/install/nav2_gradient_costmap_plugin:/home/lhl/nav2_ws/install/nav2_constrained_smoother:/home/lhl/nav2_ws/install/nav2_bt_navigator:/home/lhl/nav2_ws/install/nav2_behaviors:/home/lhl/nav2_ws/install/nav2_core:/home/lhl/nav2_ws/install/nav2_collision_monitor:/home/lhl/nav2_ws/install/costmap_queue:/home/lhl/nav2_ws/install/nav2_costmap_2d:/home/lhl/nav2_ws/install/nav2_voxel_grid:/home/lhl/nav2_ws/install/nav2_velocity_smoother:/home/lhl/nav2_ws/install/nav2_rviz_plugins:/home/lhl/nav2_ws/install/nav2_map_server:/home/lhl/nav2_ws/install/nav2_lifecycle_manager:/home/lhl/nav2_ws/install/nav2_behavior_tree:/home/lhl/nav2_ws/install/nav2_amcl:/home/lhl/nav2_ws/install/nav2_costmap_filters_demo:/home/lhl/nav2_ws/src/install/sam_bot_description:/home/lhl/nav2_ws/src/install/nav2_system_tests:/home/lhl/nav2_ws/src/install/nav2_bringup:/home/lhl/nav2_ws/src/install/navigation2:/home/lhl/nav2_ws/src/install/nav2_smoother:/home/lhl/nav2_ws/src/install/nav2_dwb_controller:/home/lhl/nav2_ws/src/install/nav2_controller:/home/lhl/nav2_ws/src/install/dwb_plugins:/home/lhl/nav2_ws/src/install/dwb_critics:/home/lhl/nav2_ws/src/install/dwb_core:/home/lhl/nav2_ws/src/install/nav_2d_utils:/home/lhl/nav2_ws/src/install/dwb_msgs:/home/lhl/nav2_ws/src/install/nav_2d_msgs:/home/lhl/nav2_ws/src/install/nav2_waypoint_follower:/home/lhl/nav2_ws/src/install/nav2_theta_star_planner:/home/lhl/nav2_ws/src/install/nav2_smac_planner:/home/lhl/nav2_ws/src/install/nav2_rotation_shim_controller:/home/lhl/nav2_ws/src/install/nav2_regulated_pure_pursuit_controller:/home/lhl/nav2_ws/src/install/nav2_planner:/home/lhl/nav2_ws/src/install/nav2_navfn_planner:/home/lhl/nav2_ws/src/install/nav2_mppi_controller:/home/lhl/nav2_ws/src/install/nav2_constrained_smoother:/home/lhl/nav2_ws/src/install/nav2_bt_navigator:/home/lhl/nav2_ws/src/install/nav2_behaviors:/home/lhl/nav2_ws/src/install/nav2_core:/home/lhl/nav2_ws/src/install/nav2_collision_monitor:/home/lhl/nav2_ws/src/install/costmap_queue:/home/lhl/nav2_ws/src/install/nav2_costmap_2d:/home/lhl/nav2_ws/src/install/nav2_voxel_grid:/home/lhl/nav2_ws/src/install/nav2_velocity_smoother:/home/lhl/nav2_ws/src/install/nav2_rviz_plugins:/home/lhl/nav2_ws/src/install/nav2_map_server:/home/lhl/nav2_ws/src/install/nav2_lifecycle_manager:/home/lhl/nav2_ws/src/install/nav2_behavior_tree:/home/lhl/nav2_ws/src/install/nav2_amcl:/home/lhl/nav2_ws/src/install/nav2_util:/home/lhl/nav2_ws/src/install/nav2_msgs:/home/lhl/nav2_ws/src/install/nav2_common:/home/lhl/nav2_ws/install/nav2_simple_commander:/home/lhl/nav2_ws/src/install/nav2_simple_commander:/opt/ros/humble LD_LIBRARY_PATH=/home/lhl/nav2_ws/install/nav2_util/lib:/home/lhl/nav2_ws/install/nav2_msgs/lib:/home/lhl/nav2_ws/install/nav2_smoother/lib:/home/lhl/nav2_ws/install/nav2_controller/lib:/home/lhl/nav2_ws/install/dwb_plugins/lib:/home/lhl/nav2_ws/install/dwb_critics/lib:/home/lhl/nav2_ws/install/dwb_core/lib:/home/lhl/nav2_ws/install/nav_2d_utils/lib:/home/lhl/nav2_ws/install/dwb_msgs/lib:/home/lhl/nav2_ws/install/nav_2d_msgs/lib:/home/lhl/nav2_ws/install/nav2_waypoint_follower/lib:/home/lhl/nav2_ws/install/nav2_theta_star_planner/lib:/home/lhl/nav2_ws/install/nav2_straightline_planner/lib:/home/lhl/nav2_ws/install/nav2_sms_behavior/lib:/home/lhl/nav2_ws/install/nav2_smac_planner/lib:/home/lhl/nav2_ws/install/nav2_rotation_shim_controller/lib:/home/lhl/nav2_ws/install/nav2_regulated_pure_pursuit_controller/lib:/home/lhl/nav2_ws/install/nav2_planner/lib:/home/lhl/nav2_ws/install/nav2_navfn_planner/lib:/home/lhl/nav2_ws/install/nav2_mppi_controller/lib:/home/lhl/nav2_ws/install/nav2_gradient_costmap_plugin/lib:/home/lhl/nav2_ws/install/nav2_constrained_smoother/lib:/home/lhl/nav2_ws/install/nav2_bt_navigator/lib:/home/lhl/nav2_ws/install/nav2_behaviors/lib:/home/lhl/nav2_ws/install/nav2_collision_monitor/lib:/home/lhl/nav2_ws/install/costmap_queue/lib:/home/lhl/nav2_ws/install/nav2_costmap_2d/lib:/home/lhl/nav2_ws/install/nav2_voxel_grid/lib:/home/lhl/nav2_ws/install/nav2_velocity_smoother/lib:/home/lhl/nav2_ws/install/nav2_rviz_plugins/lib:/home/lhl/nav2_ws/install/nav2_map_server/lib:/home/lhl/nav2_ws/install/nav2_lifecycle_manager/lib:/home/lhl/nav2_ws/install/nav2_behavior_tree/lib:/home/lhl/nav2_ws/install/nav2_amcl/lib:/home/lhl/nav2_ws/src/install/nav2_smoother/lib:/home/lhl/nav2_ws/src/install/nav2_controller/lib:/home/lhl/nav2_ws/src/install/dwb_plugins/lib:/home/lhl/nav2_ws/src/install/dwb_critics/lib:/home/lhl/nav2_ws/src/install/dwb_core/lib:/home/lhl/nav2_ws/src/install/nav_2d_utils/lib:/home/lhl/nav2_ws/src/install/dwb_msgs/lib:/home/lhl/nav2_ws/src/install/nav_2d_msgs/lib:/home/lhl/nav2_ws/src/install/nav2_waypoint_follower/lib:/home/lhl/nav2_ws/src/install/nav2_theta_star_planner/lib:/home/lhl/nav2_ws/src/install/nav2_smac_planner/lib:/home/lhl/nav2_ws/src/install/nav2_rotation_shim_controller/lib:/home/lhl/nav2_ws/src/install/nav2_regulated_pure_pursuit_controller/lib:/home/lhl/nav2_ws/src/install/nav2_planner/lib:/home/lhl/nav2_ws/src/install/nav2_navfn_planner/lib:/home/lhl/nav2_ws/src/install/nav2_mppi_controller/lib:/home/lhl/nav2_ws/src/install/nav2_constrained_smoother/lib:/home/lhl/nav2_ws/src/install/nav2_bt_navigator/lib:/home/lhl/nav2_ws/src/install/nav2_behaviors/lib:/home/lhl/nav2_ws/src/install/nav2_collision_monitor/lib:/home/lhl/nav2_ws/src/install/costmap_queue/lib:/home/lhl/nav2_ws/src/install/nav2_costmap_2d/lib:/home/lhl/nav2_ws/src/install/nav2_voxel_grid/lib:/home/lhl/nav2_ws/src/install/nav2_velocity_smoother/lib:/home/lhl/nav2_ws/src/install/nav2_rviz_plugins/lib:/home/lhl/nav2_ws/src/install/nav2_map_server/lib:/home/lhl/nav2_ws/src/install/nav2_lifecycle_manager/lib:/home/lhl/nav2_ws/src/install/nav2_behavior_tree/lib:/home/lhl/nav2_ws/src/install/nav2_amcl/lib:/home/lhl/nav2_ws/src/install/nav2_util/lib:/home/lhl/nav2_ws/src/install/nav2_msgs/lib:/usr/lib/x86_64-linux-gnu/gazebo-11/plugins:/opt/ros/humble/opt/rviz_ogre_vendor/lib:/opt/ros/humble/lib/x86_64-linux-gnu:/opt/ros/humble/lib /usr/bin/cmake /home/lhl/nav2_ws/src/navigation2/nav2_behavior_tree -DCMAKE_INSTALL_PREFIX=/home/lhl/nav2_ws/install/nav2_behavior_tree
[0.287s] -- The CXX compiler identification is GNU 11.3.0
[0.299s] -- Detecting CXX compiler ABI info
[0.479s] -- Detecting CXX compiler ABI info - done
[0.501s] -- Check for working CXX compiler: /usr/bin/c++ - skipped
[0.501s] -- Detecting CXX compile features
[0.502s] -- Detecting CXX compile features - done
[0.526s] -- Found ament_cmake: 1.3.4 (/opt/ros/humble/share/ament_cmake/cmake)
[0.936s] -- Found Python3: /usr/bin/python3.10 (found version "3.10.6") found components: Interpreter 
[1.292s] -- Found nav2_common: 1.1.6 (/home/lhl/nav2_ws/install/nav2_common/share/nav2_common/cmake)
[1.309s] -- Found rclcpp: 16.0.4 (/opt/ros/humble/share/rclcpp/cmake)
[1.513s] -- Found rosidl_generator_c: 3.1.4 (/opt/ros/humble/share/rosidl_generator_c/cmake)
[1.556s] -- Found rosidl_adapter: 3.1.4 (/opt/ros/humble/share/rosidl_adapter/cmake)
[1.602s] -- Found rosidl_generator_cpp: 3.1.4 (/opt/ros/humble/share/rosidl_generator_cpp/cmake)
[1.674s] -- Using all available rosidl_typesupport_c: rosidl_typesupport_fastrtps_c;rosidl_typesupport_introspection_c
[1.773s] -- Using all available rosidl_typesupport_cpp: rosidl_typesupport_fastrtps_cpp;rosidl_typesupport_introspection_cpp
[2.093s] -- Found rmw_implementation_cmake: 6.1.1 (/opt/ros/humble/share/rmw_implementation_cmake/cmake)
[2.118s] -- Found rmw_fastrtps_cpp: 6.2.2 (/opt/ros/humble/share/rmw_fastrtps_cpp/cmake)
[2.500s] -- Found OpenSSL: /usr/lib/x86_64-linux-gnu/libcrypto.so (found version "3.0.2")  
[2.574s] -- Found FastRTPS: /opt/ros/humble/include  
[2.709s] -- Using RMW implementation 'rmw_fastrtps_cpp' as default
[2.816s] -- Looking for C++ include pthread.h
[3.016s] -- Looking for C++ include pthread.h - found
[3.017s] -- Performing Test CMAKE_HAVE_LIBC_PTHREAD
[3.223s] -- Performing Test CMAKE_HAVE_LIBC_PTHREAD - Success
[3.223s] -- Found Threads: TRUE  
[3.620s] -- Found rclcpp_action: 16.0.4 (/opt/ros/humble/share/rclcpp_action/cmake)
[3.830s] -- Found rclcpp_lifecycle: 16.0.4 (/opt/ros/humble/share/rclcpp_lifecycle/cmake)
[3.968s] -- Found geometry_msgs: 4.2.3 (/opt/ros/humble/share/geometry_msgs/cmake)
[4.110s] -- Found sensor_msgs: 4.2.3 (/opt/ros/humble/share/sensor_msgs/cmake)
[4.337s] -- Found nav2_msgs: 1.1.6 (/home/lhl/nav2_ws/install/nav2_msgs/share/nav2_msgs/cmake)
[4.880s] -- Found tf2_ros: 0.25.2 (/opt/ros/humble/share/tf2_ros/cmake)
[5.490s] -- Found tf2_geometry_msgs: 0.25.2 (/opt/ros/humble/share/tf2_geometry_msgs/cmake)
[5.572s] -- Found eigen3_cmake_module: 0.1.1 (/opt/ros/humble/share/eigen3_cmake_module/cmake)
[5.575s] -- Found Eigen3: TRUE (found version "3.4.0") 
[5.576s] -- Ensuring Eigen3 include directory is part of orocos-kdl CMake target
[5.617s] -- Found std_srvs: 4.2.3 (/opt/ros/humble/share/std_srvs/cmake)
[5.649s] -- Found nav2_util: 1.1.6 (/home/lhl/nav2_ws/install/nav2_util/share/nav2_util/cmake)
[6.121s] -- Setting build type to Release as none was specified.
[63.185s] -- Found ament_lint_auto: 0.12.6 (/opt/ros/humble/share/ament_lint_auto/cmake)
[63.552s] -- Found gtest sources under '/opt/ros/humble/src/gtest_vendor': C++ tests using 'Google Test' will be built
[63.636s] -- The C compiler identification is GNU 11.3.0
[63.649s] -- Detecting C compiler ABI info
[63.840s] -- Detecting C compiler ABI info - done
[63.855s] -- Check for working C compiler: /usr/bin/cc - skipped
[63.855s] -- Detecting C compile features
[63.856s] -- Detecting C compile features - done
[107.060s] -- Added test 'copyright' to check source files copyright and LICENSE
[107.071s] -- Added test 'cppcheck' to perform static code analysis on C / C++ code
[107.082s] -- Configured cppcheck include dirs: /home/lhl/nav2_ws/src/navigation2/nav2_behavior_tree/include
[107.082s] -- Configured cppcheck exclude dirs and/or files: 
[107.092s] -- Added test 'cpplint' to check C / C++ code against the Google style
[107.092s] -- Configured cpplint exclude dirs and/or files: 
[107.098s] -- Added test 'lint_cmake' to check CMake code style
[107.110s] -- Added test 'uncrustify' to check C / C++ code style
[107.110s] -- Configured uncrustify additional arguments: 
[107.114s] -- Added test 'xmllint' to check XML markup files
[107.121s] -- Configuring done
[109.953s] -- Generating done
[109.965s] -- Build files have been written to: /home/lhl/nav2_ws/build/nav2_behavior_tree
[109.998s] Invoked command in '/home/lhl/nav2_ws/build/nav2_behavior_tree' returned '0': CMAKE_PREFIX_PATH=/home/lhl/nav2_ws/install/nav2_util:/home/lhl/nav2_ws/install/nav2_msgs:/home/lhl/nav2_ws/install/nav2_common:/home/lhl/nav2_ws/install/sam_bot_description:/home/lhl/nav2_ws/install/nav2_system_tests:/home/lhl/nav2_ws/install/nav2_bringup:/home/lhl/nav2_ws/install/navigation2:/home/lhl/nav2_ws/install/nav2_smoother:/home/lhl/nav2_ws/install/nav2_dwb_controller:/home/lhl/nav2_ws/install/nav2_controller:/home/lhl/nav2_ws/install/dwb_plugins:/home/lhl/nav2_ws/install/dwb_critics:/home/lhl/nav2_ws/install/dwb_core:/home/lhl/nav2_ws/install/nav_2d_utils:/home/lhl/nav2_ws/install/dwb_msgs:/home/lhl/nav2_ws/install/nav_2d_msgs:/home/lhl/nav2_ws/install/nav2_waypoint_follower:/home/lhl/nav2_ws/install/nav2_theta_star_planner:/home/lhl/nav2_ws/install/nav2_straightline_planner:/home/lhl/nav2_ws/install/nav2_sms_behavior:/home/lhl/nav2_ws/install/nav2_smac_planner:/home/lhl/nav2_ws/install/nav2_rotation_shim_controller:/home/lhl/nav2_ws/install/nav2_regulated_pure_pursuit_controller:/home/lhl/nav2_ws/install/nav2_planner:/home/lhl/nav2_ws/install/nav2_navfn_planner:/home/lhl/nav2_ws/install/nav2_mppi_controller:/home/lhl/nav2_ws/install/nav2_gradient_costmap_plugin:/home/lhl/nav2_ws/install/nav2_constrained_smoother:/home/lhl/nav2_ws/install/nav2_bt_navigator:/home/lhl/nav2_ws/install/nav2_behaviors:/home/lhl/nav2_ws/install/nav2_core:/home/lhl/nav2_ws/install/nav2_collision_monitor:/home/lhl/nav2_ws/install/costmap_queue:/home/lhl/nav2_ws/install/nav2_costmap_2d:/home/lhl/nav2_ws/install/nav2_voxel_grid:/home/lhl/nav2_ws/install/nav2_velocity_smoother:/home/lhl/nav2_ws/install/nav2_rviz_plugins:/home/lhl/nav2_ws/install/nav2_map_server:/home/lhl/nav2_ws/install/nav2_lifecycle_manager:/home/lhl/nav2_ws/install/nav2_behavior_tree:/home/lhl/nav2_ws/install/nav2_amcl:/home/lhl/nav2_ws/install/nav2_costmap_filters_demo:/home/lhl/nav2_ws/src/install/sam_bot_description:/home/lhl/nav2_ws/src/install/nav2_system_tests:/home/lhl/nav2_ws/src/install/nav2_bringup:/home/lhl/nav2_ws/src/install/navigation2:/home/lhl/nav2_ws/src/install/nav2_smoother:/home/lhl/nav2_ws/src/install/nav2_dwb_controller:/home/lhl/nav2_ws/src/install/nav2_controller:/home/lhl/nav2_ws/src/install/dwb_plugins:/home/lhl/nav2_ws/src/install/dwb_critics:/home/lhl/nav2_ws/src/install/dwb_core:/home/lhl/nav2_ws/src/install/nav_2d_utils:/home/lhl/nav2_ws/src/install/dwb_msgs:/home/lhl/nav2_ws/src/install/nav_2d_msgs:/home/lhl/nav2_ws/src/install/nav2_waypoint_follower:/home/lhl/nav2_ws/src/install/nav2_theta_star_planner:/home/lhl/nav2_ws/src/install/nav2_smac_planner:/home/lhl/nav2_ws/src/install/nav2_rotation_shim_controller:/home/lhl/nav2_ws/src/install/nav2_regulated_pure_pursuit_controller:/home/lhl/nav2_ws/src/install/nav2_planner:/home/lhl/nav2_ws/src/install/nav2_navfn_planner:/home/lhl/nav2_ws/src/install/nav2_mppi_controller:/home/lhl/nav2_ws/src/install/nav2_constrained_smoother:/home/lhl/nav2_ws/src/install/nav2_bt_navigator:/home/lhl/nav2_ws/src/install/nav2_behaviors:/home/lhl/nav2_ws/src/install/nav2_core:/home/lhl/nav2_ws/src/install/nav2_collision_monitor:/home/lhl/nav2_ws/src/install/costmap_queue:/home/lhl/nav2_ws/src/install/nav2_costmap_2d:/home/lhl/nav2_ws/src/install/nav2_voxel_grid:/home/lhl/nav2_ws/src/install/nav2_velocity_smoother:/home/lhl/nav2_ws/src/install/nav2_rviz_plugins:/home/lhl/nav2_ws/src/install/nav2_map_server:/home/lhl/nav2_ws/src/install/nav2_lifecycle_manager:/home/lhl/nav2_ws/src/install/nav2_behavior_tree:/home/lhl/nav2_ws/src/install/nav2_amcl:/home/lhl/nav2_ws/src/install/nav2_util:/home/lhl/nav2_ws/src/install/nav2_msgs:/home/lhl/nav2_ws/src/install/nav2_common:/home/lhl/nav2_ws/install/nav2_simple_commander:/home/lhl/nav2_ws/src/install/nav2_simple_commander:/opt/ros/humble LD_LIBRARY_PATH=/home/lhl/nav2_ws/install/nav2_util/lib:/home/lhl/nav2_ws/install/nav2_msgs/lib:/home/lhl/nav2_ws/install/nav2_smoother/lib:/home/lhl/nav2_ws/install/nav2_controller/lib:/home/lhl/nav2_ws/install/dwb_plugins/lib:/home/lhl/nav2_ws/install/dwb_critics/lib:/home/lhl/nav2_ws/install/dwb_core/lib:/home/lhl/nav2_ws/install/nav_2d_utils/lib:/home/lhl/nav2_ws/install/dwb_msgs/lib:/home/lhl/nav2_ws/install/nav_2d_msgs/lib:/home/lhl/nav2_ws/install/nav2_waypoint_follower/lib:/home/lhl/nav2_ws/install/nav2_theta_star_planner/lib:/home/lhl/nav2_ws/install/nav2_straightline_planner/lib:/home/lhl/nav2_ws/install/nav2_sms_behavior/lib:/home/lhl/nav2_ws/install/nav2_smac_planner/lib:/home/lhl/nav2_ws/install/nav2_rotation_shim_controller/lib:/home/lhl/nav2_ws/install/nav2_regulated_pure_pursuit_controller/lib:/home/lhl/nav2_ws/install/nav2_planner/lib:/home/lhl/nav2_ws/install/nav2_navfn_planner/lib:/home/lhl/nav2_ws/install/nav2_mppi_controller/lib:/home/lhl/nav2_ws/install/nav2_gradient_costmap_plugin/lib:/home/lhl/nav2_ws/install/nav2_constrained_smoother/lib:/home/lhl/nav2_ws/install/nav2_bt_navigator/lib:/home/lhl/nav2_ws/install/nav2_behaviors/lib:/home/lhl/nav2_ws/install/nav2_collision_monitor/lib:/home/lhl/nav2_ws/install/costmap_queue/lib:/home/lhl/nav2_ws/install/nav2_costmap_2d/lib:/home/lhl/nav2_ws/install/nav2_voxel_grid/lib:/home/lhl/nav2_ws/install/nav2_velocity_smoother/lib:/home/lhl/nav2_ws/install/nav2_rviz_plugins/lib:/home/lhl/nav2_ws/install/nav2_map_server/lib:/home/lhl/nav2_ws/install/nav2_lifecycle_manager/lib:/home/lhl/nav2_ws/install/nav2_behavior_tree/lib:/home/lhl/nav2_ws/install/nav2_amcl/lib:/home/lhl/nav2_ws/src/install/nav2_smoother/lib:/home/lhl/nav2_ws/src/install/nav2_controller/lib:/home/lhl/nav2_ws/src/install/dwb_plugins/lib:/home/lhl/nav2_ws/src/install/dwb_critics/lib:/home/lhl/nav2_ws/src/install/dwb_core/lib:/home/lhl/nav2_ws/src/install/nav_2d_utils/lib:/home/lhl/nav2_ws/src/install/dwb_msgs/lib:/home/lhl/nav2_ws/src/install/nav_2d_msgs/lib:/home/lhl/nav2_ws/src/install/nav2_waypoint_follower/lib:/home/lhl/nav2_ws/src/install/nav2_theta_star_planner/lib:/home/lhl/nav2_ws/src/install/nav2_smac_planner/lib:/home/lhl/nav2_ws/src/install/nav2_rotation_shim_controller/lib:/home/lhl/nav2_ws/src/install/nav2_regulated_pure_pursuit_controller/lib:/home/lhl/nav2_ws/src/install/nav2_planner/lib:/home/lhl/nav2_ws/src/install/nav2_navfn_planner/lib:/home/lhl/nav2_ws/src/install/nav2_mppi_controller/lib:/home/lhl/nav2_ws/src/install/nav2_constrained_smoother/lib:/home/lhl/nav2_ws/src/install/nav2_bt_navigator/lib:/home/lhl/nav2_ws/src/install/nav2_behaviors/lib:/home/lhl/nav2_ws/src/install/nav2_collision_monitor/lib:/home/lhl/nav2_ws/src/install/costmap_queue/lib:/home/lhl/nav2_ws/src/install/nav2_costmap_2d/lib:/home/lhl/nav2_ws/src/install/nav2_voxel_grid/lib:/home/lhl/nav2_ws/src/install/nav2_velocity_smoother/lib:/home/lhl/nav2_ws/src/install/nav2_rviz_plugins/lib:/home/lhl/nav2_ws/src/install/nav2_map_server/lib:/home/lhl/nav2_ws/src/install/nav2_lifecycle_manager/lib:/home/lhl/nav2_ws/src/install/nav2_behavior_tree/lib:/home/lhl/nav2_ws/src/install/nav2_amcl/lib:/home/lhl/nav2_ws/src/install/nav2_util/lib:/home/lhl/nav2_ws/src/install/nav2_msgs/lib:/usr/lib/x86_64-linux-gnu/gazebo-11/plugins:/opt/ros/humble/opt/rviz_ogre_vendor/lib:/opt/ros/humble/lib/x86_64-linux-gnu:/opt/ros/humble/lib /usr/bin/cmake /home/lhl/nav2_ws/src/navigation2/nav2_behavior_tree -DCMAKE_INSTALL_PREFIX=/home/lhl/nav2_ws/install/nav2_behavior_tree
[110.004s] Invoking command in '/home/lhl/nav2_ws/build/nav2_behavior_tree': CMAKE_PREFIX_PATH=/home/lhl/nav2_ws/install/nav2_util:/home/lhl/nav2_ws/install/nav2_msgs:/home/lhl/nav2_ws/install/nav2_common:/home/lhl/nav2_ws/install/sam_bot_description:/home/lhl/nav2_ws/install/nav2_system_tests:/home/lhl/nav2_ws/install/nav2_bringup:/home/lhl/nav2_ws/install/navigation2:/home/lhl/nav2_ws/install/nav2_smoother:/home/lhl/nav2_ws/install/nav2_dwb_controller:/home/lhl/nav2_ws/install/nav2_controller:/home/lhl/nav2_ws/install/dwb_plugins:/home/lhl/nav2_ws/install/dwb_critics:/home/lhl/nav2_ws/install/dwb_core:/home/lhl/nav2_ws/install/nav_2d_utils:/home/lhl/nav2_ws/install/dwb_msgs:/home/lhl/nav2_ws/install/nav_2d_msgs:/home/lhl/nav2_ws/install/nav2_waypoint_follower:/home/lhl/nav2_ws/install/nav2_theta_star_planner:/home/lhl/nav2_ws/install/nav2_straightline_planner:/home/lhl/nav2_ws/install/nav2_sms_behavior:/home/lhl/nav2_ws/install/nav2_smac_planner:/home/lhl/nav2_ws/install/nav2_rotation_shim_controller:/home/lhl/nav2_ws/install/nav2_regulated_pure_pursuit_controller:/home/lhl/nav2_ws/install/nav2_planner:/home/lhl/nav2_ws/install/nav2_navfn_planner:/home/lhl/nav2_ws/install/nav2_mppi_controller:/home/lhl/nav2_ws/install/nav2_gradient_costmap_plugin:/home/lhl/nav2_ws/install/nav2_constrained_smoother:/home/lhl/nav2_ws/install/nav2_bt_navigator:/home/lhl/nav2_ws/install/nav2_behaviors:/home/lhl/nav2_ws/install/nav2_core:/home/lhl/nav2_ws/install/nav2_collision_monitor:/home/lhl/nav2_ws/install/costmap_queue:/home/lhl/nav2_ws/install/nav2_costmap_2d:/home/lhl/nav2_ws/install/nav2_voxel_grid:/home/lhl/nav2_ws/install/nav2_velocity_smoother:/home/lhl/nav2_ws/install/nav2_rviz_plugins:/home/lhl/nav2_ws/install/nav2_map_server:/home/lhl/nav2_ws/install/nav2_lifecycle_manager:/home/lhl/nav2_ws/install/nav2_behavior_tree:/home/lhl/nav2_ws/install/nav2_amcl:/home/lhl/nav2_ws/install/nav2_costmap_filters_demo:/home/lhl/nav2_ws/src/install/sam_bot_description:/home/lhl/nav2_ws/src/install/nav2_system_tests:/home/lhl/nav2_ws/src/install/nav2_bringup:/home/lhl/nav2_ws/src/install/navigation2:/home/lhl/nav2_ws/src/install/nav2_smoother:/home/lhl/nav2_ws/src/install/nav2_dwb_controller:/home/lhl/nav2_ws/src/install/nav2_controller:/home/lhl/nav2_ws/src/install/dwb_plugins:/home/lhl/nav2_ws/src/install/dwb_critics:/home/lhl/nav2_ws/src/install/dwb_core:/home/lhl/nav2_ws/src/install/nav_2d_utils:/home/lhl/nav2_ws/src/install/dwb_msgs:/home/lhl/nav2_ws/src/install/nav_2d_msgs:/home/lhl/nav2_ws/src/install/nav2_waypoint_follower:/home/lhl/nav2_ws/src/install/nav2_theta_star_planner:/home/lhl/nav2_ws/src/install/nav2_smac_planner:/home/lhl/nav2_ws/src/install/nav2_rotation_shim_controller:/home/lhl/nav2_ws/src/install/nav2_regulated_pure_pursuit_controller:/home/lhl/nav2_ws/src/install/nav2_planner:/home/lhl/nav2_ws/src/install/nav2_navfn_planner:/home/lhl/nav2_ws/src/install/nav2_mppi_controller:/home/lhl/nav2_ws/src/install/nav2_constrained_smoother:/home/lhl/nav2_ws/src/install/nav2_bt_navigator:/home/lhl/nav2_ws/src/install/nav2_behaviors:/home/lhl/nav2_ws/src/install/nav2_core:/home/lhl/nav2_ws/src/install/nav2_collision_monitor:/home/lhl/nav2_ws/src/install/costmap_queue:/home/lhl/nav2_ws/src/install/nav2_costmap_2d:/home/lhl/nav2_ws/src/install/nav2_voxel_grid:/home/lhl/nav2_ws/src/install/nav2_velocity_smoother:/home/lhl/nav2_ws/src/install/nav2_rviz_plugins:/home/lhl/nav2_ws/src/install/nav2_map_server:/home/lhl/nav2_ws/src/install/nav2_lifecycle_manager:/home/lhl/nav2_ws/src/install/nav2_behavior_tree:/home/lhl/nav2_ws/src/install/nav2_amcl:/home/lhl/nav2_ws/src/install/nav2_util:/home/lhl/nav2_ws/src/install/nav2_msgs:/home/lhl/nav2_ws/src/install/nav2_common:/home/lhl/nav2_ws/install/nav2_simple_commander:/home/lhl/nav2_ws/src/install/nav2_simple_commander:/opt/ros/humble LD_LIBRARY_PATH=/home/lhl/nav2_ws/install/nav2_util/lib:/home/lhl/nav2_ws/install/nav2_msgs/lib:/home/lhl/nav2_ws/install/nav2_smoother/lib:/home/lhl/nav2_ws/install/nav2_controller/lib:/home/lhl/nav2_ws/install/dwb_plugins/lib:/home/lhl/nav2_ws/install/dwb_critics/lib:/home/lhl/nav2_ws/install/dwb_core/lib:/home/lhl/nav2_ws/install/nav_2d_utils/lib:/home/lhl/nav2_ws/install/dwb_msgs/lib:/home/lhl/nav2_ws/install/nav_2d_msgs/lib:/home/lhl/nav2_ws/install/nav2_waypoint_follower/lib:/home/lhl/nav2_ws/install/nav2_theta_star_planner/lib:/home/lhl/nav2_ws/install/nav2_straightline_planner/lib:/home/lhl/nav2_ws/install/nav2_sms_behavior/lib:/home/lhl/nav2_ws/install/nav2_smac_planner/lib:/home/lhl/nav2_ws/install/nav2_rotation_shim_controller/lib:/home/lhl/nav2_ws/install/nav2_regulated_pure_pursuit_controller/lib:/home/lhl/nav2_ws/install/nav2_planner/lib:/home/lhl/nav2_ws/install/nav2_navfn_planner/lib:/home/lhl/nav2_ws/install/nav2_mppi_controller/lib:/home/lhl/nav2_ws/install/nav2_gradient_costmap_plugin/lib:/home/lhl/nav2_ws/install/nav2_constrained_smoother/lib:/home/lhl/nav2_ws/install/nav2_bt_navigator/lib:/home/lhl/nav2_ws/install/nav2_behaviors/lib:/home/lhl/nav2_ws/install/nav2_collision_monitor/lib:/home/lhl/nav2_ws/install/costmap_queue/lib:/home/lhl/nav2_ws/install/nav2_costmap_2d/lib:/home/lhl/nav2_ws/install/nav2_voxel_grid/lib:/home/lhl/nav2_ws/install/nav2_velocity_smoother/lib:/home/lhl/nav2_ws/install/nav2_rviz_plugins/lib:/home/lhl/nav2_ws/install/nav2_map_server/lib:/home/lhl/nav2_ws/install/nav2_lifecycle_manager/lib:/home/lhl/nav2_ws/install/nav2_behavior_tree/lib:/home/lhl/nav2_ws/install/nav2_amcl/lib:/home/lhl/nav2_ws/src/install/nav2_smoother/lib:/home/lhl/nav2_ws/src/install/nav2_controller/lib:/home/lhl/nav2_ws/src/install/dwb_plugins/lib:/home/lhl/nav2_ws/src/install/dwb_critics/lib:/home/lhl/nav2_ws/src/install/dwb_core/lib:/home/lhl/nav2_ws/src/install/nav_2d_utils/lib:/home/lhl/nav2_ws/src/install/dwb_msgs/lib:/home/lhl/nav2_ws/src/install/nav_2d_msgs/lib:/home/lhl/nav2_ws/src/install/nav2_waypoint_follower/lib:/home/lhl/nav2_ws/src/install/nav2_theta_star_planner/lib:/home/lhl/nav2_ws/src/install/nav2_smac_planner/lib:/home/lhl/nav2_ws/src/install/nav2_rotation_shim_controller/lib:/home/lhl/nav2_ws/src/install/nav2_regulated_pure_pursuit_controller/lib:/home/lhl/nav2_ws/src/install/nav2_planner/lib:/home/lhl/nav2_ws/src/install/nav2_navfn_planner/lib:/home/lhl/nav2_ws/src/install/nav2_mppi_controller/lib:/home/lhl/nav2_ws/src/install/nav2_constrained_smoother/lib:/home/lhl/nav2_ws/src/install/nav2_bt_navigator/lib:/home/lhl/nav2_ws/src/install/nav2_behaviors/lib:/home/lhl/nav2_ws/src/install/nav2_collision_monitor/lib:/home/lhl/nav2_ws/src/install/costmap_queue/lib:/home/lhl/nav2_ws/src/install/nav2_costmap_2d/lib:/home/lhl/nav2_ws/src/install/nav2_voxel_grid/lib:/home/lhl/nav2_ws/src/install/nav2_velocity_smoother/lib:/home/lhl/nav2_ws/src/install/nav2_rviz_plugins/lib:/home/lhl/nav2_ws/src/install/nav2_map_server/lib:/home/lhl/nav2_ws/src/install/nav2_lifecycle_manager/lib:/home/lhl/nav2_ws/src/install/nav2_behavior_tree/lib:/home/lhl/nav2_ws/src/install/nav2_amcl/lib:/home/lhl/nav2_ws/src/install/nav2_util/lib:/home/lhl/nav2_ws/src/install/nav2_msgs/lib:/usr/lib/x86_64-linux-gnu/gazebo-11/plugins:/opt/ros/humble/opt/rviz_ogre_vendor/lib:/opt/ros/humble/lib/x86_64-linux-gnu:/opt/ros/humble/lib /usr/bin/cmake --build /home/lhl/nav2_ws/build/nav2_behavior_tree -- -j8 -l8
[110.120s] [  0%] [32mBuilding CXX object CMakeFiles/nav2_behavior_tree.dir/src/behavior_tree_engine.cpp.o[0m
[110.121s] [  0%] [32mBuilding CXX object CMakeFiles/nav2_compute_path_to_pose_action_bt_node.dir/plugins/action/compute_path_to_pose_action.cpp.o[0m
[111.142s] [  0%] [32mBuilding CXX object CMakeFiles/nav2_assisted_teleop_cancel_bt_node.dir/plugins/action/assisted_teleop_cancel_node.cpp.o[0m
[112.207s] [  0%] [32mBuilding CXX object CMakeFiles/nav2_back_up_cancel_bt_node.dir/plugins/action/back_up_cancel_node.cpp.o[0m
[113.321s] [  0%] [32mBuilding CXX object CMakeFiles/nav2_spin_cancel_bt_node.dir/plugins/action/spin_cancel_node.cpp.o[0m
[114.422s] [  1%] [32mBuilding CXX object CMakeFiles/nav2_wait_cancel_bt_node.dir/plugins/action/wait_cancel_node.cpp.o[0m
[114.548s] [  1%] [32mBuilding CXX object CMakeFiles/nav2_controller_cancel_bt_node.dir/plugins/action/controller_cancel_node.cpp.o[0m
[119.026s] [  2%] [32m[1mLinking CXX shared library libnav2_behavior_tree.so[0m
[119.748s] [  2%] Built target nav2_behavior_tree
[122.628s] [  3%] [32m[1mLinking CXX shared library libnav2_assisted_teleop_cancel_bt_node.so[0m
[123.091s] [  3%] Built target nav2_assisted_teleop_cancel_bt_node
[123.679s] [  4%] [32m[1mLinking CXX shared library libnav2_back_up_cancel_bt_node.so[0m
[124.030s] [  4%] Built target nav2_back_up_cancel_bt_node
[124.634s] [  5%] [32m[1mLinking CXX shared library libnav2_compute_path_to_pose_action_bt_node.so[0m
[124.984s] [  5%] Built target nav2_compute_path_to_pose_action_bt_node
[125.044s] [  6%] [32m[1mLinking CXX shared library libnav2_spin_cancel_bt_node.so[0m
[125.111s] [  6%] [32m[1mLinking CXX shared library libnav2_wait_cancel_bt_node.so[0m
[125.364s] [  6%] Built target nav2_spin_cancel_bt_node
[125.382s] [  7%] [32m[1mLinking CXX shared library libnav2_controller_cancel_bt_node.so[0m
[125.405s] [  7%] Built target nav2_wait_cancel_bt_node
[125.586s] [  7%] Built target nav2_controller_cancel_bt_node
[125.628s] [  7%] [32mBuilding CXX object CMakeFiles/nav2_spin_action_bt_node.dir/plugins/action/spin_action.cpp.o[0m
[132.685s] [  8%] [32m[1mLinking CXX shared library libnav2_spin_action_bt_node.so[0m
[132.885s] [  8%] Built target nav2_spin_action_bt_node
[132.929s] [  8%] [32mBuilding CXX object CMakeFiles/nav2_wait_action_bt_node.dir/plugins/action/wait_action.cpp.o[0m
[135.951s] [  8%] [32mBuilding CXX object CMakeFiles/nav2_assisted_teleop_action_bt_node.dir/plugins/action/assisted_teleop_action.cpp.o[0m
[136.997s] [  8%] [32mBuilding CXX object CMakeFiles/nav2_drive_on_heading_bt_node.dir/plugins/action/drive_on_heading_action.cpp.o[0m
[138.128s] [  8%] [32mBuilding CXX object CMakeFiles/nav2_back_up_action_bt_node.dir/plugins/action/back_up_action.cpp.o[0m
[139.273s] [  8%] [32mBuilding CXX object CMakeFiles/nav2_follow_path_action_bt_node.dir/plugins/action/follow_path_action.cpp.o[0m
[143.022s] [  9%] [32m[1mLinking CXX shared library libnav2_wait_action_bt_node.so[0m
[143.715s] [  9%] Built target nav2_wait_action_bt_node
[148.640s] [ 10%] [32m[1mLinking CXX shared library libnav2_drive_on_heading_bt_node.so[0m
[148.831s] [ 11%] [32m[1mLinking CXX shared library libnav2_assisted_teleop_action_bt_node.so[0m
[148.960s] [ 11%] Built target nav2_drive_on_heading_bt_node
[149.168s] [ 11%] Built target nav2_assisted_teleop_action_bt_node
[150.587s] [ 12%] [32m[1mLinking CXX shared library libnav2_back_up_action_bt_node.so[0m
[150.802s] [ 12%] Built target nav2_back_up_action_bt_node
[150.857s] [ 13%] [32m[1mLinking CXX shared library libnav2_follow_path_action_bt_node.so[0m
[151.050s] [ 13%] Built target nav2_follow_path_action_bt_node
[151.088s] [ 13%] [32mBuilding CXX object CMakeFiles/nav2_goal_reached_condition_bt_node.dir/plugins/condition/goal_reached_condition.cpp.o[0m
[155.115s] [ 13%] [32mBuilding CXX object CMakeFiles/nav2_globally_updated_goal_condition_bt_node.dir/plugins/condition/globally_updated_goal_condition.cpp.o[0m
[156.184s] [ 14%] [32m[1mLinking CXX shared library libnav2_goal_reached_condition_bt_node.so[0m
[156.447s] [ 14%] Built target nav2_goal_reached_condition_bt_node
[157.509s] [ 14%] [32mBuilding CXX object CMakeFiles/nav2_goal_updated_condition_bt_node.dir/plugins/condition/goal_updated_condition.cpp.o[0m
[159.564s] [ 14%] [32mBuilding CXX object CMakeFiles/nav2_transform_available_condition_bt_node.dir/plugins/condition/transform_available_condition.cpp.o[0m
[160.089s] [ 15%] [32m[1mLinking CXX shared library libnav2_globally_updated_goal_condition_bt_node.so[0m
[160.351s] [ 15%] Built target nav2_globally_updated_goal_condition_bt_node
[160.785s] [ 16%] [32m[1mLinking CXX shared library libnav2_goal_updated_condition_bt_node.so[0m
[161.046s] [ 16%] Built target nav2_goal_updated_condition_bt_node
[164.352s] [ 17%] [32m[1mLinking CXX shared library libnav2_transform_available_condition_bt_node.so[0m
[164.533s] [ 17%] Built target nav2_transform_available_condition_bt_node
[164.574s] [ 17%] [32mBuilding CXX object CMakeFiles/nav2_time_expired_condition_bt_node.dir/plugins/condition/time_expired_condition.cpp.o[0m
[165.596s] [ 17%] [32mBuilding CXX object CMakeFiles/nav2_is_path_valid_condition_bt_node.dir/plugins/condition/is_path_valid_condition.cpp.o[0m
[165.597s] [ 17%] [32mBuilding CXX object CMakeFiles/nav2_path_expiring_timer_condition.dir/plugins/condition/path_expiring_timer_condition.cpp.o[0m
[166.636s] [ 17%] [32mBuilding CXX object CMakeFiles/nav2_is_stuck_condition_bt_node.dir/plugins/condition/is_stuck_condition.cpp.o[0m
[167.700s] [ 17%] [32mBuilding CXX object CMakeFiles/nav2_smooth_path_action_bt_node.dir/plugins/action/smooth_path_action.cpp.o[0m
[167.718s] [ 17%] [32mBuilding CXX object CMakeFiles/nav2_clear_costmap_service_bt_node.dir/plugins/action/clear_costmap_service.cpp.o[0m
[168.833s] [ 17%] [32mBuilding CXX object CMakeFiles/nav2_drive_on_heading_cancel_bt_node.dir/plugins/action/drive_on_heading_cancel_node.cpp.o[0m
[169.966s] [ 17%] [32mBuilding CXX object CMakeFiles/nav2_compute_path_through_poses_action_bt_node.dir/plugins/action/compute_path_through_poses_action.cpp.o[0m
[170.558s] [ 18%] [32m[1mLinking CXX shared library libnav2_time_expired_condition_bt_node.so[0m
[171.132s] [ 18%] Built target nav2_time_expired_condition_bt_node
[171.328s] [ 18%] [32mBuilding CXX object CMakeFiles/nav2_distance_traveled_condition_bt_node.dir/plugins/condition/distance_traveled_condition.cpp.o[0m
[174.023s] [ 19%] [32m[1mLinking CXX shared library libnav2_path_expiring_timer_condition.so[0m
[174.534s] [ 19%] Built target nav2_path_expiring_timer_condition
[174.704s] [ 19%] [32mBuilding CXX object CMakeFiles/nav2_initial_pose_received_condition_bt_node.dir/plugins/condition/initial_pose_received_condition.cpp.o[0m
[174.989s] [ 20%] [32m[1mLinking CXX shared library libnav2_is_path_valid_condition_bt_node.so[0m
[175.493s] [ 20%] Built target nav2_is_path_valid_condition_bt_node
[177.516s] [ 21%] [32m[1mLinking CXX shared library libnav2_initial_pose_received_condition_bt_node.so[0m
[177.791s] [ 21%] Built target nav2_initial_pose_received_condition_bt_node
[178.601s] [ 22%] [32m[1mLinking CXX shared library libnav2_drive_on_heading_cancel_bt_node.so[0m
[178.967s] [ 22%] Built target nav2_drive_on_heading_cancel_bt_node
[180.715s] [ 23%] [32m[1mLinking CXX shared library libnav2_distance_traveled_condition_bt_node.so[0m
[181.057s] [ 23%] Built target nav2_distance_traveled_condition_bt_node
[181.145s] [ 24%] [32m[1mLinking CXX shared library libnav2_smooth_path_action_bt_node.so[0m
[181.252s] [ 25%] [32m[1mLinking CXX shared library libnav2_clear_costmap_service_bt_node.so[0m
[181.484s] [ 25%] Built target nav2_smooth_path_action_bt_node
[181.664s] [ 25%] Built target nav2_clear_costmap_service_bt_node
[181.999s] [ 26%] [32m[1mLinking CXX shared library libnav2_compute_path_through_poses_action_bt_node.so[0m
[182.204s] [ 26%] Built target nav2_compute_path_through_poses_action_bt_node
[183.968s] [ 27%] [32m[1mLinking CXX shared library libnav2_is_stuck_condition_bt_node.so[0m
[184.199s] [ 27%] Built target nav2_is_stuck_condition_bt_node
[184.238s] [ 27%] [32mBuilding CXX object CMakeFiles/nav2_truncate_path_local_action_bt_node.dir/plugins/action/truncate_path_local_action.cpp.o[0m
[186.261s] [ 27%] [32mBuilding CXX object CMakeFiles/nav2_goal_updater_node_bt_node.dir/plugins/decorator/goal_updater_node.cpp.o[0m
[188.286s] [ 27%] [32mBuilding CXX object CMakeFiles/nav2_truncate_path_action_bt_node.dir/plugins/action/truncate_path_action.cpp.o[0m
[189.263s] [ 28%] [32m[1mLinking CXX shared library libnav2_truncate_path_local_action_bt_node.so[0m
[189.496s] [ 28%] Built target nav2_truncate_path_local_action_bt_node
[190.541s] [ 28%] [32mBuilding CXX object CMakeFiles/nav2_path_longer_on_approach_bt_node.dir/plugins/decorator/path_longer_on_approach.cpp.o[0m
[190.551s] [ 28%] [32mBuilding CXX object CMakeFiles/nav2_speed_controller_bt_node.dir/plugins/decorator/speed_controller.cpp.o[0m
[191.590s] [ 28%] [32mBuilding CXX object CMakeFiles/nav2_distance_controller_bt_node.dir/plugins/decorator/distance_controller.cpp.o[0m
[191.594s] [ 28%] [32mBuilding CXX object CMakeFiles/nav2_rate_controller_bt_node.dir/plugins/decorator/rate_controller.cpp.o[0m
[192.659s] [ 28%] [32mBuilding CXX object CMakeFiles/nav2_is_battery_low_condition_bt_node.dir/plugins/condition/is_battery_low_condition.cpp.o[0m
[192.674s] [ 28%] [32mBuilding CXX object CMakeFiles/nav2_reinitialize_global_localization_service_bt_node.dir/plugins/action/reinitialize_global_localization_service.cpp.o[0m
[195.511s] [ 29%] [32m[1mLinking CXX shared library libnav2_rate_controller_bt_node.so[0m
[195.703s] [ 30%] [32m[1mLinking CXX shared library libnav2_truncate_path_action_bt_node.so[0m
[195.941s] [ 30%] Built target nav2_rate_controller_bt_node
[196.142s] [ 30%] [32mBuilding CXX object CMakeFiles/nav2_recovery_node_bt_node.dir/plugins/control/recovery_node.cpp.o[0m
[196.170s] [ 30%] Built target nav2_truncate_path_action_bt_node
[196.278s] [ 30%] [32mBuilding CXX object CMakeFiles/nav2_navigate_to_pose_action_bt_node.dir/plugins/action/navigate_to_pose_action.cpp.o[0m
[199.447s] [ 31%] [32m[1mLinking CXX shared library libnav2_path_longer_on_approach_bt_node.so[0m
[200.021s] [ 31%] Built target nav2_path_longer_on_approach_bt_node
[200.083s] [ 32%] [32m[1mLinking CXX shared library libnav2_recovery_node_bt_node.so[0m
[200.574s] [ 32%] Built target nav2_recovery_node_bt_node
[200.896s] [ 33%] [32m[1mLinking CXX shared library libnav2_speed_controller_bt_node.so[0m
[201.471s] [ 33%] Built target nav2_speed_controller_bt_node
[201.743s] [ 34%] [32m[1mLinking CXX shared library libnav2_distance_controller_bt_node.so[0m
[202.443s] [ 34%] Built target nav2_distance_controller_bt_node
[203.777s] [ 35%] [32m[1mLinking CXX shared library libnav2_goal_updater_node_bt_node.so[0m
[204.514s] [ 35%] Built target nav2_goal_updater_node_bt_node
[204.599s] [ 36%] [32m[1mLinking CXX shared library libnav2_reinitialize_global_localization_service_bt_node.so[0m
[204.941s] [ 36%] Built target nav2_reinitialize_global_localization_service_bt_node
[208.966s] [ 37%] [32m[1mLinking CXX shared library libnav2_navigate_to_pose_action_bt_node.so[0m
[209.206s] [ 37%] Built target nav2_navigate_to_pose_action_bt_node
[210.269s] [ 37%] [32mBuilding CXX object CMakeFiles/nav2_controller_selector_bt_node.dir/plugins/action/controller_selector_node.cpp.o[0m
[212.312s] [ 37%] [32mBuilding CXX object CMakeFiles/nav2_planner_selector_bt_node.dir/plugins/action/planner_selector_node.cpp.o[0m
[213.311s] [ 38%] [32m[1mLinking CXX shared library libnav2_is_battery_low_condition_bt_node.so[0m
[213.781s] [ 38%] Built target nav2_is_battery_low_condition_bt_node
[214.850s] [ 38%] [32mBuilding CXX object CMakeFiles/nav2_smoother_selector_bt_node.dir/plugins/action/smoother_selector_node.cpp.o[0m
[216.999s] [ 38%] [32mBuilding CXX object CMakeFiles/nav2_single_trigger_bt_node.dir/plugins/decorator/single_trigger_node.cpp.o[0m
[219.112s] [ 38%] [32mBuilding CXX object CMakeFiles/nav2_round_robin_node_bt_node.dir/plugins/control/round_robin_node.cpp.o[0m
[220.211s] [ 39%] [32m[1mLinking CXX shared library libnav2_single_trigger_bt_node.so[0m
[220.729s] [ 39%] Built target nav2_single_trigger_bt_node
[223.593s] [ 40%] [32m[1mLinking CXX shared library libnav2_round_robin_node_bt_node.so[0m
[223.996s] [ 40%] Built target nav2_round_robin_node_bt_node
[232.859s] [ 41%] [32m[1mLinking CXX shared library libnav2_controller_selector_bt_node.so[0m
[233.375s] [ 41%] Built target nav2_controller_selector_bt_node
[234.721s] [ 42%] [32m[1mLinking CXX shared library libnav2_planner_selector_bt_node.so[0m
[235.145s] [ 42%] Built target nav2_planner_selector_bt_node
[236.520s] [ 43%] [32m[1mLinking CXX shared library libnav2_smoother_selector_bt_node.so[0m
[236.912s] [ 43%] Built target nav2_smoother_selector_bt_node
[236.973s] [ 43%] [32mBuilding CXX object gtest/CMakeFiles/gtest.dir/src/gtest-all.cc.o[0m
[244.986s] [ 44%] [32m[1mLinking CXX static library libgtest.a[0m
[245.051s] [ 44%] Built target gtest
[245.091s] [ 44%] [32mBuilding CXX object gtest/CMakeFiles/gtest_main.dir/src/gtest_main.cc.o[0m
[245.092s] [ 44%] [32mBuilding CXX object CMakeFiles/nav2_goal_updated_controller_bt_node.dir/plugins/decorator/goal_updated_controller.cpp.o[0m
[245.993s] [ 45%] [32m[1mLinking CXX static library libgtest_main.a[0m
[246.054s] [ 45%] Built target gtest_main
[246.096s] [ 45%] [32mBuilding CXX object CMakeFiles/nav2_goal_checker_selector_bt_node.dir/plugins/action/goal_checker_selector_node.cpp.o[0m
[248.141s] [ 46%] [32mBuilding CXX object test/plugins/condition/CMakeFiles/test_condition_time_expired.dir/test_time_expired.cpp.o[0m
[249.153s] [ 47%] [32m[1mLinking CXX shared library libnav2_goal_updated_controller_bt_node.so[0m
[249.330s] [ 47%] Built target nav2_goal_updated_controller_bt_node
[250.392s] [ 48%] [32mBuilding CXX object test/plugins/condition/CMakeFiles/test_condition_path_expiring_timer.dir/test_path_expiring_timer.cpp.o[0m
[250.395s] [ 49%] [32mBuilding CXX object test/plugins/condition/CMakeFiles/test_condition_distance_traveled.dir/test_distance_traveled.cpp.o[0m
[251.460s] [ 50%] [32mBuilding CXX object test/CMakeFiles/test_bt_conversions.dir/test_bt_conversions.cpp.o[0m
[252.533s] [ 50%] [32mBuilding CXX object CMakeFiles/nav2_pipeline_sequence_bt_node.dir/plugins/control/pipeline_sequence.cpp.o[0m
[252.645s] [ 50%] [32mBuilding CXX object CMakeFiles/nav2_remove_passed_goals_action_bt_node.dir/plugins/action/remove_passed_goals_action.cpp.o[0m
[253.739s] [ 50%] [32mBuilding CXX object CMakeFiles/nav2_navigate_through_poses_action_bt_node.dir/plugins/action/navigate_through_poses_action.cpp.o[0m
[255.818s] [ 51%] [32m[1mLinking CXX shared library libnav2_pipeline_sequence_bt_node.so[0m
[256.127s] [ 51%] Built target nav2_pipeline_sequence_bt_node
[256.306s] [ 52%] [32mBuilding CXX object test/plugins/condition/CMakeFiles/test_condition_goal_reached.dir/test_goal_reached.cpp.o[0m
[260.391s] [ 52%] [32m[1mLinking CXX executable test_bt_conversions[0m
[261.370s] [ 52%] Built target test_bt_conversions
[261.555s] [ 53%] [32mBuilding CXX object test/plugins/condition/CMakeFiles/test_condition_goal_updated.dir/test_goal_updated.cpp.o[0m
[263.820s] [ 53%] [32m[1mLinking CXX executable test_condition_time_expired[0m
[264.670s] [ 54%] [32m[1mLinking CXX shared library libnav2_remove_passed_goals_action_bt_node.so[0m
[264.958s] [ 54%] Built target test_condition_time_expired
[264.968s] [ 55%] [32m[1mLinking CXX shared library libnav2_goal_checker_selector_bt_node.so[0m
[265.130s] [ 56%] [32mBuilding CXX object test/plugins/condition/CMakeFiles/test_condition_globally_updated_goal.dir/test_globally_updated_goal.cpp.o[0m
[265.202s] [ 56%] Built target nav2_remove_passed_goals_action_bt_node
[265.618s] [ 56%] Built target nav2_goal_checker_selector_bt_node
[265.804s] [ 56%] [32m[1mLinking CXX executable test_condition_distance_traveled[0m
[265.808s] [ 56%] [32m[1mLinking CXX executable test_condition_path_expiring_timer[0m
[266.259s] [ 56%] Built target test_condition_path_expiring_timer
[266.313s] [ 56%] Built target test_condition_distance_traveled
[267.885s] [ 57%] [32m[1mLinking CXX shared library libnav2_navigate_through_poses_action_bt_node.so[0m
[268.215s] [ 57%] Built target nav2_navigate_through_poses_action_bt_node
[269.864s] [ 57%] [32m[1mLinking CXX executable test_condition_goal_reached[0m
[270.193s] [ 57%] Built target test_condition_goal_reached
[270.221s] [ 58%] [32mBuilding CXX object test/plugins/condition/CMakeFiles/test_condition_is_path_valid.dir/test_is_path_valid.cpp.o[0m
[270.244s] [ 59%] [32mBuilding CXX object test/plugins/condition/CMakeFiles/test_condition_is_battery_low.dir/test_is_battery_low.cpp.o[0m
[271.290s] [ 60%] [32mBuilding CXX object test/plugins/decorator/CMakeFiles/test_decorator_distance_controller.dir/test_distance_controller.cpp.o[0m
[272.318s] [ 61%] [32mBuilding CXX object test/plugins/condition/CMakeFiles/test_condition_is_stuck.dir/test_is_stuck.cpp.o[0m
[272.348s] [ 61%] [32m[1mLinking CXX executable test_condition_goal_updated[0m
[272.950s] [ 61%] Built target test_condition_goal_updated
[273.050s] [ 62%] [32mBuilding CXX object test/plugins/condition/CMakeFiles/test_condition_initial_pose_received.dir/test_initial_pose_received.cpp.o[0m
[273.063s] [ 63%] [32mBuilding CXX object test/plugins/condition/CMakeFiles/test_condition_transform_available.dir/test_transform_available.cpp.o[0m
[274.219s] [ 64%] [32mBuilding CXX object test/plugins/decorator/CMakeFiles/test_decorator_speed_controller.dir/test_speed_controller.cpp.o[0m
[277.528s] [ 64%] [32m[1mLinking CXX executable test_condition_globally_updated_goal[0m
[278.428s] [ 64%] Built target test_condition_globally_updated_goal
[285.209s] [ 64%] [32m[1mLinking CXX executable test_condition_is_path_valid[0m
[285.976s] [ 64%] Built target test_condition_is_path_valid
[286.537s] [ 64%] [32m[1mLinking CXX executable test_decorator_distance_controller[0m
[287.109s] [ 64%] Built target test_decorator_distance_controller
[287.861s] [ 64%] [32m[1mLinking CXX executable test_condition_is_battery_low[0m
[288.420s] [ 64%] Built target test_condition_is_battery_low
[288.884s] [ 64%] [32m[1mLinking CXX executable test_condition_transform_available[0m
[288.900s] [ 64%] [32m[1mLinking CXX executable test_condition_initial_pose_received[0m
[289.250s] [ 64%] Built target test_condition_transform_available
[289.373s] [ 64%] Built target test_condition_initial_pose_received
[289.724s] [ 64%] [32m[1mLinking CXX executable test_condition_is_stuck[0m
[290.038s] [ 64%] Built target test_condition_is_stuck
[291.338s] [ 64%] [32m[1mLinking CXX executable test_decorator_speed_controller[0m
[291.636s] [ 64%] Built target test_decorator_speed_controller
[291.678s] [ 65%] [32mBuilding CXX object test/plugins/control/CMakeFiles/test_control_pipeline_sequence.dir/test_pipeline_sequence.cpp.o[0m
[295.704s] [ 66%] [32mBuilding CXX object test/plugins/control/CMakeFiles/test_control_round_robin_node.dir/test_round_robin_node.cpp.o[0m
[296.749s] [ 67%] [32mBuilding CXX object test/plugins/control/CMakeFiles/test_control_recovery_node.dir/test_recovery_node.cpp.o[0m
[297.794s] [ 68%] [32mBuilding CXX object test/plugins/decorator/CMakeFiles/test_decorator_path_longer_on_approach.dir/test_path_longer_on_approach.cpp.o[0m
[298.940s] [ 69%] [32mBuilding CXX object test/plugins/decorator/CMakeFiles/test_goal_updated_controller.dir/test_goal_updated_controller.cpp.o[0m
[300.048s] [ 70%] [32mBuilding CXX object test/plugins/decorator/CMakeFiles/test_single_trigger_node.dir/test_single_trigger_node.cpp.o[0m
[302.131s] [ 70%] [32m[1mLinking CXX executable test_control_pipeline_sequence[0m
[303.146s] [ 70%] Built target test_control_pipeline_sequence
[311.439s] [ 70%] [32m[1mLinking CXX executable test_control_round_robin_node[0m
[311.921s] [ 70%] Built target test_control_round_robin_node
[313.429s] [ 70%] [32m[1mLinking CXX executable test_control_recovery_node[0m
[313.598s] [ 70%] [32m[1mLinking CXX executable test_decorator_path_longer_on_approach[0m
[313.898s] [ 70%] Built target test_decorator_path_longer_on_approach
[313.932s] [ 70%] Built target test_control_recovery_node
[314.877s] [ 70%] [32m[1mLinking CXX executable test_goal_updated_controller[0m
[315.193s] [ 70%] Built target test_goal_updated_controller
[315.352s] [ 70%] [32m[1mLinking CXX executable test_single_trigger_node[0m
[315.660s] [ 70%] Built target test_single_trigger_node
[315.705s] [ 71%] [32mBuilding CXX object test/plugins/action/CMakeFiles/test_action_wait_action.dir/test_wait_action.cpp.o[0m
[322.709s] [ 71%] [32m[1mLinking CXX executable test_action_wait_action[0m
[322.964s] [ 71%] Built target test_action_wait_action
[323.003s] [ 72%] [32mBuilding CXX object test/plugins/action/CMakeFiles/test_action_assisted_teleop_action.dir/test_assisted_teleop_action.cpp.o[0m
[326.027s] [ 73%] [32mBuilding CXX object test/plugins/action/CMakeFiles/test_action_controller_cancel_action.dir/test_controller_cancel_node.cpp.o[0m
[326.028s] [ 74%] [32mBuilding CXX object test/plugins/action/CMakeFiles/test_action_drive_on_heading.dir/test_drive_on_heading_action.cpp.o[0m
[327.070s] [ 76%] [32mBuilding CXX object test/plugins/action/CMakeFiles/test_action_spin_action.dir/test_spin_action.cpp.o[0m
[327.071s] [ 76%] [32mBuilding CXX object test/plugins/action/CMakeFiles/test_action_back_up_action.dir/test_back_up_action.cpp.o[0m
[328.112s] [ 77%] [32mBuilding CXX object test/plugins/action/CMakeFiles/test_bt_action_node.dir/test_bt_action_node.cpp.o[0m
[328.121s] [ 78%] [32mBuilding CXX object test/plugins/decorator/CMakeFiles/test_goal_updater_node.dir/test_goal_updater_node.cpp.o[0m
[329.244s] [ 79%] [32mBuilding CXX object test/plugins/decorator/CMakeFiles/test_decorator_rate_controller.dir/test_rate_controller.cpp.o[0m
[333.690s] [ 79%] [32m[1mLinking CXX executable test_action_assisted_teleop_action[0m
[334.467s] [ 79%] Built target test_action_assisted_teleop_action
[334.608s] [ 80%] [32mBuilding CXX object test/plugins/action/CMakeFiles/test_action_wait_cancel_action.dir/test_wait_cancel_node.cpp.o[0m
[340.090s] [ 80%] [32m[1mLinking CXX executable test_action_controller_cancel_action[0m
[340.739s] [ 80%] Built target test_action_controller_cancel_action
[340.798s] [ 80%] [32m[1mLinking CXX executable test_action_drive_on_heading[0m
[341.555s] [ 80%] Built target test_action_drive_on_heading
[342.421s] [ 80%] [32m[1mLinking CXX executable test_goal_updater_node[0m
[342.943s] [ 80%] Built target test_goal_updater_node
[343.245s] [ 80%] [32m[1mLinking CXX executable test_action_spin_action[0m
[343.284s] [ 80%] [32m[1mLinking CXX executable test_action_back_up_action[0m
[343.756s] [ 80%] Built target test_action_spin_action
[343.782s] [ 80%] Built target test_action_back_up_action
[344.309s] [ 80%] [32m[1mLinking CXX executable test_decorator_rate_controller[0m
[344.640s] [ 80%] Built target test_decorator_rate_controller
[345.481s] [ 80%] [32m[1mLinking CXX executable test_bt_action_node[0m
[345.705s] [ 81%] [32mBuilding CXX object test/plugins/action/CMakeFiles/test_action_reinitialize_global_localization_service.dir/test_reinitialize_global_localization_service.cpp.o[0m
[345.798s] [ 81%] Built target test_bt_action_node
[345.840s] [ 82%] [32mBuilding CXX object test/plugins/action/CMakeFiles/test_action_clear_costmap_service.dir/test_clear_costmap_service.cpp.o[0m
[346.889s] [ 83%] [32mBuilding CXX object test/plugins/action/CMakeFiles/test_action_compute_path_to_pose_action.dir/test_compute_path_to_pose_action.cpp.o[0m
[347.495s] [ 83%] [32m[1mLinking CXX executable test_action_wait_cancel_action[0m
[347.820s] [ 83%] Built target test_action_wait_cancel_action
[347.846s] [ 84%] [32mBuilding CXX object test/plugins/action/CMakeFiles/test_action_drive_on_heading_cancel_action.dir/test_drive_on_heading_cancel_node.cpp.o[0m
[347.882s] [ 85%] [32mBuilding CXX object test/plugins/action/CMakeFiles/test_action_assisted_teleop_cancel_action.dir/test_assisted_teleop_cancel_node.cpp.o[0m
[348.923s] [ 86%] [32mBuilding CXX object test/plugins/action/CMakeFiles/test_action_compute_path_through_poses_action.dir/test_compute_path_through_poses_action.cpp.o[0m
[350.055s] [ 87%] [32mBuilding CXX object test/plugins/action/CMakeFiles/test_action_back_up_cancel_action.dir/test_back_up_cancel_node.cpp.o[0m
[357.352s] [ 87%] [32m[1mLinking CXX executable test_action_reinitialize_global_localization_service[0m
[357.837s] [ 87%] Built target test_action_reinitialize_global_localization_service
[359.100s] [ 87%] [32m[1mLinking CXX executable test_action_clear_costmap_service[0m
[359.587s] [ 87%] Built target test_action_clear_costmap_service
[360.653s] [ 88%] [32mBuilding CXX object test/plugins/action/CMakeFiles/test_action_follow_path_action.dir/test_follow_path_action.cpp.o[0m
[360.973s] [ 88%] [32m[1mLinking CXX executable test_action_compute_path_to_pose_action[0m
[361.491s] [ 88%] Built target test_action_compute_path_to_pose_action
[361.543s] [ 89%] [32mBuilding CXX object test/plugins/action/CMakeFiles/test_action_smooth_path_action.dir/test_smooth_path_action.cpp.o[0m
[361.558s] [ 90%] [32mBuilding CXX object test/plugins/action/CMakeFiles/test_action_spin_cancel_action.dir/test_spin_cancel_node.cpp.o[0m
[361.869s] [ 90%] [32m[1mLinking CXX executable test_action_assisted_teleop_cancel_action[0m
[361.957s] [ 90%] [32m[1mLinking CXX executable test_action_drive_on_heading_cancel_action[0m
[362.452s] [ 90%] Built target test_action_assisted_teleop_cancel_action
[362.471s] [ 90%] Built target test_action_drive_on_heading_cancel_action
[362.519s] [ 91%] [32mBuilding CXX object test/plugins/action/CMakeFiles/test_action_navigate_to_pose_action.dir/test_navigate_to_pose_action.cpp.o[0m
[362.568s] [ 92%] [32mBuilding CXX object test/plugins/action/CMakeFiles/test_truncate_path_action.dir/test_truncate_path_action.cpp.o[0m
[362.604s] [ 93%] [32mBuilding CXX object test/plugins/action/CMakeFiles/test_action_navigate_through_poses_action.dir/test_navigate_through_poses_action.cpp.o[0m
[364.326s] [ 93%] [32m[1mLinking CXX executable test_action_compute_path_through_poses_action[0m
[364.900s] [ 93%] [32m[1mLinking CXX executable test_action_back_up_cancel_action[0m
[365.113s] [ 93%] Built target test_action_compute_path_through_poses_action
[365.583s] [ 93%] Built target test_action_back_up_cancel_action
[373.418s] [ 93%] [32m[1mLinking CXX executable test_truncate_path_action[0m
[373.808s] [ 93%] [32m[1mLinking CXX executable test_action_follow_path_action[0m
[373.813s] [ 93%] Built target test_truncate_path_action
[374.138s] [ 93%] Built target test_action_follow_path_action
[374.790s] [ 93%] [32m[1mLinking CXX executable test_action_smooth_path_action[0m
[374.940s] [ 93%] [32m[1mLinking CXX executable test_action_navigate_to_pose_action[0m
[375.004s] [ 93%] [32m[1mLinking CXX executable test_action_spin_cancel_action[0m
[375.113s] [ 93%] Built target test_action_smooth_path_action
[375.296s] [ 93%] Built target test_action_spin_cancel_action
[375.337s] [ 93%] Built target test_action_navigate_to_pose_action
[375.543s] [ 93%] [32m[1mLinking CXX executable test_action_navigate_through_poses_action[0m
[375.877s] [ 93%] Built target test_action_navigate_through_poses_action
[375.921s] [ 94%] [32mBuilding CXX object test/plugins/action/CMakeFiles/test_goal_checker_selector_node.dir/test_goal_checker_selector_node.cpp.o[0m
[386.488s] [ 94%] [32m[1mLinking CXX executable test_goal_checker_selector_node[0m
[387.079s] [ 94%] Built target test_goal_checker_selector_node
[387.203s] [ 95%] [32mBuilding CXX object test/plugins/action/CMakeFiles/test_smoother_selector_node.dir/test_smoother_selector_node.cpp.o[0m
[400.664s] [ 95%] [32m[1mLinking CXX executable test_smoother_selector_node[0m
[401.190s] [ 95%] Built target test_smoother_selector_node
[401.258s] [ 96%] [32mBuilding CXX object test/plugins/action/CMakeFiles/test_controller_selector_node.dir/test_controller_selector_node.cpp.o[0m
[415.050s] [ 96%] [32m[1mLinking CXX executable test_controller_selector_node[0m
[415.535s] [ 96%] Built target test_controller_selector_node
[415.602s] [ 97%] [32mBuilding CXX object test/plugins/action/CMakeFiles/test_planner_selector_node.dir/test_planner_selector_node.cpp.o[0m
[428.739s] [ 97%] [32m[1mLinking CXX executable test_planner_selector_node[0m
[429.207s] [ 97%] Built target test_planner_selector_node
[429.276s] [ 98%] [32mBuilding CXX object test/plugins/action/CMakeFiles/test_remove_passed_goals_action.dir/test_remove_passed_goals_action.cpp.o[0m
[443.074s] [ 98%] [32m[1mLinking CXX executable test_remove_passed_goals_action[0m
[443.630s] [ 98%] Built target test_remove_passed_goals_action
[443.732s] [ 99%] [32mBuilding CXX object test/plugins/action/CMakeFiles/test_truncate_path_local_action.dir/test_truncate_path_local_action.cpp.o[0m
[459.932s] [100%] [32m[1mLinking CXX executable test_truncate_path_local_action[0m
[460.518s] [100%] Built target test_truncate_path_local_action
[460.554s] Invoked command in '/home/lhl/nav2_ws/build/nav2_behavior_tree' returned '0': CMAKE_PREFIX_PATH=/home/lhl/nav2_ws/install/nav2_util:/home/lhl/nav2_ws/install/nav2_msgs:/home/lhl/nav2_ws/install/nav2_common:/home/lhl/nav2_ws/install/sam_bot_description:/home/lhl/nav2_ws/install/nav2_system_tests:/home/lhl/nav2_ws/install/nav2_bringup:/home/lhl/nav2_ws/install/navigation2:/home/lhl/nav2_ws/install/nav2_smoother:/home/lhl/nav2_ws/install/nav2_dwb_controller:/home/lhl/nav2_ws/install/nav2_controller:/home/lhl/nav2_ws/install/dwb_plugins:/home/lhl/nav2_ws/install/dwb_critics:/home/lhl/nav2_ws/install/dwb_core:/home/lhl/nav2_ws/install/nav_2d_utils:/home/lhl/nav2_ws/install/dwb_msgs:/home/lhl/nav2_ws/install/nav_2d_msgs:/home/lhl/nav2_ws/install/nav2_waypoint_follower:/home/lhl/nav2_ws/install/nav2_theta_star_planner:/home/lhl/nav2_ws/install/nav2_straightline_planner:/home/lhl/nav2_ws/install/nav2_sms_behavior:/home/lhl/nav2_ws/install/nav2_smac_planner:/home/lhl/nav2_ws/install/nav2_rotation_shim_controller:/home/lhl/nav2_ws/install/nav2_regulated_pure_pursuit_controller:/home/lhl/nav2_ws/install/nav2_planner:/home/lhl/nav2_ws/install/nav2_navfn_planner:/home/lhl/nav2_ws/install/nav2_mppi_controller:/home/lhl/nav2_ws/install/nav2_gradient_costmap_plugin:/home/lhl/nav2_ws/install/nav2_constrained_smoother:/home/lhl/nav2_ws/install/nav2_bt_navigator:/home/lhl/nav2_ws/install/nav2_behaviors:/home/lhl/nav2_ws/install/nav2_core:/home/lhl/nav2_ws/install/nav2_collision_monitor:/home/lhl/nav2_ws/install/costmap_queue:/home/lhl/nav2_ws/install/nav2_costmap_2d:/home/lhl/nav2_ws/install/nav2_voxel_grid:/home/lhl/nav2_ws/install/nav2_velocity_smoother:/home/lhl/nav2_ws/install/nav2_rviz_plugins:/home/lhl/nav2_ws/install/nav2_map_server:/home/lhl/nav2_ws/install/nav2_lifecycle_manager:/home/lhl/nav2_ws/install/nav2_behavior_tree:/home/lhl/nav2_ws/install/nav2_amcl:/home/lhl/nav2_ws/install/nav2_costmap_filters_demo:/home/lhl/nav2_ws/src/install/sam_bot_description:/home/lhl/nav2_ws/src/install/nav2_system_tests:/home/lhl/nav2_ws/src/install/nav2_bringup:/home/lhl/nav2_ws/src/install/navigation2:/home/lhl/nav2_ws/src/install/nav2_smoother:/home/lhl/nav2_ws/src/install/nav2_dwb_controller:/home/lhl/nav2_ws/src/install/nav2_controller:/home/lhl/nav2_ws/src/install/dwb_plugins:/home/lhl/nav2_ws/src/install/dwb_critics:/home/lhl/nav2_ws/src/install/dwb_core:/home/lhl/nav2_ws/src/install/nav_2d_utils:/home/lhl/nav2_ws/src/install/dwb_msgs:/home/lhl/nav2_ws/src/install/nav_2d_msgs:/home/lhl/nav2_ws/src/install/nav2_waypoint_follower:/home/lhl/nav2_ws/src/install/nav2_theta_star_planner:/home/lhl/nav2_ws/src/install/nav2_smac_planner:/home/lhl/nav2_ws/src/install/nav2_rotation_shim_controller:/home/lhl/nav2_ws/src/install/nav2_regulated_pure_pursuit_controller:/home/lhl/nav2_ws/src/install/nav2_planner:/home/lhl/nav2_ws/src/install/nav2_navfn_planner:/home/lhl/nav2_ws/src/install/nav2_mppi_controller:/home/lhl/nav2_ws/src/install/nav2_constrained_smoother:/home/lhl/nav2_ws/src/install/nav2_bt_navigator:/home/lhl/nav2_ws/src/install/nav2_behaviors:/home/lhl/nav2_ws/src/install/nav2_core:/home/lhl/nav2_ws/src/install/nav2_collision_monitor:/home/lhl/nav2_ws/src/install/costmap_queue:/home/lhl/nav2_ws/src/install/nav2_costmap_2d:/home/lhl/nav2_ws/src/install/nav2_voxel_grid:/home/lhl/nav2_ws/src/install/nav2_velocity_smoother:/home/lhl/nav2_ws/src/install/nav2_rviz_plugins:/home/lhl/nav2_ws/src/install/nav2_map_server:/home/lhl/nav2_ws/src/install/nav2_lifecycle_manager:/home/lhl/nav2_ws/src/install/nav2_behavior_tree:/home/lhl/nav2_ws/src/install/nav2_amcl:/home/lhl/nav2_ws/src/install/nav2_util:/home/lhl/nav2_ws/src/install/nav2_msgs:/home/lhl/nav2_ws/src/install/nav2_common:/home/lhl/nav2_ws/install/nav2_simple_commander:/home/lhl/nav2_ws/src/install/nav2_simple_commander:/opt/ros/humble LD_LIBRARY_PATH=/home/lhl/nav2_ws/install/nav2_util/lib:/home/lhl/nav2_ws/install/nav2_msgs/lib:/home/lhl/nav2_ws/install/nav2_smoother/lib:/home/lhl/nav2_ws/install/nav2_controller/lib:/home/lhl/nav2_ws/install/dwb_plugins/lib:/home/lhl/nav2_ws/install/dwb_critics/lib:/home/lhl/nav2_ws/install/dwb_core/lib:/home/lhl/nav2_ws/install/nav_2d_utils/lib:/home/lhl/nav2_ws/install/dwb_msgs/lib:/home/lhl/nav2_ws/install/nav_2d_msgs/lib:/home/lhl/nav2_ws/install/nav2_waypoint_follower/lib:/home/lhl/nav2_ws/install/nav2_theta_star_planner/lib:/home/lhl/nav2_ws/install/nav2_straightline_planner/lib:/home/lhl/nav2_ws/install/nav2_sms_behavior/lib:/home/lhl/nav2_ws/install/nav2_smac_planner/lib:/home/lhl/nav2_ws/install/nav2_rotation_shim_controller/lib:/home/lhl/nav2_ws/install/nav2_regulated_pure_pursuit_controller/lib:/home/lhl/nav2_ws/install/nav2_planner/lib:/home/lhl/nav2_ws/install/nav2_navfn_planner/lib:/home/lhl/nav2_ws/install/nav2_mppi_controller/lib:/home/lhl/nav2_ws/install/nav2_gradient_costmap_plugin/lib:/home/lhl/nav2_ws/install/nav2_constrained_smoother/lib:/home/lhl/nav2_ws/install/nav2_bt_navigator/lib:/home/lhl/nav2_ws/install/nav2_behaviors/lib:/home/lhl/nav2_ws/install/nav2_collision_monitor/lib:/home/lhl/nav2_ws/install/costmap_queue/lib:/home/lhl/nav2_ws/install/nav2_costmap_2d/lib:/home/lhl/nav2_ws/install/nav2_voxel_grid/lib:/home/lhl/nav2_ws/install/nav2_velocity_smoother/lib:/home/lhl/nav2_ws/install/nav2_rviz_plugins/lib:/home/lhl/nav2_ws/install/nav2_map_server/lib:/home/lhl/nav2_ws/install/nav2_lifecycle_manager/lib:/home/lhl/nav2_ws/install/nav2_behavior_tree/lib:/home/lhl/nav2_ws/install/nav2_amcl/lib:/home/lhl/nav2_ws/src/install/nav2_smoother/lib:/home/lhl/nav2_ws/src/install/nav2_controller/lib:/home/lhl/nav2_ws/src/install/dwb_plugins/lib:/home/lhl/nav2_ws/src/install/dwb_critics/lib:/home/lhl/nav2_ws/src/install/dwb_core/lib:/home/lhl/nav2_ws/src/install/nav_2d_utils/lib:/home/lhl/nav2_ws/src/install/dwb_msgs/lib:/home/lhl/nav2_ws/src/install/nav_2d_msgs/lib:/home/lhl/nav2_ws/src/install/nav2_waypoint_follower/lib:/home/lhl/nav2_ws/src/install/nav2_theta_star_planner/lib:/home/lhl/nav2_ws/src/install/nav2_smac_planner/lib:/home/lhl/nav2_ws/src/install/nav2_rotation_shim_controller/lib:/home/lhl/nav2_ws/src/install/nav2_regulated_pure_pursuit_controller/lib:/home/lhl/nav2_ws/src/install/nav2_planner/lib:/home/lhl/nav2_ws/src/install/nav2_navfn_planner/lib:/home/lhl/nav2_ws/src/install/nav2_mppi_controller/lib:/home/lhl/nav2_ws/src/install/nav2_constrained_smoother/lib:/home/lhl/nav2_ws/src/install/nav2_bt_navigator/lib:/home/lhl/nav2_ws/src/install/nav2_behaviors/lib:/home/lhl/nav2_ws/src/install/nav2_collision_monitor/lib:/home/lhl/nav2_ws/src/install/costmap_queue/lib:/home/lhl/nav2_ws/src/install/nav2_costmap_2d/lib:/home/lhl/nav2_ws/src/install/nav2_voxel_grid/lib:/home/lhl/nav2_ws/src/install/nav2_velocity_smoother/lib:/home/lhl/nav2_ws/src/install/nav2_rviz_plugins/lib:/home/lhl/nav2_ws/src/install/nav2_map_server/lib:/home/lhl/nav2_ws/src/install/nav2_lifecycle_manager/lib:/home/lhl/nav2_ws/src/install/nav2_behavior_tree/lib:/home/lhl/nav2_ws/src/install/nav2_amcl/lib:/home/lhl/nav2_ws/src/install/nav2_util/lib:/home/lhl/nav2_ws/src/install/nav2_msgs/lib:/usr/lib/x86_64-linux-gnu/gazebo-11/plugins:/opt/ros/humble/opt/rviz_ogre_vendor/lib:/opt/ros/humble/lib/x86_64-linux-gnu:/opt/ros/humble/lib /usr/bin/cmake --build /home/lhl/nav2_ws/build/nav2_behavior_tree -- -j8 -l8
[461.770s] Invoking command in '/home/lhl/nav2_ws/build/nav2_behavior_tree': CMAKE_PREFIX_PATH=/home/lhl/nav2_ws/install/nav2_util:/home/lhl/nav2_ws/install/nav2_msgs:/home/lhl/nav2_ws/install/nav2_common:/home/lhl/nav2_ws/install/sam_bot_description:/home/lhl/nav2_ws/install/nav2_system_tests:/home/lhl/nav2_ws/install/nav2_bringup:/home/lhl/nav2_ws/install/navigation2:/home/lhl/nav2_ws/install/nav2_smoother:/home/lhl/nav2_ws/install/nav2_dwb_controller:/home/lhl/nav2_ws/install/nav2_controller:/home/lhl/nav2_ws/install/dwb_plugins:/home/lhl/nav2_ws/install/dwb_critics:/home/lhl/nav2_ws/install/dwb_core:/home/lhl/nav2_ws/install/nav_2d_utils:/home/lhl/nav2_ws/install/dwb_msgs:/home/lhl/nav2_ws/install/nav_2d_msgs:/home/lhl/nav2_ws/install/nav2_waypoint_follower:/home/lhl/nav2_ws/install/nav2_theta_star_planner:/home/lhl/nav2_ws/install/nav2_straightline_planner:/home/lhl/nav2_ws/install/nav2_sms_behavior:/home/lhl/nav2_ws/install/nav2_smac_planner:/home/lhl/nav2_ws/install/nav2_rotation_shim_controller:/home/lhl/nav2_ws/install/nav2_regulated_pure_pursuit_controller:/home/lhl/nav2_ws/install/nav2_planner:/home/lhl/nav2_ws/install/nav2_navfn_planner:/home/lhl/nav2_ws/install/nav2_mppi_controller:/home/lhl/nav2_ws/install/nav2_gradient_costmap_plugin:/home/lhl/nav2_ws/install/nav2_constrained_smoother:/home/lhl/nav2_ws/install/nav2_bt_navigator:/home/lhl/nav2_ws/install/nav2_behaviors:/home/lhl/nav2_ws/install/nav2_core:/home/lhl/nav2_ws/install/nav2_collision_monitor:/home/lhl/nav2_ws/install/costmap_queue:/home/lhl/nav2_ws/install/nav2_costmap_2d:/home/lhl/nav2_ws/install/nav2_voxel_grid:/home/lhl/nav2_ws/install/nav2_velocity_smoother:/home/lhl/nav2_ws/install/nav2_rviz_plugins:/home/lhl/nav2_ws/install/nav2_map_server:/home/lhl/nav2_ws/install/nav2_lifecycle_manager:/home/lhl/nav2_ws/install/nav2_behavior_tree:/home/lhl/nav2_ws/install/nav2_amcl:/home/lhl/nav2_ws/install/nav2_costmap_filters_demo:/home/lhl/nav2_ws/src/install/sam_bot_description:/home/lhl/nav2_ws/src/install/nav2_system_tests:/home/lhl/nav2_ws/src/install/nav2_bringup:/home/lhl/nav2_ws/src/install/navigation2:/home/lhl/nav2_ws/src/install/nav2_smoother:/home/lhl/nav2_ws/src/install/nav2_dwb_controller:/home/lhl/nav2_ws/src/install/nav2_controller:/home/lhl/nav2_ws/src/install/dwb_plugins:/home/lhl/nav2_ws/src/install/dwb_critics:/home/lhl/nav2_ws/src/install/dwb_core:/home/lhl/nav2_ws/src/install/nav_2d_utils:/home/lhl/nav2_ws/src/install/dwb_msgs:/home/lhl/nav2_ws/src/install/nav_2d_msgs:/home/lhl/nav2_ws/src/install/nav2_waypoint_follower:/home/lhl/nav2_ws/src/install/nav2_theta_star_planner:/home/lhl/nav2_ws/src/install/nav2_smac_planner:/home/lhl/nav2_ws/src/install/nav2_rotation_shim_controller:/home/lhl/nav2_ws/src/install/nav2_regulated_pure_pursuit_controller:/home/lhl/nav2_ws/src/install/nav2_planner:/home/lhl/nav2_ws/src/install/nav2_navfn_planner:/home/lhl/nav2_ws/src/install/nav2_mppi_controller:/home/lhl/nav2_ws/src/install/nav2_constrained_smoother:/home/lhl/nav2_ws/src/install/nav2_bt_navigator:/home/lhl/nav2_ws/src/install/nav2_behaviors:/home/lhl/nav2_ws/src/install/nav2_core:/home/lhl/nav2_ws/src/install/nav2_collision_monitor:/home/lhl/nav2_ws/src/install/costmap_queue:/home/lhl/nav2_ws/src/install/nav2_costmap_2d:/home/lhl/nav2_ws/src/install/nav2_voxel_grid:/home/lhl/nav2_ws/src/install/nav2_velocity_smoother:/home/lhl/nav2_ws/src/install/nav2_rviz_plugins:/home/lhl/nav2_ws/src/install/nav2_map_server:/home/lhl/nav2_ws/src/install/nav2_lifecycle_manager:/home/lhl/nav2_ws/src/install/nav2_behavior_tree:/home/lhl/nav2_ws/src/install/nav2_amcl:/home/lhl/nav2_ws/src/install/nav2_util:/home/lhl/nav2_ws/src/install/nav2_msgs:/home/lhl/nav2_ws/src/install/nav2_common:/home/lhl/nav2_ws/install/nav2_simple_commander:/home/lhl/nav2_ws/src/install/nav2_simple_commander:/opt/ros/humble LD_LIBRARY_PATH=/home/lhl/nav2_ws/install/nav2_util/lib:/home/lhl/nav2_ws/install/nav2_msgs/lib:/home/lhl/nav2_ws/install/nav2_smoother/lib:/home/lhl/nav2_ws/install/nav2_controller/lib:/home/lhl/nav2_ws/install/dwb_plugins/lib:/home/lhl/nav2_ws/install/dwb_critics/lib:/home/lhl/nav2_ws/install/dwb_core/lib:/home/lhl/nav2_ws/install/nav_2d_utils/lib:/home/lhl/nav2_ws/install/dwb_msgs/lib:/home/lhl/nav2_ws/install/nav_2d_msgs/lib:/home/lhl/nav2_ws/install/nav2_waypoint_follower/lib:/home/lhl/nav2_ws/install/nav2_theta_star_planner/lib:/home/lhl/nav2_ws/install/nav2_straightline_planner/lib:/home/lhl/nav2_ws/install/nav2_sms_behavior/lib:/home/lhl/nav2_ws/install/nav2_smac_planner/lib:/home/lhl/nav2_ws/install/nav2_rotation_shim_controller/lib:/home/lhl/nav2_ws/install/nav2_regulated_pure_pursuit_controller/lib:/home/lhl/nav2_ws/install/nav2_planner/lib:/home/lhl/nav2_ws/install/nav2_navfn_planner/lib:/home/lhl/nav2_ws/install/nav2_mppi_controller/lib:/home/lhl/nav2_ws/install/nav2_gradient_costmap_plugin/lib:/home/lhl/nav2_ws/install/nav2_constrained_smoother/lib:/home/lhl/nav2_ws/install/nav2_bt_navigator/lib:/home/lhl/nav2_ws/install/nav2_behaviors/lib:/home/lhl/nav2_ws/install/nav2_collision_monitor/lib:/home/lhl/nav2_ws/install/costmap_queue/lib:/home/lhl/nav2_ws/install/nav2_costmap_2d/lib:/home/lhl/nav2_ws/install/nav2_voxel_grid/lib:/home/lhl/nav2_ws/install/nav2_velocity_smoother/lib:/home/lhl/nav2_ws/install/nav2_rviz_plugins/lib:/home/lhl/nav2_ws/install/nav2_map_server/lib:/home/lhl/nav2_ws/install/nav2_lifecycle_manager/lib:/home/lhl/nav2_ws/install/nav2_behavior_tree/lib:/home/lhl/nav2_ws/install/nav2_amcl/lib:/home/lhl/nav2_ws/src/install/nav2_smoother/lib:/home/lhl/nav2_ws/src/install/nav2_controller/lib:/home/lhl/nav2_ws/src/install/dwb_plugins/lib:/home/lhl/nav2_ws/src/install/dwb_critics/lib:/home/lhl/nav2_ws/src/install/dwb_core/lib:/home/lhl/nav2_ws/src/install/nav_2d_utils/lib:/home/lhl/nav2_ws/src/install/dwb_msgs/lib:/home/lhl/nav2_ws/src/install/nav_2d_msgs/lib:/home/lhl/nav2_ws/src/install/nav2_waypoint_follower/lib:/home/lhl/nav2_ws/src/install/nav2_theta_star_planner/lib:/home/lhl/nav2_ws/src/install/nav2_smac_planner/lib:/home/lhl/nav2_ws/src/install/nav2_rotation_shim_controller/lib:/home/lhl/nav2_ws/src/install/nav2_regulated_pure_pursuit_controller/lib:/home/lhl/nav2_ws/src/install/nav2_planner/lib:/home/lhl/nav2_ws/src/install/nav2_navfn_planner/lib:/home/lhl/nav2_ws/src/install/nav2_mppi_controller/lib:/home/lhl/nav2_ws/src/install/nav2_constrained_smoother/lib:/home/lhl/nav2_ws/src/install/nav2_bt_navigator/lib:/home/lhl/nav2_ws/src/install/nav2_behaviors/lib:/home/lhl/nav2_ws/src/install/nav2_collision_monitor/lib:/home/lhl/nav2_ws/src/install/costmap_queue/lib:/home/lhl/nav2_ws/src/install/nav2_costmap_2d/lib:/home/lhl/nav2_ws/src/install/nav2_voxel_grid/lib:/home/lhl/nav2_ws/src/install/nav2_velocity_smoother/lib:/home/lhl/nav2_ws/src/install/nav2_rviz_plugins/lib:/home/lhl/nav2_ws/src/install/nav2_map_server/lib:/home/lhl/nav2_ws/src/install/nav2_lifecycle_manager/lib:/home/lhl/nav2_ws/src/install/nav2_behavior_tree/lib:/home/lhl/nav2_ws/src/install/nav2_amcl/lib:/home/lhl/nav2_ws/src/install/nav2_util/lib:/home/lhl/nav2_ws/src/install/nav2_msgs/lib:/usr/lib/x86_64-linux-gnu/gazebo-11/plugins:/opt/ros/humble/opt/rviz_ogre_vendor/lib:/opt/ros/humble/lib/x86_64-linux-gnu:/opt/ros/humble/lib /usr/bin/cmake --install /home/lhl/nav2_ws/build/nav2_behavior_tree
[471.293s] -- Install configuration: "Release"
[471.293s] -- Up-to-date: /home/lhl/nav2_ws/install/nav2_behavior_tree/include/
[471.293s] -- Up-to-date: /home/lhl/nav2_ws/install/nav2_behavior_tree/include//nav2_behavior_tree
[471.293s] -- Up-to-date: /home/lhl/nav2_ws/install/nav2_behavior_tree/include//nav2_behavior_tree/plugins
[471.293s] -- Up-to-date: /home/lhl/nav2_ws/install/nav2_behavior_tree/include//nav2_behavior_tree/plugins/condition
[471.293s] -- Up-to-date: /home/lhl/nav2_ws/install/nav2_behavior_tree/include//nav2_behavior_tree/plugins/decorator
[471.293s] -- Up-to-date: /home/lhl/nav2_ws/install/nav2_behavior_tree/include//nav2_behavior_tree/plugins/control
[471.293s] -- Up-to-date: /home/lhl/nav2_ws/install/nav2_behavior_tree/include//nav2_behavior_tree/plugins/action
[471.293s] -- Installing: /home/lhl/nav2_ws/install/nav2_behavior_tree/share/nav2_behavior_tree/package.dsv
[471.308s] Invoked command in '/home/lhl/nav2_ws/build/nav2_behavior_tree' returned '0': CMAKE_PREFIX_PATH=/home/lhl/nav2_ws/install/nav2_util:/home/lhl/nav2_ws/install/nav2_msgs:/home/lhl/nav2_ws/install/nav2_common:/home/lhl/nav2_ws/install/sam_bot_description:/home/lhl/nav2_ws/install/nav2_system_tests:/home/lhl/nav2_ws/install/nav2_bringup:/home/lhl/nav2_ws/install/navigation2:/home/lhl/nav2_ws/install/nav2_smoother:/home/lhl/nav2_ws/install/nav2_dwb_controller:/home/lhl/nav2_ws/install/nav2_controller:/home/lhl/nav2_ws/install/dwb_plugins:/home/lhl/nav2_ws/install/dwb_critics:/home/lhl/nav2_ws/install/dwb_core:/home/lhl/nav2_ws/install/nav_2d_utils:/home/lhl/nav2_ws/install/dwb_msgs:/home/lhl/nav2_ws/install/nav_2d_msgs:/home/lhl/nav2_ws/install/nav2_waypoint_follower:/home/lhl/nav2_ws/install/nav2_theta_star_planner:/home/lhl/nav2_ws/install/nav2_straightline_planner:/home/lhl/nav2_ws/install/nav2_sms_behavior:/home/lhl/nav2_ws/install/nav2_smac_planner:/home/lhl/nav2_ws/install/nav2_rotation_shim_controller:/home/lhl/nav2_ws/install/nav2_regulated_pure_pursuit_controller:/home/lhl/nav2_ws/install/nav2_planner:/home/lhl/nav2_ws/install/nav2_navfn_planner:/home/lhl/nav2_ws/install/nav2_mppi_controller:/home/lhl/nav2_ws/install/nav2_gradient_costmap_plugin:/home/lhl/nav2_ws/install/nav2_constrained_smoother:/home/lhl/nav2_ws/install/nav2_bt_navigator:/home/lhl/nav2_ws/install/nav2_behaviors:/home/lhl/nav2_ws/install/nav2_core:/home/lhl/nav2_ws/install/nav2_collision_monitor:/home/lhl/nav2_ws/install/costmap_queue:/home/lhl/nav2_ws/install/nav2_costmap_2d:/home/lhl/nav2_ws/install/nav2_voxel_grid:/home/lhl/nav2_ws/install/nav2_velocity_smoother:/home/lhl/nav2_ws/install/nav2_rviz_plugins:/home/lhl/nav2_ws/install/nav2_map_server:/home/lhl/nav2_ws/install/nav2_lifecycle_manager:/home/lhl/nav2_ws/install/nav2_behavior_tree:/home/lhl/nav2_ws/install/nav2_amcl:/home/lhl/nav2_ws/install/nav2_costmap_filters_demo:/home/lhl/nav2_ws/src/install/sam_bot_description:/home/lhl/nav2_ws/src/install/nav2_system_tests:/home/lhl/nav2_ws/src/install/nav2_bringup:/home/lhl/nav2_ws/src/install/navigation2:/home/lhl/nav2_ws/src/install/nav2_smoother:/home/lhl/nav2_ws/src/install/nav2_dwb_controller:/home/lhl/nav2_ws/src/install/nav2_controller:/home/lhl/nav2_ws/src/install/dwb_plugins:/home/lhl/nav2_ws/src/install/dwb_critics:/home/lhl/nav2_ws/src/install/dwb_core:/home/lhl/nav2_ws/src/install/nav_2d_utils:/home/lhl/nav2_ws/src/install/dwb_msgs:/home/lhl/nav2_ws/src/install/nav_2d_msgs:/home/lhl/nav2_ws/src/install/nav2_waypoint_follower:/home/lhl/nav2_ws/src/install/nav2_theta_star_planner:/home/lhl/nav2_ws/src/install/nav2_smac_planner:/home/lhl/nav2_ws/src/install/nav2_rotation_shim_controller:/home/lhl/nav2_ws/src/install/nav2_regulated_pure_pursuit_controller:/home/lhl/nav2_ws/src/install/nav2_planner:/home/lhl/nav2_ws/src/install/nav2_navfn_planner:/home/lhl/nav2_ws/src/install/nav2_mppi_controller:/home/lhl/nav2_ws/src/install/nav2_constrained_smoother:/home/lhl/nav2_ws/src/install/nav2_bt_navigator:/home/lhl/nav2_ws/src/install/nav2_behaviors:/home/lhl/nav2_ws/src/install/nav2_core:/home/lhl/nav2_ws/src/install/nav2_collision_monitor:/home/lhl/nav2_ws/src/install/costmap_queue:/home/lhl/nav2_ws/src/install/nav2_costmap_2d:/home/lhl/nav2_ws/src/install/nav2_voxel_grid:/home/lhl/nav2_ws/src/install/nav2_velocity_smoother:/home/lhl/nav2_ws/src/install/nav2_rviz_plugins:/home/lhl/nav2_ws/src/install/nav2_map_server:/home/lhl/nav2_ws/src/install/nav2_lifecycle_manager:/home/lhl/nav2_ws/src/install/nav2_behavior_tree:/home/lhl/nav2_ws/src/install/nav2_amcl:/home/lhl/nav2_ws/src/install/nav2_util:/home/lhl/nav2_ws/src/install/nav2_msgs:/home/lhl/nav2_ws/src/install/nav2_common:/home/lhl/nav2_ws/install/nav2_simple_commander:/home/lhl/nav2_ws/src/install/nav2_simple_commander:/opt/ros/humble LD_LIBRARY_PATH=/home/lhl/nav2_ws/install/nav2_util/lib:/home/lhl/nav2_ws/install/nav2_msgs/lib:/home/lhl/nav2_ws/install/nav2_smoother/lib:/home/lhl/nav2_ws/install/nav2_controller/lib:/home/lhl/nav2_ws/install/dwb_plugins/lib:/home/lhl/nav2_ws/install/dwb_critics/lib:/home/lhl/nav2_ws/install/dwb_core/lib:/home/lhl/nav2_ws/install/nav_2d_utils/lib:/home/lhl/nav2_ws/install/dwb_msgs/lib:/home/lhl/nav2_ws/install/nav_2d_msgs/lib:/home/lhl/nav2_ws/install/nav2_waypoint_follower/lib:/home/lhl/nav2_ws/install/nav2_theta_star_planner/lib:/home/lhl/nav2_ws/install/nav2_straightline_planner/lib:/home/lhl/nav2_ws/install/nav2_sms_behavior/lib:/home/lhl/nav2_ws/install/nav2_smac_planner/lib:/home/lhl/nav2_ws/install/nav2_rotation_shim_controller/lib:/home/lhl/nav2_ws/install/nav2_regulated_pure_pursuit_controller/lib:/home/lhl/nav2_ws/install/nav2_planner/lib:/home/lhl/nav2_ws/install/nav2_navfn_planner/lib:/home/lhl/nav2_ws/install/nav2_mppi_controller/lib:/home/lhl/nav2_ws/install/nav2_gradient_costmap_plugin/lib:/home/lhl/nav2_ws/install/nav2_constrained_smoother/lib:/home/lhl/nav2_ws/install/nav2_bt_navigator/lib:/home/lhl/nav2_ws/install/nav2_behaviors/lib:/home/lhl/nav2_ws/install/nav2_collision_monitor/lib:/home/lhl/nav2_ws/install/costmap_queue/lib:/home/lhl/nav2_ws/install/nav2_costmap_2d/lib:/home/lhl/nav2_ws/install/nav2_voxel_grid/lib:/home/lhl/nav2_ws/install/nav2_velocity_smoother/lib:/home/lhl/nav2_ws/install/nav2_rviz_plugins/lib:/home/lhl/nav2_ws/install/nav2_map_server/lib:/home/lhl/nav2_ws/install/nav2_lifecycle_manager/lib:/home/lhl/nav2_ws/install/nav2_behavior_tree/lib:/home/lhl/nav2_ws/install/nav2_amcl/lib:/home/lhl/nav2_ws/src/install/nav2_smoother/lib:/home/lhl/nav2_ws/src/install/nav2_controller/lib:/home/lhl/nav2_ws/src/install/dwb_plugins/lib:/home/lhl/nav2_ws/src/install/dwb_critics/lib:/home/lhl/nav2_ws/src/install/dwb_core/lib:/home/lhl/nav2_ws/src/install/nav_2d_utils/lib:/home/lhl/nav2_ws/src/install/dwb_msgs/lib:/home/lhl/nav2_ws/src/install/nav_2d_msgs/lib:/home/lhl/nav2_ws/src/install/nav2_waypoint_follower/lib:/home/lhl/nav2_ws/src/install/nav2_theta_star_planner/lib:/home/lhl/nav2_ws/src/install/nav2_smac_planner/lib:/home/lhl/nav2_ws/src/install/nav2_rotation_shim_controller/lib:/home/lhl/nav2_ws/src/install/nav2_regulated_pure_pursuit_controller/lib:/home/lhl/nav2_ws/src/install/nav2_planner/lib:/home/lhl/nav2_ws/src/install/nav2_navfn_planner/lib:/home/lhl/nav2_ws/src/install/nav2_mppi_controller/lib:/home/lhl/nav2_ws/src/install/nav2_constrained_smoother/lib:/home/lhl/nav2_ws/src/install/nav2_bt_navigator/lib:/home/lhl/nav2_ws/src/install/nav2_behaviors/lib:/home/lhl/nav2_ws/src/install/nav2_collision_monitor/lib:/home/lhl/nav2_ws/src/install/costmap_queue/lib:/home/lhl/nav2_ws/src/install/nav2_costmap_2d/lib:/home/lhl/nav2_ws/src/install/nav2_voxel_grid/lib:/home/lhl/nav2_ws/src/install/nav2_velocity_smoother/lib:/home/lhl/nav2_ws/src/install/nav2_rviz_plugins/lib:/home/lhl/nav2_ws/src/install/nav2_map_server/lib:/home/lhl/nav2_ws/src/install/nav2_lifecycle_manager/lib:/home/lhl/nav2_ws/src/install/nav2_behavior_tree/lib:/home/lhl/nav2_ws/src/install/nav2_amcl/lib:/home/lhl/nav2_ws/src/install/nav2_util/lib:/home/lhl/nav2_ws/src/install/nav2_msgs/lib:/usr/lib/x86_64-linux-gnu/gazebo-11/plugins:/opt/ros/humble/opt/rviz_ogre_vendor/lib:/opt/ros/humble/lib/x86_64-linux-gnu:/opt/ros/humble/lib /usr/bin/cmake --install /home/lhl/nav2_ws/build/nav2_behavior_tree
