[0.171s] Invoking command in '/home/lhl/nav2_ws/src/build/nav2_core': AMENT_PREFIX_PATH=/home/lhl/nav2_ws/src/install/nav2_costmap_2d:/home/lhl/nav2_ws/src/install/nav2_util:/home/lhl/nav2_ws/src/install/nav2_voxel_grid:/home/lhl/nav2_ws/src/install/nav2_msgs:/home/lhl/nav2_ws/src/install/nav2_common:${AMENT_PREFIX_PATH} CMAKE_PREFIX_PATH=/home/lhl/nav2_ws/src/install/nav2_costmap_2d:/home/lhl/nav2_ws/src/install/nav2_util:/home/lhl/nav2_ws/src/install/nav2_voxel_grid:/home/lhl/nav2_ws/src/install/nav2_msgs:/home/lhl/nav2_ws/src/install/nav2_common:/opt/ros/humble LD_LIBRARY_PATH=/home/lhl/nav2_ws/src/install/nav2_costmap_2d/lib:/home/lhl/nav2_ws/src/install/nav2_util/lib:/home/lhl/nav2_ws/src/install/nav2_voxel_grid/lib:/home/lhl/nav2_ws/src/install/nav2_msgs/lib:${LD_LIBRARY_PATH} PYTHONPATH=/home/lhl/nav2_ws/src/install/nav2_msgs/local/lib/python3.10/dist-packages:/home/lhl/nav2_ws/src/install/nav2_common/local/lib/python3.10/dist-packages:${PYTHONPATH} /usr/bin/cmake --build /home/lhl/nav2_ws/src/build/nav2_core -- -j8 -l8
[0.266s] Invoked command in '/home/lhl/nav2_ws/src/build/nav2_core' returned '0': AMENT_PREFIX_PATH=/home/lhl/nav2_ws/src/install/nav2_costmap_2d:/home/lhl/nav2_ws/src/install/nav2_util:/home/lhl/nav2_ws/src/install/nav2_voxel_grid:/home/lhl/nav2_ws/src/install/nav2_msgs:/home/lhl/nav2_ws/src/install/nav2_common:${AMENT_PREFIX_PATH} CMAKE_PREFIX_PATH=/home/lhl/nav2_ws/src/install/nav2_costmap_2d:/home/lhl/nav2_ws/src/install/nav2_util:/home/lhl/nav2_ws/src/install/nav2_voxel_grid:/home/lhl/nav2_ws/src/install/nav2_msgs:/home/lhl/nav2_ws/src/install/nav2_common:/opt/ros/humble LD_LIBRARY_PATH=/home/lhl/nav2_ws/src/install/nav2_costmap_2d/lib:/home/lhl/nav2_ws/src/install/nav2_util/lib:/home/lhl/nav2_ws/src/install/nav2_voxel_grid/lib:/home/lhl/nav2_ws/src/install/nav2_msgs/lib:${LD_LIBRARY_PATH} PYTHONPATH=/home/lhl/nav2_ws/src/install/nav2_msgs/local/lib/python3.10/dist-packages:/home/lhl/nav2_ws/src/install/nav2_common/local/lib/python3.10/dist-packages:${PYTHONPATH} /usr/bin/cmake --build /home/lhl/nav2_ws/src/build/nav2_core -- -j8 -l8
[0.289s] Invoking command in '/home/lhl/nav2_ws/src/build/nav2_core': AMENT_PREFIX_PATH=/home/lhl/nav2_ws/src/install/nav2_costmap_2d:/home/lhl/nav2_ws/src/install/nav2_util:/home/lhl/nav2_ws/src/install/nav2_voxel_grid:/home/lhl/nav2_ws/src/install/nav2_msgs:/home/lhl/nav2_ws/src/install/nav2_common:${AMENT_PREFIX_PATH} CMAKE_PREFIX_PATH=/home/lhl/nav2_ws/src/install/nav2_costmap_2d:/home/lhl/nav2_ws/src/install/nav2_util:/home/lhl/nav2_ws/src/install/nav2_voxel_grid:/home/lhl/nav2_ws/src/install/nav2_msgs:/home/lhl/nav2_ws/src/install/nav2_common:/opt/ros/humble LD_LIBRARY_PATH=/home/lhl/nav2_ws/src/install/nav2_costmap_2d/lib:/home/lhl/nav2_ws/src/install/nav2_util/lib:/home/lhl/nav2_ws/src/install/nav2_voxel_grid/lib:/home/lhl/nav2_ws/src/install/nav2_msgs/lib:${LD_LIBRARY_PATH} PYTHONPATH=/home/lhl/nav2_ws/src/install/nav2_msgs/local/lib/python3.10/dist-packages:/home/lhl/nav2_ws/src/install/nav2_common/local/lib/python3.10/dist-packages:${PYTHONPATH} /usr/bin/cmake --install /home/lhl/nav2_ws/src/build/nav2_core
[0.297s] -- Install configuration: "Release"
[0.297s] -- Up-to-date: /home/lhl/nav2_ws/src/install/nav2_core/include/
[0.297s] -- Up-to-date: /home/lhl/nav2_ws/src/install/nav2_core/include//nav2_core
[0.297s] -- Up-to-date: /home/lhl/nav2_ws/src/install/nav2_core/include//nav2_core/behavior.hpp
[0.297s] -- Up-to-date: /home/lhl/nav2_ws/src/install/nav2_core/include//nav2_core/progress_checker.hpp
[0.297s] -- Up-to-date: /home/lhl/nav2_ws/src/install/nav2_core/include//nav2_core/waypoint_task_executor.hpp
[0.298s] -- Up-to-date: /home/lhl/nav2_ws/src/install/nav2_core/include//nav2_core/global_planner.hpp
[0.298s] -- Up-to-date: /home/lhl/nav2_ws/src/install/nav2_core/include//nav2_core/controller.hpp
[0.298s] -- Up-to-date: /home/lhl/nav2_ws/src/install/nav2_core/include//nav2_core/smoother.hpp
[0.298s] -- Up-to-date: /home/lhl/nav2_ws/src/install/nav2_core/include//nav2_core/exceptions.hpp
[0.298s] -- Up-to-date: /home/lhl/nav2_ws/src/install/nav2_core/include//nav2_core/goal_checker.hpp
[0.298s] -- Up-to-date: /home/lhl/nav2_ws/src/install/nav2_core/share/ament_index/resource_index/package_run_dependencies/nav2_core
[0.298s] -- Up-to-date: /home/lhl/nav2_ws/src/install/nav2_core/share/ament_index/resource_index/parent_prefix_path/nav2_core
[0.299s] -- Up-to-date: /home/lhl/nav2_ws/src/install/nav2_core/share/nav2_core/environment/ament_prefix_path.sh
[0.299s] -- Up-to-date: /home/lhl/nav2_ws/src/install/nav2_core/share/nav2_core/environment/ament_prefix_path.dsv
[0.299s] -- Up-to-date: /home/lhl/nav2_ws/src/install/nav2_core/share/nav2_core/environment/path.sh
[0.299s] -- Up-to-date: /home/lhl/nav2_ws/src/install/nav2_core/share/nav2_core/environment/path.dsv
[0.299s] -- Up-to-date: /home/lhl/nav2_ws/src/install/nav2_core/share/nav2_core/local_setup.bash
[0.299s] -- Up-to-date: /home/lhl/nav2_ws/src/install/nav2_core/share/nav2_core/local_setup.sh
[0.299s] -- Up-to-date: /home/lhl/nav2_ws/src/install/nav2_core/share/nav2_core/local_setup.zsh
[0.299s] -- Up-to-date: /home/lhl/nav2_ws/src/install/nav2_core/share/nav2_core/local_setup.dsv
[0.299s] -- Up-to-date: /home/lhl/nav2_ws/src/install/nav2_core/share/nav2_core/package.dsv
[0.300s] -- Up-to-date: /home/lhl/nav2_ws/src/install/nav2_core/share/ament_index/resource_index/packages/nav2_core
[0.300s] -- Up-to-date: /home/lhl/nav2_ws/src/install/nav2_core/share/nav2_core/cmake/ament_cmake_export_include_directories-extras.cmake
[0.300s] -- Up-to-date: /home/lhl/nav2_ws/src/install/nav2_core/share/nav2_core/cmake/ament_cmake_export_dependencies-extras.cmake
[0.301s] -- Up-to-date: /home/lhl/nav2_ws/src/install/nav2_core/share/nav2_core/cmake/nav2_coreConfig.cmake
[0.304s] -- Up-to-date: /home/lhl/nav2_ws/src/install/nav2_core/share/nav2_core/cmake/nav2_coreConfig-version.cmake
[0.304s] -- Up-to-date: /home/lhl/nav2_ws/src/install/nav2_core/share/nav2_core/package.xml
[0.304s] Invoked command in '/home/lhl/nav2_ws/src/build/nav2_core' returned '0': AMENT_PREFIX_PATH=/home/lhl/nav2_ws/src/install/nav2_costmap_2d:/home/lhl/nav2_ws/src/install/nav2_util:/home/lhl/nav2_ws/src/install/nav2_voxel_grid:/home/lhl/nav2_ws/src/install/nav2_msgs:/home/lhl/nav2_ws/src/install/nav2_common:${AMENT_PREFIX_PATH} CMAKE_PREFIX_PATH=/home/lhl/nav2_ws/src/install/nav2_costmap_2d:/home/lhl/nav2_ws/src/install/nav2_util:/home/lhl/nav2_ws/src/install/nav2_voxel_grid:/home/lhl/nav2_ws/src/install/nav2_msgs:/home/lhl/nav2_ws/src/install/nav2_common:/opt/ros/humble LD_LIBRARY_PATH=/home/lhl/nav2_ws/src/install/nav2_costmap_2d/lib:/home/lhl/nav2_ws/src/install/nav2_util/lib:/home/lhl/nav2_ws/src/install/nav2_voxel_grid/lib:/home/lhl/nav2_ws/src/install/nav2_msgs/lib:${LD_LIBRARY_PATH} PYTHONPATH=/home/lhl/nav2_ws/src/install/nav2_msgs/local/lib/python3.10/dist-packages:/home/lhl/nav2_ws/src/install/nav2_common/local/lib/python3.10/dist-packages:${PYTHONPATH} /usr/bin/cmake --install /home/lhl/nav2_ws/src/build/nav2_core
