[0.088s] Invoking command in '/home/lhl/nav2_ws/src/build/nav2_behavior_tree': CMAKE_PREFIX_PATH=/home/lhl/nav2_ws/src/install/nav2_util:/home/lhl/nav2_ws/src/install/nav2_msgs:/home/lhl/nav2_ws/src/install/nav2_common:/home/lhl/nav2_ws/src/install/sam_bot_description:/home/lhl/nav2_ws/src/install/nav2_system_tests:/home/lhl/nav2_ws/src/install/nav2_bringup:/home/lhl/nav2_ws/src/install/navigation2:/home/lhl/nav2_ws/src/install/nav2_smoother:/home/lhl/nav2_ws/src/install/nav2_dwb_controller:/home/lhl/nav2_ws/src/install/nav2_controller:/home/lhl/nav2_ws/src/install/dwb_plugins:/home/lhl/nav2_ws/src/install/dwb_critics:/home/lhl/nav2_ws/src/install/dwb_core:/home/lhl/nav2_ws/src/install/nav_2d_utils:/home/lhl/nav2_ws/src/install/dwb_msgs:/home/lhl/nav2_ws/src/install/nav_2d_msgs:/home/lhl/nav2_ws/src/install/nav2_waypoint_follower:/home/lhl/nav2_ws/src/install/nav2_theta_star_planner:/home/lhl/nav2_ws/src/install/nav2_smac_planner:/home/lhl/nav2_ws/src/install/nav2_rotation_shim_controller:/home/lhl/nav2_ws/src/install/nav2_regulated_pure_pursuit_controller:/home/lhl/nav2_ws/src/install/nav2_planner:/home/lhl/nav2_ws/src/install/nav2_navfn_planner:/home/lhl/nav2_ws/src/install/nav2_mppi_controller:/home/lhl/nav2_ws/src/install/nav2_constrained_smoother:/home/lhl/nav2_ws/src/install/nav2_bt_navigator:/home/lhl/nav2_ws/src/install/nav2_behaviors:/home/lhl/nav2_ws/src/install/nav2_core:/home/lhl/nav2_ws/src/install/nav2_collision_monitor:/home/lhl/nav2_ws/src/install/costmap_queue:/home/lhl/nav2_ws/src/install/nav2_costmap_2d:/home/lhl/nav2_ws/src/install/nav2_voxel_grid:/home/lhl/nav2_ws/src/install/nav2_velocity_smoother:/home/lhl/nav2_ws/src/install/nav2_rviz_plugins:/home/lhl/nav2_ws/src/install/nav2_map_server:/home/lhl/nav2_ws/src/install/nav2_lifecycle_manager:/home/lhl/nav2_ws/src/install/nav2_behavior_tree:/home/lhl/nav2_ws/src/install/nav2_amcl:/home/lhl/nav2_ws/src/install/nav2_simple_commander:/opt/ros/humble LD_LIBRARY_PATH=/home/lhl/nav2_ws/src/install/nav2_util/lib:/home/lhl/nav2_ws/src/install/nav2_msgs/lib:/home/lhl/nav2_ws/src/install/nav2_smoother/lib:/home/lhl/nav2_ws/src/install/nav2_controller/lib:/home/lhl/nav2_ws/src/install/dwb_plugins/lib:/home/lhl/nav2_ws/src/install/dwb_critics/lib:/home/lhl/nav2_ws/src/install/dwb_core/lib:/home/lhl/nav2_ws/src/install/nav_2d_utils/lib:/home/lhl/nav2_ws/src/install/dwb_msgs/lib:/home/lhl/nav2_ws/src/install/nav_2d_msgs/lib:/home/lhl/nav2_ws/src/install/nav2_waypoint_follower/lib:/home/lhl/nav2_ws/src/install/nav2_theta_star_planner/lib:/home/lhl/nav2_ws/src/install/nav2_smac_planner/lib:/home/lhl/nav2_ws/src/install/nav2_rotation_shim_controller/lib:/home/lhl/nav2_ws/src/install/nav2_regulated_pure_pursuit_controller/lib:/home/lhl/nav2_ws/src/install/nav2_planner/lib:/home/lhl/nav2_ws/src/install/nav2_navfn_planner/lib:/home/lhl/nav2_ws/src/install/nav2_mppi_controller/lib:/home/lhl/nav2_ws/src/install/nav2_constrained_smoother/lib:/home/lhl/nav2_ws/src/install/nav2_bt_navigator/lib:/home/lhl/nav2_ws/src/install/nav2_behaviors/lib:/home/lhl/nav2_ws/src/install/nav2_collision_monitor/lib:/home/lhl/nav2_ws/src/install/costmap_queue/lib:/home/lhl/nav2_ws/src/install/nav2_costmap_2d/lib:/home/lhl/nav2_ws/src/install/nav2_voxel_grid/lib:/home/lhl/nav2_ws/src/install/nav2_velocity_smoother/lib:/home/lhl/nav2_ws/src/install/nav2_rviz_plugins/lib:/home/lhl/nav2_ws/src/install/nav2_map_server/lib:/home/lhl/nav2_ws/src/install/nav2_lifecycle_manager/lib:/home/lhl/nav2_ws/src/install/nav2_behavior_tree/lib:/home/lhl/nav2_ws/src/install/nav2_amcl/lib:/usr/lib/x86_64-linux-gnu/gazebo-11/plugins:/opt/ros/humble/opt/rviz_ogre_vendor/lib:/opt/ros/humble/lib/x86_64-linux-gnu:/opt/ros/humble/lib /usr/bin/cmake --build /home/lhl/nav2_ws/src/build/nav2_behavior_tree -- -j8 -l8
[0.405s] [  1%] Built target nav2_behavior_tree
[0.407s] [  2%] Built target nav2_compute_path_through_poses_action_bt_node
[0.419s] [  3%] Built target nav2_compute_path_to_pose_action_bt_node
[0.424s] [  4%] Built target nav2_wait_cancel_bt_node
[0.436s] [  5%] Built target nav2_controller_cancel_bt_node
[0.458s] [  6%] Built target nav2_back_up_cancel_bt_node
[0.460s] [  7%] Built target nav2_spin_cancel_bt_node
[0.475s] [  8%] Built target nav2_assisted_teleop_cancel_bt_node
[0.570s] [  9%] Built target nav2_drive_on_heading_cancel_bt_node
[0.589s] [ 10%] Built target nav2_back_up_action_bt_node
[0.648s] [ 11%] Built target nav2_drive_on_heading_bt_node
[0.693s] [ 12%] Built target nav2_spin_action_bt_node
[0.710s] [ 13%] Built target nav2_wait_action_bt_node
[0.721s] [ 14%] Built target nav2_smooth_path_action_bt_node
[0.728s] [ 16%] Built target nav2_assisted_teleop_action_bt_node
[0.731s] [ 15%] Built target nav2_follow_path_action_bt_node
[0.810s] [ 17%] Built target nav2_clear_costmap_service_bt_node
[0.811s] [ 18%] Built target nav2_is_stuck_condition_bt_node
[0.813s] [ 19%] Built target nav2_transform_available_condition_bt_node
[0.819s] [ 21%] Built target nav2_goal_updated_condition_bt_node
[0.820s] [ 20%] Built target nav2_goal_reached_condition_bt_node
[0.851s] [ 22%] Built target nav2_globally_updated_goal_condition_bt_node
[0.902s] [ 23%] Built target nav2_time_expired_condition_bt_node
[0.935s] [ 24%] Built target nav2_distance_traveled_condition_bt_node
[0.948s] [ 25%] Built target nav2_is_path_valid_condition_bt_node
[0.948s] [ 26%] Built target nav2_path_expiring_timer_condition
[0.953s] [ 28%] Built target nav2_initial_pose_received_condition_bt_node
[0.953s] [ 28%] Built target nav2_is_battery_low_condition_bt_node
[0.982s] [ 29%] Built target nav2_reinitialize_global_localization_service_bt_node
[0.995s] [ 30%] Built target nav2_rate_controller_bt_node
[1.036s] [ 31%] Built target nav2_distance_controller_bt_node
[1.060s] [ 32%] Built target nav2_truncate_path_action_bt_node
[1.065s] [ 33%] Built target nav2_truncate_path_local_action_bt_node
[1.086s] [ 34%] Built target nav2_goal_updater_node_bt_node
[1.087s] [ 35%] Built target nav2_speed_controller_bt_node
[1.113s] [ 36%] Built target nav2_path_longer_on_approach_bt_node
[1.168s] [ 37%] Built target nav2_recovery_node_bt_node
[1.168s] [ 38%] Built target nav2_navigate_through_poses_action_bt_node
[1.186s] [ 39%] Built target nav2_navigate_to_pose_action_bt_node
[1.206s] [ 40%] Built target nav2_pipeline_sequence_bt_node
[1.233s] [ 41%] Built target nav2_remove_passed_goals_action_bt_node
[1.240s] [ 42%] Built target nav2_single_trigger_bt_node
[1.240s] [ 43%] Built target nav2_round_robin_node_bt_node
[1.285s] [ 44%] Built target nav2_planner_selector_bt_node
[1.285s] [ 45%] Built target nav2_smoother_selector_bt_node
[1.290s] [ 46%] Built target nav2_controller_selector_bt_node
[1.328s] [ 47%] Built target nav2_goal_updated_controller_bt_node
[1.334s] [ 48%] Built target nav2_goal_checker_selector_bt_node
[1.343s] [ 49%] Built target gtest_main
[1.347s] [ 50%] Built target gtest
[1.414s] [ 51%] Built target test_bt_conversions
[1.451s] [ 52%] Built target test_condition_time_expired
[1.451s] [ 53%] Built target test_condition_path_expiring_timer
[1.461s] [ 54%] Built target test_condition_goal_reached
[1.461s] [ 55%] Built target test_condition_distance_traveled
[1.473s] [ 56%] Built target test_condition_initial_pose_received
[1.473s] [ 57%] Built target test_condition_globally_updated_goal
[1.476s] [ 58%] Built target test_condition_goal_updated
[1.552s] [ 59%] Built target test_condition_transform_available
[1.557s] [ 60%] Built target test_condition_is_battery_low
[1.559s] [ 61%] Built target test_condition_is_path_valid
[1.560s] [ 62%] Built target test_condition_is_stuck
[1.566s] [ 63%] Built target test_goal_updater_node
[1.578s] [ 64%] Built target test_decorator_distance_controller
[1.578s] [ 65%] Built target test_decorator_speed_controller
[1.620s] [ 66%] Built target test_decorator_rate_controller
[1.634s] [ 67%] Built target test_single_trigger_node
[1.638s] [ 68%] Built target test_decorator_path_longer_on_approach
[1.646s] [ 69%] Built target test_goal_updated_controller
[1.665s] [ 70%] Built target test_control_recovery_node
[1.688s] [ 71%] Built target test_control_pipeline_sequence
[1.711s] [ 72%] Built target test_bt_action_node
[1.725s] [ 73%] Built target test_action_back_up_action
[1.727s] [ 74%] Built target test_action_spin_action
[1.733s] [ 75%] Built target test_action_drive_on_heading
[1.741s] [ 76%] Built target test_control_round_robin_node
[1.743s] [ 77%] Built target test_action_wait_action
[1.751s] [ 78%] Built target test_action_assisted_teleop_action
[1.875s] [ 79%] Built target test_action_controller_cancel_action
[1.878s] [ 80%] Built target test_action_wait_cancel_action
[1.889s] [ 81%] Built target test_action_spin_cancel_action
[1.894s] [ 82%] Built target test_action_back_up_cancel_action
[1.894s] [ 83%] Built target test_action_assisted_teleop_cancel_action
[1.895s] [ 84%] Built target test_action_clear_costmap_service
[1.902s] [ 85%] Built target test_action_drive_on_heading_cancel_action
[1.921s] [ 86%] Built target test_action_reinitialize_global_localization_service
[1.952s] [ 87%] Built target test_action_compute_path_to_pose_action
[1.984s] [ 88%] Built target test_action_smooth_path_action
[1.993s] [ 89%] Built target test_action_compute_path_through_poses_action
[2.000s] [ 90%] Built target test_action_navigate_through_poses_action
[2.002s] [ 91%] Built target test_action_navigate_to_pose_action
[2.006s] [ 92%] Built target test_action_follow_path_action
[2.027s] [ 93%] Built target test_truncate_path_action
[2.027s] [ 95%] Built target test_truncate_path_local_action
[2.082s] [ 96%] Built target test_remove_passed_goals_action
[2.094s] [ 97%] Built target test_smoother_selector_node
[2.097s] [ 98%] Built target test_goal_checker_selector_node
[2.107s] [ 99%] Built target test_planner_selector_node
[2.126s] [100%] Built target test_controller_selector_node
[2.159s] Invoked command in '/home/lhl/nav2_ws/src/build/nav2_behavior_tree' returned '0': CMAKE_PREFIX_PATH=/home/lhl/nav2_ws/src/install/nav2_util:/home/lhl/nav2_ws/src/install/nav2_msgs:/home/lhl/nav2_ws/src/install/nav2_common:/home/lhl/nav2_ws/src/install/sam_bot_description:/home/lhl/nav2_ws/src/install/nav2_system_tests:/home/lhl/nav2_ws/src/install/nav2_bringup:/home/lhl/nav2_ws/src/install/navigation2:/home/lhl/nav2_ws/src/install/nav2_smoother:/home/lhl/nav2_ws/src/install/nav2_dwb_controller:/home/lhl/nav2_ws/src/install/nav2_controller:/home/lhl/nav2_ws/src/install/dwb_plugins:/home/lhl/nav2_ws/src/install/dwb_critics:/home/lhl/nav2_ws/src/install/dwb_core:/home/lhl/nav2_ws/src/install/nav_2d_utils:/home/lhl/nav2_ws/src/install/dwb_msgs:/home/lhl/nav2_ws/src/install/nav_2d_msgs:/home/lhl/nav2_ws/src/install/nav2_waypoint_follower:/home/lhl/nav2_ws/src/install/nav2_theta_star_planner:/home/lhl/nav2_ws/src/install/nav2_smac_planner:/home/lhl/nav2_ws/src/install/nav2_rotation_shim_controller:/home/lhl/nav2_ws/src/install/nav2_regulated_pure_pursuit_controller:/home/lhl/nav2_ws/src/install/nav2_planner:/home/lhl/nav2_ws/src/install/nav2_navfn_planner:/home/lhl/nav2_ws/src/install/nav2_mppi_controller:/home/lhl/nav2_ws/src/install/nav2_constrained_smoother:/home/lhl/nav2_ws/src/install/nav2_bt_navigator:/home/lhl/nav2_ws/src/install/nav2_behaviors:/home/lhl/nav2_ws/src/install/nav2_core:/home/lhl/nav2_ws/src/install/nav2_collision_monitor:/home/lhl/nav2_ws/src/install/costmap_queue:/home/lhl/nav2_ws/src/install/nav2_costmap_2d:/home/lhl/nav2_ws/src/install/nav2_voxel_grid:/home/lhl/nav2_ws/src/install/nav2_velocity_smoother:/home/lhl/nav2_ws/src/install/nav2_rviz_plugins:/home/lhl/nav2_ws/src/install/nav2_map_server:/home/lhl/nav2_ws/src/install/nav2_lifecycle_manager:/home/lhl/nav2_ws/src/install/nav2_behavior_tree:/home/lhl/nav2_ws/src/install/nav2_amcl:/home/lhl/nav2_ws/src/install/nav2_simple_commander:/opt/ros/humble LD_LIBRARY_PATH=/home/lhl/nav2_ws/src/install/nav2_util/lib:/home/lhl/nav2_ws/src/install/nav2_msgs/lib:/home/lhl/nav2_ws/src/install/nav2_smoother/lib:/home/lhl/nav2_ws/src/install/nav2_controller/lib:/home/lhl/nav2_ws/src/install/dwb_plugins/lib:/home/lhl/nav2_ws/src/install/dwb_critics/lib:/home/lhl/nav2_ws/src/install/dwb_core/lib:/home/lhl/nav2_ws/src/install/nav_2d_utils/lib:/home/lhl/nav2_ws/src/install/dwb_msgs/lib:/home/lhl/nav2_ws/src/install/nav_2d_msgs/lib:/home/lhl/nav2_ws/src/install/nav2_waypoint_follower/lib:/home/lhl/nav2_ws/src/install/nav2_theta_star_planner/lib:/home/lhl/nav2_ws/src/install/nav2_smac_planner/lib:/home/lhl/nav2_ws/src/install/nav2_rotation_shim_controller/lib:/home/lhl/nav2_ws/src/install/nav2_regulated_pure_pursuit_controller/lib:/home/lhl/nav2_ws/src/install/nav2_planner/lib:/home/lhl/nav2_ws/src/install/nav2_navfn_planner/lib:/home/lhl/nav2_ws/src/install/nav2_mppi_controller/lib:/home/lhl/nav2_ws/src/install/nav2_constrained_smoother/lib:/home/lhl/nav2_ws/src/install/nav2_bt_navigator/lib:/home/lhl/nav2_ws/src/install/nav2_behaviors/lib:/home/lhl/nav2_ws/src/install/nav2_collision_monitor/lib:/home/lhl/nav2_ws/src/install/costmap_queue/lib:/home/lhl/nav2_ws/src/install/nav2_costmap_2d/lib:/home/lhl/nav2_ws/src/install/nav2_voxel_grid/lib:/home/lhl/nav2_ws/src/install/nav2_velocity_smoother/lib:/home/lhl/nav2_ws/src/install/nav2_rviz_plugins/lib:/home/lhl/nav2_ws/src/install/nav2_map_server/lib:/home/lhl/nav2_ws/src/install/nav2_lifecycle_manager/lib:/home/lhl/nav2_ws/src/install/nav2_behavior_tree/lib:/home/lhl/nav2_ws/src/install/nav2_amcl/lib:/usr/lib/x86_64-linux-gnu/gazebo-11/plugins:/opt/ros/humble/opt/rviz_ogre_vendor/lib:/opt/ros/humble/lib/x86_64-linux-gnu:/opt/ros/humble/lib /usr/bin/cmake --build /home/lhl/nav2_ws/src/build/nav2_behavior_tree -- -j8 -l8
[2.733s] Invoking command in '/home/lhl/nav2_ws/src/build/nav2_behavior_tree': CMAKE_PREFIX_PATH=/home/lhl/nav2_ws/src/install/nav2_util:/home/lhl/nav2_ws/src/install/nav2_msgs:/home/lhl/nav2_ws/src/install/nav2_common:/home/lhl/nav2_ws/src/install/sam_bot_description:/home/lhl/nav2_ws/src/install/nav2_system_tests:/home/lhl/nav2_ws/src/install/nav2_bringup:/home/lhl/nav2_ws/src/install/navigation2:/home/lhl/nav2_ws/src/install/nav2_smoother:/home/lhl/nav2_ws/src/install/nav2_dwb_controller:/home/lhl/nav2_ws/src/install/nav2_controller:/home/lhl/nav2_ws/src/install/dwb_plugins:/home/lhl/nav2_ws/src/install/dwb_critics:/home/lhl/nav2_ws/src/install/dwb_core:/home/lhl/nav2_ws/src/install/nav_2d_utils:/home/lhl/nav2_ws/src/install/dwb_msgs:/home/lhl/nav2_ws/src/install/nav_2d_msgs:/home/lhl/nav2_ws/src/install/nav2_waypoint_follower:/home/lhl/nav2_ws/src/install/nav2_theta_star_planner:/home/lhl/nav2_ws/src/install/nav2_smac_planner:/home/lhl/nav2_ws/src/install/nav2_rotation_shim_controller:/home/lhl/nav2_ws/src/install/nav2_regulated_pure_pursuit_controller:/home/lhl/nav2_ws/src/install/nav2_planner:/home/lhl/nav2_ws/src/install/nav2_navfn_planner:/home/lhl/nav2_ws/src/install/nav2_mppi_controller:/home/lhl/nav2_ws/src/install/nav2_constrained_smoother:/home/lhl/nav2_ws/src/install/nav2_bt_navigator:/home/lhl/nav2_ws/src/install/nav2_behaviors:/home/lhl/nav2_ws/src/install/nav2_core:/home/lhl/nav2_ws/src/install/nav2_collision_monitor:/home/lhl/nav2_ws/src/install/costmap_queue:/home/lhl/nav2_ws/src/install/nav2_costmap_2d:/home/lhl/nav2_ws/src/install/nav2_voxel_grid:/home/lhl/nav2_ws/src/install/nav2_velocity_smoother:/home/lhl/nav2_ws/src/install/nav2_rviz_plugins:/home/lhl/nav2_ws/src/install/nav2_map_server:/home/lhl/nav2_ws/src/install/nav2_lifecycle_manager:/home/lhl/nav2_ws/src/install/nav2_behavior_tree:/home/lhl/nav2_ws/src/install/nav2_amcl:/home/lhl/nav2_ws/src/install/nav2_simple_commander:/opt/ros/humble LD_LIBRARY_PATH=/home/lhl/nav2_ws/src/install/nav2_util/lib:/home/lhl/nav2_ws/src/install/nav2_msgs/lib:/home/lhl/nav2_ws/src/install/nav2_smoother/lib:/home/lhl/nav2_ws/src/install/nav2_controller/lib:/home/lhl/nav2_ws/src/install/dwb_plugins/lib:/home/lhl/nav2_ws/src/install/dwb_critics/lib:/home/lhl/nav2_ws/src/install/dwb_core/lib:/home/lhl/nav2_ws/src/install/nav_2d_utils/lib:/home/lhl/nav2_ws/src/install/dwb_msgs/lib:/home/lhl/nav2_ws/src/install/nav_2d_msgs/lib:/home/lhl/nav2_ws/src/install/nav2_waypoint_follower/lib:/home/lhl/nav2_ws/src/install/nav2_theta_star_planner/lib:/home/lhl/nav2_ws/src/install/nav2_smac_planner/lib:/home/lhl/nav2_ws/src/install/nav2_rotation_shim_controller/lib:/home/lhl/nav2_ws/src/install/nav2_regulated_pure_pursuit_controller/lib:/home/lhl/nav2_ws/src/install/nav2_planner/lib:/home/lhl/nav2_ws/src/install/nav2_navfn_planner/lib:/home/lhl/nav2_ws/src/install/nav2_mppi_controller/lib:/home/lhl/nav2_ws/src/install/nav2_constrained_smoother/lib:/home/lhl/nav2_ws/src/install/nav2_bt_navigator/lib:/home/lhl/nav2_ws/src/install/nav2_behaviors/lib:/home/lhl/nav2_ws/src/install/nav2_collision_monitor/lib:/home/lhl/nav2_ws/src/install/costmap_queue/lib:/home/lhl/nav2_ws/src/install/nav2_costmap_2d/lib:/home/lhl/nav2_ws/src/install/nav2_voxel_grid/lib:/home/lhl/nav2_ws/src/install/nav2_velocity_smoother/lib:/home/lhl/nav2_ws/src/install/nav2_rviz_plugins/lib:/home/lhl/nav2_ws/src/install/nav2_map_server/lib:/home/lhl/nav2_ws/src/install/nav2_lifecycle_manager/lib:/home/lhl/nav2_ws/src/install/nav2_behavior_tree/lib:/home/lhl/nav2_ws/src/install/nav2_amcl/lib:/usr/lib/x86_64-linux-gnu/gazebo-11/plugins:/opt/ros/humble/opt/rviz_ogre_vendor/lib:/opt/ros/humble/lib/x86_64-linux-gnu:/opt/ros/humble/lib /usr/bin/cmake --install /home/lhl/nav2_ws/src/build/nav2_behavior_tree
[2.744s] -- Install configuration: "Release"
[2.744s] -- Up-to-date: /home/lhl/nav2_ws/src/install/nav2_behavior_tree/lib/libnav2_behavior_tree.so
[2.745s] -- Up-to-date: /home/lhl/nav2_ws/src/install/nav2_behavior_tree/lib/libnav2_compute_path_to_pose_action_bt_node.so
[2.745s] -- Up-to-date: /home/lhl/nav2_ws/src/install/nav2_behavior_tree/lib/libnav2_compute_path_through_poses_action_bt_node.so
[2.746s] -- Up-to-date: /home/lhl/nav2_ws/src/install/nav2_behavior_tree/lib/libnav2_controller_cancel_bt_node.so
[2.746s] -- Up-to-date: /home/lhl/nav2_ws/src/install/nav2_behavior_tree/lib/libnav2_wait_cancel_bt_node.so
[2.747s] -- Up-to-date: /home/lhl/nav2_ws/src/install/nav2_behavior_tree/lib/libnav2_spin_cancel_bt_node.so
[2.747s] -- Up-to-date: /home/lhl/nav2_ws/src/install/nav2_behavior_tree/lib/libnav2_back_up_cancel_bt_node.so
[2.747s] -- Up-to-date: /home/lhl/nav2_ws/src/install/nav2_behavior_tree/lib/libnav2_assisted_teleop_cancel_bt_node.so
[2.748s] -- Up-to-date: /home/lhl/nav2_ws/src/install/nav2_behavior_tree/lib/libnav2_drive_on_heading_cancel_bt_node.so
[2.748s] -- Up-to-date: /home/lhl/nav2_ws/src/install/nav2_behavior_tree/lib/libnav2_smooth_path_action_bt_node.so
[2.749s] -- Up-to-date: /home/lhl/nav2_ws/src/install/nav2_behavior_tree/lib/libnav2_follow_path_action_bt_node.so
[2.749s] -- Up-to-date: /home/lhl/nav2_ws/src/install/nav2_behavior_tree/lib/libnav2_back_up_action_bt_node.so
[2.750s] -- Up-to-date: /home/lhl/nav2_ws/src/install/nav2_behavior_tree/lib/libnav2_drive_on_heading_bt_node.so
[2.750s] -- Up-to-date: /home/lhl/nav2_ws/src/install/nav2_behavior_tree/lib/libnav2_spin_action_bt_node.so
[2.751s] -- Up-to-date: /home/lhl/nav2_ws/src/install/nav2_behavior_tree/lib/libnav2_wait_action_bt_node.so
[2.751s] -- Up-to-date: /home/lhl/nav2_ws/src/install/nav2_behavior_tree/lib/libnav2_assisted_teleop_action_bt_node.so
[2.752s] -- Up-to-date: /home/lhl/nav2_ws/src/install/nav2_behavior_tree/lib/libnav2_clear_costmap_service_bt_node.so
[2.752s] -- Up-to-date: /home/lhl/nav2_ws/src/install/nav2_behavior_tree/lib/libnav2_is_stuck_condition_bt_node.so
[2.753s] -- Up-to-date: /home/lhl/nav2_ws/src/install/nav2_behavior_tree/lib/libnav2_transform_available_condition_bt_node.so
[2.753s] -- Up-to-date: /home/lhl/nav2_ws/src/install/nav2_behavior_tree/lib/libnav2_goal_reached_condition_bt_node.so
[2.753s] -- Up-to-date: /home/lhl/nav2_ws/src/install/nav2_behavior_tree/lib/libnav2_globally_updated_goal_condition_bt_node.so
[2.754s] -- Up-to-date: /home/lhl/nav2_ws/src/install/nav2_behavior_tree/lib/libnav2_goal_updated_condition_bt_node.so
[2.754s] -- Up-to-date: /home/lhl/nav2_ws/src/install/nav2_behavior_tree/lib/libnav2_is_path_valid_condition_bt_node.so
[2.755s] -- Up-to-date: /home/lhl/nav2_ws/src/install/nav2_behavior_tree/lib/libnav2_time_expired_condition_bt_node.so
[2.755s] -- Up-to-date: /home/lhl/nav2_ws/src/install/nav2_behavior_tree/lib/libnav2_path_expiring_timer_condition.so
[2.756s] -- Up-to-date: /home/lhl/nav2_ws/src/install/nav2_behavior_tree/lib/libnav2_distance_traveled_condition_bt_node.so
[2.756s] -- Up-to-date: /home/lhl/nav2_ws/src/install/nav2_behavior_tree/lib/libnav2_initial_pose_received_condition_bt_node.so
[2.757s] -- Up-to-date: /home/lhl/nav2_ws/src/install/nav2_behavior_tree/lib/libnav2_is_battery_low_condition_bt_node.so
[2.757s] -- Up-to-date: /home/lhl/nav2_ws/src/install/nav2_behavior_tree/lib/libnav2_reinitialize_global_localization_service_bt_node.so
[2.758s] -- Up-to-date: /home/lhl/nav2_ws/src/install/nav2_behavior_tree/lib/libnav2_rate_controller_bt_node.so
[2.758s] -- Up-to-date: /home/lhl/nav2_ws/src/install/nav2_behavior_tree/lib/libnav2_distance_controller_bt_node.so
[2.758s] -- Up-to-date: /home/lhl/nav2_ws/src/install/nav2_behavior_tree/lib/libnav2_speed_controller_bt_node.so
[2.759s] -- Up-to-date: /home/lhl/nav2_ws/src/install/nav2_behavior_tree/lib/libnav2_truncate_path_action_bt_node.so
[2.760s] -- Up-to-date: /home/lhl/nav2_ws/src/install/nav2_behavior_tree/lib/libnav2_truncate_path_local_action_bt_node.so
[2.760s] -- Up-to-date: /home/lhl/nav2_ws/src/install/nav2_behavior_tree/lib/libnav2_goal_updater_node_bt_node.so
[2.760s] -- Up-to-date: /home/lhl/nav2_ws/src/install/nav2_behavior_tree/lib/libnav2_path_longer_on_approach_bt_node.so
[2.761s] -- Up-to-date: /home/lhl/nav2_ws/src/install/nav2_behavior_tree/lib/libnav2_recovery_node_bt_node.so
[2.761s] -- Up-to-date: /home/lhl/nav2_ws/src/install/nav2_behavior_tree/lib/libnav2_navigate_to_pose_action_bt_node.so
[2.762s] -- Up-to-date: /home/lhl/nav2_ws/src/install/nav2_behavior_tree/lib/libnav2_navigate_through_poses_action_bt_node.so
[2.762s] -- Up-to-date: /home/lhl/nav2_ws/src/install/nav2_behavior_tree/lib/libnav2_remove_passed_goals_action_bt_node.so
[2.763s] -- Up-to-date: /home/lhl/nav2_ws/src/install/nav2_behavior_tree/lib/libnav2_pipeline_sequence_bt_node.so
[2.763s] -- Up-to-date: /home/lhl/nav2_ws/src/install/nav2_behavior_tree/lib/libnav2_round_robin_node_bt_node.so
[2.764s] -- Up-to-date: /home/lhl/nav2_ws/src/install/nav2_behavior_tree/lib/libnav2_single_trigger_bt_node.so
[2.764s] -- Up-to-date: /home/lhl/nav2_ws/src/install/nav2_behavior_tree/lib/libnav2_planner_selector_bt_node.so
[2.764s] -- Up-to-date: /home/lhl/nav2_ws/src/install/nav2_behavior_tree/lib/libnav2_controller_selector_bt_node.so
[2.765s] -- Up-to-date: /home/lhl/nav2_ws/src/install/nav2_behavior_tree/lib/libnav2_smoother_selector_bt_node.so
[2.765s] -- Up-to-date: /home/lhl/nav2_ws/src/install/nav2_behavior_tree/lib/libnav2_goal_checker_selector_bt_node.so
[2.766s] -- Up-to-date: /home/lhl/nav2_ws/src/install/nav2_behavior_tree/lib/libnav2_goal_updated_controller_bt_node.so
[2.766s] -- Up-to-date: /home/lhl/nav2_ws/src/install/nav2_behavior_tree/include/
[2.766s] -- Up-to-date: /home/lhl/nav2_ws/src/install/nav2_behavior_tree/include//nav2_behavior_tree
[2.767s] -- Up-to-date: /home/lhl/nav2_ws/src/install/nav2_behavior_tree/include//nav2_behavior_tree/plugins
[2.767s] -- Up-to-date: /home/lhl/nav2_ws/src/install/nav2_behavior_tree/include//nav2_behavior_tree/plugins/condition
[2.767s] -- Up-to-date: /home/lhl/nav2_ws/src/install/nav2_behavior_tree/include//nav2_behavior_tree/plugins/condition/transform_available_condition.hpp
[2.768s] -- Up-to-date: /home/lhl/nav2_ws/src/install/nav2_behavior_tree/include//nav2_behavior_tree/plugins/condition/distance_traveled_condition.hpp
[2.768s] -- Up-to-date: /home/lhl/nav2_ws/src/install/nav2_behavior_tree/include//nav2_behavior_tree/plugins/condition/goal_reached_condition.hpp
[2.768s] -- Up-to-date: /home/lhl/nav2_ws/src/install/nav2_behavior_tree/include//nav2_behavior_tree/plugins/condition/is_path_valid_condition.hpp
[2.768s] -- Up-to-date: /home/lhl/nav2_ws/src/install/nav2_behavior_tree/include//nav2_behavior_tree/plugins/condition/goal_updated_condition.hpp
[2.768s] -- Up-to-date: /home/lhl/nav2_ws/src/install/nav2_behavior_tree/include//nav2_behavior_tree/plugins/condition/is_battery_low_condition.hpp
[2.768s] -- Up-to-date: /home/lhl/nav2_ws/src/install/nav2_behavior_tree/include//nav2_behavior_tree/plugins/condition/time_expired_condition.hpp
[2.768s] -- Up-to-date: /home/lhl/nav2_ws/src/install/nav2_behavior_tree/include//nav2_behavior_tree/plugins/condition/globally_updated_goal_condition.hpp
[2.768s] -- Up-to-date: /home/lhl/nav2_ws/src/install/nav2_behavior_tree/include//nav2_behavior_tree/plugins/condition/is_stuck_condition.hpp
[2.768s] -- Up-to-date: /home/lhl/nav2_ws/src/install/nav2_behavior_tree/include//nav2_behavior_tree/plugins/condition/path_expiring_timer_condition.hpp
[2.768s] -- Up-to-date: /home/lhl/nav2_ws/src/install/nav2_behavior_tree/include//nav2_behavior_tree/plugins/condition/initial_pose_received_condition.hpp
[2.768s] -- Up-to-date: /home/lhl/nav2_ws/src/install/nav2_behavior_tree/include//nav2_behavior_tree/plugins/decorator
[2.769s] -- Up-to-date: /home/lhl/nav2_ws/src/install/nav2_behavior_tree/include//nav2_behavior_tree/plugins/decorator/distance_controller.hpp
[2.769s] -- Up-to-date: /home/lhl/nav2_ws/src/install/nav2_behavior_tree/include//nav2_behavior_tree/plugins/decorator/goal_updater_node.hpp
[2.769s] -- Up-to-date: /home/lhl/nav2_ws/src/install/nav2_behavior_tree/include//nav2_behavior_tree/plugins/decorator/goal_updated_controller.hpp
[2.769s] -- Up-to-date: /home/lhl/nav2_ws/src/install/nav2_behavior_tree/include//nav2_behavior_tree/plugins/decorator/speed_controller.hpp
[2.769s] -- Up-to-date: /home/lhl/nav2_ws/src/install/nav2_behavior_tree/include//nav2_behavior_tree/plugins/decorator/path_longer_on_approach.hpp
[2.769s] -- Up-to-date: /home/lhl/nav2_ws/src/install/nav2_behavior_tree/include//nav2_behavior_tree/plugins/decorator/single_trigger_node.hpp
[2.769s] -- Up-to-date: /home/lhl/nav2_ws/src/install/nav2_behavior_tree/include//nav2_behavior_tree/plugins/decorator/rate_controller.hpp
[2.769s] -- Up-to-date: /home/lhl/nav2_ws/src/install/nav2_behavior_tree/include//nav2_behavior_tree/plugins/control
[2.769s] -- Up-to-date: /home/lhl/nav2_ws/src/install/nav2_behavior_tree/include//nav2_behavior_tree/plugins/control/recovery_node.hpp
[2.769s] -- Up-to-date: /home/lhl/nav2_ws/src/install/nav2_behavior_tree/include//nav2_behavior_tree/plugins/control/round_robin_node.hpp
[2.770s] -- Up-to-date: /home/lhl/nav2_ws/src/install/nav2_behavior_tree/include//nav2_behavior_tree/plugins/control/pipeline_sequence.hpp
[2.770s] -- Up-to-date: /home/lhl/nav2_ws/src/install/nav2_behavior_tree/include//nav2_behavior_tree/plugins/action
[2.770s] -- Up-to-date: /home/lhl/nav2_ws/src/install/nav2_behavior_tree/include//nav2_behavior_tree/plugins/action/navigate_to_pose_action.hpp
[2.770s] -- Up-to-date: /home/lhl/nav2_ws/src/install/nav2_behavior_tree/include//nav2_behavior_tree/plugins/action/assisted_teleop_action.hpp
[2.770s] -- Up-to-date: /home/lhl/nav2_ws/src/install/nav2_behavior_tree/include//nav2_behavior_tree/plugins/action/back_up_action.hpp
[2.770s] -- Up-to-date: /home/lhl/nav2_ws/src/install/nav2_behavior_tree/include//nav2_behavior_tree/plugins/action/spin_action.hpp
[2.770s] -- Up-to-date: /home/lhl/nav2_ws/src/install/nav2_behavior_tree/include//nav2_behavior_tree/plugins/action/controller_cancel_node.hpp
[2.771s] -- Up-to-date: /home/lhl/nav2_ws/src/install/nav2_behavior_tree/include//nav2_behavior_tree/plugins/action/reinitialize_global_localization_service.hpp
[2.771s] -- Up-to-date: /home/lhl/nav2_ws/src/install/nav2_behavior_tree/include//nav2_behavior_tree/plugins/action/assisted_teleop_cancel_node.hpp
[2.775s] -- Up-to-date: /home/lhl/nav2_ws/src/install/nav2_behavior_tree/include//nav2_behavior_tree/plugins/action/smooth_path_action.hpp
[2.775s] -- Up-to-date: /home/lhl/nav2_ws/src/install/nav2_behavior_tree/include//nav2_behavior_tree/plugins/action/truncate_path_local_action.hpp
[2.775s] -- Up-to-date: /home/lhl/nav2_ws/src/install/nav2_behavior_tree/include//nav2_behavior_tree/plugins/action/goal_checker_selector_node.hpp
[2.775s] -- Up-to-date: /home/lhl/nav2_ws/src/install/nav2_behavior_tree/include//nav2_behavior_tree/plugins/action/drive_on_heading_action.hpp
[2.776s] -- Up-to-date: /home/lhl/nav2_ws/src/install/nav2_behavior_tree/include//nav2_behavior_tree/plugins/action/navigate_through_poses_action.hpp
[2.776s] -- Up-to-date: /home/lhl/nav2_ws/src/install/nav2_behavior_tree/include//nav2_behavior_tree/plugins/action/follow_path_action.hpp
[2.776s] -- Up-to-date: /home/lhl/nav2_ws/src/install/nav2_behavior_tree/include//nav2_behavior_tree/plugins/action/drive_on_heading_cancel_node.hpp
[2.776s] -- Up-to-date: /home/lhl/nav2_ws/src/install/nav2_behavior_tree/include//nav2_behavior_tree/plugins/action/back_up_cancel_node.hpp
[2.776s] -- Up-to-date: /home/lhl/nav2_ws/src/install/nav2_behavior_tree/include//nav2_behavior_tree/plugins/action/truncate_path_action.hpp
[2.776s] -- Up-to-date: /home/lhl/nav2_ws/src/install/nav2_behavior_tree/include//nav2_behavior_tree/plugins/action/wait_action.hpp
[2.776s] -- Up-to-date: /home/lhl/nav2_ws/src/install/nav2_behavior_tree/include//nav2_behavior_tree/plugins/action/spin_cancel_node.hpp
[2.777s] -- Up-to-date: /home/lhl/nav2_ws/src/install/nav2_behavior_tree/include//nav2_behavior_tree/plugins/action/compute_path_through_poses_action.hpp
[2.777s] -- Up-to-date: /home/lhl/nav2_ws/src/install/nav2_behavior_tree/include//nav2_behavior_tree/plugins/action/clear_costmap_service.hpp
[2.777s] -- Up-to-date: /home/lhl/nav2_ws/src/install/nav2_behavior_tree/include//nav2_behavior_tree/plugins/action/remove_passed_goals_action.hpp
[2.777s] -- Up-to-date: /home/lhl/nav2_ws/src/install/nav2_behavior_tree/include//nav2_behavior_tree/plugins/action/controller_selector_node.hpp
[2.777s] -- Up-to-date: /home/lhl/nav2_ws/src/install/nav2_behavior_tree/include//nav2_behavior_tree/plugins/action/compute_path_to_pose_action.hpp
[2.777s] -- Up-to-date: /home/lhl/nav2_ws/src/install/nav2_behavior_tree/include//nav2_behavior_tree/plugins/action/wait_cancel_node.hpp
[2.777s] -- Up-to-date: /home/lhl/nav2_ws/src/install/nav2_behavior_tree/include//nav2_behavior_tree/plugins/action/planner_selector_node.hpp
[2.777s] -- Up-to-date: /home/lhl/nav2_ws/src/install/nav2_behavior_tree/include//nav2_behavior_tree/plugins/action/smoother_selector_node.hpp
[2.777s] -- Up-to-date: /home/lhl/nav2_ws/src/install/nav2_behavior_tree/include//nav2_behavior_tree/bt_cancel_action_node.hpp
[2.778s] -- Up-to-date: /home/lhl/nav2_ws/src/install/nav2_behavior_tree/include//nav2_behavior_tree/bt_service_node.hpp
[2.778s] -- Up-to-date: /home/lhl/nav2_ws/src/install/nav2_behavior_tree/include//nav2_behavior_tree/bt_action_node.hpp
[2.778s] -- Up-to-date: /home/lhl/nav2_ws/src/install/nav2_behavior_tree/include//nav2_behavior_tree/bt_action_server.hpp
[2.778s] -- Up-to-date: /home/lhl/nav2_ws/src/install/nav2_behavior_tree/include//nav2_behavior_tree/bt_action_server_impl.hpp
[2.778s] -- Up-to-date: /home/lhl/nav2_ws/src/install/nav2_behavior_tree/include//nav2_behavior_tree/behavior_tree_engine.hpp
[2.778s] -- Up-to-date: /home/lhl/nav2_ws/src/install/nav2_behavior_tree/include//nav2_behavior_tree/ros_topic_logger.hpp
[2.779s] -- Up-to-date: /home/lhl/nav2_ws/src/install/nav2_behavior_tree/include//nav2_behavior_tree/bt_conversions.hpp
[2.779s] -- Up-to-date: /home/lhl/nav2_ws/src/install/nav2_behavior_tree/share/nav2_behavior_tree/nav2_tree_nodes.xml
[2.779s] -- Up-to-date: /home/lhl/nav2_ws/src/install/nav2_behavior_tree/share/nav2_behavior_tree/environment/library_path.sh
[2.779s] -- Up-to-date: /home/lhl/nav2_ws/src/install/nav2_behavior_tree/share/nav2_behavior_tree/environment/library_path.dsv
[2.779s] -- Up-to-date: /home/lhl/nav2_ws/src/install/nav2_behavior_tree/share/ament_index/resource_index/package_run_dependencies/nav2_behavior_tree
[2.779s] -- Up-to-date: /home/lhl/nav2_ws/src/install/nav2_behavior_tree/share/ament_index/resource_index/parent_prefix_path/nav2_behavior_tree
[2.780s] -- Up-to-date: /home/lhl/nav2_ws/src/install/nav2_behavior_tree/share/nav2_behavior_tree/environment/ament_prefix_path.sh
[2.780s] -- Up-to-date: /home/lhl/nav2_ws/src/install/nav2_behavior_tree/share/nav2_behavior_tree/environment/ament_prefix_path.dsv
[2.782s] -- Up-to-date: /home/lhl/nav2_ws/src/install/nav2_behavior_tree/share/nav2_behavior_tree/environment/path.sh
[2.782s] -- Up-to-date: /home/lhl/nav2_ws/src/install/nav2_behavior_tree/share/nav2_behavior_tree/environment/path.dsv
[2.783s] -- Up-to-date: /home/lhl/nav2_ws/src/install/nav2_behavior_tree/share/nav2_behavior_tree/local_setup.bash
[2.783s] -- Up-to-date: /home/lhl/nav2_ws/src/install/nav2_behavior_tree/share/nav2_behavior_tree/local_setup.sh
[2.783s] -- Up-to-date: /home/lhl/nav2_ws/src/install/nav2_behavior_tree/share/nav2_behavior_tree/local_setup.zsh
[2.783s] -- Up-to-date: /home/lhl/nav2_ws/src/install/nav2_behavior_tree/share/nav2_behavior_tree/local_setup.dsv
[2.784s] -- Installing: /home/lhl/nav2_ws/src/install/nav2_behavior_tree/share/nav2_behavior_tree/package.dsv
[2.784s] -- Up-to-date: /home/lhl/nav2_ws/src/install/nav2_behavior_tree/share/ament_index/resource_index/packages/nav2_behavior_tree
[2.784s] -- Up-to-date: /home/lhl/nav2_ws/src/install/nav2_behavior_tree/share/nav2_behavior_tree/cmake/ament_cmake_export_include_directories-extras.cmake
[2.784s] -- Up-to-date: /home/lhl/nav2_ws/src/install/nav2_behavior_tree/share/nav2_behavior_tree/cmake/ament_cmake_export_libraries-extras.cmake
[2.784s] -- Up-to-date: /home/lhl/nav2_ws/src/install/nav2_behavior_tree/share/nav2_behavior_tree/cmake/ament_cmake_export_dependencies-extras.cmake
[2.784s] -- Up-to-date: /home/lhl/nav2_ws/src/install/nav2_behavior_tree/share/nav2_behavior_tree/cmake/nav2_behavior_treeConfig.cmake
[2.784s] -- Up-to-date: /home/lhl/nav2_ws/src/install/nav2_behavior_tree/share/nav2_behavior_tree/cmake/nav2_behavior_treeConfig-version.cmake
[2.784s] -- Up-to-date: /home/lhl/nav2_ws/src/install/nav2_behavior_tree/share/nav2_behavior_tree/package.xml
[2.785s] Invoked command in '/home/lhl/nav2_ws/src/build/nav2_behavior_tree' returned '0': CMAKE_PREFIX_PATH=/home/lhl/nav2_ws/src/install/nav2_util:/home/lhl/nav2_ws/src/install/nav2_msgs:/home/lhl/nav2_ws/src/install/nav2_common:/home/lhl/nav2_ws/src/install/sam_bot_description:/home/lhl/nav2_ws/src/install/nav2_system_tests:/home/lhl/nav2_ws/src/install/nav2_bringup:/home/lhl/nav2_ws/src/install/navigation2:/home/lhl/nav2_ws/src/install/nav2_smoother:/home/lhl/nav2_ws/src/install/nav2_dwb_controller:/home/lhl/nav2_ws/src/install/nav2_controller:/home/lhl/nav2_ws/src/install/dwb_plugins:/home/lhl/nav2_ws/src/install/dwb_critics:/home/lhl/nav2_ws/src/install/dwb_core:/home/lhl/nav2_ws/src/install/nav_2d_utils:/home/lhl/nav2_ws/src/install/dwb_msgs:/home/lhl/nav2_ws/src/install/nav_2d_msgs:/home/lhl/nav2_ws/src/install/nav2_waypoint_follower:/home/lhl/nav2_ws/src/install/nav2_theta_star_planner:/home/lhl/nav2_ws/src/install/nav2_smac_planner:/home/lhl/nav2_ws/src/install/nav2_rotation_shim_controller:/home/lhl/nav2_ws/src/install/nav2_regulated_pure_pursuit_controller:/home/lhl/nav2_ws/src/install/nav2_planner:/home/lhl/nav2_ws/src/install/nav2_navfn_planner:/home/lhl/nav2_ws/src/install/nav2_mppi_controller:/home/lhl/nav2_ws/src/install/nav2_constrained_smoother:/home/lhl/nav2_ws/src/install/nav2_bt_navigator:/home/lhl/nav2_ws/src/install/nav2_behaviors:/home/lhl/nav2_ws/src/install/nav2_core:/home/lhl/nav2_ws/src/install/nav2_collision_monitor:/home/lhl/nav2_ws/src/install/costmap_queue:/home/lhl/nav2_ws/src/install/nav2_costmap_2d:/home/lhl/nav2_ws/src/install/nav2_voxel_grid:/home/lhl/nav2_ws/src/install/nav2_velocity_smoother:/home/lhl/nav2_ws/src/install/nav2_rviz_plugins:/home/lhl/nav2_ws/src/install/nav2_map_server:/home/lhl/nav2_ws/src/install/nav2_lifecycle_manager:/home/lhl/nav2_ws/src/install/nav2_behavior_tree:/home/lhl/nav2_ws/src/install/nav2_amcl:/home/lhl/nav2_ws/src/install/nav2_simple_commander:/opt/ros/humble LD_LIBRARY_PATH=/home/lhl/nav2_ws/src/install/nav2_util/lib:/home/lhl/nav2_ws/src/install/nav2_msgs/lib:/home/lhl/nav2_ws/src/install/nav2_smoother/lib:/home/lhl/nav2_ws/src/install/nav2_controller/lib:/home/lhl/nav2_ws/src/install/dwb_plugins/lib:/home/lhl/nav2_ws/src/install/dwb_critics/lib:/home/lhl/nav2_ws/src/install/dwb_core/lib:/home/lhl/nav2_ws/src/install/nav_2d_utils/lib:/home/lhl/nav2_ws/src/install/dwb_msgs/lib:/home/lhl/nav2_ws/src/install/nav_2d_msgs/lib:/home/lhl/nav2_ws/src/install/nav2_waypoint_follower/lib:/home/lhl/nav2_ws/src/install/nav2_theta_star_planner/lib:/home/lhl/nav2_ws/src/install/nav2_smac_planner/lib:/home/lhl/nav2_ws/src/install/nav2_rotation_shim_controller/lib:/home/lhl/nav2_ws/src/install/nav2_regulated_pure_pursuit_controller/lib:/home/lhl/nav2_ws/src/install/nav2_planner/lib:/home/lhl/nav2_ws/src/install/nav2_navfn_planner/lib:/home/lhl/nav2_ws/src/install/nav2_mppi_controller/lib:/home/lhl/nav2_ws/src/install/nav2_constrained_smoother/lib:/home/lhl/nav2_ws/src/install/nav2_bt_navigator/lib:/home/lhl/nav2_ws/src/install/nav2_behaviors/lib:/home/lhl/nav2_ws/src/install/nav2_collision_monitor/lib:/home/lhl/nav2_ws/src/install/costmap_queue/lib:/home/lhl/nav2_ws/src/install/nav2_costmap_2d/lib:/home/lhl/nav2_ws/src/install/nav2_voxel_grid/lib:/home/lhl/nav2_ws/src/install/nav2_velocity_smoother/lib:/home/lhl/nav2_ws/src/install/nav2_rviz_plugins/lib:/home/lhl/nav2_ws/src/install/nav2_map_server/lib:/home/lhl/nav2_ws/src/install/nav2_lifecycle_manager/lib:/home/lhl/nav2_ws/src/install/nav2_behavior_tree/lib:/home/lhl/nav2_ws/src/install/nav2_amcl/lib:/usr/lib/x86_64-linux-gnu/gazebo-11/plugins:/opt/ros/humble/opt/rviz_ogre_vendor/lib:/opt/ros/humble/lib/x86_64-linux-gnu:/opt/ros/humble/lib /usr/bin/cmake --install /home/lhl/nav2_ws/src/build/nav2_behavior_tree
