[0.012s] Invoking command in '/home/lhl/nav2_ws/src/build/nav2_voxel_grid': AMENT_PREFIX_PATH=/home/lhl/nav2_ws/src/install/nav2_common:${AMENT_PREFIX_PATH} CMAKE_PREFIX_PATH=/home/lhl/nav2_ws/src/install/nav2_common:/opt/ros/humble PYTHONPATH=/home/lhl/nav2_ws/src/install/nav2_common/local/lib/python3.10/dist-packages:${PYTHONPATH} /usr/bin/cmake /home/lhl/nav2_ws/src/navigation2/nav2_voxel_grid -DCMAKE_INSTALL_PREFIX=/home/lhl/nav2_ws/src/install/nav2_voxel_grid
[0.061s] -- The C compiler identification is GNU 11.3.0
[0.117s] -- The CXX compiler identification is GNU 11.3.0
[0.124s] -- Detecting C compiler ABI info
[0.183s] -- Detecting C compiler ABI info - done
[0.197s] -- Check for working C compiler: /usr/bin/cc - skipped
[0.198s] -- Detecting C compile features
[0.198s] -- Detecting C compile features - done
[0.203s] -- Detecting CXX compiler ABI info
[0.272s] -- Detecting CXX compiler ABI info - done
[0.279s] -- Check for working CXX compiler: /usr/bin/c++ - skipped
[0.279s] -- Detecting CXX compile features
[0.280s] -- Detecting CXX compile features - done
[0.282s] -- Found ament_cmake: 1.3.4 (/opt/ros/humble/share/ament_cmake/cmake)
[0.458s] -- Found Python3: /usr/bin/python3.10 (found version "3.10.6") found components: Interpreter 
[0.545s] -- Found nav2_common: 1.1.6 (/home/lhl/nav2_ws/src/install/nav2_common/share/nav2_common/cmake)
[0.547s] -- Found rclcpp: 16.0.4 (/opt/ros/humble/share/rclcpp/cmake)
[0.589s] -- Found rosidl_generator_c: 3.1.4 (/opt/ros/humble/share/rosidl_generator_c/cmake)
[0.594s] -- Found rosidl_adapter: 3.1.4 (/opt/ros/humble/share/rosidl_adapter/cmake)
[0.603s] -- Found rosidl_generator_cpp: 3.1.4 (/opt/ros/humble/share/rosidl_generator_cpp/cmake)
[0.617s] -- Using all available rosidl_typesupport_c: rosidl_typesupport_fastrtps_c;rosidl_typesupport_introspection_c
[0.636s] -- Using all available rosidl_typesupport_cpp: rosidl_typesupport_fastrtps_cpp;rosidl_typesupport_introspection_cpp
[0.707s] -- Found rmw_implementation_cmake: 6.1.1 (/opt/ros/humble/share/rmw_implementation_cmake/cmake)
[0.710s] -- Found rmw_fastrtps_cpp: 6.2.2 (/opt/ros/humble/share/rmw_fastrtps_cpp/cmake)
[0.806s] -- Found OpenSSL: /usr/lib/x86_64-linux-gnu/libcrypto.so (found version "3.0.2")  
[0.835s] -- Found FastRTPS: /opt/ros/humble/include  
[0.888s] -- Using RMW implementation 'rmw_fastrtps_cpp' as default
[0.902s] -- Looking for pthread.h
[0.975s] -- Looking for pthread.h - found
[0.975s] -- Performing Test CMAKE_HAVE_LIBC_PTHREAD
[1.056s] -- Performing Test CMAKE_HAVE_LIBC_PTHREAD - Success
[1.058s] -- Found Threads: TRUE  
[1.247s] -- Setting build type to Release as none was specified.
[1.248s] -- Found ament_lint_auto: 0.12.6 (/opt/ros/humble/share/ament_lint_auto/cmake)
[1.371s] -- Found gtest sources under '/opt/ros/humble/src/gtest_vendor': C++ tests using 'Google Test' will be built
[1.383s] -- Added test 'cppcheck' to perform static code analysis on C / C++ code
[1.384s] -- Configured cppcheck include dirs: /home/lhl/nav2_ws/src/navigation2/nav2_voxel_grid/include
[1.384s] -- Configured cppcheck exclude dirs and/or files: 
[1.385s] -- Added test 'cpplint' to check C / C++ code against the Google style
[1.385s] -- Configured cpplint exclude dirs and/or files: 
[1.386s] -- Added test 'lint_cmake' to check CMake code style
[1.388s] -- Added test 'uncrustify' to check C / C++ code style
[1.388s] -- Configured uncrustify additional arguments: 
[1.388s] -- Added test 'xmllint' to check XML markup files
[1.392s] -- Configuring done
[1.418s] -- Generating done
[1.422s] -- Build files have been written to: /home/lhl/nav2_ws/src/build/nav2_voxel_grid
[1.435s] Invoked command in '/home/lhl/nav2_ws/src/build/nav2_voxel_grid' returned '0': AMENT_PREFIX_PATH=/home/lhl/nav2_ws/src/install/nav2_common:${AMENT_PREFIX_PATH} CMAKE_PREFIX_PATH=/home/lhl/nav2_ws/src/install/nav2_common:/opt/ros/humble PYTHONPATH=/home/lhl/nav2_ws/src/install/nav2_common/local/lib/python3.10/dist-packages:${PYTHONPATH} /usr/bin/cmake /home/lhl/nav2_ws/src/navigation2/nav2_voxel_grid -DCMAKE_INSTALL_PREFIX=/home/lhl/nav2_ws/src/install/nav2_voxel_grid
[1.437s] Invoking command in '/home/lhl/nav2_ws/src/build/nav2_voxel_grid': AMENT_PREFIX_PATH=/home/lhl/nav2_ws/src/install/nav2_common:${AMENT_PREFIX_PATH} CMAKE_PREFIX_PATH=/home/lhl/nav2_ws/src/install/nav2_common:/opt/ros/humble PYTHONPATH=/home/lhl/nav2_ws/src/install/nav2_common/local/lib/python3.10/dist-packages:${PYTHONPATH} /usr/bin/cmake --build /home/lhl/nav2_ws/src/build/nav2_voxel_grid -- -j8 -l8
[1.491s] [ 30%] [32mBuilding CXX object gtest/CMakeFiles/gtest_main.dir/src/gtest_main.cc.o[0m
[1.491s] [ 30%] [32mBuilding CXX object CMakeFiles/voxel_grid.dir/src/voxel_grid.cpp.o[0m
[1.491s] [ 30%] [32mBuilding CXX object gtest/CMakeFiles/gtest.dir/src/gtest-all.cc.o[0m
[3.442s] [ 40%] [32m[1mLinking CXX static library libgtest_main.a[0m
[3.665s] [ 40%] Built target gtest_main
[7.356s] [ 50%] [32m[1mLinking CXX shared library libvoxel_grid.so[0m
[7.532s] [ 50%] Built target voxel_grid
[16.686s] [ 60%] [32m[1mLinking CXX static library libgtest.a[0m
[16.950s] [ 60%] Built target gtest
[17.018s] [ 70%] [32mBuilding CXX object test/CMakeFiles/voxel_grid_bresenham_3d.dir/voxel_grid_bresenham_3d.cpp.o[0m
[17.087s] [ 80%] [32mBuilding CXX object test/CMakeFiles/voxel_grid_tests.dir/voxel_grid_tests.cpp.o[0m
[27.454s] [ 90%] [32m[1mLinking CXX executable voxel_grid_tests[0m
[27.466s] [100%] [32m[1mLinking CXX executable voxel_grid_bresenham_3d[0m
[27.861s] [100%] Built target voxel_grid_bresenham_3d
[27.928s] [100%] Built target voxel_grid_tests
[27.955s] Invoked command in '/home/lhl/nav2_ws/src/build/nav2_voxel_grid' returned '0': AMENT_PREFIX_PATH=/home/lhl/nav2_ws/src/install/nav2_common:${AMENT_PREFIX_PATH} CMAKE_PREFIX_PATH=/home/lhl/nav2_ws/src/install/nav2_common:/opt/ros/humble PYTHONPATH=/home/lhl/nav2_ws/src/install/nav2_common/local/lib/python3.10/dist-packages:${PYTHONPATH} /usr/bin/cmake --build /home/lhl/nav2_ws/src/build/nav2_voxel_grid -- -j8 -l8
[28.272s] Invoking command in '/home/lhl/nav2_ws/src/build/nav2_voxel_grid': AMENT_PREFIX_PATH=/home/lhl/nav2_ws/src/install/nav2_common:${AMENT_PREFIX_PATH} CMAKE_PREFIX_PATH=/home/lhl/nav2_ws/src/install/nav2_common:/opt/ros/humble PYTHONPATH=/home/lhl/nav2_ws/src/install/nav2_common/local/lib/python3.10/dist-packages:${PYTHONPATH} /usr/bin/cmake --install /home/lhl/nav2_ws/src/build/nav2_voxel_grid
[28.295s] -- Install configuration: "Release"
[28.296s] -- Installing: /home/lhl/nav2_ws/src/install/nav2_voxel_grid/lib/libvoxel_grid.so
[28.297s] -- Set runtime path of "/home/lhl/nav2_ws/src/install/nav2_voxel_grid/lib/libvoxel_grid.so" to ""
[28.297s] -- Installing: /home/lhl/nav2_ws/src/install/nav2_voxel_grid/include
[28.298s] -- Installing: /home/lhl/nav2_ws/src/install/nav2_voxel_grid/include/nav2_voxel_grid
[28.298s] -- Installing: /home/lhl/nav2_ws/src/install/nav2_voxel_grid/include/nav2_voxel_grid/voxel_grid.hpp
[28.302s] -- Installing: /home/lhl/nav2_ws/src/install/nav2_voxel_grid/share/nav2_voxel_grid/environment/library_path.sh
[28.304s] -- Installing: /home/lhl/nav2_ws/src/install/nav2_voxel_grid/share/nav2_voxel_grid/environment/library_path.dsv
[28.305s] -- Installing: /home/lhl/nav2_ws/src/install/nav2_voxel_grid/share/ament_index/resource_index/package_run_dependencies/nav2_voxel_grid
[28.306s] -- Installing: /home/lhl/nav2_ws/src/install/nav2_voxel_grid/share/ament_index/resource_index/parent_prefix_path/nav2_voxel_grid
[28.306s] -- Installing: /home/lhl/nav2_ws/src/install/nav2_voxel_grid/share/nav2_voxel_grid/environment/ament_prefix_path.sh
[28.307s] -- Installing: /home/lhl/nav2_ws/src/install/nav2_voxel_grid/share/nav2_voxel_grid/environment/ament_prefix_path.dsv
[28.307s] -- Installing: /home/lhl/nav2_ws/src/install/nav2_voxel_grid/share/nav2_voxel_grid/environment/path.sh
[28.308s] -- Installing: /home/lhl/nav2_ws/src/install/nav2_voxel_grid/share/nav2_voxel_grid/environment/path.dsv
[28.308s] -- Installing: /home/lhl/nav2_ws/src/install/nav2_voxel_grid/share/nav2_voxel_grid/local_setup.bash
[28.309s] -- Installing: /home/lhl/nav2_ws/src/install/nav2_voxel_grid/share/nav2_voxel_grid/local_setup.sh
[28.309s] -- Installing: /home/lhl/nav2_ws/src/install/nav2_voxel_grid/share/nav2_voxel_grid/local_setup.zsh
[28.309s] -- Installing: /home/lhl/nav2_ws/src/install/nav2_voxel_grid/share/nav2_voxel_grid/local_setup.dsv
[28.310s] -- Installing: /home/lhl/nav2_ws/src/install/nav2_voxel_grid/share/nav2_voxel_grid/package.dsv
[28.310s] -- Installing: /home/lhl/nav2_ws/src/install/nav2_voxel_grid/share/ament_index/resource_index/packages/nav2_voxel_grid
[28.311s] -- Installing: /home/lhl/nav2_ws/src/install/nav2_voxel_grid/share/nav2_voxel_grid/cmake/ament_cmake_export_dependencies-extras.cmake
[28.311s] -- Installing: /home/lhl/nav2_ws/src/install/nav2_voxel_grid/share/nav2_voxel_grid/cmake/ament_cmake_export_include_directories-extras.cmake
[28.312s] -- Installing: /home/lhl/nav2_ws/src/install/nav2_voxel_grid/share/nav2_voxel_grid/cmake/ament_cmake_export_libraries-extras.cmake
[28.312s] -- Installing: /home/lhl/nav2_ws/src/install/nav2_voxel_grid/share/nav2_voxel_grid/cmake/nav2_voxel_gridConfig.cmake
[28.312s] -- Installing: /home/lhl/nav2_ws/src/install/nav2_voxel_grid/share/nav2_voxel_grid/cmake/nav2_voxel_gridConfig-version.cmake
[28.313s] -- Installing: /home/lhl/nav2_ws/src/install/nav2_voxel_grid/share/nav2_voxel_grid/package.xml
[28.326s] Invoked command in '/home/lhl/nav2_ws/src/build/nav2_voxel_grid' returned '0': AMENT_PREFIX_PATH=/home/lhl/nav2_ws/src/install/nav2_common:${AMENT_PREFIX_PATH} CMAKE_PREFIX_PATH=/home/lhl/nav2_ws/src/install/nav2_common:/opt/ros/humble PYTHONPATH=/home/lhl/nav2_ws/src/install/nav2_common/local/lib/python3.10/dist-packages:${PYTHONPATH} /usr/bin/cmake --install /home/lhl/nav2_ws/src/build/nav2_voxel_grid
