[0.395s] DEBUG:colcon:Command line arguments: ['/usr/bin/colcon', 'build', '--packages-select', 'sam_bot_description']
[0.395s] DEBUG:colcon:Parsed command line arguments: Namespace(log_base=None, log_level=None, verb_name='build', build_base='build', install_base='install', merge_install=False, symlink_install=False, test_result_base=None, continue_on_error=False, executor='parallel', parallel_workers=8, event_handlers=None, ignore_user_meta=False, metas=['./colcon.meta'], base_paths=['.'], packages_ignore=None, packages_ignore_regex=None, paths=None, packages_up_to=None, packages_up_to_regex=None, packages_above=None, packages_above_and_dependencies=None, packages_above_depth=None, packages_select_by_dep=None, packages_skip_by_dep=None, packages_skip_up_to=None, packages_select_build_failed=False, packages_skip_build_finished=False, packages_select_test_failures=False, packages_skip_test_passed=False, packages_select=['sam_bot_description'], packages_skip=None, packages_select_regex=None, packages_skip_regex=None, packages_start=None, packages_end=None, allow_overriding=[], cmake_args=None, cmake_target=None, cmake_target_skip_unavailable=False, cmake_clean_cache=False, cmake_clean_first=False, cmake_force_configure=False, ament_cmake_args=None, catkin_cmake_args=None, catkin_skip_building_tests=False, verb_parser=<colcon_defaults.argument_parser.defaults.DefaultArgumentsDecorator object at 0x7fd7e51ba770>, verb_extension=<colcon_core.verb.build.BuildVerb object at 0x7fd7e6053310>, main=<bound method BuildVerb.main of <colcon_core.verb.build.BuildVerb object at 0x7fd7e6053310>>)
[0.416s] Level 1:colcon.colcon_core.package_discovery:discover_packages(colcon_meta) check parameters
[0.417s] Level 1:colcon.colcon_core.package_discovery:discover_packages(recursive) check parameters
[0.417s] Level 1:colcon.colcon_core.package_discovery:discover_packages(ignore) check parameters
[0.417s] Level 1:colcon.colcon_core.package_discovery:discover_packages(path) check parameters
[0.417s] Level 1:colcon.colcon_core.package_discovery:discover_packages(colcon_meta) discover
[0.417s] Level 1:colcon.colcon_core.package_discovery:discover_packages(recursive) discover
[0.417s] INFO:colcon.colcon_core.package_discovery:Crawling recursively for packages in '/home/lhl/nav2_ws/src'
[0.417s] Level 1:colcon.colcon_core.package_identification:_identify(.) by extensions ['ignore', 'ignore_ament_install']
[0.417s] Level 1:colcon.colcon_core.package_identification:_identify(.) by extension 'ignore'
[0.417s] Level 1:colcon.colcon_core.package_identification:_identify(.) by extension 'ignore_ament_install'
[0.417s] Level 1:colcon.colcon_core.package_identification:_identify(.) by extensions ['colcon_pkg']
[0.417s] Level 1:colcon.colcon_core.package_identification:_identify(.) by extension 'colcon_pkg'
[0.417s] Level 1:colcon.colcon_core.package_identification:_identify(.) by extensions ['colcon_meta']
[0.417s] Level 1:colcon.colcon_core.package_identification:_identify(.) by extension 'colcon_meta'
[0.417s] Level 1:colcon.colcon_core.package_identification:_identify(.) by extensions ['ros']
[0.418s] Level 1:colcon.colcon_core.package_identification:_identify(.) by extension 'ros'
[0.427s] Level 1:colcon.colcon_core.package_identification:_identify(.) by extensions ['cmake', 'python']
[0.427s] Level 1:colcon.colcon_core.package_identification:_identify(.) by extension 'cmake'
[0.427s] Level 1:colcon.colcon_core.package_identification:_identify(.) by extension 'python'
[0.427s] Level 1:colcon.colcon_core.package_identification:_identify(.) by extensions ['python_setup_py']
[0.427s] Level 1:colcon.colcon_core.package_identification:_identify(.) by extension 'python_setup_py'
[0.427s] Level 1:colcon.colcon_core.package_identification:_identify(build) by extensions ['ignore', 'ignore_ament_install']
[0.427s] Level 1:colcon.colcon_core.package_identification:_identify(build) by extension 'ignore'
[0.427s] Level 1:colcon.colcon_core.package_identification:_identify(build) ignored
[0.427s] Level 1:colcon.colcon_core.package_identification:_identify(install) by extensions ['ignore', 'ignore_ament_install']
[0.428s] Level 1:colcon.colcon_core.package_identification:_identify(install) by extension 'ignore'
[0.428s] Level 1:colcon.colcon_core.package_identification:_identify(install) ignored
[0.428s] Level 1:colcon.colcon_core.package_identification:_identify(log) by extensions ['ignore', 'ignore_ament_install']
[0.428s] Level 1:colcon.colcon_core.package_identification:_identify(log) by extension 'ignore'
[0.428s] Level 1:colcon.colcon_core.package_identification:_identify(log) ignored
[0.428s] Level 1:colcon.colcon_core.package_identification:_identify(navigation2) by extensions ['ignore', 'ignore_ament_install']
[0.428s] Level 1:colcon.colcon_core.package_identification:_identify(navigation2) by extension 'ignore'
[0.428s] Level 1:colcon.colcon_core.package_identification:_identify(navigation2) by extension 'ignore_ament_install'
[0.428s] Level 1:colcon.colcon_core.package_identification:_identify(navigation2) by extensions ['colcon_pkg']
[0.428s] Level 1:colcon.colcon_core.package_identification:_identify(navigation2) by extension 'colcon_pkg'
[0.428s] Level 1:colcon.colcon_core.package_identification:_identify(navigation2) by extensions ['colcon_meta']
[0.429s] Level 1:colcon.colcon_core.package_identification:_identify(navigation2) by extension 'colcon_meta'
[0.429s] Level 1:colcon.colcon_core.package_identification:_identify(navigation2) by extensions ['ros']
[0.429s] Level 1:colcon.colcon_core.package_identification:_identify(navigation2) by extension 'ros'
[0.429s] Level 1:colcon.colcon_core.package_identification:_identify(navigation2) by extensions ['cmake', 'python']
[0.429s] Level 1:colcon.colcon_core.package_identification:_identify(navigation2) by extension 'cmake'
[0.429s] Level 1:colcon.colcon_core.package_identification:_identify(navigation2) by extension 'python'
[0.429s] Level 1:colcon.colcon_core.package_identification:_identify(navigation2) by extensions ['python_setup_py']
[0.429s] Level 1:colcon.colcon_core.package_identification:_identify(navigation2) by extension 'python_setup_py'
[0.429s] Level 1:colcon.colcon_core.package_identification:_identify(navigation2/doc) by extensions ['ignore', 'ignore_ament_install']
[0.429s] Level 1:colcon.colcon_core.package_identification:_identify(navigation2/doc) by extension 'ignore'
[0.429s] Level 1:colcon.colcon_core.package_identification:_identify(navigation2/doc) by extension 'ignore_ament_install'
[0.429s] Level 1:colcon.colcon_core.package_identification:_identify(navigation2/doc) by extensions ['colcon_pkg']
[0.429s] Level 1:colcon.colcon_core.package_identification:_identify(navigation2/doc) by extension 'colcon_pkg'
[0.429s] Level 1:colcon.colcon_core.package_identification:_identify(navigation2/doc) by extensions ['colcon_meta']
[0.429s] Level 1:colcon.colcon_core.package_identification:_identify(navigation2/doc) by extension 'colcon_meta'
[0.430s] Level 1:colcon.colcon_core.package_identification:_identify(navigation2/doc) by extensions ['ros']
[0.430s] Level 1:colcon.colcon_core.package_identification:_identify(navigation2/doc) by extension 'ros'
[0.430s] Level 1:colcon.colcon_core.package_identification:_identify(navigation2/doc) by extensions ['cmake', 'python']
[0.430s] Level 1:colcon.colcon_core.package_identification:_identify(navigation2/doc) by extension 'cmake'
[0.430s] Level 1:colcon.colcon_core.package_identification:_identify(navigation2/doc) by extension 'python'
[0.430s] Level 1:colcon.colcon_core.package_identification:_identify(navigation2/doc) by extensions ['python_setup_py']
[0.430s] Level 1:colcon.colcon_core.package_identification:_identify(navigation2/doc) by extension 'python_setup_py'
[0.430s] Level 1:colcon.colcon_core.package_identification:_identify(navigation2/doc/architecture) by extensions ['ignore', 'ignore_ament_install']
[0.430s] Level 1:colcon.colcon_core.package_identification:_identify(navigation2/doc/architecture) by extension 'ignore'
[0.430s] Level 1:colcon.colcon_core.package_identification:_identify(navigation2/doc/architecture) by extension 'ignore_ament_install'
[0.430s] Level 1:colcon.colcon_core.package_identification:_identify(navigation2/doc/architecture) by extensions ['colcon_pkg']
[0.430s] Level 1:colcon.colcon_core.package_identification:_identify(navigation2/doc/architecture) by extension 'colcon_pkg'
[0.430s] Level 1:colcon.colcon_core.package_identification:_identify(navigation2/doc/architecture) by extensions ['colcon_meta']
[0.430s] Level 1:colcon.colcon_core.package_identification:_identify(navigation2/doc/architecture) by extension 'colcon_meta'
[0.430s] Level 1:colcon.colcon_core.package_identification:_identify(navigation2/doc/architecture) by extensions ['ros']
[0.431s] Level 1:colcon.colcon_core.package_identification:_identify(navigation2/doc/architecture) by extension 'ros'
[0.431s] Level 1:colcon.colcon_core.package_identification:_identify(navigation2/doc/architecture) by extensions ['cmake', 'python']
[0.431s] Level 1:colcon.colcon_core.package_identification:_identify(navigation2/doc/architecture) by extension 'cmake'
[0.431s] Level 1:colcon.colcon_core.package_identification:_identify(navigation2/doc/architecture) by extension 'python'
[0.431s] Level 1:colcon.colcon_core.package_identification:_identify(navigation2/doc/architecture) by extensions ['python_setup_py']
[0.431s] Level 1:colcon.colcon_core.package_identification:_identify(navigation2/doc/architecture) by extension 'python_setup_py'
[0.431s] Level 1:colcon.colcon_core.package_identification:_identify(navigation2/doc/design) by extensions ['ignore', 'ignore_ament_install']
[0.431s] Level 1:colcon.colcon_core.package_identification:_identify(navigation2/doc/design) by extension 'ignore'
[0.431s] Level 1:colcon.colcon_core.package_identification:_identify(navigation2/doc/design) by extension 'ignore_ament_install'
[0.431s] Level 1:colcon.colcon_core.package_identification:_identify(navigation2/doc/design) by extensions ['colcon_pkg']
[0.431s] Level 1:colcon.colcon_core.package_identification:_identify(navigation2/doc/design) by extension 'colcon_pkg'
[0.431s] Level 1:colcon.colcon_core.package_identification:_identify(navigation2/doc/design) by extensions ['colcon_meta']
[0.431s] Level 1:colcon.colcon_core.package_identification:_identify(navigation2/doc/design) by extension 'colcon_meta'
[0.431s] Level 1:colcon.colcon_core.package_identification:_identify(navigation2/doc/design) by extensions ['ros']
[0.431s] Level 1:colcon.colcon_core.package_identification:_identify(navigation2/doc/design) by extension 'ros'
[0.432s] Level 1:colcon.colcon_core.package_identification:_identify(navigation2/doc/design) by extensions ['cmake', 'python']
[0.432s] Level 1:colcon.colcon_core.package_identification:_identify(navigation2/doc/design) by extension 'cmake'
[0.432s] Level 1:colcon.colcon_core.package_identification:_identify(navigation2/doc/design) by extension 'python'
[0.432s] Level 1:colcon.colcon_core.package_identification:_identify(navigation2/doc/design) by extensions ['python_setup_py']
[0.432s] Level 1:colcon.colcon_core.package_identification:_identify(navigation2/doc/design) by extension 'python_setup_py'
[0.432s] Level 1:colcon.colcon_core.package_identification:_identify(navigation2/doc/process) by extensions ['ignore', 'ignore_ament_install']
[0.432s] Level 1:colcon.colcon_core.package_identification:_identify(navigation2/doc/process) by extension 'ignore'
[0.432s] Level 1:colcon.colcon_core.package_identification:_identify(navigation2/doc/process) by extension 'ignore_ament_install'
[0.432s] Level 1:colcon.colcon_core.package_identification:_identify(navigation2/doc/process) by extensions ['colcon_pkg']
[0.432s] Level 1:colcon.colcon_core.package_identification:_identify(navigation2/doc/process) by extension 'colcon_pkg'
[0.432s] Level 1:colcon.colcon_core.package_identification:_identify(navigation2/doc/process) by extensions ['colcon_meta']
[0.432s] Level 1:colcon.colcon_core.package_identification:_identify(navigation2/doc/process) by extension 'colcon_meta'
[0.432s] Level 1:colcon.colcon_core.package_identification:_identify(navigation2/doc/process) by extensions ['ros']
[0.432s] Level 1:colcon.colcon_core.package_identification:_identify(navigation2/doc/process) by extension 'ros'
[0.432s] Level 1:colcon.colcon_core.package_identification:_identify(navigation2/doc/process) by extensions ['cmake', 'python']
[0.433s] Level 1:colcon.colcon_core.package_identification:_identify(navigation2/doc/process) by extension 'cmake'
[0.433s] Level 1:colcon.colcon_core.package_identification:_identify(navigation2/doc/process) by extension 'python'
[0.433s] Level 1:colcon.colcon_core.package_identification:_identify(navigation2/doc/process) by extensions ['python_setup_py']
[0.433s] Level 1:colcon.colcon_core.package_identification:_identify(navigation2/doc/process) by extension 'python_setup_py'
[0.433s] Level 1:colcon.colcon_core.package_identification:_identify(navigation2/doc/requirements) by extensions ['ignore', 'ignore_ament_install']
[0.433s] Level 1:colcon.colcon_core.package_identification:_identify(navigation2/doc/requirements) by extension 'ignore'
[0.433s] Level 1:colcon.colcon_core.package_identification:_identify(navigation2/doc/requirements) by extension 'ignore_ament_install'
[0.433s] Level 1:colcon.colcon_core.package_identification:_identify(navigation2/doc/requirements) by extensions ['colcon_pkg']
[0.433s] Level 1:colcon.colcon_core.package_identification:_identify(navigation2/doc/requirements) by extension 'colcon_pkg'
[0.433s] Level 1:colcon.colcon_core.package_identification:_identify(navigation2/doc/requirements) by extensions ['colcon_meta']
[0.433s] Level 1:colcon.colcon_core.package_identification:_identify(navigation2/doc/requirements) by extension 'colcon_meta'
[0.433s] Level 1:colcon.colcon_core.package_identification:_identify(navigation2/doc/requirements) by extensions ['ros']
[0.433s] Level 1:colcon.colcon_core.package_identification:_identify(navigation2/doc/requirements) by extension 'ros'
[0.433s] Level 1:colcon.colcon_core.package_identification:_identify(navigation2/doc/requirements) by extensions ['cmake', 'python']
[0.433s] Level 1:colcon.colcon_core.package_identification:_identify(navigation2/doc/requirements) by extension 'cmake'
[0.434s] Level 1:colcon.colcon_core.package_identification:_identify(navigation2/doc/requirements) by extension 'python'
[0.434s] Level 1:colcon.colcon_core.package_identification:_identify(navigation2/doc/requirements) by extensions ['python_setup_py']
[0.434s] Level 1:colcon.colcon_core.package_identification:_identify(navigation2/doc/requirements) by extension 'python_setup_py'
[0.434s] Level 1:colcon.colcon_core.package_identification:_identify(navigation2/doc/requirements/images) by extensions ['ignore', 'ignore_ament_install']
[0.434s] Level 1:colcon.colcon_core.package_identification:_identify(navigation2/doc/requirements/images) by extension 'ignore'
[0.434s] Level 1:colcon.colcon_core.package_identification:_identify(navigation2/doc/requirements/images) by extension 'ignore_ament_install'
[0.434s] Level 1:colcon.colcon_core.package_identification:_identify(navigation2/doc/requirements/images) by extensions ['colcon_pkg']
[0.434s] Level 1:colcon.colcon_core.package_identification:_identify(navigation2/doc/requirements/images) by extension 'colcon_pkg'
[0.434s] Level 1:colcon.colcon_core.package_identification:_identify(navigation2/doc/requirements/images) by extensions ['colcon_meta']
[0.434s] Level 1:colcon.colcon_core.package_identification:_identify(navigation2/doc/requirements/images) by extension 'colcon_meta'
[0.434s] Level 1:colcon.colcon_core.package_identification:_identify(navigation2/doc/requirements/images) by extensions ['ros']
[0.434s] Level 1:colcon.colcon_core.package_identification:_identify(navigation2/doc/requirements/images) by extension 'ros'
[0.434s] Level 1:colcon.colcon_core.package_identification:_identify(navigation2/doc/requirements/images) by extensions ['cmake', 'python']
[0.434s] Level 1:colcon.colcon_core.package_identification:_identify(navigation2/doc/requirements/images) by extension 'cmake'
[0.434s] Level 1:colcon.colcon_core.package_identification:_identify(navigation2/doc/requirements/images) by extension 'python'
[0.435s] Level 1:colcon.colcon_core.package_identification:_identify(navigation2/doc/requirements/images) by extensions ['python_setup_py']
[0.435s] Level 1:colcon.colcon_core.package_identification:_identify(navigation2/doc/requirements/images) by extension 'python_setup_py'
[0.435s] Level 1:colcon.colcon_core.package_identification:_identify(navigation2/doc/use_cases) by extensions ['ignore', 'ignore_ament_install']
[0.435s] Level 1:colcon.colcon_core.package_identification:_identify(navigation2/doc/use_cases) by extension 'ignore'
[0.435s] Level 1:colcon.colcon_core.package_identification:_identify(navigation2/doc/use_cases) by extension 'ignore_ament_install'
[0.435s] Level 1:colcon.colcon_core.package_identification:_identify(navigation2/doc/use_cases) by extensions ['colcon_pkg']
[0.435s] Level 1:colcon.colcon_core.package_identification:_identify(navigation2/doc/use_cases) by extension 'colcon_pkg'
[0.435s] Level 1:colcon.colcon_core.package_identification:_identify(navigation2/doc/use_cases) by extensions ['colcon_meta']
[0.435s] Level 1:colcon.colcon_core.package_identification:_identify(navigation2/doc/use_cases) by extension 'colcon_meta'
[0.435s] Level 1:colcon.colcon_core.package_identification:_identify(navigation2/doc/use_cases) by extensions ['ros']
[0.435s] Level 1:colcon.colcon_core.package_identification:_identify(navigation2/doc/use_cases) by extension 'ros'
[0.435s] Level 1:colcon.colcon_core.package_identification:_identify(navigation2/doc/use_cases) by extensions ['cmake', 'python']
[0.435s] Level 1:colcon.colcon_core.package_identification:_identify(navigation2/doc/use_cases) by extension 'cmake'
[0.435s] Level 1:colcon.colcon_core.package_identification:_identify(navigation2/doc/use_cases) by extension 'python'
[0.435s] Level 1:colcon.colcon_core.package_identification:_identify(navigation2/doc/use_cases) by extensions ['python_setup_py']
[0.435s] Level 1:colcon.colcon_core.package_identification:_identify(navigation2/doc/use_cases) by extension 'python_setup_py'
[0.436s] Level 1:colcon.colcon_core.package_identification:_identify(navigation2/nav2_amcl) by extensions ['ignore', 'ignore_ament_install']
[0.436s] Level 1:colcon.colcon_core.package_identification:_identify(navigation2/nav2_amcl) by extension 'ignore'
[0.436s] Level 1:colcon.colcon_core.package_identification:_identify(navigation2/nav2_amcl) by extension 'ignore_ament_install'
[0.436s] Level 1:colcon.colcon_core.package_identification:_identify(navigation2/nav2_amcl) by extensions ['colcon_pkg']
[0.436s] Level 1:colcon.colcon_core.package_identification:_identify(navigation2/nav2_amcl) by extension 'colcon_pkg'
[0.436s] Level 1:colcon.colcon_core.package_identification:_identify(navigation2/nav2_amcl) by extensions ['colcon_meta']
[0.436s] Level 1:colcon.colcon_core.package_identification:_identify(navigation2/nav2_amcl) by extension 'colcon_meta'
[0.436s] Level 1:colcon.colcon_core.package_identification:_identify(navigation2/nav2_amcl) by extensions ['ros']
[0.436s] Level 1:colcon.colcon_core.package_identification:_identify(navigation2/nav2_amcl) by extension 'ros'
[0.441s] DEBUG:colcon.colcon_core.package_identification:Package 'navigation2/nav2_amcl' with type 'ros.ament_cmake' and name 'nav2_amcl'
[0.442s] Level 1:colcon.colcon_core.package_identification:_identify(navigation2/nav2_behavior_tree) by extensions ['ignore', 'ignore_ament_install']
[0.442s] Level 1:colcon.colcon_core.package_identification:_identify(navigation2/nav2_behavior_tree) by extension 'ignore'
[0.442s] Level 1:colcon.colcon_core.package_identification:_identify(navigation2/nav2_behavior_tree) by extension 'ignore_ament_install'
[0.442s] Level 1:colcon.colcon_core.package_identification:_identify(navigation2/nav2_behavior_tree) by extensions ['colcon_pkg']
[0.442s] Level 1:colcon.colcon_core.package_identification:_identify(navigation2/nav2_behavior_tree) by extension 'colcon_pkg'
[0.442s] Level 1:colcon.colcon_core.package_identification:_identify(navigation2/nav2_behavior_tree) by extensions ['colcon_meta']
[0.442s] Level 1:colcon.colcon_core.package_identification:_identify(navigation2/nav2_behavior_tree) by extension 'colcon_meta'
[0.442s] Level 1:colcon.colcon_core.package_identification:_identify(navigation2/nav2_behavior_tree) by extensions ['ros']
[0.442s] Level 1:colcon.colcon_core.package_identification:_identify(navigation2/nav2_behavior_tree) by extension 'ros'
[0.443s] DEBUG:colcon.colcon_core.package_identification:Package 'navigation2/nav2_behavior_tree' with type 'ros.ament_cmake' and name 'nav2_behavior_tree'
[0.443s] Level 1:colcon.colcon_core.package_identification:_identify(navigation2/nav2_behaviors) by extensions ['ignore', 'ignore_ament_install']
[0.443s] Level 1:colcon.colcon_core.package_identification:_identify(navigation2/nav2_behaviors) by extension 'ignore'
[0.443s] Level 1:colcon.colcon_core.package_identification:_identify(navigation2/nav2_behaviors) by extension 'ignore_ament_install'
[0.443s] Level 1:colcon.colcon_core.package_identification:_identify(navigation2/nav2_behaviors) by extensions ['colcon_pkg']
[0.443s] Level 1:colcon.colcon_core.package_identification:_identify(navigation2/nav2_behaviors) by extension 'colcon_pkg'
[0.444s] Level 1:colcon.colcon_core.package_identification:_identify(navigation2/nav2_behaviors) by extensions ['colcon_meta']
[0.444s] Level 1:colcon.colcon_core.package_identification:_identify(navigation2/nav2_behaviors) by extension 'colcon_meta'
[0.444s] Level 1:colcon.colcon_core.package_identification:_identify(navigation2/nav2_behaviors) by extensions ['ros']
[0.444s] Level 1:colcon.colcon_core.package_identification:_identify(navigation2/nav2_behaviors) by extension 'ros'
[0.444s] DEBUG:colcon.colcon_core.package_identification:Package 'navigation2/nav2_behaviors' with type 'ros.ament_cmake' and name 'nav2_behaviors'
[0.445s] Level 1:colcon.colcon_core.package_identification:_identify(navigation2/nav2_bringup) by extensions ['ignore', 'ignore_ament_install']
[0.445s] Level 1:colcon.colcon_core.package_identification:_identify(navigation2/nav2_bringup) by extension 'ignore'
[0.445s] Level 1:colcon.colcon_core.package_identification:_identify(navigation2/nav2_bringup) by extension 'ignore_ament_install'
[0.445s] Level 1:colcon.colcon_core.package_identification:_identify(navigation2/nav2_bringup) by extensions ['colcon_pkg']
[0.445s] Level 1:colcon.colcon_core.package_identification:_identify(navigation2/nav2_bringup) by extension 'colcon_pkg'
[0.445s] Level 1:colcon.colcon_core.package_identification:_identify(navigation2/nav2_bringup) by extensions ['colcon_meta']
[0.445s] Level 1:colcon.colcon_core.package_identification:_identify(navigation2/nav2_bringup) by extension 'colcon_meta'
[0.445s] Level 1:colcon.colcon_core.package_identification:_identify(navigation2/nav2_bringup) by extensions ['ros']
[0.445s] Level 1:colcon.colcon_core.package_identification:_identify(navigation2/nav2_bringup) by extension 'ros'
[0.446s] DEBUG:colcon.colcon_core.package_identification:Package 'navigation2/nav2_bringup' with type 'ros.ament_cmake' and name 'nav2_bringup'
[0.446s] Level 1:colcon.colcon_core.package_identification:_identify(navigation2/nav2_bt_navigator) by extensions ['ignore', 'ignore_ament_install']
[0.446s] Level 1:colcon.colcon_core.package_identification:_identify(navigation2/nav2_bt_navigator) by extension 'ignore'
[0.446s] Level 1:colcon.colcon_core.package_identification:_identify(navigation2/nav2_bt_navigator) by extension 'ignore_ament_install'
[0.446s] Level 1:colcon.colcon_core.package_identification:_identify(navigation2/nav2_bt_navigator) by extensions ['colcon_pkg']
[0.446s] Level 1:colcon.colcon_core.package_identification:_identify(navigation2/nav2_bt_navigator) by extension 'colcon_pkg'
[0.446s] Level 1:colcon.colcon_core.package_identification:_identify(navigation2/nav2_bt_navigator) by extensions ['colcon_meta']
[0.446s] Level 1:colcon.colcon_core.package_identification:_identify(navigation2/nav2_bt_navigator) by extension 'colcon_meta'
[0.446s] Level 1:colcon.colcon_core.package_identification:_identify(navigation2/nav2_bt_navigator) by extensions ['ros']
[0.446s] Level 1:colcon.colcon_core.package_identification:_identify(navigation2/nav2_bt_navigator) by extension 'ros'
[0.448s] DEBUG:colcon.colcon_core.package_identification:Package 'navigation2/nav2_bt_navigator' with type 'ros.ament_cmake' and name 'nav2_bt_navigator'
[0.448s] Level 1:colcon.colcon_core.package_identification:_identify(navigation2/nav2_collision_monitor) by extensions ['ignore', 'ignore_ament_install']
[0.448s] Level 1:colcon.colcon_core.package_identification:_identify(navigation2/nav2_collision_monitor) by extension 'ignore'
[0.448s] Level 1:colcon.colcon_core.package_identification:_identify(navigation2/nav2_collision_monitor) by extension 'ignore_ament_install'
[0.448s] Level 1:colcon.colcon_core.package_identification:_identify(navigation2/nav2_collision_monitor) by extensions ['colcon_pkg']
[0.448s] Level 1:colcon.colcon_core.package_identification:_identify(navigation2/nav2_collision_monitor) by extension 'colcon_pkg'
[0.448s] Level 1:colcon.colcon_core.package_identification:_identify(navigation2/nav2_collision_monitor) by extensions ['colcon_meta']
[0.448s] Level 1:colcon.colcon_core.package_identification:_identify(navigation2/nav2_collision_monitor) by extension 'colcon_meta'
[0.448s] Level 1:colcon.colcon_core.package_identification:_identify(navigation2/nav2_collision_monitor) by extensions ['ros']
[0.448s] Level 1:colcon.colcon_core.package_identification:_identify(navigation2/nav2_collision_monitor) by extension 'ros'
[0.449s] DEBUG:colcon.colcon_core.package_identification:Package 'navigation2/nav2_collision_monitor' with type 'ros.ament_cmake' and name 'nav2_collision_monitor'
[0.449s] Level 1:colcon.colcon_core.package_identification:_identify(navigation2/nav2_common) by extensions ['ignore', 'ignore_ament_install']
[0.450s] Level 1:colcon.colcon_core.package_identification:_identify(navigation2/nav2_common) by extension 'ignore'
[0.450s] Level 1:colcon.colcon_core.package_identification:_identify(navigation2/nav2_common) by extension 'ignore_ament_install'
[0.450s] Level 1:colcon.colcon_core.package_identification:_identify(navigation2/nav2_common) by extensions ['colcon_pkg']
[0.450s] Level 1:colcon.colcon_core.package_identification:_identify(navigation2/nav2_common) by extension 'colcon_pkg'
[0.450s] Level 1:colcon.colcon_core.package_identification:_identify(navigation2/nav2_common) by extensions ['colcon_meta']
[0.450s] Level 1:colcon.colcon_core.package_identification:_identify(navigation2/nav2_common) by extension 'colcon_meta'
[0.450s] Level 1:colcon.colcon_core.package_identification:_identify(navigation2/nav2_common) by extensions ['ros']
[0.450s] Level 1:colcon.colcon_core.package_identification:_identify(navigation2/nav2_common) by extension 'ros'
[0.451s] DEBUG:colcon.colcon_core.package_identification:Package 'navigation2/nav2_common' with type 'ros.ament_cmake' and name 'nav2_common'
[0.451s] Level 1:colcon.colcon_core.package_identification:_identify(navigation2/nav2_constrained_smoother) by extensions ['ignore', 'ignore_ament_install']
[0.451s] Level 1:colcon.colcon_core.package_identification:_identify(navigation2/nav2_constrained_smoother) by extension 'ignore'
[0.451s] Level 1:colcon.colcon_core.package_identification:_identify(navigation2/nav2_constrained_smoother) by extension 'ignore_ament_install'
[0.451s] Level 1:colcon.colcon_core.package_identification:_identify(navigation2/nav2_constrained_smoother) by extensions ['colcon_pkg']
[0.451s] Level 1:colcon.colcon_core.package_identification:_identify(navigation2/nav2_constrained_smoother) by extension 'colcon_pkg'
[0.451s] Level 1:colcon.colcon_core.package_identification:_identify(navigation2/nav2_constrained_smoother) by extensions ['colcon_meta']
[0.451s] Level 1:colcon.colcon_core.package_identification:_identify(navigation2/nav2_constrained_smoother) by extension 'colcon_meta'
[0.451s] Level 1:colcon.colcon_core.package_identification:_identify(navigation2/nav2_constrained_smoother) by extensions ['ros']
[0.451s] Level 1:colcon.colcon_core.package_identification:_identify(navigation2/nav2_constrained_smoother) by extension 'ros'
[0.452s] DEBUG:colcon.colcon_core.package_identification:Package 'navigation2/nav2_constrained_smoother' with type 'ros.ament_cmake' and name 'nav2_constrained_smoother'
[0.452s] Level 1:colcon.colcon_core.package_identification:_identify(navigation2/nav2_controller) by extensions ['ignore', 'ignore_ament_install']
[0.452s] Level 1:colcon.colcon_core.package_identification:_identify(navigation2/nav2_controller) by extension 'ignore'
[0.453s] Level 1:colcon.colcon_core.package_identification:_identify(navigation2/nav2_controller) by extension 'ignore_ament_install'
[0.453s] Level 1:colcon.colcon_core.package_identification:_identify(navigation2/nav2_controller) by extensions ['colcon_pkg']
[0.453s] Level 1:colcon.colcon_core.package_identification:_identify(navigation2/nav2_controller) by extension 'colcon_pkg'
[0.453s] Level 1:colcon.colcon_core.package_identification:_identify(navigation2/nav2_controller) by extensions ['colcon_meta']
[0.453s] Level 1:colcon.colcon_core.package_identification:_identify(navigation2/nav2_controller) by extension 'colcon_meta'
[0.453s] Level 1:colcon.colcon_core.package_identification:_identify(navigation2/nav2_controller) by extensions ['ros']
[0.453s] Level 1:colcon.colcon_core.package_identification:_identify(navigation2/nav2_controller) by extension 'ros'
[0.454s] DEBUG:colcon.colcon_core.package_identification:Package 'navigation2/nav2_controller' with type 'ros.ament_cmake' and name 'nav2_controller'
[0.454s] Level 1:colcon.colcon_core.package_identification:_identify(navigation2/nav2_core) by extensions ['ignore', 'ignore_ament_install']
[0.454s] Level 1:colcon.colcon_core.package_identification:_identify(navigation2/nav2_core) by extension 'ignore'
[0.454s] Level 1:colcon.colcon_core.package_identification:_identify(navigation2/nav2_core) by extension 'ignore_ament_install'
[0.454s] Level 1:colcon.colcon_core.package_identification:_identify(navigation2/nav2_core) by extensions ['colcon_pkg']
[0.454s] Level 1:colcon.colcon_core.package_identification:_identify(navigation2/nav2_core) by extension 'colcon_pkg'
[0.454s] Level 1:colcon.colcon_core.package_identification:_identify(navigation2/nav2_core) by extensions ['colcon_meta']
[0.454s] Level 1:colcon.colcon_core.package_identification:_identify(navigation2/nav2_core) by extension 'colcon_meta'
[0.455s] Level 1:colcon.colcon_core.package_identification:_identify(navigation2/nav2_core) by extensions ['ros']
[0.455s] Level 1:colcon.colcon_core.package_identification:_identify(navigation2/nav2_core) by extension 'ros'
[0.456s] DEBUG:colcon.colcon_core.package_identification:Package 'navigation2/nav2_core' with type 'ros.ament_cmake' and name 'nav2_core'
[0.456s] Level 1:colcon.colcon_core.package_identification:_identify(navigation2/nav2_costmap_2d) by extensions ['ignore', 'ignore_ament_install']
[0.456s] Level 1:colcon.colcon_core.package_identification:_identify(navigation2/nav2_costmap_2d) by extension 'ignore'
[0.456s] Level 1:colcon.colcon_core.package_identification:_identify(navigation2/nav2_costmap_2d) by extension 'ignore_ament_install'
[0.456s] Level 1:colcon.colcon_core.package_identification:_identify(navigation2/nav2_costmap_2d) by extensions ['colcon_pkg']
[0.456s] Level 1:colcon.colcon_core.package_identification:_identify(navigation2/nav2_costmap_2d) by extension 'colcon_pkg'
[0.456s] Level 1:colcon.colcon_core.package_identification:_identify(navigation2/nav2_costmap_2d) by extensions ['colcon_meta']
[0.456s] Level 1:colcon.colcon_core.package_identification:_identify(navigation2/nav2_costmap_2d) by extension 'colcon_meta'
[0.456s] Level 1:colcon.colcon_core.package_identification:_identify(navigation2/nav2_costmap_2d) by extensions ['ros']
[0.456s] Level 1:colcon.colcon_core.package_identification:_identify(navigation2/nav2_costmap_2d) by extension 'ros'
[0.458s] DEBUG:colcon.colcon_core.package_identification:Package 'navigation2/nav2_costmap_2d' with type 'ros.ament_cmake' and name 'nav2_costmap_2d'
[0.458s] Level 1:colcon.colcon_core.package_identification:_identify(navigation2/nav2_dwb_controller) by extensions ['ignore', 'ignore_ament_install']
[0.458s] Level 1:colcon.colcon_core.package_identification:_identify(navigation2/nav2_dwb_controller) by extension 'ignore'
[0.458s] Level 1:colcon.colcon_core.package_identification:_identify(navigation2/nav2_dwb_controller) by extension 'ignore_ament_install'
[0.458s] Level 1:colcon.colcon_core.package_identification:_identify(navigation2/nav2_dwb_controller) by extensions ['colcon_pkg']
[0.458s] Level 1:colcon.colcon_core.package_identification:_identify(navigation2/nav2_dwb_controller) by extension 'colcon_pkg'
[0.459s] Level 1:colcon.colcon_core.package_identification:_identify(navigation2/nav2_dwb_controller) by extensions ['colcon_meta']
[0.459s] Level 1:colcon.colcon_core.package_identification:_identify(navigation2/nav2_dwb_controller) by extension 'colcon_meta'
[0.459s] Level 1:colcon.colcon_core.package_identification:_identify(navigation2/nav2_dwb_controller) by extensions ['ros']
[0.459s] Level 1:colcon.colcon_core.package_identification:_identify(navigation2/nav2_dwb_controller) by extension 'ros'
[0.459s] Level 1:colcon.colcon_core.package_identification:_identify(navigation2/nav2_dwb_controller) by extensions ['cmake', 'python']
[0.459s] Level 1:colcon.colcon_core.package_identification:_identify(navigation2/nav2_dwb_controller) by extension 'cmake'
[0.459s] Level 1:colcon.colcon_core.package_identification:_identify(navigation2/nav2_dwb_controller) by extension 'python'
[0.459s] Level 1:colcon.colcon_core.package_identification:_identify(navigation2/nav2_dwb_controller) by extensions ['python_setup_py']
[0.459s] Level 1:colcon.colcon_core.package_identification:_identify(navigation2/nav2_dwb_controller) by extension 'python_setup_py'
[0.459s] Level 1:colcon.colcon_core.package_identification:_identify(navigation2/nav2_dwb_controller/costmap_queue) by extensions ['ignore', 'ignore_ament_install']
[0.459s] Level 1:colcon.colcon_core.package_identification:_identify(navigation2/nav2_dwb_controller/costmap_queue) by extension 'ignore'
[0.459s] Level 1:colcon.colcon_core.package_identification:_identify(navigation2/nav2_dwb_controller/costmap_queue) by extension 'ignore_ament_install'
[0.459s] Level 1:colcon.colcon_core.package_identification:_identify(navigation2/nav2_dwb_controller/costmap_queue) by extensions ['colcon_pkg']
[0.459s] Level 1:colcon.colcon_core.package_identification:_identify(navigation2/nav2_dwb_controller/costmap_queue) by extension 'colcon_pkg'
[0.459s] Level 1:colcon.colcon_core.package_identification:_identify(navigation2/nav2_dwb_controller/costmap_queue) by extensions ['colcon_meta']
[0.460s] Level 1:colcon.colcon_core.package_identification:_identify(navigation2/nav2_dwb_controller/costmap_queue) by extension 'colcon_meta'
[0.460s] Level 1:colcon.colcon_core.package_identification:_identify(navigation2/nav2_dwb_controller/costmap_queue) by extensions ['ros']
[0.460s] Level 1:colcon.colcon_core.package_identification:_identify(navigation2/nav2_dwb_controller/costmap_queue) by extension 'ros'
[0.460s] DEBUG:colcon.colcon_core.package_identification:Package 'navigation2/nav2_dwb_controller/costmap_queue' with type 'ros.ament_cmake' and name 'costmap_queue'
[0.460s] Level 1:colcon.colcon_core.package_identification:_identify(navigation2/nav2_dwb_controller/dwb_core) by extensions ['ignore', 'ignore_ament_install']
[0.461s] Level 1:colcon.colcon_core.package_identification:_identify(navigation2/nav2_dwb_controller/dwb_core) by extension 'ignore'
[0.461s] Level 1:colcon.colcon_core.package_identification:_identify(navigation2/nav2_dwb_controller/dwb_core) by extension 'ignore_ament_install'
[0.461s] Level 1:colcon.colcon_core.package_identification:_identify(navigation2/nav2_dwb_controller/dwb_core) by extensions ['colcon_pkg']
[0.461s] Level 1:colcon.colcon_core.package_identification:_identify(navigation2/nav2_dwb_controller/dwb_core) by extension 'colcon_pkg'
[0.461s] Level 1:colcon.colcon_core.package_identification:_identify(navigation2/nav2_dwb_controller/dwb_core) by extensions ['colcon_meta']
[0.461s] Level 1:colcon.colcon_core.package_identification:_identify(navigation2/nav2_dwb_controller/dwb_core) by extension 'colcon_meta'
[0.461s] Level 1:colcon.colcon_core.package_identification:_identify(navigation2/nav2_dwb_controller/dwb_core) by extensions ['ros']
[0.461s] Level 1:colcon.colcon_core.package_identification:_identify(navigation2/nav2_dwb_controller/dwb_core) by extension 'ros'
[0.462s] DEBUG:colcon.colcon_core.package_identification:Package 'navigation2/nav2_dwb_controller/dwb_core' with type 'ros.ament_cmake' and name 'dwb_core'
[0.462s] Level 1:colcon.colcon_core.package_identification:_identify(navigation2/nav2_dwb_controller/dwb_critics) by extensions ['ignore', 'ignore_ament_install']
[0.462s] Level 1:colcon.colcon_core.package_identification:_identify(navigation2/nav2_dwb_controller/dwb_critics) by extension 'ignore'
[0.462s] Level 1:colcon.colcon_core.package_identification:_identify(navigation2/nav2_dwb_controller/dwb_critics) by extension 'ignore_ament_install'
[0.462s] Level 1:colcon.colcon_core.package_identification:_identify(navigation2/nav2_dwb_controller/dwb_critics) by extensions ['colcon_pkg']
[0.462s] Level 1:colcon.colcon_core.package_identification:_identify(navigation2/nav2_dwb_controller/dwb_critics) by extension 'colcon_pkg'
[0.462s] Level 1:colcon.colcon_core.package_identification:_identify(navigation2/nav2_dwb_controller/dwb_critics) by extensions ['colcon_meta']
[0.462s] Level 1:colcon.colcon_core.package_identification:_identify(navigation2/nav2_dwb_controller/dwb_critics) by extension 'colcon_meta'
[0.462s] Level 1:colcon.colcon_core.package_identification:_identify(navigation2/nav2_dwb_controller/dwb_critics) by extensions ['ros']
[0.462s] Level 1:colcon.colcon_core.package_identification:_identify(navigation2/nav2_dwb_controller/dwb_critics) by extension 'ros'
[0.463s] DEBUG:colcon.colcon_core.package_identification:Package 'navigation2/nav2_dwb_controller/dwb_critics' with type 'ros.ament_cmake' and name 'dwb_critics'
[0.464s] Level 1:colcon.colcon_core.package_identification:_identify(navigation2/nav2_dwb_controller/dwb_msgs) by extensions ['ignore', 'ignore_ament_install']
[0.464s] Level 1:colcon.colcon_core.package_identification:_identify(navigation2/nav2_dwb_controller/dwb_msgs) by extension 'ignore'
[0.464s] Level 1:colcon.colcon_core.package_identification:_identify(navigation2/nav2_dwb_controller/dwb_msgs) by extension 'ignore_ament_install'
[0.464s] Level 1:colcon.colcon_core.package_identification:_identify(navigation2/nav2_dwb_controller/dwb_msgs) by extensions ['colcon_pkg']
[0.464s] Level 1:colcon.colcon_core.package_identification:_identify(navigation2/nav2_dwb_controller/dwb_msgs) by extension 'colcon_pkg'
[0.464s] Level 1:colcon.colcon_core.package_identification:_identify(navigation2/nav2_dwb_controller/dwb_msgs) by extensions ['colcon_meta']
[0.464s] Level 1:colcon.colcon_core.package_identification:_identify(navigation2/nav2_dwb_controller/dwb_msgs) by extension 'colcon_meta'
[0.464s] Level 1:colcon.colcon_core.package_identification:_identify(navigation2/nav2_dwb_controller/dwb_msgs) by extensions ['ros']
[0.464s] Level 1:colcon.colcon_core.package_identification:_identify(navigation2/nav2_dwb_controller/dwb_msgs) by extension 'ros'
[0.465s] DEBUG:colcon.colcon_core.package_identification:Package 'navigation2/nav2_dwb_controller/dwb_msgs' with type 'ros.ament_cmake' and name 'dwb_msgs'
[0.465s] Level 1:colcon.colcon_core.package_identification:_identify(navigation2/nav2_dwb_controller/dwb_plugins) by extensions ['ignore', 'ignore_ament_install']
[0.465s] Level 1:colcon.colcon_core.package_identification:_identify(navigation2/nav2_dwb_controller/dwb_plugins) by extension 'ignore'
[0.465s] Level 1:colcon.colcon_core.package_identification:_identify(navigation2/nav2_dwb_controller/dwb_plugins) by extension 'ignore_ament_install'
[0.465s] Level 1:colcon.colcon_core.package_identification:_identify(navigation2/nav2_dwb_controller/dwb_plugins) by extensions ['colcon_pkg']
[0.465s] Level 1:colcon.colcon_core.package_identification:_identify(navigation2/nav2_dwb_controller/dwb_plugins) by extension 'colcon_pkg'
[0.465s] Level 1:colcon.colcon_core.package_identification:_identify(navigation2/nav2_dwb_controller/dwb_plugins) by extensions ['colcon_meta']
[0.465s] Level 1:colcon.colcon_core.package_identification:_identify(navigation2/nav2_dwb_controller/dwb_plugins) by extension 'colcon_meta'
[0.465s] Level 1:colcon.colcon_core.package_identification:_identify(navigation2/nav2_dwb_controller/dwb_plugins) by extensions ['ros']
[0.465s] Level 1:colcon.colcon_core.package_identification:_identify(navigation2/nav2_dwb_controller/dwb_plugins) by extension 'ros'
[0.466s] DEBUG:colcon.colcon_core.package_identification:Package 'navigation2/nav2_dwb_controller/dwb_plugins' with type 'ros.ament_cmake' and name 'dwb_plugins'
[0.466s] Level 1:colcon.colcon_core.package_identification:_identify(navigation2/nav2_dwb_controller/images) by extensions ['ignore', 'ignore_ament_install']
[0.467s] Level 1:colcon.colcon_core.package_identification:_identify(navigation2/nav2_dwb_controller/images) by extension 'ignore'
[0.467s] Level 1:colcon.colcon_core.package_identification:_identify(navigation2/nav2_dwb_controller/images) by extension 'ignore_ament_install'
[0.467s] Level 1:colcon.colcon_core.package_identification:_identify(navigation2/nav2_dwb_controller/images) by extensions ['colcon_pkg']
[0.467s] Level 1:colcon.colcon_core.package_identification:_identify(navigation2/nav2_dwb_controller/images) by extension 'colcon_pkg'
[0.467s] Level 1:colcon.colcon_core.package_identification:_identify(navigation2/nav2_dwb_controller/images) by extensions ['colcon_meta']
[0.467s] Level 1:colcon.colcon_core.package_identification:_identify(navigation2/nav2_dwb_controller/images) by extension 'colcon_meta'
[0.467s] Level 1:colcon.colcon_core.package_identification:_identify(navigation2/nav2_dwb_controller/images) by extensions ['ros']
[0.467s] Level 1:colcon.colcon_core.package_identification:_identify(navigation2/nav2_dwb_controller/images) by extension 'ros'
[0.467s] Level 1:colcon.colcon_core.package_identification:_identify(navigation2/nav2_dwb_controller/images) by extensions ['cmake', 'python']
[0.467s] Level 1:colcon.colcon_core.package_identification:_identify(navigation2/nav2_dwb_controller/images) by extension 'cmake'
[0.467s] Level 1:colcon.colcon_core.package_identification:_identify(navigation2/nav2_dwb_controller/images) by extension 'python'
[0.467s] Level 1:colcon.colcon_core.package_identification:_identify(navigation2/nav2_dwb_controller/images) by extensions ['python_setup_py']
[0.467s] Level 1:colcon.colcon_core.package_identification:_identify(navigation2/nav2_dwb_controller/images) by extension 'python_setup_py'
[0.467s] Level 1:colcon.colcon_core.package_identification:_identify(navigation2/nav2_dwb_controller/nav2_dwb_controller) by extensions ['ignore', 'ignore_ament_install']
[0.467s] Level 1:colcon.colcon_core.package_identification:_identify(navigation2/nav2_dwb_controller/nav2_dwb_controller) by extension 'ignore'
[0.468s] Level 1:colcon.colcon_core.package_identification:_identify(navigation2/nav2_dwb_controller/nav2_dwb_controller) by extension 'ignore_ament_install'
[0.468s] Level 1:colcon.colcon_core.package_identification:_identify(navigation2/nav2_dwb_controller/nav2_dwb_controller) by extensions ['colcon_pkg']
[0.468s] Level 1:colcon.colcon_core.package_identification:_identify(navigation2/nav2_dwb_controller/nav2_dwb_controller) by extension 'colcon_pkg'
[0.468s] Level 1:colcon.colcon_core.package_identification:_identify(navigation2/nav2_dwb_controller/nav2_dwb_controller) by extensions ['colcon_meta']
[0.468s] Level 1:colcon.colcon_core.package_identification:_identify(navigation2/nav2_dwb_controller/nav2_dwb_controller) by extension 'colcon_meta'
[0.468s] Level 1:colcon.colcon_core.package_identification:_identify(navigation2/nav2_dwb_controller/nav2_dwb_controller) by extensions ['ros']
[0.468s] Level 1:colcon.colcon_core.package_identification:_identify(navigation2/nav2_dwb_controller/nav2_dwb_controller) by extension 'ros'
[0.469s] DEBUG:colcon.colcon_core.package_identification:Package 'navigation2/nav2_dwb_controller/nav2_dwb_controller' with type 'ros.ament_cmake' and name 'nav2_dwb_controller'
[0.469s] Level 1:colcon.colcon_core.package_identification:_identify(navigation2/nav2_dwb_controller/nav_2d_msgs) by extensions ['ignore', 'ignore_ament_install']
[0.469s] Level 1:colcon.colcon_core.package_identification:_identify(navigation2/nav2_dwb_controller/nav_2d_msgs) by extension 'ignore'
[0.469s] Level 1:colcon.colcon_core.package_identification:_identify(navigation2/nav2_dwb_controller/nav_2d_msgs) by extension 'ignore_ament_install'
[0.469s] Level 1:colcon.colcon_core.package_identification:_identify(navigation2/nav2_dwb_controller/nav_2d_msgs) by extensions ['colcon_pkg']
[0.469s] Level 1:colcon.colcon_core.package_identification:_identify(navigation2/nav2_dwb_controller/nav_2d_msgs) by extension 'colcon_pkg'
[0.469s] Level 1:colcon.colcon_core.package_identification:_identify(navigation2/nav2_dwb_controller/nav_2d_msgs) by extensions ['colcon_meta']
[0.469s] Level 1:colcon.colcon_core.package_identification:_identify(navigation2/nav2_dwb_controller/nav_2d_msgs) by extension 'colcon_meta'
[0.469s] Level 1:colcon.colcon_core.package_identification:_identify(navigation2/nav2_dwb_controller/nav_2d_msgs) by extensions ['ros']
[0.469s] Level 1:colcon.colcon_core.package_identification:_identify(navigation2/nav2_dwb_controller/nav_2d_msgs) by extension 'ros'
[0.470s] DEBUG:colcon.colcon_core.package_identification:Package 'navigation2/nav2_dwb_controller/nav_2d_msgs' with type 'ros.ament_cmake' and name 'nav_2d_msgs'
[0.470s] Level 1:colcon.colcon_core.package_identification:_identify(navigation2/nav2_dwb_controller/nav_2d_utils) by extensions ['ignore', 'ignore_ament_install']
[0.470s] Level 1:colcon.colcon_core.package_identification:_identify(navigation2/nav2_dwb_controller/nav_2d_utils) by extension 'ignore'
[0.470s] Level 1:colcon.colcon_core.package_identification:_identify(navigation2/nav2_dwb_controller/nav_2d_utils) by extension 'ignore_ament_install'
[0.470s] Level 1:colcon.colcon_core.package_identification:_identify(navigation2/nav2_dwb_controller/nav_2d_utils) by extensions ['colcon_pkg']
[0.470s] Level 1:colcon.colcon_core.package_identification:_identify(navigation2/nav2_dwb_controller/nav_2d_utils) by extension 'colcon_pkg'
[0.470s] Level 1:colcon.colcon_core.package_identification:_identify(navigation2/nav2_dwb_controller/nav_2d_utils) by extensions ['colcon_meta']
[0.471s] Level 1:colcon.colcon_core.package_identification:_identify(navigation2/nav2_dwb_controller/nav_2d_utils) by extension 'colcon_meta'
[0.471s] Level 1:colcon.colcon_core.package_identification:_identify(navigation2/nav2_dwb_controller/nav_2d_utils) by extensions ['ros']
[0.471s] Level 1:colcon.colcon_core.package_identification:_identify(navigation2/nav2_dwb_controller/nav_2d_utils) by extension 'ros'
[0.472s] DEBUG:colcon.colcon_core.package_identification:Package 'navigation2/nav2_dwb_controller/nav_2d_utils' with type 'ros.ament_cmake' and name 'nav_2d_utils'
[0.472s] Level 1:colcon.colcon_core.package_identification:_identify(navigation2/nav2_lifecycle_manager) by extensions ['ignore', 'ignore_ament_install']
[0.472s] Level 1:colcon.colcon_core.package_identification:_identify(navigation2/nav2_lifecycle_manager) by extension 'ignore'
[0.472s] Level 1:colcon.colcon_core.package_identification:_identify(navigation2/nav2_lifecycle_manager) by extension 'ignore_ament_install'
[0.472s] Level 1:colcon.colcon_core.package_identification:_identify(navigation2/nav2_lifecycle_manager) by extensions ['colcon_pkg']
[0.472s] Level 1:colcon.colcon_core.package_identification:_identify(navigation2/nav2_lifecycle_manager) by extension 'colcon_pkg'
[0.472s] Level 1:colcon.colcon_core.package_identification:_identify(navigation2/nav2_lifecycle_manager) by extensions ['colcon_meta']
[0.472s] Level 1:colcon.colcon_core.package_identification:_identify(navigation2/nav2_lifecycle_manager) by extension 'colcon_meta'
[0.472s] Level 1:colcon.colcon_core.package_identification:_identify(navigation2/nav2_lifecycle_manager) by extensions ['ros']
[0.472s] Level 1:colcon.colcon_core.package_identification:_identify(navigation2/nav2_lifecycle_manager) by extension 'ros'
[0.473s] DEBUG:colcon.colcon_core.package_identification:Package 'navigation2/nav2_lifecycle_manager' with type 'ros.ament_cmake' and name 'nav2_lifecycle_manager'
[0.473s] Level 1:colcon.colcon_core.package_identification:_identify(navigation2/nav2_map_server) by extensions ['ignore', 'ignore_ament_install']
[0.473s] Level 1:colcon.colcon_core.package_identification:_identify(navigation2/nav2_map_server) by extension 'ignore'
[0.473s] Level 1:colcon.colcon_core.package_identification:_identify(navigation2/nav2_map_server) by extension 'ignore_ament_install'
[0.473s] Level 1:colcon.colcon_core.package_identification:_identify(navigation2/nav2_map_server) by extensions ['colcon_pkg']
[0.473s] Level 1:colcon.colcon_core.package_identification:_identify(navigation2/nav2_map_server) by extension 'colcon_pkg'
[0.473s] Level 1:colcon.colcon_core.package_identification:_identify(navigation2/nav2_map_server) by extensions ['colcon_meta']
[0.473s] Level 1:colcon.colcon_core.package_identification:_identify(navigation2/nav2_map_server) by extension 'colcon_meta'
[0.473s] Level 1:colcon.colcon_core.package_identification:_identify(navigation2/nav2_map_server) by extensions ['ros']
[0.473s] Level 1:colcon.colcon_core.package_identification:_identify(navigation2/nav2_map_server) by extension 'ros'
[0.474s] DEBUG:colcon.colcon_core.package_identification:Package 'navigation2/nav2_map_server' with type 'ros.ament_cmake' and name 'nav2_map_server'
[0.474s] Level 1:colcon.colcon_core.package_identification:_identify(navigation2/nav2_mppi_controller) by extensions ['ignore', 'ignore_ament_install']
[0.475s] Level 1:colcon.colcon_core.package_identification:_identify(navigation2/nav2_mppi_controller) by extension 'ignore'
[0.475s] Level 1:colcon.colcon_core.package_identification:_identify(navigation2/nav2_mppi_controller) by extension 'ignore_ament_install'
[0.475s] Level 1:colcon.colcon_core.package_identification:_identify(navigation2/nav2_mppi_controller) by extensions ['colcon_pkg']
[0.475s] Level 1:colcon.colcon_core.package_identification:_identify(navigation2/nav2_mppi_controller) by extension 'colcon_pkg'
[0.475s] Level 1:colcon.colcon_core.package_identification:_identify(navigation2/nav2_mppi_controller) by extensions ['colcon_meta']
[0.475s] Level 1:colcon.colcon_core.package_identification:_identify(navigation2/nav2_mppi_controller) by extension 'colcon_meta'
[0.475s] Level 1:colcon.colcon_core.package_identification:_identify(navigation2/nav2_mppi_controller) by extensions ['ros']
[0.475s] Level 1:colcon.colcon_core.package_identification:_identify(navigation2/nav2_mppi_controller) by extension 'ros'
[0.476s] DEBUG:colcon.colcon_core.package_identification:Package 'navigation2/nav2_mppi_controller' with type 'ros.ament_cmake' and name 'nav2_mppi_controller'
[0.476s] Level 1:colcon.colcon_core.package_identification:_identify(navigation2/nav2_msgs) by extensions ['ignore', 'ignore_ament_install']
[0.476s] Level 1:colcon.colcon_core.package_identification:_identify(navigation2/nav2_msgs) by extension 'ignore'
[0.477s] Level 1:colcon.colcon_core.package_identification:_identify(navigation2/nav2_msgs) by extension 'ignore_ament_install'
[0.477s] Level 1:colcon.colcon_core.package_identification:_identify(navigation2/nav2_msgs) by extensions ['colcon_pkg']
[0.477s] Level 1:colcon.colcon_core.package_identification:_identify(navigation2/nav2_msgs) by extension 'colcon_pkg'
[0.477s] Level 1:colcon.colcon_core.package_identification:_identify(navigation2/nav2_msgs) by extensions ['colcon_meta']
[0.477s] Level 1:colcon.colcon_core.package_identification:_identify(navigation2/nav2_msgs) by extension 'colcon_meta'
[0.477s] Level 1:colcon.colcon_core.package_identification:_identify(navigation2/nav2_msgs) by extensions ['ros']
[0.477s] Level 1:colcon.colcon_core.package_identification:_identify(navigation2/nav2_msgs) by extension 'ros'
[0.478s] DEBUG:colcon.colcon_core.package_identification:Package 'navigation2/nav2_msgs' with type 'ros.ament_cmake' and name 'nav2_msgs'
[0.478s] Level 1:colcon.colcon_core.package_identification:_identify(navigation2/nav2_navfn_planner) by extensions ['ignore', 'ignore_ament_install']
[0.478s] Level 1:colcon.colcon_core.package_identification:_identify(navigation2/nav2_navfn_planner) by extension 'ignore'
[0.478s] Level 1:colcon.colcon_core.package_identification:_identify(navigation2/nav2_navfn_planner) by extension 'ignore_ament_install'
[0.478s] Level 1:colcon.colcon_core.package_identification:_identify(navigation2/nav2_navfn_planner) by extensions ['colcon_pkg']
[0.478s] Level 1:colcon.colcon_core.package_identification:_identify(navigation2/nav2_navfn_planner) by extension 'colcon_pkg'
[0.478s] Level 1:colcon.colcon_core.package_identification:_identify(navigation2/nav2_navfn_planner) by extensions ['colcon_meta']
[0.478s] Level 1:colcon.colcon_core.package_identification:_identify(navigation2/nav2_navfn_planner) by extension 'colcon_meta'
[0.478s] Level 1:colcon.colcon_core.package_identification:_identify(navigation2/nav2_navfn_planner) by extensions ['ros']
[0.478s] Level 1:colcon.colcon_core.package_identification:_identify(navigation2/nav2_navfn_planner) by extension 'ros'
[0.479s] DEBUG:colcon.colcon_core.package_identification:Package 'navigation2/nav2_navfn_planner' with type 'ros.ament_cmake' and name 'nav2_navfn_planner'
[0.479s] Level 1:colcon.colcon_core.package_identification:_identify(navigation2/nav2_planner) by extensions ['ignore', 'ignore_ament_install']
[0.479s] Level 1:colcon.colcon_core.package_identification:_identify(navigation2/nav2_planner) by extension 'ignore'
[0.479s] Level 1:colcon.colcon_core.package_identification:_identify(navigation2/nav2_planner) by extension 'ignore_ament_install'
[0.480s] Level 1:colcon.colcon_core.package_identification:_identify(navigation2/nav2_planner) by extensions ['colcon_pkg']
[0.480s] Level 1:colcon.colcon_core.package_identification:_identify(navigation2/nav2_planner) by extension 'colcon_pkg'
[0.480s] Level 1:colcon.colcon_core.package_identification:_identify(navigation2/nav2_planner) by extensions ['colcon_meta']
[0.480s] Level 1:colcon.colcon_core.package_identification:_identify(navigation2/nav2_planner) by extension 'colcon_meta'
[0.480s] Level 1:colcon.colcon_core.package_identification:_identify(navigation2/nav2_planner) by extensions ['ros']
[0.480s] Level 1:colcon.colcon_core.package_identification:_identify(navigation2/nav2_planner) by extension 'ros'
[0.481s] DEBUG:colcon.colcon_core.package_identification:Package 'navigation2/nav2_planner' with type 'ros.ament_cmake' and name 'nav2_planner'
[0.481s] Level 1:colcon.colcon_core.package_identification:_identify(navigation2/nav2_regulated_pure_pursuit_controller) by extensions ['ignore', 'ignore_ament_install']
[0.481s] Level 1:colcon.colcon_core.package_identification:_identify(navigation2/nav2_regulated_pure_pursuit_controller) by extension 'ignore'
[0.481s] Level 1:colcon.colcon_core.package_identification:_identify(navigation2/nav2_regulated_pure_pursuit_controller) by extension 'ignore_ament_install'
[0.481s] Level 1:colcon.colcon_core.package_identification:_identify(navigation2/nav2_regulated_pure_pursuit_controller) by extensions ['colcon_pkg']
[0.481s] Level 1:colcon.colcon_core.package_identification:_identify(navigation2/nav2_regulated_pure_pursuit_controller) by extension 'colcon_pkg'
[0.481s] Level 1:colcon.colcon_core.package_identification:_identify(navigation2/nav2_regulated_pure_pursuit_controller) by extensions ['colcon_meta']
[0.481s] Level 1:colcon.colcon_core.package_identification:_identify(navigation2/nav2_regulated_pure_pursuit_controller) by extension 'colcon_meta'
[0.481s] Level 1:colcon.colcon_core.package_identification:_identify(navigation2/nav2_regulated_pure_pursuit_controller) by extensions ['ros']
[0.481s] Level 1:colcon.colcon_core.package_identification:_identify(navigation2/nav2_regulated_pure_pursuit_controller) by extension 'ros'
[0.482s] DEBUG:colcon.colcon_core.package_identification:Package 'navigation2/nav2_regulated_pure_pursuit_controller' with type 'ros.ament_cmake' and name 'nav2_regulated_pure_pursuit_controller'
[0.482s] Level 1:colcon.colcon_core.package_identification:_identify(navigation2/nav2_rotation_shim_controller) by extensions ['ignore', 'ignore_ament_install']
[0.483s] Level 1:colcon.colcon_core.package_identification:_identify(navigation2/nav2_rotation_shim_controller) by extension 'ignore'
[0.483s] Level 1:colcon.colcon_core.package_identification:_identify(navigation2/nav2_rotation_shim_controller) by extension 'ignore_ament_install'
[0.483s] Level 1:colcon.colcon_core.package_identification:_identify(navigation2/nav2_rotation_shim_controller) by extensions ['colcon_pkg']
[0.483s] Level 1:colcon.colcon_core.package_identification:_identify(navigation2/nav2_rotation_shim_controller) by extension 'colcon_pkg'
[0.483s] Level 1:colcon.colcon_core.package_identification:_identify(navigation2/nav2_rotation_shim_controller) by extensions ['colcon_meta']
[0.483s] Level 1:colcon.colcon_core.package_identification:_identify(navigation2/nav2_rotation_shim_controller) by extension 'colcon_meta'
[0.483s] Level 1:colcon.colcon_core.package_identification:_identify(navigation2/nav2_rotation_shim_controller) by extensions ['ros']
[0.483s] Level 1:colcon.colcon_core.package_identification:_identify(navigation2/nav2_rotation_shim_controller) by extension 'ros'
[0.484s] DEBUG:colcon.colcon_core.package_identification:Package 'navigation2/nav2_rotation_shim_controller' with type 'ros.ament_cmake' and name 'nav2_rotation_shim_controller'
[0.484s] Level 1:colcon.colcon_core.package_identification:_identify(navigation2/nav2_rviz_plugins) by extensions ['ignore', 'ignore_ament_install']
[0.484s] Level 1:colcon.colcon_core.package_identification:_identify(navigation2/nav2_rviz_plugins) by extension 'ignore'
[0.484s] Level 1:colcon.colcon_core.package_identification:_identify(navigation2/nav2_rviz_plugins) by extension 'ignore_ament_install'
[0.484s] Level 1:colcon.colcon_core.package_identification:_identify(navigation2/nav2_rviz_plugins) by extensions ['colcon_pkg']
[0.484s] Level 1:colcon.colcon_core.package_identification:_identify(navigation2/nav2_rviz_plugins) by extension 'colcon_pkg'
[0.484s] Level 1:colcon.colcon_core.package_identification:_identify(navigation2/nav2_rviz_plugins) by extensions ['colcon_meta']
[0.484s] Level 1:colcon.colcon_core.package_identification:_identify(navigation2/nav2_rviz_plugins) by extension 'colcon_meta'
[0.484s] Level 1:colcon.colcon_core.package_identification:_identify(navigation2/nav2_rviz_plugins) by extensions ['ros']
[0.484s] Level 1:colcon.colcon_core.package_identification:_identify(navigation2/nav2_rviz_plugins) by extension 'ros'
[0.486s] DEBUG:colcon.colcon_core.package_identification:Package 'navigation2/nav2_rviz_plugins' with type 'ros.ament_cmake' and name 'nav2_rviz_plugins'
[0.486s] Level 1:colcon.colcon_core.package_identification:_identify(navigation2/nav2_simple_commander) by extensions ['ignore', 'ignore_ament_install']
[0.486s] Level 1:colcon.colcon_core.package_identification:_identify(navigation2/nav2_simple_commander) by extension 'ignore'
[0.486s] Level 1:colcon.colcon_core.package_identification:_identify(navigation2/nav2_simple_commander) by extension 'ignore_ament_install'
[0.486s] Level 1:colcon.colcon_core.package_identification:_identify(navigation2/nav2_simple_commander) by extensions ['colcon_pkg']
[0.486s] Level 1:colcon.colcon_core.package_identification:_identify(navigation2/nav2_simple_commander) by extension 'colcon_pkg'
[0.486s] Level 1:colcon.colcon_core.package_identification:_identify(navigation2/nav2_simple_commander) by extensions ['colcon_meta']
[0.486s] Level 1:colcon.colcon_core.package_identification:_identify(navigation2/nav2_simple_commander) by extension 'colcon_meta'
[0.486s] Level 1:colcon.colcon_core.package_identification:_identify(navigation2/nav2_simple_commander) by extensions ['ros']
[0.486s] Level 1:colcon.colcon_core.package_identification:_identify(navigation2/nav2_simple_commander) by extension 'ros'
[0.487s] DEBUG:colcon.colcon_core.package_identification:Package 'navigation2/nav2_simple_commander' with type 'ros.ament_python' and name 'nav2_simple_commander'
[0.487s] Level 1:colcon.colcon_core.package_identification:_identify(navigation2/nav2_smac_planner) by extensions ['ignore', 'ignore_ament_install']
[0.487s] Level 1:colcon.colcon_core.package_identification:_identify(navigation2/nav2_smac_planner) by extension 'ignore'
[0.487s] Level 1:colcon.colcon_core.package_identification:_identify(navigation2/nav2_smac_planner) by extension 'ignore_ament_install'
[0.487s] Level 1:colcon.colcon_core.package_identification:_identify(navigation2/nav2_smac_planner) by extensions ['colcon_pkg']
[0.487s] Level 1:colcon.colcon_core.package_identification:_identify(navigation2/nav2_smac_planner) by extension 'colcon_pkg'
[0.487s] Level 1:colcon.colcon_core.package_identification:_identify(navigation2/nav2_smac_planner) by extensions ['colcon_meta']
[0.487s] Level 1:colcon.colcon_core.package_identification:_identify(navigation2/nav2_smac_planner) by extension 'colcon_meta'
[0.487s] Level 1:colcon.colcon_core.package_identification:_identify(navigation2/nav2_smac_planner) by extensions ['ros']
[0.487s] Level 1:colcon.colcon_core.package_identification:_identify(navigation2/nav2_smac_planner) by extension 'ros'
[0.489s] DEBUG:colcon.colcon_core.package_identification:Package 'navigation2/nav2_smac_planner' with type 'ros.ament_cmake' and name 'nav2_smac_planner'
[0.489s] Level 1:colcon.colcon_core.package_identification:_identify(navigation2/nav2_smoother) by extensions ['ignore', 'ignore_ament_install']
[0.489s] Level 1:colcon.colcon_core.package_identification:_identify(navigation2/nav2_smoother) by extension 'ignore'
[0.489s] Level 1:colcon.colcon_core.package_identification:_identify(navigation2/nav2_smoother) by extension 'ignore_ament_install'
[0.489s] Level 1:colcon.colcon_core.package_identification:_identify(navigation2/nav2_smoother) by extensions ['colcon_pkg']
[0.489s] Level 1:colcon.colcon_core.package_identification:_identify(navigation2/nav2_smoother) by extension 'colcon_pkg'
[0.489s] Level 1:colcon.colcon_core.package_identification:_identify(navigation2/nav2_smoother) by extensions ['colcon_meta']
[0.489s] Level 1:colcon.colcon_core.package_identification:_identify(navigation2/nav2_smoother) by extension 'colcon_meta'
[0.489s] Level 1:colcon.colcon_core.package_identification:_identify(navigation2/nav2_smoother) by extensions ['ros']
[0.489s] Level 1:colcon.colcon_core.package_identification:_identify(navigation2/nav2_smoother) by extension 'ros'
[0.490s] DEBUG:colcon.colcon_core.package_identification:Package 'navigation2/nav2_smoother' with type 'ros.ament_cmake' and name 'nav2_smoother'
[0.490s] Level 1:colcon.colcon_core.package_identification:_identify(navigation2/nav2_system_tests) by extensions ['ignore', 'ignore_ament_install']
[0.490s] Level 1:colcon.colcon_core.package_identification:_identify(navigation2/nav2_system_tests) by extension 'ignore'
[0.490s] Level 1:colcon.colcon_core.package_identification:_identify(navigation2/nav2_system_tests) by extension 'ignore_ament_install'
[0.490s] Level 1:colcon.colcon_core.package_identification:_identify(navigation2/nav2_system_tests) by extensions ['colcon_pkg']
[0.491s] Level 1:colcon.colcon_core.package_identification:_identify(navigation2/nav2_system_tests) by extension 'colcon_pkg'
[0.491s] Level 1:colcon.colcon_core.package_identification:_identify(navigation2/nav2_system_tests) by extensions ['colcon_meta']
[0.491s] Level 1:colcon.colcon_core.package_identification:_identify(navigation2/nav2_system_tests) by extension 'colcon_meta'
[0.491s] Level 1:colcon.colcon_core.package_identification:_identify(navigation2/nav2_system_tests) by extensions ['ros']
[0.491s] Level 1:colcon.colcon_core.package_identification:_identify(navigation2/nav2_system_tests) by extension 'ros'
[0.492s] DEBUG:colcon.colcon_core.package_identification:Package 'navigation2/nav2_system_tests' with type 'ros.ament_cmake' and name 'nav2_system_tests'
[0.492s] Level 1:colcon.colcon_core.package_identification:_identify(navigation2/nav2_theta_star_planner) by extensions ['ignore', 'ignore_ament_install']
[0.492s] Level 1:colcon.colcon_core.package_identification:_identify(navigation2/nav2_theta_star_planner) by extension 'ignore'
[0.492s] Level 1:colcon.colcon_core.package_identification:_identify(navigation2/nav2_theta_star_planner) by extension 'ignore_ament_install'
[0.492s] Level 1:colcon.colcon_core.package_identification:_identify(navigation2/nav2_theta_star_planner) by extensions ['colcon_pkg']
[0.492s] Level 1:colcon.colcon_core.package_identification:_identify(navigation2/nav2_theta_star_planner) by extension 'colcon_pkg'
[0.492s] Level 1:colcon.colcon_core.package_identification:_identify(navigation2/nav2_theta_star_planner) by extensions ['colcon_meta']
[0.492s] Level 1:colcon.colcon_core.package_identification:_identify(navigation2/nav2_theta_star_planner) by extension 'colcon_meta'
[0.492s] Level 1:colcon.colcon_core.package_identification:_identify(navigation2/nav2_theta_star_planner) by extensions ['ros']
[0.492s] Level 1:colcon.colcon_core.package_identification:_identify(navigation2/nav2_theta_star_planner) by extension 'ros'
[0.493s] DEBUG:colcon.colcon_core.package_identification:Package 'navigation2/nav2_theta_star_planner' with type 'ros.ament_cmake' and name 'nav2_theta_star_planner'
[0.494s] Level 1:colcon.colcon_core.package_identification:_identify(navigation2/nav2_util) by extensions ['ignore', 'ignore_ament_install']
[0.494s] Level 1:colcon.colcon_core.package_identification:_identify(navigation2/nav2_util) by extension 'ignore'
[0.494s] Level 1:colcon.colcon_core.package_identification:_identify(navigation2/nav2_util) by extension 'ignore_ament_install'
[0.494s] Level 1:colcon.colcon_core.package_identification:_identify(navigation2/nav2_util) by extensions ['colcon_pkg']
[0.494s] Level 1:colcon.colcon_core.package_identification:_identify(navigation2/nav2_util) by extension 'colcon_pkg'
[0.494s] Level 1:colcon.colcon_core.package_identification:_identify(navigation2/nav2_util) by extensions ['colcon_meta']
[0.494s] Level 1:colcon.colcon_core.package_identification:_identify(navigation2/nav2_util) by extension 'colcon_meta'
[0.494s] Level 1:colcon.colcon_core.package_identification:_identify(navigation2/nav2_util) by extensions ['ros']
[0.494s] Level 1:colcon.colcon_core.package_identification:_identify(navigation2/nav2_util) by extension 'ros'
[0.495s] DEBUG:colcon.colcon_core.package_identification:Package 'navigation2/nav2_util' with type 'ros.ament_cmake' and name 'nav2_util'
[0.495s] Level 1:colcon.colcon_core.package_identification:_identify(navigation2/nav2_velocity_smoother) by extensions ['ignore', 'ignore_ament_install']
[0.496s] Level 1:colcon.colcon_core.package_identification:_identify(navigation2/nav2_velocity_smoother) by extension 'ignore'
[0.496s] Level 1:colcon.colcon_core.package_identification:_identify(navigation2/nav2_velocity_smoother) by extension 'ignore_ament_install'
[0.496s] Level 1:colcon.colcon_core.package_identification:_identify(navigation2/nav2_velocity_smoother) by extensions ['colcon_pkg']
[0.496s] Level 1:colcon.colcon_core.package_identification:_identify(navigation2/nav2_velocity_smoother) by extension 'colcon_pkg'
[0.496s] Level 1:colcon.colcon_core.package_identification:_identify(navigation2/nav2_velocity_smoother) by extensions ['colcon_meta']
[0.496s] Level 1:colcon.colcon_core.package_identification:_identify(navigation2/nav2_velocity_smoother) by extension 'colcon_meta'
[0.496s] Level 1:colcon.colcon_core.package_identification:_identify(navigation2/nav2_velocity_smoother) by extensions ['ros']
[0.496s] Level 1:colcon.colcon_core.package_identification:_identify(navigation2/nav2_velocity_smoother) by extension 'ros'
[0.496s] DEBUG:colcon.colcon_core.package_identification:Package 'navigation2/nav2_velocity_smoother' with type 'ros.ament_cmake' and name 'nav2_velocity_smoother'
[0.496s] Level 1:colcon.colcon_core.package_identification:_identify(navigation2/nav2_voxel_grid) by extensions ['ignore', 'ignore_ament_install']
[0.497s] Level 1:colcon.colcon_core.package_identification:_identify(navigation2/nav2_voxel_grid) by extension 'ignore'
[0.497s] Level 1:colcon.colcon_core.package_identification:_identify(navigation2/nav2_voxel_grid) by extension 'ignore_ament_install'
[0.497s] Level 1:colcon.colcon_core.package_identification:_identify(navigation2/nav2_voxel_grid) by extensions ['colcon_pkg']
[0.497s] Level 1:colcon.colcon_core.package_identification:_identify(navigation2/nav2_voxel_grid) by extension 'colcon_pkg'
[0.497s] Level 1:colcon.colcon_core.package_identification:_identify(navigation2/nav2_voxel_grid) by extensions ['colcon_meta']
[0.497s] Level 1:colcon.colcon_core.package_identification:_identify(navigation2/nav2_voxel_grid) by extension 'colcon_meta'
[0.497s] Level 1:colcon.colcon_core.package_identification:_identify(navigation2/nav2_voxel_grid) by extensions ['ros']
[0.497s] Level 1:colcon.colcon_core.package_identification:_identify(navigation2/nav2_voxel_grid) by extension 'ros'
[0.497s] DEBUG:colcon.colcon_core.package_identification:Package 'navigation2/nav2_voxel_grid' with type 'ros.ament_cmake' and name 'nav2_voxel_grid'
[0.497s] Level 1:colcon.colcon_core.package_identification:_identify(navigation2/nav2_waypoint_follower) by extensions ['ignore', 'ignore_ament_install']
[0.498s] Level 1:colcon.colcon_core.package_identification:_identify(navigation2/nav2_waypoint_follower) by extension 'ignore'
[0.498s] Level 1:colcon.colcon_core.package_identification:_identify(navigation2/nav2_waypoint_follower) by extension 'ignore_ament_install'
[0.498s] Level 1:colcon.colcon_core.package_identification:_identify(navigation2/nav2_waypoint_follower) by extensions ['colcon_pkg']
[0.498s] Level 1:colcon.colcon_core.package_identification:_identify(navigation2/nav2_waypoint_follower) by extension 'colcon_pkg'
[0.498s] Level 1:colcon.colcon_core.package_identification:_identify(navigation2/nav2_waypoint_follower) by extensions ['colcon_meta']
[0.498s] Level 1:colcon.colcon_core.package_identification:_identify(navigation2/nav2_waypoint_follower) by extension 'colcon_meta'
[0.498s] Level 1:colcon.colcon_core.package_identification:_identify(navigation2/nav2_waypoint_follower) by extensions ['ros']
[0.498s] Level 1:colcon.colcon_core.package_identification:_identify(navigation2/nav2_waypoint_follower) by extension 'ros'
[0.499s] DEBUG:colcon.colcon_core.package_identification:Package 'navigation2/nav2_waypoint_follower' with type 'ros.ament_cmake' and name 'nav2_waypoint_follower'
[0.499s] Level 1:colcon.colcon_core.package_identification:_identify(navigation2/navigation2) by extensions ['ignore', 'ignore_ament_install']
[0.499s] Level 1:colcon.colcon_core.package_identification:_identify(navigation2/navigation2) by extension 'ignore'
[0.499s] Level 1:colcon.colcon_core.package_identification:_identify(navigation2/navigation2) by extension 'ignore_ament_install'
[0.499s] Level 1:colcon.colcon_core.package_identification:_identify(navigation2/navigation2) by extensions ['colcon_pkg']
[0.499s] Level 1:colcon.colcon_core.package_identification:_identify(navigation2/navigation2) by extension 'colcon_pkg'
[0.499s] Level 1:colcon.colcon_core.package_identification:_identify(navigation2/navigation2) by extensions ['colcon_meta']
[0.499s] Level 1:colcon.colcon_core.package_identification:_identify(navigation2/navigation2) by extension 'colcon_meta'
[0.499s] Level 1:colcon.colcon_core.package_identification:_identify(navigation2/navigation2) by extensions ['ros']
[0.499s] Level 1:colcon.colcon_core.package_identification:_identify(navigation2/navigation2) by extension 'ros'
[0.500s] DEBUG:colcon.colcon_core.package_identification:Package 'navigation2/navigation2' with type 'ros.ament_cmake' and name 'navigation2'
[0.500s] Level 1:colcon.colcon_core.package_identification:_identify(navigation2/tools) by extensions ['ignore', 'ignore_ament_install']
[0.500s] Level 1:colcon.colcon_core.package_identification:_identify(navigation2/tools) by extension 'ignore'
[0.500s] Level 1:colcon.colcon_core.package_identification:_identify(navigation2/tools) by extension 'ignore_ament_install'
[0.500s] Level 1:colcon.colcon_core.package_identification:_identify(navigation2/tools) by extensions ['colcon_pkg']
[0.500s] Level 1:colcon.colcon_core.package_identification:_identify(navigation2/tools) by extension 'colcon_pkg'
[0.500s] Level 1:colcon.colcon_core.package_identification:_identify(navigation2/tools) by extensions ['colcon_meta']
[0.500s] Level 1:colcon.colcon_core.package_identification:_identify(navigation2/tools) by extension 'colcon_meta'
[0.500s] Level 1:colcon.colcon_core.package_identification:_identify(navigation2/tools) by extensions ['ros']
[0.500s] Level 1:colcon.colcon_core.package_identification:_identify(navigation2/tools) by extension 'ros'
[0.500s] Level 1:colcon.colcon_core.package_identification:_identify(navigation2/tools) by extensions ['cmake', 'python']
[0.501s] Level 1:colcon.colcon_core.package_identification:_identify(navigation2/tools) by extension 'cmake'
[0.501s] Level 1:colcon.colcon_core.package_identification:_identify(navigation2/tools) by extension 'python'
[0.501s] Level 1:colcon.colcon_core.package_identification:_identify(navigation2/tools) by extensions ['python_setup_py']
[0.501s] Level 1:colcon.colcon_core.package_identification:_identify(navigation2/tools) by extension 'python_setup_py'
[0.501s] Level 1:colcon.colcon_core.package_identification:_identify(navigation2/tools/planner_benchmarking) by extensions ['ignore', 'ignore_ament_install']
[0.501s] Level 1:colcon.colcon_core.package_identification:_identify(navigation2/tools/planner_benchmarking) by extension 'ignore'
[0.501s] Level 1:colcon.colcon_core.package_identification:_identify(navigation2/tools/planner_benchmarking) by extension 'ignore_ament_install'
[0.501s] Level 1:colcon.colcon_core.package_identification:_identify(navigation2/tools/planner_benchmarking) by extensions ['colcon_pkg']
[0.501s] Level 1:colcon.colcon_core.package_identification:_identify(navigation2/tools/planner_benchmarking) by extension 'colcon_pkg'
[0.501s] Level 1:colcon.colcon_core.package_identification:_identify(navigation2/tools/planner_benchmarking) by extensions ['colcon_meta']
[0.501s] Level 1:colcon.colcon_core.package_identification:_identify(navigation2/tools/planner_benchmarking) by extension 'colcon_meta'
[0.501s] Level 1:colcon.colcon_core.package_identification:_identify(navigation2/tools/planner_benchmarking) by extensions ['ros']
[0.501s] Level 1:colcon.colcon_core.package_identification:_identify(navigation2/tools/planner_benchmarking) by extension 'ros'
[0.501s] Level 1:colcon.colcon_core.package_identification:_identify(navigation2/tools/planner_benchmarking) by extensions ['cmake', 'python']
[0.501s] Level 1:colcon.colcon_core.package_identification:_identify(navigation2/tools/planner_benchmarking) by extension 'cmake'
[0.501s] Level 1:colcon.colcon_core.package_identification:_identify(navigation2/tools/planner_benchmarking) by extension 'python'
[0.501s] Level 1:colcon.colcon_core.package_identification:_identify(navigation2/tools/planner_benchmarking) by extensions ['python_setup_py']
[0.501s] Level 1:colcon.colcon_core.package_identification:_identify(navigation2/tools/planner_benchmarking) by extension 'python_setup_py'
[0.501s] Level 1:colcon.colcon_core.package_identification:_identify(navigation2/tools/smoother_benchmarking) by extensions ['ignore', 'ignore_ament_install']
[0.501s] Level 1:colcon.colcon_core.package_identification:_identify(navigation2/tools/smoother_benchmarking) by extension 'ignore'
[0.501s] Level 1:colcon.colcon_core.package_identification:_identify(navigation2/tools/smoother_benchmarking) by extension 'ignore_ament_install'
[0.502s] Level 1:colcon.colcon_core.package_identification:_identify(navigation2/tools/smoother_benchmarking) by extensions ['colcon_pkg']
[0.502s] Level 1:colcon.colcon_core.package_identification:_identify(navigation2/tools/smoother_benchmarking) by extension 'colcon_pkg'
[0.502s] Level 1:colcon.colcon_core.package_identification:_identify(navigation2/tools/smoother_benchmarking) by extensions ['colcon_meta']
[0.502s] Level 1:colcon.colcon_core.package_identification:_identify(navigation2/tools/smoother_benchmarking) by extension 'colcon_meta'
[0.502s] Level 1:colcon.colcon_core.package_identification:_identify(navigation2/tools/smoother_benchmarking) by extensions ['ros']
[0.502s] Level 1:colcon.colcon_core.package_identification:_identify(navigation2/tools/smoother_benchmarking) by extension 'ros'
[0.502s] Level 1:colcon.colcon_core.package_identification:_identify(navigation2/tools/smoother_benchmarking) by extensions ['cmake', 'python']
[0.502s] Level 1:colcon.colcon_core.package_identification:_identify(navigation2/tools/smoother_benchmarking) by extension 'cmake'
[0.502s] Level 1:colcon.colcon_core.package_identification:_identify(navigation2/tools/smoother_benchmarking) by extension 'python'
[0.502s] Level 1:colcon.colcon_core.package_identification:_identify(navigation2/tools/smoother_benchmarking) by extensions ['python_setup_py']
[0.502s] Level 1:colcon.colcon_core.package_identification:_identify(navigation2/tools/smoother_benchmarking) by extension 'python_setup_py'
[0.502s] Level 1:colcon.colcon_core.package_identification:_identify(navigation2/tools/smoother_benchmarking/maps) by extensions ['ignore', 'ignore_ament_install']
[0.502s] Level 1:colcon.colcon_core.package_identification:_identify(navigation2/tools/smoother_benchmarking/maps) by extension 'ignore'
[0.502s] Level 1:colcon.colcon_core.package_identification:_identify(navigation2/tools/smoother_benchmarking/maps) by extension 'ignore_ament_install'
[0.502s] Level 1:colcon.colcon_core.package_identification:_identify(navigation2/tools/smoother_benchmarking/maps) by extensions ['colcon_pkg']
[0.502s] Level 1:colcon.colcon_core.package_identification:_identify(navigation2/tools/smoother_benchmarking/maps) by extension 'colcon_pkg'
[0.502s] Level 1:colcon.colcon_core.package_identification:_identify(navigation2/tools/smoother_benchmarking/maps) by extensions ['colcon_meta']
[0.502s] Level 1:colcon.colcon_core.package_identification:_identify(navigation2/tools/smoother_benchmarking/maps) by extension 'colcon_meta'
[0.503s] Level 1:colcon.colcon_core.package_identification:_identify(navigation2/tools/smoother_benchmarking/maps) by extensions ['ros']
[0.503s] Level 1:colcon.colcon_core.package_identification:_identify(navigation2/tools/smoother_benchmarking/maps) by extension 'ros'
[0.503s] Level 1:colcon.colcon_core.package_identification:_identify(navigation2/tools/smoother_benchmarking/maps) by extensions ['cmake', 'python']
[0.503s] Level 1:colcon.colcon_core.package_identification:_identify(navigation2/tools/smoother_benchmarking/maps) by extension 'cmake'
[0.503s] Level 1:colcon.colcon_core.package_identification:_identify(navigation2/tools/smoother_benchmarking/maps) by extension 'python'
[0.503s] Level 1:colcon.colcon_core.package_identification:_identify(navigation2/tools/smoother_benchmarking/maps) by extensions ['python_setup_py']
[0.503s] Level 1:colcon.colcon_core.package_identification:_identify(navigation2/tools/smoother_benchmarking/maps) by extension 'python_setup_py'
[0.503s] Level 1:colcon.colcon_core.package_identification:_identify(sam_bot_description) by extensions ['ignore', 'ignore_ament_install']
[0.503s] Level 1:colcon.colcon_core.package_identification:_identify(sam_bot_description) by extension 'ignore'
[0.503s] Level 1:colcon.colcon_core.package_identification:_identify(sam_bot_description) by extension 'ignore_ament_install'
[0.503s] Level 1:colcon.colcon_core.package_identification:_identify(sam_bot_description) by extensions ['colcon_pkg']
[0.503s] Level 1:colcon.colcon_core.package_identification:_identify(sam_bot_description) by extension 'colcon_pkg'
[0.503s] Level 1:colcon.colcon_core.package_identification:_identify(sam_bot_description) by extensions ['colcon_meta']
[0.503s] Level 1:colcon.colcon_core.package_identification:_identify(sam_bot_description) by extension 'colcon_meta'
[0.503s] Level 1:colcon.colcon_core.package_identification:_identify(sam_bot_description) by extensions ['ros']
[0.503s] Level 1:colcon.colcon_core.package_identification:_identify(sam_bot_description) by extension 'ros'
[0.504s] DEBUG:colcon.colcon_core.package_identification:Package 'sam_bot_description' with type 'ros.ament_cmake' and name 'sam_bot_description'
[0.504s] Level 1:colcon.colcon_core.package_discovery:discover_packages(recursive) using defaults
[0.504s] Level 1:colcon.colcon_core.package_discovery:discover_packages(ignore) discover
[0.504s] Level 1:colcon.colcon_core.package_discovery:discover_packages(ignore) using defaults
[0.504s] Level 1:colcon.colcon_core.package_discovery:discover_packages(path) discover
[0.504s] Level 1:colcon.colcon_core.package_discovery:discover_packages(path) using defaults
[0.528s] INFO:colcon.colcon_core.package_selection:Skipping not selected package 'nav2_common' in 'navigation2/nav2_common'
[0.528s] INFO:colcon.colcon_core.package_selection:Skipping not selected package 'nav_2d_msgs' in 'navigation2/nav2_dwb_controller/nav_2d_msgs'
[0.528s] INFO:colcon.colcon_core.package_selection:Skipping not selected package 'dwb_msgs' in 'navigation2/nav2_dwb_controller/dwb_msgs'
[0.528s] INFO:colcon.colcon_core.package_selection:Skipping not selected package 'nav2_msgs' in 'navigation2/nav2_msgs'
[0.528s] INFO:colcon.colcon_core.package_selection:Skipping not selected package 'nav2_voxel_grid' in 'navigation2/nav2_voxel_grid'
[0.528s] INFO:colcon.colcon_core.package_selection:Skipping not selected package 'nav2_simple_commander' in 'navigation2/nav2_simple_commander'
[0.528s] INFO:colcon.colcon_core.package_selection:Skipping not selected package 'nav2_util' in 'navigation2/nav2_util'
[0.528s] INFO:colcon.colcon_core.package_selection:Skipping not selected package 'nav2_amcl' in 'navigation2/nav2_amcl'
[0.528s] INFO:colcon.colcon_core.package_selection:Skipping not selected package 'nav2_behavior_tree' in 'navigation2/nav2_behavior_tree'
[0.528s] INFO:colcon.colcon_core.package_selection:Skipping not selected package 'nav2_lifecycle_manager' in 'navigation2/nav2_lifecycle_manager'
[0.528s] INFO:colcon.colcon_core.package_selection:Skipping not selected package 'nav2_map_server' in 'navigation2/nav2_map_server'
[0.528s] INFO:colcon.colcon_core.package_selection:Skipping not selected package 'nav2_velocity_smoother' in 'navigation2/nav2_velocity_smoother'
[0.528s] INFO:colcon.colcon_core.package_selection:Skipping not selected package 'nav_2d_utils' in 'navigation2/nav2_dwb_controller/nav_2d_utils'
[0.528s] INFO:colcon.colcon_core.package_selection:Skipping not selected package 'nav2_costmap_2d' in 'navigation2/nav2_costmap_2d'
[0.528s] INFO:colcon.colcon_core.package_selection:Skipping not selected package 'nav2_rviz_plugins' in 'navigation2/nav2_rviz_plugins'
[0.528s] INFO:colcon.colcon_core.package_selection:Skipping not selected package 'costmap_queue' in 'navigation2/nav2_dwb_controller/costmap_queue'
[0.528s] INFO:colcon.colcon_core.package_selection:Skipping not selected package 'nav2_collision_monitor' in 'navigation2/nav2_collision_monitor'
[0.528s] INFO:colcon.colcon_core.package_selection:Skipping not selected package 'nav2_core' in 'navigation2/nav2_core'
[0.528s] INFO:colcon.colcon_core.package_selection:Skipping not selected package 'dwb_core' in 'navigation2/nav2_dwb_controller/dwb_core'
[0.528s] INFO:colcon.colcon_core.package_selection:Skipping not selected package 'nav2_behaviors' in 'navigation2/nav2_behaviors'
[0.528s] INFO:colcon.colcon_core.package_selection:Skipping not selected package 'nav2_bt_navigator' in 'navigation2/nav2_bt_navigator'
[0.528s] INFO:colcon.colcon_core.package_selection:Skipping not selected package 'nav2_constrained_smoother' in 'navigation2/nav2_constrained_smoother'
[0.528s] INFO:colcon.colcon_core.package_selection:Skipping not selected package 'nav2_controller' in 'navigation2/nav2_controller'
[0.528s] INFO:colcon.colcon_core.package_selection:Skipping not selected package 'nav2_mppi_controller' in 'navigation2/nav2_mppi_controller'
[0.528s] INFO:colcon.colcon_core.package_selection:Skipping not selected package 'nav2_navfn_planner' in 'navigation2/nav2_navfn_planner'
[0.528s] INFO:colcon.colcon_core.package_selection:Skipping not selected package 'nav2_planner' in 'navigation2/nav2_planner'
[0.528s] INFO:colcon.colcon_core.package_selection:Skipping not selected package 'nav2_regulated_pure_pursuit_controller' in 'navigation2/nav2_regulated_pure_pursuit_controller'
[0.528s] INFO:colcon.colcon_core.package_selection:Skipping not selected package 'nav2_smac_planner' in 'navigation2/nav2_smac_planner'
[0.529s] INFO:colcon.colcon_core.package_selection:Skipping not selected package 'nav2_smoother' in 'navigation2/nav2_smoother'
[0.529s] INFO:colcon.colcon_core.package_selection:Skipping not selected package 'nav2_theta_star_planner' in 'navigation2/nav2_theta_star_planner'
[0.529s] INFO:colcon.colcon_core.package_selection:Skipping not selected package 'nav2_waypoint_follower' in 'navigation2/nav2_waypoint_follower'
[0.529s] INFO:colcon.colcon_core.package_selection:Skipping not selected package 'dwb_critics' in 'navigation2/nav2_dwb_controller/dwb_critics'
[0.529s] INFO:colcon.colcon_core.package_selection:Skipping not selected package 'dwb_plugins' in 'navigation2/nav2_dwb_controller/dwb_plugins'
[0.529s] INFO:colcon.colcon_core.package_selection:Skipping not selected package 'nav2_rotation_shim_controller' in 'navigation2/nav2_rotation_shim_controller'
[0.529s] INFO:colcon.colcon_core.package_selection:Skipping not selected package 'nav2_dwb_controller' in 'navigation2/nav2_dwb_controller/nav2_dwb_controller'
[0.529s] INFO:colcon.colcon_core.package_selection:Skipping not selected package 'navigation2' in 'navigation2/navigation2'
[0.529s] INFO:colcon.colcon_core.package_selection:Skipping not selected package 'nav2_bringup' in 'navigation2/nav2_bringup'
[0.529s] INFO:colcon.colcon_core.package_selection:Skipping not selected package 'nav2_system_tests' in 'navigation2/nav2_system_tests'
[0.529s] Level 1:colcon.colcon_core.package_discovery:discover_packages(prefix_path) check parameters
[0.529s] Level 1:colcon.colcon_core.package_discovery:discover_packages(prefix_path) discover
[0.534s] DEBUG:colcon.colcon_installed_package_information.package_discovery:Found 39 installed packages in /home/lhl/nav2_ws/src/install
[0.536s] DEBUG:colcon.colcon_installed_package_information.package_discovery:Found 395 installed packages in /opt/ros/humble
[0.539s] Level 1:colcon.colcon_core.package_discovery:discover_packages(prefix_path) using defaults
[1.034s] Level 5:colcon.colcon_core.verb:set package 'sam_bot_description' build argument 'cmake_args' from command line to 'None'
[1.034s] Level 5:colcon.colcon_core.verb:set package 'sam_bot_description' build argument 'cmake_target' from command line to 'None'
[1.034s] Level 5:colcon.colcon_core.verb:set package 'sam_bot_description' build argument 'cmake_target_skip_unavailable' from command line to 'False'
[1.035s] Level 5:colcon.colcon_core.verb:set package 'sam_bot_description' build argument 'cmake_clean_cache' from command line to 'False'
[1.035s] Level 5:colcon.colcon_core.verb:set package 'sam_bot_description' build argument 'cmake_clean_first' from command line to 'False'
[1.035s] Level 5:colcon.colcon_core.verb:set package 'sam_bot_description' build argument 'cmake_force_configure' from command line to 'False'
[1.035s] Level 5:colcon.colcon_core.verb:set package 'sam_bot_description' build argument 'ament_cmake_args' from command line to 'None'
[1.035s] Level 5:colcon.colcon_core.verb:set package 'sam_bot_description' build argument 'catkin_cmake_args' from command line to 'None'
[1.035s] Level 5:colcon.colcon_core.verb:set package 'sam_bot_description' build argument 'catkin_skip_building_tests' from command line to 'False'
[1.035s] DEBUG:colcon.colcon_core.verb:Building package 'sam_bot_description' with the following arguments: {'ament_cmake_args': None, 'build_base': '/home/lhl/nav2_ws/src/build/sam_bot_description', 'catkin_cmake_args': None, 'catkin_skip_building_tests': False, 'cmake_args': None, 'cmake_clean_cache': False, 'cmake_clean_first': False, 'cmake_force_configure': False, 'cmake_target': None, 'cmake_target_skip_unavailable': False, 'install_base': '/home/lhl/nav2_ws/src/install/sam_bot_description', 'merge_install': False, 'path': '/home/lhl/nav2_ws/src/sam_bot_description', 'symlink_install': False, 'test_result_base': None}
[1.035s] INFO:colcon.colcon_core.executor:Executing jobs using 'parallel' executor
[1.038s] DEBUG:colcon.colcon_parallel_executor.executor.parallel:run_until_complete
[1.038s] INFO:colcon.colcon_ros.task.ament_cmake.build:Building ROS package in '/home/lhl/nav2_ws/src/sam_bot_description' with build type 'ament_cmake'
[1.038s] INFO:colcon.colcon_cmake.task.cmake.build:Building CMake package in '/home/lhl/nav2_ws/src/sam_bot_description'
[1.044s] INFO:colcon.colcon_core.plugin_system:Skipping extension 'colcon_core.shell.bat': Not used on non-Windows systems
[1.045s] INFO:colcon.colcon_core.shell:Skip shell extension 'powershell' for command environment: Not usable outside of PowerShell
[1.045s] DEBUG:colcon.colcon_core.shell:Skip shell extension 'dsv' for command environment
[1.148s] DEBUG:colcon.colcon_core.event_handler.log_command:Invoking command in '/home/lhl/nav2_ws/src/build/sam_bot_description': CMAKE_PREFIX_PATH=${CMAKE_PREFIX_PATH}:/home/lhl/nav2_ws/src/install/nav2_simple_commander:/opt/ros/humble /usr/bin/cmake --build /home/lhl/nav2_ws/src/build/sam_bot_description -- -j8 -l8
[2.967s] DEBUG:colcon.colcon_core.event_handler.log_command:Invoked command in '/home/lhl/nav2_ws/src/build/sam_bot_description' returned '0': CMAKE_PREFIX_PATH=${CMAKE_PREFIX_PATH}:/home/lhl/nav2_ws/src/install/nav2_simple_commander:/opt/ros/humble /usr/bin/cmake --build /home/lhl/nav2_ws/src/build/sam_bot_description -- -j8 -l8
[3.014s] DEBUG:colcon.colcon_core.event_handler.log_command:Invoking command in '/home/lhl/nav2_ws/src/build/sam_bot_description': CMAKE_PREFIX_PATH=${CMAKE_PREFIX_PATH}:/home/lhl/nav2_ws/src/install/nav2_simple_commander:/opt/ros/humble /usr/bin/cmake --install /home/lhl/nav2_ws/src/build/sam_bot_description
[3.026s] Level 1:colcon.colcon_core.environment:create_environment_scripts_only(sam_bot_description)
[3.026s] DEBUG:colcon.colcon_core.event_handler.log_command:Invoked command in '/home/lhl/nav2_ws/src/build/sam_bot_description' returned '0': CMAKE_PREFIX_PATH=${CMAKE_PREFIX_PATH}:/home/lhl/nav2_ws/src/install/nav2_simple_commander:/opt/ros/humble /usr/bin/cmake --install /home/lhl/nav2_ws/src/build/sam_bot_description
[3.074s] Level 1:colcon.colcon_core.environment:checking '/home/lhl/nav2_ws/src/install/sam_bot_description' for CMake module files
[3.076s] Level 1:colcon.colcon_core.environment:checking '/home/lhl/nav2_ws/src/install/sam_bot_description' for CMake config files
[3.077s] Level 1:colcon.colcon_core.shell:create_environment_hook('sam_bot_description', 'cmake_prefix_path')
[3.081s] INFO:colcon.colcon_core.shell:Creating environment hook '/home/lhl/nav2_ws/src/install/sam_bot_description/share/sam_bot_description/hook/cmake_prefix_path.ps1'
[3.084s] INFO:colcon.colcon_core.shell:Creating environment descriptor '/home/lhl/nav2_ws/src/install/sam_bot_description/share/sam_bot_description/hook/cmake_prefix_path.dsv'
[3.086s] INFO:colcon.colcon_core.shell:Creating environment hook '/home/lhl/nav2_ws/src/install/sam_bot_description/share/sam_bot_description/hook/cmake_prefix_path.sh'
[3.089s] Level 1:colcon.colcon_core.environment:checking '/home/lhl/nav2_ws/src/install/sam_bot_description/bin'
[3.089s] Level 1:colcon.colcon_core.environment:checking '/home/lhl/nav2_ws/src/install/sam_bot_description/lib/pkgconfig/sam_bot_description.pc'
[3.090s] Level 1:colcon.colcon_core.environment:checking '/home/lhl/nav2_ws/src/install/sam_bot_description/lib/python3.10/site-packages'
[3.090s] Level 1:colcon.colcon_core.environment:checking '/home/lhl/nav2_ws/src/install/sam_bot_description/bin'
[3.094s] INFO:colcon.colcon_core.shell:Creating package script '/home/lhl/nav2_ws/src/install/sam_bot_description/share/sam_bot_description/package.ps1'
[3.097s] INFO:colcon.colcon_core.shell:Creating package descriptor '/home/lhl/nav2_ws/src/install/sam_bot_description/share/sam_bot_description/package.dsv'
[3.099s] INFO:colcon.colcon_core.shell:Creating package script '/home/lhl/nav2_ws/src/install/sam_bot_description/share/sam_bot_description/package.sh'
[3.101s] INFO:colcon.colcon_core.shell:Creating package script '/home/lhl/nav2_ws/src/install/sam_bot_description/share/sam_bot_description/package.bash'
[3.109s] INFO:colcon.colcon_core.shell:Creating package script '/home/lhl/nav2_ws/src/install/sam_bot_description/share/sam_bot_description/package.zsh'
[3.111s] Level 1:colcon.colcon_core.environment:create_file_with_runtime_dependencies(/home/lhl/nav2_ws/src/install/sam_bot_description/share/colcon-core/packages/sam_bot_description)
[3.194s] Level 1:colcon.colcon_core.environment:create_environment_scripts_only(sam_bot_description)
[3.198s] Level 1:colcon.colcon_core.environment:checking '/home/lhl/nav2_ws/src/install/sam_bot_description' for CMake module files
[3.199s] Level 1:colcon.colcon_core.environment:checking '/home/lhl/nav2_ws/src/install/sam_bot_description' for CMake config files
[3.199s] Level 1:colcon.colcon_core.shell:create_environment_hook('sam_bot_description', 'cmake_prefix_path')
[3.201s] INFO:colcon.colcon_core.shell:Creating environment hook '/home/lhl/nav2_ws/src/install/sam_bot_description/share/sam_bot_description/hook/cmake_prefix_path.ps1'
[3.202s] INFO:colcon.colcon_core.shell:Creating environment descriptor '/home/lhl/nav2_ws/src/install/sam_bot_description/share/sam_bot_description/hook/cmake_prefix_path.dsv'
[3.202s] INFO:colcon.colcon_core.shell:Creating environment hook '/home/lhl/nav2_ws/src/install/sam_bot_description/share/sam_bot_description/hook/cmake_prefix_path.sh'
[3.203s] Level 1:colcon.colcon_core.environment:checking '/home/lhl/nav2_ws/src/install/sam_bot_description/bin'
[3.203s] Level 1:colcon.colcon_core.environment:checking '/home/lhl/nav2_ws/src/install/sam_bot_description/lib/pkgconfig/sam_bot_description.pc'
[3.204s] Level 1:colcon.colcon_core.environment:checking '/home/lhl/nav2_ws/src/install/sam_bot_description/lib/python3.10/site-packages'
[3.204s] Level 1:colcon.colcon_core.environment:checking '/home/lhl/nav2_ws/src/install/sam_bot_description/bin'
[3.206s] INFO:colcon.colcon_core.shell:Creating package script '/home/lhl/nav2_ws/src/install/sam_bot_description/share/sam_bot_description/package.ps1'
[3.207s] INFO:colcon.colcon_core.shell:Creating package descriptor '/home/lhl/nav2_ws/src/install/sam_bot_description/share/sam_bot_description/package.dsv'
[3.208s] INFO:colcon.colcon_core.shell:Creating package script '/home/lhl/nav2_ws/src/install/sam_bot_description/share/sam_bot_description/package.sh'
[3.208s] INFO:colcon.colcon_core.shell:Creating package script '/home/lhl/nav2_ws/src/install/sam_bot_description/share/sam_bot_description/package.bash'
[3.209s] INFO:colcon.colcon_core.shell:Creating package script '/home/lhl/nav2_ws/src/install/sam_bot_description/share/sam_bot_description/package.zsh'
[3.210s] Level 1:colcon.colcon_core.environment:create_file_with_runtime_dependencies(/home/lhl/nav2_ws/src/install/sam_bot_description/share/colcon-core/packages/sam_bot_description)
[3.210s] DEBUG:colcon.colcon_parallel_executor.executor.parallel:closing loop
[3.210s] DEBUG:colcon.colcon_parallel_executor.executor.parallel:loop closed
[3.210s] DEBUG:colcon.colcon_parallel_executor.executor.parallel:run_until_complete finished with '0'
[3.211s] DEBUG:colcon.colcon_core.event_reactor:joining thread
[3.217s] INFO:colcon.colcon_core.plugin_system:Skipping extension 'colcon_notification.desktop_notification.terminal_notifier': Not used on non-Darwin systems
[3.217s] INFO:colcon.colcon_core.plugin_system:Skipping extension 'colcon_notification.desktop_notification.win32': Not used on non-Windows systems
[3.218s] INFO:colcon.colcon_notification.desktop_notification:Sending desktop notification using 'notify2'
[3.229s] DEBUG:colcon.colcon_core.event_reactor:joined thread
[3.231s] INFO:colcon.colcon_core.shell:Creating prefix script '/home/lhl/nav2_ws/src/install/local_setup.ps1'
[3.232s] INFO:colcon.colcon_core.shell:Creating prefix util module '/home/lhl/nav2_ws/src/install/_local_setup_util_ps1.py'
[3.233s] INFO:colcon.colcon_core.shell:Creating prefix chain script '/home/lhl/nav2_ws/src/install/setup.ps1'
[3.236s] INFO:colcon.colcon_core.shell:Creating prefix script '/home/lhl/nav2_ws/src/install/local_setup.sh'
[3.237s] INFO:colcon.colcon_core.shell:Creating prefix util module '/home/lhl/nav2_ws/src/install/_local_setup_util_sh.py'
[3.238s] INFO:colcon.colcon_core.shell:Creating prefix chain script '/home/lhl/nav2_ws/src/install/setup.sh'
[3.241s] INFO:colcon.colcon_core.shell:Creating prefix script '/home/lhl/nav2_ws/src/install/local_setup.bash'
[3.242s] INFO:colcon.colcon_core.shell:Creating prefix chain script '/home/lhl/nav2_ws/src/install/setup.bash'
[3.245s] INFO:colcon.colcon_core.shell:Creating prefix script '/home/lhl/nav2_ws/src/install/local_setup.zsh'
[3.245s] INFO:colcon.colcon_core.shell:Creating prefix chain script '/home/lhl/nav2_ws/src/install/setup.zsh'
