[0.208s] Invoking command in '/home/lhl/nav2_ws/src/build/nav2_behavior_tree': AMENT_PREFIX_PATH=/home/lhl/nav2_ws/src/install/nav2_util:/home/lhl/nav2_ws/src/install/nav2_msgs:/home/lhl/nav2_ws/src/install/nav2_common:${AMENT_PREFIX_PATH} CMAKE_PREFIX_PATH=/home/lhl/nav2_ws/src/install/nav2_util:/home/lhl/nav2_ws/src/install/nav2_msgs:/home/lhl/nav2_ws/src/install/nav2_common:/opt/ros/humble LD_LIBRARY_PATH=/home/lhl/nav2_ws/src/install/nav2_util/lib:/home/lhl/nav2_ws/src/install/nav2_msgs/lib:${LD_LIBRARY_PATH} PYTHONPATH=/home/lhl/nav2_ws/src/install/nav2_msgs/local/lib/python3.10/dist-packages:/home/lhl/nav2_ws/src/install/nav2_common/local/lib/python3.10/dist-packages:${PYTHONPATH} /usr/bin/cmake --build /home/lhl/nav2_ws/src/build/nav2_behavior_tree -- -j8 -l8
[0.416s] [35m[1mConsolidate compiler generated dependencies of target nav2_assisted_teleop_cancel_bt_node[0m
[0.430s] [35m[1mConsolidate compiler generated dependencies of target nav2_behavior_tree[0m
[0.432s] [35m[1mConsolidate compiler generated dependencies of target nav2_spin_cancel_bt_node[0m
[0.434s] [35m[1mConsolidate compiler generated dependencies of target nav2_compute_path_to_pose_action_bt_node[0m
[0.434s] [35m[1mConsolidate compiler generated dependencies of target nav2_back_up_cancel_bt_node[0m
[0.456s] [  1%] Built target nav2_assisted_teleop_cancel_bt_node
[0.476s] [  2%] Built target nav2_behavior_tree
[0.476s] [  3%] Built target nav2_spin_cancel_bt_node
[0.477s] [35m[1mConsolidate compiler generated dependencies of target nav2_controller_cancel_bt_node[0m
[0.479s] [35m[1mConsolidate compiler generated dependencies of target nav2_compute_path_through_poses_action_bt_node[0m
[0.493s] [  4%] Built target nav2_compute_path_to_pose_action_bt_node
[0.496s] [  5%] Built target nav2_back_up_cancel_bt_node
[0.515s] [35m[1mConsolidate compiler generated dependencies of target nav2_wait_cancel_bt_node[0m
[0.517s] [35m[1mConsolidate compiler generated dependencies of target nav2_drive_on_heading_cancel_bt_node[0m
[0.535s] [  6%] Built target nav2_controller_cancel_bt_node
[0.535s] [35m[1mConsolidate compiler generated dependencies of target nav2_smooth_path_action_bt_node[0m
[0.540s] [  7%] Built target nav2_compute_path_through_poses_action_bt_node
[0.569s] [35m[1mConsolidate compiler generated dependencies of target nav2_spin_action_bt_node[0m
[0.571s] [35m[1mConsolidate compiler generated dependencies of target nav2_follow_path_action_bt_node[0m
[0.582s] [35m[1mConsolidate compiler generated dependencies of target nav2_wait_action_bt_node[0m
[0.582s] [35m[1mConsolidate compiler generated dependencies of target nav2_drive_on_heading_bt_node[0m
[0.592s] [35m[1mConsolidate compiler generated dependencies of target nav2_back_up_action_bt_node[0m
[0.660s] [  9%] Built target nav2_drive_on_heading_cancel_bt_node
[0.661s] [  9%] Built target nav2_wait_cancel_bt_node
[0.661s] [ 10%] Built target nav2_smooth_path_action_bt_node
[0.694s] [ 11%] Built target nav2_follow_path_action_bt_node
[0.707s] [ 12%] Built target nav2_back_up_action_bt_node
[0.713s] [ 13%] Built target nav2_spin_action_bt_node
[0.717s] [ 14%] Built target nav2_wait_action_bt_node
[0.727s] [ 15%] Built target nav2_drive_on_heading_bt_node
[0.758s] [35m[1mConsolidate compiler generated dependencies of target nav2_clear_costmap_service_bt_node[0m
[0.766s] [35m[1mConsolidate compiler generated dependencies of target nav2_goal_reached_condition_bt_node[0m
[0.772s] [35m[1mConsolidate compiler generated dependencies of target nav2_is_stuck_condition_bt_node[0m
[0.773s] [35m[1mConsolidate compiler generated dependencies of target nav2_transform_available_condition_bt_node[0m
[0.794s] [35m[1mConsolidate compiler generated dependencies of target nav2_assisted_teleop_action_bt_node[0m
[0.804s] [ 16%] Built target nav2_transform_available_condition_bt_node
[0.822s] [ 17%] Built target nav2_goal_reached_condition_bt_node
[0.825s] [35m[1mConsolidate compiler generated dependencies of target nav2_is_path_valid_condition_bt_node[0m
[0.830s] [35m[1mConsolidate compiler generated dependencies of target nav2_globally_updated_goal_condition_bt_node[0m
[0.838s] [ 18%] Built target nav2_is_stuck_condition_bt_node
[0.852s] [ 19%] Built target nav2_assisted_teleop_action_bt_node
[0.852s] [ 20%] Built target nav2_clear_costmap_service_bt_node
[0.894s] [ 21%] Built target nav2_globally_updated_goal_condition_bt_node
[0.904s] [ 22%] Built target nav2_is_path_valid_condition_bt_node
[0.952s] [35m[1mConsolidate compiler generated dependencies of target nav2_goal_updated_condition_bt_node[0m
[0.978s] [ 23%] Built target nav2_goal_updated_condition_bt_node
[0.978s] [35m[1mConsolidate compiler generated dependencies of target nav2_is_battery_low_condition_bt_node[0m
[0.990s] [35m[1mConsolidate compiler generated dependencies of target nav2_rate_controller_bt_node[0m
[0.990s] [35m[1mConsolidate compiler generated dependencies of target nav2_path_expiring_timer_condition[0m
[0.997s] [35m[1mConsolidate compiler generated dependencies of target nav2_time_expired_condition_bt_node[0m
[1.000s] [35m[1mConsolidate compiler generated dependencies of target nav2_distance_traveled_condition_bt_node[0m
[1.005s] [35m[1mConsolidate compiler generated dependencies of target nav2_reinitialize_global_localization_service_bt_node[0m
[1.009s] [35m[1mConsolidate compiler generated dependencies of target nav2_initial_pose_received_condition_bt_node[0m
[1.016s] [ 24%] Built target nav2_is_battery_low_condition_bt_node
[1.036s] [ 25%] Built target nav2_path_expiring_timer_condition
[1.036s] [ 26%] Built target nav2_initial_pose_received_condition_bt_node
[1.046s] [ 27%] Built target nav2_time_expired_condition_bt_node
[1.047s] [ 28%] Built target nav2_rate_controller_bt_node
[1.061s] [ 29%] Built target nav2_distance_traveled_condition_bt_node
[1.071s] [ 30%] Built target nav2_reinitialize_global_localization_service_bt_node
[1.101s] [35m[1mConsolidate compiler generated dependencies of target nav2_distance_controller_bt_node[0m
[1.105s] [35m[1mConsolidate compiler generated dependencies of target nav2_speed_controller_bt_node[0m
[1.121s] [35m[1mConsolidate compiler generated dependencies of target nav2_recovery_node_bt_node[0m
[1.138s] [35m[1mConsolidate compiler generated dependencies of target nav2_truncate_path_local_action_bt_node[0m
[1.138s] [35m[1mConsolidate compiler generated dependencies of target nav2_path_longer_on_approach_bt_node[0m
[1.138s] [ 31%] Built target nav2_distance_controller_bt_node
[1.138s] [ 32%] Built target nav2_speed_controller_bt_node
[1.140s] [35m[1mConsolidate compiler generated dependencies of target nav2_truncate_path_action_bt_node[0m
[1.144s] [35m[1mConsolidate compiler generated dependencies of target nav2_navigate_to_pose_action_bt_node[0m
[1.144s] [35m[1mConsolidate compiler generated dependencies of target nav2_goal_updater_node_bt_node[0m
[1.150s] [ 33%] Built target nav2_recovery_node_bt_node
[1.166s] [35m[1mConsolidate compiler generated dependencies of target nav2_navigate_through_poses_action_bt_node[0m
[1.168s] [35m[1mConsolidate compiler generated dependencies of target nav2_remove_passed_goals_action_bt_node[0m
[1.168s] [ 34%] Built target nav2_truncate_path_local_action_bt_node
[1.168s] [ 35%] Built target nav2_path_longer_on_approach_bt_node
[1.200s] [35m[1mConsolidate compiler generated dependencies of target nav2_pipeline_sequence_bt_node[0m
[1.200s] [ 36%] Built target nav2_goal_updater_node_bt_node
[1.200s] [ 37%] Built target nav2_navigate_to_pose_action_bt_node
[1.205s] [ 38%] Built target nav2_navigate_through_poses_action_bt_node
[1.205s] [ 39%] Built target nav2_pipeline_sequence_bt_node
[1.210s] [ 40%] Built target nav2_truncate_path_action_bt_node
[1.217s] [ 41%] Built target nav2_remove_passed_goals_action_bt_node
[1.226s] [35m[1mConsolidate compiler generated dependencies of target nav2_round_robin_node_bt_node[0m
[1.231s] [35m[1mConsolidate compiler generated dependencies of target nav2_single_trigger_bt_node[0m
[1.235s] [35m[1mConsolidate compiler generated dependencies of target nav2_smoother_selector_bt_node[0m
[1.235s] [35m[1mConsolidate compiler generated dependencies of target nav2_goal_updated_controller_bt_node[0m
[1.245s] [35m[1mConsolidate compiler generated dependencies of target nav2_controller_selector_bt_node[0m
[1.245s] [35m[1mConsolidate compiler generated dependencies of target nav2_goal_checker_selector_bt_node[0m
[1.246s] [35m[1mConsolidate compiler generated dependencies of target gtest_main[0m
[1.251s] [35m[1mConsolidate compiler generated dependencies of target nav2_planner_selector_bt_node[0m
[1.257s] [ 42%] Built target nav2_single_trigger_bt_node
[1.258s] [ 43%] Built target nav2_round_robin_node_bt_node
[1.278s] [ 44%] Built target nav2_smoother_selector_bt_node
[1.280s] [ 46%] Built target nav2_goal_checker_selector_bt_node
[1.280s] [ 46%] Built target nav2_controller_selector_bt_node
[1.280s] [ 47%] Built target nav2_planner_selector_bt_node
[1.282s] [ 48%] Built target nav2_goal_updated_controller_bt_node
[1.289s] [ 49%] Built target gtest_main
[1.303s] [35m[1mConsolidate compiler generated dependencies of target gtest[0m
[1.318s] [ 50%] Built target gtest
[1.345s] [35m[1mConsolidate compiler generated dependencies of target test_condition_globally_updated_goal[0m
[1.348s] [35m[1mConsolidate compiler generated dependencies of target test_condition_initial_pose_received[0m
[1.358s] [35m[1mConsolidate compiler generated dependencies of target test_condition_goal_updated[0m
[1.363s] [35m[1mConsolidate compiler generated dependencies of target test_condition_goal_reached[0m
[1.364s] [35m[1mConsolidate compiler generated dependencies of target test_bt_conversions[0m
[1.367s] [35m[1mConsolidate compiler generated dependencies of target test_condition_path_expiring_timer[0m
[1.368s] [35m[1mConsolidate compiler generated dependencies of target test_condition_time_expired[0m
[1.371s] [35m[1mConsolidate compiler generated dependencies of target test_condition_distance_traveled[0m
[1.395s] [ 51%] Built target test_condition_initial_pose_received
[1.414s] [ 52%] Built target test_condition_globally_updated_goal
[1.429s] [ 53%] Built target test_condition_time_expired
[1.429s] [ 54%] Built target test_bt_conversions
[1.429s] [ 55%] Built target test_condition_path_expiring_timer
[1.431s] [ 56%] Built target test_condition_distance_traveled
[1.431s] [ 57%] Built target test_condition_goal_reached
[1.445s] [ 58%] Built target test_condition_goal_updated
[1.536s] [35m[1mConsolidate compiler generated dependencies of target test_condition_transform_available[0m
[1.549s] [35m[1mConsolidate compiler generated dependencies of target test_decorator_speed_controller[0m
[1.558s] [35m[1mConsolidate compiler generated dependencies of target test_goal_updater_node[0m
[1.562s] [ 59%] Built target test_condition_transform_available
[1.575s] [ 60%] Built target test_decorator_speed_controller
[1.583s] [ 61%] Built target test_goal_updater_node
[1.592s] [35m[1mConsolidate compiler generated dependencies of target test_condition_is_battery_low[0m
[1.593s] [35m[1mConsolidate compiler generated dependencies of target test_decorator_distance_controller[0m
[1.596s] [35m[1mConsolidate compiler generated dependencies of target test_single_trigger_node[0m
[1.596s] [35m[1mConsolidate compiler generated dependencies of target test_goal_updated_controller[0m
[1.619s] [ 62%] Built target test_condition_is_battery_low
[1.622s] [ 63%] Built target test_single_trigger_node
[1.622s] [ 64%] Built target test_decorator_distance_controller
[1.626s] [35m[1mConsolidate compiler generated dependencies of target test_decorator_rate_controller[0m
[1.626s] [ 65%] Built target test_goal_updated_controller
[1.626s] [35m[1mConsolidate compiler generated dependencies of target test_decorator_path_longer_on_approach[0m
[1.629s] [35m[1mConsolidate compiler generated dependencies of target test_condition_is_path_valid[0m
[1.639s] [35m[1mConsolidate compiler generated dependencies of target test_condition_is_stuck[0m
[1.648s] [35m[1mConsolidate compiler generated dependencies of target test_control_pipeline_sequence[0m
[1.652s] [35m[1mConsolidate compiler generated dependencies of target test_control_round_robin_node[0m
[1.660s] [35m[1mConsolidate compiler generated dependencies of target test_control_recovery_node[0m
[1.672s] [ 66%] Built target test_decorator_rate_controller
[1.682s] [ 67%] Built target test_decorator_path_longer_on_approach
[1.688s] [ 68%] Built target test_condition_is_stuck
[1.689s] [ 69%] Built target test_condition_is_path_valid
[1.692s] [ 71%] Built target test_control_pipeline_sequence
[1.692s] [ 71%] Built target test_control_round_robin_node
[1.707s] [ 72%] Built target test_control_recovery_node
[1.751s] [35m[1mConsolidate compiler generated dependencies of target test_action_spin_action[0m
[1.774s] [35m[1mConsolidate compiler generated dependencies of target test_action_wait_cancel_action[0m
[1.774s] [ 73%] Built target test_action_spin_action
[1.783s] [35m[1mConsolidate compiler generated dependencies of target test_action_controller_cancel_action[0m
[1.787s] [35m[1mConsolidate compiler generated dependencies of target test_action_spin_cancel_action[0m
[1.794s] [35m[1mConsolidate compiler generated dependencies of target test_bt_action_node[0m
[1.799s] [35m[1mConsolidate compiler generated dependencies of target test_action_back_up_action[0m
[1.799s] [ 74%] Built target test_action_wait_cancel_action
[1.800s] [35m[1mConsolidate compiler generated dependencies of target test_action_assisted_teleop_action[0m
[1.809s] [35m[1mConsolidate compiler generated dependencies of target test_action_wait_action[0m
[1.810s] [35m[1mConsolidate compiler generated dependencies of target test_action_drive_on_heading[0m
[1.816s] [ 75%] Built target test_action_controller_cancel_action
[1.824s] [35m[1mConsolidate compiler generated dependencies of target test_action_back_up_cancel_action[0m
[1.838s] [ 76%] Built target test_action_spin_cancel_action
[1.838s] [ 77%] Built target test_bt_action_node
[1.839s] [ 78%] Built target test_action_back_up_action
[1.840s] [ 79%] Built target test_action_wait_action
[1.847s] [ 80%] Built target test_action_assisted_teleop_action
[1.855s] [ 81%] Built target test_action_drive_on_heading
[1.864s] [ 82%] Built target test_action_back_up_cancel_action
[1.886s] [35m[1mConsolidate compiler generated dependencies of target test_action_assisted_teleop_cancel_action[0m
[1.886s] [35m[1mConsolidate compiler generated dependencies of target test_action_reinitialize_global_localization_service[0m
[1.900s] [35m[1mConsolidate compiler generated dependencies of target test_action_compute_path_through_poses_action[0m
[1.908s] [35m[1mConsolidate compiler generated dependencies of target test_action_drive_on_heading_cancel_action[0m
[1.908s] [35m[1mConsolidate compiler generated dependencies of target test_action_clear_costmap_service[0m
[1.911s] [ 83%] Built target test_action_reinitialize_global_localization_service
[1.923s] [ 84%] Built target test_action_assisted_teleop_cancel_action
[1.923s] [35m[1mConsolidate compiler generated dependencies of target test_action_smooth_path_action[0m
[1.924s] [35m[1mConsolidate compiler generated dependencies of target test_action_follow_path_action[0m
[1.924s] [35m[1mConsolidate compiler generated dependencies of target test_action_compute_path_to_pose_action[0m
[1.932s] [ 85%] Built target test_action_compute_path_through_poses_action
[1.943s] [35m[1mConsolidate compiler generated dependencies of target test_action_navigate_to_pose_action[0m
[1.975s] [ 86%] Built target test_action_clear_costmap_service
[1.975s] [ 87%] Built target test_action_drive_on_heading_cancel_action
[1.975s] [ 88%] Built target test_action_compute_path_to_pose_action
[1.975s] [ 89%] Built target test_action_follow_path_action
[1.975s] [ 90%] Built target test_action_smooth_path_action
[1.982s] [35m[1mConsolidate compiler generated dependencies of target test_truncate_path_action[0m
[1.983s] [ 91%] Built target test_action_navigate_to_pose_action
[1.986s] [35m[1mConsolidate compiler generated dependencies of target test_action_navigate_through_poses_action[0m
[1.992s] [35m[1mConsolidate compiler generated dependencies of target test_truncate_path_local_action[0m
[2.002s] [35m[1mConsolidate compiler generated dependencies of target test_remove_passed_goals_action[0m
[2.002s] [35m[1mConsolidate compiler generated dependencies of target test_smoother_selector_node[0m
[2.009s] [35m[1mConsolidate compiler generated dependencies of target test_planner_selector_node[0m
[2.014s] [35m[1mConsolidate compiler generated dependencies of target test_goal_checker_selector_node[0m
[2.020s] [ 92%] Built target test_truncate_path_action
[2.021s] [ 93%] Built target test_action_navigate_through_poses_action
[2.033s] [35m[1mConsolidate compiler generated dependencies of target test_controller_selector_node[0m
[2.040s] [ 95%] Built target test_truncate_path_local_action
[2.051s] [ 96%] Built target test_remove_passed_goals_action
[2.053s] [ 97%] Built target test_smoother_selector_node
[2.054s] [ 98%] Built target test_goal_checker_selector_node
[2.067s] [ 99%] Built target test_planner_selector_node
[2.068s] [100%] Built target test_controller_selector_node
[2.115s] Invoked command in '/home/lhl/nav2_ws/src/build/nav2_behavior_tree' returned '0': AMENT_PREFIX_PATH=/home/lhl/nav2_ws/src/install/nav2_util:/home/lhl/nav2_ws/src/install/nav2_msgs:/home/lhl/nav2_ws/src/install/nav2_common:${AMENT_PREFIX_PATH} CMAKE_PREFIX_PATH=/home/lhl/nav2_ws/src/install/nav2_util:/home/lhl/nav2_ws/src/install/nav2_msgs:/home/lhl/nav2_ws/src/install/nav2_common:/opt/ros/humble LD_LIBRARY_PATH=/home/lhl/nav2_ws/src/install/nav2_util/lib:/home/lhl/nav2_ws/src/install/nav2_msgs/lib:${LD_LIBRARY_PATH} PYTHONPATH=/home/lhl/nav2_ws/src/install/nav2_msgs/local/lib/python3.10/dist-packages:/home/lhl/nav2_ws/src/install/nav2_common/local/lib/python3.10/dist-packages:${PYTHONPATH} /usr/bin/cmake --build /home/lhl/nav2_ws/src/build/nav2_behavior_tree -- -j8 -l8
[2.324s] Invoking command in '/home/lhl/nav2_ws/src/build/nav2_behavior_tree': AMENT_PREFIX_PATH=/home/lhl/nav2_ws/src/install/nav2_util:/home/lhl/nav2_ws/src/install/nav2_msgs:/home/lhl/nav2_ws/src/install/nav2_common:${AMENT_PREFIX_PATH} CMAKE_PREFIX_PATH=/home/lhl/nav2_ws/src/install/nav2_util:/home/lhl/nav2_ws/src/install/nav2_msgs:/home/lhl/nav2_ws/src/install/nav2_common:/opt/ros/humble LD_LIBRARY_PATH=/home/lhl/nav2_ws/src/install/nav2_util/lib:/home/lhl/nav2_ws/src/install/nav2_msgs/lib:${LD_LIBRARY_PATH} PYTHONPATH=/home/lhl/nav2_ws/src/install/nav2_msgs/local/lib/python3.10/dist-packages:/home/lhl/nav2_ws/src/install/nav2_common/local/lib/python3.10/dist-packages:${PYTHONPATH} /usr/bin/cmake --install /home/lhl/nav2_ws/src/build/nav2_behavior_tree
[2.337s] -- Install configuration: "Release"
[2.338s] -- Up-to-date: /home/lhl/nav2_ws/src/install/nav2_behavior_tree/lib/libnav2_behavior_tree.so
[2.338s] -- Up-to-date: /home/lhl/nav2_ws/src/install/nav2_behavior_tree/lib/libnav2_compute_path_to_pose_action_bt_node.so
[2.338s] -- Up-to-date: /home/lhl/nav2_ws/src/install/nav2_behavior_tree/lib/libnav2_compute_path_through_poses_action_bt_node.so
[2.339s] -- Up-to-date: /home/lhl/nav2_ws/src/install/nav2_behavior_tree/lib/libnav2_controller_cancel_bt_node.so
[2.339s] -- Up-to-date: /home/lhl/nav2_ws/src/install/nav2_behavior_tree/lib/libnav2_wait_cancel_bt_node.so
[2.340s] -- Up-to-date: /home/lhl/nav2_ws/src/install/nav2_behavior_tree/lib/libnav2_spin_cancel_bt_node.so
[2.340s] -- Up-to-date: /home/lhl/nav2_ws/src/install/nav2_behavior_tree/lib/libnav2_back_up_cancel_bt_node.so
[2.341s] -- Up-to-date: /home/lhl/nav2_ws/src/install/nav2_behavior_tree/lib/libnav2_assisted_teleop_cancel_bt_node.so
[2.341s] -- Up-to-date: /home/lhl/nav2_ws/src/install/nav2_behavior_tree/lib/libnav2_drive_on_heading_cancel_bt_node.so
[2.342s] -- Up-to-date: /home/lhl/nav2_ws/src/install/nav2_behavior_tree/lib/libnav2_smooth_path_action_bt_node.so
[2.343s] -- Up-to-date: /home/lhl/nav2_ws/src/install/nav2_behavior_tree/lib/libnav2_follow_path_action_bt_node.so
[2.343s] -- Up-to-date: /home/lhl/nav2_ws/src/install/nav2_behavior_tree/lib/libnav2_back_up_action_bt_node.so
[2.344s] -- Up-to-date: /home/lhl/nav2_ws/src/install/nav2_behavior_tree/lib/libnav2_drive_on_heading_bt_node.so
[2.344s] -- Up-to-date: /home/lhl/nav2_ws/src/install/nav2_behavior_tree/lib/libnav2_spin_action_bt_node.so
[2.345s] -- Up-to-date: /home/lhl/nav2_ws/src/install/nav2_behavior_tree/lib/libnav2_wait_action_bt_node.so
[2.346s] -- Up-to-date: /home/lhl/nav2_ws/src/install/nav2_behavior_tree/lib/libnav2_assisted_teleop_action_bt_node.so
[2.346s] -- Up-to-date: /home/lhl/nav2_ws/src/install/nav2_behavior_tree/lib/libnav2_clear_costmap_service_bt_node.so
[2.346s] -- Up-to-date: /home/lhl/nav2_ws/src/install/nav2_behavior_tree/lib/libnav2_is_stuck_condition_bt_node.so
[2.347s] -- Up-to-date: /home/lhl/nav2_ws/src/install/nav2_behavior_tree/lib/libnav2_transform_available_condition_bt_node.so
[2.354s] -- Up-to-date: /home/lhl/nav2_ws/src/install/nav2_behavior_tree/lib/libnav2_goal_reached_condition_bt_node.so
[2.354s] -- Up-to-date: /home/lhl/nav2_ws/src/install/nav2_behavior_tree/lib/libnav2_globally_updated_goal_condition_bt_node.so
[2.354s] -- Up-to-date: /home/lhl/nav2_ws/src/install/nav2_behavior_tree/lib/libnav2_goal_updated_condition_bt_node.so
[2.354s] -- Up-to-date: /home/lhl/nav2_ws/src/install/nav2_behavior_tree/lib/libnav2_is_path_valid_condition_bt_node.so
[2.354s] -- Up-to-date: /home/lhl/nav2_ws/src/install/nav2_behavior_tree/lib/libnav2_time_expired_condition_bt_node.so
[2.354s] -- Up-to-date: /home/lhl/nav2_ws/src/install/nav2_behavior_tree/lib/libnav2_path_expiring_timer_condition.so
[2.354s] -- Up-to-date: /home/lhl/nav2_ws/src/install/nav2_behavior_tree/lib/libnav2_distance_traveled_condition_bt_node.so
[2.354s] -- Up-to-date: /home/lhl/nav2_ws/src/install/nav2_behavior_tree/lib/libnav2_initial_pose_received_condition_bt_node.so
[2.355s] -- Up-to-date: /home/lhl/nav2_ws/src/install/nav2_behavior_tree/lib/libnav2_is_battery_low_condition_bt_node.so
[2.355s] -- Up-to-date: /home/lhl/nav2_ws/src/install/nav2_behavior_tree/lib/libnav2_reinitialize_global_localization_service_bt_node.so
[2.355s] -- Up-to-date: /home/lhl/nav2_ws/src/install/nav2_behavior_tree/lib/libnav2_rate_controller_bt_node.so
[2.355s] -- Up-to-date: /home/lhl/nav2_ws/src/install/nav2_behavior_tree/lib/libnav2_distance_controller_bt_node.so
[2.355s] -- Up-to-date: /home/lhl/nav2_ws/src/install/nav2_behavior_tree/lib/libnav2_speed_controller_bt_node.so
[2.355s] -- Up-to-date: /home/lhl/nav2_ws/src/install/nav2_behavior_tree/lib/libnav2_truncate_path_action_bt_node.so
[2.355s] -- Up-to-date: /home/lhl/nav2_ws/src/install/nav2_behavior_tree/lib/libnav2_truncate_path_local_action_bt_node.so
[2.356s] -- Up-to-date: /home/lhl/nav2_ws/src/install/nav2_behavior_tree/lib/libnav2_goal_updater_node_bt_node.so
[2.356s] -- Up-to-date: /home/lhl/nav2_ws/src/install/nav2_behavior_tree/lib/libnav2_path_longer_on_approach_bt_node.so
[2.356s] -- Up-to-date: /home/lhl/nav2_ws/src/install/nav2_behavior_tree/lib/libnav2_recovery_node_bt_node.so
[2.357s] -- Up-to-date: /home/lhl/nav2_ws/src/install/nav2_behavior_tree/lib/libnav2_navigate_to_pose_action_bt_node.so
[2.357s] -- Up-to-date: /home/lhl/nav2_ws/src/install/nav2_behavior_tree/lib/libnav2_navigate_through_poses_action_bt_node.so
[2.357s] -- Up-to-date: /home/lhl/nav2_ws/src/install/nav2_behavior_tree/lib/libnav2_remove_passed_goals_action_bt_node.so
[2.358s] -- Up-to-date: /home/lhl/nav2_ws/src/install/nav2_behavior_tree/lib/libnav2_pipeline_sequence_bt_node.so
[2.358s] -- Up-to-date: /home/lhl/nav2_ws/src/install/nav2_behavior_tree/lib/libnav2_round_robin_node_bt_node.so
[2.359s] -- Up-to-date: /home/lhl/nav2_ws/src/install/nav2_behavior_tree/lib/libnav2_single_trigger_bt_node.so
[2.359s] -- Up-to-date: /home/lhl/nav2_ws/src/install/nav2_behavior_tree/lib/libnav2_planner_selector_bt_node.so
[2.359s] -- Up-to-date: /home/lhl/nav2_ws/src/install/nav2_behavior_tree/lib/libnav2_controller_selector_bt_node.so
[2.360s] -- Up-to-date: /home/lhl/nav2_ws/src/install/nav2_behavior_tree/lib/libnav2_smoother_selector_bt_node.so
[2.360s] -- Up-to-date: /home/lhl/nav2_ws/src/install/nav2_behavior_tree/lib/libnav2_goal_checker_selector_bt_node.so
[2.361s] -- Up-to-date: /home/lhl/nav2_ws/src/install/nav2_behavior_tree/lib/libnav2_goal_updated_controller_bt_node.so
[2.361s] -- Up-to-date: /home/lhl/nav2_ws/src/install/nav2_behavior_tree/include/
[2.361s] -- Up-to-date: /home/lhl/nav2_ws/src/install/nav2_behavior_tree/include//nav2_behavior_tree
[2.361s] -- Up-to-date: /home/lhl/nav2_ws/src/install/nav2_behavior_tree/include//nav2_behavior_tree/plugins
[2.362s] -- Up-to-date: /home/lhl/nav2_ws/src/install/nav2_behavior_tree/include//nav2_behavior_tree/plugins/condition
[2.362s] -- Up-to-date: /home/lhl/nav2_ws/src/install/nav2_behavior_tree/include//nav2_behavior_tree/plugins/condition/transform_available_condition.hpp
[2.362s] -- Up-to-date: /home/lhl/nav2_ws/src/install/nav2_behavior_tree/include//nav2_behavior_tree/plugins/condition/distance_traveled_condition.hpp
[2.362s] -- Up-to-date: /home/lhl/nav2_ws/src/install/nav2_behavior_tree/include//nav2_behavior_tree/plugins/condition/goal_reached_condition.hpp
[2.363s] -- Up-to-date: /home/lhl/nav2_ws/src/install/nav2_behavior_tree/include//nav2_behavior_tree/plugins/condition/is_path_valid_condition.hpp
[2.363s] -- Up-to-date: /home/lhl/nav2_ws/src/install/nav2_behavior_tree/include//nav2_behavior_tree/plugins/condition/goal_updated_condition.hpp
[2.363s] -- Up-to-date: /home/lhl/nav2_ws/src/install/nav2_behavior_tree/include//nav2_behavior_tree/plugins/condition/is_battery_low_condition.hpp
[2.364s] -- Up-to-date: /home/lhl/nav2_ws/src/install/nav2_behavior_tree/include//nav2_behavior_tree/plugins/condition/time_expired_condition.hpp
[2.364s] -- Up-to-date: /home/lhl/nav2_ws/src/install/nav2_behavior_tree/include//nav2_behavior_tree/plugins/condition/globally_updated_goal_condition.hpp
[2.364s] -- Up-to-date: /home/lhl/nav2_ws/src/install/nav2_behavior_tree/include//nav2_behavior_tree/plugins/condition/is_stuck_condition.hpp
[2.364s] -- Up-to-date: /home/lhl/nav2_ws/src/install/nav2_behavior_tree/include//nav2_behavior_tree/plugins/condition/path_expiring_timer_condition.hpp
[2.365s] -- Up-to-date: /home/lhl/nav2_ws/src/install/nav2_behavior_tree/include//nav2_behavior_tree/plugins/condition/initial_pose_received_condition.hpp
[2.365s] -- Up-to-date: /home/lhl/nav2_ws/src/install/nav2_behavior_tree/include//nav2_behavior_tree/plugins/decorator
[2.365s] -- Up-to-date: /home/lhl/nav2_ws/src/install/nav2_behavior_tree/include//nav2_behavior_tree/plugins/decorator/distance_controller.hpp
[2.365s] -- Up-to-date: /home/lhl/nav2_ws/src/install/nav2_behavior_tree/include//nav2_behavior_tree/plugins/decorator/goal_updater_node.hpp
[2.365s] -- Up-to-date: /home/lhl/nav2_ws/src/install/nav2_behavior_tree/include//nav2_behavior_tree/plugins/decorator/goal_updated_controller.hpp
[2.365s] -- Up-to-date: /home/lhl/nav2_ws/src/install/nav2_behavior_tree/include//nav2_behavior_tree/plugins/decorator/speed_controller.hpp
[2.365s] -- Up-to-date: /home/lhl/nav2_ws/src/install/nav2_behavior_tree/include//nav2_behavior_tree/plugins/decorator/path_longer_on_approach.hpp
[2.366s] -- Up-to-date: /home/lhl/nav2_ws/src/install/nav2_behavior_tree/include//nav2_behavior_tree/plugins/decorator/single_trigger_node.hpp
[2.366s] -- Up-to-date: /home/lhl/nav2_ws/src/install/nav2_behavior_tree/include//nav2_behavior_tree/plugins/decorator/rate_controller.hpp
[2.366s] -- Up-to-date: /home/lhl/nav2_ws/src/install/nav2_behavior_tree/include//nav2_behavior_tree/plugins/control
[2.366s] -- Up-to-date: /home/lhl/nav2_ws/src/install/nav2_behavior_tree/include//nav2_behavior_tree/plugins/control/recovery_node.hpp
[2.366s] -- Up-to-date: /home/lhl/nav2_ws/src/install/nav2_behavior_tree/include//nav2_behavior_tree/plugins/control/round_robin_node.hpp
[2.366s] -- Up-to-date: /home/lhl/nav2_ws/src/install/nav2_behavior_tree/include//nav2_behavior_tree/plugins/control/pipeline_sequence.hpp
[2.366s] -- Up-to-date: /home/lhl/nav2_ws/src/install/nav2_behavior_tree/include//nav2_behavior_tree/plugins/action
[2.367s] -- Up-to-date: /home/lhl/nav2_ws/src/install/nav2_behavior_tree/include//nav2_behavior_tree/plugins/action/navigate_to_pose_action.hpp
[2.367s] -- Up-to-date: /home/lhl/nav2_ws/src/install/nav2_behavior_tree/include//nav2_behavior_tree/plugins/action/assisted_teleop_action.hpp
[2.367s] -- Up-to-date: /home/lhl/nav2_ws/src/install/nav2_behavior_tree/include//nav2_behavior_tree/plugins/action/back_up_action.hpp
[2.367s] -- Up-to-date: /home/lhl/nav2_ws/src/install/nav2_behavior_tree/include//nav2_behavior_tree/plugins/action/spin_action.hpp
[2.367s] -- Up-to-date: /home/lhl/nav2_ws/src/install/nav2_behavior_tree/include//nav2_behavior_tree/plugins/action/controller_cancel_node.hpp
[2.367s] -- Up-to-date: /home/lhl/nav2_ws/src/install/nav2_behavior_tree/include//nav2_behavior_tree/plugins/action/reinitialize_global_localization_service.hpp
[2.367s] -- Up-to-date: /home/lhl/nav2_ws/src/install/nav2_behavior_tree/include//nav2_behavior_tree/plugins/action/assisted_teleop_cancel_node.hpp
[2.367s] -- Up-to-date: /home/lhl/nav2_ws/src/install/nav2_behavior_tree/include//nav2_behavior_tree/plugins/action/smooth_path_action.hpp
[2.368s] -- Up-to-date: /home/lhl/nav2_ws/src/install/nav2_behavior_tree/include//nav2_behavior_tree/plugins/action/truncate_path_local_action.hpp
[2.368s] -- Up-to-date: /home/lhl/nav2_ws/src/install/nav2_behavior_tree/include//nav2_behavior_tree/plugins/action/goal_checker_selector_node.hpp
[2.368s] -- Up-to-date: /home/lhl/nav2_ws/src/install/nav2_behavior_tree/include//nav2_behavior_tree/plugins/action/drive_on_heading_action.hpp
[2.368s] -- Up-to-date: /home/lhl/nav2_ws/src/install/nav2_behavior_tree/include//nav2_behavior_tree/plugins/action/navigate_through_poses_action.hpp
[2.368s] -- Up-to-date: /home/lhl/nav2_ws/src/install/nav2_behavior_tree/include//nav2_behavior_tree/plugins/action/follow_path_action.hpp
[2.368s] -- Up-to-date: /home/lhl/nav2_ws/src/install/nav2_behavior_tree/include//nav2_behavior_tree/plugins/action/drive_on_heading_cancel_node.hpp
[2.368s] -- Up-to-date: /home/lhl/nav2_ws/src/install/nav2_behavior_tree/include//nav2_behavior_tree/plugins/action/back_up_cancel_node.hpp
[2.368s] -- Up-to-date: /home/lhl/nav2_ws/src/install/nav2_behavior_tree/include//nav2_behavior_tree/plugins/action/truncate_path_action.hpp
[2.368s] -- Up-to-date: /home/lhl/nav2_ws/src/install/nav2_behavior_tree/include//nav2_behavior_tree/plugins/action/wait_action.hpp
[2.368s] -- Up-to-date: /home/lhl/nav2_ws/src/install/nav2_behavior_tree/include//nav2_behavior_tree/plugins/action/spin_cancel_node.hpp
[2.368s] -- Up-to-date: /home/lhl/nav2_ws/src/install/nav2_behavior_tree/include//nav2_behavior_tree/plugins/action/compute_path_through_poses_action.hpp
[2.369s] -- Up-to-date: /home/lhl/nav2_ws/src/install/nav2_behavior_tree/include//nav2_behavior_tree/plugins/action/clear_costmap_service.hpp
[2.369s] -- Up-to-date: /home/lhl/nav2_ws/src/install/nav2_behavior_tree/include//nav2_behavior_tree/plugins/action/remove_passed_goals_action.hpp
[2.369s] -- Up-to-date: /home/lhl/nav2_ws/src/install/nav2_behavior_tree/include//nav2_behavior_tree/plugins/action/controller_selector_node.hpp
[2.369s] -- Up-to-date: /home/lhl/nav2_ws/src/install/nav2_behavior_tree/include//nav2_behavior_tree/plugins/action/compute_path_to_pose_action.hpp
[2.369s] -- Up-to-date: /home/lhl/nav2_ws/src/install/nav2_behavior_tree/include//nav2_behavior_tree/plugins/action/wait_cancel_node.hpp
[2.369s] -- Up-to-date: /home/lhl/nav2_ws/src/install/nav2_behavior_tree/include//nav2_behavior_tree/plugins/action/planner_selector_node.hpp
[2.369s] -- Up-to-date: /home/lhl/nav2_ws/src/install/nav2_behavior_tree/include//nav2_behavior_tree/plugins/action/smoother_selector_node.hpp
[2.369s] -- Up-to-date: /home/lhl/nav2_ws/src/install/nav2_behavior_tree/include//nav2_behavior_tree/bt_cancel_action_node.hpp
[2.370s] -- Up-to-date: /home/lhl/nav2_ws/src/install/nav2_behavior_tree/include//nav2_behavior_tree/bt_service_node.hpp
[2.370s] -- Up-to-date: /home/lhl/nav2_ws/src/install/nav2_behavior_tree/include//nav2_behavior_tree/bt_action_node.hpp
[2.370s] -- Up-to-date: /home/lhl/nav2_ws/src/install/nav2_behavior_tree/include//nav2_behavior_tree/bt_action_server.hpp
[2.370s] -- Up-to-date: /home/lhl/nav2_ws/src/install/nav2_behavior_tree/include//nav2_behavior_tree/bt_action_server_impl.hpp
[2.370s] -- Up-to-date: /home/lhl/nav2_ws/src/install/nav2_behavior_tree/include//nav2_behavior_tree/behavior_tree_engine.hpp
[2.371s] -- Up-to-date: /home/lhl/nav2_ws/src/install/nav2_behavior_tree/include//nav2_behavior_tree/ros_topic_logger.hpp
[2.371s] -- Up-to-date: /home/lhl/nav2_ws/src/install/nav2_behavior_tree/include//nav2_behavior_tree/bt_conversions.hpp
[2.371s] -- Up-to-date: /home/lhl/nav2_ws/src/install/nav2_behavior_tree/share/nav2_behavior_tree/nav2_tree_nodes.xml
[2.371s] -- Up-to-date: /home/lhl/nav2_ws/src/install/nav2_behavior_tree/share/nav2_behavior_tree/environment/library_path.sh
[2.371s] -- Up-to-date: /home/lhl/nav2_ws/src/install/nav2_behavior_tree/share/nav2_behavior_tree/environment/library_path.dsv
[2.371s] -- Up-to-date: /home/lhl/nav2_ws/src/install/nav2_behavior_tree/share/ament_index/resource_index/package_run_dependencies/nav2_behavior_tree
[2.372s] -- Up-to-date: /home/lhl/nav2_ws/src/install/nav2_behavior_tree/share/ament_index/resource_index/parent_prefix_path/nav2_behavior_tree
[2.372s] -- Up-to-date: /home/lhl/nav2_ws/src/install/nav2_behavior_tree/share/nav2_behavior_tree/environment/ament_prefix_path.sh
[2.372s] -- Up-to-date: /home/lhl/nav2_ws/src/install/nav2_behavior_tree/share/nav2_behavior_tree/environment/ament_prefix_path.dsv
[2.372s] -- Up-to-date: /home/lhl/nav2_ws/src/install/nav2_behavior_tree/share/nav2_behavior_tree/environment/path.sh
[2.372s] -- Up-to-date: /home/lhl/nav2_ws/src/install/nav2_behavior_tree/share/nav2_behavior_tree/environment/path.dsv
[2.372s] -- Up-to-date: /home/lhl/nav2_ws/src/install/nav2_behavior_tree/share/nav2_behavior_tree/local_setup.bash
[2.372s] -- Up-to-date: /home/lhl/nav2_ws/src/install/nav2_behavior_tree/share/nav2_behavior_tree/local_setup.sh
[2.372s] -- Up-to-date: /home/lhl/nav2_ws/src/install/nav2_behavior_tree/share/nav2_behavior_tree/local_setup.zsh
[2.372s] -- Up-to-date: /home/lhl/nav2_ws/src/install/nav2_behavior_tree/share/nav2_behavior_tree/local_setup.dsv
[2.373s] -- Installing: /home/lhl/nav2_ws/src/install/nav2_behavior_tree/share/nav2_behavior_tree/package.dsv
[2.373s] -- Up-to-date: /home/lhl/nav2_ws/src/install/nav2_behavior_tree/share/ament_index/resource_index/packages/nav2_behavior_tree
[2.373s] -- Up-to-date: /home/lhl/nav2_ws/src/install/nav2_behavior_tree/share/nav2_behavior_tree/cmake/ament_cmake_export_include_directories-extras.cmake
[2.373s] -- Up-to-date: /home/lhl/nav2_ws/src/install/nav2_behavior_tree/share/nav2_behavior_tree/cmake/ament_cmake_export_libraries-extras.cmake
[2.373s] -- Up-to-date: /home/lhl/nav2_ws/src/install/nav2_behavior_tree/share/nav2_behavior_tree/cmake/ament_cmake_export_dependencies-extras.cmake
[2.373s] -- Up-to-date: /home/lhl/nav2_ws/src/install/nav2_behavior_tree/share/nav2_behavior_tree/cmake/nav2_behavior_treeConfig.cmake
[2.373s] -- Up-to-date: /home/lhl/nav2_ws/src/install/nav2_behavior_tree/share/nav2_behavior_tree/cmake/nav2_behavior_treeConfig-version.cmake
[2.373s] -- Up-to-date: /home/lhl/nav2_ws/src/install/nav2_behavior_tree/share/nav2_behavior_tree/package.xml
[2.444s] Invoked command in '/home/lhl/nav2_ws/src/build/nav2_behavior_tree' returned '0': AMENT_PREFIX_PATH=/home/lhl/nav2_ws/src/install/nav2_util:/home/lhl/nav2_ws/src/install/nav2_msgs:/home/lhl/nav2_ws/src/install/nav2_common:${AMENT_PREFIX_PATH} CMAKE_PREFIX_PATH=/home/lhl/nav2_ws/src/install/nav2_util:/home/lhl/nav2_ws/src/install/nav2_msgs:/home/lhl/nav2_ws/src/install/nav2_common:/opt/ros/humble LD_LIBRARY_PATH=/home/lhl/nav2_ws/src/install/nav2_util/lib:/home/lhl/nav2_ws/src/install/nav2_msgs/lib:${LD_LIBRARY_PATH} PYTHONPATH=/home/lhl/nav2_ws/src/install/nav2_msgs/local/lib/python3.10/dist-packages:/home/lhl/nav2_ws/src/install/nav2_common/local/lib/python3.10/dist-packages:${PYTHONPATH} /usr/bin/cmake --install /home/lhl/nav2_ws/src/build/nav2_behavior_tree
