[0.029s] Invoking command in '/home/lhl/nav2_ws/src/build/nav2_common': CMAKE_PREFIX_PATH=/opt/ros/humble /usr/bin/cmake --build /home/lhl/nav2_ws/src/build/nav2_common -- -j8 -l8
[0.118s] Built target ament_cmake_python_copy_nav2_common
[0.514s] running egg_info
[0.515s] writing nav2_common.egg-info/PKG-INFO
[0.515s] writing dependency_links to nav2_common.egg-info/dependency_links.txt
[0.515s] writing top-level names to nav2_common.egg-info/top_level.txt
[0.518s] reading manifest file 'nav2_common.egg-info/SOURCES.txt'
[0.541s] writing manifest file 'nav2_common.egg-info/SOURCES.txt'
[0.568s] Built target ament_cmake_python_build_nav2_common_egg
[0.577s] Invoked command in '/home/lhl/nav2_ws/src/build/nav2_common' returned '0': CMAKE_PREFIX_PATH=/opt/ros/humble /usr/bin/cmake --build /home/lhl/nav2_ws/src/build/nav2_common -- -j8 -l8
[0.600s] Invoking command in '/home/lhl/nav2_ws/src/build/nav2_common': CMAKE_PREFIX_PATH=/opt/ros/humble /usr/bin/cmake --install /home/lhl/nav2_ws/src/build/nav2_common
[0.609s] -- Install configuration: ""
[0.609s] -- Up-to-date: /home/lhl/nav2_ws/src/install/nav2_common/share/nav2_common/environment/pythonpath.sh
[0.609s] -- Up-to-date: /home/lhl/nav2_ws/src/install/nav2_common/share/nav2_common/environment/pythonpath.dsv
[0.609s] -- Up-to-date: /home/lhl/nav2_ws/src/install/nav2_common/local/lib/python3.10/dist-packages/nav2_common-1.1.6-py3.10.egg-info
[0.609s] -- Installing: /home/lhl/nav2_ws/src/install/nav2_common/local/lib/python3.10/dist-packages/nav2_common-1.1.6-py3.10.egg-info/dependency_links.txt
[0.609s] -- Installing: /home/lhl/nav2_ws/src/install/nav2_common/local/lib/python3.10/dist-packages/nav2_common-1.1.6-py3.10.egg-info/SOURCES.txt
[0.609s] -- Installing: /home/lhl/nav2_ws/src/install/nav2_common/local/lib/python3.10/dist-packages/nav2_common-1.1.6-py3.10.egg-info/PKG-INFO
[0.610s] -- Installing: /home/lhl/nav2_ws/src/install/nav2_common/local/lib/python3.10/dist-packages/nav2_common-1.1.6-py3.10.egg-info/top_level.txt
[0.610s] -- Up-to-date: /home/lhl/nav2_ws/src/install/nav2_common/local/lib/python3.10/dist-packages/nav2_common
[0.610s] -- Up-to-date: /home/lhl/nav2_ws/src/install/nav2_common/local/lib/python3.10/dist-packages/nav2_common/launch
[0.610s] -- Up-to-date: /home/lhl/nav2_ws/src/install/nav2_common/local/lib/python3.10/dist-packages/nav2_common/launch/replace_string.py
[0.610s] -- Up-to-date: /home/lhl/nav2_ws/src/install/nav2_common/local/lib/python3.10/dist-packages/nav2_common/launch/rewritten_yaml.py
[0.610s] -- Up-to-date: /home/lhl/nav2_ws/src/install/nav2_common/local/lib/python3.10/dist-packages/nav2_common/launch/has_node_params.py
[0.611s] -- Up-to-date: /home/lhl/nav2_ws/src/install/nav2_common/local/lib/python3.10/dist-packages/nav2_common/launch/__init__.py
[0.611s] -- Up-to-date: /home/lhl/nav2_ws/src/install/nav2_common/local/lib/python3.10/dist-packages/nav2_common/__init__.py
[0.661s] Listing '/home/lhl/nav2_ws/src/install/nav2_common/local/lib/python3.10/dist-packages/nav2_common'...
[0.662s] Listing '/home/lhl/nav2_ws/src/install/nav2_common/local/lib/python3.10/dist-packages/nav2_common/launch'...
[0.667s] -- Up-to-date: /home/lhl/nav2_ws/src/install/nav2_common/share/ament_index/resource_index/package_run_dependencies/nav2_common
[0.667s] -- Up-to-date: /home/lhl/nav2_ws/src/install/nav2_common/share/ament_index/resource_index/parent_prefix_path/nav2_common
[0.667s] -- Up-to-date: /home/lhl/nav2_ws/src/install/nav2_common/share/nav2_common/environment/ament_prefix_path.sh
[0.667s] -- Up-to-date: /home/lhl/nav2_ws/src/install/nav2_common/share/nav2_common/environment/ament_prefix_path.dsv
[0.667s] -- Up-to-date: /home/lhl/nav2_ws/src/install/nav2_common/share/nav2_common/environment/path.sh
[0.667s] -- Up-to-date: /home/lhl/nav2_ws/src/install/nav2_common/share/nav2_common/environment/path.dsv
[0.667s] -- Up-to-date: /home/lhl/nav2_ws/src/install/nav2_common/share/nav2_common/local_setup.bash
[0.667s] -- Up-to-date: /home/lhl/nav2_ws/src/install/nav2_common/share/nav2_common/local_setup.sh
[0.668s] -- Up-to-date: /home/lhl/nav2_ws/src/install/nav2_common/share/nav2_common/local_setup.zsh
[0.668s] -- Up-to-date: /home/lhl/nav2_ws/src/install/nav2_common/share/nav2_common/local_setup.dsv
[0.668s] -- Up-to-date: /home/lhl/nav2_ws/src/install/nav2_common/share/nav2_common/package.dsv
[0.668s] -- Up-to-date: /home/lhl/nav2_ws/src/install/nav2_common/share/ament_index/resource_index/packages/nav2_common
[0.668s] -- Up-to-date: /home/lhl/nav2_ws/src/install/nav2_common/share/nav2_common/cmake/nav2_common-extras.cmake
[0.668s] -- Up-to-date: /home/lhl/nav2_ws/src/install/nav2_common/share/nav2_common/cmake/nav2_commonConfig.cmake
[0.668s] -- Up-to-date: /home/lhl/nav2_ws/src/install/nav2_common/share/nav2_common/cmake/nav2_commonConfig-version.cmake
[0.668s] -- Up-to-date: /home/lhl/nav2_ws/src/install/nav2_common/share/nav2_common/package.xml
[0.668s] -- Up-to-date: /home/lhl/nav2_ws/src/install/nav2_common/share/nav2_common/cmake
[0.668s] -- Up-to-date: /home/lhl/nav2_ws/src/install/nav2_common/share/nav2_common/cmake/nav2_package.cmake
[0.672s] Invoked command in '/home/lhl/nav2_ws/src/build/nav2_common' returned '0': CMAKE_PREFIX_PATH=/opt/ros/humble /usr/bin/cmake --install /home/lhl/nav2_ws/src/build/nav2_common
