[0.059s] Invoking command in '/home/lhl/nav2_ws/src/build/nav2_waypoint_follower': AMENT_PREFIX_PATH=/home/lhl/nav2_ws/src/install/nav2_core:/home/lhl/nav2_ws/src/install/nav2_costmap_2d:/home/lhl/nav2_ws/src/install/nav2_util:/home/lhl/nav2_ws/src/install/nav2_voxel_grid:/home/lhl/nav2_ws/src/install/nav2_msgs:/home/lhl/nav2_ws/src/install/nav2_common:${AMENT_PREFIX_PATH} CMAKE_PREFIX_PATH=/home/lhl/nav2_ws/src/install/nav2_core:/home/lhl/nav2_ws/src/install/nav2_costmap_2d:/home/lhl/nav2_ws/src/install/nav2_util:/home/lhl/nav2_ws/src/install/nav2_voxel_grid:/home/lhl/nav2_ws/src/install/nav2_msgs:/home/lhl/nav2_ws/src/install/nav2_common:/opt/ros/humble LD_LIBRARY_PATH=/home/lhl/nav2_ws/src/install/nav2_costmap_2d/lib:/home/lhl/nav2_ws/src/install/nav2_util/lib:/home/lhl/nav2_ws/src/install/nav2_voxel_grid/lib:/home/lhl/nav2_ws/src/install/nav2_msgs/lib:${LD_LIBRARY_PATH} PYTHONPATH=/home/lhl/nav2_ws/src/install/nav2_msgs/local/lib/python3.10/dist-packages:/home/lhl/nav2_ws/src/install/nav2_common/local/lib/python3.10/dist-packages:${PYTHONPATH} /usr/bin/cmake /home/lhl/nav2_ws/src/navigation2/nav2_waypoint_follower -DCMAKE_INSTALL_PREFIX=/home/lhl/nav2_ws/src/install/nav2_waypoint_follower
[24.995s] -- The C compiler identification is GNU 11.3.0
[24.995s] -- The CXX compiler identification is GNU 11.3.0
[24.995s] -- Detecting C compiler ABI info
[24.996s] -- Detecting C compiler ABI info - done
[24.996s] -- Check for working C compiler: /usr/bin/cc - skipped
[24.996s] -- Detecting C compile features
[24.996s] -- Detecting C compile features - done
[24.996s] -- Detecting CXX compiler ABI info
[24.996s] -- Detecting CXX compiler ABI info - done
[24.997s] -- Check for working CXX compiler: /usr/bin/c++ - skipped
[24.997s] -- Detecting CXX compile features
[24.997s] -- Detecting CXX compile features - done
[24.997s] -- Found OpenCV version 4.5.4
[24.997s] -- Found image_transport: 3.1.5 (/opt/ros/humble/share/image_transport/cmake)
[24.997s] -- Found Python3: /usr/bin/python3.10 (found version "3.10.6") found components: Interpreter 
[24.997s] -- Found rosidl_generator_c: 3.1.4 (/opt/ros/humble/share/rosidl_generator_c/cmake)
[24.998s] -- Found rosidl_adapter: 3.1.4 (/opt/ros/humble/share/rosidl_adapter/cmake)
[24.998s] -- Found rosidl_generator_cpp: 3.1.4 (/opt/ros/humble/share/rosidl_generator_cpp/cmake)
[24.998s] -- Using all available rosidl_typesupport_c: rosidl_typesupport_fastrtps_c;rosidl_typesupport_introspection_c
[24.998s] -- Using all available rosidl_typesupport_cpp: rosidl_typesupport_fastrtps_cpp;rosidl_typesupport_introspection_cpp
[24.998s] -- Found rmw_implementation_cmake: 6.1.1 (/opt/ros/humble/share/rmw_implementation_cmake/cmake)
[24.998s] -- Found rmw_fastrtps_cpp: 6.2.2 (/opt/ros/humble/share/rmw_fastrtps_cpp/cmake)
[24.998s] -- Found OpenSSL: /usr/lib/x86_64-linux-gnu/libcrypto.so (found version "3.0.2")  
[24.999s] -- Found FastRTPS: /opt/ros/humble/include  
[24.999s] -- Using RMW implementation 'rmw_fastrtps_cpp' as default
[24.999s] -- Looking for pthread.h
[24.999s] -- Looking for pthread.h - found
[24.999s] -- Performing Test CMAKE_HAVE_LIBC_PTHREAD
[24.999s] -- Performing Test CMAKE_HAVE_LIBC_PTHREAD - Success
[24.999s] -- Found Threads: TRUE  
[25.000s] -- Found cv_bridge: 3.2.1 (/opt/ros/humble/share/cv_bridge/cmake)
[25.000s] -- Found nav2_common: 1.1.6 (/home/lhl/nav2_ws/src/install/nav2_common/share/nav2_common/cmake)
[25.000s] -- Found rclcpp_action: 16.0.4 (/opt/ros/humble/share/rclcpp_action/cmake)
[25.000s] -- Found rclcpp_lifecycle: 16.0.4 (/opt/ros/humble/share/rclcpp_lifecycle/cmake)
[25.000s] -- Found rclcpp_components: 16.0.4 (/opt/ros/humble/share/rclcpp_components/cmake)
[25.000s] -- Found nav_msgs: 4.2.3 (/opt/ros/humble/share/nav_msgs/cmake)
[25.000s] -- Found nav2_msgs: 1.1.6 (/home/lhl/nav2_ws/src/install/nav2_msgs/share/nav2_msgs/cmake)
[25.000s] -- Found nav2_util: 1.1.6 (/home/lhl/nav2_ws/src/install/nav2_util/share/nav2_util/cmake)
[25.000s] -- Found eigen3_cmake_module: 0.1.1 (/opt/ros/humble/share/eigen3_cmake_module/cmake)
[25.001s] -- Found Eigen3: TRUE (found version "3.4.0") 
[25.001s] -- Ensuring Eigen3 include directory is part of orocos-kdl CMake target
[25.001s] -- Found nav2_core: 1.1.6 (/home/lhl/nav2_ws/src/install/nav2_core/share/nav2_core/cmake)
[25.001s] -- Setting build type to Release as none was specified.
[26.855s] -- Found ament_lint_auto: 0.12.6 (/opt/ros/humble/share/ament_lint_auto/cmake)
[26.860s] -- Found ament_cmake_gtest: 1.3.4 (/opt/ros/humble/share/ament_cmake_gtest/cmake)
[27.024s] -- Found gtest sources under '/opt/ros/humble/src/gtest_vendor': C++ tests using 'Google Test' will be built
[33.397s] -- Added test 'copyright' to check source files copyright and LICENSE
[33.400s] -- Added test 'cppcheck' to perform static code analysis on C / C++ code
[33.403s] -- Configured cppcheck include dirs: /home/lhl/nav2_ws/src/navigation2/nav2_waypoint_follower/include
[33.404s] -- Configured cppcheck exclude dirs and/or files: 
[33.406s] -- Added test 'cpplint' to check C / C++ code against the Google style
[33.407s] -- Configured cpplint exclude dirs and/or files: 
[33.409s] -- Added test 'lint_cmake' to check CMake code style
[33.412s] -- Added test 'uncrustify' to check C / C++ code style
[33.412s] -- Configured uncrustify additional arguments: 
[33.414s] -- Added test 'xmllint' to check XML markup files
[33.428s] -- Configuring done
[34.135s] -- Generating done
[34.140s] -- Build files have been written to: /home/lhl/nav2_ws/src/build/nav2_waypoint_follower
[34.179s] Invoked command in '/home/lhl/nav2_ws/src/build/nav2_waypoint_follower' returned '0': AMENT_PREFIX_PATH=/home/lhl/nav2_ws/src/install/nav2_core:/home/lhl/nav2_ws/src/install/nav2_costmap_2d:/home/lhl/nav2_ws/src/install/nav2_util:/home/lhl/nav2_ws/src/install/nav2_voxel_grid:/home/lhl/nav2_ws/src/install/nav2_msgs:/home/lhl/nav2_ws/src/install/nav2_common:${AMENT_PREFIX_PATH} CMAKE_PREFIX_PATH=/home/lhl/nav2_ws/src/install/nav2_core:/home/lhl/nav2_ws/src/install/nav2_costmap_2d:/home/lhl/nav2_ws/src/install/nav2_util:/home/lhl/nav2_ws/src/install/nav2_voxel_grid:/home/lhl/nav2_ws/src/install/nav2_msgs:/home/lhl/nav2_ws/src/install/nav2_common:/opt/ros/humble LD_LIBRARY_PATH=/home/lhl/nav2_ws/src/install/nav2_costmap_2d/lib:/home/lhl/nav2_ws/src/install/nav2_util/lib:/home/lhl/nav2_ws/src/install/nav2_voxel_grid/lib:/home/lhl/nav2_ws/src/install/nav2_msgs/lib:${LD_LIBRARY_PATH} PYTHONPATH=/home/lhl/nav2_ws/src/install/nav2_msgs/local/lib/python3.10/dist-packages:/home/lhl/nav2_ws/src/install/nav2_common/local/lib/python3.10/dist-packages:${PYTHONPATH} /usr/bin/cmake /home/lhl/nav2_ws/src/navigation2/nav2_waypoint_follower -DCMAKE_INSTALL_PREFIX=/home/lhl/nav2_ws/src/install/nav2_waypoint_follower
[34.180s] Invoking command in '/home/lhl/nav2_ws/src/build/nav2_waypoint_follower': AMENT_PREFIX_PATH=/home/lhl/nav2_ws/src/install/nav2_core:/home/lhl/nav2_ws/src/install/nav2_costmap_2d:/home/lhl/nav2_ws/src/install/nav2_util:/home/lhl/nav2_ws/src/install/nav2_voxel_grid:/home/lhl/nav2_ws/src/install/nav2_msgs:/home/lhl/nav2_ws/src/install/nav2_common:${AMENT_PREFIX_PATH} CMAKE_PREFIX_PATH=/home/lhl/nav2_ws/src/install/nav2_core:/home/lhl/nav2_ws/src/install/nav2_costmap_2d:/home/lhl/nav2_ws/src/install/nav2_util:/home/lhl/nav2_ws/src/install/nav2_voxel_grid:/home/lhl/nav2_ws/src/install/nav2_msgs:/home/lhl/nav2_ws/src/install/nav2_common:/opt/ros/humble LD_LIBRARY_PATH=/home/lhl/nav2_ws/src/install/nav2_costmap_2d/lib:/home/lhl/nav2_ws/src/install/nav2_util/lib:/home/lhl/nav2_ws/src/install/nav2_voxel_grid/lib:/home/lhl/nav2_ws/src/install/nav2_msgs/lib:${LD_LIBRARY_PATH} PYTHONPATH=/home/lhl/nav2_ws/src/install/nav2_msgs/local/lib/python3.10/dist-packages:/home/lhl/nav2_ws/src/install/nav2_common/local/lib/python3.10/dist-packages:${PYTHONPATH} /usr/bin/cmake --build /home/lhl/nav2_ws/src/build/nav2_waypoint_follower -- -j8 -l8
[40.805s] [  5%] [32mBuilding CXX object CMakeFiles/waypoint_follower_core.dir/src/waypoint_follower.cpp.o[0m
[55.856s] [ 11%] [32m[1mLinking CXX shared library libwaypoint_follower_core.so[0m
[57.404s] [ 11%] Built target waypoint_follower_core
[57.436s] [ 16%] [32mBuilding CXX object gtest/CMakeFiles/gtest.dir/src/gtest-all.cc.o[0m
[70.452s] [ 22%] [32m[1mLinking CXX static library libgtest.a[0m
[70.535s] [ 22%] Built target gtest
[70.578s] [ 27%] [32mBuilding CXX object CMakeFiles/waypoint_follower.dir/src/main.cpp.o[0m
[77.281s] [ 33%] [32m[1mLinking CXX executable waypoint_follower[0m
[77.837s] [ 33%] Built target waypoint_follower
[77.869s] [ 38%] [32mBuilding CXX object gtest/CMakeFiles/gtest_main.dir/src/gtest_main.cc.o[0m
[79.514s] [ 44%] [32m[1mLinking CXX static library libgtest_main.a[0m
[79.567s] [ 44%] Built target gtest_main
[79.603s] [ 50%] [32mBuilding CXX object CMakeFiles/input_at_waypoint.dir/plugins/input_at_waypoint.cpp.o[0m
[97.356s] [ 55%] [32m[1mLinking CXX shared library libinput_at_waypoint.so[0m
[97.889s] [ 55%] Built target input_at_waypoint
[97.925s] [ 61%] [32mBuilding CXX object test/CMakeFiles/test_dynamic_parameters.dir/test_dynamic_parameters.cpp.o[0m
[106.619s] [ 66%] [32m[1mLinking CXX executable test_dynamic_parameters[0m
[107.239s] [ 66%] Built target test_dynamic_parameters
[107.275s] [ 72%] [32mBuilding CXX object CMakeFiles/photo_at_waypoint.dir/plugins/photo_at_waypoint.cpp.o[0m
[134.294s] [ 77%] [32m[1mLinking CXX shared library libphoto_at_waypoint.so[0m
[135.135s] [ 77%] Built target photo_at_waypoint
[135.256s] [ 83%] [32mBuilding CXX object CMakeFiles/wait_at_waypoint.dir/plugins/wait_at_waypoint.cpp.o[0m
[141.420s] [ 88%] [32m[1mLinking CXX shared library libwait_at_waypoint.so[0m
[141.830s] [ 88%] Built target wait_at_waypoint
[141.830s] [ 94%] [32mBuilding CXX object test/CMakeFiles/test_task_executors.dir/test_task_executors.cpp.o[0m
[157.614s] [100%] [32m[1mLinking CXX executable test_task_executors[0m
[158.952s] [100%] Built target test_task_executors
[159.003s] Invoked command in '/home/lhl/nav2_ws/src/build/nav2_waypoint_follower' returned '0': AMENT_PREFIX_PATH=/home/lhl/nav2_ws/src/install/nav2_core:/home/lhl/nav2_ws/src/install/nav2_costmap_2d:/home/lhl/nav2_ws/src/install/nav2_util:/home/lhl/nav2_ws/src/install/nav2_voxel_grid:/home/lhl/nav2_ws/src/install/nav2_msgs:/home/lhl/nav2_ws/src/install/nav2_common:${AMENT_PREFIX_PATH} CMAKE_PREFIX_PATH=/home/lhl/nav2_ws/src/install/nav2_core:/home/lhl/nav2_ws/src/install/nav2_costmap_2d:/home/lhl/nav2_ws/src/install/nav2_util:/home/lhl/nav2_ws/src/install/nav2_voxel_grid:/home/lhl/nav2_ws/src/install/nav2_msgs:/home/lhl/nav2_ws/src/install/nav2_common:/opt/ros/humble LD_LIBRARY_PATH=/home/lhl/nav2_ws/src/install/nav2_costmap_2d/lib:/home/lhl/nav2_ws/src/install/nav2_util/lib:/home/lhl/nav2_ws/src/install/nav2_voxel_grid/lib:/home/lhl/nav2_ws/src/install/nav2_msgs/lib:${LD_LIBRARY_PATH} PYTHONPATH=/home/lhl/nav2_ws/src/install/nav2_msgs/local/lib/python3.10/dist-packages:/home/lhl/nav2_ws/src/install/nav2_common/local/lib/python3.10/dist-packages:${PYTHONPATH} /usr/bin/cmake --build /home/lhl/nav2_ws/src/build/nav2_waypoint_follower -- -j8 -l8
[159.128s] Invoking command in '/home/lhl/nav2_ws/src/build/nav2_waypoint_follower': AMENT_PREFIX_PATH=/home/lhl/nav2_ws/src/install/nav2_core:/home/lhl/nav2_ws/src/install/nav2_costmap_2d:/home/lhl/nav2_ws/src/install/nav2_util:/home/lhl/nav2_ws/src/install/nav2_voxel_grid:/home/lhl/nav2_ws/src/install/nav2_msgs:/home/lhl/nav2_ws/src/install/nav2_common:${AMENT_PREFIX_PATH} CMAKE_PREFIX_PATH=/home/lhl/nav2_ws/src/install/nav2_core:/home/lhl/nav2_ws/src/install/nav2_costmap_2d:/home/lhl/nav2_ws/src/install/nav2_util:/home/lhl/nav2_ws/src/install/nav2_voxel_grid:/home/lhl/nav2_ws/src/install/nav2_msgs:/home/lhl/nav2_ws/src/install/nav2_common:/opt/ros/humble LD_LIBRARY_PATH=/home/lhl/nav2_ws/src/install/nav2_costmap_2d/lib:/home/lhl/nav2_ws/src/install/nav2_util/lib:/home/lhl/nav2_ws/src/install/nav2_voxel_grid/lib:/home/lhl/nav2_ws/src/install/nav2_msgs/lib:${LD_LIBRARY_PATH} PYTHONPATH=/home/lhl/nav2_ws/src/install/nav2_msgs/local/lib/python3.10/dist-packages:/home/lhl/nav2_ws/src/install/nav2_common/local/lib/python3.10/dist-packages:${PYTHONPATH} /usr/bin/cmake --install /home/lhl/nav2_ws/src/build/nav2_waypoint_follower
[159.146s] -- Install configuration: "Release"
[159.146s] -- Installing: /home/lhl/nav2_ws/src/install/nav2_waypoint_follower/lib/libwaypoint_follower_core.so
[159.161s] -- Set runtime path of "/home/lhl/nav2_ws/src/install/nav2_waypoint_follower/lib/libwaypoint_follower_core.so" to ""
[159.161s] -- Installing: /home/lhl/nav2_ws/src/install/nav2_waypoint_follower/lib/libwait_at_waypoint.so
[159.162s] -- Set runtime path of "/home/lhl/nav2_ws/src/install/nav2_waypoint_follower/lib/libwait_at_waypoint.so" to ""
[159.162s] -- Installing: /home/lhl/nav2_ws/src/install/nav2_waypoint_follower/lib/libphoto_at_waypoint.so
[159.165s] -- Set runtime path of "/home/lhl/nav2_ws/src/install/nav2_waypoint_follower/lib/libphoto_at_waypoint.so" to ""
[159.166s] -- Installing: /home/lhl/nav2_ws/src/install/nav2_waypoint_follower/lib/libinput_at_waypoint.so
[159.169s] -- Set runtime path of "/home/lhl/nav2_ws/src/install/nav2_waypoint_follower/lib/libinput_at_waypoint.so" to ""
[159.169s] -- Installing: /home/lhl/nav2_ws/src/install/nav2_waypoint_follower/lib/nav2_waypoint_follower/waypoint_follower
[159.173s] -- Set runtime path of "/home/lhl/nav2_ws/src/install/nav2_waypoint_follower/lib/nav2_waypoint_follower/waypoint_follower" to ""
[159.174s] -- Installing: /home/lhl/nav2_ws/src/install/nav2_waypoint_follower/include/
[159.174s] -- Installing: /home/lhl/nav2_ws/src/install/nav2_waypoint_follower/include//nav2_waypoint_follower
[159.175s] -- Installing: /home/lhl/nav2_ws/src/install/nav2_waypoint_follower/include//nav2_waypoint_follower/plugins
[159.176s] -- Installing: /home/lhl/nav2_ws/src/install/nav2_waypoint_follower/include//nav2_waypoint_follower/plugins/wait_at_waypoint.hpp
[159.178s] -- Installing: /home/lhl/nav2_ws/src/install/nav2_waypoint_follower/include//nav2_waypoint_follower/plugins/input_at_waypoint.hpp
[159.180s] -- Installing: /home/lhl/nav2_ws/src/install/nav2_waypoint_follower/include//nav2_waypoint_follower/plugins/photo_at_waypoint.hpp
[159.182s] -- Installing: /home/lhl/nav2_ws/src/install/nav2_waypoint_follower/include//nav2_waypoint_follower/waypoint_follower.hpp
[159.184s] -- Installing: /home/lhl/nav2_ws/src/install/nav2_waypoint_follower/share/nav2_waypoint_follower/environment/library_path.sh
[159.185s] -- Installing: /home/lhl/nav2_ws/src/install/nav2_waypoint_follower/share/nav2_waypoint_follower/environment/library_path.dsv
[159.186s] -- Installing: /home/lhl/nav2_ws/src/install/nav2_waypoint_follower/share/nav2_waypoint_follower/plugins.xml
[159.187s] -- Installing: /home/lhl/nav2_ws/src/install/nav2_waypoint_follower/share/ament_index/resource_index/package_run_dependencies/nav2_waypoint_follower
[159.188s] -- Installing: /home/lhl/nav2_ws/src/install/nav2_waypoint_follower/share/ament_index/resource_index/parent_prefix_path/nav2_waypoint_follower
[159.189s] -- Installing: /home/lhl/nav2_ws/src/install/nav2_waypoint_follower/share/nav2_waypoint_follower/environment/ament_prefix_path.sh
[159.189s] -- Installing: /home/lhl/nav2_ws/src/install/nav2_waypoint_follower/share/nav2_waypoint_follower/environment/ament_prefix_path.dsv
[159.190s] -- Installing: /home/lhl/nav2_ws/src/install/nav2_waypoint_follower/share/nav2_waypoint_follower/environment/path.sh
[159.191s] -- Installing: /home/lhl/nav2_ws/src/install/nav2_waypoint_follower/share/nav2_waypoint_follower/environment/path.dsv
[159.192s] -- Installing: /home/lhl/nav2_ws/src/install/nav2_waypoint_follower/share/nav2_waypoint_follower/local_setup.bash
[159.192s] -- Installing: /home/lhl/nav2_ws/src/install/nav2_waypoint_follower/share/nav2_waypoint_follower/local_setup.sh
[159.193s] -- Installing: /home/lhl/nav2_ws/src/install/nav2_waypoint_follower/share/nav2_waypoint_follower/local_setup.zsh
[159.194s] -- Installing: /home/lhl/nav2_ws/src/install/nav2_waypoint_follower/share/nav2_waypoint_follower/local_setup.dsv
[159.194s] -- Installing: /home/lhl/nav2_ws/src/install/nav2_waypoint_follower/share/nav2_waypoint_follower/package.dsv
[159.195s] -- Installing: /home/lhl/nav2_ws/src/install/nav2_waypoint_follower/share/ament_index/resource_index/packages/nav2_waypoint_follower
[159.196s] -- Installing: /home/lhl/nav2_ws/src/install/nav2_waypoint_follower/share/ament_index/resource_index/nav2_waypoint_follower__pluginlib__plugin/nav2_waypoint_follower
[159.197s] -- Installing: /home/lhl/nav2_ws/src/install/nav2_waypoint_follower/share/ament_index/resource_index/rclcpp_components/nav2_waypoint_follower
[159.197s] -- Installing: /home/lhl/nav2_ws/src/install/nav2_waypoint_follower/share/nav2_waypoint_follower/cmake/ament_cmake_export_include_directories-extras.cmake
[159.198s] -- Installing: /home/lhl/nav2_ws/src/install/nav2_waypoint_follower/share/nav2_waypoint_follower/cmake/ament_cmake_export_libraries-extras.cmake
[159.199s] -- Installing: /home/lhl/nav2_ws/src/install/nav2_waypoint_follower/share/nav2_waypoint_follower/cmake/ament_cmake_export_dependencies-extras.cmake
[159.199s] -- Installing: /home/lhl/nav2_ws/src/install/nav2_waypoint_follower/share/nav2_waypoint_follower/cmake/nav2_waypoint_followerConfig.cmake
[159.200s] -- Installing: /home/lhl/nav2_ws/src/install/nav2_waypoint_follower/share/nav2_waypoint_follower/cmake/nav2_waypoint_followerConfig-version.cmake
[159.200s] -- Installing: /home/lhl/nav2_ws/src/install/nav2_waypoint_follower/share/nav2_waypoint_follower/package.xml
[159.209s] Invoked command in '/home/lhl/nav2_ws/src/build/nav2_waypoint_follower' returned '0': AMENT_PREFIX_PATH=/home/lhl/nav2_ws/src/install/nav2_core:/home/lhl/nav2_ws/src/install/nav2_costmap_2d:/home/lhl/nav2_ws/src/install/nav2_util:/home/lhl/nav2_ws/src/install/nav2_voxel_grid:/home/lhl/nav2_ws/src/install/nav2_msgs:/home/lhl/nav2_ws/src/install/nav2_common:${AMENT_PREFIX_PATH} CMAKE_PREFIX_PATH=/home/lhl/nav2_ws/src/install/nav2_core:/home/lhl/nav2_ws/src/install/nav2_costmap_2d:/home/lhl/nav2_ws/src/install/nav2_util:/home/lhl/nav2_ws/src/install/nav2_voxel_grid:/home/lhl/nav2_ws/src/install/nav2_msgs:/home/lhl/nav2_ws/src/install/nav2_common:/opt/ros/humble LD_LIBRARY_PATH=/home/lhl/nav2_ws/src/install/nav2_costmap_2d/lib:/home/lhl/nav2_ws/src/install/nav2_util/lib:/home/lhl/nav2_ws/src/install/nav2_voxel_grid/lib:/home/lhl/nav2_ws/src/install/nav2_msgs/lib:${LD_LIBRARY_PATH} PYTHONPATH=/home/lhl/nav2_ws/src/install/nav2_msgs/local/lib/python3.10/dist-packages:/home/lhl/nav2_ws/src/install/nav2_common/local/lib/python3.10/dist-packages:${PYTHONPATH} /usr/bin/cmake --install /home/lhl/nav2_ws/src/build/nav2_waypoint_follower
