[0.028s] Invoking command in '/home/lhl/nav2_ws/build/costmap_queue': AMENT_PREFIX_PATH=/home/lhl/nav2_ws/install/nav2_costmap_2d:/home/lhl/nav2_ws/install/nav2_util:/home/lhl/nav2_ws/install/nav2_voxel_grid:/home/lhl/nav2_ws/install/nav2_msgs:/home/lhl/nav2_ws/install/nav2_common:${AMENT_PREFIX_PATH} CMAKE_PREFIX_PATH=/home/lhl/nav2_ws/install/nav2_costmap_2d:/home/lhl/nav2_ws/install/nav2_util:/home/lhl/nav2_ws/install/nav2_voxel_grid:/home/lhl/nav2_ws/install/nav2_msgs:/home/lhl/nav2_ws/install/nav2_common:/opt/ros/humble LD_LIBRARY_PATH=/home/lhl/nav2_ws/install/nav2_costmap_2d/lib:/home/lhl/nav2_ws/install/nav2_util/lib:/home/lhl/nav2_ws/install/nav2_voxel_grid/lib:/home/lhl/nav2_ws/install/nav2_msgs/lib:${LD_LIBRARY_PATH} PYTHONPATH=/home/lhl/nav2_ws/install/nav2_msgs/local/lib/python3.10/dist-packages:/home/lhl/nav2_ws/install/nav2_common/local/lib/python3.10/dist-packages:${PYTHONPATH} /usr/bin/cmake /home/lhl/nav2_ws/src/navigation2/nav2_dwb_controller/costmap_queue -DAMENT_CMAKE_SYMLINK_INSTALL=1 -DCMAKE_INSTALL_PREFIX=/home/lhl/nav2_ws/install/costmap_queue
[0.131s] -- The C compiler identification is GNU 11.3.0
[0.223s] -- The CXX compiler identification is GNU 11.3.0
[0.234s] -- Detecting C compiler ABI info
[0.381s] -- Detecting C compiler ABI info - done
[0.401s] -- Check for working C compiler: /usr/bin/cc - skipped
[0.402s] -- Detecting C compile features
[0.403s] -- Detecting C compile features - done
[0.409s] -- Detecting CXX compiler ABI info
[0.581s] -- Detecting CXX compiler ABI info - done
[0.596s] -- Check for working CXX compiler: /usr/bin/c++ - skipped
[0.596s] -- Detecting CXX compile features
[0.597s] -- Detecting CXX compile features - done
[0.603s] -- Found ament_cmake: 1.3.4 (/opt/ros/humble/share/ament_cmake/cmake)
[0.916s] -- Found Python3: /usr/bin/python3.10 (found version "3.10.6") found components: Interpreter 
[1.036s] -- Override CMake install command with custom implementation using symlinks instead of copying resources
[1.092s] -- Found nav2_common: 1.1.6 (/home/lhl/nav2_ws/install/nav2_common/share/nav2_common/cmake)
[1.093s] -- Found nav2_costmap_2d: 1.1.6 (/home/lhl/nav2_ws/install/nav2_costmap_2d/share/nav2_costmap_2d/cmake)
[1.185s] -- Found rosidl_generator_c: 3.1.4 (/opt/ros/humble/share/rosidl_generator_c/cmake)
[1.195s] -- Found rosidl_adapter: 3.1.4 (/opt/ros/humble/share/rosidl_adapter/cmake)
[1.213s] -- Found rosidl_generator_cpp: 3.1.4 (/opt/ros/humble/share/rosidl_generator_cpp/cmake)
[1.240s] -- Using all available rosidl_typesupport_c: rosidl_typesupport_fastrtps_c;rosidl_typesupport_introspection_c
[1.281s] -- Using all available rosidl_typesupport_cpp: rosidl_typesupport_fastrtps_cpp;rosidl_typesupport_introspection_cpp
[1.686s] -- Found rmw_implementation_cmake: 6.1.1 (/opt/ros/humble/share/rmw_implementation_cmake/cmake)
[1.692s] -- Found rmw_fastrtps_cpp: 6.2.2 (/opt/ros/humble/share/rmw_fastrtps_cpp/cmake)
[1.833s] -- Found OpenSSL: /usr/lib/x86_64-linux-gnu/libcrypto.so (found version "3.0.2")  
[1.874s] -- Found FastRTPS: /opt/ros/humble/include  
[1.930s] -- Using RMW implementation 'rmw_fastrtps_cpp' as default
[1.942s] -- Looking for pthread.h
[2.019s] -- Looking for pthread.h - found
[2.019s] -- Performing Test CMAKE_HAVE_LIBC_PTHREAD
[2.097s] -- Performing Test CMAKE_HAVE_LIBC_PTHREAD - Success
[2.098s] -- Found Threads: TRUE  
[3.399s] -- Found Eigen3: TRUE (found version "3.4.0") 
[3.400s] -- Ensuring Eigen3 include directory is part of orocos-kdl CMake target
[4.366s] -- Setting build type to Release as none was specified.
[5.021s] -- Found ament_lint_auto: 0.12.6 (/opt/ros/humble/share/ament_lint_auto/cmake)
[5.135s] -- Found gtest sources under '/opt/ros/humble/src/gtest_vendor': C++ tests using 'Google Test' will be built
[7.492s] -- Added test 'cppcheck' to perform static code analysis on C / C++ code
[7.493s] -- Configured cppcheck include dirs: /home/lhl/nav2_ws/src/navigation2/nav2_dwb_controller/costmap_queue/include
[7.493s] -- Configured cppcheck exclude dirs and/or files: 
[7.495s] -- Added test 'cpplint' to check C / C++ code against the Google style
[7.495s] -- Configured cpplint exclude dirs and/or files: 
[7.497s] -- Added test 'lint_cmake' to check CMake code style
[7.499s] -- Added test 'uncrustify' to check C / C++ code style
[7.499s] -- Configured uncrustify additional arguments: 
[7.500s] -- Added test 'xmllint' to check XML markup files
[7.505s] -- Configuring done
[7.772s] -- Generating done
[7.776s] -- Build files have been written to: /home/lhl/nav2_ws/build/costmap_queue
[7.802s] Invoked command in '/home/lhl/nav2_ws/build/costmap_queue' returned '0': AMENT_PREFIX_PATH=/home/lhl/nav2_ws/install/nav2_costmap_2d:/home/lhl/nav2_ws/install/nav2_util:/home/lhl/nav2_ws/install/nav2_voxel_grid:/home/lhl/nav2_ws/install/nav2_msgs:/home/lhl/nav2_ws/install/nav2_common:${AMENT_PREFIX_PATH} CMAKE_PREFIX_PATH=/home/lhl/nav2_ws/install/nav2_costmap_2d:/home/lhl/nav2_ws/install/nav2_util:/home/lhl/nav2_ws/install/nav2_voxel_grid:/home/lhl/nav2_ws/install/nav2_msgs:/home/lhl/nav2_ws/install/nav2_common:/opt/ros/humble LD_LIBRARY_PATH=/home/lhl/nav2_ws/install/nav2_costmap_2d/lib:/home/lhl/nav2_ws/install/nav2_util/lib:/home/lhl/nav2_ws/install/nav2_voxel_grid/lib:/home/lhl/nav2_ws/install/nav2_msgs/lib:${LD_LIBRARY_PATH} PYTHONPATH=/home/lhl/nav2_ws/install/nav2_msgs/local/lib/python3.10/dist-packages:/home/lhl/nav2_ws/install/nav2_common/local/lib/python3.10/dist-packages:${PYTHONPATH} /usr/bin/cmake /home/lhl/nav2_ws/src/navigation2/nav2_dwb_controller/costmap_queue -DAMENT_CMAKE_SYMLINK_INSTALL=1 -DCMAKE_INSTALL_PREFIX=/home/lhl/nav2_ws/install/costmap_queue
[7.802s] Invoking command in '/home/lhl/nav2_ws/build/costmap_queue': AMENT_PREFIX_PATH=/home/lhl/nav2_ws/install/nav2_costmap_2d:/home/lhl/nav2_ws/install/nav2_util:/home/lhl/nav2_ws/install/nav2_voxel_grid:/home/lhl/nav2_ws/install/nav2_msgs:/home/lhl/nav2_ws/install/nav2_common:${AMENT_PREFIX_PATH} CMAKE_PREFIX_PATH=/home/lhl/nav2_ws/install/nav2_costmap_2d:/home/lhl/nav2_ws/install/nav2_util:/home/lhl/nav2_ws/install/nav2_voxel_grid:/home/lhl/nav2_ws/install/nav2_msgs:/home/lhl/nav2_ws/install/nav2_common:/opt/ros/humble LD_LIBRARY_PATH=/home/lhl/nav2_ws/install/nav2_costmap_2d/lib:/home/lhl/nav2_ws/install/nav2_util/lib:/home/lhl/nav2_ws/install/nav2_voxel_grid/lib:/home/lhl/nav2_ws/install/nav2_msgs/lib:${LD_LIBRARY_PATH} PYTHONPATH=/home/lhl/nav2_ws/install/nav2_msgs/local/lib/python3.10/dist-packages:/home/lhl/nav2_ws/install/nav2_common/local/lib/python3.10/dist-packages:${PYTHONPATH} /usr/bin/cmake --build /home/lhl/nav2_ws/build/costmap_queue -- -j8 -l8
[28.736s] [  9%] [32mBuilding CXX object gtest/CMakeFiles/gtest_main.dir/src/gtest_main.cc.o[0m
[28.737s] [ 18%] [32mBuilding CXX object CMakeFiles/costmap_queue.dir/src/limited_costmap_queue.cpp.o[0m
[28.738s] [ 27%] [32mBuilding CXX object CMakeFiles/costmap_queue.dir/src/costmap_queue.cpp.o[0m
[28.738s] [ 36%] [32mBuilding CXX object gtest/CMakeFiles/gtest.dir/src/gtest-all.cc.o[0m
[28.739s] [ 45%] [32m[1mLinking CXX static library libgtest_main.a[0m
[28.740s] [ 45%] Built target gtest_main
[28.741s] [ 54%] [32m[1mLinking CXX static library libcostmap_queue.a[0m
[28.742s] [ 54%] Built target costmap_queue
[28.742s] [ 63%] [32m[1mLinking CXX static library libgtest.a[0m
[28.742s] [ 63%] Built target gtest
[28.742s] [ 72%] [32mBuilding CXX object CMakeFiles/utest.dir/test/utest.cpp.o[0m
[28.742s] [ 81%] [32mBuilding CXX object CMakeFiles/mbq_test.dir/test/mbq_test.cpp.o[0m
[28.742s] [ 90%] [32m[1mLinking CXX executable mbq_test[0m
[28.742s] [ 90%] Built target mbq_test
[28.743s] [100%] [32m[1mLinking CXX executable utest[0m
[28.743s] [100%] Built target utest
[28.757s] Invoked command in '/home/lhl/nav2_ws/build/costmap_queue' returned '0': AMENT_PREFIX_PATH=/home/lhl/nav2_ws/install/nav2_costmap_2d:/home/lhl/nav2_ws/install/nav2_util:/home/lhl/nav2_ws/install/nav2_voxel_grid:/home/lhl/nav2_ws/install/nav2_msgs:/home/lhl/nav2_ws/install/nav2_common:${AMENT_PREFIX_PATH} CMAKE_PREFIX_PATH=/home/lhl/nav2_ws/install/nav2_costmap_2d:/home/lhl/nav2_ws/install/nav2_util:/home/lhl/nav2_ws/install/nav2_voxel_grid:/home/lhl/nav2_ws/install/nav2_msgs:/home/lhl/nav2_ws/install/nav2_common:/opt/ros/humble LD_LIBRARY_PATH=/home/lhl/nav2_ws/install/nav2_costmap_2d/lib:/home/lhl/nav2_ws/install/nav2_util/lib:/home/lhl/nav2_ws/install/nav2_voxel_grid/lib:/home/lhl/nav2_ws/install/nav2_msgs/lib:${LD_LIBRARY_PATH} PYTHONPATH=/home/lhl/nav2_ws/install/nav2_msgs/local/lib/python3.10/dist-packages:/home/lhl/nav2_ws/install/nav2_common/local/lib/python3.10/dist-packages:${PYTHONPATH} /usr/bin/cmake --build /home/lhl/nav2_ws/build/costmap_queue -- -j8 -l8
[28.805s] Invoking command in '/home/lhl/nav2_ws/build/costmap_queue': AMENT_PREFIX_PATH=/home/lhl/nav2_ws/install/nav2_costmap_2d:/home/lhl/nav2_ws/install/nav2_util:/home/lhl/nav2_ws/install/nav2_voxel_grid:/home/lhl/nav2_ws/install/nav2_msgs:/home/lhl/nav2_ws/install/nav2_common:${AMENT_PREFIX_PATH} CMAKE_PREFIX_PATH=/home/lhl/nav2_ws/install/nav2_costmap_2d:/home/lhl/nav2_ws/install/nav2_util:/home/lhl/nav2_ws/install/nav2_voxel_grid:/home/lhl/nav2_ws/install/nav2_msgs:/home/lhl/nav2_ws/install/nav2_common:/opt/ros/humble LD_LIBRARY_PATH=/home/lhl/nav2_ws/install/nav2_costmap_2d/lib:/home/lhl/nav2_ws/install/nav2_util/lib:/home/lhl/nav2_ws/install/nav2_voxel_grid/lib:/home/lhl/nav2_ws/install/nav2_msgs/lib:${LD_LIBRARY_PATH} PYTHONPATH=/home/lhl/nav2_ws/install/nav2_msgs/local/lib/python3.10/dist-packages:/home/lhl/nav2_ws/install/nav2_common/local/lib/python3.10/dist-packages:${PYTHONPATH} /usr/bin/cmake --install /home/lhl/nav2_ws/build/costmap_queue
[29.453s] -- Install configuration: "Release"
[29.454s] -- Execute custom install script
[29.454s] -- Symlinking: /home/lhl/nav2_ws/install/costmap_queue/lib/libcostmap_queue.a
[29.454s] -- Symlinking: /home/lhl/nav2_ws/install/costmap_queue/include//costmap_queue/costmap_queue.hpp
[29.454s] -- Symlinking: /home/lhl/nav2_ws/install/costmap_queue/include//costmap_queue/limited_costmap_queue.hpp
[29.454s] -- Symlinking: /home/lhl/nav2_ws/install/costmap_queue/include//costmap_queue/map_based_queue.hpp
[29.454s] -- Symlinking: /home/lhl/nav2_ws/install/costmap_queue/share/costmap_queue/environment/library_path.sh
[29.454s] -- Symlinking: /home/lhl/nav2_ws/install/costmap_queue/share/costmap_queue/environment/library_path.dsv
[29.454s] -- Symlinking: /home/lhl/nav2_ws/install/costmap_queue/share/ament_index/resource_index/package_run_dependencies/costmap_queue
[29.454s] -- Symlinking: /home/lhl/nav2_ws/install/costmap_queue/share/ament_index/resource_index/parent_prefix_path/costmap_queue
[29.455s] -- Symlinking: /home/lhl/nav2_ws/install/costmap_queue/share/costmap_queue/environment/ament_prefix_path.sh
[29.455s] -- Symlinking: /home/lhl/nav2_ws/install/costmap_queue/share/costmap_queue/environment/ament_prefix_path.dsv
[29.455s] -- Symlinking: /home/lhl/nav2_ws/install/costmap_queue/share/costmap_queue/environment/path.sh
[29.455s] -- Symlinking: /home/lhl/nav2_ws/install/costmap_queue/share/costmap_queue/environment/path.dsv
[29.455s] -- Symlinking: /home/lhl/nav2_ws/install/costmap_queue/share/costmap_queue/local_setup.bash
[29.455s] -- Symlinking: /home/lhl/nav2_ws/install/costmap_queue/share/costmap_queue/local_setup.sh
[29.455s] -- Symlinking: /home/lhl/nav2_ws/install/costmap_queue/share/costmap_queue/local_setup.zsh
[29.455s] -- Symlinking: /home/lhl/nav2_ws/install/costmap_queue/share/costmap_queue/local_setup.dsv
[29.455s] -- Symlinking: /home/lhl/nav2_ws/install/costmap_queue/share/costmap_queue/package.dsv
[29.455s] -- Symlinking: /home/lhl/nav2_ws/install/costmap_queue/share/ament_index/resource_index/packages/costmap_queue
[29.455s] -- Symlinking: /home/lhl/nav2_ws/install/costmap_queue/share/costmap_queue/cmake/ament_cmake_export_include_directories-extras.cmake
[29.456s] -- Symlinking: /home/lhl/nav2_ws/install/costmap_queue/share/costmap_queue/cmake/ament_cmake_export_libraries-extras.cmake
[29.456s] -- Symlinking: /home/lhl/nav2_ws/install/costmap_queue/share/costmap_queue/cmake/costmap_queueConfig.cmake
[29.456s] -- Symlinking: /home/lhl/nav2_ws/install/costmap_queue/share/costmap_queue/cmake/costmap_queueConfig-version.cmake
[29.456s] -- Symlinking: /home/lhl/nav2_ws/install/costmap_queue/share/costmap_queue/package.xml
[29.473s] Invoked command in '/home/lhl/nav2_ws/build/costmap_queue' returned '0': AMENT_PREFIX_PATH=/home/lhl/nav2_ws/install/nav2_costmap_2d:/home/lhl/nav2_ws/install/nav2_util:/home/lhl/nav2_ws/install/nav2_voxel_grid:/home/lhl/nav2_ws/install/nav2_msgs:/home/lhl/nav2_ws/install/nav2_common:${AMENT_PREFIX_PATH} CMAKE_PREFIX_PATH=/home/lhl/nav2_ws/install/nav2_costmap_2d:/home/lhl/nav2_ws/install/nav2_util:/home/lhl/nav2_ws/install/nav2_voxel_grid:/home/lhl/nav2_ws/install/nav2_msgs:/home/lhl/nav2_ws/install/nav2_common:/opt/ros/humble LD_LIBRARY_PATH=/home/lhl/nav2_ws/install/nav2_costmap_2d/lib:/home/lhl/nav2_ws/install/nav2_util/lib:/home/lhl/nav2_ws/install/nav2_voxel_grid/lib:/home/lhl/nav2_ws/install/nav2_msgs/lib:${LD_LIBRARY_PATH} PYTHONPATH=/home/lhl/nav2_ws/install/nav2_msgs/local/lib/python3.10/dist-packages:/home/lhl/nav2_ws/install/nav2_common/local/lib/python3.10/dist-packages:${PYTHONPATH} /usr/bin/cmake --install /home/lhl/nav2_ws/build/costmap_queue
