[0.011s] Invoking command in '/home/lhl/nav2_ws/build/nav2_util': AMENT_PREFIX_PATH=/home/lhl/nav2_ws/install/nav2_msgs:/home/lhl/nav2_ws/install/nav2_common:${AMENT_PREFIX_PATH} CMAKE_PREFIX_PATH=/home/lhl/nav2_ws/install/nav2_msgs:/home/lhl/nav2_ws/install/nav2_common:/opt/ros/humble LD_LIBRARY_PATH=/home/lhl/nav2_ws/install/nav2_msgs/lib:${LD_LIBRARY_PATH} PYTHONPATH=/home/lhl/nav2_ws/install/nav2_msgs/local/lib/python3.10/dist-packages:/home/lhl/nav2_ws/install/nav2_common/local/lib/python3.10/dist-packages:${PYTHONPATH} /usr/bin/cmake /home/lhl/nav2_ws/src/navigation2/nav2_util -DAMENT_CMAKE_SYMLINK_INSTALL=1 -DCMAKE_INSTALL_PREFIX=/home/lhl/nav2_ws/install/nav2_util
[0.426s] -- The C compiler identification is GNU 11.3.0
[0.642s] -- The CXX compiler identification is GNU 11.3.0
[0.657s] -- Detecting C compiler ABI info
[0.735s] -- Detecting C compiler ABI info - done
[0.742s] -- Check for working C compiler: /usr/bin/cc - skipped
[0.742s] -- Detecting C compile features
[0.742s] -- Detecting C compile features - done
[0.745s] -- Detecting CXX compiler ABI info
[0.809s] -- Detecting CXX compiler ABI info - done
[0.816s] -- Check for working CXX compiler: /usr/bin/c++ - skipped
[0.816s] -- Detecting CXX compile features
[0.817s] -- Detecting CXX compile features - done
[0.819s] -- Found ament_cmake: 1.3.4 (/opt/ros/humble/share/ament_cmake/cmake)
[0.961s] -- Found Python3: /usr/bin/python3.10 (found version "3.10.6") found components: Interpreter 
[1.012s] -- Override CMake install command with custom implementation using symlinks instead of copying resources
[1.037s] -- Found nav2_common: 1.1.6 (/home/lhl/nav2_ws/install/nav2_common/share/nav2_common/cmake)
[1.037s] -- Found nav2_msgs: 1.1.6 (/home/lhl/nav2_ws/install/nav2_msgs/share/nav2_msgs/cmake)
[1.070s] -- Found rosidl_generator_c: 3.1.4 (/opt/ros/humble/share/rosidl_generator_c/cmake)
[1.075s] -- Found rosidl_adapter: 3.1.4 (/opt/ros/humble/share/rosidl_adapter/cmake)
[1.084s] -- Found rosidl_generator_cpp: 3.1.4 (/opt/ros/humble/share/rosidl_generator_cpp/cmake)
[1.099s] -- Using all available rosidl_typesupport_c: rosidl_typesupport_fastrtps_c;rosidl_typesupport_introspection_c
[1.121s] -- Using all available rosidl_typesupport_cpp: rosidl_typesupport_fastrtps_cpp;rosidl_typesupport_introspection_cpp
[2.000s] -- Found tf2_ros: 0.25.2 (/opt/ros/humble/share/tf2_ros/cmake)
[4.098s] -- Found rmw_implementation_cmake: 6.1.1 (/opt/ros/humble/share/rmw_implementation_cmake/cmake)
[4.101s] -- Found rmw_fastrtps_cpp: 6.2.2 (/opt/ros/humble/share/rmw_fastrtps_cpp/cmake)
[4.185s] -- Found OpenSSL: /usr/lib/x86_64-linux-gnu/libcrypto.so (found version "3.0.2")  
[4.208s] -- Found FastRTPS: /opt/ros/humble/include  
[4.251s] -- Using RMW implementation 'rmw_fastrtps_cpp' as default
[4.261s] -- Looking for pthread.h
[4.319s] -- Looking for pthread.h - found
[4.319s] -- Performing Test CMAKE_HAVE_LIBC_PTHREAD
[4.381s] -- Performing Test CMAKE_HAVE_LIBC_PTHREAD - Success
[4.382s] -- Found Threads: TRUE  
[5.010s] -- Found tf2_geometry_msgs: 0.25.2 (/opt/ros/humble/share/tf2_geometry_msgs/cmake)
[5.123s] -- Found eigen3_cmake_module: 0.1.1 (/opt/ros/humble/share/eigen3_cmake_module/cmake)
[5.140s] -- Found Eigen3: TRUE (found version "3.4.0") 
[5.141s] -- Ensuring Eigen3 include directory is part of orocos-kdl CMake target
[5.197s] -- Found lifecycle_msgs: 1.2.1 (/opt/ros/humble/share/lifecycle_msgs/cmake)
[5.274s] -- Found rclcpp_lifecycle: 16.0.4 (/opt/ros/humble/share/rclcpp_lifecycle/cmake)
[5.377s] -- Found bondcpp: 3.0.2 (/opt/ros/humble/share/bondcpp/cmake)
[5.552s] -- Setting build type to Release as none was specified.
[5.801s] -- Found Boost: /usr/lib/x86_64-linux-gnu/cmake/Boost-1.74.0/BoostConfig.cmake (found version "1.74.0") found components: program_options 
[5.819s] -- Found ament_lint_auto: 0.12.6 (/opt/ros/humble/share/ament_lint_auto/cmake)
[5.825s] -- Found ament_cmake_pytest: 1.3.4 (/opt/ros/humble/share/ament_cmake_pytest/cmake)
[5.843s] -- Found launch_testing_ament_cmake: 1.0.4 (/opt/ros/humble/share/launch_testing_ament_cmake/cmake)
[5.858s] -- Found python_cmake_module: 0.10.0 (/opt/ros/humble/share/python_cmake_module/cmake)
[5.882s] -- Found PythonInterp: /usr/bin/python3 (found suitable version "3.10.6", minimum required is "3.6") 
[5.886s] -- Found PythonLibs: /usr/lib/x86_64-linux-gnu/libpython3.10.so (found suitable version "3.10.6", minimum required is "3.5") 
[5.886s] -- Using PYTHON_EXECUTABLE: /usr/bin/python3
[5.886s] -- Using PYTHON_INCLUDE_DIRS: /usr/include/python3.10
[5.886s] -- Using PYTHON_LIBRARIES: /usr/lib/x86_64-linux-gnu/libpython3.10.so
[5.904s] -- Found PythonExtra: .so  
[6.221s] -- Found gtest sources under '/opt/ros/humble/src/gtest_vendor': C++ tests using 'Google Test' will be built
[6.248s] -- Added test 'copyright' to check source files copyright and LICENSE
[6.251s] -- Added test 'cppcheck' to perform static code analysis on C / C++ code
[6.251s] -- Configured cppcheck include dirs: /home/lhl/nav2_ws/src/navigation2/nav2_util/include
[6.251s] -- Configured cppcheck exclude dirs and/or files: 
[6.253s] -- Added test 'cpplint' to check C / C++ code against the Google style
[6.253s] -- Configured cpplint exclude dirs and/or files: 
[6.254s] -- Added test 'lint_cmake' to check CMake code style
[6.256s] -- Added test 'uncrustify' to check C / C++ code style
[6.256s] -- Configured uncrustify additional arguments: 
[6.256s] -- Added test 'xmllint' to check XML markup files
[6.259s] -- Configuring done
[6.553s] -- Generating done
[6.556s] -- Build files have been written to: /home/lhl/nav2_ws/build/nav2_util
[6.568s] Invoked command in '/home/lhl/nav2_ws/build/nav2_util' returned '0': AMENT_PREFIX_PATH=/home/lhl/nav2_ws/install/nav2_msgs:/home/lhl/nav2_ws/install/nav2_common:${AMENT_PREFIX_PATH} CMAKE_PREFIX_PATH=/home/lhl/nav2_ws/install/nav2_msgs:/home/lhl/nav2_ws/install/nav2_common:/opt/ros/humble LD_LIBRARY_PATH=/home/lhl/nav2_ws/install/nav2_msgs/lib:${LD_LIBRARY_PATH} PYTHONPATH=/home/lhl/nav2_ws/install/nav2_msgs/local/lib/python3.10/dist-packages:/home/lhl/nav2_ws/install/nav2_common/local/lib/python3.10/dist-packages:${PYTHONPATH} /usr/bin/cmake /home/lhl/nav2_ws/src/navigation2/nav2_util -DAMENT_CMAKE_SYMLINK_INSTALL=1 -DCMAKE_INSTALL_PREFIX=/home/lhl/nav2_ws/install/nav2_util
[6.569s] Invoking command in '/home/lhl/nav2_ws/build/nav2_util': AMENT_PREFIX_PATH=/home/lhl/nav2_ws/install/nav2_msgs:/home/lhl/nav2_ws/install/nav2_common:${AMENT_PREFIX_PATH} CMAKE_PREFIX_PATH=/home/lhl/nav2_ws/install/nav2_msgs:/home/lhl/nav2_ws/install/nav2_common:/opt/ros/humble LD_LIBRARY_PATH=/home/lhl/nav2_ws/install/nav2_msgs/lib:${LD_LIBRARY_PATH} PYTHONPATH=/home/lhl/nav2_ws/install/nav2_msgs/local/lib/python3.10/dist-packages:/home/lhl/nav2_ws/install/nav2_common/local/lib/python3.10/dist-packages:${PYTHONPATH} /usr/bin/cmake --build /home/lhl/nav2_ws/build/nav2_util -- -j8 -l8
[6.614s] [  5%] [32mBuilding CXX object gtest/CMakeFiles/gtest.dir/src/gtest-all.cc.o[0m
[6.614s] [  5%] [32mBuilding CXX object gtest/CMakeFiles/gtest_main.dir/src/gtest_main.cc.o[0m
[6.614s] [  7%] [32mBuilding CXX object src/CMakeFiles/nav2_util_core.dir/node_utils.cpp.o[0m
[6.615s] [ 10%] [32mBuilding CXX object src/CMakeFiles/nav2_util_core.dir/costmap.cpp.o[0m
[6.615s] [ 13%] [32mBuilding CXX object src/CMakeFiles/nav2_util_core.dir/lifecycle_service_client.cpp.o[0m
[6.615s] [ 15%] [32mBuilding CXX object src/CMakeFiles/nav2_util_core.dir/string_utils.cpp.o[0m
[6.616s] [ 18%] [32mBuilding CXX object src/CMakeFiles/nav2_util_core.dir/lifecycle_utils.cpp.o[0m
[6.616s] [ 21%] [32mBuilding CXX object src/CMakeFiles/nav2_util_core.dir/lifecycle_node.cpp.o[0m
[7.118s] [ 23%] [32mBuilding CXX object src/CMakeFiles/nav2_util_core.dir/robot_utils.cpp.o[0m
[7.948s] [ 26%] [32m[1mLinking CXX static library libgtest_main.a[0m
[7.988s] [ 26%] Built target gtest_main
[7.999s] [ 28%] [32mBuilding CXX object src/CMakeFiles/nav2_util_core.dir/node_thread.cpp.o[0m
[11.120s] [ 31%] [32mBuilding CXX object src/CMakeFiles/nav2_util_core.dir/odometry_utils.cpp.o[0m
[15.097s] [ 34%] [32m[1mLinking CXX static library libgtest.a[0m
[15.129s] [ 34%] Built target gtest
[15.146s] [ 36%] [32mBuilding CXX object test/CMakeFiles/test_execution_timer.dir/test_execution_timer.cpp.o[0m
[16.229s] [ 39%] [32m[1mLinking CXX executable test_execution_timer[0m
[16.307s] [ 39%] Built target test_execution_timer
[21.296s] [ 42%] [32m[1mLinking CXX shared library libnav2_util_core.so[0m
[21.692s] [ 42%] Built target nav2_util_core
[21.717s] [ 50%] [32mBuilding CXX object test/CMakeFiles/test_node_utils.dir/test_node_utils.cpp.o[0m
[21.717s] [ 52%] [32mBuilding CXX object test/CMakeFiles/test_string_utils.dir/test_string_utils.cpp.o[0m
[21.717s] [ 52%] [32mBuilding CXX object test/CMakeFiles/test_service_client.dir/test_service_client.cpp.o[0m
[21.717s] [ 50%] [32mBuilding CXX object src/CMakeFiles/lifecycle_bringup.dir/lifecycle_bringup_commandline.cpp.o[0m
[21.718s] [ 55%] [32mBuilding CXX object test/CMakeFiles/test_lifecycle_utils.dir/test_lifecycle_utils.cpp.o[0m
[21.718s] [ 60%] [32mBuilding CXX object test/CMakeFiles/test_lifecycle_node.dir/test_lifecycle_node.cpp.o[0m
[21.718s] [ 57%] [32mBuilding CXX object test/CMakeFiles/test_actions.dir/test_actions.cpp.o[0m
[21.718s] [ 63%] [32mBuilding CXX object test/CMakeFiles/test_lifecycle_cli_node.dir/test_lifecycle_cli_node.cpp.o[0m
[24.275s] [ 65%] [32m[1mLinking CXX executable test_string_utils[0m
[24.610s] [ 65%] Built target test_string_utils
[24.637s] [ 68%] [32mBuilding CXX object test/CMakeFiles/test_geometry_utils.dir/test_geometry_utils.cpp.o[0m
[26.048s] [ 71%] [32m[1mLinking CXX executable lifecycle_bringup[0m
[26.285s] [ 71%] Built target lifecycle_bringup
[26.311s] [ 73%] [32mBuilding CXX object test/CMakeFiles/test_odometry_utils.dir/test_odometry_utils.cpp.o[0m
[27.516s] [ 76%] [32m[1mLinking CXX executable test_lifecycle_node[0m
[27.585s] [ 78%] [32m[1mLinking CXX executable test_lifecycle_utils[0m
[27.794s] [ 78%] Built target test_lifecycle_node
[27.820s] [ 81%] [32mBuilding CXX object test/CMakeFiles/test_robot_utils.dir/test_robot_utils.cpp.o[0m
[27.866s] [ 81%] Built target test_lifecycle_utils
[27.933s] [ 84%] [32m[1mLinking CXX executable test_lifecycle_cli_node[0m
[28.116s] [ 84%] Built target test_lifecycle_cli_node
[28.632s] [ 86%] [32m[1mLinking CXX executable test_node_utils[0m
[28.902s] [ 86%] Built target test_node_utils
[30.049s] [ 89%] [32m[1mLinking CXX executable test_geometry_utils[0m
[30.399s] [ 89%] Built target test_geometry_utils
[31.787s] [ 92%] [32m[1mLinking CXX executable test_robot_utils[0m
[31.965s] [ 92%] Built target test_robot_utils
[32.819s] [ 94%] [32m[1mLinking CXX executable test_odometry_utils[0m
[33.001s] [ 94%] Built target test_odometry_utils
[36.345s] [ 97%] [32m[1mLinking CXX executable test_service_client[0m
[36.587s] [ 97%] Built target test_service_client
[39.296s] [100%] [32m[1mLinking CXX executable test_actions[0m
[39.519s] [100%] Built target test_actions
[39.541s] Invoked command in '/home/lhl/nav2_ws/build/nav2_util' returned '0': AMENT_PREFIX_PATH=/home/lhl/nav2_ws/install/nav2_msgs:/home/lhl/nav2_ws/install/nav2_common:${AMENT_PREFIX_PATH} CMAKE_PREFIX_PATH=/home/lhl/nav2_ws/install/nav2_msgs:/home/lhl/nav2_ws/install/nav2_common:/opt/ros/humble LD_LIBRARY_PATH=/home/lhl/nav2_ws/install/nav2_msgs/lib:${LD_LIBRARY_PATH} PYTHONPATH=/home/lhl/nav2_ws/install/nav2_msgs/local/lib/python3.10/dist-packages:/home/lhl/nav2_ws/install/nav2_common/local/lib/python3.10/dist-packages:${PYTHONPATH} /usr/bin/cmake --build /home/lhl/nav2_ws/build/nav2_util -- -j8 -l8
[39.569s] Invoking command in '/home/lhl/nav2_ws/build/nav2_util': AMENT_PREFIX_PATH=/home/lhl/nav2_ws/install/nav2_msgs:/home/lhl/nav2_ws/install/nav2_common:${AMENT_PREFIX_PATH} CMAKE_PREFIX_PATH=/home/lhl/nav2_ws/install/nav2_msgs:/home/lhl/nav2_ws/install/nav2_common:/opt/ros/humble LD_LIBRARY_PATH=/home/lhl/nav2_ws/install/nav2_msgs/lib:${LD_LIBRARY_PATH} PYTHONPATH=/home/lhl/nav2_ws/install/nav2_msgs/local/lib/python3.10/dist-packages:/home/lhl/nav2_ws/install/nav2_common/local/lib/python3.10/dist-packages:${PYTHONPATH} /usr/bin/cmake --install /home/lhl/nav2_ws/build/nav2_util
[39.575s] -- Install configuration: "Release"
[39.576s] -- Execute custom install script
[39.576s] -- Symlinking: /home/lhl/nav2_ws/install/nav2_util/lib/libnav2_util_core.so
[39.583s] -- Symlinking: /home/lhl/nav2_ws/install/nav2_util/lib/nav2_util/lifecycle_bringup
[39.590s] -- Symlinking: /home/lhl/nav2_ws/install/nav2_util/include//nav2_util/clear_entirely_costmap_service_client.hpp
[39.596s] -- Symlinking: /home/lhl/nav2_ws/install/nav2_util/include//nav2_util/costmap.hpp
[39.603s] -- Symlinking: /home/lhl/nav2_ws/install/nav2_util/include//nav2_util/execution_timer.hpp
[39.610s] -- Symlinking: /home/lhl/nav2_ws/install/nav2_util/include//nav2_util/geometry_utils.hpp
[39.616s] -- Symlinking: /home/lhl/nav2_ws/install/nav2_util/include//nav2_util/lifecycle_node.hpp
[39.623s] -- Symlinking: /home/lhl/nav2_ws/install/nav2_util/include//nav2_util/lifecycle_service_client.hpp
[39.630s] -- Symlinking: /home/lhl/nav2_ws/install/nav2_util/include//nav2_util/lifecycle_utils.hpp
[39.636s] -- Symlinking: /home/lhl/nav2_ws/install/nav2_util/include//nav2_util/line_iterator.hpp
[39.643s] -- Symlinking: /home/lhl/nav2_ws/install/nav2_util/include//nav2_util/node_thread.hpp
[39.650s] -- Symlinking: /home/lhl/nav2_ws/install/nav2_util/include//nav2_util/node_utils.hpp
[39.656s] -- Symlinking: /home/lhl/nav2_ws/install/nav2_util/include//nav2_util/occ_grid_values.hpp
[39.663s] -- Symlinking: /home/lhl/nav2_ws/install/nav2_util/include//nav2_util/odometry_utils.hpp
[39.670s] -- Symlinking: /home/lhl/nav2_ws/install/nav2_util/include//nav2_util/robot_utils.hpp
[39.676s] -- Symlinking: /home/lhl/nav2_ws/install/nav2_util/include//nav2_util/service_client.hpp
[39.683s] -- Symlinking: /home/lhl/nav2_ws/install/nav2_util/include//nav2_util/simple_action_server.hpp
[39.690s] -- Symlinking: /home/lhl/nav2_ws/install/nav2_util/include//nav2_util/string_utils.hpp
[39.696s] -- Symlinking: /home/lhl/nav2_ws/install/nav2_util/share/nav2_util/environment/library_path.sh
[39.703s] -- Symlinking: /home/lhl/nav2_ws/install/nav2_util/share/nav2_util/environment/library_path.dsv
[39.710s] -- Symlinking: /home/lhl/nav2_ws/install/nav2_util/share/ament_index/resource_index/package_run_dependencies/nav2_util
[39.718s] -- Symlinking: /home/lhl/nav2_ws/install/nav2_util/share/ament_index/resource_index/parent_prefix_path/nav2_util
[39.725s] -- Symlinking: /home/lhl/nav2_ws/install/nav2_util/share/nav2_util/environment/ament_prefix_path.sh
[39.732s] -- Symlinking: /home/lhl/nav2_ws/install/nav2_util/share/nav2_util/environment/ament_prefix_path.dsv
[39.738s] -- Symlinking: /home/lhl/nav2_ws/install/nav2_util/share/nav2_util/environment/path.sh
[39.745s] -- Symlinking: /home/lhl/nav2_ws/install/nav2_util/share/nav2_util/environment/path.dsv
[39.752s] -- Symlinking: /home/lhl/nav2_ws/install/nav2_util/share/nav2_util/local_setup.bash
[39.758s] -- Symlinking: /home/lhl/nav2_ws/install/nav2_util/share/nav2_util/local_setup.sh
[39.765s] -- Symlinking: /home/lhl/nav2_ws/install/nav2_util/share/nav2_util/local_setup.zsh
[39.772s] -- Symlinking: /home/lhl/nav2_ws/install/nav2_util/share/nav2_util/local_setup.dsv
[39.779s] -- Symlinking: /home/lhl/nav2_ws/install/nav2_util/share/nav2_util/package.dsv
[39.785s] -- Symlinking: /home/lhl/nav2_ws/install/nav2_util/share/ament_index/resource_index/packages/nav2_util
[39.792s] -- Symlinking: /home/lhl/nav2_ws/install/nav2_util/share/nav2_util/cmake/ament_cmake_export_include_directories-extras.cmake
[39.799s] -- Symlinking: /home/lhl/nav2_ws/install/nav2_util/share/nav2_util/cmake/ament_cmake_export_libraries-extras.cmake
[39.805s] -- Symlinking: /home/lhl/nav2_ws/install/nav2_util/share/nav2_util/cmake/ament_cmake_export_dependencies-extras.cmake
[39.812s] -- Symlinking: /home/lhl/nav2_ws/install/nav2_util/share/nav2_util/cmake/nav2_utilConfig.cmake
[39.819s] -- Symlinking: /home/lhl/nav2_ws/install/nav2_util/share/nav2_util/cmake/nav2_utilConfig-version.cmake
[39.825s] -- Symlinking: /home/lhl/nav2_ws/install/nav2_util/share/nav2_util/package.xml
[39.836s] Invoked command in '/home/lhl/nav2_ws/build/nav2_util' returned '0': AMENT_PREFIX_PATH=/home/lhl/nav2_ws/install/nav2_msgs:/home/lhl/nav2_ws/install/nav2_common:${AMENT_PREFIX_PATH} CMAKE_PREFIX_PATH=/home/lhl/nav2_ws/install/nav2_msgs:/home/lhl/nav2_ws/install/nav2_common:/opt/ros/humble LD_LIBRARY_PATH=/home/lhl/nav2_ws/install/nav2_msgs/lib:${LD_LIBRARY_PATH} PYTHONPATH=/home/lhl/nav2_ws/install/nav2_msgs/local/lib/python3.10/dist-packages:/home/lhl/nav2_ws/install/nav2_common/local/lib/python3.10/dist-packages:${PYTHONPATH} /usr/bin/cmake --install /home/lhl/nav2_ws/build/nav2_util
