[0.027s] Invoking command in '/home/lhl/nav2_ws/build/nav2_common': CMAKE_PREFIX_PATH=/opt/ros/humble /usr/bin/cmake /home/lhl/nav2_ws/src/navigation2/nav2_common -DAMENT_CMAKE_SYMLINK_INSTALL=1 -DCMAKE_INSTALL_PREFIX=/home/lhl/nav2_ws/install/nav2_common
[0.572s] -- Found ament_cmake_core: 1.3.4 (/opt/ros/humble/share/ament_cmake_core/cmake)
[1.780s] -- Found Python3: /usr/bin/python3.10 (found version "3.10.6") found components: Interpreter 
[1.993s] -- Override CMake install command with custom implementation using symlinks instead of copying resources
[2.030s] -- Found ament_cmake_python: 1.3.4 (/opt/ros/humble/share/ament_cmake_python/cmake)
[2.228s] -- Configuring done
[2.232s] -- Generating done
[2.232s] -- Build files have been written to: /home/lhl/nav2_ws/build/nav2_common
[2.237s] Invoked command in '/home/lhl/nav2_ws/build/nav2_common' returned '0': CMAKE_PREFIX_PATH=/opt/ros/humble /usr/bin/cmake /home/lhl/nav2_ws/src/navigation2/nav2_common -DAMENT_CMAKE_SYMLINK_INSTALL=1 -DCMAKE_INSTALL_PREFIX=/home/lhl/nav2_ws/install/nav2_common
[2.237s] Invoking command in '/home/lhl/nav2_ws/build/nav2_common': CMAKE_PREFIX_PATH=/opt/ros/humble /usr/bin/cmake --build /home/lhl/nav2_ws/build/nav2_common -- -j8 -l8
[2.364s] Built target ament_cmake_python_symlink_nav2_common
[2.606s] running egg_info
[2.606s] creating nav2_common.egg-info
[2.607s] writing nav2_common.egg-info/PKG-INFO
[2.607s] writing dependency_links to nav2_common.egg-info/dependency_links.txt
[2.607s] writing top-level names to nav2_common.egg-info/top_level.txt
[2.607s] writing manifest file 'nav2_common.egg-info/SOURCES.txt'
[2.622s] reading manifest file 'nav2_common.egg-info/SOURCES.txt'
[2.622s] writing manifest file 'nav2_common.egg-info/SOURCES.txt'
[2.647s] Built target ament_cmake_python_build_nav2_common_egg
[2.657s] Invoked command in '/home/lhl/nav2_ws/build/nav2_common' returned '0': CMAKE_PREFIX_PATH=/opt/ros/humble /usr/bin/cmake --build /home/lhl/nav2_ws/build/nav2_common -- -j8 -l8
[2.682s] Invoking command in '/home/lhl/nav2_ws/build/nav2_common': CMAKE_PREFIX_PATH=/opt/ros/humble /usr/bin/cmake --install /home/lhl/nav2_ws/build/nav2_common
[2.687s] -- Install configuration: ""
[2.688s] -- Execute custom install script
[2.688s] -- Symlinking: /home/lhl/nav2_ws/install/nav2_common/share/nav2_common/environment/pythonpath.sh
[2.695s] -- Symlinking: /home/lhl/nav2_ws/install/nav2_common/share/nav2_common/environment/pythonpath.dsv
[2.702s] -- Symlinking: /home/lhl/nav2_ws/install/nav2_common/local/lib/python3.10/dist-packages/nav2_common-1.1.6-py3.10.egg-info/PKG-INFO
[2.708s] -- Symlinking: /home/lhl/nav2_ws/install/nav2_common/local/lib/python3.10/dist-packages/nav2_common-1.1.6-py3.10.egg-info/SOURCES.txt
[2.715s] -- Symlinking: /home/lhl/nav2_ws/install/nav2_common/local/lib/python3.10/dist-packages/nav2_common-1.1.6-py3.10.egg-info/dependency_links.txt
[2.722s] -- Symlinking: /home/lhl/nav2_ws/install/nav2_common/local/lib/python3.10/dist-packages/nav2_common-1.1.6-py3.10.egg-info/top_level.txt
[2.729s] -- Symlinking: /home/lhl/nav2_ws/install/nav2_common/local/lib/python3.10/dist-packages/nav2_common/__init__.py
[2.736s] -- Symlinking: /home/lhl/nav2_ws/install/nav2_common/local/lib/python3.10/dist-packages/nav2_common/launch/__init__.py
[2.743s] -- Symlinking: /home/lhl/nav2_ws/install/nav2_common/local/lib/python3.10/dist-packages/nav2_common/launch/has_node_params.py
[2.749s] -- Symlinking: /home/lhl/nav2_ws/install/nav2_common/local/lib/python3.10/dist-packages/nav2_common/launch/replace_string.py
[2.756s] -- Symlinking: /home/lhl/nav2_ws/install/nav2_common/local/lib/python3.10/dist-packages/nav2_common/launch/rewritten_yaml.py
[2.763s] -- Symlinking: /home/lhl/nav2_ws/install/nav2_common/share/ament_index/resource_index/package_run_dependencies/nav2_common
[2.770s] -- Symlinking: /home/lhl/nav2_ws/install/nav2_common/share/ament_index/resource_index/parent_prefix_path/nav2_common
[2.776s] -- Symlinking: /home/lhl/nav2_ws/install/nav2_common/share/nav2_common/environment/ament_prefix_path.sh
[2.783s] -- Symlinking: /home/lhl/nav2_ws/install/nav2_common/share/nav2_common/environment/ament_prefix_path.dsv
[2.790s] -- Symlinking: /home/lhl/nav2_ws/install/nav2_common/share/nav2_common/environment/path.sh
[2.796s] -- Symlinking: /home/lhl/nav2_ws/install/nav2_common/share/nav2_common/environment/path.dsv
[2.803s] -- Symlinking: /home/lhl/nav2_ws/install/nav2_common/share/nav2_common/local_setup.bash
[2.810s] -- Symlinking: /home/lhl/nav2_ws/install/nav2_common/share/nav2_common/local_setup.sh
[2.816s] -- Symlinking: /home/lhl/nav2_ws/install/nav2_common/share/nav2_common/local_setup.zsh
[2.823s] -- Symlinking: /home/lhl/nav2_ws/install/nav2_common/share/nav2_common/local_setup.dsv
[2.830s] -- Symlinking: /home/lhl/nav2_ws/install/nav2_common/share/nav2_common/package.dsv
[2.837s] -- Symlinking: /home/lhl/nav2_ws/install/nav2_common/share/ament_index/resource_index/packages/nav2_common
[2.844s] -- Symlinking: /home/lhl/nav2_ws/install/nav2_common/share/nav2_common/cmake/nav2_common-extras.cmake
[2.851s] -- Symlinking: /home/lhl/nav2_ws/install/nav2_common/share/nav2_common/cmake/nav2_commonConfig.cmake
[2.858s] -- Symlinking: /home/lhl/nav2_ws/install/nav2_common/share/nav2_common/cmake/nav2_commonConfig-version.cmake
[2.865s] -- Symlinking: /home/lhl/nav2_ws/install/nav2_common/share/nav2_common/package.xml
[2.872s] -- Symlinking: /home/lhl/nav2_ws/install/nav2_common/share/nav2_common/cmake/nav2_package.cmake
[2.925s] Listing '/home/lhl/nav2_ws/install/nav2_common/local/lib/python3.10/dist-packages/nav2_common'...
[2.925s] Compiling '/home/lhl/nav2_ws/install/nav2_common/local/lib/python3.10/dist-packages/nav2_common/__init__.py'...
[2.926s] Listing '/home/lhl/nav2_ws/install/nav2_common/local/lib/python3.10/dist-packages/nav2_common/launch'...
[2.926s] Compiling '/home/lhl/nav2_ws/install/nav2_common/local/lib/python3.10/dist-packages/nav2_common/launch/__init__.py'...
[2.926s] Compiling '/home/lhl/nav2_ws/install/nav2_common/local/lib/python3.10/dist-packages/nav2_common/launch/has_node_params.py'...
[2.926s] Compiling '/home/lhl/nav2_ws/install/nav2_common/local/lib/python3.10/dist-packages/nav2_common/launch/replace_string.py'...
[2.926s] Compiling '/home/lhl/nav2_ws/install/nav2_common/local/lib/python3.10/dist-packages/nav2_common/launch/rewritten_yaml.py'...
[2.931s] Invoked command in '/home/lhl/nav2_ws/build/nav2_common' returned '0': CMAKE_PREFIX_PATH=/opt/ros/humble /usr/bin/cmake --install /home/lhl/nav2_ws/build/nav2_common
