[0.031s] Invoking command in '/home/lhl/nav2_ws/build/nav2_planner': AMENT_PREFIX_PATH=/home/lhl/nav2_ws/install/nav2_core:/home/lhl/nav2_ws/install/nav2_costmap_2d:/home/lhl/nav2_ws/install/nav2_util:/home/lhl/nav2_ws/install/nav2_voxel_grid:/home/lhl/nav2_ws/install/nav2_msgs:/home/lhl/nav2_ws/install/nav2_common:${AMENT_PREFIX_PATH} CMAKE_PREFIX_PATH=/home/lhl/nav2_ws/install/nav2_core:/home/lhl/nav2_ws/install/nav2_costmap_2d:/home/lhl/nav2_ws/install/nav2_util:/home/lhl/nav2_ws/install/nav2_voxel_grid:/home/lhl/nav2_ws/install/nav2_msgs:/home/lhl/nav2_ws/install/nav2_common:/opt/ros/humble LD_LIBRARY_PATH=/home/lhl/nav2_ws/install/nav2_costmap_2d/lib:/home/lhl/nav2_ws/install/nav2_util/lib:/home/lhl/nav2_ws/install/nav2_voxel_grid/lib:/home/lhl/nav2_ws/install/nav2_msgs/lib:${LD_LIBRARY_PATH} PYTHONPATH=/home/lhl/nav2_ws/install/nav2_msgs/local/lib/python3.10/dist-packages:/home/lhl/nav2_ws/install/nav2_common/local/lib/python3.10/dist-packages:${PYTHONPATH} /usr/bin/cmake /home/lhl/nav2_ws/src/navigation2/nav2_planner -DAMENT_CMAKE_SYMLINK_INSTALL=1 -DCMAKE_INSTALL_PREFIX=/home/lhl/nav2_ws/install/nav2_planner
[12.381s] -- The C compiler identification is GNU 11.3.0
[12.381s] -- The CXX compiler identification is GNU 11.3.0
[12.381s] -- Detecting C compiler ABI info
[12.382s] -- Detecting C compiler ABI info - done
[12.382s] -- Check for working C compiler: /usr/bin/cc - skipped
[12.382s] -- Detecting C compile features
[12.382s] -- Detecting C compile features - done
[12.382s] -- Detecting CXX compiler ABI info
[12.382s] -- Detecting CXX compiler ABI info - done
[12.382s] -- Check for working CXX compiler: /usr/bin/c++ - skipped
[12.382s] -- Detecting CXX compile features
[12.383s] -- Detecting CXX compile features - done
[12.383s] -- Found ament_cmake: 1.3.4 (/opt/ros/humble/share/ament_cmake/cmake)
[12.383s] -- Found Python3: /usr/bin/python3.10 (found version "3.10.6") found components: Interpreter 
[12.383s] -- Override CMake install command with custom implementation using symlinks instead of copying resources
[12.383s] -- Found nav2_common: 1.1.6 (/home/lhl/nav2_ws/install/nav2_common/share/nav2_common/cmake)
[12.383s] -- Found rclcpp: 16.0.4 (/opt/ros/humble/share/rclcpp/cmake)
[12.383s] -- Found rosidl_generator_c: 3.1.4 (/opt/ros/humble/share/rosidl_generator_c/cmake)
[12.383s] -- Found rosidl_adapter: 3.1.4 (/opt/ros/humble/share/rosidl_adapter/cmake)
[12.383s] -- Found rosidl_generator_cpp: 3.1.4 (/opt/ros/humble/share/rosidl_generator_cpp/cmake)
[12.384s] -- Using all available rosidl_typesupport_c: rosidl_typesupport_fastrtps_c;rosidl_typesupport_introspection_c
[12.384s] -- Using all available rosidl_typesupport_cpp: rosidl_typesupport_fastrtps_cpp;rosidl_typesupport_introspection_cpp
[12.384s] -- Found rmw_implementation_cmake: 6.1.1 (/opt/ros/humble/share/rmw_implementation_cmake/cmake)
[12.384s] -- Found rmw_fastrtps_cpp: 6.2.2 (/opt/ros/humble/share/rmw_fastrtps_cpp/cmake)
[12.384s] -- Found OpenSSL: /usr/lib/x86_64-linux-gnu/libcrypto.so (found version "3.0.2")  
[12.384s] -- Found FastRTPS: /opt/ros/humble/include  
[12.384s] -- Using RMW implementation 'rmw_fastrtps_cpp' as default
[12.384s] -- Looking for pthread.h
[12.384s] -- Looking for pthread.h - found
[12.384s] -- Performing Test CMAKE_HAVE_LIBC_PTHREAD
[12.384s] -- Performing Test CMAKE_HAVE_LIBC_PTHREAD - Success
[12.385s] -- Found Threads: TRUE  
[12.385s] -- Found rclcpp_action: 16.0.4 (/opt/ros/humble/share/rclcpp_action/cmake)
[12.385s] -- Found rclcpp_lifecycle: 16.0.4 (/opt/ros/humble/share/rclcpp_lifecycle/cmake)
[12.385s] -- Found rclcpp_components: 16.0.4 (/opt/ros/humble/share/rclcpp_components/cmake)
[12.385s] -- Found visualization_msgs: 4.2.3 (/opt/ros/humble/share/visualization_msgs/cmake)
[12.385s] -- Found nav2_util: 1.1.6 (/home/lhl/nav2_ws/install/nav2_util/share/nav2_util/cmake)
[12.385s] -- Found eigen3_cmake_module: 0.1.1 (/opt/ros/humble/share/eigen3_cmake_module/cmake)
[12.385s] -- Found Eigen3: TRUE (found version "3.4.0") 
[12.385s] -- Ensuring Eigen3 include directory is part of orocos-kdl CMake target
[12.385s] -- Found nav2_costmap_2d: 1.1.6 (/home/lhl/nav2_ws/install/nav2_costmap_2d/share/nav2_costmap_2d/cmake)
[12.385s] -- Found nav2_core: 1.1.6 (/home/lhl/nav2_ws/install/nav2_core/share/nav2_core/cmake)
[12.386s] -- Setting build type to Release as none was specified.
[25.453s] -- Found ament_lint_auto: 0.12.6 (/opt/ros/humble/share/ament_lint_auto/cmake)
[25.457s] -- Found ament_cmake_gtest: 1.3.4 (/opt/ros/humble/share/ament_cmake_gtest/cmake)
[25.615s] -- Found gtest sources under '/opt/ros/humble/src/gtest_vendor': C++ tests using 'Google Test' will be built
[34.231s] -- Added test 'copyright' to check source files copyright and LICENSE
[34.233s] -- Added test 'cppcheck' to perform static code analysis on C / C++ code
[34.234s] -- Configured cppcheck include dirs: /home/lhl/nav2_ws/src/navigation2/nav2_planner/include
[34.234s] -- Configured cppcheck exclude dirs and/or files: 
[34.236s] -- Added test 'cpplint' to check C / C++ code against the Google style
[34.236s] -- Configured cpplint exclude dirs and/or files: 
[34.237s] -- Added test 'lint_cmake' to check CMake code style
[34.239s] -- Added test 'uncrustify' to check C / C++ code style
[34.239s] -- Configured uncrustify additional arguments: 
[34.240s] -- Added test 'xmllint' to check XML markup files
[34.246s] -- Configuring done
[34.482s] -- Generating done
[34.486s] -- Build files have been written to: /home/lhl/nav2_ws/build/nav2_planner
[34.513s] Invoked command in '/home/lhl/nav2_ws/build/nav2_planner' returned '0': AMENT_PREFIX_PATH=/home/lhl/nav2_ws/install/nav2_core:/home/lhl/nav2_ws/install/nav2_costmap_2d:/home/lhl/nav2_ws/install/nav2_util:/home/lhl/nav2_ws/install/nav2_voxel_grid:/home/lhl/nav2_ws/install/nav2_msgs:/home/lhl/nav2_ws/install/nav2_common:${AMENT_PREFIX_PATH} CMAKE_PREFIX_PATH=/home/lhl/nav2_ws/install/nav2_core:/home/lhl/nav2_ws/install/nav2_costmap_2d:/home/lhl/nav2_ws/install/nav2_util:/home/lhl/nav2_ws/install/nav2_voxel_grid:/home/lhl/nav2_ws/install/nav2_msgs:/home/lhl/nav2_ws/install/nav2_common:/opt/ros/humble LD_LIBRARY_PATH=/home/lhl/nav2_ws/install/nav2_costmap_2d/lib:/home/lhl/nav2_ws/install/nav2_util/lib:/home/lhl/nav2_ws/install/nav2_voxel_grid/lib:/home/lhl/nav2_ws/install/nav2_msgs/lib:${LD_LIBRARY_PATH} PYTHONPATH=/home/lhl/nav2_ws/install/nav2_msgs/local/lib/python3.10/dist-packages:/home/lhl/nav2_ws/install/nav2_common/local/lib/python3.10/dist-packages:${PYTHONPATH} /usr/bin/cmake /home/lhl/nav2_ws/src/navigation2/nav2_planner -DAMENT_CMAKE_SYMLINK_INSTALL=1 -DCMAKE_INSTALL_PREFIX=/home/lhl/nav2_ws/install/nav2_planner
[34.514s] Invoking command in '/home/lhl/nav2_ws/build/nav2_planner': AMENT_PREFIX_PATH=/home/lhl/nav2_ws/install/nav2_core:/home/lhl/nav2_ws/install/nav2_costmap_2d:/home/lhl/nav2_ws/install/nav2_util:/home/lhl/nav2_ws/install/nav2_voxel_grid:/home/lhl/nav2_ws/install/nav2_msgs:/home/lhl/nav2_ws/install/nav2_common:${AMENT_PREFIX_PATH} CMAKE_PREFIX_PATH=/home/lhl/nav2_ws/install/nav2_core:/home/lhl/nav2_ws/install/nav2_costmap_2d:/home/lhl/nav2_ws/install/nav2_util:/home/lhl/nav2_ws/install/nav2_voxel_grid:/home/lhl/nav2_ws/install/nav2_msgs:/home/lhl/nav2_ws/install/nav2_common:/opt/ros/humble LD_LIBRARY_PATH=/home/lhl/nav2_ws/install/nav2_costmap_2d/lib:/home/lhl/nav2_ws/install/nav2_util/lib:/home/lhl/nav2_ws/install/nav2_voxel_grid/lib:/home/lhl/nav2_ws/install/nav2_msgs/lib:${LD_LIBRARY_PATH} PYTHONPATH=/home/lhl/nav2_ws/install/nav2_msgs/local/lib/python3.10/dist-packages:/home/lhl/nav2_ws/install/nav2_common/local/lib/python3.10/dist-packages:${PYTHONPATH} /usr/bin/cmake --build /home/lhl/nav2_ws/build/nav2_planner -- -j8 -l8
[53.240s] [ 10%] [32mBuilding CXX object CMakeFiles/planner_server_core.dir/src/planner_server.cpp.o[0m
[64.850s] [ 20%] [32m[1mLinking CXX shared library libplanner_server_core.so[0m
[65.349s] [ 20%] Built target planner_server_core
[65.375s] [ 30%] [32mBuilding CXX object gtest/CMakeFiles/gtest.dir/src/gtest-all.cc.o[0m
[77.246s] [ 40%] [32m[1mLinking CXX static library libgtest.a[0m
[77.306s] [ 40%] Built target gtest
[77.347s] [ 50%] [32mBuilding CXX object CMakeFiles/planner_server.dir/src/main.cpp.o[0m
[86.706s] [ 60%] [32m[1mLinking CXX executable planner_server[0m
[87.115s] [ 60%] Built target planner_server
[87.145s] [ 70%] [32mBuilding CXX object gtest/CMakeFiles/gtest_main.dir/src/gtest_main.cc.o[0m
[88.889s] [ 80%] [32m[1mLinking CXX static library libgtest_main.a[0m
[88.935s] [ 80%] Built target gtest_main
[88.971s] [ 90%] [32mBuilding CXX object test/CMakeFiles/test_dynamic_parameters.dir/test_dynamic_parameters.cpp.o[0m
[99.929s] [100%] [32m[1mLinking CXX executable test_dynamic_parameters[0m
[100.507s] [100%] Built target test_dynamic_parameters
[100.525s] Invoked command in '/home/lhl/nav2_ws/build/nav2_planner' returned '0': AMENT_PREFIX_PATH=/home/lhl/nav2_ws/install/nav2_core:/home/lhl/nav2_ws/install/nav2_costmap_2d:/home/lhl/nav2_ws/install/nav2_util:/home/lhl/nav2_ws/install/nav2_voxel_grid:/home/lhl/nav2_ws/install/nav2_msgs:/home/lhl/nav2_ws/install/nav2_common:${AMENT_PREFIX_PATH} CMAKE_PREFIX_PATH=/home/lhl/nav2_ws/install/nav2_core:/home/lhl/nav2_ws/install/nav2_costmap_2d:/home/lhl/nav2_ws/install/nav2_util:/home/lhl/nav2_ws/install/nav2_voxel_grid:/home/lhl/nav2_ws/install/nav2_msgs:/home/lhl/nav2_ws/install/nav2_common:/opt/ros/humble LD_LIBRARY_PATH=/home/lhl/nav2_ws/install/nav2_costmap_2d/lib:/home/lhl/nav2_ws/install/nav2_util/lib:/home/lhl/nav2_ws/install/nav2_voxel_grid/lib:/home/lhl/nav2_ws/install/nav2_msgs/lib:${LD_LIBRARY_PATH} PYTHONPATH=/home/lhl/nav2_ws/install/nav2_msgs/local/lib/python3.10/dist-packages:/home/lhl/nav2_ws/install/nav2_common/local/lib/python3.10/dist-packages:${PYTHONPATH} /usr/bin/cmake --build /home/lhl/nav2_ws/build/nav2_planner -- -j8 -l8
[100.591s] Invoking command in '/home/lhl/nav2_ws/build/nav2_planner': AMENT_PREFIX_PATH=/home/lhl/nav2_ws/install/nav2_core:/home/lhl/nav2_ws/install/nav2_costmap_2d:/home/lhl/nav2_ws/install/nav2_util:/home/lhl/nav2_ws/install/nav2_voxel_grid:/home/lhl/nav2_ws/install/nav2_msgs:/home/lhl/nav2_ws/install/nav2_common:${AMENT_PREFIX_PATH} CMAKE_PREFIX_PATH=/home/lhl/nav2_ws/install/nav2_core:/home/lhl/nav2_ws/install/nav2_costmap_2d:/home/lhl/nav2_ws/install/nav2_util:/home/lhl/nav2_ws/install/nav2_voxel_grid:/home/lhl/nav2_ws/install/nav2_msgs:/home/lhl/nav2_ws/install/nav2_common:/opt/ros/humble LD_LIBRARY_PATH=/home/lhl/nav2_ws/install/nav2_costmap_2d/lib:/home/lhl/nav2_ws/install/nav2_util/lib:/home/lhl/nav2_ws/install/nav2_voxel_grid/lib:/home/lhl/nav2_ws/install/nav2_msgs/lib:${LD_LIBRARY_PATH} PYTHONPATH=/home/lhl/nav2_ws/install/nav2_msgs/local/lib/python3.10/dist-packages:/home/lhl/nav2_ws/install/nav2_common/local/lib/python3.10/dist-packages:${PYTHONPATH} /usr/bin/cmake --install /home/lhl/nav2_ws/build/nav2_planner
[132.921s] -- Install configuration: "Release"
[132.922s] -- Execute custom install script
[132.922s] -- Symlinking: /home/lhl/nav2_ws/install/nav2_planner/lib/libplanner_server_core.so
[132.922s] -- Symlinking: /home/lhl/nav2_ws/install/nav2_planner/lib/nav2_planner/planner_server
[132.922s] -- Symlinking: /home/lhl/nav2_ws/install/nav2_planner/include//nav2_planner/planner_server.hpp
[132.922s] -- Symlinking: /home/lhl/nav2_ws/install/nav2_planner/share/nav2_planner/environment/library_path.sh
[132.922s] -- Symlinking: /home/lhl/nav2_ws/install/nav2_planner/share/nav2_planner/environment/library_path.dsv
[132.922s] -- Symlinking: /home/lhl/nav2_ws/install/nav2_planner/share/ament_index/resource_index/package_run_dependencies/nav2_planner
[132.922s] -- Symlinking: /home/lhl/nav2_ws/install/nav2_planner/share/ament_index/resource_index/parent_prefix_path/nav2_planner
[132.922s] -- Symlinking: /home/lhl/nav2_ws/install/nav2_planner/share/nav2_planner/environment/ament_prefix_path.sh
[132.922s] -- Symlinking: /home/lhl/nav2_ws/install/nav2_planner/share/nav2_planner/environment/ament_prefix_path.dsv
[132.923s] -- Symlinking: /home/lhl/nav2_ws/install/nav2_planner/share/nav2_planner/environment/path.sh
[132.923s] -- Symlinking: /home/lhl/nav2_ws/install/nav2_planner/share/nav2_planner/environment/path.dsv
[132.923s] -- Symlinking: /home/lhl/nav2_ws/install/nav2_planner/share/nav2_planner/local_setup.bash
[132.923s] -- Symlinking: /home/lhl/nav2_ws/install/nav2_planner/share/nav2_planner/local_setup.sh
[132.923s] -- Symlinking: /home/lhl/nav2_ws/install/nav2_planner/share/nav2_planner/local_setup.zsh
[132.923s] -- Symlinking: /home/lhl/nav2_ws/install/nav2_planner/share/nav2_planner/local_setup.dsv
[132.923s] -- Symlinking: /home/lhl/nav2_ws/install/nav2_planner/share/nav2_planner/package.dsv
[132.923s] -- Symlinking: /home/lhl/nav2_ws/install/nav2_planner/share/ament_index/resource_index/packages/nav2_planner
[132.923s] -- Symlinking: /home/lhl/nav2_ws/install/nav2_planner/share/ament_index/resource_index/rclcpp_components/nav2_planner
[132.924s] -- Symlinking: /home/lhl/nav2_ws/install/nav2_planner/share/nav2_planner/cmake/ament_cmake_export_include_directories-extras.cmake
[132.924s] -- Symlinking: /home/lhl/nav2_ws/install/nav2_planner/share/nav2_planner/cmake/ament_cmake_export_libraries-extras.cmake
[132.924s] -- Symlinking: /home/lhl/nav2_ws/install/nav2_planner/share/nav2_planner/cmake/ament_cmake_export_dependencies-extras.cmake
[132.924s] -- Symlinking: /home/lhl/nav2_ws/install/nav2_planner/share/nav2_planner/cmake/nav2_plannerConfig.cmake
[132.924s] -- Symlinking: /home/lhl/nav2_ws/install/nav2_planner/share/nav2_planner/cmake/nav2_plannerConfig-version.cmake
[132.924s] -- Symlinking: /home/lhl/nav2_ws/install/nav2_planner/share/nav2_planner/package.xml
[132.955s] Invoked command in '/home/lhl/nav2_ws/build/nav2_planner' returned '0': AMENT_PREFIX_PATH=/home/lhl/nav2_ws/install/nav2_core:/home/lhl/nav2_ws/install/nav2_costmap_2d:/home/lhl/nav2_ws/install/nav2_util:/home/lhl/nav2_ws/install/nav2_voxel_grid:/home/lhl/nav2_ws/install/nav2_msgs:/home/lhl/nav2_ws/install/nav2_common:${AMENT_PREFIX_PATH} CMAKE_PREFIX_PATH=/home/lhl/nav2_ws/install/nav2_core:/home/lhl/nav2_ws/install/nav2_costmap_2d:/home/lhl/nav2_ws/install/nav2_util:/home/lhl/nav2_ws/install/nav2_voxel_grid:/home/lhl/nav2_ws/install/nav2_msgs:/home/lhl/nav2_ws/install/nav2_common:/opt/ros/humble LD_LIBRARY_PATH=/home/lhl/nav2_ws/install/nav2_costmap_2d/lib:/home/lhl/nav2_ws/install/nav2_util/lib:/home/lhl/nav2_ws/install/nav2_voxel_grid/lib:/home/lhl/nav2_ws/install/nav2_msgs/lib:${LD_LIBRARY_PATH} PYTHONPATH=/home/lhl/nav2_ws/install/nav2_msgs/local/lib/python3.10/dist-packages:/home/lhl/nav2_ws/install/nav2_common/local/lib/python3.10/dist-packages:${PYTHONPATH} /usr/bin/cmake --install /home/lhl/nav2_ws/build/nav2_planner
