-- Found ament_cmake: 1.3.4 (/opt/ros/humble/share/ament_cmake/cmake)
-- Override CMake install command with custom implementation using symlinks instead of copying resources
-- Found nav2_common: 1.1.6 (/home/lhl/nav2_ws/install/nav2_common/share/nav2_common/cmake)
-- Found nav2_msgs: 1.1.6 (/home/lhl/nav2_ws/install/nav2_msgs/share/nav2_msgs/cmake)
-- Found rosidl_generator_c: 3.1.4 (/opt/ros/humble/share/rosidl_generator_c/cmake)
-- Found rosidl_adapter: 3.1.4 (/opt/ros/humble/share/rosidl_adapter/cmake)
-- Found rosidl_generator_cpp: 3.1.4 (/opt/ros/humble/share/rosidl_generator_cpp/cmake)
-- Using all available rosidl_typesupport_c: rosidl_typesupport_fastrtps_c;rosidl_typesupport_introspection_c
-- Using all available rosidl_typesupport_cpp: rosidl_typesupport_fastrtps_cpp;rosidl_typesupport_introspection_cpp
-- Found tf2_ros: 0.25.2 (/opt/ros/humble/share/tf2_ros/cmake)
-- Found rmw_implementation_cmake: 6.1.1 (/opt/ros/humble/share/rmw_implementation_cmake/cmake)
-- Found rmw_fastrtps_cpp: 6.2.2 (/opt/ros/humble/share/rmw_fastrtps_cpp/cmake)
-- Using RMW implementation 'rmw_fastrtps_cpp' as default
-- Found tf2_geometry_msgs: 0.25.2 (/opt/ros/humble/share/tf2_geometry_msgs/cmake)
-- Found eigen3_cmake_module: 0.1.1 (/opt/ros/humble/share/eigen3_cmake_module/cmake)
-- Ensuring Eigen3 include directory is part of orocos-kdl CMake target
-- Found lifecycle_msgs: 1.2.1 (/opt/ros/humble/share/lifecycle_msgs/cmake)
-- Found rclcpp_lifecycle: 16.0.4 (/opt/ros/humble/share/rclcpp_lifecycle/cmake)
-- Found bondcpp: 3.0.2 (/opt/ros/humble/share/bondcpp/cmake)
-- Found ament_lint_auto: 0.12.6 (/opt/ros/humble/share/ament_lint_auto/cmake)
-- Found ament_cmake_pytest: 1.3.4 (/opt/ros/humble/share/ament_cmake_pytest/cmake)
-- Found launch_testing_ament_cmake: 1.0.4 (/opt/ros/humble/share/launch_testing_ament_cmake/cmake)
-- Found python_cmake_module: 0.10.0 (/opt/ros/humble/share/python_cmake_module/cmake)
-- Using PYTHON_EXECUTABLE: /usr/bin/python3
-- Using PYTHON_INCLUDE_DIRS: /usr/include/python3.10
-- Using PYTHON_LIBRARIES: /usr/lib/x86_64-linux-gnu/libpython3.10.so
-- Found gtest sources under '/opt/ros/humble/src/gtest_vendor': C++ tests using 'Google Test' will be built
-- Added test 'copyright' to check source files copyright and LICENSE
-- Added test 'cppcheck' to perform static code analysis on C / C++ code
-- Configured cppcheck include dirs: /home/lhl/nav2_ws/src/navigation2/nav2_util/include
-- Configured cppcheck exclude dirs and/or files: 
-- Added test 'cpplint' to check C / C++ code against the Google style
-- Configured cpplint exclude dirs and/or files: 
-- Added test 'lint_cmake' to check CMake code style
-- Added test 'uncrustify' to check C / C++ code style
-- Configured uncrustify additional arguments: 
-- Added test 'xmllint' to check XML markup files
-- Configuring done
-- Generating done
-- Build files have been written to: /home/lhl/nav2_ws/build/nav2_util
[35m[1mConsolidate compiler generated dependencies of target gtest_main[0m
[35m[1mConsolidate compiler generated dependencies of target gtest[0m
[35m[1mConsolidate compiler generated dependencies of target nav2_util_core[0m
[  5%] Built target gtest_main
[ 10%] Built target gtest
[35m[1mConsolidate compiler generated dependencies of target test_execution_timer[0m
[ 15%] Built target test_execution_timer
[ 42%] Built target nav2_util_core
[35m[1mConsolidate compiler generated dependencies of target lifecycle_bringup[0m
[35m[1mConsolidate compiler generated dependencies of target test_node_utils[0m
[35m[1mConsolidate compiler generated dependencies of target test_string_utils[0m
[35m[1mConsolidate compiler generated dependencies of target test_lifecycle_utils[0m
[35m[1mConsolidate compiler generated dependencies of target test_lifecycle_cli_node[0m
[35m[1mConsolidate compiler generated dependencies of target test_service_client[0m
[35m[1mConsolidate compiler generated dependencies of target test_actions[0m
[35m[1mConsolidate compiler generated dependencies of target test_lifecycle_node[0m
[ 47%] Built target lifecycle_bringup
[ 52%] Built target test_node_utils
[ 60%] Built target test_string_utils
[ 63%] Built target test_lifecycle_utils
[ 68%] Built target test_service_client
[ 73%] Built target test_lifecycle_node
[35m[1mConsolidate compiler generated dependencies of target test_geometry_utils[0m
[ 78%] Built target test_actions
[ 84%] Built target test_lifecycle_cli_node
[35m[1mConsolidate compiler generated dependencies of target test_odometry_utils[0m
[35m[1mConsolidate compiler generated dependencies of target test_robot_utils[0m
[ 89%] Built target test_geometry_utils
[ 94%] Built target test_odometry_utils
[100%] Built target test_robot_utils
-- Install configuration: "Release"
-- Execute custom install script
-- Up-to-date symlink: /home/lhl/nav2_ws/install/nav2_util/lib/libnav2_util_core.so
-- Up-to-date symlink: /home/lhl/nav2_ws/install/nav2_util/lib/nav2_util/lifecycle_bringup
-- Up-to-date symlink: /home/lhl/nav2_ws/install/nav2_util/include//nav2_util/clear_entirely_costmap_service_client.hpp
-- Up-to-date symlink: /home/lhl/nav2_ws/install/nav2_util/include//nav2_util/costmap.hpp
-- Up-to-date symlink: /home/lhl/nav2_ws/install/nav2_util/include//nav2_util/execution_timer.hpp
-- Up-to-date symlink: /home/lhl/nav2_ws/install/nav2_util/include//nav2_util/geometry_utils.hpp
-- Up-to-date symlink: /home/lhl/nav2_ws/install/nav2_util/include//nav2_util/lifecycle_node.hpp
-- Up-to-date symlink: /home/lhl/nav2_ws/install/nav2_util/include//nav2_util/lifecycle_service_client.hpp
-- Up-to-date symlink: /home/lhl/nav2_ws/install/nav2_util/include//nav2_util/lifecycle_utils.hpp
-- Up-to-date symlink: /home/lhl/nav2_ws/install/nav2_util/include//nav2_util/line_iterator.hpp
-- Up-to-date symlink: /home/lhl/nav2_ws/install/nav2_util/include//nav2_util/node_thread.hpp
-- Up-to-date symlink: /home/lhl/nav2_ws/install/nav2_util/include//nav2_util/node_utils.hpp
-- Up-to-date symlink: /home/lhl/nav2_ws/install/nav2_util/include//nav2_util/occ_grid_values.hpp
-- Up-to-date symlink: /home/lhl/nav2_ws/install/nav2_util/include//nav2_util/odometry_utils.hpp
-- Up-to-date symlink: /home/lhl/nav2_ws/install/nav2_util/include//nav2_util/robot_utils.hpp
-- Up-to-date symlink: /home/lhl/nav2_ws/install/nav2_util/include//nav2_util/service_client.hpp
-- Up-to-date symlink: /home/lhl/nav2_ws/install/nav2_util/include//nav2_util/simple_action_server.hpp
-- Up-to-date symlink: /home/lhl/nav2_ws/install/nav2_util/include//nav2_util/string_utils.hpp
-- Up-to-date symlink: /home/lhl/nav2_ws/install/nav2_util/share/nav2_util/environment/library_path.sh
-- Up-to-date symlink: /home/lhl/nav2_ws/install/nav2_util/share/nav2_util/environment/library_path.dsv
-- Up-to-date symlink: /home/lhl/nav2_ws/install/nav2_util/share/ament_index/resource_index/package_run_dependencies/nav2_util
-- Up-to-date symlink: /home/lhl/nav2_ws/install/nav2_util/share/ament_index/resource_index/parent_prefix_path/nav2_util
-- Up-to-date symlink: /home/lhl/nav2_ws/install/nav2_util/share/nav2_util/environment/ament_prefix_path.sh
-- Up-to-date symlink: /home/lhl/nav2_ws/install/nav2_util/share/nav2_util/environment/ament_prefix_path.dsv
-- Up-to-date symlink: /home/lhl/nav2_ws/install/nav2_util/share/nav2_util/environment/path.sh
-- Up-to-date symlink: /home/lhl/nav2_ws/install/nav2_util/share/nav2_util/environment/path.dsv
-- Up-to-date symlink: /home/lhl/nav2_ws/install/nav2_util/share/nav2_util/local_setup.bash
-- Up-to-date symlink: /home/lhl/nav2_ws/install/nav2_util/share/nav2_util/local_setup.sh
-- Up-to-date symlink: /home/lhl/nav2_ws/install/nav2_util/share/nav2_util/local_setup.zsh
-- Up-to-date symlink: /home/lhl/nav2_ws/install/nav2_util/share/nav2_util/local_setup.dsv
-- Symlinking: /home/lhl/nav2_ws/install/nav2_util/share/nav2_util/package.dsv
-- Up-to-date symlink: /home/lhl/nav2_ws/install/nav2_util/share/ament_index/resource_index/packages/nav2_util
-- Up-to-date symlink: /home/lhl/nav2_ws/install/nav2_util/share/nav2_util/cmake/ament_cmake_export_include_directories-extras.cmake
-- Up-to-date symlink: /home/lhl/nav2_ws/install/nav2_util/share/nav2_util/cmake/ament_cmake_export_libraries-extras.cmake
-- Up-to-date symlink: /home/lhl/nav2_ws/install/nav2_util/share/nav2_util/cmake/ament_cmake_export_dependencies-extras.cmake
-- Up-to-date symlink: /home/lhl/nav2_ws/install/nav2_util/share/nav2_util/cmake/nav2_utilConfig.cmake
-- Up-to-date symlink: /home/lhl/nav2_ws/install/nav2_util/share/nav2_util/cmake/nav2_utilConfig-version.cmake
-- Up-to-date symlink: /home/lhl/nav2_ws/install/nav2_util/share/nav2_util/package.xml
