[0.124s] Invoking command in '/home/lhl/nav2_ws/build/nav2_util': AMENT_PREFIX_PATH=/home/lhl/nav2_ws/install/nav2_msgs:/home/lhl/nav2_ws/install/nav2_common:${AMENT_PREFIX_PATH} CMAKE_PREFIX_PATH=/home/lhl/nav2_ws/install/nav2_msgs:/home/lhl/nav2_ws/install/nav2_common:/opt/ros/humble LD_LIBRARY_PATH=/home/lhl/nav2_ws/install/nav2_msgs/lib:${LD_LIBRARY_PATH} PYTHONPATH=/home/lhl/nav2_ws/install/nav2_msgs/local/lib/python3.10/dist-packages:/home/lhl/nav2_ws/install/nav2_common/local/lib/python3.10/dist-packages:${PYTHONPATH} /usr/bin/cmake /home/lhl/nav2_ws/src/navigation2/nav2_util -DCMAKE_INSTALL_PREFIX=/home/lhl/nav2_ws/install/nav2_util
[0.163s] -- Found ament_cmake: 1.3.4 (/opt/ros/humble/share/ament_cmake/cmake)
[0.358s] -- Override CMake install command with custom implementation using symlinks instead of copying resources
[0.368s] -- Found nav2_common: 1.1.6 (/home/lhl/nav2_ws/install/nav2_common/share/nav2_common/cmake)
[0.368s] -- Found nav2_msgs: 1.1.6 (/home/lhl/nav2_ws/install/nav2_msgs/share/nav2_msgs/cmake)
[0.394s] -- Found rosidl_generator_c: 3.1.4 (/opt/ros/humble/share/rosidl_generator_c/cmake)
[0.396s] -- Found rosidl_adapter: 3.1.4 (/opt/ros/humble/share/rosidl_adapter/cmake)
[0.402s] -- Found rosidl_generator_cpp: 3.1.4 (/opt/ros/humble/share/rosidl_generator_cpp/cmake)
[0.413s] -- Using all available rosidl_typesupport_c: rosidl_typesupport_fastrtps_c;rosidl_typesupport_introspection_c
[0.428s] -- Using all available rosidl_typesupport_cpp: rosidl_typesupport_fastrtps_cpp;rosidl_typesupport_introspection_cpp
[0.971s] -- Found tf2_ros: 0.25.2 (/opt/ros/humble/share/tf2_ros/cmake)
[1.380s] -- Found rmw_implementation_cmake: 6.1.1 (/opt/ros/humble/share/rmw_implementation_cmake/cmake)
[1.382s] -- Found rmw_fastrtps_cpp: 6.2.2 (/opt/ros/humble/share/rmw_fastrtps_cpp/cmake)
[1.519s] -- Using RMW implementation 'rmw_fastrtps_cpp' as default
[1.994s] -- Found tf2_geometry_msgs: 0.25.2 (/opt/ros/humble/share/tf2_geometry_msgs/cmake)
[2.043s] -- Found eigen3_cmake_module: 0.1.1 (/opt/ros/humble/share/eigen3_cmake_module/cmake)
[2.047s] -- Ensuring Eigen3 include directory is part of orocos-kdl CMake target
[2.072s] -- Found lifecycle_msgs: 1.2.1 (/opt/ros/humble/share/lifecycle_msgs/cmake)
[2.115s] -- Found rclcpp_lifecycle: 16.0.4 (/opt/ros/humble/share/rclcpp_lifecycle/cmake)
[2.165s] -- Found bondcpp: 3.0.2 (/opt/ros/humble/share/bondcpp/cmake)
[2.390s] -- Found ament_lint_auto: 0.12.6 (/opt/ros/humble/share/ament_lint_auto/cmake)
[2.390s] -- Found ament_cmake_pytest: 1.3.4 (/opt/ros/humble/share/ament_cmake_pytest/cmake)
[2.409s] -- Found launch_testing_ament_cmake: 1.0.4 (/opt/ros/humble/share/launch_testing_ament_cmake/cmake)
[2.420s] -- Found python_cmake_module: 0.10.0 (/opt/ros/humble/share/python_cmake_module/cmake)
[2.444s] -- Using PYTHON_EXECUTABLE: /usr/bin/python3
[2.444s] -- Using PYTHON_INCLUDE_DIRS: /usr/include/python3.10
[2.444s] -- Using PYTHON_LIBRARIES: /usr/lib/x86_64-linux-gnu/libpython3.10.so
[2.693s] -- Found gtest sources under '/opt/ros/humble/src/gtest_vendor': C++ tests using 'Google Test' will be built
[2.722s] -- Added test 'copyright' to check source files copyright and LICENSE
[2.724s] -- Added test 'cppcheck' to perform static code analysis on C / C++ code
[2.724s] -- Configured cppcheck include dirs: /home/lhl/nav2_ws/src/navigation2/nav2_util/include
[2.724s] -- Configured cppcheck exclude dirs and/or files: 
[2.726s] -- Added test 'cpplint' to check C / C++ code against the Google style
[2.726s] -- Configured cpplint exclude dirs and/or files: 
[2.727s] -- Added test 'lint_cmake' to check CMake code style
[2.730s] -- Added test 'uncrustify' to check C / C++ code style
[2.730s] -- Configured uncrustify additional arguments: 
[2.731s] -- Added test 'xmllint' to check XML markup files
[2.735s] -- Configuring done
[3.125s] -- Generating done
[3.147s] -- Build files have been written to: /home/lhl/nav2_ws/build/nav2_util
[3.168s] Invoked command in '/home/lhl/nav2_ws/build/nav2_util' returned '0': AMENT_PREFIX_PATH=/home/lhl/nav2_ws/install/nav2_msgs:/home/lhl/nav2_ws/install/nav2_common:${AMENT_PREFIX_PATH} CMAKE_PREFIX_PATH=/home/lhl/nav2_ws/install/nav2_msgs:/home/lhl/nav2_ws/install/nav2_common:/opt/ros/humble LD_LIBRARY_PATH=/home/lhl/nav2_ws/install/nav2_msgs/lib:${LD_LIBRARY_PATH} PYTHONPATH=/home/lhl/nav2_ws/install/nav2_msgs/local/lib/python3.10/dist-packages:/home/lhl/nav2_ws/install/nav2_common/local/lib/python3.10/dist-packages:${PYTHONPATH} /usr/bin/cmake /home/lhl/nav2_ws/src/navigation2/nav2_util -DCMAKE_INSTALL_PREFIX=/home/lhl/nav2_ws/install/nav2_util
[3.171s] Invoking command in '/home/lhl/nav2_ws/build/nav2_util': AMENT_PREFIX_PATH=/home/lhl/nav2_ws/install/nav2_msgs:/home/lhl/nav2_ws/install/nav2_common:${AMENT_PREFIX_PATH} CMAKE_PREFIX_PATH=/home/lhl/nav2_ws/install/nav2_msgs:/home/lhl/nav2_ws/install/nav2_common:/opt/ros/humble LD_LIBRARY_PATH=/home/lhl/nav2_ws/install/nav2_msgs/lib:${LD_LIBRARY_PATH} PYTHONPATH=/home/lhl/nav2_ws/install/nav2_msgs/local/lib/python3.10/dist-packages:/home/lhl/nav2_ws/install/nav2_common/local/lib/python3.10/dist-packages:${PYTHONPATH} /usr/bin/cmake --build /home/lhl/nav2_ws/build/nav2_util -- -j8 -l8
[3.259s] [35m[1mConsolidate compiler generated dependencies of target gtest_main[0m
[3.266s] [35m[1mConsolidate compiler generated dependencies of target gtest[0m
[3.284s] [35m[1mConsolidate compiler generated dependencies of target nav2_util_core[0m
[3.292s] [  5%] Built target gtest_main
[3.295s] [ 10%] Built target gtest
[3.314s] [35m[1mConsolidate compiler generated dependencies of target test_execution_timer[0m
[3.335s] [ 15%] Built target test_execution_timer
[3.354s] [ 42%] Built target nav2_util_core
[3.369s] [35m[1mConsolidate compiler generated dependencies of target lifecycle_bringup[0m
[3.369s] [35m[1mConsolidate compiler generated dependencies of target test_node_utils[0m
[3.374s] [35m[1mConsolidate compiler generated dependencies of target test_string_utils[0m
[3.375s] [35m[1mConsolidate compiler generated dependencies of target test_lifecycle_utils[0m
[3.377s] [35m[1mConsolidate compiler generated dependencies of target test_lifecycle_cli_node[0m
[3.377s] [35m[1mConsolidate compiler generated dependencies of target test_service_client[0m
[3.379s] [35m[1mConsolidate compiler generated dependencies of target test_actions[0m
[3.387s] [35m[1mConsolidate compiler generated dependencies of target test_lifecycle_node[0m
[3.396s] [ 47%] Built target lifecycle_bringup
[3.406s] [ 52%] Built target test_node_utils
[3.410s] [ 60%] Built target test_string_utils
[3.418s] [ 63%] Built target test_lifecycle_utils
[3.419s] [ 68%] Built target test_service_client
[3.419s] [ 73%] Built target test_lifecycle_node
[3.420s] [35m[1mConsolidate compiler generated dependencies of target test_geometry_utils[0m
[3.420s] [ 78%] Built target test_actions
[3.420s] [ 84%] Built target test_lifecycle_cli_node
[3.422s] [35m[1mConsolidate compiler generated dependencies of target test_odometry_utils[0m
[3.424s] [35m[1mConsolidate compiler generated dependencies of target test_robot_utils[0m
[3.441s] [ 89%] Built target test_geometry_utils
[3.446s] [ 94%] Built target test_odometry_utils
[3.448s] [100%] Built target test_robot_utils
[3.459s] Invoked command in '/home/lhl/nav2_ws/build/nav2_util' returned '0': AMENT_PREFIX_PATH=/home/lhl/nav2_ws/install/nav2_msgs:/home/lhl/nav2_ws/install/nav2_common:${AMENT_PREFIX_PATH} CMAKE_PREFIX_PATH=/home/lhl/nav2_ws/install/nav2_msgs:/home/lhl/nav2_ws/install/nav2_common:/opt/ros/humble LD_LIBRARY_PATH=/home/lhl/nav2_ws/install/nav2_msgs/lib:${LD_LIBRARY_PATH} PYTHONPATH=/home/lhl/nav2_ws/install/nav2_msgs/local/lib/python3.10/dist-packages:/home/lhl/nav2_ws/install/nav2_common/local/lib/python3.10/dist-packages:${PYTHONPATH} /usr/bin/cmake --build /home/lhl/nav2_ws/build/nav2_util -- -j8 -l8
[3.490s] Invoking command in '/home/lhl/nav2_ws/build/nav2_util': AMENT_PREFIX_PATH=/home/lhl/nav2_ws/install/nav2_msgs:/home/lhl/nav2_ws/install/nav2_common:${AMENT_PREFIX_PATH} CMAKE_PREFIX_PATH=/home/lhl/nav2_ws/install/nav2_msgs:/home/lhl/nav2_ws/install/nav2_common:/opt/ros/humble LD_LIBRARY_PATH=/home/lhl/nav2_ws/install/nav2_msgs/lib:${LD_LIBRARY_PATH} PYTHONPATH=/home/lhl/nav2_ws/install/nav2_msgs/local/lib/python3.10/dist-packages:/home/lhl/nav2_ws/install/nav2_common/local/lib/python3.10/dist-packages:${PYTHONPATH} /usr/bin/cmake --install /home/lhl/nav2_ws/build/nav2_util
[3.495s] -- Install configuration: "Release"
[3.496s] -- Execute custom install script
[3.496s] -- Up-to-date symlink: /home/lhl/nav2_ws/install/nav2_util/lib/libnav2_util_core.so
[3.496s] -- Up-to-date symlink: /home/lhl/nav2_ws/install/nav2_util/lib/nav2_util/lifecycle_bringup
[3.497s] -- Up-to-date symlink: /home/lhl/nav2_ws/install/nav2_util/include//nav2_util/clear_entirely_costmap_service_client.hpp
[3.497s] -- Up-to-date symlink: /home/lhl/nav2_ws/install/nav2_util/include//nav2_util/costmap.hpp
[3.497s] -- Up-to-date symlink: /home/lhl/nav2_ws/install/nav2_util/include//nav2_util/execution_timer.hpp
[3.497s] -- Up-to-date symlink: /home/lhl/nav2_ws/install/nav2_util/include//nav2_util/geometry_utils.hpp
[3.497s] -- Up-to-date symlink: /home/lhl/nav2_ws/install/nav2_util/include//nav2_util/lifecycle_node.hpp
[3.498s] -- Up-to-date symlink: /home/lhl/nav2_ws/install/nav2_util/include//nav2_util/lifecycle_service_client.hpp
[3.498s] -- Up-to-date symlink: /home/lhl/nav2_ws/install/nav2_util/include//nav2_util/lifecycle_utils.hpp
[3.498s] -- Up-to-date symlink: /home/lhl/nav2_ws/install/nav2_util/include//nav2_util/line_iterator.hpp
[3.498s] -- Up-to-date symlink: /home/lhl/nav2_ws/install/nav2_util/include//nav2_util/node_thread.hpp
[3.498s] -- Up-to-date symlink: /home/lhl/nav2_ws/install/nav2_util/include//nav2_util/node_utils.hpp
[3.498s] -- Up-to-date symlink: /home/lhl/nav2_ws/install/nav2_util/include//nav2_util/occ_grid_values.hpp
[3.499s] -- Up-to-date symlink: /home/lhl/nav2_ws/install/nav2_util/include//nav2_util/odometry_utils.hpp
[3.499s] -- Up-to-date symlink: /home/lhl/nav2_ws/install/nav2_util/include//nav2_util/robot_utils.hpp
[3.499s] -- Up-to-date symlink: /home/lhl/nav2_ws/install/nav2_util/include//nav2_util/service_client.hpp
[3.499s] -- Up-to-date symlink: /home/lhl/nav2_ws/install/nav2_util/include//nav2_util/simple_action_server.hpp
[3.499s] -- Up-to-date symlink: /home/lhl/nav2_ws/install/nav2_util/include//nav2_util/string_utils.hpp
[3.500s] -- Up-to-date symlink: /home/lhl/nav2_ws/install/nav2_util/share/nav2_util/environment/library_path.sh
[3.500s] -- Up-to-date symlink: /home/lhl/nav2_ws/install/nav2_util/share/nav2_util/environment/library_path.dsv
[3.500s] -- Up-to-date symlink: /home/lhl/nav2_ws/install/nav2_util/share/ament_index/resource_index/package_run_dependencies/nav2_util
[3.500s] -- Up-to-date symlink: /home/lhl/nav2_ws/install/nav2_util/share/ament_index/resource_index/parent_prefix_path/nav2_util
[3.500s] -- Up-to-date symlink: /home/lhl/nav2_ws/install/nav2_util/share/nav2_util/environment/ament_prefix_path.sh
[3.501s] -- Up-to-date symlink: /home/lhl/nav2_ws/install/nav2_util/share/nav2_util/environment/ament_prefix_path.dsv
[3.501s] -- Up-to-date symlink: /home/lhl/nav2_ws/install/nav2_util/share/nav2_util/environment/path.sh
[3.501s] -- Up-to-date symlink: /home/lhl/nav2_ws/install/nav2_util/share/nav2_util/environment/path.dsv
[3.501s] -- Up-to-date symlink: /home/lhl/nav2_ws/install/nav2_util/share/nav2_util/local_setup.bash
[3.502s] -- Up-to-date symlink: /home/lhl/nav2_ws/install/nav2_util/share/nav2_util/local_setup.sh
[3.502s] -- Up-to-date symlink: /home/lhl/nav2_ws/install/nav2_util/share/nav2_util/local_setup.zsh
[3.502s] -- Up-to-date symlink: /home/lhl/nav2_ws/install/nav2_util/share/nav2_util/local_setup.dsv
[3.502s] -- Symlinking: /home/lhl/nav2_ws/install/nav2_util/share/nav2_util/package.dsv
[3.510s] -- Up-to-date symlink: /home/lhl/nav2_ws/install/nav2_util/share/ament_index/resource_index/packages/nav2_util
[3.510s] -- Up-to-date symlink: /home/lhl/nav2_ws/install/nav2_util/share/nav2_util/cmake/ament_cmake_export_include_directories-extras.cmake
[3.510s] -- Up-to-date symlink: /home/lhl/nav2_ws/install/nav2_util/share/nav2_util/cmake/ament_cmake_export_libraries-extras.cmake
[3.510s] -- Up-to-date symlink: /home/lhl/nav2_ws/install/nav2_util/share/nav2_util/cmake/ament_cmake_export_dependencies-extras.cmake
[3.511s] -- Up-to-date symlink: /home/lhl/nav2_ws/install/nav2_util/share/nav2_util/cmake/nav2_utilConfig.cmake
[3.511s] -- Up-to-date symlink: /home/lhl/nav2_ws/install/nav2_util/share/nav2_util/cmake/nav2_utilConfig-version.cmake
[3.511s] -- Up-to-date symlink: /home/lhl/nav2_ws/install/nav2_util/share/nav2_util/package.xml
[3.515s] Invoked command in '/home/lhl/nav2_ws/build/nav2_util' returned '0': AMENT_PREFIX_PATH=/home/lhl/nav2_ws/install/nav2_msgs:/home/lhl/nav2_ws/install/nav2_common:${AMENT_PREFIX_PATH} CMAKE_PREFIX_PATH=/home/lhl/nav2_ws/install/nav2_msgs:/home/lhl/nav2_ws/install/nav2_common:/opt/ros/humble LD_LIBRARY_PATH=/home/lhl/nav2_ws/install/nav2_msgs/lib:${LD_LIBRARY_PATH} PYTHONPATH=/home/lhl/nav2_ws/install/nav2_msgs/local/lib/python3.10/dist-packages:/home/lhl/nav2_ws/install/nav2_common/local/lib/python3.10/dist-packages:${PYTHONPATH} /usr/bin/cmake --install /home/lhl/nav2_ws/build/nav2_util
