-- Found ament_cmake: 1.3.4 (/opt/ros/humble/share/ament_cmake/cmake)
-- Override CMake install command with custom implementation using symlinks instead of copying resources
-- Found nav2_common: 1.1.6 (/home/lhl/nav2_ws/install/nav2_common/share/nav2_common/cmake)
-- Found rclcpp: 16.0.4 (/opt/ros/humble/share/rclcpp/cmake)
-- Found rosidl_generator_c: 3.1.4 (/opt/ros/humble/share/rosidl_generator_c/cmake)
-- Found rosidl_adapter: 3.1.4 (/opt/ros/humble/share/rosidl_adapter/cmake)
-- Found rosidl_generator_cpp: 3.1.4 (/opt/ros/humble/share/rosidl_generator_cpp/cmake)
-- Using all available rosidl_typesupport_c: rosidl_typesupport_fastrtps_c;rosidl_typesupport_introspection_c
-- Using all available rosidl_typesupport_cpp: rosidl_typesupport_fastrtps_cpp;rosidl_typesupport_introspection_cpp
-- Found rmw_implementation_cmake: 6.1.1 (/opt/ros/humble/share/rmw_implementation_cmake/cmake)
-- Found rmw_fastrtps_cpp: 6.2.2 (/opt/ros/humble/share/rmw_fastrtps_cpp/cmake)
-- Using RMW implementation 'rmw_fastrtps_cpp' as default
-- Found rclcpp_action: 16.0.4 (/opt/ros/humble/share/rclcpp_action/cmake)
-- Found rclcpp_lifecycle: 16.0.4 (/opt/ros/humble/share/rclcpp_lifecycle/cmake)
-- Found rclcpp_components: 16.0.4 (/opt/ros/humble/share/rclcpp_components/cmake)
-- Found nav2_behavior_tree: 1.1.6 (/home/lhl/nav2_ws/install/nav2_behavior_tree/share/nav2_behavior_tree/cmake)
-- Found eigen3_cmake_module: 0.1.1 (/opt/ros/humble/share/eigen3_cmake_module/cmake)
-- Ensuring Eigen3 include directory is part of orocos-kdl CMake target
-- Found nav2_costmap_2d: 1.1.6 (/home/lhl/nav2_ws/install/nav2_costmap_2d/share/nav2_costmap_2d/cmake)
-- Found nav2_core: 1.1.6 (/home/lhl/nav2_ws/install/nav2_core/share/nav2_core/cmake)
-- Found ament_lint_auto: 0.12.6 (/opt/ros/humble/share/ament_lint_auto/cmake)
-- Found gtest sources under '/opt/ros/humble/src/gtest_vendor': C++ tests using 'Google Test' will be built
-- Added test 'copyright' to check source files copyright and LICENSE
-- Added test 'cppcheck' to perform static code analysis on C / C++ code
-- Configured cppcheck include dirs: /home/lhl/nav2_ws/src/navigation2/nav2_behaviors/include
-- Configured cppcheck exclude dirs and/or files: 
-- Added test 'cpplint' to check C / C++ code against the Google style
-- Configured cpplint exclude dirs and/or files: 
-- Added test 'lint_cmake' to check CMake code style
-- Added test 'uncrustify' to check C / C++ code style
-- Configured uncrustify additional arguments: 
-- Added test 'xmllint' to check XML markup files
-- Configuring done
-- Generating done
-- Build files have been written to: /home/lhl/nav2_ws/build/nav2_behaviors
[35m[1mConsolidate compiler generated dependencies of target nav2_spin_behavior[0m
[35m[1mConsolidate compiler generated dependencies of target nav2_wait_behavior[0m
[35m[1mConsolidate compiler generated dependencies of target nav2_drive_on_heading_behavior[0m
[35m[1mConsolidate compiler generated dependencies of target gtest_main[0m
[35m[1mConsolidate compiler generated dependencies of target nav2_back_up_behavior[0m
[35m[1mConsolidate compiler generated dependencies of target nav2_assisted_teleop_behavior[0m
[ 10%] Built target nav2_spin_behavior
[35m[1mConsolidate compiler generated dependencies of target gtest[0m
[ 30%] Built target nav2_wait_behavior
[ 30%] Built target gtest_main
[ 40%] Built target nav2_drive_on_heading_behavior
[35m[1mConsolidate compiler generated dependencies of target behavior_server_core[0m
[ 50%] Built target gtest
[ 60%] Built target nav2_assisted_teleop_behavior
[ 70%] Built target nav2_back_up_behavior
[ 80%] Built target behavior_server_core
[35m[1mConsolidate compiler generated dependencies of target test_behaviors[0m
[ 90%] Built target test_behaviors
[35m[1mConsolidate compiler generated dependencies of target behavior_server[0m
[100%] Built target behavior_server
-- Install configuration: "Release"
-- Execute custom install script
-- Up-to-date symlink: /home/lhl/nav2_ws/install/nav2_behaviors/share/nav2_behaviors//behavior_plugin.xml
-- Up-to-date symlink: /home/lhl/nav2_ws/install/nav2_behaviors/lib/libbehavior_server_core.so
-- Up-to-date symlink: /home/lhl/nav2_ws/install/nav2_behaviors/lib/libnav2_spin_behavior.so
-- Up-to-date symlink: /home/lhl/nav2_ws/install/nav2_behaviors/lib/libnav2_wait_behavior.so
-- Up-to-date symlink: /home/lhl/nav2_ws/install/nav2_behaviors/lib/libnav2_assisted_teleop_behavior.so
-- Up-to-date symlink: /home/lhl/nav2_ws/install/nav2_behaviors/lib/libnav2_drive_on_heading_behavior.so
-- Up-to-date symlink: /home/lhl/nav2_ws/install/nav2_behaviors/lib/libnav2_back_up_behavior.so
-- Up-to-date symlink: /home/lhl/nav2_ws/install/nav2_behaviors/lib/nav2_behaviors/behavior_server
-- Up-to-date symlink: /home/lhl/nav2_ws/install/nav2_behaviors/include//nav2_behaviors/behavior_server.hpp
-- Up-to-date symlink: /home/lhl/nav2_ws/install/nav2_behaviors/include//nav2_behaviors/timed_behavior.hpp
-- Up-to-date symlink: /home/lhl/nav2_ws/install/nav2_behaviors/share/nav2_behaviors/behavior_plugin.xml
-- Up-to-date symlink: /home/lhl/nav2_ws/install/nav2_behaviors/share/nav2_behaviors/plugins//assisted_teleop.cpp
-- Up-to-date symlink: /home/lhl/nav2_ws/install/nav2_behaviors/share/nav2_behaviors/plugins//assisted_teleop.hpp
-- Up-to-date symlink: /home/lhl/nav2_ws/install/nav2_behaviors/share/nav2_behaviors/plugins//back_up.cpp
-- Up-to-date symlink: /home/lhl/nav2_ws/install/nav2_behaviors/share/nav2_behaviors/plugins//back_up.hpp
-- Up-to-date symlink: /home/lhl/nav2_ws/install/nav2_behaviors/share/nav2_behaviors/plugins//drive_on_heading.cpp
-- Up-to-date symlink: /home/lhl/nav2_ws/install/nav2_behaviors/share/nav2_behaviors/plugins//drive_on_heading.hpp
-- Up-to-date symlink: /home/lhl/nav2_ws/install/nav2_behaviors/share/nav2_behaviors/plugins//spin.cpp
-- Up-to-date symlink: /home/lhl/nav2_ws/install/nav2_behaviors/share/nav2_behaviors/plugins//spin.hpp
-- Up-to-date symlink: /home/lhl/nav2_ws/install/nav2_behaviors/share/nav2_behaviors/plugins//wait.cpp
-- Up-to-date symlink: /home/lhl/nav2_ws/install/nav2_behaviors/share/nav2_behaviors/plugins//wait.hpp
-- Up-to-date symlink: /home/lhl/nav2_ws/install/nav2_behaviors/share/nav2_behaviors/environment/library_path.sh
-- Up-to-date symlink: /home/lhl/nav2_ws/install/nav2_behaviors/share/nav2_behaviors/environment/library_path.dsv
-- Up-to-date symlink: /home/lhl/nav2_ws/install/nav2_behaviors/share/ament_index/resource_index/package_run_dependencies/nav2_behaviors
-- Up-to-date symlink: /home/lhl/nav2_ws/install/nav2_behaviors/share/ament_index/resource_index/parent_prefix_path/nav2_behaviors
-- Up-to-date symlink: /home/lhl/nav2_ws/install/nav2_behaviors/share/nav2_behaviors/environment/ament_prefix_path.sh
-- Up-to-date symlink: /home/lhl/nav2_ws/install/nav2_behaviors/share/nav2_behaviors/environment/ament_prefix_path.dsv
-- Up-to-date symlink: /home/lhl/nav2_ws/install/nav2_behaviors/share/nav2_behaviors/environment/path.sh
-- Up-to-date symlink: /home/lhl/nav2_ws/install/nav2_behaviors/share/nav2_behaviors/environment/path.dsv
-- Up-to-date symlink: /home/lhl/nav2_ws/install/nav2_behaviors/share/nav2_behaviors/local_setup.bash
-- Up-to-date symlink: /home/lhl/nav2_ws/install/nav2_behaviors/share/nav2_behaviors/local_setup.sh
-- Up-to-date symlink: /home/lhl/nav2_ws/install/nav2_behaviors/share/nav2_behaviors/local_setup.zsh
-- Up-to-date symlink: /home/lhl/nav2_ws/install/nav2_behaviors/share/nav2_behaviors/local_setup.dsv
-- Symlinking: /home/lhl/nav2_ws/install/nav2_behaviors/share/nav2_behaviors/package.dsv
-- Up-to-date symlink: /home/lhl/nav2_ws/install/nav2_behaviors/share/ament_index/resource_index/packages/nav2_behaviors
-- Up-to-date symlink: /home/lhl/nav2_ws/install/nav2_behaviors/share/ament_index/resource_index/nav2_core__pluginlib__plugin/nav2_behaviors
-- Up-to-date symlink: /home/lhl/nav2_ws/install/nav2_behaviors/share/ament_index/resource_index/rclcpp_components/nav2_behaviors
-- Up-to-date symlink: /home/lhl/nav2_ws/install/nav2_behaviors/share/nav2_behaviors/cmake/ament_cmake_export_include_directories-extras.cmake
-- Up-to-date symlink: /home/lhl/nav2_ws/install/nav2_behaviors/share/nav2_behaviors/cmake/ament_cmake_export_libraries-extras.cmake
-- Up-to-date symlink: /home/lhl/nav2_ws/install/nav2_behaviors/share/nav2_behaviors/cmake/ament_cmake_export_dependencies-extras.cmake
-- Up-to-date symlink: /home/lhl/nav2_ws/install/nav2_behaviors/share/nav2_behaviors/cmake/nav2_behaviorsConfig.cmake
-- Up-to-date symlink: /home/lhl/nav2_ws/install/nav2_behaviors/share/nav2_behaviors/cmake/nav2_behaviorsConfig-version.cmake
-- Up-to-date symlink: /home/lhl/nav2_ws/install/nav2_behaviors/share/nav2_behaviors/package.xml
