[0.133s] Invoking command in '/home/lhl/nav2_ws/build/nav2_smac_planner': CMAKE_PREFIX_PATH=/home/lhl/nav2_ws/install/nav2_core:/home/lhl/nav2_ws/install/nav2_costmap_2d:/home/lhl/nav2_ws/install/nav2_util:/home/lhl/nav2_ws/install/nav2_voxel_grid:/home/lhl/nav2_ws/install/nav2_msgs:/home/lhl/nav2_ws/install/nav2_common:/home/lhl/nav2_ws/install/sam_bot_description:/home/lhl/nav2_ws/install/nav2_system_tests:/home/lhl/nav2_ws/install/nav2_bringup:/home/lhl/nav2_ws/install/navigation2:/home/lhl/nav2_ws/install/nav2_smoother:/home/lhl/nav2_ws/install/nav2_dwb_controller:/home/lhl/nav2_ws/install/nav2_controller:/home/lhl/nav2_ws/install/dwb_plugins:/home/lhl/nav2_ws/install/dwb_critics:/home/lhl/nav2_ws/install/dwb_core:/home/lhl/nav2_ws/install/nav_2d_utils:/home/lhl/nav2_ws/install/dwb_msgs:/home/lhl/nav2_ws/install/nav_2d_msgs:/home/lhl/nav2_ws/install/nav2_waypoint_follower:/home/lhl/nav2_ws/install/nav2_theta_star_planner:/home/lhl/nav2_ws/install/nav2_straightline_planner:/home/lhl/nav2_ws/install/nav2_sms_behavior:/home/lhl/nav2_ws/install/nav2_smac_planner:/home/lhl/nav2_ws/install/nav2_rotation_shim_controller:/home/lhl/nav2_ws/install/nav2_regulated_pure_pursuit_controller:/home/lhl/nav2_ws/install/nav2_planner:/home/lhl/nav2_ws/install/nav2_navfn_planner:/home/lhl/nav2_ws/install/nav2_mppi_controller:/home/lhl/nav2_ws/install/nav2_gradient_costmap_plugin:/home/lhl/nav2_ws/install/nav2_constrained_smoother:/home/lhl/nav2_ws/install/nav2_bt_navigator:/home/lhl/nav2_ws/install/nav2_behaviors:/home/lhl/nav2_ws/install/nav2_collision_monitor:/home/lhl/nav2_ws/install/costmap_queue:/home/lhl/nav2_ws/install/nav2_velocity_smoother:/home/lhl/nav2_ws/install/nav2_rviz_plugins:/home/lhl/nav2_ws/install/nav2_map_server:/home/lhl/nav2_ws/install/nav2_lifecycle_manager:/home/lhl/nav2_ws/install/nav2_behavior_tree:/home/lhl/nav2_ws/install/nav2_amcl:/home/lhl/nav2_ws/install/nav2_costmap_filters_demo:/home/lhl/nav2_ws/src/install/sam_bot_description:/home/lhl/nav2_ws/src/install/nav2_system_tests:/home/lhl/nav2_ws/src/install/nav2_bringup:/home/lhl/nav2_ws/src/install/navigation2:/home/lhl/nav2_ws/src/install/nav2_smoother:/home/lhl/nav2_ws/src/install/nav2_dwb_controller:/home/lhl/nav2_ws/src/install/nav2_controller:/home/lhl/nav2_ws/src/install/dwb_plugins:/home/lhl/nav2_ws/src/install/dwb_critics:/home/lhl/nav2_ws/src/install/dwb_core:/home/lhl/nav2_ws/src/install/nav_2d_utils:/home/lhl/nav2_ws/src/install/dwb_msgs:/home/lhl/nav2_ws/src/install/nav_2d_msgs:/home/lhl/nav2_ws/src/install/nav2_waypoint_follower:/home/lhl/nav2_ws/src/install/nav2_theta_star_planner:/home/lhl/nav2_ws/src/install/nav2_smac_planner:/home/lhl/nav2_ws/src/install/nav2_rotation_shim_controller:/home/lhl/nav2_ws/src/install/nav2_regulated_pure_pursuit_controller:/home/lhl/nav2_ws/src/install/nav2_planner:/home/lhl/nav2_ws/src/install/nav2_navfn_planner:/home/lhl/nav2_ws/src/install/nav2_mppi_controller:/home/lhl/nav2_ws/src/install/nav2_constrained_smoother:/home/lhl/nav2_ws/src/install/nav2_bt_navigator:/home/lhl/nav2_ws/src/install/nav2_behaviors:/home/lhl/nav2_ws/src/install/nav2_core:/home/lhl/nav2_ws/src/install/nav2_collision_monitor:/home/lhl/nav2_ws/src/install/costmap_queue:/home/lhl/nav2_ws/src/install/nav2_costmap_2d:/home/lhl/nav2_ws/src/install/nav2_voxel_grid:/home/lhl/nav2_ws/src/install/nav2_velocity_smoother:/home/lhl/nav2_ws/src/install/nav2_rviz_plugins:/home/lhl/nav2_ws/src/install/nav2_map_server:/home/lhl/nav2_ws/src/install/nav2_lifecycle_manager:/home/lhl/nav2_ws/src/install/nav2_behavior_tree:/home/lhl/nav2_ws/src/install/nav2_amcl:/home/lhl/nav2_ws/src/install/nav2_util:/home/lhl/nav2_ws/src/install/nav2_msgs:/home/lhl/nav2_ws/src/install/nav2_common:/home/lhl/nav2_ws/install/nav2_simple_commander:/home/lhl/nav2_ws/src/install/nav2_simple_commander:/opt/ros/humble LD_LIBRARY_PATH=/home/lhl/nav2_ws/install/nav2_costmap_2d/lib:/home/lhl/nav2_ws/install/nav2_util/lib:/home/lhl/nav2_ws/install/nav2_voxel_grid/lib:/home/lhl/nav2_ws/install/nav2_msgs/lib:/home/lhl/nav2_ws/install/nav2_smoother/lib:/home/lhl/nav2_ws/install/nav2_controller/lib:/home/lhl/nav2_ws/install/dwb_plugins/lib:/home/lhl/nav2_ws/install/dwb_critics/lib:/home/lhl/nav2_ws/install/dwb_core/lib:/home/lhl/nav2_ws/install/nav_2d_utils/lib:/home/lhl/nav2_ws/install/dwb_msgs/lib:/home/lhl/nav2_ws/install/nav_2d_msgs/lib:/home/lhl/nav2_ws/install/nav2_waypoint_follower/lib:/home/lhl/nav2_ws/install/nav2_theta_star_planner/lib:/home/lhl/nav2_ws/install/nav2_straightline_planner/lib:/home/lhl/nav2_ws/install/nav2_sms_behavior/lib:/home/lhl/nav2_ws/install/nav2_smac_planner/lib:/home/lhl/nav2_ws/install/nav2_rotation_shim_controller/lib:/home/lhl/nav2_ws/install/nav2_regulated_pure_pursuit_controller/lib:/home/lhl/nav2_ws/install/nav2_planner/lib:/home/lhl/nav2_ws/install/nav2_navfn_planner/lib:/home/lhl/nav2_ws/install/nav2_mppi_controller/lib:/home/lhl/nav2_ws/install/nav2_gradient_costmap_plugin/lib:/home/lhl/nav2_ws/install/nav2_constrained_smoother/lib:/home/lhl/nav2_ws/install/nav2_bt_navigator/lib:/home/lhl/nav2_ws/install/nav2_behaviors/lib:/home/lhl/nav2_ws/install/nav2_collision_monitor/lib:/home/lhl/nav2_ws/install/costmap_queue/lib:/home/lhl/nav2_ws/install/nav2_velocity_smoother/lib:/home/lhl/nav2_ws/install/nav2_rviz_plugins/lib:/home/lhl/nav2_ws/install/nav2_map_server/lib:/home/lhl/nav2_ws/install/nav2_lifecycle_manager/lib:/home/lhl/nav2_ws/install/nav2_behavior_tree/lib:/home/lhl/nav2_ws/install/nav2_amcl/lib:/home/lhl/nav2_ws/src/install/nav2_smoother/lib:/home/lhl/nav2_ws/src/install/nav2_controller/lib:/home/lhl/nav2_ws/src/install/dwb_plugins/lib:/home/lhl/nav2_ws/src/install/dwb_critics/lib:/home/lhl/nav2_ws/src/install/dwb_core/lib:/home/lhl/nav2_ws/src/install/nav_2d_utils/lib:/home/lhl/nav2_ws/src/install/dwb_msgs/lib:/home/lhl/nav2_ws/src/install/nav_2d_msgs/lib:/home/lhl/nav2_ws/src/install/nav2_waypoint_follower/lib:/home/lhl/nav2_ws/src/install/nav2_theta_star_planner/lib:/home/lhl/nav2_ws/src/install/nav2_smac_planner/lib:/home/lhl/nav2_ws/src/install/nav2_rotation_shim_controller/lib:/home/lhl/nav2_ws/src/install/nav2_regulated_pure_pursuit_controller/lib:/home/lhl/nav2_ws/src/install/nav2_planner/lib:/home/lhl/nav2_ws/src/install/nav2_navfn_planner/lib:/home/lhl/nav2_ws/src/install/nav2_mppi_controller/lib:/home/lhl/nav2_ws/src/install/nav2_constrained_smoother/lib:/home/lhl/nav2_ws/src/install/nav2_bt_navigator/lib:/home/lhl/nav2_ws/src/install/nav2_behaviors/lib:/home/lhl/nav2_ws/src/install/nav2_collision_monitor/lib:/home/lhl/nav2_ws/src/install/costmap_queue/lib:/home/lhl/nav2_ws/src/install/nav2_costmap_2d/lib:/home/lhl/nav2_ws/src/install/nav2_voxel_grid/lib:/home/lhl/nav2_ws/src/install/nav2_velocity_smoother/lib:/home/lhl/nav2_ws/src/install/nav2_rviz_plugins/lib:/home/lhl/nav2_ws/src/install/nav2_map_server/lib:/home/lhl/nav2_ws/src/install/nav2_lifecycle_manager/lib:/home/lhl/nav2_ws/src/install/nav2_behavior_tree/lib:/home/lhl/nav2_ws/src/install/nav2_amcl/lib:/home/lhl/nav2_ws/src/install/nav2_util/lib:/home/lhl/nav2_ws/src/install/nav2_msgs/lib:/usr/lib/x86_64-linux-gnu/gazebo-11/plugins:/opt/ros/humble/opt/rviz_ogre_vendor/lib:/opt/ros/humble/lib/x86_64-linux-gnu:/opt/ros/humble/lib /usr/bin/cmake /home/lhl/nav2_ws/src/navigation2/nav2_smac_planner -DCMAKE_INSTALL_PREFIX=/home/lhl/nav2_ws/install/nav2_smac_planner
[0.304s] -- The C compiler identification is GNU 11.3.0
[0.433s] -- The CXX compiler identification is GNU 11.3.0
[0.454s] -- Detecting C compiler ABI info
[0.662s] -- Detecting C compiler ABI info - done
[0.675s] -- Check for working C compiler: /usr/bin/cc - skipped
[0.675s] -- Detecting C compile features
[0.676s] -- Detecting C compile features - done
[0.682s] -- Detecting CXX compiler ABI info
[0.971s] -- Detecting CXX compiler ABI info - done
[1.016s] -- Check for working CXX compiler: /usr/bin/c++ - skipped
[1.017s] -- Detecting CXX compile features
[1.018s] -- Detecting CXX compile features - done
[1.038s] -- Found ament_cmake: 1.3.4 (/opt/ros/humble/share/ament_cmake/cmake)
[1.466s] -- Found Python3: /usr/bin/python3.10 (found version "3.10.6") found components: Interpreter 
[1.855s] -- Found nav2_common: 1.1.6 (/home/lhl/nav2_ws/install/nav2_common/share/nav2_common/cmake)
[1.876s] -- Found rclcpp: 16.0.4 (/opt/ros/humble/share/rclcpp/cmake)
[2.171s] -- Found rosidl_generator_c: 3.1.4 (/opt/ros/humble/share/rosidl_generator_c/cmake)
[2.215s] -- Found rosidl_adapter: 3.1.4 (/opt/ros/humble/share/rosidl_adapter/cmake)
[2.268s] -- Found rosidl_generator_cpp: 3.1.4 (/opt/ros/humble/share/rosidl_generator_cpp/cmake)
[2.345s] -- Using all available rosidl_typesupport_c: rosidl_typesupport_fastrtps_c;rosidl_typesupport_introspection_c
[2.449s] -- Using all available rosidl_typesupport_cpp: rosidl_typesupport_fastrtps_cpp;rosidl_typesupport_introspection_cpp
[2.857s] -- Found rmw_implementation_cmake: 6.1.1 (/opt/ros/humble/share/rmw_implementation_cmake/cmake)
[2.886s] -- Found rmw_fastrtps_cpp: 6.2.2 (/opt/ros/humble/share/rmw_fastrtps_cpp/cmake)
[3.261s] -- Found OpenSSL: /usr/lib/x86_64-linux-gnu/libcrypto.so (found version "3.0.2")  
[3.338s] -- Found FastRTPS: /opt/ros/humble/include  
[3.475s] -- Using RMW implementation 'rmw_fastrtps_cpp' as default
[3.545s] -- Looking for pthread.h
[3.819s] -- Looking for pthread.h - found
[3.820s] -- Performing Test CMAKE_HAVE_LIBC_PTHREAD
[4.144s] -- Performing Test CMAKE_HAVE_LIBC_PTHREAD - Success
[4.146s] -- Found Threads: TRUE  
[4.650s] -- Found rclcpp_action: 16.0.4 (/opt/ros/humble/share/rclcpp_action/cmake)
[4.941s] -- Found rclcpp_lifecycle: 16.0.4 (/opt/ros/humble/share/rclcpp_lifecycle/cmake)
[5.081s] -- Found visualization_msgs: 4.2.3 (/opt/ros/humble/share/visualization_msgs/cmake)
[5.714s] -- Found nav2_util: 1.1.6 (/home/lhl/nav2_ws/install/nav2_util/share/nav2_util/cmake)
[7.196s] -- Found eigen3_cmake_module: 0.1.1 (/opt/ros/humble/share/eigen3_cmake_module/cmake)
[7.198s] -- Found Eigen3: TRUE (found version "3.4.0") 
[7.199s] -- Ensuring Eigen3 include directory is part of orocos-kdl CMake target
[7.525s] -- Found nav2_core: 1.1.6 (/home/lhl/nav2_ws/install/nav2_core/share/nav2_core/cmake)
[10.710s] -- Found ompl: /opt/ros/humble/include/ompl-1.6;/usr/include;/usr/include/eigen3  
[11.889s] -- Found OpenMP_C: -fopenmp (found version "4.5") 
[12.436s] -- Found OpenMP_CXX: -fopenmp (found version "4.5") 
[12.436s] -- Found OpenMP: TRUE (found version "4.5")  
[12.436s] -- Found OpenMP_C: -fopenmp (found version "4.5") 
[12.436s] -- Found OpenMP_CXX: -fopenmp (found version "4.5") 
[39.101s] -- Found ament_lint_auto: 0.12.6 (/opt/ros/humble/share/ament_lint_auto/cmake)
[39.573s] -- Found gtest sources under '/opt/ros/humble/src/gtest_vendor': C++ tests using 'Google Test' will be built
[133.755s] -- Added test 'copyright' to check source files copyright and LICENSE
[133.765s] -- Added test 'cppcheck' to perform static code analysis on C / C++ code
[133.768s] -- Configured cppcheck include dirs: /home/lhl/nav2_ws/src/navigation2/nav2_smac_planner/include
[133.768s] -- Configured cppcheck exclude dirs and/or files: 
[133.779s] -- Added test 'cpplint' to check C / C++ code against the Google style
[133.779s] -- Configured cpplint exclude dirs and/or files: 
[133.785s] -- Added test 'flake8' to check Python code syntax and style conventions
[133.790s] -- Added test 'lint_cmake' to check CMake code style
[133.795s] -- Added test 'pep257' to check Python code against some of the docstring style conventions in PEP 257
[133.807s] -- Added test 'uncrustify' to check C / C++ code style
[133.807s] -- Configured uncrustify additional arguments: 
[133.813s] -- Added test 'xmllint' to check XML markup files
[133.842s] -- Configuring done
[135.423s] -- Generating done
[135.451s] -- Build files have been written to: /home/lhl/nav2_ws/build/nav2_smac_planner
[135.480s] Invoked command in '/home/lhl/nav2_ws/build/nav2_smac_planner' returned '0': CMAKE_PREFIX_PATH=/home/lhl/nav2_ws/install/nav2_core:/home/lhl/nav2_ws/install/nav2_costmap_2d:/home/lhl/nav2_ws/install/nav2_util:/home/lhl/nav2_ws/install/nav2_voxel_grid:/home/lhl/nav2_ws/install/nav2_msgs:/home/lhl/nav2_ws/install/nav2_common:/home/lhl/nav2_ws/install/sam_bot_description:/home/lhl/nav2_ws/install/nav2_system_tests:/home/lhl/nav2_ws/install/nav2_bringup:/home/lhl/nav2_ws/install/navigation2:/home/lhl/nav2_ws/install/nav2_smoother:/home/lhl/nav2_ws/install/nav2_dwb_controller:/home/lhl/nav2_ws/install/nav2_controller:/home/lhl/nav2_ws/install/dwb_plugins:/home/lhl/nav2_ws/install/dwb_critics:/home/lhl/nav2_ws/install/dwb_core:/home/lhl/nav2_ws/install/nav_2d_utils:/home/lhl/nav2_ws/install/dwb_msgs:/home/lhl/nav2_ws/install/nav_2d_msgs:/home/lhl/nav2_ws/install/nav2_waypoint_follower:/home/lhl/nav2_ws/install/nav2_theta_star_planner:/home/lhl/nav2_ws/install/nav2_straightline_planner:/home/lhl/nav2_ws/install/nav2_sms_behavior:/home/lhl/nav2_ws/install/nav2_smac_planner:/home/lhl/nav2_ws/install/nav2_rotation_shim_controller:/home/lhl/nav2_ws/install/nav2_regulated_pure_pursuit_controller:/home/lhl/nav2_ws/install/nav2_planner:/home/lhl/nav2_ws/install/nav2_navfn_planner:/home/lhl/nav2_ws/install/nav2_mppi_controller:/home/lhl/nav2_ws/install/nav2_gradient_costmap_plugin:/home/lhl/nav2_ws/install/nav2_constrained_smoother:/home/lhl/nav2_ws/install/nav2_bt_navigator:/home/lhl/nav2_ws/install/nav2_behaviors:/home/lhl/nav2_ws/install/nav2_collision_monitor:/home/lhl/nav2_ws/install/costmap_queue:/home/lhl/nav2_ws/install/nav2_velocity_smoother:/home/lhl/nav2_ws/install/nav2_rviz_plugins:/home/lhl/nav2_ws/install/nav2_map_server:/home/lhl/nav2_ws/install/nav2_lifecycle_manager:/home/lhl/nav2_ws/install/nav2_behavior_tree:/home/lhl/nav2_ws/install/nav2_amcl:/home/lhl/nav2_ws/install/nav2_costmap_filters_demo:/home/lhl/nav2_ws/src/install/sam_bot_description:/home/lhl/nav2_ws/src/install/nav2_system_tests:/home/lhl/nav2_ws/src/install/nav2_bringup:/home/lhl/nav2_ws/src/install/navigation2:/home/lhl/nav2_ws/src/install/nav2_smoother:/home/lhl/nav2_ws/src/install/nav2_dwb_controller:/home/lhl/nav2_ws/src/install/nav2_controller:/home/lhl/nav2_ws/src/install/dwb_plugins:/home/lhl/nav2_ws/src/install/dwb_critics:/home/lhl/nav2_ws/src/install/dwb_core:/home/lhl/nav2_ws/src/install/nav_2d_utils:/home/lhl/nav2_ws/src/install/dwb_msgs:/home/lhl/nav2_ws/src/install/nav_2d_msgs:/home/lhl/nav2_ws/src/install/nav2_waypoint_follower:/home/lhl/nav2_ws/src/install/nav2_theta_star_planner:/home/lhl/nav2_ws/src/install/nav2_smac_planner:/home/lhl/nav2_ws/src/install/nav2_rotation_shim_controller:/home/lhl/nav2_ws/src/install/nav2_regulated_pure_pursuit_controller:/home/lhl/nav2_ws/src/install/nav2_planner:/home/lhl/nav2_ws/src/install/nav2_navfn_planner:/home/lhl/nav2_ws/src/install/nav2_mppi_controller:/home/lhl/nav2_ws/src/install/nav2_constrained_smoother:/home/lhl/nav2_ws/src/install/nav2_bt_navigator:/home/lhl/nav2_ws/src/install/nav2_behaviors:/home/lhl/nav2_ws/src/install/nav2_core:/home/lhl/nav2_ws/src/install/nav2_collision_monitor:/home/lhl/nav2_ws/src/install/costmap_queue:/home/lhl/nav2_ws/src/install/nav2_costmap_2d:/home/lhl/nav2_ws/src/install/nav2_voxel_grid:/home/lhl/nav2_ws/src/install/nav2_velocity_smoother:/home/lhl/nav2_ws/src/install/nav2_rviz_plugins:/home/lhl/nav2_ws/src/install/nav2_map_server:/home/lhl/nav2_ws/src/install/nav2_lifecycle_manager:/home/lhl/nav2_ws/src/install/nav2_behavior_tree:/home/lhl/nav2_ws/src/install/nav2_amcl:/home/lhl/nav2_ws/src/install/nav2_util:/home/lhl/nav2_ws/src/install/nav2_msgs:/home/lhl/nav2_ws/src/install/nav2_common:/home/lhl/nav2_ws/install/nav2_simple_commander:/home/lhl/nav2_ws/src/install/nav2_simple_commander:/opt/ros/humble LD_LIBRARY_PATH=/home/lhl/nav2_ws/install/nav2_costmap_2d/lib:/home/lhl/nav2_ws/install/nav2_util/lib:/home/lhl/nav2_ws/install/nav2_voxel_grid/lib:/home/lhl/nav2_ws/install/nav2_msgs/lib:/home/lhl/nav2_ws/install/nav2_smoother/lib:/home/lhl/nav2_ws/install/nav2_controller/lib:/home/lhl/nav2_ws/install/dwb_plugins/lib:/home/lhl/nav2_ws/install/dwb_critics/lib:/home/lhl/nav2_ws/install/dwb_core/lib:/home/lhl/nav2_ws/install/nav_2d_utils/lib:/home/lhl/nav2_ws/install/dwb_msgs/lib:/home/lhl/nav2_ws/install/nav_2d_msgs/lib:/home/lhl/nav2_ws/install/nav2_waypoint_follower/lib:/home/lhl/nav2_ws/install/nav2_theta_star_planner/lib:/home/lhl/nav2_ws/install/nav2_straightline_planner/lib:/home/lhl/nav2_ws/install/nav2_sms_behavior/lib:/home/lhl/nav2_ws/install/nav2_smac_planner/lib:/home/lhl/nav2_ws/install/nav2_rotation_shim_controller/lib:/home/lhl/nav2_ws/install/nav2_regulated_pure_pursuit_controller/lib:/home/lhl/nav2_ws/install/nav2_planner/lib:/home/lhl/nav2_ws/install/nav2_navfn_planner/lib:/home/lhl/nav2_ws/install/nav2_mppi_controller/lib:/home/lhl/nav2_ws/install/nav2_gradient_costmap_plugin/lib:/home/lhl/nav2_ws/install/nav2_constrained_smoother/lib:/home/lhl/nav2_ws/install/nav2_bt_navigator/lib:/home/lhl/nav2_ws/install/nav2_behaviors/lib:/home/lhl/nav2_ws/install/nav2_collision_monitor/lib:/home/lhl/nav2_ws/install/costmap_queue/lib:/home/lhl/nav2_ws/install/nav2_velocity_smoother/lib:/home/lhl/nav2_ws/install/nav2_rviz_plugins/lib:/home/lhl/nav2_ws/install/nav2_map_server/lib:/home/lhl/nav2_ws/install/nav2_lifecycle_manager/lib:/home/lhl/nav2_ws/install/nav2_behavior_tree/lib:/home/lhl/nav2_ws/install/nav2_amcl/lib:/home/lhl/nav2_ws/src/install/nav2_smoother/lib:/home/lhl/nav2_ws/src/install/nav2_controller/lib:/home/lhl/nav2_ws/src/install/dwb_plugins/lib:/home/lhl/nav2_ws/src/install/dwb_critics/lib:/home/lhl/nav2_ws/src/install/dwb_core/lib:/home/lhl/nav2_ws/src/install/nav_2d_utils/lib:/home/lhl/nav2_ws/src/install/dwb_msgs/lib:/home/lhl/nav2_ws/src/install/nav_2d_msgs/lib:/home/lhl/nav2_ws/src/install/nav2_waypoint_follower/lib:/home/lhl/nav2_ws/src/install/nav2_theta_star_planner/lib:/home/lhl/nav2_ws/src/install/nav2_smac_planner/lib:/home/lhl/nav2_ws/src/install/nav2_rotation_shim_controller/lib:/home/lhl/nav2_ws/src/install/nav2_regulated_pure_pursuit_controller/lib:/home/lhl/nav2_ws/src/install/nav2_planner/lib:/home/lhl/nav2_ws/src/install/nav2_navfn_planner/lib:/home/lhl/nav2_ws/src/install/nav2_mppi_controller/lib:/home/lhl/nav2_ws/src/install/nav2_constrained_smoother/lib:/home/lhl/nav2_ws/src/install/nav2_bt_navigator/lib:/home/lhl/nav2_ws/src/install/nav2_behaviors/lib:/home/lhl/nav2_ws/src/install/nav2_collision_monitor/lib:/home/lhl/nav2_ws/src/install/costmap_queue/lib:/home/lhl/nav2_ws/src/install/nav2_costmap_2d/lib:/home/lhl/nav2_ws/src/install/nav2_voxel_grid/lib:/home/lhl/nav2_ws/src/install/nav2_velocity_smoother/lib:/home/lhl/nav2_ws/src/install/nav2_rviz_plugins/lib:/home/lhl/nav2_ws/src/install/nav2_map_server/lib:/home/lhl/nav2_ws/src/install/nav2_lifecycle_manager/lib:/home/lhl/nav2_ws/src/install/nav2_behavior_tree/lib:/home/lhl/nav2_ws/src/install/nav2_amcl/lib:/home/lhl/nav2_ws/src/install/nav2_util/lib:/home/lhl/nav2_ws/src/install/nav2_msgs/lib:/usr/lib/x86_64-linux-gnu/gazebo-11/plugins:/opt/ros/humble/opt/rviz_ogre_vendor/lib:/opt/ros/humble/lib/x86_64-linux-gnu:/opt/ros/humble/lib /usr/bin/cmake /home/lhl/nav2_ws/src/navigation2/nav2_smac_planner -DCMAKE_INSTALL_PREFIX=/home/lhl/nav2_ws/install/nav2_smac_planner
[135.493s] Invoking command in '/home/lhl/nav2_ws/build/nav2_smac_planner': CMAKE_PREFIX_PATH=/home/lhl/nav2_ws/install/nav2_core:/home/lhl/nav2_ws/install/nav2_costmap_2d:/home/lhl/nav2_ws/install/nav2_util:/home/lhl/nav2_ws/install/nav2_voxel_grid:/home/lhl/nav2_ws/install/nav2_msgs:/home/lhl/nav2_ws/install/nav2_common:/home/lhl/nav2_ws/install/sam_bot_description:/home/lhl/nav2_ws/install/nav2_system_tests:/home/lhl/nav2_ws/install/nav2_bringup:/home/lhl/nav2_ws/install/navigation2:/home/lhl/nav2_ws/install/nav2_smoother:/home/lhl/nav2_ws/install/nav2_dwb_controller:/home/lhl/nav2_ws/install/nav2_controller:/home/lhl/nav2_ws/install/dwb_plugins:/home/lhl/nav2_ws/install/dwb_critics:/home/lhl/nav2_ws/install/dwb_core:/home/lhl/nav2_ws/install/nav_2d_utils:/home/lhl/nav2_ws/install/dwb_msgs:/home/lhl/nav2_ws/install/nav_2d_msgs:/home/lhl/nav2_ws/install/nav2_waypoint_follower:/home/lhl/nav2_ws/install/nav2_theta_star_planner:/home/lhl/nav2_ws/install/nav2_straightline_planner:/home/lhl/nav2_ws/install/nav2_sms_behavior:/home/lhl/nav2_ws/install/nav2_smac_planner:/home/lhl/nav2_ws/install/nav2_rotation_shim_controller:/home/lhl/nav2_ws/install/nav2_regulated_pure_pursuit_controller:/home/lhl/nav2_ws/install/nav2_planner:/home/lhl/nav2_ws/install/nav2_navfn_planner:/home/lhl/nav2_ws/install/nav2_mppi_controller:/home/lhl/nav2_ws/install/nav2_gradient_costmap_plugin:/home/lhl/nav2_ws/install/nav2_constrained_smoother:/home/lhl/nav2_ws/install/nav2_bt_navigator:/home/lhl/nav2_ws/install/nav2_behaviors:/home/lhl/nav2_ws/install/nav2_collision_monitor:/home/lhl/nav2_ws/install/costmap_queue:/home/lhl/nav2_ws/install/nav2_velocity_smoother:/home/lhl/nav2_ws/install/nav2_rviz_plugins:/home/lhl/nav2_ws/install/nav2_map_server:/home/lhl/nav2_ws/install/nav2_lifecycle_manager:/home/lhl/nav2_ws/install/nav2_behavior_tree:/home/lhl/nav2_ws/install/nav2_amcl:/home/lhl/nav2_ws/install/nav2_costmap_filters_demo:/home/lhl/nav2_ws/src/install/sam_bot_description:/home/lhl/nav2_ws/src/install/nav2_system_tests:/home/lhl/nav2_ws/src/install/nav2_bringup:/home/lhl/nav2_ws/src/install/navigation2:/home/lhl/nav2_ws/src/install/nav2_smoother:/home/lhl/nav2_ws/src/install/nav2_dwb_controller:/home/lhl/nav2_ws/src/install/nav2_controller:/home/lhl/nav2_ws/src/install/dwb_plugins:/home/lhl/nav2_ws/src/install/dwb_critics:/home/lhl/nav2_ws/src/install/dwb_core:/home/lhl/nav2_ws/src/install/nav_2d_utils:/home/lhl/nav2_ws/src/install/dwb_msgs:/home/lhl/nav2_ws/src/install/nav_2d_msgs:/home/lhl/nav2_ws/src/install/nav2_waypoint_follower:/home/lhl/nav2_ws/src/install/nav2_theta_star_planner:/home/lhl/nav2_ws/src/install/nav2_smac_planner:/home/lhl/nav2_ws/src/install/nav2_rotation_shim_controller:/home/lhl/nav2_ws/src/install/nav2_regulated_pure_pursuit_controller:/home/lhl/nav2_ws/src/install/nav2_planner:/home/lhl/nav2_ws/src/install/nav2_navfn_planner:/home/lhl/nav2_ws/src/install/nav2_mppi_controller:/home/lhl/nav2_ws/src/install/nav2_constrained_smoother:/home/lhl/nav2_ws/src/install/nav2_bt_navigator:/home/lhl/nav2_ws/src/install/nav2_behaviors:/home/lhl/nav2_ws/src/install/nav2_core:/home/lhl/nav2_ws/src/install/nav2_collision_monitor:/home/lhl/nav2_ws/src/install/costmap_queue:/home/lhl/nav2_ws/src/install/nav2_costmap_2d:/home/lhl/nav2_ws/src/install/nav2_voxel_grid:/home/lhl/nav2_ws/src/install/nav2_velocity_smoother:/home/lhl/nav2_ws/src/install/nav2_rviz_plugins:/home/lhl/nav2_ws/src/install/nav2_map_server:/home/lhl/nav2_ws/src/install/nav2_lifecycle_manager:/home/lhl/nav2_ws/src/install/nav2_behavior_tree:/home/lhl/nav2_ws/src/install/nav2_amcl:/home/lhl/nav2_ws/src/install/nav2_util:/home/lhl/nav2_ws/src/install/nav2_msgs:/home/lhl/nav2_ws/src/install/nav2_common:/home/lhl/nav2_ws/install/nav2_simple_commander:/home/lhl/nav2_ws/src/install/nav2_simple_commander:/opt/ros/humble LD_LIBRARY_PATH=/home/lhl/nav2_ws/install/nav2_costmap_2d/lib:/home/lhl/nav2_ws/install/nav2_util/lib:/home/lhl/nav2_ws/install/nav2_voxel_grid/lib:/home/lhl/nav2_ws/install/nav2_msgs/lib:/home/lhl/nav2_ws/install/nav2_smoother/lib:/home/lhl/nav2_ws/install/nav2_controller/lib:/home/lhl/nav2_ws/install/dwb_plugins/lib:/home/lhl/nav2_ws/install/dwb_critics/lib:/home/lhl/nav2_ws/install/dwb_core/lib:/home/lhl/nav2_ws/install/nav_2d_utils/lib:/home/lhl/nav2_ws/install/dwb_msgs/lib:/home/lhl/nav2_ws/install/nav_2d_msgs/lib:/home/lhl/nav2_ws/install/nav2_waypoint_follower/lib:/home/lhl/nav2_ws/install/nav2_theta_star_planner/lib:/home/lhl/nav2_ws/install/nav2_straightline_planner/lib:/home/lhl/nav2_ws/install/nav2_sms_behavior/lib:/home/lhl/nav2_ws/install/nav2_smac_planner/lib:/home/lhl/nav2_ws/install/nav2_rotation_shim_controller/lib:/home/lhl/nav2_ws/install/nav2_regulated_pure_pursuit_controller/lib:/home/lhl/nav2_ws/install/nav2_planner/lib:/home/lhl/nav2_ws/install/nav2_navfn_planner/lib:/home/lhl/nav2_ws/install/nav2_mppi_controller/lib:/home/lhl/nav2_ws/install/nav2_gradient_costmap_plugin/lib:/home/lhl/nav2_ws/install/nav2_constrained_smoother/lib:/home/lhl/nav2_ws/install/nav2_bt_navigator/lib:/home/lhl/nav2_ws/install/nav2_behaviors/lib:/home/lhl/nav2_ws/install/nav2_collision_monitor/lib:/home/lhl/nav2_ws/install/costmap_queue/lib:/home/lhl/nav2_ws/install/nav2_velocity_smoother/lib:/home/lhl/nav2_ws/install/nav2_rviz_plugins/lib:/home/lhl/nav2_ws/install/nav2_map_server/lib:/home/lhl/nav2_ws/install/nav2_lifecycle_manager/lib:/home/lhl/nav2_ws/install/nav2_behavior_tree/lib:/home/lhl/nav2_ws/install/nav2_amcl/lib:/home/lhl/nav2_ws/src/install/nav2_smoother/lib:/home/lhl/nav2_ws/src/install/nav2_controller/lib:/home/lhl/nav2_ws/src/install/dwb_plugins/lib:/home/lhl/nav2_ws/src/install/dwb_critics/lib:/home/lhl/nav2_ws/src/install/dwb_core/lib:/home/lhl/nav2_ws/src/install/nav_2d_utils/lib:/home/lhl/nav2_ws/src/install/dwb_msgs/lib:/home/lhl/nav2_ws/src/install/nav_2d_msgs/lib:/home/lhl/nav2_ws/src/install/nav2_waypoint_follower/lib:/home/lhl/nav2_ws/src/install/nav2_theta_star_planner/lib:/home/lhl/nav2_ws/src/install/nav2_smac_planner/lib:/home/lhl/nav2_ws/src/install/nav2_rotation_shim_controller/lib:/home/lhl/nav2_ws/src/install/nav2_regulated_pure_pursuit_controller/lib:/home/lhl/nav2_ws/src/install/nav2_planner/lib:/home/lhl/nav2_ws/src/install/nav2_navfn_planner/lib:/home/lhl/nav2_ws/src/install/nav2_mppi_controller/lib:/home/lhl/nav2_ws/src/install/nav2_constrained_smoother/lib:/home/lhl/nav2_ws/src/install/nav2_bt_navigator/lib:/home/lhl/nav2_ws/src/install/nav2_behaviors/lib:/home/lhl/nav2_ws/src/install/nav2_collision_monitor/lib:/home/lhl/nav2_ws/src/install/costmap_queue/lib:/home/lhl/nav2_ws/src/install/nav2_costmap_2d/lib:/home/lhl/nav2_ws/src/install/nav2_voxel_grid/lib:/home/lhl/nav2_ws/src/install/nav2_velocity_smoother/lib:/home/lhl/nav2_ws/src/install/nav2_rviz_plugins/lib:/home/lhl/nav2_ws/src/install/nav2_map_server/lib:/home/lhl/nav2_ws/src/install/nav2_lifecycle_manager/lib:/home/lhl/nav2_ws/src/install/nav2_behavior_tree/lib:/home/lhl/nav2_ws/src/install/nav2_amcl/lib:/home/lhl/nav2_ws/src/install/nav2_util/lib:/home/lhl/nav2_ws/src/install/nav2_msgs/lib:/usr/lib/x86_64-linux-gnu/gazebo-11/plugins:/opt/ros/humble/opt/rviz_ogre_vendor/lib:/opt/ros/humble/lib/x86_64-linux-gnu:/opt/ros/humble/lib /usr/bin/cmake --build /home/lhl/nav2_ws/build/nav2_smac_planner -- -j8 -l8
[135.782s] [  1%] [32mBuilding CXX object CMakeFiles/nav2_smac_planner.dir/src/smac_planner_hybrid.cpp.o[0m
[154.564s] [  3%] [32mBuilding CXX object CMakeFiles/nav2_smac_planner.dir/src/smoother.cpp.o[0m
[155.590s] [  5%] [32mBuilding CXX object CMakeFiles/nav2_smac_planner.dir/src/analytic_expansion.cpp.o[0m
[156.617s] [  6%] [32mBuilding CXX object CMakeFiles/nav2_smac_planner.dir/src/collision_checker.cpp.o[0m
[157.645s] [  8%] [32mBuilding CXX object CMakeFiles/nav2_smac_planner.dir/src/a_star.cpp.o[0m
[161.492s] [ 10%] [32mBuilding CXX object CMakeFiles/nav2_smac_planner.dir/src/node_hybrid.cpp.o[0m
[164.882s] [ 11%] [32mBuilding CXX object CMakeFiles/nav2_smac_planner.dir/src/node_lattice.cpp.o[0m
[168.010s] [ 13%] [32mBuilding CXX object CMakeFiles/nav2_smac_planner.dir/src/costmap_downsampler.cpp.o[0m
[169.616s] [ 15%] [32mBuilding CXX object CMakeFiles/nav2_smac_planner.dir/src/node_2d.cpp.o[0m
[173.389s] [ 16%] [32mBuilding CXX object CMakeFiles/nav2_smac_planner.dir/src/node_basic.cpp.o[0m
[182.536s] [ 18%] [32m[1mLinking CXX shared library libnav2_smac_planner.so[0m
[183.163s] [ 18%] Built target nav2_smac_planner
[183.224s] [ 20%] [32mBuilding CXX object CMakeFiles/nav2_smac_planner_lattice.dir/src/a_star.cpp.o[0m
[183.226s] [ 22%] [32mBuilding CXX object CMakeFiles/nav2_smac_planner_lattice.dir/src/smac_planner_lattice.cpp.o[0m
[183.228s] [ 23%] [32mBuilding CXX object CMakeFiles/nav2_smac_planner_lattice.dir/src/smoother.cpp.o[0m
[183.233s] [ 25%] [32mBuilding CXX object gtest/CMakeFiles/gtest_main.dir/src/gtest_main.cc.o[0m
[183.257s] [ 27%] [32mBuilding CXX object gtest/CMakeFiles/gtest.dir/src/gtest-all.cc.o[0m
[184.313s] [ 28%] [32mBuilding CXX object CMakeFiles/nav2_smac_planner_lattice.dir/src/analytic_expansion.cpp.o[0m
[185.118s] [ 30%] [32m[1mLinking CXX static library libgtest_main.a[0m
[185.389s] [ 30%] Built target gtest_main
[185.421s] [ 32%] [32mBuilding CXX object CMakeFiles/nav2_smac_planner_lattice.dir/src/collision_checker.cpp.o[0m
[185.455s] [ 33%] [32mBuilding CXX object CMakeFiles/nav2_smac_planner_lattice.dir/src/node_hybrid.cpp.o[0m
[185.588s] [ 35%] [32mBuilding CXX object CMakeFiles/nav2_smac_planner_2d.dir/src/smac_planner_2d.cpp.o[0m
[201.168s] [ 37%] [32m[1mLinking CXX static library libgtest.a[0m
[201.237s] [ 37%] Built target gtest
[204.564s] [ 38%] [32mBuilding CXX object CMakeFiles/nav2_smac_planner_lattice.dir/src/costmap_downsampler.cpp.o[0m
[205.009s] [ 40%] [32mBuilding CXX object CMakeFiles/nav2_smac_planner_2d.dir/src/node_hybrid.cpp.o[0m
[209.242s] [ 42%] [32mBuilding CXX object CMakeFiles/nav2_smac_planner_lattice.dir/src/node_2d.cpp.o[0m
[212.026s] [ 44%] [32mBuilding CXX object CMakeFiles/nav2_smac_planner_2d.dir/src/analytic_expansion.cpp.o[0m
[214.351s] [ 45%] [32mBuilding CXX object CMakeFiles/nav2_smac_planner_lattice.dir/src/node_lattice.cpp.o[0m
[216.361s] [ 49%] [32mBuilding CXX object CMakeFiles/nav2_smac_planner_2d.dir/src/collision_checker.cpp.o[0m
[216.361s] [ 49%] [32mBuilding CXX object CMakeFiles/nav2_smac_planner_2d.dir/src/node_lattice.cpp.o[0m
[216.393s] [ 50%] [32mBuilding CXX object test/CMakeFiles/test_node2d.dir/test_node2d.cpp.o[0m
[216.398s] [ 52%] [32mBuilding CXX object test/CMakeFiles/test_costmap_downsampler.dir/test_costmap_downsampler.cpp.o[0m
[217.398s] [ 54%] [32mBuilding CXX object CMakeFiles/nav2_smac_planner_2d.dir/src/smoother.cpp.o[0m
[217.415s] [ 55%] [32mBuilding CXX object CMakeFiles/nav2_smac_planner_2d.dir/src/a_star.cpp.o[0m
[221.372s] [ 57%] [32mBuilding CXX object CMakeFiles/nav2_smac_planner_2d.dir/src/costmap_downsampler.cpp.o[0m
[222.571s] [ 59%] [32mBuilding CXX object CMakeFiles/nav2_smac_planner_2d.dir/src/node_2d.cpp.o[0m
[227.810s] [ 61%] [32m[1mLinking CXX executable test_costmap_downsampler[0m
[228.929s] [ 61%] Built target test_costmap_downsampler
[229.107s] [ 62%] [32mBuilding CXX object test/CMakeFiles/test_nodehybrid.dir/test_nodehybrid.cpp.o[0m
[229.756s] [ 64%] [32m[1mLinking CXX executable test_node2d[0m
[230.583s] [ 66%] [32mBuilding CXX object CMakeFiles/nav2_smac_planner_2d.dir/src/node_basic.cpp.o[0m
[230.759s] [ 66%] Built target test_node2d
[230.787s] [ 67%] [32mBuilding CXX object CMakeFiles/nav2_smac_planner_lattice.dir/src/node_basic.cpp.o[0m
[231.944s] [ 69%] [32mBuilding CXX object test/CMakeFiles/test_nodebasic.dir/test_nodebasic.cpp.o[0m
[234.174s] [ 71%] [32mBuilding CXX object test/CMakeFiles/test_smac_hybrid.dir/test_smac_hybrid.cpp.o[0m
[236.207s] [ 72%] [32mBuilding CXX object test/CMakeFiles/test_a_star.dir/test_a_star.cpp.o[0m
[241.148s] [ 74%] [32m[1mLinking CXX shared library libnav2_smac_planner_2d.so[0m
[241.727s] [ 76%] [32m[1mLinking CXX shared library libnav2_smac_planner_lattice.so[0m
[242.205s] [ 76%] Built target nav2_smac_planner_2d
[242.276s] [ 77%] [32mBuilding CXX object test/CMakeFiles/test_lattice_node.dir/test_nodelattice.cpp.o[0m
[242.375s] [ 79%] [32m[1mLinking CXX executable test_nodehybrid[0m
[243.122s] [ 79%] Built target nav2_smac_planner_lattice
[243.194s] [ 81%] [32mBuilding CXX object test/CMakeFiles/test_smac_2d.dir/test_smac_2d.cpp.o[0m
[243.270s] [ 81%] Built target test_nodehybrid
[243.339s] [ 83%] [32mBuilding CXX object test/CMakeFiles/test_smac_lattice.dir/test_smac_lattice.cpp.o[0m
[245.365s] [ 84%] [32m[1mLinking CXX executable test_nodebasic[0m
[245.988s] [ 84%] Built target test_nodebasic
[246.062s] [ 86%] [32mBuilding CXX object test/CMakeFiles/test_smoother.dir/test_smoother.cpp.o[0m
[252.423s] [ 88%] [32m[1mLinking CXX executable test_smac_hybrid[0m
[253.018s] [ 89%] [32m[1mLinking CXX executable test_a_star[0m
[253.355s] [ 89%] Built target test_smac_hybrid
[253.436s] [ 91%] [32mBuilding CXX object test/CMakeFiles/test_collision_checker.dir/test_collision_checker.cpp.o[0m
[253.853s] [ 91%] Built target test_a_star
[259.943s] [ 93%] [32m[1mLinking CXX executable test_smac_lattice[0m
[260.234s] [ 94%] [32m[1mLinking CXX executable test_collision_checker[0m
[260.578s] [ 96%] [32m[1mLinking CXX executable test_smac_2d[0m
[260.585s] [ 96%] Built target test_smac_lattice
[260.623s] [ 98%] [32m[1mLinking CXX executable test_lattice_node[0m
[260.896s] [ 98%] Built target test_collision_checker
[261.100s] [ 98%] Built target test_lattice_node
[261.103s] [ 98%] Built target test_smac_2d
[261.911s] [100%] [32m[1mLinking CXX executable test_smoother[0m
[262.312s] [100%] Built target test_smoother
[262.329s] Invoked command in '/home/lhl/nav2_ws/build/nav2_smac_planner' returned '0': CMAKE_PREFIX_PATH=/home/lhl/nav2_ws/install/nav2_core:/home/lhl/nav2_ws/install/nav2_costmap_2d:/home/lhl/nav2_ws/install/nav2_util:/home/lhl/nav2_ws/install/nav2_voxel_grid:/home/lhl/nav2_ws/install/nav2_msgs:/home/lhl/nav2_ws/install/nav2_common:/home/lhl/nav2_ws/install/sam_bot_description:/home/lhl/nav2_ws/install/nav2_system_tests:/home/lhl/nav2_ws/install/nav2_bringup:/home/lhl/nav2_ws/install/navigation2:/home/lhl/nav2_ws/install/nav2_smoother:/home/lhl/nav2_ws/install/nav2_dwb_controller:/home/lhl/nav2_ws/install/nav2_controller:/home/lhl/nav2_ws/install/dwb_plugins:/home/lhl/nav2_ws/install/dwb_critics:/home/lhl/nav2_ws/install/dwb_core:/home/lhl/nav2_ws/install/nav_2d_utils:/home/lhl/nav2_ws/install/dwb_msgs:/home/lhl/nav2_ws/install/nav_2d_msgs:/home/lhl/nav2_ws/install/nav2_waypoint_follower:/home/lhl/nav2_ws/install/nav2_theta_star_planner:/home/lhl/nav2_ws/install/nav2_straightline_planner:/home/lhl/nav2_ws/install/nav2_sms_behavior:/home/lhl/nav2_ws/install/nav2_smac_planner:/home/lhl/nav2_ws/install/nav2_rotation_shim_controller:/home/lhl/nav2_ws/install/nav2_regulated_pure_pursuit_controller:/home/lhl/nav2_ws/install/nav2_planner:/home/lhl/nav2_ws/install/nav2_navfn_planner:/home/lhl/nav2_ws/install/nav2_mppi_controller:/home/lhl/nav2_ws/install/nav2_gradient_costmap_plugin:/home/lhl/nav2_ws/install/nav2_constrained_smoother:/home/lhl/nav2_ws/install/nav2_bt_navigator:/home/lhl/nav2_ws/install/nav2_behaviors:/home/lhl/nav2_ws/install/nav2_collision_monitor:/home/lhl/nav2_ws/install/costmap_queue:/home/lhl/nav2_ws/install/nav2_velocity_smoother:/home/lhl/nav2_ws/install/nav2_rviz_plugins:/home/lhl/nav2_ws/install/nav2_map_server:/home/lhl/nav2_ws/install/nav2_lifecycle_manager:/home/lhl/nav2_ws/install/nav2_behavior_tree:/home/lhl/nav2_ws/install/nav2_amcl:/home/lhl/nav2_ws/install/nav2_costmap_filters_demo:/home/lhl/nav2_ws/src/install/sam_bot_description:/home/lhl/nav2_ws/src/install/nav2_system_tests:/home/lhl/nav2_ws/src/install/nav2_bringup:/home/lhl/nav2_ws/src/install/navigation2:/home/lhl/nav2_ws/src/install/nav2_smoother:/home/lhl/nav2_ws/src/install/nav2_dwb_controller:/home/lhl/nav2_ws/src/install/nav2_controller:/home/lhl/nav2_ws/src/install/dwb_plugins:/home/lhl/nav2_ws/src/install/dwb_critics:/home/lhl/nav2_ws/src/install/dwb_core:/home/lhl/nav2_ws/src/install/nav_2d_utils:/home/lhl/nav2_ws/src/install/dwb_msgs:/home/lhl/nav2_ws/src/install/nav_2d_msgs:/home/lhl/nav2_ws/src/install/nav2_waypoint_follower:/home/lhl/nav2_ws/src/install/nav2_theta_star_planner:/home/lhl/nav2_ws/src/install/nav2_smac_planner:/home/lhl/nav2_ws/src/install/nav2_rotation_shim_controller:/home/lhl/nav2_ws/src/install/nav2_regulated_pure_pursuit_controller:/home/lhl/nav2_ws/src/install/nav2_planner:/home/lhl/nav2_ws/src/install/nav2_navfn_planner:/home/lhl/nav2_ws/src/install/nav2_mppi_controller:/home/lhl/nav2_ws/src/install/nav2_constrained_smoother:/home/lhl/nav2_ws/src/install/nav2_bt_navigator:/home/lhl/nav2_ws/src/install/nav2_behaviors:/home/lhl/nav2_ws/src/install/nav2_core:/home/lhl/nav2_ws/src/install/nav2_collision_monitor:/home/lhl/nav2_ws/src/install/costmap_queue:/home/lhl/nav2_ws/src/install/nav2_costmap_2d:/home/lhl/nav2_ws/src/install/nav2_voxel_grid:/home/lhl/nav2_ws/src/install/nav2_velocity_smoother:/home/lhl/nav2_ws/src/install/nav2_rviz_plugins:/home/lhl/nav2_ws/src/install/nav2_map_server:/home/lhl/nav2_ws/src/install/nav2_lifecycle_manager:/home/lhl/nav2_ws/src/install/nav2_behavior_tree:/home/lhl/nav2_ws/src/install/nav2_amcl:/home/lhl/nav2_ws/src/install/nav2_util:/home/lhl/nav2_ws/src/install/nav2_msgs:/home/lhl/nav2_ws/src/install/nav2_common:/home/lhl/nav2_ws/install/nav2_simple_commander:/home/lhl/nav2_ws/src/install/nav2_simple_commander:/opt/ros/humble LD_LIBRARY_PATH=/home/lhl/nav2_ws/install/nav2_costmap_2d/lib:/home/lhl/nav2_ws/install/nav2_util/lib:/home/lhl/nav2_ws/install/nav2_voxel_grid/lib:/home/lhl/nav2_ws/install/nav2_msgs/lib:/home/lhl/nav2_ws/install/nav2_smoother/lib:/home/lhl/nav2_ws/install/nav2_controller/lib:/home/lhl/nav2_ws/install/dwb_plugins/lib:/home/lhl/nav2_ws/install/dwb_critics/lib:/home/lhl/nav2_ws/install/dwb_core/lib:/home/lhl/nav2_ws/install/nav_2d_utils/lib:/home/lhl/nav2_ws/install/dwb_msgs/lib:/home/lhl/nav2_ws/install/nav_2d_msgs/lib:/home/lhl/nav2_ws/install/nav2_waypoint_follower/lib:/home/lhl/nav2_ws/install/nav2_theta_star_planner/lib:/home/lhl/nav2_ws/install/nav2_straightline_planner/lib:/home/lhl/nav2_ws/install/nav2_sms_behavior/lib:/home/lhl/nav2_ws/install/nav2_smac_planner/lib:/home/lhl/nav2_ws/install/nav2_rotation_shim_controller/lib:/home/lhl/nav2_ws/install/nav2_regulated_pure_pursuit_controller/lib:/home/lhl/nav2_ws/install/nav2_planner/lib:/home/lhl/nav2_ws/install/nav2_navfn_planner/lib:/home/lhl/nav2_ws/install/nav2_mppi_controller/lib:/home/lhl/nav2_ws/install/nav2_gradient_costmap_plugin/lib:/home/lhl/nav2_ws/install/nav2_constrained_smoother/lib:/home/lhl/nav2_ws/install/nav2_bt_navigator/lib:/home/lhl/nav2_ws/install/nav2_behaviors/lib:/home/lhl/nav2_ws/install/nav2_collision_monitor/lib:/home/lhl/nav2_ws/install/costmap_queue/lib:/home/lhl/nav2_ws/install/nav2_velocity_smoother/lib:/home/lhl/nav2_ws/install/nav2_rviz_plugins/lib:/home/lhl/nav2_ws/install/nav2_map_server/lib:/home/lhl/nav2_ws/install/nav2_lifecycle_manager/lib:/home/lhl/nav2_ws/install/nav2_behavior_tree/lib:/home/lhl/nav2_ws/install/nav2_amcl/lib:/home/lhl/nav2_ws/src/install/nav2_smoother/lib:/home/lhl/nav2_ws/src/install/nav2_controller/lib:/home/lhl/nav2_ws/src/install/dwb_plugins/lib:/home/lhl/nav2_ws/src/install/dwb_critics/lib:/home/lhl/nav2_ws/src/install/dwb_core/lib:/home/lhl/nav2_ws/src/install/nav_2d_utils/lib:/home/lhl/nav2_ws/src/install/dwb_msgs/lib:/home/lhl/nav2_ws/src/install/nav_2d_msgs/lib:/home/lhl/nav2_ws/src/install/nav2_waypoint_follower/lib:/home/lhl/nav2_ws/src/install/nav2_theta_star_planner/lib:/home/lhl/nav2_ws/src/install/nav2_smac_planner/lib:/home/lhl/nav2_ws/src/install/nav2_rotation_shim_controller/lib:/home/lhl/nav2_ws/src/install/nav2_regulated_pure_pursuit_controller/lib:/home/lhl/nav2_ws/src/install/nav2_planner/lib:/home/lhl/nav2_ws/src/install/nav2_navfn_planner/lib:/home/lhl/nav2_ws/src/install/nav2_mppi_controller/lib:/home/lhl/nav2_ws/src/install/nav2_constrained_smoother/lib:/home/lhl/nav2_ws/src/install/nav2_bt_navigator/lib:/home/lhl/nav2_ws/src/install/nav2_behaviors/lib:/home/lhl/nav2_ws/src/install/nav2_collision_monitor/lib:/home/lhl/nav2_ws/src/install/costmap_queue/lib:/home/lhl/nav2_ws/src/install/nav2_costmap_2d/lib:/home/lhl/nav2_ws/src/install/nav2_voxel_grid/lib:/home/lhl/nav2_ws/src/install/nav2_velocity_smoother/lib:/home/lhl/nav2_ws/src/install/nav2_rviz_plugins/lib:/home/lhl/nav2_ws/src/install/nav2_map_server/lib:/home/lhl/nav2_ws/src/install/nav2_lifecycle_manager/lib:/home/lhl/nav2_ws/src/install/nav2_behavior_tree/lib:/home/lhl/nav2_ws/src/install/nav2_amcl/lib:/home/lhl/nav2_ws/src/install/nav2_util/lib:/home/lhl/nav2_ws/src/install/nav2_msgs/lib:/usr/lib/x86_64-linux-gnu/gazebo-11/plugins:/opt/ros/humble/opt/rviz_ogre_vendor/lib:/opt/ros/humble/lib/x86_64-linux-gnu:/opt/ros/humble/lib /usr/bin/cmake --build /home/lhl/nav2_ws/build/nav2_smac_planner -- -j8 -l8
[262.513s] Invoking command in '/home/lhl/nav2_ws/build/nav2_smac_planner': CMAKE_PREFIX_PATH=/home/lhl/nav2_ws/install/nav2_core:/home/lhl/nav2_ws/install/nav2_costmap_2d:/home/lhl/nav2_ws/install/nav2_util:/home/lhl/nav2_ws/install/nav2_voxel_grid:/home/lhl/nav2_ws/install/nav2_msgs:/home/lhl/nav2_ws/install/nav2_common:/home/lhl/nav2_ws/install/sam_bot_description:/home/lhl/nav2_ws/install/nav2_system_tests:/home/lhl/nav2_ws/install/nav2_bringup:/home/lhl/nav2_ws/install/navigation2:/home/lhl/nav2_ws/install/nav2_smoother:/home/lhl/nav2_ws/install/nav2_dwb_controller:/home/lhl/nav2_ws/install/nav2_controller:/home/lhl/nav2_ws/install/dwb_plugins:/home/lhl/nav2_ws/install/dwb_critics:/home/lhl/nav2_ws/install/dwb_core:/home/lhl/nav2_ws/install/nav_2d_utils:/home/lhl/nav2_ws/install/dwb_msgs:/home/lhl/nav2_ws/install/nav_2d_msgs:/home/lhl/nav2_ws/install/nav2_waypoint_follower:/home/lhl/nav2_ws/install/nav2_theta_star_planner:/home/lhl/nav2_ws/install/nav2_straightline_planner:/home/lhl/nav2_ws/install/nav2_sms_behavior:/home/lhl/nav2_ws/install/nav2_smac_planner:/home/lhl/nav2_ws/install/nav2_rotation_shim_controller:/home/lhl/nav2_ws/install/nav2_regulated_pure_pursuit_controller:/home/lhl/nav2_ws/install/nav2_planner:/home/lhl/nav2_ws/install/nav2_navfn_planner:/home/lhl/nav2_ws/install/nav2_mppi_controller:/home/lhl/nav2_ws/install/nav2_gradient_costmap_plugin:/home/lhl/nav2_ws/install/nav2_constrained_smoother:/home/lhl/nav2_ws/install/nav2_bt_navigator:/home/lhl/nav2_ws/install/nav2_behaviors:/home/lhl/nav2_ws/install/nav2_collision_monitor:/home/lhl/nav2_ws/install/costmap_queue:/home/lhl/nav2_ws/install/nav2_velocity_smoother:/home/lhl/nav2_ws/install/nav2_rviz_plugins:/home/lhl/nav2_ws/install/nav2_map_server:/home/lhl/nav2_ws/install/nav2_lifecycle_manager:/home/lhl/nav2_ws/install/nav2_behavior_tree:/home/lhl/nav2_ws/install/nav2_amcl:/home/lhl/nav2_ws/install/nav2_costmap_filters_demo:/home/lhl/nav2_ws/src/install/sam_bot_description:/home/lhl/nav2_ws/src/install/nav2_system_tests:/home/lhl/nav2_ws/src/install/nav2_bringup:/home/lhl/nav2_ws/src/install/navigation2:/home/lhl/nav2_ws/src/install/nav2_smoother:/home/lhl/nav2_ws/src/install/nav2_dwb_controller:/home/lhl/nav2_ws/src/install/nav2_controller:/home/lhl/nav2_ws/src/install/dwb_plugins:/home/lhl/nav2_ws/src/install/dwb_critics:/home/lhl/nav2_ws/src/install/dwb_core:/home/lhl/nav2_ws/src/install/nav_2d_utils:/home/lhl/nav2_ws/src/install/dwb_msgs:/home/lhl/nav2_ws/src/install/nav_2d_msgs:/home/lhl/nav2_ws/src/install/nav2_waypoint_follower:/home/lhl/nav2_ws/src/install/nav2_theta_star_planner:/home/lhl/nav2_ws/src/install/nav2_smac_planner:/home/lhl/nav2_ws/src/install/nav2_rotation_shim_controller:/home/lhl/nav2_ws/src/install/nav2_regulated_pure_pursuit_controller:/home/lhl/nav2_ws/src/install/nav2_planner:/home/lhl/nav2_ws/src/install/nav2_navfn_planner:/home/lhl/nav2_ws/src/install/nav2_mppi_controller:/home/lhl/nav2_ws/src/install/nav2_constrained_smoother:/home/lhl/nav2_ws/src/install/nav2_bt_navigator:/home/lhl/nav2_ws/src/install/nav2_behaviors:/home/lhl/nav2_ws/src/install/nav2_core:/home/lhl/nav2_ws/src/install/nav2_collision_monitor:/home/lhl/nav2_ws/src/install/costmap_queue:/home/lhl/nav2_ws/src/install/nav2_costmap_2d:/home/lhl/nav2_ws/src/install/nav2_voxel_grid:/home/lhl/nav2_ws/src/install/nav2_velocity_smoother:/home/lhl/nav2_ws/src/install/nav2_rviz_plugins:/home/lhl/nav2_ws/src/install/nav2_map_server:/home/lhl/nav2_ws/src/install/nav2_lifecycle_manager:/home/lhl/nav2_ws/src/install/nav2_behavior_tree:/home/lhl/nav2_ws/src/install/nav2_amcl:/home/lhl/nav2_ws/src/install/nav2_util:/home/lhl/nav2_ws/src/install/nav2_msgs:/home/lhl/nav2_ws/src/install/nav2_common:/home/lhl/nav2_ws/install/nav2_simple_commander:/home/lhl/nav2_ws/src/install/nav2_simple_commander:/opt/ros/humble LD_LIBRARY_PATH=/home/lhl/nav2_ws/install/nav2_costmap_2d/lib:/home/lhl/nav2_ws/install/nav2_util/lib:/home/lhl/nav2_ws/install/nav2_voxel_grid/lib:/home/lhl/nav2_ws/install/nav2_msgs/lib:/home/lhl/nav2_ws/install/nav2_smoother/lib:/home/lhl/nav2_ws/install/nav2_controller/lib:/home/lhl/nav2_ws/install/dwb_plugins/lib:/home/lhl/nav2_ws/install/dwb_critics/lib:/home/lhl/nav2_ws/install/dwb_core/lib:/home/lhl/nav2_ws/install/nav_2d_utils/lib:/home/lhl/nav2_ws/install/dwb_msgs/lib:/home/lhl/nav2_ws/install/nav_2d_msgs/lib:/home/lhl/nav2_ws/install/nav2_waypoint_follower/lib:/home/lhl/nav2_ws/install/nav2_theta_star_planner/lib:/home/lhl/nav2_ws/install/nav2_straightline_planner/lib:/home/lhl/nav2_ws/install/nav2_sms_behavior/lib:/home/lhl/nav2_ws/install/nav2_smac_planner/lib:/home/lhl/nav2_ws/install/nav2_rotation_shim_controller/lib:/home/lhl/nav2_ws/install/nav2_regulated_pure_pursuit_controller/lib:/home/lhl/nav2_ws/install/nav2_planner/lib:/home/lhl/nav2_ws/install/nav2_navfn_planner/lib:/home/lhl/nav2_ws/install/nav2_mppi_controller/lib:/home/lhl/nav2_ws/install/nav2_gradient_costmap_plugin/lib:/home/lhl/nav2_ws/install/nav2_constrained_smoother/lib:/home/lhl/nav2_ws/install/nav2_bt_navigator/lib:/home/lhl/nav2_ws/install/nav2_behaviors/lib:/home/lhl/nav2_ws/install/nav2_collision_monitor/lib:/home/lhl/nav2_ws/install/costmap_queue/lib:/home/lhl/nav2_ws/install/nav2_velocity_smoother/lib:/home/lhl/nav2_ws/install/nav2_rviz_plugins/lib:/home/lhl/nav2_ws/install/nav2_map_server/lib:/home/lhl/nav2_ws/install/nav2_lifecycle_manager/lib:/home/lhl/nav2_ws/install/nav2_behavior_tree/lib:/home/lhl/nav2_ws/install/nav2_amcl/lib:/home/lhl/nav2_ws/src/install/nav2_smoother/lib:/home/lhl/nav2_ws/src/install/nav2_controller/lib:/home/lhl/nav2_ws/src/install/dwb_plugins/lib:/home/lhl/nav2_ws/src/install/dwb_critics/lib:/home/lhl/nav2_ws/src/install/dwb_core/lib:/home/lhl/nav2_ws/src/install/nav_2d_utils/lib:/home/lhl/nav2_ws/src/install/dwb_msgs/lib:/home/lhl/nav2_ws/src/install/nav_2d_msgs/lib:/home/lhl/nav2_ws/src/install/nav2_waypoint_follower/lib:/home/lhl/nav2_ws/src/install/nav2_theta_star_planner/lib:/home/lhl/nav2_ws/src/install/nav2_smac_planner/lib:/home/lhl/nav2_ws/src/install/nav2_rotation_shim_controller/lib:/home/lhl/nav2_ws/src/install/nav2_regulated_pure_pursuit_controller/lib:/home/lhl/nav2_ws/src/install/nav2_planner/lib:/home/lhl/nav2_ws/src/install/nav2_navfn_planner/lib:/home/lhl/nav2_ws/src/install/nav2_mppi_controller/lib:/home/lhl/nav2_ws/src/install/nav2_constrained_smoother/lib:/home/lhl/nav2_ws/src/install/nav2_bt_navigator/lib:/home/lhl/nav2_ws/src/install/nav2_behaviors/lib:/home/lhl/nav2_ws/src/install/nav2_collision_monitor/lib:/home/lhl/nav2_ws/src/install/costmap_queue/lib:/home/lhl/nav2_ws/src/install/nav2_costmap_2d/lib:/home/lhl/nav2_ws/src/install/nav2_voxel_grid/lib:/home/lhl/nav2_ws/src/install/nav2_velocity_smoother/lib:/home/lhl/nav2_ws/src/install/nav2_rviz_plugins/lib:/home/lhl/nav2_ws/src/install/nav2_map_server/lib:/home/lhl/nav2_ws/src/install/nav2_lifecycle_manager/lib:/home/lhl/nav2_ws/src/install/nav2_behavior_tree/lib:/home/lhl/nav2_ws/src/install/nav2_amcl/lib:/home/lhl/nav2_ws/src/install/nav2_util/lib:/home/lhl/nav2_ws/src/install/nav2_msgs/lib:/usr/lib/x86_64-linux-gnu/gazebo-11/plugins:/opt/ros/humble/opt/rviz_ogre_vendor/lib:/opt/ros/humble/lib/x86_64-linux-gnu:/opt/ros/humble/lib /usr/bin/cmake --install /home/lhl/nav2_ws/build/nav2_smac_planner
[262.526s] -- Install configuration: "Release"
[262.526s] -- Up-to-date: /home/lhl/nav2_ws/install/nav2_smac_planner/include/
[262.526s] -- Up-to-date: /home/lhl/nav2_ws/install/nav2_smac_planner/include//nav2_smac_planner
[262.526s] -- Up-to-date: /home/lhl/nav2_ws/install/nav2_smac_planner/include//nav2_smac_planner/thirdparty
[262.527s] -- Up-to-date: /home/lhl/nav2_ws/install/nav2_smac_planner/share/nav2_smac_planner/sample_primitives
[262.527s] -- Up-to-date: /home/lhl/nav2_ws/install/nav2_smac_planner/share/nav2_smac_planner/sample_primitives/5cm_resolution
[262.527s] -- Up-to-date: /home/lhl/nav2_ws/install/nav2_smac_planner/share/nav2_smac_planner/sample_primitives/5cm_resolution/0.5m_turning_radius
[262.527s] -- Up-to-date: /home/lhl/nav2_ws/install/nav2_smac_planner/share/nav2_smac_planner/sample_primitives/5cm_resolution/0.5m_turning_radius/ackermann
[262.527s] -- Up-to-date: /home/lhl/nav2_ws/install/nav2_smac_planner/share/nav2_smac_planner/sample_primitives/5cm_resolution/0.5m_turning_radius/omni
[262.527s] -- Up-to-date: /home/lhl/nav2_ws/install/nav2_smac_planner/share/nav2_smac_planner/sample_primitives/5cm_resolution/0.5m_turning_radius/diff
[262.527s] -- Up-to-date: /home/lhl/nav2_ws/install/nav2_smac_planner/share/nav2_smac_planner/sample_primitives/5cm_resolution/1m_turning_radius
[262.527s] -- Up-to-date: /home/lhl/nav2_ws/install/nav2_smac_planner/share/nav2_smac_planner/sample_primitives/5cm_resolution/1m_turning_radius/ackermann
[262.528s] -- Up-to-date: /home/lhl/nav2_ws/install/nav2_smac_planner/share/nav2_smac_planner/sample_primitives/5cm_resolution/1m_turning_radius/omni
[262.528s] -- Up-to-date: /home/lhl/nav2_ws/install/nav2_smac_planner/share/nav2_smac_planner/sample_primitives/5cm_resolution/1m_turning_radius/diff
[262.528s] -- Installing: /home/lhl/nav2_ws/install/nav2_smac_planner/share/nav2_smac_planner/package.dsv
[262.534s] Invoked command in '/home/lhl/nav2_ws/build/nav2_smac_planner' returned '0': CMAKE_PREFIX_PATH=/home/lhl/nav2_ws/install/nav2_core:/home/lhl/nav2_ws/install/nav2_costmap_2d:/home/lhl/nav2_ws/install/nav2_util:/home/lhl/nav2_ws/install/nav2_voxel_grid:/home/lhl/nav2_ws/install/nav2_msgs:/home/lhl/nav2_ws/install/nav2_common:/home/lhl/nav2_ws/install/sam_bot_description:/home/lhl/nav2_ws/install/nav2_system_tests:/home/lhl/nav2_ws/install/nav2_bringup:/home/lhl/nav2_ws/install/navigation2:/home/lhl/nav2_ws/install/nav2_smoother:/home/lhl/nav2_ws/install/nav2_dwb_controller:/home/lhl/nav2_ws/install/nav2_controller:/home/lhl/nav2_ws/install/dwb_plugins:/home/lhl/nav2_ws/install/dwb_critics:/home/lhl/nav2_ws/install/dwb_core:/home/lhl/nav2_ws/install/nav_2d_utils:/home/lhl/nav2_ws/install/dwb_msgs:/home/lhl/nav2_ws/install/nav_2d_msgs:/home/lhl/nav2_ws/install/nav2_waypoint_follower:/home/lhl/nav2_ws/install/nav2_theta_star_planner:/home/lhl/nav2_ws/install/nav2_straightline_planner:/home/lhl/nav2_ws/install/nav2_sms_behavior:/home/lhl/nav2_ws/install/nav2_smac_planner:/home/lhl/nav2_ws/install/nav2_rotation_shim_controller:/home/lhl/nav2_ws/install/nav2_regulated_pure_pursuit_controller:/home/lhl/nav2_ws/install/nav2_planner:/home/lhl/nav2_ws/install/nav2_navfn_planner:/home/lhl/nav2_ws/install/nav2_mppi_controller:/home/lhl/nav2_ws/install/nav2_gradient_costmap_plugin:/home/lhl/nav2_ws/install/nav2_constrained_smoother:/home/lhl/nav2_ws/install/nav2_bt_navigator:/home/lhl/nav2_ws/install/nav2_behaviors:/home/lhl/nav2_ws/install/nav2_collision_monitor:/home/lhl/nav2_ws/install/costmap_queue:/home/lhl/nav2_ws/install/nav2_velocity_smoother:/home/lhl/nav2_ws/install/nav2_rviz_plugins:/home/lhl/nav2_ws/install/nav2_map_server:/home/lhl/nav2_ws/install/nav2_lifecycle_manager:/home/lhl/nav2_ws/install/nav2_behavior_tree:/home/lhl/nav2_ws/install/nav2_amcl:/home/lhl/nav2_ws/install/nav2_costmap_filters_demo:/home/lhl/nav2_ws/src/install/sam_bot_description:/home/lhl/nav2_ws/src/install/nav2_system_tests:/home/lhl/nav2_ws/src/install/nav2_bringup:/home/lhl/nav2_ws/src/install/navigation2:/home/lhl/nav2_ws/src/install/nav2_smoother:/home/lhl/nav2_ws/src/install/nav2_dwb_controller:/home/lhl/nav2_ws/src/install/nav2_controller:/home/lhl/nav2_ws/src/install/dwb_plugins:/home/lhl/nav2_ws/src/install/dwb_critics:/home/lhl/nav2_ws/src/install/dwb_core:/home/lhl/nav2_ws/src/install/nav_2d_utils:/home/lhl/nav2_ws/src/install/dwb_msgs:/home/lhl/nav2_ws/src/install/nav_2d_msgs:/home/lhl/nav2_ws/src/install/nav2_waypoint_follower:/home/lhl/nav2_ws/src/install/nav2_theta_star_planner:/home/lhl/nav2_ws/src/install/nav2_smac_planner:/home/lhl/nav2_ws/src/install/nav2_rotation_shim_controller:/home/lhl/nav2_ws/src/install/nav2_regulated_pure_pursuit_controller:/home/lhl/nav2_ws/src/install/nav2_planner:/home/lhl/nav2_ws/src/install/nav2_navfn_planner:/home/lhl/nav2_ws/src/install/nav2_mppi_controller:/home/lhl/nav2_ws/src/install/nav2_constrained_smoother:/home/lhl/nav2_ws/src/install/nav2_bt_navigator:/home/lhl/nav2_ws/src/install/nav2_behaviors:/home/lhl/nav2_ws/src/install/nav2_core:/home/lhl/nav2_ws/src/install/nav2_collision_monitor:/home/lhl/nav2_ws/src/install/costmap_queue:/home/lhl/nav2_ws/src/install/nav2_costmap_2d:/home/lhl/nav2_ws/src/install/nav2_voxel_grid:/home/lhl/nav2_ws/src/install/nav2_velocity_smoother:/home/lhl/nav2_ws/src/install/nav2_rviz_plugins:/home/lhl/nav2_ws/src/install/nav2_map_server:/home/lhl/nav2_ws/src/install/nav2_lifecycle_manager:/home/lhl/nav2_ws/src/install/nav2_behavior_tree:/home/lhl/nav2_ws/src/install/nav2_amcl:/home/lhl/nav2_ws/src/install/nav2_util:/home/lhl/nav2_ws/src/install/nav2_msgs:/home/lhl/nav2_ws/src/install/nav2_common:/home/lhl/nav2_ws/install/nav2_simple_commander:/home/lhl/nav2_ws/src/install/nav2_simple_commander:/opt/ros/humble LD_LIBRARY_PATH=/home/lhl/nav2_ws/install/nav2_costmap_2d/lib:/home/lhl/nav2_ws/install/nav2_util/lib:/home/lhl/nav2_ws/install/nav2_voxel_grid/lib:/home/lhl/nav2_ws/install/nav2_msgs/lib:/home/lhl/nav2_ws/install/nav2_smoother/lib:/home/lhl/nav2_ws/install/nav2_controller/lib:/home/lhl/nav2_ws/install/dwb_plugins/lib:/home/lhl/nav2_ws/install/dwb_critics/lib:/home/lhl/nav2_ws/install/dwb_core/lib:/home/lhl/nav2_ws/install/nav_2d_utils/lib:/home/lhl/nav2_ws/install/dwb_msgs/lib:/home/lhl/nav2_ws/install/nav_2d_msgs/lib:/home/lhl/nav2_ws/install/nav2_waypoint_follower/lib:/home/lhl/nav2_ws/install/nav2_theta_star_planner/lib:/home/lhl/nav2_ws/install/nav2_straightline_planner/lib:/home/lhl/nav2_ws/install/nav2_sms_behavior/lib:/home/lhl/nav2_ws/install/nav2_smac_planner/lib:/home/lhl/nav2_ws/install/nav2_rotation_shim_controller/lib:/home/lhl/nav2_ws/install/nav2_regulated_pure_pursuit_controller/lib:/home/lhl/nav2_ws/install/nav2_planner/lib:/home/lhl/nav2_ws/install/nav2_navfn_planner/lib:/home/lhl/nav2_ws/install/nav2_mppi_controller/lib:/home/lhl/nav2_ws/install/nav2_gradient_costmap_plugin/lib:/home/lhl/nav2_ws/install/nav2_constrained_smoother/lib:/home/lhl/nav2_ws/install/nav2_bt_navigator/lib:/home/lhl/nav2_ws/install/nav2_behaviors/lib:/home/lhl/nav2_ws/install/nav2_collision_monitor/lib:/home/lhl/nav2_ws/install/costmap_queue/lib:/home/lhl/nav2_ws/install/nav2_velocity_smoother/lib:/home/lhl/nav2_ws/install/nav2_rviz_plugins/lib:/home/lhl/nav2_ws/install/nav2_map_server/lib:/home/lhl/nav2_ws/install/nav2_lifecycle_manager/lib:/home/lhl/nav2_ws/install/nav2_behavior_tree/lib:/home/lhl/nav2_ws/install/nav2_amcl/lib:/home/lhl/nav2_ws/src/install/nav2_smoother/lib:/home/lhl/nav2_ws/src/install/nav2_controller/lib:/home/lhl/nav2_ws/src/install/dwb_plugins/lib:/home/lhl/nav2_ws/src/install/dwb_critics/lib:/home/lhl/nav2_ws/src/install/dwb_core/lib:/home/lhl/nav2_ws/src/install/nav_2d_utils/lib:/home/lhl/nav2_ws/src/install/dwb_msgs/lib:/home/lhl/nav2_ws/src/install/nav_2d_msgs/lib:/home/lhl/nav2_ws/src/install/nav2_waypoint_follower/lib:/home/lhl/nav2_ws/src/install/nav2_theta_star_planner/lib:/home/lhl/nav2_ws/src/install/nav2_smac_planner/lib:/home/lhl/nav2_ws/src/install/nav2_rotation_shim_controller/lib:/home/lhl/nav2_ws/src/install/nav2_regulated_pure_pursuit_controller/lib:/home/lhl/nav2_ws/src/install/nav2_planner/lib:/home/lhl/nav2_ws/src/install/nav2_navfn_planner/lib:/home/lhl/nav2_ws/src/install/nav2_mppi_controller/lib:/home/lhl/nav2_ws/src/install/nav2_constrained_smoother/lib:/home/lhl/nav2_ws/src/install/nav2_bt_navigator/lib:/home/lhl/nav2_ws/src/install/nav2_behaviors/lib:/home/lhl/nav2_ws/src/install/nav2_collision_monitor/lib:/home/lhl/nav2_ws/src/install/costmap_queue/lib:/home/lhl/nav2_ws/src/install/nav2_costmap_2d/lib:/home/lhl/nav2_ws/src/install/nav2_voxel_grid/lib:/home/lhl/nav2_ws/src/install/nav2_velocity_smoother/lib:/home/lhl/nav2_ws/src/install/nav2_rviz_plugins/lib:/home/lhl/nav2_ws/src/install/nav2_map_server/lib:/home/lhl/nav2_ws/src/install/nav2_lifecycle_manager/lib:/home/lhl/nav2_ws/src/install/nav2_behavior_tree/lib:/home/lhl/nav2_ws/src/install/nav2_amcl/lib:/home/lhl/nav2_ws/src/install/nav2_util/lib:/home/lhl/nav2_ws/src/install/nav2_msgs/lib:/usr/lib/x86_64-linux-gnu/gazebo-11/plugins:/opt/ros/humble/opt/rviz_ogre_vendor/lib:/opt/ros/humble/lib/x86_64-linux-gnu:/opt/ros/humble/lib /usr/bin/cmake --install /home/lhl/nav2_ws/build/nav2_smac_planner
