[0.246s] Invoking command in '/home/lhl/nav2_ws/src/build/nav2_navfn_planner': AMENT_PREFIX_PATH=/home/lhl/nav2_ws/src/install/nav2_core:/home/lhl/nav2_ws/src/install/nav2_costmap_2d:/home/lhl/nav2_ws/src/install/nav2_util:/home/lhl/nav2_ws/src/install/nav2_voxel_grid:/home/lhl/nav2_ws/src/install/nav2_msgs:/home/lhl/nav2_ws/src/install/nav2_common:${AMENT_PREFIX_PATH} CMAKE_PREFIX_PATH=/home/lhl/nav2_ws/src/install/nav2_core:/home/lhl/nav2_ws/src/install/nav2_costmap_2d:/home/lhl/nav2_ws/src/install/nav2_util:/home/lhl/nav2_ws/src/install/nav2_voxel_grid:/home/lhl/nav2_ws/src/install/nav2_msgs:/home/lhl/nav2_ws/src/install/nav2_common:/opt/ros/humble LD_LIBRARY_PATH=/home/lhl/nav2_ws/src/install/nav2_costmap_2d/lib:/home/lhl/nav2_ws/src/install/nav2_util/lib:/home/lhl/nav2_ws/src/install/nav2_voxel_grid/lib:/home/lhl/nav2_ws/src/install/nav2_msgs/lib:${LD_LIBRARY_PATH} PYTHONPATH=/home/lhl/nav2_ws/src/install/nav2_msgs/local/lib/python3.10/dist-packages:/home/lhl/nav2_ws/src/install/nav2_common/local/lib/python3.10/dist-packages:${PYTHONPATH} /usr/bin/cmake --build /home/lhl/nav2_ws/src/build/nav2_navfn_planner -- -j8 -l8
[0.321s] [35m[1mConsolidate compiler generated dependencies of target nav2_navfn_planner[0m
[0.352s] [ 33%] Built target nav2_navfn_planner
[0.440s] [35m[1mConsolidate compiler generated dependencies of target gtest[0m
[0.440s] [35m[1mConsolidate compiler generated dependencies of target gtest_main[0m
[0.455s] [ 55%] Built target gtest_main
[0.455s] [ 77%] Built target gtest
[0.477s] [35m[1mConsolidate compiler generated dependencies of target test_dynamic_parameters[0m
[0.494s] [100%] Built target test_dynamic_parameters
[0.578s] Invoked command in '/home/lhl/nav2_ws/src/build/nav2_navfn_planner' returned '0': AMENT_PREFIX_PATH=/home/lhl/nav2_ws/src/install/nav2_core:/home/lhl/nav2_ws/src/install/nav2_costmap_2d:/home/lhl/nav2_ws/src/install/nav2_util:/home/lhl/nav2_ws/src/install/nav2_voxel_grid:/home/lhl/nav2_ws/src/install/nav2_msgs:/home/lhl/nav2_ws/src/install/nav2_common:${AMENT_PREFIX_PATH} CMAKE_PREFIX_PATH=/home/lhl/nav2_ws/src/install/nav2_core:/home/lhl/nav2_ws/src/install/nav2_costmap_2d:/home/lhl/nav2_ws/src/install/nav2_util:/home/lhl/nav2_ws/src/install/nav2_voxel_grid:/home/lhl/nav2_ws/src/install/nav2_msgs:/home/lhl/nav2_ws/src/install/nav2_common:/opt/ros/humble LD_LIBRARY_PATH=/home/lhl/nav2_ws/src/install/nav2_costmap_2d/lib:/home/lhl/nav2_ws/src/install/nav2_util/lib:/home/lhl/nav2_ws/src/install/nav2_voxel_grid/lib:/home/lhl/nav2_ws/src/install/nav2_msgs/lib:${LD_LIBRARY_PATH} PYTHONPATH=/home/lhl/nav2_ws/src/install/nav2_msgs/local/lib/python3.10/dist-packages:/home/lhl/nav2_ws/src/install/nav2_common/local/lib/python3.10/dist-packages:${PYTHONPATH} /usr/bin/cmake --build /home/lhl/nav2_ws/src/build/nav2_navfn_planner -- -j8 -l8
[0.779s] Invoking command in '/home/lhl/nav2_ws/src/build/nav2_navfn_planner': AMENT_PREFIX_PATH=/home/lhl/nav2_ws/src/install/nav2_core:/home/lhl/nav2_ws/src/install/nav2_costmap_2d:/home/lhl/nav2_ws/src/install/nav2_util:/home/lhl/nav2_ws/src/install/nav2_voxel_grid:/home/lhl/nav2_ws/src/install/nav2_msgs:/home/lhl/nav2_ws/src/install/nav2_common:${AMENT_PREFIX_PATH} CMAKE_PREFIX_PATH=/home/lhl/nav2_ws/src/install/nav2_core:/home/lhl/nav2_ws/src/install/nav2_costmap_2d:/home/lhl/nav2_ws/src/install/nav2_util:/home/lhl/nav2_ws/src/install/nav2_voxel_grid:/home/lhl/nav2_ws/src/install/nav2_msgs:/home/lhl/nav2_ws/src/install/nav2_common:/opt/ros/humble LD_LIBRARY_PATH=/home/lhl/nav2_ws/src/install/nav2_costmap_2d/lib:/home/lhl/nav2_ws/src/install/nav2_util/lib:/home/lhl/nav2_ws/src/install/nav2_voxel_grid/lib:/home/lhl/nav2_ws/src/install/nav2_msgs/lib:${LD_LIBRARY_PATH} PYTHONPATH=/home/lhl/nav2_ws/src/install/nav2_msgs/local/lib/python3.10/dist-packages:/home/lhl/nav2_ws/src/install/nav2_common/local/lib/python3.10/dist-packages:${PYTHONPATH} /usr/bin/cmake --install /home/lhl/nav2_ws/src/build/nav2_navfn_planner
[0.789s] -- Install configuration: "Release"
[0.789s] -- Up-to-date: /home/lhl/nav2_ws/src/install/nav2_navfn_planner/share/nav2_navfn_planner/global_planner_plugin.xml
[0.789s] -- Up-to-date: /home/lhl/nav2_ws/src/install/nav2_navfn_planner/lib/libnav2_navfn_planner.so
[0.789s] -- Up-to-date: /home/lhl/nav2_ws/src/install/nav2_navfn_planner/include/
[0.789s] -- Up-to-date: /home/lhl/nav2_ws/src/install/nav2_navfn_planner/include//nav2_navfn_planner
[0.790s] -- Up-to-date: /home/lhl/nav2_ws/src/install/nav2_navfn_planner/include//nav2_navfn_planner/navfn_planner.hpp
[0.790s] -- Up-to-date: /home/lhl/nav2_ws/src/install/nav2_navfn_planner/include//nav2_navfn_planner/navfn.hpp
[0.790s] -- Up-to-date: /home/lhl/nav2_ws/src/install/nav2_navfn_planner/share/nav2_navfn_planner/global_planner_plugin.xml
[0.790s] -- Up-to-date: /home/lhl/nav2_ws/src/install/nav2_navfn_planner/share/nav2_navfn_planner/environment/library_path.sh
[0.790s] -- Up-to-date: /home/lhl/nav2_ws/src/install/nav2_navfn_planner/share/nav2_navfn_planner/environment/library_path.dsv
[0.790s] -- Up-to-date: /home/lhl/nav2_ws/src/install/nav2_navfn_planner/share/ament_index/resource_index/package_run_dependencies/nav2_navfn_planner
[0.790s] -- Up-to-date: /home/lhl/nav2_ws/src/install/nav2_navfn_planner/share/ament_index/resource_index/parent_prefix_path/nav2_navfn_planner
[0.790s] -- Up-to-date: /home/lhl/nav2_ws/src/install/nav2_navfn_planner/share/nav2_navfn_planner/environment/ament_prefix_path.sh
[0.791s] -- Up-to-date: /home/lhl/nav2_ws/src/install/nav2_navfn_planner/share/nav2_navfn_planner/environment/ament_prefix_path.dsv
[0.791s] -- Up-to-date: /home/lhl/nav2_ws/src/install/nav2_navfn_planner/share/nav2_navfn_planner/environment/path.sh
[0.791s] -- Up-to-date: /home/lhl/nav2_ws/src/install/nav2_navfn_planner/share/nav2_navfn_planner/environment/path.dsv
[0.791s] -- Up-to-date: /home/lhl/nav2_ws/src/install/nav2_navfn_planner/share/nav2_navfn_planner/local_setup.bash
[0.791s] -- Up-to-date: /home/lhl/nav2_ws/src/install/nav2_navfn_planner/share/nav2_navfn_planner/local_setup.sh
[0.792s] -- Up-to-date: /home/lhl/nav2_ws/src/install/nav2_navfn_planner/share/nav2_navfn_planner/local_setup.zsh
[0.792s] -- Up-to-date: /home/lhl/nav2_ws/src/install/nav2_navfn_planner/share/nav2_navfn_planner/local_setup.dsv
[0.792s] -- Installing: /home/lhl/nav2_ws/src/install/nav2_navfn_planner/share/nav2_navfn_planner/package.dsv
[0.794s] -- Up-to-date: /home/lhl/nav2_ws/src/install/nav2_navfn_planner/share/ament_index/resource_index/packages/nav2_navfn_planner
[0.794s] -- Up-to-date: /home/lhl/nav2_ws/src/install/nav2_navfn_planner/share/ament_index/resource_index/nav2_core__pluginlib__plugin/nav2_navfn_planner
[0.794s] -- Up-to-date: /home/lhl/nav2_ws/src/install/nav2_navfn_planner/share/nav2_navfn_planner/cmake/ament_cmake_export_include_directories-extras.cmake
[0.794s] -- Up-to-date: /home/lhl/nav2_ws/src/install/nav2_navfn_planner/share/nav2_navfn_planner/cmake/ament_cmake_export_libraries-extras.cmake
[0.795s] -- Up-to-date: /home/lhl/nav2_ws/src/install/nav2_navfn_planner/share/nav2_navfn_planner/cmake/ament_cmake_export_dependencies-extras.cmake
[0.795s] -- Up-to-date: /home/lhl/nav2_ws/src/install/nav2_navfn_planner/share/nav2_navfn_planner/cmake/nav2_navfn_plannerConfig.cmake
[0.795s] -- Up-to-date: /home/lhl/nav2_ws/src/install/nav2_navfn_planner/share/nav2_navfn_planner/cmake/nav2_navfn_plannerConfig-version.cmake
[0.795s] -- Up-to-date: /home/lhl/nav2_ws/src/install/nav2_navfn_planner/share/nav2_navfn_planner/package.xml
[0.803s] Invoked command in '/home/lhl/nav2_ws/src/build/nav2_navfn_planner' returned '0': AMENT_PREFIX_PATH=/home/lhl/nav2_ws/src/install/nav2_core:/home/lhl/nav2_ws/src/install/nav2_costmap_2d:/home/lhl/nav2_ws/src/install/nav2_util:/home/lhl/nav2_ws/src/install/nav2_voxel_grid:/home/lhl/nav2_ws/src/install/nav2_msgs:/home/lhl/nav2_ws/src/install/nav2_common:${AMENT_PREFIX_PATH} CMAKE_PREFIX_PATH=/home/lhl/nav2_ws/src/install/nav2_core:/home/lhl/nav2_ws/src/install/nav2_costmap_2d:/home/lhl/nav2_ws/src/install/nav2_util:/home/lhl/nav2_ws/src/install/nav2_voxel_grid:/home/lhl/nav2_ws/src/install/nav2_msgs:/home/lhl/nav2_ws/src/install/nav2_common:/opt/ros/humble LD_LIBRARY_PATH=/home/lhl/nav2_ws/src/install/nav2_costmap_2d/lib:/home/lhl/nav2_ws/src/install/nav2_util/lib:/home/lhl/nav2_ws/src/install/nav2_voxel_grid/lib:/home/lhl/nav2_ws/src/install/nav2_msgs/lib:${LD_LIBRARY_PATH} PYTHONPATH=/home/lhl/nav2_ws/src/install/nav2_msgs/local/lib/python3.10/dist-packages:/home/lhl/nav2_ws/src/install/nav2_common/local/lib/python3.10/dist-packages:${PYTHONPATH} /usr/bin/cmake --install /home/lhl/nav2_ws/src/build/nav2_navfn_planner
