[0.083s] Invoking command in '/home/lhl/nav2_ws/src/build/nav2_mppi_controller': AMENT_PREFIX_PATH=/home/lhl/nav2_ws/src/install/nav2_core:/home/lhl/nav2_ws/src/install/nav2_costmap_2d:/home/lhl/nav2_ws/src/install/nav2_util:/home/lhl/nav2_ws/src/install/nav2_voxel_grid:/home/lhl/nav2_ws/src/install/nav2_msgs:/home/lhl/nav2_ws/src/install/nav2_common:${AMENT_PREFIX_PATH} CMAKE_PREFIX_PATH=/home/lhl/nav2_ws/src/install/nav2_core:/home/lhl/nav2_ws/src/install/nav2_costmap_2d:/home/lhl/nav2_ws/src/install/nav2_util:/home/lhl/nav2_ws/src/install/nav2_voxel_grid:/home/lhl/nav2_ws/src/install/nav2_msgs:/home/lhl/nav2_ws/src/install/nav2_common:/opt/ros/humble LD_LIBRARY_PATH=/home/lhl/nav2_ws/src/install/nav2_costmap_2d/lib:/home/lhl/nav2_ws/src/install/nav2_util/lib:/home/lhl/nav2_ws/src/install/nav2_voxel_grid/lib:/home/lhl/nav2_ws/src/install/nav2_msgs/lib:${LD_LIBRARY_PATH} PYTHONPATH=/home/lhl/nav2_ws/src/install/nav2_msgs/local/lib/python3.10/dist-packages:/home/lhl/nav2_ws/src/install/nav2_common/local/lib/python3.10/dist-packages:${PYTHONPATH} /usr/bin/cmake --build /home/lhl/nav2_ws/src/build/nav2_mppi_controller -- -j8 -l8
[0.133s] [35m[1mConsolidate compiler generated dependencies of target gtest[0m
[0.133s] [35m[1mConsolidate compiler generated dependencies of target gtest_main[0m
[0.145s] [35m[1mConsolidate compiler generated dependencies of target mppi_critics[0m
[0.146s] [35m[1mConsolidate compiler generated dependencies of target mppi_controller[0m
[0.148s] [  4%] Built target gtest_main
[0.149s] [  8%] Built target gtest
[0.205s] [ 26%] Built target mppi_controller
[0.205s] [ 47%] Built target mppi_critics
[0.220s] [35m[1mConsolidate compiler generated dependencies of target motion_model_tests[0m
[0.220s] [35m[1mConsolidate compiler generated dependencies of target noise_generator_test[0m
[0.220s] [35m[1mConsolidate compiler generated dependencies of target controller_state_transition_test[0m
[0.220s] [35m[1mConsolidate compiler generated dependencies of target models_test[0m
[0.221s] [35m[1mConsolidate compiler generated dependencies of target optimizer_smoke_test[0m
[0.221s] [35m[1mConsolidate compiler generated dependencies of target parameter_handler_test[0m
[0.225s] [35m[1mConsolidate compiler generated dependencies of target trajectory_visualizer_tests[0m
[0.242s] [35m[1mConsolidate compiler generated dependencies of target utils_test[0m
[0.256s] [ 56%] Built target parameter_handler_test
[0.257s] [ 56%] Built target motion_model_tests
[0.257s] [ 60%] Built target noise_generator_test
[0.258s] [ 65%] Built target models_test
[0.264s] [ 69%] Built target optimizer_smoke_test
[0.267s] [ 76%] Built target controller_state_transition_test
[0.268s] [ 78%] Built target trajectory_visualizer_tests
[0.273s] [35m[1mConsolidate compiler generated dependencies of target path_handler_test[0m
[0.273s] [35m[1mConsolidate compiler generated dependencies of target critic_manager_test[0m
[0.274s] [35m[1mConsolidate compiler generated dependencies of target optimizer_unit_tests[0m
[0.279s] [ 82%] Built target utils_test
[0.283s] [35m[1mConsolidate compiler generated dependencies of target critics_tests[0m
[0.304s] [ 86%] Built target critic_manager_test
[0.304s] [ 91%] Built target path_handler_test
[0.307s] [ 95%] Built target optimizer_unit_tests
[0.316s] [100%] Built target critics_tests
[0.367s] Invoked command in '/home/lhl/nav2_ws/src/build/nav2_mppi_controller' returned '0': AMENT_PREFIX_PATH=/home/lhl/nav2_ws/src/install/nav2_core:/home/lhl/nav2_ws/src/install/nav2_costmap_2d:/home/lhl/nav2_ws/src/install/nav2_util:/home/lhl/nav2_ws/src/install/nav2_voxel_grid:/home/lhl/nav2_ws/src/install/nav2_msgs:/home/lhl/nav2_ws/src/install/nav2_common:${AMENT_PREFIX_PATH} CMAKE_PREFIX_PATH=/home/lhl/nav2_ws/src/install/nav2_core:/home/lhl/nav2_ws/src/install/nav2_costmap_2d:/home/lhl/nav2_ws/src/install/nav2_util:/home/lhl/nav2_ws/src/install/nav2_voxel_grid:/home/lhl/nav2_ws/src/install/nav2_msgs:/home/lhl/nav2_ws/src/install/nav2_common:/opt/ros/humble LD_LIBRARY_PATH=/home/lhl/nav2_ws/src/install/nav2_costmap_2d/lib:/home/lhl/nav2_ws/src/install/nav2_util/lib:/home/lhl/nav2_ws/src/install/nav2_voxel_grid/lib:/home/lhl/nav2_ws/src/install/nav2_msgs/lib:${LD_LIBRARY_PATH} PYTHONPATH=/home/lhl/nav2_ws/src/install/nav2_msgs/local/lib/python3.10/dist-packages:/home/lhl/nav2_ws/src/install/nav2_common/local/lib/python3.10/dist-packages:${PYTHONPATH} /usr/bin/cmake --build /home/lhl/nav2_ws/src/build/nav2_mppi_controller -- -j8 -l8
[0.534s] Invoking command in '/home/lhl/nav2_ws/src/build/nav2_mppi_controller': AMENT_PREFIX_PATH=/home/lhl/nav2_ws/src/install/nav2_core:/home/lhl/nav2_ws/src/install/nav2_costmap_2d:/home/lhl/nav2_ws/src/install/nav2_util:/home/lhl/nav2_ws/src/install/nav2_voxel_grid:/home/lhl/nav2_ws/src/install/nav2_msgs:/home/lhl/nav2_ws/src/install/nav2_common:${AMENT_PREFIX_PATH} CMAKE_PREFIX_PATH=/home/lhl/nav2_ws/src/install/nav2_core:/home/lhl/nav2_ws/src/install/nav2_costmap_2d:/home/lhl/nav2_ws/src/install/nav2_util:/home/lhl/nav2_ws/src/install/nav2_voxel_grid:/home/lhl/nav2_ws/src/install/nav2_msgs:/home/lhl/nav2_ws/src/install/nav2_common:/opt/ros/humble LD_LIBRARY_PATH=/home/lhl/nav2_ws/src/install/nav2_costmap_2d/lib:/home/lhl/nav2_ws/src/install/nav2_util/lib:/home/lhl/nav2_ws/src/install/nav2_voxel_grid/lib:/home/lhl/nav2_ws/src/install/nav2_msgs/lib:${LD_LIBRARY_PATH} PYTHONPATH=/home/lhl/nav2_ws/src/install/nav2_msgs/local/lib/python3.10/dist-packages:/home/lhl/nav2_ws/src/install/nav2_common/local/lib/python3.10/dist-packages:${PYTHONPATH} /usr/bin/cmake --install /home/lhl/nav2_ws/src/build/nav2_mppi_controller
[0.598s] -- Install configuration: "Release"
[0.598s] -- Up-to-date: /home/lhl/nav2_ws/src/install/nav2_mppi_controller/lib/libmppi_controller.so
[0.598s] -- Up-to-date: /home/lhl/nav2_ws/src/install/nav2_mppi_controller/lib/libmppi_critics.so
[0.599s] -- Up-to-date: /home/lhl/nav2_ws/src/install/nav2_mppi_controller/include/
[0.599s] -- Up-to-date: /home/lhl/nav2_ws/src/install/nav2_mppi_controller/include//nav2_mppi_controller
[0.599s] -- Up-to-date: /home/lhl/nav2_ws/src/install/nav2_mppi_controller/include//nav2_mppi_controller/critic_data.hpp
[0.599s] -- Up-to-date: /home/lhl/nav2_ws/src/install/nav2_mppi_controller/include//nav2_mppi_controller/tools
[0.600s] -- Up-to-date: /home/lhl/nav2_ws/src/install/nav2_mppi_controller/include//nav2_mppi_controller/tools/utils.hpp
[0.601s] -- Up-to-date: /home/lhl/nav2_ws/src/install/nav2_mppi_controller/include//nav2_mppi_controller/tools/path_handler.hpp
[0.601s] -- Up-to-date: /home/lhl/nav2_ws/src/install/nav2_mppi_controller/include//nav2_mppi_controller/tools/parameters_handler.hpp
[0.601s] -- Up-to-date: /home/lhl/nav2_ws/src/install/nav2_mppi_controller/include//nav2_mppi_controller/tools/trajectory_visualizer.hpp
[0.601s] -- Up-to-date: /home/lhl/nav2_ws/src/install/nav2_mppi_controller/include//nav2_mppi_controller/tools/noise_generator.hpp
[0.602s] -- Up-to-date: /home/lhl/nav2_ws/src/install/nav2_mppi_controller/include//nav2_mppi_controller/motion_models.hpp
[0.602s] -- Up-to-date: /home/lhl/nav2_ws/src/install/nav2_mppi_controller/include//nav2_mppi_controller/models
[0.603s] -- Up-to-date: /home/lhl/nav2_ws/src/install/nav2_mppi_controller/include//nav2_mppi_controller/models/state.hpp
[0.603s] -- Up-to-date: /home/lhl/nav2_ws/src/install/nav2_mppi_controller/include//nav2_mppi_controller/models/constraints.hpp
[0.604s] -- Up-to-date: /home/lhl/nav2_ws/src/install/nav2_mppi_controller/include//nav2_mppi_controller/models/path.hpp
[0.605s] -- Up-to-date: /home/lhl/nav2_ws/src/install/nav2_mppi_controller/include//nav2_mppi_controller/models/trajectories.hpp
[0.605s] -- Up-to-date: /home/lhl/nav2_ws/src/install/nav2_mppi_controller/include//nav2_mppi_controller/models/control_sequence.hpp
[0.605s] -- Up-to-date: /home/lhl/nav2_ws/src/install/nav2_mppi_controller/include//nav2_mppi_controller/models/optimizer_settings.hpp
[0.606s] -- Up-to-date: /home/lhl/nav2_ws/src/install/nav2_mppi_controller/include//nav2_mppi_controller/controller.hpp
[0.606s] -- Up-to-date: /home/lhl/nav2_ws/src/install/nav2_mppi_controller/include//nav2_mppi_controller/optimizer.hpp
[0.606s] -- Up-to-date: /home/lhl/nav2_ws/src/install/nav2_mppi_controller/include//nav2_mppi_controller/critic_manager.hpp
[0.606s] -- Up-to-date: /home/lhl/nav2_ws/src/install/nav2_mppi_controller/include//nav2_mppi_controller/critics
[0.606s] -- Up-to-date: /home/lhl/nav2_ws/src/install/nav2_mppi_controller/include//nav2_mppi_controller/critics/goal_angle_critic.hpp
[0.606s] -- Up-to-date: /home/lhl/nav2_ws/src/install/nav2_mppi_controller/include//nav2_mppi_controller/critics/prefer_forward_critic.hpp
[0.607s] -- Up-to-date: /home/lhl/nav2_ws/src/install/nav2_mppi_controller/include//nav2_mppi_controller/critics/path_angle_critic.hpp
[0.609s] -- Up-to-date: /home/lhl/nav2_ws/src/install/nav2_mppi_controller/include//nav2_mppi_controller/critics/obstacles_critic.hpp
[0.610s] -- Up-to-date: /home/lhl/nav2_ws/src/install/nav2_mppi_controller/include//nav2_mppi_controller/critics/path_align_critic.hpp
[0.610s] -- Up-to-date: /home/lhl/nav2_ws/src/install/nav2_mppi_controller/include//nav2_mppi_controller/critics/twirling_critic.hpp
[0.610s] -- Up-to-date: /home/lhl/nav2_ws/src/install/nav2_mppi_controller/include//nav2_mppi_controller/critics/constraint_critic.hpp
[0.610s] -- Up-to-date: /home/lhl/nav2_ws/src/install/nav2_mppi_controller/include//nav2_mppi_controller/critics/goal_critic.hpp
[0.610s] -- Up-to-date: /home/lhl/nav2_ws/src/install/nav2_mppi_controller/include//nav2_mppi_controller/critics/path_follow_critic.hpp
[0.610s] -- Up-to-date: /home/lhl/nav2_ws/src/install/nav2_mppi_controller/include//nav2_mppi_controller/critic_function.hpp
[0.615s] -- Up-to-date: /home/lhl/nav2_ws/src/install/nav2_mppi_controller/share/nav2_mppi_controller/environment/library_path.sh
[0.615s] -- Up-to-date: /home/lhl/nav2_ws/src/install/nav2_mppi_controller/share/nav2_mppi_controller/environment/library_path.dsv
[0.615s] -- Up-to-date: /home/lhl/nav2_ws/src/install/nav2_mppi_controller/share/nav2_mppi_controller/mppic.xml
[0.615s] -- Up-to-date: /home/lhl/nav2_ws/src/install/nav2_mppi_controller/share/nav2_mppi_controller/critics.xml
[0.616s] -- Up-to-date: /home/lhl/nav2_ws/src/install/nav2_mppi_controller/share/ament_index/resource_index/package_run_dependencies/nav2_mppi_controller
[0.616s] -- Up-to-date: /home/lhl/nav2_ws/src/install/nav2_mppi_controller/share/ament_index/resource_index/parent_prefix_path/nav2_mppi_controller
[0.616s] -- Up-to-date: /home/lhl/nav2_ws/src/install/nav2_mppi_controller/share/nav2_mppi_controller/environment/ament_prefix_path.sh
[0.616s] -- Up-to-date: /home/lhl/nav2_ws/src/install/nav2_mppi_controller/share/nav2_mppi_controller/environment/ament_prefix_path.dsv
[0.616s] -- Up-to-date: /home/lhl/nav2_ws/src/install/nav2_mppi_controller/share/nav2_mppi_controller/environment/path.sh
[0.616s] -- Up-to-date: /home/lhl/nav2_ws/src/install/nav2_mppi_controller/share/nav2_mppi_controller/environment/path.dsv
[0.617s] -- Up-to-date: /home/lhl/nav2_ws/src/install/nav2_mppi_controller/share/nav2_mppi_controller/local_setup.bash
[0.617s] -- Up-to-date: /home/lhl/nav2_ws/src/install/nav2_mppi_controller/share/nav2_mppi_controller/local_setup.sh
[0.617s] -- Up-to-date: /home/lhl/nav2_ws/src/install/nav2_mppi_controller/share/nav2_mppi_controller/local_setup.zsh
[0.617s] -- Up-to-date: /home/lhl/nav2_ws/src/install/nav2_mppi_controller/share/nav2_mppi_controller/local_setup.dsv
[0.617s] -- Installing: /home/lhl/nav2_ws/src/install/nav2_mppi_controller/share/nav2_mppi_controller/package.dsv
[0.617s] -- Up-to-date: /home/lhl/nav2_ws/src/install/nav2_mppi_controller/share/ament_index/resource_index/packages/nav2_mppi_controller
[0.617s] -- Up-to-date: /home/lhl/nav2_ws/src/install/nav2_mppi_controller/share/ament_index/resource_index/nav2_core__pluginlib__plugin/nav2_mppi_controller
[0.617s] -- Up-to-date: /home/lhl/nav2_ws/src/install/nav2_mppi_controller/share/ament_index/resource_index/nav2_mppi_controller__pluginlib__plugin/nav2_mppi_controller
[0.618s] -- Up-to-date: /home/lhl/nav2_ws/src/install/nav2_mppi_controller/share/nav2_mppi_controller/cmake/ament_cmake_export_libraries-extras.cmake
[0.618s] -- Up-to-date: /home/lhl/nav2_ws/src/install/nav2_mppi_controller/share/nav2_mppi_controller/cmake/ament_cmake_export_dependencies-extras.cmake
[0.618s] -- Up-to-date: /home/lhl/nav2_ws/src/install/nav2_mppi_controller/share/nav2_mppi_controller/cmake/ament_cmake_export_include_directories-extras.cmake
[0.618s] -- Up-to-date: /home/lhl/nav2_ws/src/install/nav2_mppi_controller/share/nav2_mppi_controller/cmake/nav2_mppi_controllerConfig.cmake
[0.618s] -- Up-to-date: /home/lhl/nav2_ws/src/install/nav2_mppi_controller/share/nav2_mppi_controller/cmake/nav2_mppi_controllerConfig-version.cmake
[0.618s] -- Up-to-date: /home/lhl/nav2_ws/src/install/nav2_mppi_controller/share/nav2_mppi_controller/package.xml
[0.625s] Invoked command in '/home/lhl/nav2_ws/src/build/nav2_mppi_controller' returned '0': AMENT_PREFIX_PATH=/home/lhl/nav2_ws/src/install/nav2_core:/home/lhl/nav2_ws/src/install/nav2_costmap_2d:/home/lhl/nav2_ws/src/install/nav2_util:/home/lhl/nav2_ws/src/install/nav2_voxel_grid:/home/lhl/nav2_ws/src/install/nav2_msgs:/home/lhl/nav2_ws/src/install/nav2_common:${AMENT_PREFIX_PATH} CMAKE_PREFIX_PATH=/home/lhl/nav2_ws/src/install/nav2_core:/home/lhl/nav2_ws/src/install/nav2_costmap_2d:/home/lhl/nav2_ws/src/install/nav2_util:/home/lhl/nav2_ws/src/install/nav2_voxel_grid:/home/lhl/nav2_ws/src/install/nav2_msgs:/home/lhl/nav2_ws/src/install/nav2_common:/opt/ros/humble LD_LIBRARY_PATH=/home/lhl/nav2_ws/src/install/nav2_costmap_2d/lib:/home/lhl/nav2_ws/src/install/nav2_util/lib:/home/lhl/nav2_ws/src/install/nav2_voxel_grid/lib:/home/lhl/nav2_ws/src/install/nav2_msgs/lib:${LD_LIBRARY_PATH} PYTHONPATH=/home/lhl/nav2_ws/src/install/nav2_msgs/local/lib/python3.10/dist-packages:/home/lhl/nav2_ws/src/install/nav2_common/local/lib/python3.10/dist-packages:${PYTHONPATH} /usr/bin/cmake --install /home/lhl/nav2_ws/src/build/nav2_mppi_controller
