[0.060s] Invoking command in '/home/lhl/nav2_ws/build/nav2_smac_planner': AMENT_PREFIX_PATH=/home/lhl/nav2_ws/install/nav2_core:/home/lhl/nav2_ws/install/nav2_costmap_2d:/home/lhl/nav2_ws/install/nav2_util:/home/lhl/nav2_ws/install/nav2_voxel_grid:/home/lhl/nav2_ws/install/nav2_msgs:/home/lhl/nav2_ws/install/nav2_common:${AMENT_PREFIX_PATH} CMAKE_PREFIX_PATH=/home/lhl/nav2_ws/install/nav2_core:/home/lhl/nav2_ws/install/nav2_costmap_2d:/home/lhl/nav2_ws/install/nav2_util:/home/lhl/nav2_ws/install/nav2_voxel_grid:/home/lhl/nav2_ws/install/nav2_msgs:/home/lhl/nav2_ws/install/nav2_common:/opt/ros/humble LD_LIBRARY_PATH=/home/lhl/nav2_ws/install/nav2_costmap_2d/lib:/home/lhl/nav2_ws/install/nav2_util/lib:/home/lhl/nav2_ws/install/nav2_voxel_grid/lib:/home/lhl/nav2_ws/install/nav2_msgs/lib:${LD_LIBRARY_PATH} PYTHONPATH=/home/lhl/nav2_ws/install/nav2_msgs/local/lib/python3.10/dist-packages:/home/lhl/nav2_ws/install/nav2_common/local/lib/python3.10/dist-packages:${PYTHONPATH} /usr/bin/cmake /home/lhl/nav2_ws/src/navigation2/nav2_smac_planner -DAMENT_CMAKE_SYMLINK_INSTALL=1 -DCMAKE_INSTALL_PREFIX=/home/lhl/nav2_ws/install/nav2_smac_planner
[0.384s] -- The C compiler identification is GNU 11.3.0
[0.384s] -- The CXX compiler identification is GNU 11.3.0
[0.384s] -- Detecting C compiler ABI info
[0.390s] -- Detecting C compiler ABI info - done
[0.405s] -- Check for working C compiler: /usr/bin/cc - skipped
[0.405s] -- Detecting C compile features
[0.406s] -- Detecting C compile features - done
[0.411s] -- Detecting CXX compiler ABI info
[0.553s] -- Detecting CXX compiler ABI info - done
[0.569s] -- Check for working CXX compiler: /usr/bin/c++ - skipped
[0.570s] -- Detecting CXX compile features
[0.571s] -- Detecting CXX compile features - done
[0.580s] -- Found ament_cmake: 1.3.4 (/opt/ros/humble/share/ament_cmake/cmake)
[0.945s] -- Found Python3: /usr/bin/python3.10 (found version "3.10.6") found components: Interpreter 
[1.075s] -- Override CMake install command with custom implementation using symlinks instead of copying resources
[1.138s] -- Found nav2_common: 1.1.6 (/home/lhl/nav2_ws/install/nav2_common/share/nav2_common/cmake)
[1.142s] -- Found rclcpp: 16.0.4 (/opt/ros/humble/share/rclcpp/cmake)
[1.237s] -- Found rosidl_generator_c: 3.1.4 (/opt/ros/humble/share/rosidl_generator_c/cmake)
[1.249s] -- Found rosidl_adapter: 3.1.4 (/opt/ros/humble/share/rosidl_adapter/cmake)
[1.267s] -- Found rosidl_generator_cpp: 3.1.4 (/opt/ros/humble/share/rosidl_generator_cpp/cmake)
[1.296s] -- Using all available rosidl_typesupport_c: rosidl_typesupport_fastrtps_c;rosidl_typesupport_introspection_c
[1.347s] -- Using all available rosidl_typesupport_cpp: rosidl_typesupport_fastrtps_cpp;rosidl_typesupport_introspection_cpp
[1.504s] -- Found rmw_implementation_cmake: 6.1.1 (/opt/ros/humble/share/rmw_implementation_cmake/cmake)
[1.510s] -- Found rmw_fastrtps_cpp: 6.2.2 (/opt/ros/humble/share/rmw_fastrtps_cpp/cmake)
[1.702s] -- Found OpenSSL: /usr/lib/x86_64-linux-gnu/libcrypto.so (found version "3.0.2")  
[1.757s] -- Found FastRTPS: /opt/ros/humble/include  
[1.844s] -- Using RMW implementation 'rmw_fastrtps_cpp' as default
[1.865s] -- Looking for pthread.h
[1.975s] -- Looking for pthread.h - found
[1.975s] -- Performing Test CMAKE_HAVE_LIBC_PTHREAD
[2.109s] -- Performing Test CMAKE_HAVE_LIBC_PTHREAD - Success
[2.111s] -- Found Threads: TRUE  
[2.477s] -- Found rclcpp_action: 16.0.4 (/opt/ros/humble/share/rclcpp_action/cmake)
[2.686s] -- Found rclcpp_lifecycle: 16.0.4 (/opt/ros/humble/share/rclcpp_lifecycle/cmake)
[2.779s] -- Found visualization_msgs: 4.2.3 (/opt/ros/humble/share/visualization_msgs/cmake)
[3.346s] -- Found nav2_util: 1.1.6 (/home/lhl/nav2_ws/install/nav2_util/share/nav2_util/cmake)
[4.600s] -- Found eigen3_cmake_module: 0.1.1 (/opt/ros/humble/share/eigen3_cmake_module/cmake)
[4.603s] -- Found Eigen3: TRUE (found version "3.4.0") 
[4.604s] -- Ensuring Eigen3 include directory is part of orocos-kdl CMake target
[5.024s] -- Found nav2_core: 1.1.6 (/home/lhl/nav2_ws/install/nav2_core/share/nav2_core/cmake)
[8.389s] -- Found ompl: /opt/ros/humble/include/ompl-1.6;/usr/include;/usr/include/eigen3  
[8.852s] -- Found OpenMP_C: -fopenmp (found version "4.5") 
[9.000s] -- Found OpenMP_CXX: -fopenmp (found version "4.5") 
[9.000s] -- Found OpenMP: TRUE (found version "4.5")  
[9.004s] -- Found OpenMP_C: -fopenmp (found version "4.5") 
[9.005s] -- Found OpenMP_CXX: -fopenmp (found version "4.5") 
[33.805s] -- Found ament_lint_auto: 0.12.6 (/opt/ros/humble/share/ament_lint_auto/cmake)
[33.964s] -- Found gtest sources under '/opt/ros/humble/src/gtest_vendor': C++ tests using 'Google Test' will be built
[127.528s] -- Added test 'copyright' to check source files copyright and LICENSE
[127.536s] -- Added test 'cppcheck' to perform static code analysis on C / C++ code
[127.538s] -- Configured cppcheck include dirs: /home/lhl/nav2_ws/src/navigation2/nav2_smac_planner/include
[127.538s] -- Configured cppcheck exclude dirs and/or files: 
[127.545s] -- Added test 'cpplint' to check C / C++ code against the Google style
[127.545s] -- Configured cpplint exclude dirs and/or files: 
[127.546s] -- Added test 'flake8' to check Python code syntax and style conventions
[127.549s] -- Added test 'lint_cmake' to check CMake code style
[127.551s] -- Added test 'pep257' to check Python code against some of the docstring style conventions in PEP 257
[127.557s] -- Added test 'uncrustify' to check C / C++ code style
[127.558s] -- Configured uncrustify additional arguments: 
[127.559s] -- Added test 'xmllint' to check XML markup files
[127.565s] -- Configuring done
[128.837s] -- Generating done
[128.843s] -- Build files have been written to: /home/lhl/nav2_ws/build/nav2_smac_planner
[128.872s] Invoked command in '/home/lhl/nav2_ws/build/nav2_smac_planner' returned '0': AMENT_PREFIX_PATH=/home/lhl/nav2_ws/install/nav2_core:/home/lhl/nav2_ws/install/nav2_costmap_2d:/home/lhl/nav2_ws/install/nav2_util:/home/lhl/nav2_ws/install/nav2_voxel_grid:/home/lhl/nav2_ws/install/nav2_msgs:/home/lhl/nav2_ws/install/nav2_common:${AMENT_PREFIX_PATH} CMAKE_PREFIX_PATH=/home/lhl/nav2_ws/install/nav2_core:/home/lhl/nav2_ws/install/nav2_costmap_2d:/home/lhl/nav2_ws/install/nav2_util:/home/lhl/nav2_ws/install/nav2_voxel_grid:/home/lhl/nav2_ws/install/nav2_msgs:/home/lhl/nav2_ws/install/nav2_common:/opt/ros/humble LD_LIBRARY_PATH=/home/lhl/nav2_ws/install/nav2_costmap_2d/lib:/home/lhl/nav2_ws/install/nav2_util/lib:/home/lhl/nav2_ws/install/nav2_voxel_grid/lib:/home/lhl/nav2_ws/install/nav2_msgs/lib:${LD_LIBRARY_PATH} PYTHONPATH=/home/lhl/nav2_ws/install/nav2_msgs/local/lib/python3.10/dist-packages:/home/lhl/nav2_ws/install/nav2_common/local/lib/python3.10/dist-packages:${PYTHONPATH} /usr/bin/cmake /home/lhl/nav2_ws/src/navigation2/nav2_smac_planner -DAMENT_CMAKE_SYMLINK_INSTALL=1 -DCMAKE_INSTALL_PREFIX=/home/lhl/nav2_ws/install/nav2_smac_planner
[128.875s] Invoking command in '/home/lhl/nav2_ws/build/nav2_smac_planner': AMENT_PREFIX_PATH=/home/lhl/nav2_ws/install/nav2_core:/home/lhl/nav2_ws/install/nav2_costmap_2d:/home/lhl/nav2_ws/install/nav2_util:/home/lhl/nav2_ws/install/nav2_voxel_grid:/home/lhl/nav2_ws/install/nav2_msgs:/home/lhl/nav2_ws/install/nav2_common:${AMENT_PREFIX_PATH} CMAKE_PREFIX_PATH=/home/lhl/nav2_ws/install/nav2_core:/home/lhl/nav2_ws/install/nav2_costmap_2d:/home/lhl/nav2_ws/install/nav2_util:/home/lhl/nav2_ws/install/nav2_voxel_grid:/home/lhl/nav2_ws/install/nav2_msgs:/home/lhl/nav2_ws/install/nav2_common:/opt/ros/humble LD_LIBRARY_PATH=/home/lhl/nav2_ws/install/nav2_costmap_2d/lib:/home/lhl/nav2_ws/install/nav2_util/lib:/home/lhl/nav2_ws/install/nav2_voxel_grid/lib:/home/lhl/nav2_ws/install/nav2_msgs/lib:${LD_LIBRARY_PATH} PYTHONPATH=/home/lhl/nav2_ws/install/nav2_msgs/local/lib/python3.10/dist-packages:/home/lhl/nav2_ws/install/nav2_common/local/lib/python3.10/dist-packages:${PYTHONPATH} /usr/bin/cmake --build /home/lhl/nav2_ws/build/nav2_smac_planner -- -j8 -l8
[128.956s] [  1%] [32mBuilding CXX object CMakeFiles/nav2_smac_planner.dir/src/smac_planner_hybrid.cpp.o[0m
[129.969s] [  3%] [32mBuilding CXX object CMakeFiles/nav2_smac_planner.dir/src/smoother.cpp.o[0m
[130.983s] [  5%] [32mBuilding CXX object CMakeFiles/nav2_smac_planner.dir/src/collision_checker.cpp.o[0m
[132.003s] [  6%] [32mBuilding CXX object CMakeFiles/nav2_smac_planner.dir/src/a_star.cpp.o[0m
[153.145s] [  8%] [32mBuilding CXX object CMakeFiles/nav2_smac_planner.dir/src/node_lattice.cpp.o[0m
[165.172s] [ 11%] [32mBuilding CXX object CMakeFiles/nav2_smac_planner.dir/src/costmap_downsampler.cpp.o[0m
[165.172s] [ 11%] [32mBuilding CXX object CMakeFiles/nav2_smac_planner.dir/src/node_hybrid.cpp.o[0m
[166.229s] [ 13%] [32mBuilding CXX object CMakeFiles/nav2_smac_planner.dir/src/analytic_expansion.cpp.o[0m
[168.479s] [ 15%] [32mBuilding CXX object CMakeFiles/nav2_smac_planner.dir/src/node_2d.cpp.o[0m
[183.675s] [ 16%] [32mBuilding CXX object CMakeFiles/nav2_smac_planner.dir/src/node_basic.cpp.o[0m
[191.505s] [ 18%] [32m[1mLinking CXX shared library libnav2_smac_planner.so[0m
[192.208s] [ 18%] Built target nav2_smac_planner
[192.227s] [ 20%] [32mBuilding CXX object gtest/CMakeFiles/gtest_main.dir/src/gtest_main.cc.o[0m
[193.093s] [ 22%] [32m[1mLinking CXX static library libgtest_main.a[0m
[193.125s] [ 22%] Built target gtest_main
[193.144s] [ 23%] [32mBuilding CXX object gtest/CMakeFiles/gtest.dir/src/gtest-all.cc.o[0m
[200.110s] [ 25%] [32m[1mLinking CXX static library libgtest.a[0m
[200.145s] [ 25%] Built target gtest
[200.165s] [ 30%] [32mBuilding CXX object test/CMakeFiles/test_costmap_downsampler.dir/test_costmap_downsampler.cpp.o[0m
[200.166s] [ 30%] [32mBuilding CXX object CMakeFiles/nav2_smac_planner_lattice.dir/src/smac_planner_lattice.cpp.o[0m
[200.166s] [ 30%] [32mBuilding CXX object CMakeFiles/nav2_smac_planner_2d.dir/src/smac_planner_2d.cpp.o[0m
[201.189s] [ 32%] [32mBuilding CXX object test/CMakeFiles/test_a_star.dir/test_a_star.cpp.o[0m
[202.243s] [ 33%] [32mBuilding CXX object test/CMakeFiles/test_collision_checker.dir/test_collision_checker.cpp.o[0m
[203.259s] [ 35%] [32mBuilding CXX object test/CMakeFiles/test_nodebasic.dir/test_nodebasic.cpp.o[0m
[204.288s] [ 37%] [32mBuilding CXX object test/CMakeFiles/test_nodehybrid.dir/test_nodehybrid.cpp.o[0m
[205.390s] [ 38%] [32mBuilding CXX object test/CMakeFiles/test_node2d.dir/test_node2d.cpp.o[0m
[208.376s] [ 40%] [32m[1mLinking CXX executable test_costmap_downsampler[0m
[209.523s] [ 40%] Built target test_costmap_downsampler
[209.564s] [ 42%] [32m[1mLinking CXX executable test_collision_checker[0m
[209.623s] [ 44%] [32mBuilding CXX object test/CMakeFiles/test_smac_hybrid.dir/test_smac_hybrid.cpp.o[0m
[210.217s] [ 44%] Built target test_collision_checker
[210.355s] [ 45%] [32mBuilding CXX object test/CMakeFiles/test_lattice_node.dir/test_nodelattice.cpp.o[0m
[217.679s] [ 47%] [32m[1mLinking CXX executable test_nodebasic[0m
[218.017s] [ 49%] [32m[1mLinking CXX executable test_a_star[0m
[218.504s] [ 49%] Built target test_nodebasic
[218.552s] [ 50%] [32mBuilding CXX object CMakeFiles/nav2_smac_planner_2d.dir/src/a_star.cpp.o[0m
[218.956s] [ 52%] [32m[1mLinking CXX executable test_nodehybrid[0m
[219.292s] [ 52%] Built target test_a_star
[219.505s] [ 54%] [32mBuilding CXX object CMakeFiles/nav2_smac_planner_lattice.dir/src/a_star.cpp.o[0m
[219.901s] [ 54%] Built target test_nodehybrid
[220.030s] [ 55%] [32m[1mLinking CXX executable test_node2d[0m
[220.786s] [ 55%] Built target test_node2d
[226.076s] [ 57%] [32m[1mLinking CXX executable test_smac_hybrid[0m
[226.488s] [ 59%] [32m[1mLinking CXX executable test_lattice_node[0m
[226.651s] [ 59%] Built target test_smac_hybrid
[226.903s] [ 59%] Built target test_lattice_node
[229.226s] [ 61%] [32mBuilding CXX object CMakeFiles/nav2_smac_planner_2d.dir/src/analytic_expansion.cpp.o[0m
[229.712s] [ 62%] [32mBuilding CXX object CMakeFiles/nav2_smac_planner_lattice.dir/src/node_hybrid.cpp.o[0m
[230.716s] [ 66%] [32mBuilding CXX object CMakeFiles/nav2_smac_planner_2d.dir/src/collision_checker.cpp.o[0m
[230.716s] [ 66%] [32mBuilding CXX object CMakeFiles/nav2_smac_planner_2d.dir/src/node_hybrid.cpp.o[0m
[230.725s] [ 67%] [32mBuilding CXX object CMakeFiles/nav2_smac_planner_lattice.dir/src/collision_checker.cpp.o[0m
[230.725s] [ 69%] [32mBuilding CXX object CMakeFiles/nav2_smac_planner_lattice.dir/src/analytic_expansion.cpp.o[0m
[231.736s] [ 71%] [32mBuilding CXX object CMakeFiles/nav2_smac_planner_2d.dir/src/smoother.cpp.o[0m
[231.751s] [ 72%] [32mBuilding CXX object CMakeFiles/nav2_smac_planner_lattice.dir/src/smoother.cpp.o[0m
[236.129s] [ 74%] [32mBuilding CXX object CMakeFiles/nav2_smac_planner_2d.dir/src/node_lattice.cpp.o[0m
[237.372s] [ 76%] [32mBuilding CXX object CMakeFiles/nav2_smac_planner_lattice.dir/src/node_lattice.cpp.o[0m
[241.947s] [ 77%] [32mBuilding CXX object CMakeFiles/nav2_smac_planner_lattice.dir/src/costmap_downsampler.cpp.o[0m
[243.830s] [ 79%] [32mBuilding CXX object CMakeFiles/nav2_smac_planner_2d.dir/src/costmap_downsampler.cpp.o[0m
[244.084s] [ 81%] [32mBuilding CXX object CMakeFiles/nav2_smac_planner_2d.dir/src/node_2d.cpp.o[0m
[244.296s] [ 83%] [32mBuilding CXX object CMakeFiles/nav2_smac_planner_lattice.dir/src/node_2d.cpp.o[0m
[244.750s] [ 84%] [32mBuilding CXX object CMakeFiles/nav2_smac_planner_lattice.dir/src/node_basic.cpp.o[0m
[252.229s] [ 86%] [32mBuilding CXX object CMakeFiles/nav2_smac_planner_2d.dir/src/node_basic.cpp.o[0m
[255.433s] [ 88%] [32m[1mLinking CXX shared library libnav2_smac_planner_lattice.so[0m
[255.962s] [ 88%] Built target nav2_smac_planner_lattice
[255.984s] [ 89%] [32mBuilding CXX object test/CMakeFiles/test_smac_lattice.dir/test_smac_lattice.cpp.o[0m
[258.763s] [ 91%] [32m[1mLinking CXX shared library libnav2_smac_planner_2d.so[0m
[259.220s] [ 91%] Built target nav2_smac_planner_2d
[259.241s] [ 93%] [32mBuilding CXX object test/CMakeFiles/test_smoother.dir/test_smoother.cpp.o[0m
[259.242s] [ 94%] [32mBuilding CXX object test/CMakeFiles/test_smac_2d.dir/test_smac_2d.cpp.o[0m
[265.851s] [ 96%] [32m[1mLinking CXX executable test_smac_lattice[0m
[266.330s] [ 96%] Built target test_smac_lattice
[269.227s] [ 98%] [32m[1mLinking CXX executable test_smoother[0m
[269.302s] [100%] [32m[1mLinking CXX executable test_smac_2d[0m
[269.655s] [100%] Built target test_smoother
[269.707s] [100%] Built target test_smac_2d
[269.719s] Invoked command in '/home/lhl/nav2_ws/build/nav2_smac_planner' returned '0': AMENT_PREFIX_PATH=/home/lhl/nav2_ws/install/nav2_core:/home/lhl/nav2_ws/install/nav2_costmap_2d:/home/lhl/nav2_ws/install/nav2_util:/home/lhl/nav2_ws/install/nav2_voxel_grid:/home/lhl/nav2_ws/install/nav2_msgs:/home/lhl/nav2_ws/install/nav2_common:${AMENT_PREFIX_PATH} CMAKE_PREFIX_PATH=/home/lhl/nav2_ws/install/nav2_core:/home/lhl/nav2_ws/install/nav2_costmap_2d:/home/lhl/nav2_ws/install/nav2_util:/home/lhl/nav2_ws/install/nav2_voxel_grid:/home/lhl/nav2_ws/install/nav2_msgs:/home/lhl/nav2_ws/install/nav2_common:/opt/ros/humble LD_LIBRARY_PATH=/home/lhl/nav2_ws/install/nav2_costmap_2d/lib:/home/lhl/nav2_ws/install/nav2_util/lib:/home/lhl/nav2_ws/install/nav2_voxel_grid/lib:/home/lhl/nav2_ws/install/nav2_msgs/lib:${LD_LIBRARY_PATH} PYTHONPATH=/home/lhl/nav2_ws/install/nav2_msgs/local/lib/python3.10/dist-packages:/home/lhl/nav2_ws/install/nav2_common/local/lib/python3.10/dist-packages:${PYTHONPATH} /usr/bin/cmake --build /home/lhl/nav2_ws/build/nav2_smac_planner -- -j8 -l8
[269.773s] Invoking command in '/home/lhl/nav2_ws/build/nav2_smac_planner': AMENT_PREFIX_PATH=/home/lhl/nav2_ws/install/nav2_core:/home/lhl/nav2_ws/install/nav2_costmap_2d:/home/lhl/nav2_ws/install/nav2_util:/home/lhl/nav2_ws/install/nav2_voxel_grid:/home/lhl/nav2_ws/install/nav2_msgs:/home/lhl/nav2_ws/install/nav2_common:${AMENT_PREFIX_PATH} CMAKE_PREFIX_PATH=/home/lhl/nav2_ws/install/nav2_core:/home/lhl/nav2_ws/install/nav2_costmap_2d:/home/lhl/nav2_ws/install/nav2_util:/home/lhl/nav2_ws/install/nav2_voxel_grid:/home/lhl/nav2_ws/install/nav2_msgs:/home/lhl/nav2_ws/install/nav2_common:/opt/ros/humble LD_LIBRARY_PATH=/home/lhl/nav2_ws/install/nav2_costmap_2d/lib:/home/lhl/nav2_ws/install/nav2_util/lib:/home/lhl/nav2_ws/install/nav2_voxel_grid/lib:/home/lhl/nav2_ws/install/nav2_msgs/lib:${LD_LIBRARY_PATH} PYTHONPATH=/home/lhl/nav2_ws/install/nav2_msgs/local/lib/python3.10/dist-packages:/home/lhl/nav2_ws/install/nav2_common/local/lib/python3.10/dist-packages:${PYTHONPATH} /usr/bin/cmake --install /home/lhl/nav2_ws/build/nav2_smac_planner
[269.782s] -- Install configuration: "Release"
[269.782s] -- Execute custom install script
[269.783s] -- Symlinking: /home/lhl/nav2_ws/install/nav2_smac_planner/share/nav2_smac_planner//smac_plugin_hybrid.xml
[269.790s] -- Symlinking: /home/lhl/nav2_ws/install/nav2_smac_planner/share/nav2_smac_planner//smac_plugin_2d.xml
[269.798s] -- Symlinking: /home/lhl/nav2_ws/install/nav2_smac_planner/share/nav2_smac_planner//smac_plugin_lattice.xml
[269.805s] -- Symlinking: /home/lhl/nav2_ws/install/nav2_smac_planner/lib/libnav2_smac_planner.so
[269.813s] -- Symlinking: /home/lhl/nav2_ws/install/nav2_smac_planner/lib/libnav2_smac_planner_2d.so
[269.820s] -- Symlinking: /home/lhl/nav2_ws/install/nav2_smac_planner/lib/libnav2_smac_planner_lattice.so
[269.828s] -- Symlinking: /home/lhl/nav2_ws/install/nav2_smac_planner/include//nav2_smac_planner/a_star.hpp
[269.835s] -- Symlinking: /home/lhl/nav2_ws/install/nav2_smac_planner/include//nav2_smac_planner/analytic_expansion.hpp
[269.842s] -- Symlinking: /home/lhl/nav2_ws/install/nav2_smac_planner/include//nav2_smac_planner/collision_checker.hpp
[269.850s] -- Symlinking: /home/lhl/nav2_ws/install/nav2_smac_planner/include//nav2_smac_planner/constants.hpp
[269.857s] -- Symlinking: /home/lhl/nav2_ws/install/nav2_smac_planner/include//nav2_smac_planner/costmap_downsampler.hpp
[269.867s] -- Symlinking: /home/lhl/nav2_ws/install/nav2_smac_planner/include//nav2_smac_planner/node_2d.hpp
[269.874s] -- Symlinking: /home/lhl/nav2_ws/install/nav2_smac_planner/include//nav2_smac_planner/node_basic.hpp
[269.882s] -- Symlinking: /home/lhl/nav2_ws/install/nav2_smac_planner/include//nav2_smac_planner/node_hybrid.hpp
[269.890s] -- Symlinking: /home/lhl/nav2_ws/install/nav2_smac_planner/include//nav2_smac_planner/node_lattice.hpp
[269.897s] -- Symlinking: /home/lhl/nav2_ws/install/nav2_smac_planner/include//nav2_smac_planner/smac_planner_2d.hpp
[269.904s] -- Symlinking: /home/lhl/nav2_ws/install/nav2_smac_planner/include//nav2_smac_planner/smac_planner_hybrid.hpp
[269.912s] -- Symlinking: /home/lhl/nav2_ws/install/nav2_smac_planner/include//nav2_smac_planner/smac_planner_lattice.hpp
[269.919s] -- Symlinking: /home/lhl/nav2_ws/install/nav2_smac_planner/include//nav2_smac_planner/smoother.hpp
[269.926s] -- Symlinking: /home/lhl/nav2_ws/install/nav2_smac_planner/include//nav2_smac_planner/thirdparty/robin_hood.h
[269.934s] -- Symlinking: /home/lhl/nav2_ws/install/nav2_smac_planner/include//nav2_smac_planner/types.hpp
[269.941s] -- Symlinking: /home/lhl/nav2_ws/install/nav2_smac_planner/include//nav2_smac_planner/utils.hpp
[269.950s] -- Symlinking: /home/lhl/nav2_ws/install/nav2_smac_planner/share/nav2_smac_planner/sample_primitives/5cm_resolution/0.5m_turning_radius/ackermann/output.json
[269.957s] -- Symlinking: /home/lhl/nav2_ws/install/nav2_smac_planner/share/nav2_smac_planner/sample_primitives/5cm_resolution/0.5m_turning_radius/all_trajectories.png
[269.964s] -- Symlinking: /home/lhl/nav2_ws/install/nav2_smac_planner/share/nav2_smac_planner/sample_primitives/5cm_resolution/0.5m_turning_radius/diff/output.json
[269.972s] -- Symlinking: /home/lhl/nav2_ws/install/nav2_smac_planner/share/nav2_smac_planner/sample_primitives/5cm_resolution/0.5m_turning_radius/omni/output.json
[269.980s] -- Symlinking: /home/lhl/nav2_ws/install/nav2_smac_planner/share/nav2_smac_planner/sample_primitives/5cm_resolution/1m_turning_radius/ackermann/output.json
[269.987s] -- Symlinking: /home/lhl/nav2_ws/install/nav2_smac_planner/share/nav2_smac_planner/sample_primitives/5cm_resolution/1m_turning_radius/all_trajectories.png
[269.994s] -- Symlinking: /home/lhl/nav2_ws/install/nav2_smac_planner/share/nav2_smac_planner/sample_primitives/5cm_resolution/1m_turning_radius/diff/output.json
[270.002s] -- Symlinking: /home/lhl/nav2_ws/install/nav2_smac_planner/share/nav2_smac_planner/sample_primitives/5cm_resolution/1m_turning_radius/omni/output.json
[270.009s] -- Symlinking: /home/lhl/nav2_ws/install/nav2_smac_planner/share/nav2_smac_planner/environment/library_path.sh
[270.017s] -- Symlinking: /home/lhl/nav2_ws/install/nav2_smac_planner/share/nav2_smac_planner/environment/library_path.dsv
[270.025s] -- Symlinking: /home/lhl/nav2_ws/install/nav2_smac_planner/share/ament_index/resource_index/package_run_dependencies/nav2_smac_planner
[270.033s] -- Symlinking: /home/lhl/nav2_ws/install/nav2_smac_planner/share/ament_index/resource_index/parent_prefix_path/nav2_smac_planner
[270.040s] -- Symlinking: /home/lhl/nav2_ws/install/nav2_smac_planner/share/nav2_smac_planner/environment/ament_prefix_path.sh
[270.049s] -- Symlinking: /home/lhl/nav2_ws/install/nav2_smac_planner/share/nav2_smac_planner/environment/ament_prefix_path.dsv
[270.056s] -- Symlinking: /home/lhl/nav2_ws/install/nav2_smac_planner/share/nav2_smac_planner/environment/path.sh
[270.064s] -- Symlinking: /home/lhl/nav2_ws/install/nav2_smac_planner/share/nav2_smac_planner/environment/path.dsv
[270.071s] -- Symlinking: /home/lhl/nav2_ws/install/nav2_smac_planner/share/nav2_smac_planner/local_setup.bash
[270.079s] -- Symlinking: /home/lhl/nav2_ws/install/nav2_smac_planner/share/nav2_smac_planner/local_setup.sh
[270.086s] -- Symlinking: /home/lhl/nav2_ws/install/nav2_smac_planner/share/nav2_smac_planner/local_setup.zsh
[270.093s] -- Symlinking: /home/lhl/nav2_ws/install/nav2_smac_planner/share/nav2_smac_planner/local_setup.dsv
[270.101s] -- Symlinking: /home/lhl/nav2_ws/install/nav2_smac_planner/share/nav2_smac_planner/package.dsv
[270.108s] -- Symlinking: /home/lhl/nav2_ws/install/nav2_smac_planner/share/ament_index/resource_index/packages/nav2_smac_planner
[270.117s] -- Symlinking: /home/lhl/nav2_ws/install/nav2_smac_planner/share/ament_index/resource_index/nav2_core__pluginlib__plugin/nav2_smac_planner
[270.124s] -- Symlinking: /home/lhl/nav2_ws/install/nav2_smac_planner/share/nav2_smac_planner/cmake/ament_cmake_export_include_directories-extras.cmake
[270.132s] -- Symlinking: /home/lhl/nav2_ws/install/nav2_smac_planner/share/nav2_smac_planner/cmake/ament_cmake_export_libraries-extras.cmake
[270.140s] -- Symlinking: /home/lhl/nav2_ws/install/nav2_smac_planner/share/nav2_smac_planner/cmake/ament_cmake_export_dependencies-extras.cmake
[270.147s] -- Symlinking: /home/lhl/nav2_ws/install/nav2_smac_planner/share/nav2_smac_planner/cmake/nav2_smac_plannerConfig.cmake
[270.154s] -- Symlinking: /home/lhl/nav2_ws/install/nav2_smac_planner/share/nav2_smac_planner/cmake/nav2_smac_plannerConfig-version.cmake
[270.162s] -- Symlinking: /home/lhl/nav2_ws/install/nav2_smac_planner/share/nav2_smac_planner/package.xml
[270.172s] Invoked command in '/home/lhl/nav2_ws/build/nav2_smac_planner' returned '0': AMENT_PREFIX_PATH=/home/lhl/nav2_ws/install/nav2_core:/home/lhl/nav2_ws/install/nav2_costmap_2d:/home/lhl/nav2_ws/install/nav2_util:/home/lhl/nav2_ws/install/nav2_voxel_grid:/home/lhl/nav2_ws/install/nav2_msgs:/home/lhl/nav2_ws/install/nav2_common:${AMENT_PREFIX_PATH} CMAKE_PREFIX_PATH=/home/lhl/nav2_ws/install/nav2_core:/home/lhl/nav2_ws/install/nav2_costmap_2d:/home/lhl/nav2_ws/install/nav2_util:/home/lhl/nav2_ws/install/nav2_voxel_grid:/home/lhl/nav2_ws/install/nav2_msgs:/home/lhl/nav2_ws/install/nav2_common:/opt/ros/humble LD_LIBRARY_PATH=/home/lhl/nav2_ws/install/nav2_costmap_2d/lib:/home/lhl/nav2_ws/install/nav2_util/lib:/home/lhl/nav2_ws/install/nav2_voxel_grid/lib:/home/lhl/nav2_ws/install/nav2_msgs/lib:${LD_LIBRARY_PATH} PYTHONPATH=/home/lhl/nav2_ws/install/nav2_msgs/local/lib/python3.10/dist-packages:/home/lhl/nav2_ws/install/nav2_common/local/lib/python3.10/dist-packages:${PYTHONPATH} /usr/bin/cmake --install /home/lhl/nav2_ws/build/nav2_smac_planner
