[0.213s] Invoking command in '/home/lhl/nav2_ws/src/build/nav2_amcl': AMENT_PREFIX_PATH=/home/lhl/nav2_ws/src/install/nav2_util:/home/lhl/nav2_ws/src/install/nav2_msgs:/home/lhl/nav2_ws/src/install/nav2_common:${AMENT_PREFIX_PATH} CMAKE_PREFIX_PATH=/home/lhl/nav2_ws/src/install/nav2_util:/home/lhl/nav2_ws/src/install/nav2_msgs:/home/lhl/nav2_ws/src/install/nav2_common:/opt/ros/humble LD_LIBRARY_PATH=/home/lhl/nav2_ws/src/install/nav2_util/lib:/home/lhl/nav2_ws/src/install/nav2_msgs/lib:${LD_LIBRARY_PATH} PYTHONPATH=/home/lhl/nav2_ws/src/install/nav2_msgs/local/lib/python3.10/dist-packages:/home/lhl/nav2_ws/src/install/nav2_common/local/lib/python3.10/dist-packages:${PYTHONPATH} /usr/bin/cmake --build /home/lhl/nav2_ws/src/build/nav2_amcl -- -j8 -l8
[0.415s] [35m[1mConsolidate compiler generated dependencies of target pf_lib[0m
[0.434s] [35m[1mConsolidate compiler generated dependencies of target map_lib[0m
[0.435s] [ 29%] Built target pf_lib
[0.458s] [ 50%] Built target map_lib
[0.665s] [35m[1mConsolidate compiler generated dependencies of target motions_lib[0m
[0.666s] [35m[1mConsolidate compiler generated dependencies of target sensors_lib[0m
[0.692s] [ 70%] Built target sensors_lib
[0.693s] [ 83%] Built target motions_lib
[0.755s] [35m[1mConsolidate compiler generated dependencies of target amcl_core[0m
[0.800s] [ 91%] Built target amcl_core
[0.841s] [35m[1mConsolidate compiler generated dependencies of target amcl[0m
[0.886s] [100%] Built target amcl
[0.900s] Invoked command in '/home/lhl/nav2_ws/src/build/nav2_amcl' returned '0': AMENT_PREFIX_PATH=/home/lhl/nav2_ws/src/install/nav2_util:/home/lhl/nav2_ws/src/install/nav2_msgs:/home/lhl/nav2_ws/src/install/nav2_common:${AMENT_PREFIX_PATH} CMAKE_PREFIX_PATH=/home/lhl/nav2_ws/src/install/nav2_util:/home/lhl/nav2_ws/src/install/nav2_msgs:/home/lhl/nav2_ws/src/install/nav2_common:/opt/ros/humble LD_LIBRARY_PATH=/home/lhl/nav2_ws/src/install/nav2_util/lib:/home/lhl/nav2_ws/src/install/nav2_msgs/lib:${LD_LIBRARY_PATH} PYTHONPATH=/home/lhl/nav2_ws/src/install/nav2_msgs/local/lib/python3.10/dist-packages:/home/lhl/nav2_ws/src/install/nav2_common/local/lib/python3.10/dist-packages:${PYTHONPATH} /usr/bin/cmake --build /home/lhl/nav2_ws/src/build/nav2_amcl -- -j8 -l8
[0.967s] Invoking command in '/home/lhl/nav2_ws/src/build/nav2_amcl': AMENT_PREFIX_PATH=/home/lhl/nav2_ws/src/install/nav2_util:/home/lhl/nav2_ws/src/install/nav2_msgs:/home/lhl/nav2_ws/src/install/nav2_common:${AMENT_PREFIX_PATH} CMAKE_PREFIX_PATH=/home/lhl/nav2_ws/src/install/nav2_util:/home/lhl/nav2_ws/src/install/nav2_msgs:/home/lhl/nav2_ws/src/install/nav2_common:/opt/ros/humble LD_LIBRARY_PATH=/home/lhl/nav2_ws/src/install/nav2_util/lib:/home/lhl/nav2_ws/src/install/nav2_msgs/lib:${LD_LIBRARY_PATH} PYTHONPATH=/home/lhl/nav2_ws/src/install/nav2_msgs/local/lib/python3.10/dist-packages:/home/lhl/nav2_ws/src/install/nav2_common/local/lib/python3.10/dist-packages:${PYTHONPATH} /usr/bin/cmake --install /home/lhl/nav2_ws/src/build/nav2_amcl
[0.980s] -- Install configuration: "Release"
[0.981s] -- Up-to-date: /home/lhl/nav2_ws/src/install/nav2_amcl/lib/libamcl_core.so
[0.982s] -- Up-to-date: /home/lhl/nav2_ws/src/install/nav2_amcl/lib/nav2_amcl/amcl
[0.982s] -- Up-to-date: /home/lhl/nav2_ws/src/install/nav2_amcl/include/
[0.982s] -- Up-to-date: /home/lhl/nav2_ws/src/install/nav2_amcl/include//nav2_amcl
[0.982s] -- Up-to-date: /home/lhl/nav2_ws/src/install/nav2_amcl/include//nav2_amcl/portable_utils.hpp
[0.982s] -- Up-to-date: /home/lhl/nav2_ws/src/install/nav2_amcl/include//nav2_amcl/map
[0.983s] -- Up-to-date: /home/lhl/nav2_ws/src/install/nav2_amcl/include//nav2_amcl/map/map.hpp
[0.983s] -- Up-to-date: /home/lhl/nav2_ws/src/install/nav2_amcl/include//nav2_amcl/motion_model
[0.983s] -- Up-to-date: /home/lhl/nav2_ws/src/install/nav2_amcl/include//nav2_amcl/motion_model/motion_model.hpp
[0.983s] -- Up-to-date: /home/lhl/nav2_ws/src/install/nav2_amcl/include//nav2_amcl/motion_model/omni_motion_model.hpp
[0.983s] -- Up-to-date: /home/lhl/nav2_ws/src/install/nav2_amcl/include//nav2_amcl/motion_model/differential_motion_model.hpp
[0.983s] -- Up-to-date: /home/lhl/nav2_ws/src/install/nav2_amcl/include//nav2_amcl/sensors
[0.983s] -- Up-to-date: /home/lhl/nav2_ws/src/install/nav2_amcl/include//nav2_amcl/sensors/laser
[0.984s] -- Up-to-date: /home/lhl/nav2_ws/src/install/nav2_amcl/include//nav2_amcl/sensors/laser/laser.hpp
[0.984s] -- Up-to-date: /home/lhl/nav2_ws/src/install/nav2_amcl/include//nav2_amcl/amcl_node.hpp
[0.984s] -- Up-to-date: /home/lhl/nav2_ws/src/install/nav2_amcl/include//nav2_amcl/pf
[0.984s] -- Up-to-date: /home/lhl/nav2_ws/src/install/nav2_amcl/include//nav2_amcl/pf/pf_pdf.hpp
[0.984s] -- Up-to-date: /home/lhl/nav2_ws/src/install/nav2_amcl/include//nav2_amcl/pf/pf_vector.hpp
[0.984s] -- Up-to-date: /home/lhl/nav2_ws/src/install/nav2_amcl/include//nav2_amcl/pf/eig3.hpp
[0.984s] -- Up-to-date: /home/lhl/nav2_ws/src/install/nav2_amcl/include//nav2_amcl/pf/pf_kdtree.hpp
[0.984s] -- Up-to-date: /home/lhl/nav2_ws/src/install/nav2_amcl/include//nav2_amcl/pf/pf.hpp
[0.984s] -- Up-to-date: /home/lhl/nav2_ws/src/install/nav2_amcl/include//nav2_amcl/angleutils.hpp
[0.985s] -- Up-to-date: /home/lhl/nav2_ws/src/install/nav2_amcl/share/nav2_amcl/environment/library_path.sh
[0.985s] -- Up-to-date: /home/lhl/nav2_ws/src/install/nav2_amcl/share/nav2_amcl/environment/library_path.dsv
[0.985s] -- Up-to-date: /home/lhl/nav2_ws/src/install/nav2_amcl/share/nav2_amcl/plugins.xml
[0.986s] -- Up-to-date: /home/lhl/nav2_ws/src/install/nav2_amcl/share/ament_index/resource_index/package_run_dependencies/nav2_amcl
[0.986s] -- Up-to-date: /home/lhl/nav2_ws/src/install/nav2_amcl/share/ament_index/resource_index/parent_prefix_path/nav2_amcl
[0.986s] -- Up-to-date: /home/lhl/nav2_ws/src/install/nav2_amcl/share/nav2_amcl/environment/ament_prefix_path.sh
[0.986s] -- Up-to-date: /home/lhl/nav2_ws/src/install/nav2_amcl/share/nav2_amcl/environment/ament_prefix_path.dsv
[0.986s] -- Up-to-date: /home/lhl/nav2_ws/src/install/nav2_amcl/share/nav2_amcl/environment/path.sh
[0.986s] -- Up-to-date: /home/lhl/nav2_ws/src/install/nav2_amcl/share/nav2_amcl/environment/path.dsv
[0.986s] -- Up-to-date: /home/lhl/nav2_ws/src/install/nav2_amcl/share/nav2_amcl/local_setup.bash
[0.987s] -- Up-to-date: /home/lhl/nav2_ws/src/install/nav2_amcl/share/nav2_amcl/local_setup.sh
[0.987s] -- Up-to-date: /home/lhl/nav2_ws/src/install/nav2_amcl/share/nav2_amcl/local_setup.zsh
[0.987s] -- Up-to-date: /home/lhl/nav2_ws/src/install/nav2_amcl/share/nav2_amcl/local_setup.dsv
[0.987s] -- Installing: /home/lhl/nav2_ws/src/install/nav2_amcl/share/nav2_amcl/package.dsv
[0.987s] -- Up-to-date: /home/lhl/nav2_ws/src/install/nav2_amcl/share/ament_index/resource_index/packages/nav2_amcl
[0.988s] -- Up-to-date: /home/lhl/nav2_ws/src/install/nav2_amcl/share/ament_index/resource_index/nav2_amcl__pluginlib__plugin/nav2_amcl
[0.989s] -- Up-to-date: /home/lhl/nav2_ws/src/install/nav2_amcl/share/ament_index/resource_index/rclcpp_components/nav2_amcl
[0.989s] -- Up-to-date: /home/lhl/nav2_ws/src/install/nav2_amcl/share/nav2_amcl/cmake/ament_cmake_export_include_directories-extras.cmake
[0.989s] -- Up-to-date: /home/lhl/nav2_ws/src/install/nav2_amcl/share/nav2_amcl/cmake/ament_cmake_export_libraries-extras.cmake
[0.989s] -- Up-to-date: /home/lhl/nav2_ws/src/install/nav2_amcl/share/nav2_amcl/cmake/ament_cmake_export_dependencies-extras.cmake
[0.989s] -- Up-to-date: /home/lhl/nav2_ws/src/install/nav2_amcl/share/nav2_amcl/cmake/nav2_amclConfig.cmake
[0.989s] -- Up-to-date: /home/lhl/nav2_ws/src/install/nav2_amcl/share/nav2_amcl/cmake/nav2_amclConfig-version.cmake
[0.989s] -- Up-to-date: /home/lhl/nav2_ws/src/install/nav2_amcl/share/nav2_amcl/package.xml
[0.990s] -- Up-to-date: /home/lhl/nav2_ws/src/install/nav2_amcl/lib/libpf_lib.so
[0.999s] -- Up-to-date: /home/lhl/nav2_ws/src/install/nav2_amcl/lib/libmap_lib.so
[0.999s] -- Up-to-date: /home/lhl/nav2_ws/src/install/nav2_amcl/lib/libmotions_lib.so
[0.999s] -- Up-to-date: /home/lhl/nav2_ws/src/install/nav2_amcl/lib/libsensors_lib.so
[1.033s] Invoked command in '/home/lhl/nav2_ws/src/build/nav2_amcl' returned '0': AMENT_PREFIX_PATH=/home/lhl/nav2_ws/src/install/nav2_util:/home/lhl/nav2_ws/src/install/nav2_msgs:/home/lhl/nav2_ws/src/install/nav2_common:${AMENT_PREFIX_PATH} CMAKE_PREFIX_PATH=/home/lhl/nav2_ws/src/install/nav2_util:/home/lhl/nav2_ws/src/install/nav2_msgs:/home/lhl/nav2_ws/src/install/nav2_common:/opt/ros/humble LD_LIBRARY_PATH=/home/lhl/nav2_ws/src/install/nav2_util/lib:/home/lhl/nav2_ws/src/install/nav2_msgs/lib:${LD_LIBRARY_PATH} PYTHONPATH=/home/lhl/nav2_ws/src/install/nav2_msgs/local/lib/python3.10/dist-packages:/home/lhl/nav2_ws/src/install/nav2_common/local/lib/python3.10/dist-packages:${PYTHONPATH} /usr/bin/cmake --install /home/lhl/nav2_ws/src/build/nav2_amcl
