[0.029s] Invoking command in '/home/lhl/nav2_ws/src/build/nav2_velocity_smoother': AMENT_PREFIX_PATH=/home/lhl/nav2_ws/src/install/nav2_util:/home/lhl/nav2_ws/src/install/nav2_msgs:/home/lhl/nav2_ws/src/install/nav2_common:${AMENT_PREFIX_PATH} CMAKE_PREFIX_PATH=/home/lhl/nav2_ws/src/install/nav2_util:/home/lhl/nav2_ws/src/install/nav2_msgs:/home/lhl/nav2_ws/src/install/nav2_common:/opt/ros/humble LD_LIBRARY_PATH=/home/lhl/nav2_ws/src/install/nav2_util/lib:/home/lhl/nav2_ws/src/install/nav2_msgs/lib:${LD_LIBRARY_PATH} PYTHONPATH=/home/lhl/nav2_ws/src/install/nav2_msgs/local/lib/python3.10/dist-packages:/home/lhl/nav2_ws/src/install/nav2_common/local/lib/python3.10/dist-packages:${PYTHONPATH} /usr/bin/cmake /home/lhl/nav2_ws/src/navigation2/nav2_velocity_smoother -DCMAKE_INSTALL_PREFIX=/home/lhl/nav2_ws/src/install/nav2_velocity_smoother
[0.115s] -- The C compiler identification is GNU 11.3.0
[0.200s] -- The CXX compiler identification is GNU 11.3.0
[0.226s] -- Detecting C compiler ABI info
[0.331s] -- Detecting C compiler ABI info - done
[0.349s] -- Check for working C compiler: /usr/bin/cc - skipped
[0.349s] -- Detecting C compile features
[0.354s] -- Detecting C compile features - done
[0.358s] -- Detecting CXX compiler ABI info
[0.533s] -- Detecting CXX compiler ABI info - done
[0.539s] -- Check for working CXX compiler: /usr/bin/c++ - skipped
[0.540s] -- Detecting CXX compile features
[0.540s] -- Detecting CXX compile features - done
[0.543s] -- Found ament_cmake: 1.3.4 (/opt/ros/humble/share/ament_cmake/cmake)
[0.816s] -- Found Python3: /usr/bin/python3.10 (found version "3.10.6") found components: Interpreter 
[0.950s] -- Found nav2_common: 1.1.6 (/home/lhl/nav2_ws/src/install/nav2_common/share/nav2_common/cmake)
[0.953s] -- Found rclcpp: 16.0.4 (/opt/ros/humble/share/rclcpp/cmake)
[1.037s] -- Found rosidl_generator_c: 3.1.4 (/opt/ros/humble/share/rosidl_generator_c/cmake)
[1.047s] -- Found rosidl_adapter: 3.1.4 (/opt/ros/humble/share/rosidl_adapter/cmake)
[1.069s] -- Found rosidl_generator_cpp: 3.1.4 (/opt/ros/humble/share/rosidl_generator_cpp/cmake)
[1.096s] -- Using all available rosidl_typesupport_c: rosidl_typesupport_fastrtps_c;rosidl_typesupport_introspection_c
[1.134s] -- Using all available rosidl_typesupport_cpp: rosidl_typesupport_fastrtps_cpp;rosidl_typesupport_introspection_cpp
[1.267s] -- Found rmw_implementation_cmake: 6.1.1 (/opt/ros/humble/share/rmw_implementation_cmake/cmake)
[1.274s] -- Found rmw_fastrtps_cpp: 6.2.2 (/opt/ros/humble/share/rmw_fastrtps_cpp/cmake)
[1.421s] -- Found OpenSSL: /usr/lib/x86_64-linux-gnu/libcrypto.so (found version "3.0.2")  
[1.453s] -- Found FastRTPS: /opt/ros/humble/include  
[1.512s] -- Using RMW implementation 'rmw_fastrtps_cpp' as default
[1.525s] -- Looking for pthread.h
[1.837s] -- Looking for pthread.h - found
[1.837s] -- Performing Test CMAKE_HAVE_LIBC_PTHREAD
[1.951s] -- Performing Test CMAKE_HAVE_LIBC_PTHREAD - Success
[1.953s] -- Found Threads: TRUE  
[2.281s] -- Found rclcpp_components: 16.0.4 (/opt/ros/humble/share/rclcpp_components/cmake)
[2.399s] -- Found geometry_msgs: 4.2.3 (/opt/ros/humble/share/geometry_msgs/cmake)
[2.485s] -- Found nav2_util: 1.1.6 (/home/lhl/nav2_ws/src/install/nav2_util/share/nav2_util/cmake)
[3.620s] -- Found eigen3_cmake_module: 0.1.1 (/opt/ros/humble/share/eigen3_cmake_module/cmake)
[3.622s] -- Found Eigen3: TRUE (found version "3.4.0") 
[3.622s] -- Ensuring Eigen3 include directory is part of orocos-kdl CMake target
[4.017s] -- Setting build type to Release as none was specified.
[5.135s] -- Found ament_lint_auto: 0.12.6 (/opt/ros/humble/share/ament_lint_auto/cmake)
[5.357s] -- Found gtest sources under '/opt/ros/humble/src/gtest_vendor': C++ tests using 'Google Test' will be built
[6.015s] -- Added test 'cppcheck' to perform static code analysis on C / C++ code
[6.015s] -- Configured cppcheck include dirs: /home/lhl/nav2_ws/src/navigation2/nav2_velocity_smoother/include
[6.016s] -- Configured cppcheck exclude dirs and/or files: 
[6.018s] -- Added test 'cpplint' to check C / C++ code against the Google style
[6.018s] -- Configured cpplint exclude dirs and/or files: 
[6.019s] -- Added test 'lint_cmake' to check CMake code style
[6.021s] -- Added test 'uncrustify' to check C / C++ code style
[6.021s] -- Configured uncrustify additional arguments: 
[6.022s] -- Added test 'xmllint' to check XML markup files
[6.027s] -- Configuring done
[6.249s] -- Generating done
[6.249s] -- Build files have been written to: /home/lhl/nav2_ws/src/build/nav2_velocity_smoother
[6.281s] Invoked command in '/home/lhl/nav2_ws/src/build/nav2_velocity_smoother' returned '0': AMENT_PREFIX_PATH=/home/lhl/nav2_ws/src/install/nav2_util:/home/lhl/nav2_ws/src/install/nav2_msgs:/home/lhl/nav2_ws/src/install/nav2_common:${AMENT_PREFIX_PATH} CMAKE_PREFIX_PATH=/home/lhl/nav2_ws/src/install/nav2_util:/home/lhl/nav2_ws/src/install/nav2_msgs:/home/lhl/nav2_ws/src/install/nav2_common:/opt/ros/humble LD_LIBRARY_PATH=/home/lhl/nav2_ws/src/install/nav2_util/lib:/home/lhl/nav2_ws/src/install/nav2_msgs/lib:${LD_LIBRARY_PATH} PYTHONPATH=/home/lhl/nav2_ws/src/install/nav2_msgs/local/lib/python3.10/dist-packages:/home/lhl/nav2_ws/src/install/nav2_common/local/lib/python3.10/dist-packages:${PYTHONPATH} /usr/bin/cmake /home/lhl/nav2_ws/src/navigation2/nav2_velocity_smoother -DCMAKE_INSTALL_PREFIX=/home/lhl/nav2_ws/src/install/nav2_velocity_smoother
[6.282s] Invoking command in '/home/lhl/nav2_ws/src/build/nav2_velocity_smoother': AMENT_PREFIX_PATH=/home/lhl/nav2_ws/src/install/nav2_util:/home/lhl/nav2_ws/src/install/nav2_msgs:/home/lhl/nav2_ws/src/install/nav2_common:${AMENT_PREFIX_PATH} CMAKE_PREFIX_PATH=/home/lhl/nav2_ws/src/install/nav2_util:/home/lhl/nav2_ws/src/install/nav2_msgs:/home/lhl/nav2_ws/src/install/nav2_common:/opt/ros/humble LD_LIBRARY_PATH=/home/lhl/nav2_ws/src/install/nav2_util/lib:/home/lhl/nav2_ws/src/install/nav2_msgs/lib:${LD_LIBRARY_PATH} PYTHONPATH=/home/lhl/nav2_ws/src/install/nav2_msgs/local/lib/python3.10/dist-packages:/home/lhl/nav2_ws/src/install/nav2_common/local/lib/python3.10/dist-packages:${PYTHONPATH} /usr/bin/cmake --build /home/lhl/nav2_ws/src/build/nav2_velocity_smoother -- -j8 -l8
[6.466s] [ 10%] [32mBuilding CXX object CMakeFiles/velocity_smoother_core.dir/src/velocity_smoother.cpp.o[0m
[6.519s] [ 20%] [32mBuilding CXX object gtest/CMakeFiles/gtest_main.dir/src/gtest_main.cc.o[0m
[6.542s] [ 30%] [32mBuilding CXX object gtest/CMakeFiles/gtest.dir/src/gtest-all.cc.o[0m
[9.273s] [ 40%] [32m[1mLinking CXX static library libgtest_main.a[0m
[9.478s] [ 40%] Built target gtest_main
[28.328s] [ 50%] [32m[1mLinking CXX static library libgtest.a[0m
[28.464s] [ 50%] Built target gtest
[34.061s] [ 60%] [32m[1mLinking CXX shared library libvelocity_smoother_core.so[0m
[34.386s] [ 60%] Built target velocity_smoother_core
[34.426s] [ 70%] [32mBuilding CXX object CMakeFiles/velocity_smoother.dir/src/main.cpp.o[0m
[39.602s] [ 80%] [32m[1mLinking CXX executable velocity_smoother[0m
[39.990s] [ 80%] Built target velocity_smoother
[40.024s] [ 90%] [32mBuilding CXX object test/CMakeFiles/velocity_smoother_tests.dir/test_velocity_smoother.cpp.o[0m
[60.337s] [100%] [32m[1mLinking CXX executable velocity_smoother_tests[0m
[60.889s] [100%] Built target velocity_smoother_tests
[60.908s] Invoked command in '/home/lhl/nav2_ws/src/build/nav2_velocity_smoother' returned '0': AMENT_PREFIX_PATH=/home/lhl/nav2_ws/src/install/nav2_util:/home/lhl/nav2_ws/src/install/nav2_msgs:/home/lhl/nav2_ws/src/install/nav2_common:${AMENT_PREFIX_PATH} CMAKE_PREFIX_PATH=/home/lhl/nav2_ws/src/install/nav2_util:/home/lhl/nav2_ws/src/install/nav2_msgs:/home/lhl/nav2_ws/src/install/nav2_common:/opt/ros/humble LD_LIBRARY_PATH=/home/lhl/nav2_ws/src/install/nav2_util/lib:/home/lhl/nav2_ws/src/install/nav2_msgs/lib:${LD_LIBRARY_PATH} PYTHONPATH=/home/lhl/nav2_ws/src/install/nav2_msgs/local/lib/python3.10/dist-packages:/home/lhl/nav2_ws/src/install/nav2_common/local/lib/python3.10/dist-packages:${PYTHONPATH} /usr/bin/cmake --build /home/lhl/nav2_ws/src/build/nav2_velocity_smoother -- -j8 -l8
[60.993s] Invoking command in '/home/lhl/nav2_ws/src/build/nav2_velocity_smoother': AMENT_PREFIX_PATH=/home/lhl/nav2_ws/src/install/nav2_util:/home/lhl/nav2_ws/src/install/nav2_msgs:/home/lhl/nav2_ws/src/install/nav2_common:${AMENT_PREFIX_PATH} CMAKE_PREFIX_PATH=/home/lhl/nav2_ws/src/install/nav2_util:/home/lhl/nav2_ws/src/install/nav2_msgs:/home/lhl/nav2_ws/src/install/nav2_common:/opt/ros/humble LD_LIBRARY_PATH=/home/lhl/nav2_ws/src/install/nav2_util/lib:/home/lhl/nav2_ws/src/install/nav2_msgs/lib:${LD_LIBRARY_PATH} PYTHONPATH=/home/lhl/nav2_ws/src/install/nav2_msgs/local/lib/python3.10/dist-packages:/home/lhl/nav2_ws/src/install/nav2_common/local/lib/python3.10/dist-packages:${PYTHONPATH} /usr/bin/cmake --install /home/lhl/nav2_ws/src/build/nav2_velocity_smoother
[61.005s] -- Install configuration: "Release"
[61.005s] -- Installing: /home/lhl/nav2_ws/src/install/nav2_velocity_smoother/lib/libvelocity_smoother_core.so
[61.007s] -- Set runtime path of "/home/lhl/nav2_ws/src/install/nav2_velocity_smoother/lib/libvelocity_smoother_core.so" to ""
[61.007s] -- Installing: /home/lhl/nav2_ws/src/install/nav2_velocity_smoother/lib/nav2_velocity_smoother/velocity_smoother
[61.008s] -- Set runtime path of "/home/lhl/nav2_ws/src/install/nav2_velocity_smoother/lib/nav2_velocity_smoother/velocity_smoother" to ""
[61.008s] -- Installing: /home/lhl/nav2_ws/src/install/nav2_velocity_smoother/include/
[61.008s] -- Installing: /home/lhl/nav2_ws/src/install/nav2_velocity_smoother/include//nav2_velocity_smoother
[61.008s] -- Installing: /home/lhl/nav2_ws/src/install/nav2_velocity_smoother/include//nav2_velocity_smoother/velocity_smoother.hpp
[61.008s] -- Installing: /home/lhl/nav2_ws/src/install/nav2_velocity_smoother/share/nav2_velocity_smoother/environment/library_path.sh
[61.009s] -- Installing: /home/lhl/nav2_ws/src/install/nav2_velocity_smoother/share/nav2_velocity_smoother/environment/library_path.dsv
[61.009s] -- Installing: /home/lhl/nav2_ws/src/install/nav2_velocity_smoother/share/ament_index/resource_index/package_run_dependencies/nav2_velocity_smoother
[61.009s] -- Installing: /home/lhl/nav2_ws/src/install/nav2_velocity_smoother/share/ament_index/resource_index/parent_prefix_path/nav2_velocity_smoother
[61.010s] -- Installing: /home/lhl/nav2_ws/src/install/nav2_velocity_smoother/share/nav2_velocity_smoother/environment/ament_prefix_path.sh
[61.010s] -- Installing: /home/lhl/nav2_ws/src/install/nav2_velocity_smoother/share/nav2_velocity_smoother/environment/ament_prefix_path.dsv
[61.010s] -- Installing: /home/lhl/nav2_ws/src/install/nav2_velocity_smoother/share/nav2_velocity_smoother/environment/path.sh
[61.010s] -- Installing: /home/lhl/nav2_ws/src/install/nav2_velocity_smoother/share/nav2_velocity_smoother/environment/path.dsv
[61.011s] -- Installing: /home/lhl/nav2_ws/src/install/nav2_velocity_smoother/share/nav2_velocity_smoother/local_setup.bash
[61.011s] -- Installing: /home/lhl/nav2_ws/src/install/nav2_velocity_smoother/share/nav2_velocity_smoother/local_setup.sh
[61.011s] -- Installing: /home/lhl/nav2_ws/src/install/nav2_velocity_smoother/share/nav2_velocity_smoother/local_setup.zsh
[61.011s] -- Installing: /home/lhl/nav2_ws/src/install/nav2_velocity_smoother/share/nav2_velocity_smoother/local_setup.dsv
[61.011s] -- Installing: /home/lhl/nav2_ws/src/install/nav2_velocity_smoother/share/nav2_velocity_smoother/package.dsv
[61.012s] -- Installing: /home/lhl/nav2_ws/src/install/nav2_velocity_smoother/share/ament_index/resource_index/packages/nav2_velocity_smoother
[61.012s] -- Installing: /home/lhl/nav2_ws/src/install/nav2_velocity_smoother/share/ament_index/resource_index/rclcpp_components/nav2_velocity_smoother
[61.012s] -- Installing: /home/lhl/nav2_ws/src/install/nav2_velocity_smoother/share/nav2_velocity_smoother/cmake/ament_cmake_export_include_directories-extras.cmake
[61.012s] -- Installing: /home/lhl/nav2_ws/src/install/nav2_velocity_smoother/share/nav2_velocity_smoother/cmake/ament_cmake_export_libraries-extras.cmake
[61.013s] -- Installing: /home/lhl/nav2_ws/src/install/nav2_velocity_smoother/share/nav2_velocity_smoother/cmake/ament_cmake_export_dependencies-extras.cmake
[61.013s] -- Installing: /home/lhl/nav2_ws/src/install/nav2_velocity_smoother/share/nav2_velocity_smoother/cmake/nav2_velocity_smootherConfig.cmake
[61.013s] -- Installing: /home/lhl/nav2_ws/src/install/nav2_velocity_smoother/share/nav2_velocity_smoother/cmake/nav2_velocity_smootherConfig-version.cmake
[61.013s] -- Installing: /home/lhl/nav2_ws/src/install/nav2_velocity_smoother/share/nav2_velocity_smoother/package.xml
[61.021s] Invoked command in '/home/lhl/nav2_ws/src/build/nav2_velocity_smoother' returned '0': AMENT_PREFIX_PATH=/home/lhl/nav2_ws/src/install/nav2_util:/home/lhl/nav2_ws/src/install/nav2_msgs:/home/lhl/nav2_ws/src/install/nav2_common:${AMENT_PREFIX_PATH} CMAKE_PREFIX_PATH=/home/lhl/nav2_ws/src/install/nav2_util:/home/lhl/nav2_ws/src/install/nav2_msgs:/home/lhl/nav2_ws/src/install/nav2_common:/opt/ros/humble LD_LIBRARY_PATH=/home/lhl/nav2_ws/src/install/nav2_util/lib:/home/lhl/nav2_ws/src/install/nav2_msgs/lib:${LD_LIBRARY_PATH} PYTHONPATH=/home/lhl/nav2_ws/src/install/nav2_msgs/local/lib/python3.10/dist-packages:/home/lhl/nav2_ws/src/install/nav2_common/local/lib/python3.10/dist-packages:${PYTHONPATH} /usr/bin/cmake --install /home/lhl/nav2_ws/src/build/nav2_velocity_smoother
