-- Found ament_cmake: 1.3.4 (/opt/ros/humble/share/ament_cmake/cmake)
-- Override CMake install command with custom implementation using symlinks instead of copying resources
-- Found rclcpp: 16.0.4 (/opt/ros/humble/share/rclcpp/cmake)
-- Found rosidl_generator_c: 3.1.4 (/opt/ros/humble/share/rosidl_generator_c/cmake)
-- Found rosidl_adapter: 3.1.4 (/opt/ros/humble/share/rosidl_adapter/cmake)
-- Found rosidl_generator_cpp: 3.1.4 (/opt/ros/humble/share/rosidl_generator_cpp/cmake)
-- Using all available rosidl_typesupport_c: rosidl_typesupport_fastrtps_c;rosidl_typesupport_introspection_c
-- Using all available rosidl_typesupport_cpp: rosidl_typesupport_fastrtps_cpp;rosidl_typesupport_introspection_cpp
-- Found rmw_implementation_cmake: 6.1.1 (/opt/ros/humble/share/rmw_implementation_cmake/cmake)
-- Found rmw_fastrtps_cpp: 6.2.2 (/opt/ros/humble/share/rmw_fastrtps_cpp/cmake)
-- Using RMW implementation 'rmw_fastrtps_cpp' as default
-- Found rclcpp_components: 16.0.4 (/opt/ros/humble/share/rclcpp_components/cmake)
-- Found sensor_msgs: 4.2.3 (/opt/ros/humble/share/sensor_msgs/cmake)
-- Found tf2: 0.25.2 (/opt/ros/humble/share/tf2/cmake)
-- Found tf2_ros: 0.25.2 (/opt/ros/humble/share/tf2_ros/cmake)
-- Found tf2_geometry_msgs: 0.25.2 (/opt/ros/humble/share/tf2_geometry_msgs/cmake)
-- Found eigen3_cmake_module: 0.1.1 (/opt/ros/humble/share/eigen3_cmake_module/cmake)
-- Ensuring Eigen3 include directory is part of orocos-kdl CMake target
-- Found nav2_common: 1.1.6 (/home/lhl/nav2_ws/install/nav2_common/share/nav2_common/cmake)
-- Found nav2_util: 1.1.6 (/home/lhl/nav2_ws/install/nav2_util/share/nav2_util/cmake)
-- Found nav2_costmap_2d: 1.1.6 (/home/lhl/nav2_ws/install/nav2_costmap_2d/share/nav2_costmap_2d/cmake)
-- Found ament_lint_auto: 0.12.6 (/opt/ros/humble/share/ament_lint_auto/cmake)
-- Found gtest sources under '/opt/ros/humble/src/gtest_vendor': C++ tests using 'Google Test' will be built
-- Added test 'cppcheck' to perform static code analysis on C / C++ code
-- Configured cppcheck include dirs: /home/lhl/nav2_ws/src/navigation2/nav2_collision_monitor/include
-- Configured cppcheck exclude dirs and/or files: 
-- Added test 'flake8' to check Python code syntax and style conventions
-- Added test 'lint_cmake' to check CMake code style
-- Added test 'pep257' to check Python code against some of the docstring style conventions in PEP 257
-- Added test 'uncrustify' to check C / C++ code style
-- Configured uncrustify additional arguments: 
-- Added test 'xmllint' to check XML markup files
-- Configuring done
-- Generating done
-- Build files have been written to: /home/lhl/nav2_ws/build/nav2_collision_monitor
[35m[1mConsolidate compiler generated dependencies of target gtest_main[0m
[  8%] Built target gtest_main
[35m[1mConsolidate compiler generated dependencies of target gtest[0m
[35m[1mConsolidate compiler generated dependencies of target collision_monitor_core[0m
[ 17%] Built target gtest
[ 56%] Built target collision_monitor_core
[35m[1mConsolidate compiler generated dependencies of target collision_monitor[0m
[35m[1mConsolidate compiler generated dependencies of target sources_test[0m
[35m[1mConsolidate compiler generated dependencies of target kinematics_test[0m
[35m[1mConsolidate compiler generated dependencies of target polygons_test[0m
[35m[1mConsolidate compiler generated dependencies of target collision_monitor_node_test[0m
[ 65%] Built target sources_test
[ 73%] Built target kinematics_test
[ 82%] Built target polygons_test
[ 91%] Built target collision_monitor
[100%] Built target collision_monitor_node_test
-- Install configuration: "Release"
-- Execute custom install script
-- Up-to-date symlink: /home/lhl/nav2_ws/install/nav2_collision_monitor/lib/libcollision_monitor_core.so
-- Up-to-date symlink: /home/lhl/nav2_ws/install/nav2_collision_monitor/lib/nav2_collision_monitor/collision_monitor
-- Up-to-date symlink: /home/lhl/nav2_ws/install/nav2_collision_monitor/include//nav2_collision_monitor/circle.hpp
-- Up-to-date symlink: /home/lhl/nav2_ws/install/nav2_collision_monitor/include//nav2_collision_monitor/collision_monitor_node.hpp
-- Up-to-date symlink: /home/lhl/nav2_ws/install/nav2_collision_monitor/include//nav2_collision_monitor/kinematics.hpp
-- Up-to-date symlink: /home/lhl/nav2_ws/install/nav2_collision_monitor/include//nav2_collision_monitor/pointcloud.hpp
-- Up-to-date symlink: /home/lhl/nav2_ws/install/nav2_collision_monitor/include//nav2_collision_monitor/polygon.hpp
-- Up-to-date symlink: /home/lhl/nav2_ws/install/nav2_collision_monitor/include//nav2_collision_monitor/range.hpp
-- Up-to-date symlink: /home/lhl/nav2_ws/install/nav2_collision_monitor/include//nav2_collision_monitor/scan.hpp
-- Up-to-date symlink: /home/lhl/nav2_ws/install/nav2_collision_monitor/include//nav2_collision_monitor/source.hpp
-- Up-to-date symlink: /home/lhl/nav2_ws/install/nav2_collision_monitor/include//nav2_collision_monitor/types.hpp
-- Up-to-date symlink: /home/lhl/nav2_ws/install/nav2_collision_monitor/share/nav2_collision_monitor/launch/collision_monitor_node.launch.py
-- Up-to-date symlink: /home/lhl/nav2_ws/install/nav2_collision_monitor/share/nav2_collision_monitor/params/collision_monitor_params.yaml
-- Up-to-date symlink: /home/lhl/nav2_ws/install/nav2_collision_monitor/share/nav2_collision_monitor/environment/library_path.sh
-- Up-to-date symlink: /home/lhl/nav2_ws/install/nav2_collision_monitor/share/nav2_collision_monitor/environment/library_path.dsv
-- Up-to-date symlink: /home/lhl/nav2_ws/install/nav2_collision_monitor/share/ament_index/resource_index/package_run_dependencies/nav2_collision_monitor
-- Up-to-date symlink: /home/lhl/nav2_ws/install/nav2_collision_monitor/share/ament_index/resource_index/parent_prefix_path/nav2_collision_monitor
-- Up-to-date symlink: /home/lhl/nav2_ws/install/nav2_collision_monitor/share/nav2_collision_monitor/environment/ament_prefix_path.sh
-- Up-to-date symlink: /home/lhl/nav2_ws/install/nav2_collision_monitor/share/nav2_collision_monitor/environment/ament_prefix_path.dsv
-- Up-to-date symlink: /home/lhl/nav2_ws/install/nav2_collision_monitor/share/nav2_collision_monitor/environment/path.sh
-- Up-to-date symlink: /home/lhl/nav2_ws/install/nav2_collision_monitor/share/nav2_collision_monitor/environment/path.dsv
-- Up-to-date symlink: /home/lhl/nav2_ws/install/nav2_collision_monitor/share/nav2_collision_monitor/local_setup.bash
-- Up-to-date symlink: /home/lhl/nav2_ws/install/nav2_collision_monitor/share/nav2_collision_monitor/local_setup.sh
-- Up-to-date symlink: /home/lhl/nav2_ws/install/nav2_collision_monitor/share/nav2_collision_monitor/local_setup.zsh
-- Up-to-date symlink: /home/lhl/nav2_ws/install/nav2_collision_monitor/share/nav2_collision_monitor/local_setup.dsv
-- Symlinking: /home/lhl/nav2_ws/install/nav2_collision_monitor/share/nav2_collision_monitor/package.dsv
-- Up-to-date symlink: /home/lhl/nav2_ws/install/nav2_collision_monitor/share/ament_index/resource_index/packages/nav2_collision_monitor
-- Up-to-date symlink: /home/lhl/nav2_ws/install/nav2_collision_monitor/share/ament_index/resource_index/rclcpp_components/nav2_collision_monitor
-- Up-to-date symlink: /home/lhl/nav2_ws/install/nav2_collision_monitor/share/nav2_collision_monitor/cmake/ament_cmake_export_include_directories-extras.cmake
-- Up-to-date symlink: /home/lhl/nav2_ws/install/nav2_collision_monitor/share/nav2_collision_monitor/cmake/ament_cmake_export_libraries-extras.cmake
-- Up-to-date symlink: /home/lhl/nav2_ws/install/nav2_collision_monitor/share/nav2_collision_monitor/cmake/ament_cmake_export_dependencies-extras.cmake
-- Up-to-date symlink: /home/lhl/nav2_ws/install/nav2_collision_monitor/share/nav2_collision_monitor/cmake/nav2_collision_monitorConfig.cmake
-- Up-to-date symlink: /home/lhl/nav2_ws/install/nav2_collision_monitor/share/nav2_collision_monitor/cmake/nav2_collision_monitorConfig-version.cmake
-- Up-to-date symlink: /home/lhl/nav2_ws/install/nav2_collision_monitor/share/nav2_collision_monitor/package.xml
