[0.592s] Invoking command in '/home/lhl/nav2_ws/build/nav2_core': AMENT_PREFIX_PATH=/home/lhl/nav2_ws/install/nav2_costmap_2d:/home/lhl/nav2_ws/install/nav2_util:/home/lhl/nav2_ws/install/nav2_voxel_grid:/home/lhl/nav2_ws/install/nav2_msgs:/home/lhl/nav2_ws/install/nav2_common:${AMENT_PREFIX_PATH} CMAKE_PREFIX_PATH=/home/lhl/nav2_ws/install/nav2_costmap_2d:/home/lhl/nav2_ws/install/nav2_util:/home/lhl/nav2_ws/install/nav2_voxel_grid:/home/lhl/nav2_ws/install/nav2_msgs:/home/lhl/nav2_ws/install/nav2_common:/opt/ros/humble LD_LIBRARY_PATH=/home/lhl/nav2_ws/install/nav2_costmap_2d/lib:/home/lhl/nav2_ws/install/nav2_util/lib:/home/lhl/nav2_ws/install/nav2_voxel_grid/lib:/home/lhl/nav2_ws/install/nav2_msgs/lib:${LD_LIBRARY_PATH} PYTHONPATH=/home/lhl/nav2_ws/install/nav2_msgs/local/lib/python3.10/dist-packages:/home/lhl/nav2_ws/install/nav2_common/local/lib/python3.10/dist-packages:${PYTHONPATH} /usr/bin/cmake /home/lhl/nav2_ws/src/navigation2/nav2_core -DCMAKE_INSTALL_PREFIX=/home/lhl/nav2_ws/install/nav2_core
[0.749s] -- Found ament_cmake: 1.3.4 (/opt/ros/humble/share/ament_cmake/cmake)
[0.927s] -- Override CMake install command with custom implementation using symlinks instead of copying resources
[0.937s] -- Found nav2_common: 1.1.6 (/home/lhl/nav2_ws/install/nav2_common/share/nav2_common/cmake)
[0.938s] -- Found rclcpp: 16.0.4 (/opt/ros/humble/share/rclcpp/cmake)
[0.983s] -- Found rosidl_generator_c: 3.1.4 (/opt/ros/humble/share/rosidl_generator_c/cmake)
[0.988s] -- Found rosidl_adapter: 3.1.4 (/opt/ros/humble/share/rosidl_adapter/cmake)
[0.997s] -- Found rosidl_generator_cpp: 3.1.4 (/opt/ros/humble/share/rosidl_generator_cpp/cmake)
[1.016s] -- Using all available rosidl_typesupport_c: rosidl_typesupport_fastrtps_c;rosidl_typesupport_introspection_c
[1.045s] -- Using all available rosidl_typesupport_cpp: rosidl_typesupport_fastrtps_cpp;rosidl_typesupport_introspection_cpp
[1.147s] -- Found rmw_implementation_cmake: 6.1.1 (/opt/ros/humble/share/rmw_implementation_cmake/cmake)
[1.150s] -- Found rmw_fastrtps_cpp: 6.2.2 (/opt/ros/humble/share/rmw_fastrtps_cpp/cmake)
[1.332s] -- Using RMW implementation 'rmw_fastrtps_cpp' as default
[1.606s] -- Found rclcpp_lifecycle: 16.0.4 (/opt/ros/humble/share/rclcpp_lifecycle/cmake)
[1.670s] -- Found geometry_msgs: 4.2.3 (/opt/ros/humble/share/geometry_msgs/cmake)
[1.746s] -- Found nav2_costmap_2d: 1.1.6 (/home/lhl/nav2_ws/install/nav2_costmap_2d/share/nav2_costmap_2d/cmake)
[2.769s] -- Ensuring Eigen3 include directory is part of orocos-kdl CMake target
[3.766s] -- Found ament_lint_auto: 0.12.6 (/opt/ros/humble/share/ament_lint_auto/cmake)
[3.929s] -- Added test 'cppcheck' to perform static code analysis on C / C++ code
[3.929s] -- Configured cppcheck include dirs: 
[3.929s] -- Configured cppcheck exclude dirs and/or files: 
[3.930s] -- Added test 'cpplint' to check C / C++ code against the Google style
[3.931s] -- Configured cpplint exclude dirs and/or files: 
[3.931s] -- Added test 'lint_cmake' to check CMake code style
[3.932s] -- Added test 'uncrustify' to check C / C++ code style
[3.933s] -- Configured uncrustify additional arguments: 
[3.933s] -- Added test 'xmllint' to check XML markup files
[3.938s] -- Configuring done
[3.949s] -- Generating done
[3.952s] -- Build files have been written to: /home/lhl/nav2_ws/build/nav2_core
[3.963s] Invoked command in '/home/lhl/nav2_ws/build/nav2_core' returned '0': AMENT_PREFIX_PATH=/home/lhl/nav2_ws/install/nav2_costmap_2d:/home/lhl/nav2_ws/install/nav2_util:/home/lhl/nav2_ws/install/nav2_voxel_grid:/home/lhl/nav2_ws/install/nav2_msgs:/home/lhl/nav2_ws/install/nav2_common:${AMENT_PREFIX_PATH} CMAKE_PREFIX_PATH=/home/lhl/nav2_ws/install/nav2_costmap_2d:/home/lhl/nav2_ws/install/nav2_util:/home/lhl/nav2_ws/install/nav2_voxel_grid:/home/lhl/nav2_ws/install/nav2_msgs:/home/lhl/nav2_ws/install/nav2_common:/opt/ros/humble LD_LIBRARY_PATH=/home/lhl/nav2_ws/install/nav2_costmap_2d/lib:/home/lhl/nav2_ws/install/nav2_util/lib:/home/lhl/nav2_ws/install/nav2_voxel_grid/lib:/home/lhl/nav2_ws/install/nav2_msgs/lib:${LD_LIBRARY_PATH} PYTHONPATH=/home/lhl/nav2_ws/install/nav2_msgs/local/lib/python3.10/dist-packages:/home/lhl/nav2_ws/install/nav2_common/local/lib/python3.10/dist-packages:${PYTHONPATH} /usr/bin/cmake /home/lhl/nav2_ws/src/navigation2/nav2_core -DCMAKE_INSTALL_PREFIX=/home/lhl/nav2_ws/install/nav2_core
[3.965s] Invoking command in '/home/lhl/nav2_ws/build/nav2_core': AMENT_PREFIX_PATH=/home/lhl/nav2_ws/install/nav2_costmap_2d:/home/lhl/nav2_ws/install/nav2_util:/home/lhl/nav2_ws/install/nav2_voxel_grid:/home/lhl/nav2_ws/install/nav2_msgs:/home/lhl/nav2_ws/install/nav2_common:${AMENT_PREFIX_PATH} CMAKE_PREFIX_PATH=/home/lhl/nav2_ws/install/nav2_costmap_2d:/home/lhl/nav2_ws/install/nav2_util:/home/lhl/nav2_ws/install/nav2_voxel_grid:/home/lhl/nav2_ws/install/nav2_msgs:/home/lhl/nav2_ws/install/nav2_common:/opt/ros/humble LD_LIBRARY_PATH=/home/lhl/nav2_ws/install/nav2_costmap_2d/lib:/home/lhl/nav2_ws/install/nav2_util/lib:/home/lhl/nav2_ws/install/nav2_voxel_grid/lib:/home/lhl/nav2_ws/install/nav2_msgs/lib:${LD_LIBRARY_PATH} PYTHONPATH=/home/lhl/nav2_ws/install/nav2_msgs/local/lib/python3.10/dist-packages:/home/lhl/nav2_ws/install/nav2_common/local/lib/python3.10/dist-packages:${PYTHONPATH} /usr/bin/cmake --build /home/lhl/nav2_ws/build/nav2_core -- -j8 -l8
[4.017s] Invoked command in '/home/lhl/nav2_ws/build/nav2_core' returned '0': AMENT_PREFIX_PATH=/home/lhl/nav2_ws/install/nav2_costmap_2d:/home/lhl/nav2_ws/install/nav2_util:/home/lhl/nav2_ws/install/nav2_voxel_grid:/home/lhl/nav2_ws/install/nav2_msgs:/home/lhl/nav2_ws/install/nav2_common:${AMENT_PREFIX_PATH} CMAKE_PREFIX_PATH=/home/lhl/nav2_ws/install/nav2_costmap_2d:/home/lhl/nav2_ws/install/nav2_util:/home/lhl/nav2_ws/install/nav2_voxel_grid:/home/lhl/nav2_ws/install/nav2_msgs:/home/lhl/nav2_ws/install/nav2_common:/opt/ros/humble LD_LIBRARY_PATH=/home/lhl/nav2_ws/install/nav2_costmap_2d/lib:/home/lhl/nav2_ws/install/nav2_util/lib:/home/lhl/nav2_ws/install/nav2_voxel_grid/lib:/home/lhl/nav2_ws/install/nav2_msgs/lib:${LD_LIBRARY_PATH} PYTHONPATH=/home/lhl/nav2_ws/install/nav2_msgs/local/lib/python3.10/dist-packages:/home/lhl/nav2_ws/install/nav2_common/local/lib/python3.10/dist-packages:${PYTHONPATH} /usr/bin/cmake --build /home/lhl/nav2_ws/build/nav2_core -- -j8 -l8
[4.043s] Invoking command in '/home/lhl/nav2_ws/build/nav2_core': AMENT_PREFIX_PATH=/home/lhl/nav2_ws/install/nav2_costmap_2d:/home/lhl/nav2_ws/install/nav2_util:/home/lhl/nav2_ws/install/nav2_voxel_grid:/home/lhl/nav2_ws/install/nav2_msgs:/home/lhl/nav2_ws/install/nav2_common:${AMENT_PREFIX_PATH} CMAKE_PREFIX_PATH=/home/lhl/nav2_ws/install/nav2_costmap_2d:/home/lhl/nav2_ws/install/nav2_util:/home/lhl/nav2_ws/install/nav2_voxel_grid:/home/lhl/nav2_ws/install/nav2_msgs:/home/lhl/nav2_ws/install/nav2_common:/opt/ros/humble LD_LIBRARY_PATH=/home/lhl/nav2_ws/install/nav2_costmap_2d/lib:/home/lhl/nav2_ws/install/nav2_util/lib:/home/lhl/nav2_ws/install/nav2_voxel_grid/lib:/home/lhl/nav2_ws/install/nav2_msgs/lib:${LD_LIBRARY_PATH} PYTHONPATH=/home/lhl/nav2_ws/install/nav2_msgs/local/lib/python3.10/dist-packages:/home/lhl/nav2_ws/install/nav2_common/local/lib/python3.10/dist-packages:${PYTHONPATH} /usr/bin/cmake --install /home/lhl/nav2_ws/build/nav2_core
[4.053s] -- Install configuration: "Release"
[4.054s] -- Execute custom install script
[4.054s] -- Up-to-date symlink: /home/lhl/nav2_ws/install/nav2_core/include//nav2_core/behavior.hpp
[4.054s] -- Up-to-date symlink: /home/lhl/nav2_ws/install/nav2_core/include//nav2_core/controller.hpp
[4.055s] -- Up-to-date symlink: /home/lhl/nav2_ws/install/nav2_core/include//nav2_core/exceptions.hpp
[4.055s] -- Up-to-date symlink: /home/lhl/nav2_ws/install/nav2_core/include//nav2_core/global_planner.hpp
[4.055s] -- Up-to-date symlink: /home/lhl/nav2_ws/install/nav2_core/include//nav2_core/goal_checker.hpp
[4.055s] -- Up-to-date symlink: /home/lhl/nav2_ws/install/nav2_core/include//nav2_core/progress_checker.hpp
[4.055s] -- Up-to-date symlink: /home/lhl/nav2_ws/install/nav2_core/include//nav2_core/smoother.hpp
[4.055s] -- Up-to-date symlink: /home/lhl/nav2_ws/install/nav2_core/include//nav2_core/waypoint_task_executor.hpp
[4.056s] -- Up-to-date symlink: /home/lhl/nav2_ws/install/nav2_core/share/ament_index/resource_index/package_run_dependencies/nav2_core
[4.056s] -- Up-to-date symlink: /home/lhl/nav2_ws/install/nav2_core/share/ament_index/resource_index/parent_prefix_path/nav2_core
[4.056s] -- Up-to-date symlink: /home/lhl/nav2_ws/install/nav2_core/share/nav2_core/environment/ament_prefix_path.sh
[4.056s] -- Up-to-date symlink: /home/lhl/nav2_ws/install/nav2_core/share/nav2_core/environment/ament_prefix_path.dsv
[4.057s] -- Up-to-date symlink: /home/lhl/nav2_ws/install/nav2_core/share/nav2_core/environment/path.sh
[4.057s] -- Up-to-date symlink: /home/lhl/nav2_ws/install/nav2_core/share/nav2_core/environment/path.dsv
[4.057s] -- Up-to-date symlink: /home/lhl/nav2_ws/install/nav2_core/share/nav2_core/local_setup.bash
[4.057s] -- Up-to-date symlink: /home/lhl/nav2_ws/install/nav2_core/share/nav2_core/local_setup.sh
[4.058s] -- Up-to-date symlink: /home/lhl/nav2_ws/install/nav2_core/share/nav2_core/local_setup.zsh
[4.058s] -- Up-to-date symlink: /home/lhl/nav2_ws/install/nav2_core/share/nav2_core/local_setup.dsv
[4.058s] -- Symlinking: /home/lhl/nav2_ws/install/nav2_core/share/nav2_core/package.dsv
[4.068s] -- Up-to-date symlink: /home/lhl/nav2_ws/install/nav2_core/share/ament_index/resource_index/packages/nav2_core
[4.069s] -- Up-to-date symlink: /home/lhl/nav2_ws/install/nav2_core/share/nav2_core/cmake/ament_cmake_export_include_directories-extras.cmake
[4.069s] -- Up-to-date symlink: /home/lhl/nav2_ws/install/nav2_core/share/nav2_core/cmake/ament_cmake_export_dependencies-extras.cmake
[4.069s] -- Up-to-date symlink: /home/lhl/nav2_ws/install/nav2_core/share/nav2_core/cmake/nav2_coreConfig.cmake
[4.069s] -- Up-to-date symlink: /home/lhl/nav2_ws/install/nav2_core/share/nav2_core/cmake/nav2_coreConfig-version.cmake
[4.070s] -- Up-to-date symlink: /home/lhl/nav2_ws/install/nav2_core/share/nav2_core/package.xml
[4.075s] Invoked command in '/home/lhl/nav2_ws/build/nav2_core' returned '0': AMENT_PREFIX_PATH=/home/lhl/nav2_ws/install/nav2_costmap_2d:/home/lhl/nav2_ws/install/nav2_util:/home/lhl/nav2_ws/install/nav2_voxel_grid:/home/lhl/nav2_ws/install/nav2_msgs:/home/lhl/nav2_ws/install/nav2_common:${AMENT_PREFIX_PATH} CMAKE_PREFIX_PATH=/home/lhl/nav2_ws/install/nav2_costmap_2d:/home/lhl/nav2_ws/install/nav2_util:/home/lhl/nav2_ws/install/nav2_voxel_grid:/home/lhl/nav2_ws/install/nav2_msgs:/home/lhl/nav2_ws/install/nav2_common:/opt/ros/humble LD_LIBRARY_PATH=/home/lhl/nav2_ws/install/nav2_costmap_2d/lib:/home/lhl/nav2_ws/install/nav2_util/lib:/home/lhl/nav2_ws/install/nav2_voxel_grid/lib:/home/lhl/nav2_ws/install/nav2_msgs/lib:${LD_LIBRARY_PATH} PYTHONPATH=/home/lhl/nav2_ws/install/nav2_msgs/local/lib/python3.10/dist-packages:/home/lhl/nav2_ws/install/nav2_common/local/lib/python3.10/dist-packages:${PYTHONPATH} /usr/bin/cmake --install /home/lhl/nav2_ws/build/nav2_core
