[0.067s] Invoking command in '/home/lhl/nav2_ws/src/build/dwb_critics': AMENT_PREFIX_PATH=/home/lhl/nav2_ws/src/install/dwb_core:/home/lhl/nav2_ws/src/install/nav2_core:/home/lhl/nav2_ws/src/install/costmap_queue:/home/lhl/nav2_ws/src/install/nav2_costmap_2d:/home/lhl/nav2_ws/src/install/nav_2d_utils:/home/lhl/nav2_ws/src/install/nav2_util:/home/lhl/nav2_ws/src/install/nav2_voxel_grid:/home/lhl/nav2_ws/src/install/nav2_msgs:/home/lhl/nav2_ws/src/install/dwb_msgs:/home/lhl/nav2_ws/src/install/nav_2d_msgs:/home/lhl/nav2_ws/src/install/nav2_common:${AMENT_PREFIX_PATH} CMAKE_PREFIX_PATH=/home/lhl/nav2_ws/src/install/dwb_core:/home/lhl/nav2_ws/src/install/nav2_core:/home/lhl/nav2_ws/src/install/costmap_queue:/home/lhl/nav2_ws/src/install/nav2_costmap_2d:/home/lhl/nav2_ws/src/install/nav_2d_utils:/home/lhl/nav2_ws/src/install/nav2_util:/home/lhl/nav2_ws/src/install/nav2_voxel_grid:/home/lhl/nav2_ws/src/install/nav2_msgs:/home/lhl/nav2_ws/src/install/dwb_msgs:/home/lhl/nav2_ws/src/install/nav_2d_msgs:/home/lhl/nav2_ws/src/install/nav2_common:/opt/ros/humble LD_LIBRARY_PATH=/home/lhl/nav2_ws/src/install/dwb_core/lib:/home/lhl/nav2_ws/src/install/costmap_queue/lib:/home/lhl/nav2_ws/src/install/nav2_costmap_2d/lib:/home/lhl/nav2_ws/src/install/nav_2d_utils/lib:/home/lhl/nav2_ws/src/install/nav2_util/lib:/home/lhl/nav2_ws/src/install/nav2_voxel_grid/lib:/home/lhl/nav2_ws/src/install/nav2_msgs/lib:/home/lhl/nav2_ws/src/install/dwb_msgs/lib:/home/lhl/nav2_ws/src/install/nav_2d_msgs/lib:${LD_LIBRARY_PATH} PYTHONPATH=/home/lhl/nav2_ws/src/install/nav2_msgs/local/lib/python3.10/dist-packages:/home/lhl/nav2_ws/src/install/dwb_msgs/local/lib/python3.10/dist-packages:/home/lhl/nav2_ws/src/install/nav_2d_msgs/local/lib/python3.10/dist-packages:/home/lhl/nav2_ws/src/install/nav2_common/local/lib/python3.10/dist-packages:${PYTHONPATH} /usr/bin/cmake --build /home/lhl/nav2_ws/src/build/dwb_critics -- -j8 -l8
[0.198s] [35m[1mConsolidate compiler generated dependencies of target gtest_main[0m
[0.216s] [35m[1mConsolidate compiler generated dependencies of target dwb_critics[0m
[0.230s] [35m[1mConsolidate compiler generated dependencies of target gtest[0m
[0.262s] [  7%] Built target gtest_main
[0.274s] [ 14%] Built target gtest
[0.319s] [ 62%] Built target dwb_critics
[0.372s] [35m[1mConsolidate compiler generated dependencies of target alignment_util_tests[0m
[0.408s] [35m[1mConsolidate compiler generated dependencies of target prefer_forward_tests[0m
[0.408s] [35m[1mConsolidate compiler generated dependencies of target obstacle_footprint_tests[0m
[0.417s] [35m[1mConsolidate compiler generated dependencies of target base_obstacle_tests[0m
[0.430s] [ 70%] Built target alignment_util_tests
[0.447s] [35m[1mConsolidate compiler generated dependencies of target twirling_tests[0m
[0.468s] [ 77%] Built target prefer_forward_tests
[0.486s] [ 85%] Built target base_obstacle_tests
[0.487s] [ 92%] Built target obstacle_footprint_tests
[0.494s] [100%] Built target twirling_tests
[0.531s] Invoked command in '/home/lhl/nav2_ws/src/build/dwb_critics' returned '0': AMENT_PREFIX_PATH=/home/lhl/nav2_ws/src/install/dwb_core:/home/lhl/nav2_ws/src/install/nav2_core:/home/lhl/nav2_ws/src/install/costmap_queue:/home/lhl/nav2_ws/src/install/nav2_costmap_2d:/home/lhl/nav2_ws/src/install/nav_2d_utils:/home/lhl/nav2_ws/src/install/nav2_util:/home/lhl/nav2_ws/src/install/nav2_voxel_grid:/home/lhl/nav2_ws/src/install/nav2_msgs:/home/lhl/nav2_ws/src/install/dwb_msgs:/home/lhl/nav2_ws/src/install/nav_2d_msgs:/home/lhl/nav2_ws/src/install/nav2_common:${AMENT_PREFIX_PATH} CMAKE_PREFIX_PATH=/home/lhl/nav2_ws/src/install/dwb_core:/home/lhl/nav2_ws/src/install/nav2_core:/home/lhl/nav2_ws/src/install/costmap_queue:/home/lhl/nav2_ws/src/install/nav2_costmap_2d:/home/lhl/nav2_ws/src/install/nav_2d_utils:/home/lhl/nav2_ws/src/install/nav2_util:/home/lhl/nav2_ws/src/install/nav2_voxel_grid:/home/lhl/nav2_ws/src/install/nav2_msgs:/home/lhl/nav2_ws/src/install/dwb_msgs:/home/lhl/nav2_ws/src/install/nav_2d_msgs:/home/lhl/nav2_ws/src/install/nav2_common:/opt/ros/humble LD_LIBRARY_PATH=/home/lhl/nav2_ws/src/install/dwb_core/lib:/home/lhl/nav2_ws/src/install/costmap_queue/lib:/home/lhl/nav2_ws/src/install/nav2_costmap_2d/lib:/home/lhl/nav2_ws/src/install/nav_2d_utils/lib:/home/lhl/nav2_ws/src/install/nav2_util/lib:/home/lhl/nav2_ws/src/install/nav2_voxel_grid/lib:/home/lhl/nav2_ws/src/install/nav2_msgs/lib:/home/lhl/nav2_ws/src/install/dwb_msgs/lib:/home/lhl/nav2_ws/src/install/nav_2d_msgs/lib:${LD_LIBRARY_PATH} PYTHONPATH=/home/lhl/nav2_ws/src/install/nav2_msgs/local/lib/python3.10/dist-packages:/home/lhl/nav2_ws/src/install/dwb_msgs/local/lib/python3.10/dist-packages:/home/lhl/nav2_ws/src/install/nav_2d_msgs/local/lib/python3.10/dist-packages:/home/lhl/nav2_ws/src/install/nav2_common/local/lib/python3.10/dist-packages:${PYTHONPATH} /usr/bin/cmake --build /home/lhl/nav2_ws/src/build/dwb_critics -- -j8 -l8
[0.680s] Invoking command in '/home/lhl/nav2_ws/src/build/dwb_critics': AMENT_PREFIX_PATH=/home/lhl/nav2_ws/src/install/dwb_core:/home/lhl/nav2_ws/src/install/nav2_core:/home/lhl/nav2_ws/src/install/costmap_queue:/home/lhl/nav2_ws/src/install/nav2_costmap_2d:/home/lhl/nav2_ws/src/install/nav_2d_utils:/home/lhl/nav2_ws/src/install/nav2_util:/home/lhl/nav2_ws/src/install/nav2_voxel_grid:/home/lhl/nav2_ws/src/install/nav2_msgs:/home/lhl/nav2_ws/src/install/dwb_msgs:/home/lhl/nav2_ws/src/install/nav_2d_msgs:/home/lhl/nav2_ws/src/install/nav2_common:${AMENT_PREFIX_PATH} CMAKE_PREFIX_PATH=/home/lhl/nav2_ws/src/install/dwb_core:/home/lhl/nav2_ws/src/install/nav2_core:/home/lhl/nav2_ws/src/install/costmap_queue:/home/lhl/nav2_ws/src/install/nav2_costmap_2d:/home/lhl/nav2_ws/src/install/nav_2d_utils:/home/lhl/nav2_ws/src/install/nav2_util:/home/lhl/nav2_ws/src/install/nav2_voxel_grid:/home/lhl/nav2_ws/src/install/nav2_msgs:/home/lhl/nav2_ws/src/install/dwb_msgs:/home/lhl/nav2_ws/src/install/nav_2d_msgs:/home/lhl/nav2_ws/src/install/nav2_common:/opt/ros/humble LD_LIBRARY_PATH=/home/lhl/nav2_ws/src/install/dwb_core/lib:/home/lhl/nav2_ws/src/install/costmap_queue/lib:/home/lhl/nav2_ws/src/install/nav2_costmap_2d/lib:/home/lhl/nav2_ws/src/install/nav_2d_utils/lib:/home/lhl/nav2_ws/src/install/nav2_util/lib:/home/lhl/nav2_ws/src/install/nav2_voxel_grid/lib:/home/lhl/nav2_ws/src/install/nav2_msgs/lib:/home/lhl/nav2_ws/src/install/dwb_msgs/lib:/home/lhl/nav2_ws/src/install/nav_2d_msgs/lib:${LD_LIBRARY_PATH} PYTHONPATH=/home/lhl/nav2_ws/src/install/nav2_msgs/local/lib/python3.10/dist-packages:/home/lhl/nav2_ws/src/install/dwb_msgs/local/lib/python3.10/dist-packages:/home/lhl/nav2_ws/src/install/nav_2d_msgs/local/lib/python3.10/dist-packages:/home/lhl/nav2_ws/src/install/nav2_common/local/lib/python3.10/dist-packages:${PYTHONPATH} /usr/bin/cmake --install /home/lhl/nav2_ws/src/build/dwb_critics
[0.727s] -- Install configuration: "Release"
[0.727s] -- Up-to-date: /home/lhl/nav2_ws/src/install/dwb_critics/lib/libdwb_critics.so
[0.727s] -- Up-to-date: /home/lhl/nav2_ws/src/install/dwb_critics/include/
[0.727s] -- Up-to-date: /home/lhl/nav2_ws/src/install/dwb_critics/include//dwb_critics
[0.728s] -- Up-to-date: /home/lhl/nav2_ws/src/install/dwb_critics/include//dwb_critics/obstacle_footprint.hpp
[0.728s] -- Up-to-date: /home/lhl/nav2_ws/src/install/dwb_critics/include//dwb_critics/goal_align.hpp
[0.728s] -- Up-to-date: /home/lhl/nav2_ws/src/install/dwb_critics/include//dwb_critics/line_iterator.hpp
[0.728s] -- Up-to-date: /home/lhl/nav2_ws/src/install/dwb_critics/include//dwb_critics/twirling.hpp
[0.728s] -- Up-to-date: /home/lhl/nav2_ws/src/install/dwb_critics/include//dwb_critics/map_grid.hpp
[0.728s] -- Up-to-date: /home/lhl/nav2_ws/src/install/dwb_critics/include//dwb_critics/prefer_forward.hpp
[0.728s] -- Up-to-date: /home/lhl/nav2_ws/src/install/dwb_critics/include//dwb_critics/base_obstacle.hpp
[0.729s] -- Up-to-date: /home/lhl/nav2_ws/src/install/dwb_critics/include//dwb_critics/alignment_util.hpp
[0.732s] -- Up-to-date: /home/lhl/nav2_ws/src/install/dwb_critics/include//dwb_critics/path_align.hpp
[0.732s] -- Up-to-date: /home/lhl/nav2_ws/src/install/dwb_critics/include//dwb_critics/goal_dist.hpp
[0.733s] -- Up-to-date: /home/lhl/nav2_ws/src/install/dwb_critics/include//dwb_critics/rotate_to_goal.hpp
[0.733s] -- Up-to-date: /home/lhl/nav2_ws/src/install/dwb_critics/include//dwb_critics/oscillation.hpp
[0.733s] -- Up-to-date: /home/lhl/nav2_ws/src/install/dwb_critics/include//dwb_critics/path_dist.hpp
[0.733s] -- Up-to-date: /home/lhl/nav2_ws/src/install/dwb_critics/share/dwb_critics/default_critics.xml
[0.733s] -- Up-to-date: /home/lhl/nav2_ws/src/install/dwb_critics/share/dwb_critics/environment/library_path.sh
[0.734s] -- Up-to-date: /home/lhl/nav2_ws/src/install/dwb_critics/share/dwb_critics/environment/library_path.dsv
[0.734s] -- Up-to-date: /home/lhl/nav2_ws/src/install/dwb_critics/share/dwb_critics/default_critics.xml
[0.734s] -- Up-to-date: /home/lhl/nav2_ws/src/install/dwb_critics/share/ament_index/resource_index/package_run_dependencies/dwb_critics
[0.734s] -- Up-to-date: /home/lhl/nav2_ws/src/install/dwb_critics/share/ament_index/resource_index/parent_prefix_path/dwb_critics
[0.735s] -- Up-to-date: /home/lhl/nav2_ws/src/install/dwb_critics/share/dwb_critics/environment/ament_prefix_path.sh
[0.735s] -- Up-to-date: /home/lhl/nav2_ws/src/install/dwb_critics/share/dwb_critics/environment/ament_prefix_path.dsv
[0.735s] -- Up-to-date: /home/lhl/nav2_ws/src/install/dwb_critics/share/dwb_critics/environment/path.sh
[0.736s] -- Up-to-date: /home/lhl/nav2_ws/src/install/dwb_critics/share/dwb_critics/environment/path.dsv
[0.736s] -- Up-to-date: /home/lhl/nav2_ws/src/install/dwb_critics/share/dwb_critics/local_setup.bash
[0.736s] -- Up-to-date: /home/lhl/nav2_ws/src/install/dwb_critics/share/dwb_critics/local_setup.sh
[0.736s] -- Up-to-date: /home/lhl/nav2_ws/src/install/dwb_critics/share/dwb_critics/local_setup.zsh
[0.736s] -- Up-to-date: /home/lhl/nav2_ws/src/install/dwb_critics/share/dwb_critics/local_setup.dsv
[0.737s] -- Installing: /home/lhl/nav2_ws/src/install/dwb_critics/share/dwb_critics/package.dsv
[0.737s] -- Up-to-date: /home/lhl/nav2_ws/src/install/dwb_critics/share/ament_index/resource_index/packages/dwb_critics
[0.737s] -- Up-to-date: /home/lhl/nav2_ws/src/install/dwb_critics/share/ament_index/resource_index/dwb_core__pluginlib__plugin/dwb_critics
[0.737s] -- Up-to-date: /home/lhl/nav2_ws/src/install/dwb_critics/share/dwb_critics/cmake/ament_cmake_export_include_directories-extras.cmake
[0.737s] -- Up-to-date: /home/lhl/nav2_ws/src/install/dwb_critics/share/dwb_critics/cmake/ament_cmake_export_libraries-extras.cmake
[0.737s] -- Up-to-date: /home/lhl/nav2_ws/src/install/dwb_critics/share/dwb_critics/cmake/ament_cmake_export_dependencies-extras.cmake
[0.738s] -- Up-to-date: /home/lhl/nav2_ws/src/install/dwb_critics/share/dwb_critics/cmake/dwb_criticsConfig.cmake
[0.738s] -- Up-to-date: /home/lhl/nav2_ws/src/install/dwb_critics/share/dwb_critics/cmake/dwb_criticsConfig-version.cmake
[0.738s] -- Up-to-date: /home/lhl/nav2_ws/src/install/dwb_critics/share/dwb_critics/package.xml
[0.738s] Invoked command in '/home/lhl/nav2_ws/src/build/dwb_critics' returned '0': AMENT_PREFIX_PATH=/home/lhl/nav2_ws/src/install/dwb_core:/home/lhl/nav2_ws/src/install/nav2_core:/home/lhl/nav2_ws/src/install/costmap_queue:/home/lhl/nav2_ws/src/install/nav2_costmap_2d:/home/lhl/nav2_ws/src/install/nav_2d_utils:/home/lhl/nav2_ws/src/install/nav2_util:/home/lhl/nav2_ws/src/install/nav2_voxel_grid:/home/lhl/nav2_ws/src/install/nav2_msgs:/home/lhl/nav2_ws/src/install/dwb_msgs:/home/lhl/nav2_ws/src/install/nav_2d_msgs:/home/lhl/nav2_ws/src/install/nav2_common:${AMENT_PREFIX_PATH} CMAKE_PREFIX_PATH=/home/lhl/nav2_ws/src/install/dwb_core:/home/lhl/nav2_ws/src/install/nav2_core:/home/lhl/nav2_ws/src/install/costmap_queue:/home/lhl/nav2_ws/src/install/nav2_costmap_2d:/home/lhl/nav2_ws/src/install/nav_2d_utils:/home/lhl/nav2_ws/src/install/nav2_util:/home/lhl/nav2_ws/src/install/nav2_voxel_grid:/home/lhl/nav2_ws/src/install/nav2_msgs:/home/lhl/nav2_ws/src/install/dwb_msgs:/home/lhl/nav2_ws/src/install/nav_2d_msgs:/home/lhl/nav2_ws/src/install/nav2_common:/opt/ros/humble LD_LIBRARY_PATH=/home/lhl/nav2_ws/src/install/dwb_core/lib:/home/lhl/nav2_ws/src/install/costmap_queue/lib:/home/lhl/nav2_ws/src/install/nav2_costmap_2d/lib:/home/lhl/nav2_ws/src/install/nav_2d_utils/lib:/home/lhl/nav2_ws/src/install/nav2_util/lib:/home/lhl/nav2_ws/src/install/nav2_voxel_grid/lib:/home/lhl/nav2_ws/src/install/nav2_msgs/lib:/home/lhl/nav2_ws/src/install/dwb_msgs/lib:/home/lhl/nav2_ws/src/install/nav_2d_msgs/lib:${LD_LIBRARY_PATH} PYTHONPATH=/home/lhl/nav2_ws/src/install/nav2_msgs/local/lib/python3.10/dist-packages:/home/lhl/nav2_ws/src/install/dwb_msgs/local/lib/python3.10/dist-packages:/home/lhl/nav2_ws/src/install/nav_2d_msgs/local/lib/python3.10/dist-packages:/home/lhl/nav2_ws/src/install/nav2_common/local/lib/python3.10/dist-packages:${PYTHONPATH} /usr/bin/cmake --install /home/lhl/nav2_ws/src/build/dwb_critics
