[0.055s] Invoking command in '/home/lhl/nav2_ws/src/build/dwb_core': AMENT_PREFIX_PATH=/home/lhl/nav2_ws/src/install/nav2_core:/home/lhl/nav2_ws/src/install/nav2_costmap_2d:/home/lhl/nav2_ws/src/install/nav_2d_utils:/home/lhl/nav2_ws/src/install/nav2_util:/home/lhl/nav2_ws/src/install/nav2_voxel_grid:/home/lhl/nav2_ws/src/install/nav2_msgs:/home/lhl/nav2_ws/src/install/dwb_msgs:/home/lhl/nav2_ws/src/install/nav_2d_msgs:/home/lhl/nav2_ws/src/install/nav2_common:${AMENT_PREFIX_PATH} CMAKE_PREFIX_PATH=/home/lhl/nav2_ws/src/install/nav2_core:/home/lhl/nav2_ws/src/install/nav2_costmap_2d:/home/lhl/nav2_ws/src/install/nav_2d_utils:/home/lhl/nav2_ws/src/install/nav2_util:/home/lhl/nav2_ws/src/install/nav2_voxel_grid:/home/lhl/nav2_ws/src/install/nav2_msgs:/home/lhl/nav2_ws/src/install/dwb_msgs:/home/lhl/nav2_ws/src/install/nav_2d_msgs:/home/lhl/nav2_ws/src/install/nav2_common:/opt/ros/humble LD_LIBRARY_PATH=/home/lhl/nav2_ws/src/install/nav2_costmap_2d/lib:/home/lhl/nav2_ws/src/install/nav_2d_utils/lib:/home/lhl/nav2_ws/src/install/nav2_util/lib:/home/lhl/nav2_ws/src/install/nav2_voxel_grid/lib:/home/lhl/nav2_ws/src/install/nav2_msgs/lib:/home/lhl/nav2_ws/src/install/dwb_msgs/lib:/home/lhl/nav2_ws/src/install/nav_2d_msgs/lib:${LD_LIBRARY_PATH} PYTHONPATH=/home/lhl/nav2_ws/src/install/nav2_msgs/local/lib/python3.10/dist-packages:/home/lhl/nav2_ws/src/install/dwb_msgs/local/lib/python3.10/dist-packages:/home/lhl/nav2_ws/src/install/nav_2d_msgs/local/lib/python3.10/dist-packages:/home/lhl/nav2_ws/src/install/nav2_common/local/lib/python3.10/dist-packages:${PYTHONPATH} /usr/bin/cmake /home/lhl/nav2_ws/src/navigation2/nav2_dwb_controller/dwb_core -DCMAKE_INSTALL_PREFIX=/home/lhl/nav2_ws/src/install/dwb_core
[0.165s] -- The C compiler identification is GNU 11.3.0
[0.264s] -- The CXX compiler identification is GNU 11.3.0
[0.275s] -- Detecting C compiler ABI info
[0.579s] -- Detecting C compiler ABI info - done
[0.611s] -- Check for working C compiler: /usr/bin/cc - skipped
[0.612s] -- Detecting C compile features
[0.613s] -- Detecting C compile features - done
[0.618s] -- Detecting CXX compiler ABI info
[0.800s] -- Detecting CXX compiler ABI info - done
[0.817s] -- Check for working CXX compiler: /usr/bin/c++ - skipped
[0.818s] -- Detecting CXX compile features
[0.819s] -- Detecting CXX compile features - done
[0.824s] -- Found ament_cmake: 1.3.4 (/opt/ros/humble/share/ament_cmake/cmake)
[1.169s] -- Found Python3: /usr/bin/python3.10 (found version "3.10.6") found components: Interpreter 
[1.345s] -- Found nav2_common: 1.1.6 (/home/lhl/nav2_ws/src/install/nav2_common/share/nav2_common/cmake)
[1.350s] -- Found rclcpp: 16.0.4 (/opt/ros/humble/share/rclcpp/cmake)
[1.450s] -- Found rosidl_generator_c: 3.1.4 (/opt/ros/humble/share/rosidl_generator_c/cmake)
[1.462s] -- Found rosidl_adapter: 3.1.4 (/opt/ros/humble/share/rosidl_adapter/cmake)
[1.482s] -- Found rosidl_generator_cpp: 3.1.4 (/opt/ros/humble/share/rosidl_generator_cpp/cmake)
[1.519s] -- Using all available rosidl_typesupport_c: rosidl_typesupport_fastrtps_c;rosidl_typesupport_introspection_c
[1.563s] -- Using all available rosidl_typesupport_cpp: rosidl_typesupport_fastrtps_cpp;rosidl_typesupport_introspection_cpp
[1.736s] -- Found rmw_implementation_cmake: 6.1.1 (/opt/ros/humble/share/rmw_implementation_cmake/cmake)
[1.742s] -- Found rmw_fastrtps_cpp: 6.2.2 (/opt/ros/humble/share/rmw_fastrtps_cpp/cmake)
[1.934s] -- Found OpenSSL: /usr/lib/x86_64-linux-gnu/libcrypto.so (found version "3.0.2")  
[1.987s] -- Found FastRTPS: /opt/ros/humble/include  
[2.084s] -- Using RMW implementation 'rmw_fastrtps_cpp' as default
[2.117s] -- Looking for pthread.h
[2.249s] -- Looking for pthread.h - found
[2.250s] -- Performing Test CMAKE_HAVE_LIBC_PTHREAD
[2.409s] -- Performing Test CMAKE_HAVE_LIBC_PTHREAD - Success
[2.411s] -- Found Threads: TRUE  
[2.771s] -- Found geometry_msgs: 4.2.3 (/opt/ros/humble/share/geometry_msgs/cmake)
[2.895s] -- Found nav_2d_msgs: 1.1.6 (/home/lhl/nav2_ws/src/install/nav_2d_msgs/share/nav_2d_msgs/cmake)
[3.043s] -- Found dwb_msgs: 1.1.6 (/home/lhl/nav2_ws/src/install/dwb_msgs/share/dwb_msgs/cmake)
[3.513s] -- Found nav2_costmap_2d: 1.1.6 (/home/lhl/nav2_ws/src/install/nav2_costmap_2d/share/nav2_costmap_2d/cmake)
[5.330s] -- Found Eigen3: TRUE (found version "3.4.0") 
[5.545s] -- Ensuring Eigen3 include directory is part of orocos-kdl CMake target
[7.025s] -- Found nav_2d_utils: 1.1.6 (/home/lhl/nav2_ws/src/install/nav_2d_utils/share/nav_2d_utils/cmake)
[7.918s] -- Found nav2_core: 1.1.6 (/home/lhl/nav2_ws/src/install/nav2_core/share/nav2_core/cmake)
[9.427s] -- Setting build type to Release as none was specified.
[22.332s] -- Found ament_lint_auto: 0.12.6 (/opt/ros/humble/share/ament_lint_auto/cmake)
[22.495s] -- Found gtest sources under '/opt/ros/humble/src/gtest_vendor': C++ tests using 'Google Test' will be built
[22.522s] -- Added test 'cppcheck' to perform static code analysis on C / C++ code
[22.523s] -- Configured cppcheck include dirs: /home/lhl/nav2_ws/src/navigation2/nav2_dwb_controller/dwb_core/include
[22.523s] -- Configured cppcheck exclude dirs and/or files: 
[22.526s] -- Added test 'cpplint' to check C / C++ code against the Google style
[22.526s] -- Configured cpplint exclude dirs and/or files: 
[22.528s] -- Added test 'lint_cmake' to check CMake code style
[22.531s] -- Added test 'uncrustify' to check C / C++ code style
[22.532s] -- Configured uncrustify additional arguments: 
[22.533s] -- Added test 'xmllint' to check XML markup files
[22.550s] -- Configuring done
[22.830s] -- Generating done
[22.852s] -- Build files have been written to: /home/lhl/nav2_ws/src/build/dwb_core
[22.881s] Invoked command in '/home/lhl/nav2_ws/src/build/dwb_core' returned '0': AMENT_PREFIX_PATH=/home/lhl/nav2_ws/src/install/nav2_core:/home/lhl/nav2_ws/src/install/nav2_costmap_2d:/home/lhl/nav2_ws/src/install/nav_2d_utils:/home/lhl/nav2_ws/src/install/nav2_util:/home/lhl/nav2_ws/src/install/nav2_voxel_grid:/home/lhl/nav2_ws/src/install/nav2_msgs:/home/lhl/nav2_ws/src/install/dwb_msgs:/home/lhl/nav2_ws/src/install/nav_2d_msgs:/home/lhl/nav2_ws/src/install/nav2_common:${AMENT_PREFIX_PATH} CMAKE_PREFIX_PATH=/home/lhl/nav2_ws/src/install/nav2_core:/home/lhl/nav2_ws/src/install/nav2_costmap_2d:/home/lhl/nav2_ws/src/install/nav_2d_utils:/home/lhl/nav2_ws/src/install/nav2_util:/home/lhl/nav2_ws/src/install/nav2_voxel_grid:/home/lhl/nav2_ws/src/install/nav2_msgs:/home/lhl/nav2_ws/src/install/dwb_msgs:/home/lhl/nav2_ws/src/install/nav_2d_msgs:/home/lhl/nav2_ws/src/install/nav2_common:/opt/ros/humble LD_LIBRARY_PATH=/home/lhl/nav2_ws/src/install/nav2_costmap_2d/lib:/home/lhl/nav2_ws/src/install/nav_2d_utils/lib:/home/lhl/nav2_ws/src/install/nav2_util/lib:/home/lhl/nav2_ws/src/install/nav2_voxel_grid/lib:/home/lhl/nav2_ws/src/install/nav2_msgs/lib:/home/lhl/nav2_ws/src/install/dwb_msgs/lib:/home/lhl/nav2_ws/src/install/nav_2d_msgs/lib:${LD_LIBRARY_PATH} PYTHONPATH=/home/lhl/nav2_ws/src/install/nav2_msgs/local/lib/python3.10/dist-packages:/home/lhl/nav2_ws/src/install/dwb_msgs/local/lib/python3.10/dist-packages:/home/lhl/nav2_ws/src/install/nav_2d_msgs/local/lib/python3.10/dist-packages:/home/lhl/nav2_ws/src/install/nav2_common/local/lib/python3.10/dist-packages:${PYTHONPATH} /usr/bin/cmake /home/lhl/nav2_ws/src/navigation2/nav2_dwb_controller/dwb_core -DCMAKE_INSTALL_PREFIX=/home/lhl/nav2_ws/src/install/dwb_core
[22.882s] Invoking command in '/home/lhl/nav2_ws/src/build/dwb_core': AMENT_PREFIX_PATH=/home/lhl/nav2_ws/src/install/nav2_core:/home/lhl/nav2_ws/src/install/nav2_costmap_2d:/home/lhl/nav2_ws/src/install/nav_2d_utils:/home/lhl/nav2_ws/src/install/nav2_util:/home/lhl/nav2_ws/src/install/nav2_voxel_grid:/home/lhl/nav2_ws/src/install/nav2_msgs:/home/lhl/nav2_ws/src/install/dwb_msgs:/home/lhl/nav2_ws/src/install/nav_2d_msgs:/home/lhl/nav2_ws/src/install/nav2_common:${AMENT_PREFIX_PATH} CMAKE_PREFIX_PATH=/home/lhl/nav2_ws/src/install/nav2_core:/home/lhl/nav2_ws/src/install/nav2_costmap_2d:/home/lhl/nav2_ws/src/install/nav_2d_utils:/home/lhl/nav2_ws/src/install/nav2_util:/home/lhl/nav2_ws/src/install/nav2_voxel_grid:/home/lhl/nav2_ws/src/install/nav2_msgs:/home/lhl/nav2_ws/src/install/dwb_msgs:/home/lhl/nav2_ws/src/install/nav_2d_msgs:/home/lhl/nav2_ws/src/install/nav2_common:/opt/ros/humble LD_LIBRARY_PATH=/home/lhl/nav2_ws/src/install/nav2_costmap_2d/lib:/home/lhl/nav2_ws/src/install/nav_2d_utils/lib:/home/lhl/nav2_ws/src/install/nav2_util/lib:/home/lhl/nav2_ws/src/install/nav2_voxel_grid/lib:/home/lhl/nav2_ws/src/install/nav2_msgs/lib:/home/lhl/nav2_ws/src/install/dwb_msgs/lib:/home/lhl/nav2_ws/src/install/nav_2d_msgs/lib:${LD_LIBRARY_PATH} PYTHONPATH=/home/lhl/nav2_ws/src/install/nav2_msgs/local/lib/python3.10/dist-packages:/home/lhl/nav2_ws/src/install/dwb_msgs/local/lib/python3.10/dist-packages:/home/lhl/nav2_ws/src/install/nav_2d_msgs/local/lib/python3.10/dist-packages:/home/lhl/nav2_ws/src/install/nav2_common/local/lib/python3.10/dist-packages:${PYTHONPATH} /usr/bin/cmake --build /home/lhl/nav2_ws/src/build/dwb_core -- -j8 -l8
[26.172s] [  9%] [32mBuilding CXX object CMakeFiles/dwb_core.dir/src/dwb_local_planner.cpp.o[0m
[43.405s] [ 18%] [32mBuilding CXX object CMakeFiles/dwb_core.dir/src/trajectory_utils.cpp.o[0m
[48.112s] [ 27%] [32mBuilding CXX object CMakeFiles/dwb_core.dir/src/illegal_trajectory_tracker.cpp.o[0m
[49.559s] [ 36%] [32mBuilding CXX object CMakeFiles/dwb_core.dir/src/publisher.cpp.o[0m
[67.085s] [ 45%] [32m[1mLinking CXX shared library libdwb_core.so[0m
[67.720s] [ 45%] Built target dwb_core
[67.763s] [ 54%] [32mBuilding CXX object gtest/CMakeFiles/gtest.dir/src/gtest-all.cc.o[0m
[81.236s] [ 63%] [32m[1mLinking CXX static library libgtest.a[0m
[81.334s] [ 63%] Built target gtest
[81.367s] [ 72%] [32mBuilding CXX object gtest/CMakeFiles/gtest_main.dir/src/gtest_main.cc.o[0m
[83.067s] [ 81%] [32m[1mLinking CXX static library libgtest_main.a[0m
[83.113s] [ 81%] Built target gtest_main
[83.147s] [ 90%] [32mBuilding CXX object test/CMakeFiles/utils_test.dir/utils_test.cpp.o[0m
[89.709s] [100%] [32m[1mLinking CXX executable utils_test[0m
[90.165s] [100%] Built target utils_test
[90.183s] Invoked command in '/home/lhl/nav2_ws/src/build/dwb_core' returned '0': AMENT_PREFIX_PATH=/home/lhl/nav2_ws/src/install/nav2_core:/home/lhl/nav2_ws/src/install/nav2_costmap_2d:/home/lhl/nav2_ws/src/install/nav_2d_utils:/home/lhl/nav2_ws/src/install/nav2_util:/home/lhl/nav2_ws/src/install/nav2_voxel_grid:/home/lhl/nav2_ws/src/install/nav2_msgs:/home/lhl/nav2_ws/src/install/dwb_msgs:/home/lhl/nav2_ws/src/install/nav_2d_msgs:/home/lhl/nav2_ws/src/install/nav2_common:${AMENT_PREFIX_PATH} CMAKE_PREFIX_PATH=/home/lhl/nav2_ws/src/install/nav2_core:/home/lhl/nav2_ws/src/install/nav2_costmap_2d:/home/lhl/nav2_ws/src/install/nav_2d_utils:/home/lhl/nav2_ws/src/install/nav2_util:/home/lhl/nav2_ws/src/install/nav2_voxel_grid:/home/lhl/nav2_ws/src/install/nav2_msgs:/home/lhl/nav2_ws/src/install/dwb_msgs:/home/lhl/nav2_ws/src/install/nav_2d_msgs:/home/lhl/nav2_ws/src/install/nav2_common:/opt/ros/humble LD_LIBRARY_PATH=/home/lhl/nav2_ws/src/install/nav2_costmap_2d/lib:/home/lhl/nav2_ws/src/install/nav_2d_utils/lib:/home/lhl/nav2_ws/src/install/nav2_util/lib:/home/lhl/nav2_ws/src/install/nav2_voxel_grid/lib:/home/lhl/nav2_ws/src/install/nav2_msgs/lib:/home/lhl/nav2_ws/src/install/dwb_msgs/lib:/home/lhl/nav2_ws/src/install/nav_2d_msgs/lib:${LD_LIBRARY_PATH} PYTHONPATH=/home/lhl/nav2_ws/src/install/nav2_msgs/local/lib/python3.10/dist-packages:/home/lhl/nav2_ws/src/install/dwb_msgs/local/lib/python3.10/dist-packages:/home/lhl/nav2_ws/src/install/nav_2d_msgs/local/lib/python3.10/dist-packages:/home/lhl/nav2_ws/src/install/nav2_common/local/lib/python3.10/dist-packages:${PYTHONPATH} /usr/bin/cmake --build /home/lhl/nav2_ws/src/build/dwb_core -- -j8 -l8
[90.284s] Invoking command in '/home/lhl/nav2_ws/src/build/dwb_core': AMENT_PREFIX_PATH=/home/lhl/nav2_ws/src/install/nav2_core:/home/lhl/nav2_ws/src/install/nav2_costmap_2d:/home/lhl/nav2_ws/src/install/nav_2d_utils:/home/lhl/nav2_ws/src/install/nav2_util:/home/lhl/nav2_ws/src/install/nav2_voxel_grid:/home/lhl/nav2_ws/src/install/nav2_msgs:/home/lhl/nav2_ws/src/install/dwb_msgs:/home/lhl/nav2_ws/src/install/nav_2d_msgs:/home/lhl/nav2_ws/src/install/nav2_common:${AMENT_PREFIX_PATH} CMAKE_PREFIX_PATH=/home/lhl/nav2_ws/src/install/nav2_core:/home/lhl/nav2_ws/src/install/nav2_costmap_2d:/home/lhl/nav2_ws/src/install/nav_2d_utils:/home/lhl/nav2_ws/src/install/nav2_util:/home/lhl/nav2_ws/src/install/nav2_voxel_grid:/home/lhl/nav2_ws/src/install/nav2_msgs:/home/lhl/nav2_ws/src/install/dwb_msgs:/home/lhl/nav2_ws/src/install/nav_2d_msgs:/home/lhl/nav2_ws/src/install/nav2_common:/opt/ros/humble LD_LIBRARY_PATH=/home/lhl/nav2_ws/src/install/nav2_costmap_2d/lib:/home/lhl/nav2_ws/src/install/nav_2d_utils/lib:/home/lhl/nav2_ws/src/install/nav2_util/lib:/home/lhl/nav2_ws/src/install/nav2_voxel_grid/lib:/home/lhl/nav2_ws/src/install/nav2_msgs/lib:/home/lhl/nav2_ws/src/install/dwb_msgs/lib:/home/lhl/nav2_ws/src/install/nav_2d_msgs/lib:${LD_LIBRARY_PATH} PYTHONPATH=/home/lhl/nav2_ws/src/install/nav2_msgs/local/lib/python3.10/dist-packages:/home/lhl/nav2_ws/src/install/dwb_msgs/local/lib/python3.10/dist-packages:/home/lhl/nav2_ws/src/install/nav_2d_msgs/local/lib/python3.10/dist-packages:/home/lhl/nav2_ws/src/install/nav2_common/local/lib/python3.10/dist-packages:${PYTHONPATH} /usr/bin/cmake --install /home/lhl/nav2_ws/src/build/dwb_core
[105.226s] -- Install configuration: "Release"
[105.226s] -- Installing: /home/lhl/nav2_ws/src/install/dwb_core/lib/libdwb_core.so
[105.226s] -- Set runtime path of "/home/lhl/nav2_ws/src/install/dwb_core/lib/libdwb_core.so" to ""
[105.227s] -- Installing: /home/lhl/nav2_ws/src/install/dwb_core/include/
[105.227s] -- Installing: /home/lhl/nav2_ws/src/install/dwb_core/include//dwb_core
[105.227s] -- Installing: /home/lhl/nav2_ws/src/install/dwb_core/include//dwb_core/trajectory_utils.hpp
[105.227s] -- Installing: /home/lhl/nav2_ws/src/install/dwb_core/include//dwb_core/publisher.hpp
[105.227s] -- Installing: /home/lhl/nav2_ws/src/install/dwb_core/include//dwb_core/illegal_trajectory_tracker.hpp
[105.227s] -- Installing: /home/lhl/nav2_ws/src/install/dwb_core/include//dwb_core/exceptions.hpp
[105.227s] -- Installing: /home/lhl/nav2_ws/src/install/dwb_core/include//dwb_core/trajectory_critic.hpp
[105.227s] -- Installing: /home/lhl/nav2_ws/src/install/dwb_core/include//dwb_core/dwb_local_planner.hpp
[105.228s] -- Installing: /home/lhl/nav2_ws/src/install/dwb_core/include//dwb_core/trajectory_generator.hpp
[105.228s] -- Installing: /home/lhl/nav2_ws/src/install/dwb_core/share/dwb_core/environment/library_path.sh
[105.228s] -- Installing: /home/lhl/nav2_ws/src/install/dwb_core/share/dwb_core/environment/library_path.dsv
[105.228s] -- Installing: /home/lhl/nav2_ws/src/install/dwb_core/share/dwb_core/local_planner_plugin.xml
[105.228s] -- Installing: /home/lhl/nav2_ws/src/install/dwb_core/share/ament_index/resource_index/package_run_dependencies/dwb_core
[105.228s] -- Installing: /home/lhl/nav2_ws/src/install/dwb_core/share/ament_index/resource_index/parent_prefix_path/dwb_core
[105.228s] -- Installing: /home/lhl/nav2_ws/src/install/dwb_core/share/dwb_core/environment/ament_prefix_path.sh
[105.228s] -- Installing: /home/lhl/nav2_ws/src/install/dwb_core/share/dwb_core/environment/ament_prefix_path.dsv
[105.228s] -- Installing: /home/lhl/nav2_ws/src/install/dwb_core/share/dwb_core/environment/path.sh
[105.229s] -- Installing: /home/lhl/nav2_ws/src/install/dwb_core/share/dwb_core/environment/path.dsv
[105.229s] -- Installing: /home/lhl/nav2_ws/src/install/dwb_core/share/dwb_core/local_setup.bash
[105.229s] -- Installing: /home/lhl/nav2_ws/src/install/dwb_core/share/dwb_core/local_setup.sh
[105.229s] -- Installing: /home/lhl/nav2_ws/src/install/dwb_core/share/dwb_core/local_setup.zsh
[105.229s] -- Installing: /home/lhl/nav2_ws/src/install/dwb_core/share/dwb_core/local_setup.dsv
[105.229s] -- Installing: /home/lhl/nav2_ws/src/install/dwb_core/share/dwb_core/package.dsv
[105.229s] -- Installing: /home/lhl/nav2_ws/src/install/dwb_core/share/ament_index/resource_index/packages/dwb_core
[105.229s] -- Installing: /home/lhl/nav2_ws/src/install/dwb_core/share/ament_index/resource_index/nav2_core__pluginlib__plugin/dwb_core
[105.229s] -- Installing: /home/lhl/nav2_ws/src/install/dwb_core/share/dwb_core/cmake/ament_cmake_export_include_directories-extras.cmake
[105.230s] -- Installing: /home/lhl/nav2_ws/src/install/dwb_core/share/dwb_core/cmake/ament_cmake_export_libraries-extras.cmake
[105.230s] -- Installing: /home/lhl/nav2_ws/src/install/dwb_core/share/dwb_core/cmake/ament_cmake_export_dependencies-extras.cmake
[105.230s] -- Installing: /home/lhl/nav2_ws/src/install/dwb_core/share/dwb_core/cmake/dwb_coreConfig.cmake
[105.230s] -- Installing: /home/lhl/nav2_ws/src/install/dwb_core/share/dwb_core/cmake/dwb_coreConfig-version.cmake
[105.230s] -- Installing: /home/lhl/nav2_ws/src/install/dwb_core/share/dwb_core/package.xml
[105.256s] Invoked command in '/home/lhl/nav2_ws/src/build/dwb_core' returned '0': AMENT_PREFIX_PATH=/home/lhl/nav2_ws/src/install/nav2_core:/home/lhl/nav2_ws/src/install/nav2_costmap_2d:/home/lhl/nav2_ws/src/install/nav_2d_utils:/home/lhl/nav2_ws/src/install/nav2_util:/home/lhl/nav2_ws/src/install/nav2_voxel_grid:/home/lhl/nav2_ws/src/install/nav2_msgs:/home/lhl/nav2_ws/src/install/dwb_msgs:/home/lhl/nav2_ws/src/install/nav_2d_msgs:/home/lhl/nav2_ws/src/install/nav2_common:${AMENT_PREFIX_PATH} CMAKE_PREFIX_PATH=/home/lhl/nav2_ws/src/install/nav2_core:/home/lhl/nav2_ws/src/install/nav2_costmap_2d:/home/lhl/nav2_ws/src/install/nav_2d_utils:/home/lhl/nav2_ws/src/install/nav2_util:/home/lhl/nav2_ws/src/install/nav2_voxel_grid:/home/lhl/nav2_ws/src/install/nav2_msgs:/home/lhl/nav2_ws/src/install/dwb_msgs:/home/lhl/nav2_ws/src/install/nav_2d_msgs:/home/lhl/nav2_ws/src/install/nav2_common:/opt/ros/humble LD_LIBRARY_PATH=/home/lhl/nav2_ws/src/install/nav2_costmap_2d/lib:/home/lhl/nav2_ws/src/install/nav_2d_utils/lib:/home/lhl/nav2_ws/src/install/nav2_util/lib:/home/lhl/nav2_ws/src/install/nav2_voxel_grid/lib:/home/lhl/nav2_ws/src/install/nav2_msgs/lib:/home/lhl/nav2_ws/src/install/dwb_msgs/lib:/home/lhl/nav2_ws/src/install/nav_2d_msgs/lib:${LD_LIBRARY_PATH} PYTHONPATH=/home/lhl/nav2_ws/src/install/nav2_msgs/local/lib/python3.10/dist-packages:/home/lhl/nav2_ws/src/install/dwb_msgs/local/lib/python3.10/dist-packages:/home/lhl/nav2_ws/src/install/nav_2d_msgs/local/lib/python3.10/dist-packages:/home/lhl/nav2_ws/src/install/nav2_common/local/lib/python3.10/dist-packages:${PYTHONPATH} /usr/bin/cmake --install /home/lhl/nav2_ws/src/build/dwb_core
