[0.023s] Invoking command in '/home/lhl/nav2_ws/build/nav2_velocity_smoother': AMENT_PREFIX_PATH=/home/lhl/nav2_ws/install/nav2_util:/home/lhl/nav2_ws/install/nav2_msgs:/home/lhl/nav2_ws/install/nav2_common:${AMENT_PREFIX_PATH} CMAKE_PREFIX_PATH=/home/lhl/nav2_ws/install/nav2_util:/home/lhl/nav2_ws/install/nav2_msgs:/home/lhl/nav2_ws/install/nav2_common:/opt/ros/humble LD_LIBRARY_PATH=/home/lhl/nav2_ws/install/nav2_util/lib:/home/lhl/nav2_ws/install/nav2_msgs/lib:${LD_LIBRARY_PATH} PYTHONPATH=/home/lhl/nav2_ws/install/nav2_msgs/local/lib/python3.10/dist-packages:/home/lhl/nav2_ws/install/nav2_common/local/lib/python3.10/dist-packages:${PYTHONPATH} /usr/bin/cmake /home/lhl/nav2_ws/src/navigation2/nav2_velocity_smoother -DAMENT_CMAKE_SYMLINK_INSTALL=1 -DCMAKE_INSTALL_PREFIX=/home/lhl/nav2_ws/install/nav2_velocity_smoother
[0.089s] -- The C compiler identification is GNU 11.3.0
[0.163s] -- The CXX compiler identification is GNU 11.3.0
[0.173s] -- Detecting C compiler ABI info
[0.381s] -- Detecting C compiler ABI info - done
[0.391s] -- Check for working C compiler: /usr/bin/cc - skipped
[0.391s] -- Detecting C compile features
[0.392s] -- Detecting C compile features - done
[0.395s] -- Detecting CXX compiler ABI info
[0.490s] -- Detecting CXX compiler ABI info - done
[0.502s] -- Check for working CXX compiler: /usr/bin/c++ - skipped
[0.502s] -- Detecting CXX compile features
[0.503s] -- Detecting CXX compile features - done
[0.505s] -- Found ament_cmake: 1.3.4 (/opt/ros/humble/share/ament_cmake/cmake)
[0.712s] -- Found Python3: /usr/bin/python3.10 (found version "3.10.6") found components: Interpreter 
[0.797s] -- Override CMake install command with custom implementation using symlinks instead of copying resources
[0.836s] -- Found nav2_common: 1.1.6 (/home/lhl/nav2_ws/install/nav2_common/share/nav2_common/cmake)
[0.839s] -- Found rclcpp: 16.0.4 (/opt/ros/humble/share/rclcpp/cmake)
[0.894s] -- Found rosidl_generator_c: 3.1.4 (/opt/ros/humble/share/rosidl_generator_c/cmake)
[0.899s] -- Found rosidl_adapter: 3.1.4 (/opt/ros/humble/share/rosidl_adapter/cmake)
[0.908s] -- Found rosidl_generator_cpp: 3.1.4 (/opt/ros/humble/share/rosidl_generator_cpp/cmake)
[0.922s] -- Using all available rosidl_typesupport_c: rosidl_typesupport_fastrtps_c;rosidl_typesupport_introspection_c
[0.942s] -- Using all available rosidl_typesupport_cpp: rosidl_typesupport_fastrtps_cpp;rosidl_typesupport_introspection_cpp
[1.014s] -- Found rmw_implementation_cmake: 6.1.1 (/opt/ros/humble/share/rmw_implementation_cmake/cmake)
[1.017s] -- Found rmw_fastrtps_cpp: 6.2.2 (/opt/ros/humble/share/rmw_fastrtps_cpp/cmake)
[1.109s] -- Found OpenSSL: /usr/lib/x86_64-linux-gnu/libcrypto.so (found version "3.0.2")  
[1.139s] -- Found FastRTPS: /opt/ros/humble/include  
[1.208s] -- Using RMW implementation 'rmw_fastrtps_cpp' as default
[1.224s] -- Looking for pthread.h
[1.314s] -- Looking for pthread.h - found
[1.315s] -- Performing Test CMAKE_HAVE_LIBC_PTHREAD
[1.400s] -- Performing Test CMAKE_HAVE_LIBC_PTHREAD - Success
[1.401s] -- Found Threads: TRUE  
[1.686s] -- Found rclcpp_components: 16.0.4 (/opt/ros/humble/share/rclcpp_components/cmake)
[1.807s] -- Found geometry_msgs: 4.2.3 (/opt/ros/humble/share/geometry_msgs/cmake)
[1.884s] -- Found nav2_util: 1.1.6 (/home/lhl/nav2_ws/install/nav2_util/share/nav2_util/cmake)
[2.861s] -- Found eigen3_cmake_module: 0.1.1 (/opt/ros/humble/share/eigen3_cmake_module/cmake)
[2.863s] -- Found Eigen3: TRUE (found version "3.4.0") 
[2.863s] -- Ensuring Eigen3 include directory is part of orocos-kdl CMake target
[3.181s] -- Setting build type to Release as none was specified.
[4.253s] -- Found ament_lint_auto: 0.12.6 (/opt/ros/humble/share/ament_lint_auto/cmake)
[4.483s] -- Found gtest sources under '/opt/ros/humble/src/gtest_vendor': C++ tests using 'Google Test' will be built
[5.138s] -- Added test 'cppcheck' to perform static code analysis on C / C++ code
[5.139s] -- Configured cppcheck include dirs: /home/lhl/nav2_ws/src/navigation2/nav2_velocity_smoother/include
[5.139s] -- Configured cppcheck exclude dirs and/or files: 
[5.141s] -- Added test 'cpplint' to check C / C++ code against the Google style
[5.141s] -- Configured cpplint exclude dirs and/or files: 
[5.142s] -- Added test 'lint_cmake' to check CMake code style
[5.144s] -- Added test 'uncrustify' to check C / C++ code style
[5.144s] -- Configured uncrustify additional arguments: 
[5.145s] -- Added test 'xmllint' to check XML markup files
[5.215s] -- Configuring done
[5.510s] -- Generating done
[5.514s] -- Build files have been written to: /home/lhl/nav2_ws/build/nav2_velocity_smoother
[5.544s] Invoked command in '/home/lhl/nav2_ws/build/nav2_velocity_smoother' returned '0': AMENT_PREFIX_PATH=/home/lhl/nav2_ws/install/nav2_util:/home/lhl/nav2_ws/install/nav2_msgs:/home/lhl/nav2_ws/install/nav2_common:${AMENT_PREFIX_PATH} CMAKE_PREFIX_PATH=/home/lhl/nav2_ws/install/nav2_util:/home/lhl/nav2_ws/install/nav2_msgs:/home/lhl/nav2_ws/install/nav2_common:/opt/ros/humble LD_LIBRARY_PATH=/home/lhl/nav2_ws/install/nav2_util/lib:/home/lhl/nav2_ws/install/nav2_msgs/lib:${LD_LIBRARY_PATH} PYTHONPATH=/home/lhl/nav2_ws/install/nav2_msgs/local/lib/python3.10/dist-packages:/home/lhl/nav2_ws/install/nav2_common/local/lib/python3.10/dist-packages:${PYTHONPATH} /usr/bin/cmake /home/lhl/nav2_ws/src/navigation2/nav2_velocity_smoother -DAMENT_CMAKE_SYMLINK_INSTALL=1 -DCMAKE_INSTALL_PREFIX=/home/lhl/nav2_ws/install/nav2_velocity_smoother
[5.545s] Invoking command in '/home/lhl/nav2_ws/build/nav2_velocity_smoother': AMENT_PREFIX_PATH=/home/lhl/nav2_ws/install/nav2_util:/home/lhl/nav2_ws/install/nav2_msgs:/home/lhl/nav2_ws/install/nav2_common:${AMENT_PREFIX_PATH} CMAKE_PREFIX_PATH=/home/lhl/nav2_ws/install/nav2_util:/home/lhl/nav2_ws/install/nav2_msgs:/home/lhl/nav2_ws/install/nav2_common:/opt/ros/humble LD_LIBRARY_PATH=/home/lhl/nav2_ws/install/nav2_util/lib:/home/lhl/nav2_ws/install/nav2_msgs/lib:${LD_LIBRARY_PATH} PYTHONPATH=/home/lhl/nav2_ws/install/nav2_msgs/local/lib/python3.10/dist-packages:/home/lhl/nav2_ws/install/nav2_common/local/lib/python3.10/dist-packages:${PYTHONPATH} /usr/bin/cmake --build /home/lhl/nav2_ws/build/nav2_velocity_smoother -- -j8 -l8
[5.747s] [ 10%] [32mBuilding CXX object CMakeFiles/velocity_smoother_core.dir/src/velocity_smoother.cpp.o[0m
[5.751s] [ 20%] [32mBuilding CXX object gtest/CMakeFiles/gtest_main.dir/src/gtest_main.cc.o[0m
[5.786s] [ 30%] [32mBuilding CXX object gtest/CMakeFiles/gtest.dir/src/gtest-all.cc.o[0m
[7.922s] [ 40%] [32m[1mLinking CXX static library libgtest_main.a[0m
[8.074s] [ 40%] Built target gtest_main
[24.799s] [ 50%] [32m[1mLinking CXX static library libgtest.a[0m
[25.023s] [ 50%] Built target gtest
[34.751s] [ 60%] [32m[1mLinking CXX shared library libvelocity_smoother_core.so[0m
[35.244s] [ 60%] Built target velocity_smoother_core
[35.353s] [ 70%] [32mBuilding CXX object CMakeFiles/velocity_smoother.dir/src/main.cpp.o[0m
[39.806s] [ 80%] [32m[1mLinking CXX executable velocity_smoother[0m
[40.039s] [ 80%] Built target velocity_smoother
[40.058s] [ 90%] [32mBuilding CXX object test/CMakeFiles/velocity_smoother_tests.dir/test_velocity_smoother.cpp.o[0m
[57.337s] [100%] [32m[1mLinking CXX executable velocity_smoother_tests[0m
[57.796s] [100%] Built target velocity_smoother_tests
[57.809s] Invoked command in '/home/lhl/nav2_ws/build/nav2_velocity_smoother' returned '0': AMENT_PREFIX_PATH=/home/lhl/nav2_ws/install/nav2_util:/home/lhl/nav2_ws/install/nav2_msgs:/home/lhl/nav2_ws/install/nav2_common:${AMENT_PREFIX_PATH} CMAKE_PREFIX_PATH=/home/lhl/nav2_ws/install/nav2_util:/home/lhl/nav2_ws/install/nav2_msgs:/home/lhl/nav2_ws/install/nav2_common:/opt/ros/humble LD_LIBRARY_PATH=/home/lhl/nav2_ws/install/nav2_util/lib:/home/lhl/nav2_ws/install/nav2_msgs/lib:${LD_LIBRARY_PATH} PYTHONPATH=/home/lhl/nav2_ws/install/nav2_msgs/local/lib/python3.10/dist-packages:/home/lhl/nav2_ws/install/nav2_common/local/lib/python3.10/dist-packages:${PYTHONPATH} /usr/bin/cmake --build /home/lhl/nav2_ws/build/nav2_velocity_smoother -- -j8 -l8
[57.845s] Invoking command in '/home/lhl/nav2_ws/build/nav2_velocity_smoother': AMENT_PREFIX_PATH=/home/lhl/nav2_ws/install/nav2_util:/home/lhl/nav2_ws/install/nav2_msgs:/home/lhl/nav2_ws/install/nav2_common:${AMENT_PREFIX_PATH} CMAKE_PREFIX_PATH=/home/lhl/nav2_ws/install/nav2_util:/home/lhl/nav2_ws/install/nav2_msgs:/home/lhl/nav2_ws/install/nav2_common:/opt/ros/humble LD_LIBRARY_PATH=/home/lhl/nav2_ws/install/nav2_util/lib:/home/lhl/nav2_ws/install/nav2_msgs/lib:${LD_LIBRARY_PATH} PYTHONPATH=/home/lhl/nav2_ws/install/nav2_msgs/local/lib/python3.10/dist-packages:/home/lhl/nav2_ws/install/nav2_common/local/lib/python3.10/dist-packages:${PYTHONPATH} /usr/bin/cmake --install /home/lhl/nav2_ws/build/nav2_velocity_smoother
[57.854s] -- Install configuration: "Release"
[57.854s] -- Execute custom install script
[57.855s] -- Symlinking: /home/lhl/nav2_ws/install/nav2_velocity_smoother/lib/libvelocity_smoother_core.so
[57.866s] -- Symlinking: /home/lhl/nav2_ws/install/nav2_velocity_smoother/lib/nav2_velocity_smoother/velocity_smoother
[57.876s] -- Symlinking: /home/lhl/nav2_ws/install/nav2_velocity_smoother/include//nav2_velocity_smoother/velocity_smoother.hpp
[57.887s] -- Symlinking: /home/lhl/nav2_ws/install/nav2_velocity_smoother/share/nav2_velocity_smoother/environment/library_path.sh
[57.898s] -- Symlinking: /home/lhl/nav2_ws/install/nav2_velocity_smoother/share/nav2_velocity_smoother/environment/library_path.dsv
[57.908s] -- Symlinking: /home/lhl/nav2_ws/install/nav2_velocity_smoother/share/ament_index/resource_index/package_run_dependencies/nav2_velocity_smoother
[57.920s] -- Symlinking: /home/lhl/nav2_ws/install/nav2_velocity_smoother/share/ament_index/resource_index/parent_prefix_path/nav2_velocity_smoother
[57.930s] -- Symlinking: /home/lhl/nav2_ws/install/nav2_velocity_smoother/share/nav2_velocity_smoother/environment/ament_prefix_path.sh
[57.941s] -- Symlinking: /home/lhl/nav2_ws/install/nav2_velocity_smoother/share/nav2_velocity_smoother/environment/ament_prefix_path.dsv
[57.951s] -- Symlinking: /home/lhl/nav2_ws/install/nav2_velocity_smoother/share/nav2_velocity_smoother/environment/path.sh
[57.962s] -- Symlinking: /home/lhl/nav2_ws/install/nav2_velocity_smoother/share/nav2_velocity_smoother/environment/path.dsv
[57.972s] -- Symlinking: /home/lhl/nav2_ws/install/nav2_velocity_smoother/share/nav2_velocity_smoother/local_setup.bash
[57.983s] -- Symlinking: /home/lhl/nav2_ws/install/nav2_velocity_smoother/share/nav2_velocity_smoother/local_setup.sh
[57.993s] -- Symlinking: /home/lhl/nav2_ws/install/nav2_velocity_smoother/share/nav2_velocity_smoother/local_setup.zsh
[58.004s] -- Symlinking: /home/lhl/nav2_ws/install/nav2_velocity_smoother/share/nav2_velocity_smoother/local_setup.dsv
[58.015s] -- Symlinking: /home/lhl/nav2_ws/install/nav2_velocity_smoother/share/nav2_velocity_smoother/package.dsv
[58.026s] -- Symlinking: /home/lhl/nav2_ws/install/nav2_velocity_smoother/share/ament_index/resource_index/packages/nav2_velocity_smoother
[58.036s] -- Symlinking: /home/lhl/nav2_ws/install/nav2_velocity_smoother/share/ament_index/resource_index/rclcpp_components/nav2_velocity_smoother
[58.047s] -- Symlinking: /home/lhl/nav2_ws/install/nav2_velocity_smoother/share/nav2_velocity_smoother/cmake/ament_cmake_export_include_directories-extras.cmake
[58.057s] -- Symlinking: /home/lhl/nav2_ws/install/nav2_velocity_smoother/share/nav2_velocity_smoother/cmake/ament_cmake_export_libraries-extras.cmake
[58.068s] -- Symlinking: /home/lhl/nav2_ws/install/nav2_velocity_smoother/share/nav2_velocity_smoother/cmake/ament_cmake_export_dependencies-extras.cmake
[58.079s] -- Symlinking: /home/lhl/nav2_ws/install/nav2_velocity_smoother/share/nav2_velocity_smoother/cmake/nav2_velocity_smootherConfig.cmake
[58.089s] -- Symlinking: /home/lhl/nav2_ws/install/nav2_velocity_smoother/share/nav2_velocity_smoother/cmake/nav2_velocity_smootherConfig-version.cmake
[58.099s] -- Symlinking: /home/lhl/nav2_ws/install/nav2_velocity_smoother/share/nav2_velocity_smoother/package.xml
[58.116s] Invoked command in '/home/lhl/nav2_ws/build/nav2_velocity_smoother' returned '0': AMENT_PREFIX_PATH=/home/lhl/nav2_ws/install/nav2_util:/home/lhl/nav2_ws/install/nav2_msgs:/home/lhl/nav2_ws/install/nav2_common:${AMENT_PREFIX_PATH} CMAKE_PREFIX_PATH=/home/lhl/nav2_ws/install/nav2_util:/home/lhl/nav2_ws/install/nav2_msgs:/home/lhl/nav2_ws/install/nav2_common:/opt/ros/humble LD_LIBRARY_PATH=/home/lhl/nav2_ws/install/nav2_util/lib:/home/lhl/nav2_ws/install/nav2_msgs/lib:${LD_LIBRARY_PATH} PYTHONPATH=/home/lhl/nav2_ws/install/nav2_msgs/local/lib/python3.10/dist-packages:/home/lhl/nav2_ws/install/nav2_common/local/lib/python3.10/dist-packages:${PYTHONPATH} /usr/bin/cmake --install /home/lhl/nav2_ws/build/nav2_velocity_smoother
