[0.040s] Invoking command in '/home/lhl/nav2_ws/src/build/nav2_behavior_tree': AMENT_PREFIX_PATH=/home/lhl/nav2_ws/src/install/nav2_util:/home/lhl/nav2_ws/src/install/nav2_msgs:/home/lhl/nav2_ws/src/install/nav2_common:${AMENT_PREFIX_PATH} CMAKE_PREFIX_PATH=/home/lhl/nav2_ws/src/install/nav2_util:/home/lhl/nav2_ws/src/install/nav2_msgs:/home/lhl/nav2_ws/src/install/nav2_common:/opt/ros/humble LD_LIBRARY_PATH=/home/lhl/nav2_ws/src/install/nav2_util/lib:/home/lhl/nav2_ws/src/install/nav2_msgs/lib:${LD_LIBRARY_PATH} PYTHONPATH=/home/lhl/nav2_ws/src/install/nav2_msgs/local/lib/python3.10/dist-packages:/home/lhl/nav2_ws/src/install/nav2_common/local/lib/python3.10/dist-packages:${PYTHONPATH} /usr/bin/cmake /home/lhl/nav2_ws/src/navigation2/nav2_behavior_tree -DCMAKE_INSTALL_PREFIX=/home/lhl/nav2_ws/src/install/nav2_behavior_tree
[0.136s] -- The CXX compiler identification is GNU 11.3.0
[0.146s] -- Detecting CXX compiler ABI info
[0.265s] -- Detecting CXX compiler ABI info - done
[0.279s] -- Check for working CXX compiler: /usr/bin/c++ - skipped
[0.279s] -- Detecting CXX compile features
[0.280s] -- Detecting CXX compile features - done
[0.284s] -- Found ament_cmake: 1.3.4 (/opt/ros/humble/share/ament_cmake/cmake)
[0.561s] -- Found Python3: /usr/bin/python3.10 (found version "3.10.6") found components: Interpreter 
[0.707s] -- Found nav2_common: 1.1.6 (/home/lhl/nav2_ws/src/install/nav2_common/share/nav2_common/cmake)
[0.709s] -- Found rclcpp: 16.0.4 (/opt/ros/humble/share/rclcpp/cmake)
[0.795s] -- Found rosidl_generator_c: 3.1.4 (/opt/ros/humble/share/rosidl_generator_c/cmake)
[0.801s] -- Found rosidl_adapter: 3.1.4 (/opt/ros/humble/share/rosidl_adapter/cmake)
[0.813s] -- Found rosidl_generator_cpp: 3.1.4 (/opt/ros/humble/share/rosidl_generator_cpp/cmake)
[0.840s] -- Using all available rosidl_typesupport_c: rosidl_typesupport_fastrtps_c;rosidl_typesupport_introspection_c
[0.882s] -- Using all available rosidl_typesupport_cpp: rosidl_typesupport_fastrtps_cpp;rosidl_typesupport_introspection_cpp
[1.029s] -- Found rmw_implementation_cmake: 6.1.1 (/opt/ros/humble/share/rmw_implementation_cmake/cmake)
[1.034s] -- Found rmw_fastrtps_cpp: 6.2.2 (/opt/ros/humble/share/rmw_fastrtps_cpp/cmake)
[1.188s] -- Found OpenSSL: /usr/lib/x86_64-linux-gnu/libcrypto.so (found version "3.0.2")  
[1.242s] -- Found FastRTPS: /opt/ros/humble/include  
[1.316s] -- Using RMW implementation 'rmw_fastrtps_cpp' as default
[1.858s] -- Looking for C++ include pthread.h
[2.003s] -- Looking for C++ include pthread.h - found
[2.003s] -- Performing Test CMAKE_HAVE_LIBC_PTHREAD
[2.131s] -- Performing Test CMAKE_HAVE_LIBC_PTHREAD - Success
[2.132s] -- Found Threads: TRUE  
[2.409s] -- Found rclcpp_action: 16.0.4 (/opt/ros/humble/share/rclcpp_action/cmake)
[2.581s] -- Found rclcpp_lifecycle: 16.0.4 (/opt/ros/humble/share/rclcpp_lifecycle/cmake)
[2.666s] -- Found geometry_msgs: 4.2.3 (/opt/ros/humble/share/geometry_msgs/cmake)
[2.759s] -- Found sensor_msgs: 4.2.3 (/opt/ros/humble/share/sensor_msgs/cmake)
[2.928s] -- Found nav2_msgs: 1.1.6 (/home/lhl/nav2_ws/src/install/nav2_msgs/share/nav2_msgs/cmake)
[3.478s] -- Found tf2_ros: 0.25.2 (/opt/ros/humble/share/tf2_ros/cmake)
[3.989s] -- Found tf2_geometry_msgs: 0.25.2 (/opt/ros/humble/share/tf2_geometry_msgs/cmake)
[4.015s] -- Found eigen3_cmake_module: 0.1.1 (/opt/ros/humble/share/eigen3_cmake_module/cmake)
[4.016s] -- Found Eigen3: TRUE (found version "3.4.0") 
[4.017s] -- Ensuring Eigen3 include directory is part of orocos-kdl CMake target
[4.039s] -- Found std_srvs: 4.2.3 (/opt/ros/humble/share/std_srvs/cmake)
[4.070s] -- Found nav2_util: 1.1.6 (/home/lhl/nav2_ws/src/install/nav2_util/share/nav2_util/cmake)
[4.487s] -- Setting build type to Release as none was specified.
[54.657s] -- Found ament_lint_auto: 0.12.6 (/opt/ros/humble/share/ament_lint_auto/cmake)
[54.946s] -- Found gtest sources under '/opt/ros/humble/src/gtest_vendor': C++ tests using 'Google Test' will be built
[55.016s] -- The C compiler identification is GNU 11.3.0
[55.035s] -- Detecting C compiler ABI info
[55.159s] -- Detecting C compiler ABI info - done
[55.181s] -- Check for working C compiler: /usr/bin/cc - skipped
[55.181s] -- Detecting C compile features
[55.182s] -- Detecting C compile features - done
[92.476s] -- Added test 'copyright' to check source files copyright and LICENSE
[92.489s] -- Added test 'cppcheck' to perform static code analysis on C / C++ code
[92.509s] -- Configured cppcheck include dirs: /home/lhl/nav2_ws/src/navigation2/nav2_behavior_tree/include
[92.510s] -- Configured cppcheck exclude dirs and/or files: 
[92.522s] -- Added test 'cpplint' to check C / C++ code against the Google style
[92.522s] -- Configured cpplint exclude dirs and/or files: 
[92.527s] -- Added test 'lint_cmake' to check CMake code style
[92.541s] -- Added test 'uncrustify' to check C / C++ code style
[92.541s] -- Configured uncrustify additional arguments: 
[92.544s] -- Added test 'xmllint' to check XML markup files
[92.551s] -- Configuring done
[95.632s] -- Generating done
[95.643s] -- Build files have been written to: /home/lhl/nav2_ws/src/build/nav2_behavior_tree
[95.672s] Invoked command in '/home/lhl/nav2_ws/src/build/nav2_behavior_tree' returned '0': AMENT_PREFIX_PATH=/home/lhl/nav2_ws/src/install/nav2_util:/home/lhl/nav2_ws/src/install/nav2_msgs:/home/lhl/nav2_ws/src/install/nav2_common:${AMENT_PREFIX_PATH} CMAKE_PREFIX_PATH=/home/lhl/nav2_ws/src/install/nav2_util:/home/lhl/nav2_ws/src/install/nav2_msgs:/home/lhl/nav2_ws/src/install/nav2_common:/opt/ros/humble LD_LIBRARY_PATH=/home/lhl/nav2_ws/src/install/nav2_util/lib:/home/lhl/nav2_ws/src/install/nav2_msgs/lib:${LD_LIBRARY_PATH} PYTHONPATH=/home/lhl/nav2_ws/src/install/nav2_msgs/local/lib/python3.10/dist-packages:/home/lhl/nav2_ws/src/install/nav2_common/local/lib/python3.10/dist-packages:${PYTHONPATH} /usr/bin/cmake /home/lhl/nav2_ws/src/navigation2/nav2_behavior_tree -DCMAKE_INSTALL_PREFIX=/home/lhl/nav2_ws/src/install/nav2_behavior_tree
[95.678s] Invoking command in '/home/lhl/nav2_ws/src/build/nav2_behavior_tree': AMENT_PREFIX_PATH=/home/lhl/nav2_ws/src/install/nav2_util:/home/lhl/nav2_ws/src/install/nav2_msgs:/home/lhl/nav2_ws/src/install/nav2_common:${AMENT_PREFIX_PATH} CMAKE_PREFIX_PATH=/home/lhl/nav2_ws/src/install/nav2_util:/home/lhl/nav2_ws/src/install/nav2_msgs:/home/lhl/nav2_ws/src/install/nav2_common:/opt/ros/humble LD_LIBRARY_PATH=/home/lhl/nav2_ws/src/install/nav2_util/lib:/home/lhl/nav2_ws/src/install/nav2_msgs/lib:${LD_LIBRARY_PATH} PYTHONPATH=/home/lhl/nav2_ws/src/install/nav2_msgs/local/lib/python3.10/dist-packages:/home/lhl/nav2_ws/src/install/nav2_common/local/lib/python3.10/dist-packages:${PYTHONPATH} /usr/bin/cmake --build /home/lhl/nav2_ws/src/build/nav2_behavior_tree -- -j8 -l8
[95.739s] [  0%] [32mBuilding CXX object CMakeFiles/nav2_behavior_tree.dir/src/behavior_tree_engine.cpp.o[0m
[95.739s] [  0%] [32mBuilding CXX object CMakeFiles/nav2_compute_path_to_pose_action_bt_node.dir/plugins/action/compute_path_to_pose_action.cpp.o[0m
[96.758s] [  0%] [32mBuilding CXX object CMakeFiles/nav2_assisted_teleop_cancel_bt_node.dir/plugins/action/assisted_teleop_cancel_node.cpp.o[0m
[97.774s] [  0%] [32mBuilding CXX object CMakeFiles/nav2_back_up_cancel_bt_node.dir/plugins/action/back_up_cancel_node.cpp.o[0m
[98.792s] [  0%] [32mBuilding CXX object CMakeFiles/nav2_spin_cancel_bt_node.dir/plugins/action/spin_cancel_node.cpp.o[0m
[99.818s] [  1%] [32mBuilding CXX object CMakeFiles/nav2_wait_cancel_bt_node.dir/plugins/action/wait_cancel_node.cpp.o[0m
[100.945s] [  1%] [32mBuilding CXX object CMakeFiles/nav2_controller_cancel_bt_node.dir/plugins/action/controller_cancel_node.cpp.o[0m
[102.015s] [  1%] [32mBuilding CXX object CMakeFiles/nav2_compute_path_through_poses_action_bt_node.dir/plugins/action/compute_path_through_poses_action.cpp.o[0m
[103.301s] [  2%] [32m[1mLinking CXX shared library libnav2_behavior_tree.so[0m
[103.813s] [  2%] Built target nav2_behavior_tree
[103.966s] [  2%] [32mBuilding CXX object CMakeFiles/nav2_drive_on_heading_cancel_bt_node.dir/plugins/action/drive_on_heading_cancel_node.cpp.o[0m
[106.900s] [  3%] [32m[1mLinking CXX shared library libnav2_assisted_teleop_cancel_bt_node.so[0m
[107.244s] [  3%] Built target nav2_assisted_teleop_cancel_bt_node
[107.349s] [  3%] [32mBuilding CXX object CMakeFiles/nav2_smooth_path_action_bt_node.dir/plugins/action/smooth_path_action.cpp.o[0m
[107.911s] [  4%] [32m[1mLinking CXX shared library libnav2_back_up_cancel_bt_node.so[0m
[108.143s] [  5%] [32m[1mLinking CXX shared library libnav2_compute_path_to_pose_action_bt_node.so[0m
[108.299s] [  5%] Built target nav2_back_up_cancel_bt_node
[108.576s] [  5%] Built target nav2_compute_path_to_pose_action_bt_node
[109.532s] [  5%] [32m[1mLinking CXX shared library libnav2_wait_cancel_bt_node.so[0m
[109.820s] [  6%] [32m[1mLinking CXX shared library libnav2_spin_cancel_bt_node.so[0m
[109.856s] [  6%] Built target nav2_wait_cancel_bt_node
[110.100s] [  6%] Built target nav2_spin_cancel_bt_node
[111.768s] [  7%] [32m[1mLinking CXX shared library libnav2_controller_cancel_bt_node.so[0m
[112.055s] [  7%] Built target nav2_controller_cancel_bt_node
[113.360s] [  8%] [32m[1mLinking CXX shared library libnav2_drive_on_heading_cancel_bt_node.so[0m
[113.635s] [  8%] Built target nav2_drive_on_heading_cancel_bt_node
[113.876s] [  9%] [32m[1mLinking CXX shared library libnav2_compute_path_through_poses_action_bt_node.so[0m
[114.071s] [  9%] Built target nav2_compute_path_through_poses_action_bt_node
[117.239s] [ 10%] [32m[1mLinking CXX shared library libnav2_smooth_path_action_bt_node.so[0m
[117.486s] [ 10%] Built target nav2_smooth_path_action_bt_node
[117.507s] [ 10%] [32mBuilding CXX object CMakeFiles/nav2_clear_costmap_service_bt_node.dir/plugins/action/clear_costmap_service.cpp.o[0m
[118.518s] [ 10%] [32mBuilding CXX object CMakeFiles/nav2_is_stuck_condition_bt_node.dir/plugins/condition/is_stuck_condition.cpp.o[0m
[119.529s] [ 10%] [32mBuilding CXX object CMakeFiles/nav2_assisted_teleop_action_bt_node.dir/plugins/action/assisted_teleop_action.cpp.o[0m
[120.601s] [ 10%] [32mBuilding CXX object CMakeFiles/nav2_wait_action_bt_node.dir/plugins/action/wait_action.cpp.o[0m
[121.617s] [ 10%] [32mBuilding CXX object CMakeFiles/nav2_spin_action_bt_node.dir/plugins/action/spin_action.cpp.o[0m
[122.645s] [ 10%] [32mBuilding CXX object CMakeFiles/nav2_drive_on_heading_bt_node.dir/plugins/action/drive_on_heading_action.cpp.o[0m
[123.775s] [ 10%] [32mBuilding CXX object CMakeFiles/nav2_back_up_action_bt_node.dir/plugins/action/back_up_action.cpp.o[0m
[124.863s] [ 10%] [32mBuilding CXX object CMakeFiles/nav2_follow_path_action_bt_node.dir/plugins/action/follow_path_action.cpp.o[0m
[132.573s] [ 11%] [32m[1mLinking CXX shared library libnav2_clear_costmap_service_bt_node.so[0m
[133.093s] [ 11%] Built target nav2_clear_costmap_service_bt_node
[138.335s] [ 12%] [32m[1mLinking CXX shared library libnav2_assisted_teleop_action_bt_node.so[0m
[138.722s] [ 12%] Built target nav2_assisted_teleop_action_bt_node
[139.458s] [ 13%] [32m[1mLinking CXX shared library libnav2_spin_action_bt_node.so[0m
[139.810s] [ 13%] Built target nav2_spin_action_bt_node
[140.458s] [ 14%] [32m[1mLinking CXX shared library libnav2_wait_action_bt_node.so[0m
[140.771s] [ 14%] Built target nav2_wait_action_bt_node
[140.904s] [ 15%] [32m[1mLinking CXX shared library libnav2_is_stuck_condition_bt_node.so[0m
[141.224s] [ 15%] Built target nav2_is_stuck_condition_bt_node
[141.760s] [ 16%] [32m[1mLinking CXX shared library libnav2_drive_on_heading_bt_node.so[0m
[141.963s] [ 16%] Built target nav2_drive_on_heading_bt_node
[142.686s] [ 17%] [32m[1mLinking CXX shared library libnav2_back_up_action_bt_node.so[0m
[142.865s] [ 18%] [32m[1mLinking CXX shared library libnav2_follow_path_action_bt_node.so[0m
[142.942s] [ 18%] Built target nav2_back_up_action_bt_node
[143.059s] [ 18%] Built target nav2_follow_path_action_bt_node
[143.079s] [ 18%] [32mBuilding CXX object CMakeFiles/nav2_path_expiring_timer_condition.dir/plugins/condition/path_expiring_timer_condition.cpp.o[0m
[147.447s] [ 19%] [32m[1mLinking CXX shared library libnav2_path_expiring_timer_condition.so[0m
[147.616s] [ 19%] Built target nav2_path_expiring_timer_condition
[147.637s] [ 19%] [32mBuilding CXX object CMakeFiles/nav2_distance_traveled_condition_bt_node.dir/plugins/condition/distance_traveled_condition.cpp.o[0m
[152.197s] [ 20%] [32m[1mLinking CXX shared library libnav2_distance_traveled_condition_bt_node.so[0m
[152.382s] [ 20%] Built target nav2_distance_traveled_condition_bt_node
[152.400s] [ 20%] [32mBuilding CXX object CMakeFiles/nav2_initial_pose_received_condition_bt_node.dir/plugins/condition/initial_pose_received_condition.cpp.o[0m
[153.816s] [ 21%] [32m[1mLinking CXX shared library libnav2_initial_pose_received_condition_bt_node.so[0m
[153.947s] [ 21%] Built target nav2_initial_pose_received_condition_bt_node
[153.966s] [ 21%] [32mBuilding CXX object CMakeFiles/nav2_is_battery_low_condition_bt_node.dir/plugins/condition/is_battery_low_condition.cpp.o[0m
[157.980s] [ 21%] [32mBuilding CXX object CMakeFiles/nav2_time_expired_condition_bt_node.dir/plugins/condition/time_expired_condition.cpp.o[0m
[157.981s] [ 21%] [32mBuilding CXX object CMakeFiles/nav2_reinitialize_global_localization_service_bt_node.dir/plugins/action/reinitialize_global_localization_service.cpp.o[0m
[159.000s] [ 21%] [32mBuilding CXX object CMakeFiles/nav2_is_path_valid_condition_bt_node.dir/plugins/condition/is_path_valid_condition.cpp.o[0m
[160.016s] [ 21%] [32mBuilding CXX object CMakeFiles/nav2_globally_updated_goal_condition_bt_node.dir/plugins/condition/globally_updated_goal_condition.cpp.o[0m
[160.016s] [ 21%] [32mBuilding CXX object CMakeFiles/nav2_goal_updated_condition_bt_node.dir/plugins/condition/goal_updated_condition.cpp.o[0m
[161.046s] [ 21%] [32mBuilding CXX object CMakeFiles/nav2_goal_reached_condition_bt_node.dir/plugins/condition/goal_reached_condition.cpp.o[0m
[162.142s] [ 21%] [32mBuilding CXX object CMakeFiles/nav2_transform_available_condition_bt_node.dir/plugins/condition/transform_available_condition.cpp.o[0m
[164.099s] [ 22%] [32m[1mLinking CXX shared library libnav2_goal_updated_condition_bt_node.so[0m
[164.529s] [ 22%] Built target nav2_goal_updated_condition_bt_node
[164.543s] [ 23%] [32m[1mLinking CXX shared library libnav2_time_expired_condition_bt_node.so[0m
[164.624s] [ 23%] [32mBuilding CXX object CMakeFiles/nav2_rate_controller_bt_node.dir/plugins/decorator/rate_controller.cpp.o[0m
[165.061s] [ 23%] Built target nav2_time_expired_condition_bt_node
[165.158s] [ 24%] [32m[1mLinking CXX shared library libnav2_reinitialize_global_localization_service_bt_node.so[0m
[165.189s] [ 24%] [32mBuilding CXX object CMakeFiles/nav2_distance_controller_bt_node.dir/plugins/decorator/distance_controller.cpp.o[0m
[165.499s] [ 24%] Built target nav2_reinitialize_global_localization_service_bt_node
[165.638s] [ 24%] [32mBuilding CXX object CMakeFiles/nav2_speed_controller_bt_node.dir/plugins/decorator/speed_controller.cpp.o[0m
[168.301s] [ 25%] [32m[1mLinking CXX shared library libnav2_is_path_valid_condition_bt_node.so[0m
[168.481s] [ 26%] [32m[1mLinking CXX shared library libnav2_globally_updated_goal_condition_bt_node.so[0m
[168.755s] [ 26%] Built target nav2_is_path_valid_condition_bt_node
[168.861s] [ 26%] Built target nav2_globally_updated_goal_condition_bt_node
[169.109s] [ 27%] [32m[1mLinking CXX shared library libnav2_rate_controller_bt_node.so[0m
[169.347s] [ 28%] [32m[1mLinking CXX shared library libnav2_is_battery_low_condition_bt_node.so[0m
[169.351s] [ 28%] Built target nav2_rate_controller_bt_node
[169.715s] [ 28%] Built target nav2_is_battery_low_condition_bt_node
[170.839s] [ 29%] [32m[1mLinking CXX shared library libnav2_goal_reached_condition_bt_node.so[0m
[171.072s] [ 29%] Built target nav2_goal_reached_condition_bt_node
[171.148s] [ 30%] [32m[1mLinking CXX shared library libnav2_transform_available_condition_bt_node.so[0m
[171.339s] [ 30%] Built target nav2_transform_available_condition_bt_node
[172.898s] [ 31%] [32m[1mLinking CXX shared library libnav2_distance_controller_bt_node.so[0m
[173.090s] [ 31%] Built target nav2_distance_controller_bt_node
[173.102s] [ 31%] [32mBuilding CXX object CMakeFiles/nav2_recovery_node_bt_node.dir/plugins/control/recovery_node.cpp.o[0m
[173.106s] [ 31%] [32mBuilding CXX object CMakeFiles/nav2_navigate_to_pose_action_bt_node.dir/plugins/action/navigate_to_pose_action.cpp.o[0m
[173.111s] [ 31%] [32mBuilding CXX object CMakeFiles/nav2_path_longer_on_approach_bt_node.dir/plugins/decorator/path_longer_on_approach.cpp.o[0m
[173.808s] [ 32%] [32m[1mLinking CXX shared library libnav2_speed_controller_bt_node.so[0m
[174.145s] [ 32%] Built target nav2_speed_controller_bt_node
[174.243s] [ 32%] [32mBuilding CXX object CMakeFiles/nav2_navigate_through_poses_action_bt_node.dir/plugins/action/navigate_through_poses_action.cpp.o[0m
[174.278s] [ 32%] [32mBuilding CXX object CMakeFiles/nav2_goal_updater_node_bt_node.dir/plugins/decorator/goal_updater_node.cpp.o[0m
[174.302s] [ 32%] [32mBuilding CXX object CMakeFiles/nav2_truncate_path_local_action_bt_node.dir/plugins/action/truncate_path_local_action.cpp.o[0m
[175.379s] [ 32%] [32mBuilding CXX object CMakeFiles/nav2_remove_passed_goals_action_bt_node.dir/plugins/action/remove_passed_goals_action.cpp.o[0m
[175.403s] [ 32%] [32mBuilding CXX object CMakeFiles/nav2_truncate_path_action_bt_node.dir/plugins/action/truncate_path_action.cpp.o[0m
[178.032s] [ 33%] [32m[1mLinking CXX shared library libnav2_recovery_node_bt_node.so[0m
[178.671s] [ 33%] Built target nav2_recovery_node_bt_node
[183.292s] [ 34%] [32m[1mLinking CXX shared library libnav2_path_longer_on_approach_bt_node.so[0m
[183.846s] [ 34%] Built target nav2_path_longer_on_approach_bt_node
[188.140s] [ 35%] [32m[1mLinking CXX shared library libnav2_truncate_path_local_action_bt_node.so[0m
[188.339s] [ 36%] [32m[1mLinking CXX shared library libnav2_truncate_path_action_bt_node.so[0m
[188.497s] [ 36%] Built target nav2_truncate_path_local_action_bt_node
[188.670s] [ 37%] [32m[1mLinking CXX shared library libnav2_remove_passed_goals_action_bt_node.so[0m
[188.789s] [ 37%] Built target nav2_truncate_path_action_bt_node
[188.971s] [ 37%] Built target nav2_remove_passed_goals_action_bt_node
[189.885s] [ 38%] [32m[1mLinking CXX shared library libnav2_navigate_to_pose_action_bt_node.so[0m
[190.170s] [ 38%] Built target nav2_navigate_to_pose_action_bt_node
[190.194s] [ 39%] [32m[1mLinking CXX shared library libnav2_navigate_through_poses_action_bt_node.so[0m
[190.392s] [ 39%] Built target nav2_navigate_through_poses_action_bt_node
[194.996s] [ 40%] [32m[1mLinking CXX shared library libnav2_goal_updater_node_bt_node.so[0m
[195.235s] [ 40%] Built target nav2_goal_updater_node_bt_node
[195.254s] [ 40%] [32mBuilding CXX object CMakeFiles/nav2_goal_checker_selector_bt_node.dir/plugins/action/goal_checker_selector_node.cpp.o[0m
[203.271s] [ 40%] [32mBuilding CXX object CMakeFiles/nav2_goal_updated_controller_bt_node.dir/plugins/decorator/goal_updated_controller.cpp.o[0m
[205.294s] [ 40%] [32mBuilding CXX object CMakeFiles/nav2_smoother_selector_bt_node.dir/plugins/action/smoother_selector_node.cpp.o[0m
[207.413s] [ 40%] [32mBuilding CXX object CMakeFiles/nav2_controller_selector_bt_node.dir/plugins/action/controller_selector_node.cpp.o[0m
[208.327s] [ 41%] [32m[1mLinking CXX shared library libnav2_goal_checker_selector_bt_node.so[0m
[208.724s] [ 41%] Built target nav2_goal_checker_selector_bt_node
[209.919s] [ 42%] [32m[1mLinking CXX shared library libnav2_goal_updated_controller_bt_node.so[0m
[210.286s] [ 42%] Built target nav2_goal_updated_controller_bt_node
[223.831s] [ 43%] [32m[1mLinking CXX shared library libnav2_smoother_selector_bt_node.so[0m
[224.219s] [ 43%] Built target nav2_smoother_selector_bt_node
[224.255s] [ 43%] [32mBuilding CXX object gtest/CMakeFiles/gtest.dir/src/gtest-all.cc.o[0m
[226.302s] [ 44%] [32m[1mLinking CXX shared library libnav2_controller_selector_bt_node.so[0m
[226.691s] [ 44%] Built target nav2_controller_selector_bt_node
[226.723s] [ 44%] [32mBuilding CXX object gtest/CMakeFiles/gtest_main.dir/src/gtest_main.cc.o[0m
[228.407s] [ 45%] [32m[1mLinking CXX static library libgtest_main.a[0m
[228.559s] [ 45%] Built target gtest_main
[237.435s] [ 46%] [32m[1mLinking CXX static library libgtest.a[0m
[237.893s] [ 46%] Built target gtest
[237.913s] [ 46%] [32mBuilding CXX object CMakeFiles/nav2_planner_selector_bt_node.dir/plugins/action/planner_selector_node.cpp.o[0m
[239.934s] [ 47%] [32mBuilding CXX object test/plugins/condition/CMakeFiles/test_condition_path_expiring_timer.dir/test_path_expiring_timer.cpp.o[0m
[241.954s] [ 48%] [32mBuilding CXX object test/plugins/condition/CMakeFiles/test_condition_time_expired.dir/test_time_expired.cpp.o[0m
[243.971s] [ 49%] [32mBuilding CXX object test/plugins/condition/CMakeFiles/test_condition_distance_traveled.dir/test_distance_traveled.cpp.o[0m
[244.992s] [ 50%] [32mBuilding CXX object test/CMakeFiles/test_bt_conversions.dir/test_bt_conversions.cpp.o[0m
[246.119s] [ 50%] [32mBuilding CXX object CMakeFiles/nav2_single_trigger_bt_node.dir/plugins/decorator/single_trigger_node.cpp.o[0m
[247.212s] [ 50%] [32mBuilding CXX object CMakeFiles/nav2_round_robin_node_bt_node.dir/plugins/control/round_robin_node.cpp.o[0m
[249.028s] [ 51%] [32m[1mLinking CXX shared library libnav2_single_trigger_bt_node.so[0m
[249.403s] [ 51%] Built target nav2_single_trigger_bt_node
[250.946s] [ 52%] [32m[1mLinking CXX shared library libnav2_round_robin_node_bt_node.so[0m
[251.223s] [ 52%] Built target nav2_round_robin_node_bt_node
[252.451s] [ 52%] [32m[1mLinking CXX executable test_bt_conversions[0m
[252.746s] [ 52%] [32m[1mLinking CXX executable test_condition_path_expiring_timer[0m
[253.043s] [ 52%] Built target test_bt_conversions
[253.154s] [ 52%] Built target test_condition_path_expiring_timer
[253.615s] [ 53%] [32m[1mLinking CXX shared library libnav2_planner_selector_bt_node.so[0m
[253.852s] [ 53%] Built target nav2_planner_selector_bt_node
[253.949s] [ 53%] [32m[1mLinking CXX executable test_condition_time_expired[0m
[254.288s] [ 53%] Built target test_condition_time_expired
[255.390s] [ 53%] [32m[1mLinking CXX executable test_condition_distance_traveled[0m
[255.637s] [ 53%] Built target test_condition_distance_traveled
[255.655s] [ 54%] [32mBuilding CXX object test/plugins/condition/CMakeFiles/test_condition_is_stuck.dir/test_is_stuck.cpp.o[0m
[258.677s] [ 56%] [32mBuilding CXX object test/plugins/condition/CMakeFiles/test_condition_transform_available.dir/test_transform_available.cpp.o[0m
[258.677s] [ 56%] [32mBuilding CXX object test/plugins/condition/CMakeFiles/test_condition_is_battery_low.dir/test_is_battery_low.cpp.o[0m
[259.696s] [ 57%] [32mBuilding CXX object test/plugins/condition/CMakeFiles/test_condition_initial_pose_received.dir/test_initial_pose_received.cpp.o[0m
[260.830s] [ 58%] [32mBuilding CXX object test/plugins/condition/CMakeFiles/test_condition_globally_updated_goal.dir/test_globally_updated_goal.cpp.o[0m
[261.919s] [ 59%] [32mBuilding CXX object test/plugins/condition/CMakeFiles/test_condition_goal_updated.dir/test_goal_updated.cpp.o[0m
[262.972s] [ 60%] [32mBuilding CXX object test/plugins/condition/CMakeFiles/test_condition_goal_reached.dir/test_goal_reached.cpp.o[0m
[271.787s] [ 60%] [32m[1mLinking CXX executable test_condition_is_stuck[0m
[272.976s] [ 60%] Built target test_condition_is_stuck
[276.849s] [ 60%] [32m[1mLinking CXX executable test_condition_globally_updated_goal[0m
[277.208s] [ 60%] [32m[1mLinking CXX executable test_condition_initial_pose_received[0m
[277.340s] [ 60%] Built target test_condition_globally_updated_goal
[277.421s] [ 60%] [32m[1mLinking CXX executable test_condition_transform_available[0m
[277.669s] [ 60%] Built target test_condition_initial_pose_received
[277.828s] [ 60%] Built target test_condition_transform_available
[278.619s] [ 60%] [32m[1mLinking CXX executable test_condition_is_battery_low[0m
[278.900s] [ 60%] Built target test_condition_is_battery_low
[279.915s] [ 60%] [32m[1mLinking CXX executable test_condition_goal_updated[0m
[280.187s] [ 60%] Built target test_condition_goal_updated
[280.538s] [ 60%] [32m[1mLinking CXX executable test_condition_goal_reached[0m
[280.846s] [ 60%] Built target test_condition_goal_reached
[280.866s] [ 61%] [32mBuilding CXX object test/plugins/decorator/CMakeFiles/test_single_trigger_node.dir/test_single_trigger_node.cpp.o[0m
[287.542s] [ 61%] [32m[1mLinking CXX executable test_single_trigger_node[0m
[287.790s] [ 61%] Built target test_single_trigger_node
[287.810s] [ 62%] [32mBuilding CXX object test/plugins/decorator/CMakeFiles/test_goal_updated_controller.dir/test_goal_updated_controller.cpp.o[0m
[293.824s] [ 64%] [32mBuilding CXX object test/plugins/decorator/CMakeFiles/test_goal_updater_node.dir/test_goal_updater_node.cpp.o[0m
[293.824s] [ 64%] [32mBuilding CXX object test/plugins/decorator/CMakeFiles/test_decorator_path_longer_on_approach.dir/test_path_longer_on_approach.cpp.o[0m
[294.643s] [ 64%] [32m[1mLinking CXX executable test_goal_updated_controller[0m
[294.849s] [ 65%] [32mBuilding CXX object test/plugins/decorator/CMakeFiles/test_decorator_rate_controller.dir/test_rate_controller.cpp.o[0m
[294.850s] [ 66%] [32mBuilding CXX object test/plugins/decorator/CMakeFiles/test_decorator_speed_controller.dir/test_speed_controller.cpp.o[0m
[294.980s] [ 66%] Built target test_goal_updated_controller
[295.002s] [ 67%] [32mBuilding CXX object test/plugins/condition/CMakeFiles/test_condition_is_path_valid.dir/test_is_path_valid.cpp.o[0m
[295.012s] [ 68%] [32mBuilding CXX object test/plugins/decorator/CMakeFiles/test_decorator_distance_controller.dir/test_distance_controller.cpp.o[0m
[295.014s] [ 68%] [32mBuilding CXX object CMakeFiles/nav2_pipeline_sequence_bt_node.dir/plugins/control/pipeline_sequence.cpp.o[0m
[296.149s] [ 69%] [32mBuilding CXX object test/plugins/control/CMakeFiles/test_control_recovery_node.dir/test_recovery_node.cpp.o[0m
[297.843s] [ 70%] [32m[1mLinking CXX shared library libnav2_pipeline_sequence_bt_node.so[0m
[298.255s] [ 70%] Built target nav2_pipeline_sequence_bt_node
[298.355s] [ 71%] [32mBuilding CXX object test/plugins/control/CMakeFiles/test_control_round_robin_node.dir/test_round_robin_node.cpp.o[0m
[304.664s] [ 71%] [32m[1mLinking CXX executable test_decorator_path_longer_on_approach[0m
[305.194s] [ 71%] Built target test_decorator_path_longer_on_approach
[305.357s] [ 72%] [32mBuilding CXX object test/plugins/action/CMakeFiles/test_bt_action_node.dir/test_bt_action_node.cpp.o[0m
[307.692s] [ 72%] [32m[1mLinking CXX executable test_goal_updater_node[0m
[308.454s] [ 72%] Built target test_goal_updater_node
[308.566s] [ 73%] [32mBuilding CXX object test/plugins/action/CMakeFiles/test_action_spin_action.dir/test_spin_action.cpp.o[0m
[308.773s] [ 73%] [32m[1mLinking CXX executable test_condition_is_path_valid[0m
[309.062s] [ 73%] [32m[1mLinking CXX executable test_decorator_rate_controller[0m
[309.326s] [ 73%] Built target test_condition_is_path_valid
[309.467s] [ 74%] [32mBuilding CXX object test/plugins/action/CMakeFiles/test_action_back_up_action.dir/test_back_up_action.cpp.o[0m
[309.729s] [ 74%] Built target test_decorator_rate_controller
[309.872s] [ 75%] [32mBuilding CXX object test/plugins/action/CMakeFiles/test_action_drive_on_heading.dir/test_drive_on_heading_action.cpp.o[0m
[309.935s] [ 75%] [32m[1mLinking CXX executable test_control_recovery_node[0m
[310.440s] [ 75%] Built target test_control_recovery_node
[310.472s] [ 76%] [32mBuilding CXX object test/plugins/action/CMakeFiles/test_action_wait_action.dir/test_wait_action.cpp.o[0m
[310.480s] [ 76%] [32m[1mLinking CXX executable test_decorator_distance_controller[0m
[311.229s] [ 76%] Built target test_decorator_distance_controller
[311.347s] [ 77%] [32mBuilding CXX object test/plugins/action/CMakeFiles/test_action_assisted_teleop_action.dir/test_assisted_teleop_action.cpp.o[0m
[313.159s] [ 77%] [32m[1mLinking CXX executable test_decorator_speed_controller[0m
[313.836s] [ 77%] Built target test_decorator_speed_controller
[313.934s] [ 77%] [32m[1mLinking CXX executable test_control_round_robin_node[0m
[314.416s] [ 77%] Built target test_control_round_robin_node
[318.457s] [ 78%] [32mBuilding CXX object test/plugins/action/CMakeFiles/test_action_wait_cancel_action.dir/test_wait_cancel_node.cpp.o[0m
[320.565s] [ 79%] [32mBuilding CXX object test/plugins/action/CMakeFiles/test_action_controller_cancel_action.dir/test_controller_cancel_node.cpp.o[0m
[322.539s] [ 79%] [32m[1mLinking CXX executable test_action_spin_action[0m
[322.951s] [ 79%] [32m[1mLinking CXX executable test_bt_action_node[0m
[323.311s] [ 79%] Built target test_action_spin_action
[323.516s] [ 79%] Built target test_bt_action_node
[323.876s] [ 79%] [32m[1mLinking CXX executable test_action_drive_on_heading[0m
[324.262s] [ 79%] Built target test_action_drive_on_heading
[324.382s] [ 79%] [32m[1mLinking CXX executable test_action_back_up_action[0m
[324.513s] [ 79%] [32m[1mLinking CXX executable test_action_wait_action[0m
[324.814s] [ 79%] Built target test_action_back_up_action
[324.922s] [ 79%] Built target test_action_wait_action
[325.263s] [ 79%] [32m[1mLinking CXX executable test_action_assisted_teleop_action[0m
[325.532s] [ 79%] Built target test_action_assisted_teleop_action
[329.958s] [ 79%] [32m[1mLinking CXX executable test_action_wait_cancel_action[0m
[330.214s] [ 79%] Built target test_action_wait_cancel_action
[331.449s] [ 79%] [32m[1mLinking CXX executable test_action_controller_cancel_action[0m
[331.886s] [ 79%] Built target test_action_controller_cancel_action
[331.954s] [ 80%] [32mBuilding CXX object test/plugins/action/CMakeFiles/test_action_compute_path_to_pose_action.dir/test_compute_path_to_pose_action.cpp.o[0m
[346.246s] [ 80%] [32m[1mLinking CXX executable test_action_compute_path_to_pose_action[0m
[346.685s] [ 80%] Built target test_action_compute_path_to_pose_action
[346.720s] [ 81%] [32mBuilding CXX object test/plugins/action/CMakeFiles/test_action_compute_path_through_poses_action.dir/test_compute_path_through_poses_action.cpp.o[0m
[361.284s] [ 81%] [32m[1mLinking CXX executable test_action_compute_path_through_poses_action[0m
[361.716s] [ 81%] Built target test_action_compute_path_through_poses_action
[361.749s] [ 82%] [32mBuilding CXX object test/plugins/action/CMakeFiles/test_action_smooth_path_action.dir/test_smooth_path_action.cpp.o[0m
[373.643s] [ 82%] [32m[1mLinking CXX executable test_action_smooth_path_action[0m
[373.990s] [ 82%] Built target test_action_smooth_path_action
[374.019s] [ 83%] [32mBuilding CXX object test/plugins/action/CMakeFiles/test_action_follow_path_action.dir/test_follow_path_action.cpp.o[0m
[385.590s] [ 83%] [32m[1mLinking CXX executable test_action_follow_path_action[0m
[385.944s] [ 83%] Built target test_action_follow_path_action
[385.976s] [ 84%] [32mBuilding CXX object test/plugins/action/CMakeFiles/test_action_navigate_to_pose_action.dir/test_navigate_to_pose_action.cpp.o[0m
[399.438s] [ 84%] [32m[1mLinking CXX executable test_action_navigate_to_pose_action[0m
[399.912s] [ 84%] Built target test_action_navigate_to_pose_action
[399.944s] [ 85%] [32mBuilding CXX object test/plugins/action/CMakeFiles/test_action_navigate_through_poses_action.dir/test_navigate_through_poses_action.cpp.o[0m
[413.198s] [ 85%] [32m[1mLinking CXX executable test_action_navigate_through_poses_action[0m
[413.641s] [ 85%] Built target test_action_navigate_through_poses_action
[413.672s] [ 86%] [32mBuilding CXX object test/plugins/action/CMakeFiles/test_truncate_path_action.dir/test_truncate_path_action.cpp.o[0m
[423.557s] [ 86%] [32m[1mLinking CXX executable test_truncate_path_action[0m
[423.989s] [ 86%] Built target test_truncate_path_action
[424.020s] [ 87%] [32mBuilding CXX object test/plugins/action/CMakeFiles/test_truncate_path_local_action.dir/test_truncate_path_local_action.cpp.o[0m
[438.188s] [ 88%] [32m[1mLinking CXX executable test_truncate_path_local_action[0m
[438.744s] [ 88%] Built target test_truncate_path_local_action
[438.772s] [ 89%] [32mBuilding CXX object test/plugins/action/CMakeFiles/test_remove_passed_goals_action.dir/test_remove_passed_goals_action.cpp.o[0m
[450.413s] [ 89%] [32m[1mLinking CXX executable test_remove_passed_goals_action[0m
[450.883s] [ 89%] Built target test_remove_passed_goals_action
[450.915s] [ 90%] [32mBuilding CXX object test/plugins/action/CMakeFiles/test_planner_selector_node.dir/test_planner_selector_node.cpp.o[0m
[464.688s] [ 90%] [32m[1mLinking CXX executable test_planner_selector_node[0m
[465.125s] [ 90%] Built target test_planner_selector_node
[465.157s] [ 91%] [32mBuilding CXX object test/plugins/action/CMakeFiles/test_controller_selector_node.dir/test_controller_selector_node.cpp.o[0m
[478.204s] [ 91%] [32m[1mLinking CXX executable test_controller_selector_node[0m
[478.633s] [ 91%] Built target test_controller_selector_node
[478.662s] [ 92%] [32mBuilding CXX object test/plugins/action/CMakeFiles/test_smoother_selector_node.dir/test_smoother_selector_node.cpp.o[0m
[492.495s] [ 92%] [32m[1mLinking CXX executable test_smoother_selector_node[0m
[492.966s] [ 92%] Built target test_smoother_selector_node
[492.997s] [ 93%] [32mBuilding CXX object test/plugins/action/CMakeFiles/test_goal_checker_selector_node.dir/test_goal_checker_selector_node.cpp.o[0m
[507.048s] [ 93%] [32m[1mLinking CXX executable test_goal_checker_selector_node[0m
[507.634s] [ 93%] Built target test_goal_checker_selector_node
[507.670s] [ 94%] [32mBuilding CXX object test/plugins/control/CMakeFiles/test_control_pipeline_sequence.dir/test_pipeline_sequence.cpp.o[0m
[521.745s] [ 94%] [32m[1mLinking CXX executable test_control_pipeline_sequence[0m
[522.125s] [ 94%] Built target test_control_pipeline_sequence
[522.149s] [ 95%] [32mBuilding CXX object test/plugins/action/CMakeFiles/test_action_reinitialize_global_localization_service.dir/test_reinitialize_global_localization_service.cpp.o[0m
[530.727s] [ 95%] [32m[1mLinking CXX executable test_action_reinitialize_global_localization_service[0m
[531.100s] [ 95%] Built target test_action_reinitialize_global_localization_service
[531.132s] [ 96%] [32mBuilding CXX object test/plugins/action/CMakeFiles/test_action_clear_costmap_service.dir/test_clear_costmap_service.cpp.o[0m
[543.349s] [ 96%] [32m[1mLinking CXX executable test_action_clear_costmap_service[0m
[543.654s] [ 96%] Built target test_action_clear_costmap_service
[543.680s] [ 97%] [32mBuilding CXX object test/plugins/action/CMakeFiles/test_action_assisted_teleop_cancel_action.dir/test_assisted_teleop_cancel_node.cpp.o[0m
[543.687s] [ 98%] [32mBuilding CXX object test/plugins/action/CMakeFiles/test_action_drive_on_heading_cancel_action.dir/test_drive_on_heading_cancel_node.cpp.o[0m
[557.571s] [ 98%] [32m[1mLinking CXX executable test_action_assisted_teleop_cancel_action[0m
[558.040s] [ 98%] Built target test_action_assisted_teleop_cancel_action
[558.531s] [ 98%] [32m[1mLinking CXX executable test_action_drive_on_heading_cancel_action[0m
[558.943s] [ 98%] Built target test_action_drive_on_heading_cancel_action
[558.973s] [ 99%] [32mBuilding CXX object test/plugins/action/CMakeFiles/test_action_back_up_cancel_action.dir/test_back_up_cancel_node.cpp.o[0m
[573.081s] [ 99%] [32m[1mLinking CXX executable test_action_back_up_cancel_action[0m
[573.421s] [ 99%] Built target test_action_back_up_cancel_action
[573.446s] [100%] [32mBuilding CXX object test/plugins/action/CMakeFiles/test_action_spin_cancel_action.dir/test_spin_cancel_node.cpp.o[0m
[587.780s] [100%] [32m[1mLinking CXX executable test_action_spin_cancel_action[0m
[588.232s] [100%] Built target test_action_spin_cancel_action
[588.274s] Invoked command in '/home/lhl/nav2_ws/src/build/nav2_behavior_tree' returned '0': AMENT_PREFIX_PATH=/home/lhl/nav2_ws/src/install/nav2_util:/home/lhl/nav2_ws/src/install/nav2_msgs:/home/lhl/nav2_ws/src/install/nav2_common:${AMENT_PREFIX_PATH} CMAKE_PREFIX_PATH=/home/lhl/nav2_ws/src/install/nav2_util:/home/lhl/nav2_ws/src/install/nav2_msgs:/home/lhl/nav2_ws/src/install/nav2_common:/opt/ros/humble LD_LIBRARY_PATH=/home/lhl/nav2_ws/src/install/nav2_util/lib:/home/lhl/nav2_ws/src/install/nav2_msgs/lib:${LD_LIBRARY_PATH} PYTHONPATH=/home/lhl/nav2_ws/src/install/nav2_msgs/local/lib/python3.10/dist-packages:/home/lhl/nav2_ws/src/install/nav2_common/local/lib/python3.10/dist-packages:${PYTHONPATH} /usr/bin/cmake --build /home/lhl/nav2_ws/src/build/nav2_behavior_tree -- -j8 -l8
[588.595s] Invoking command in '/home/lhl/nav2_ws/src/build/nav2_behavior_tree': AMENT_PREFIX_PATH=/home/lhl/nav2_ws/src/install/nav2_util:/home/lhl/nav2_ws/src/install/nav2_msgs:/home/lhl/nav2_ws/src/install/nav2_common:${AMENT_PREFIX_PATH} CMAKE_PREFIX_PATH=/home/lhl/nav2_ws/src/install/nav2_util:/home/lhl/nav2_ws/src/install/nav2_msgs:/home/lhl/nav2_ws/src/install/nav2_common:/opt/ros/humble LD_LIBRARY_PATH=/home/lhl/nav2_ws/src/install/nav2_util/lib:/home/lhl/nav2_ws/src/install/nav2_msgs/lib:${LD_LIBRARY_PATH} PYTHONPATH=/home/lhl/nav2_ws/src/install/nav2_msgs/local/lib/python3.10/dist-packages:/home/lhl/nav2_ws/src/install/nav2_common/local/lib/python3.10/dist-packages:${PYTHONPATH} /usr/bin/cmake --install /home/lhl/nav2_ws/src/build/nav2_behavior_tree
[609.332s] -- Install configuration: "Release"
[609.332s] -- Installing: /home/lhl/nav2_ws/src/install/nav2_behavior_tree/lib/libnav2_behavior_tree.so
[609.332s] -- Set runtime path of "/home/lhl/nav2_ws/src/install/nav2_behavior_tree/lib/libnav2_behavior_tree.so" to ""
[609.332s] -- Installing: /home/lhl/nav2_ws/src/install/nav2_behavior_tree/lib/libnav2_compute_path_to_pose_action_bt_node.so
[609.332s] -- Set runtime path of "/home/lhl/nav2_ws/src/install/nav2_behavior_tree/lib/libnav2_compute_path_to_pose_action_bt_node.so" to ""
[609.339s] -- Installing: /home/lhl/nav2_ws/src/install/nav2_behavior_tree/lib/libnav2_compute_path_through_poses_action_bt_node.so
[609.340s] -- Set runtime path of "/home/lhl/nav2_ws/src/install/nav2_behavior_tree/lib/libnav2_compute_path_through_poses_action_bt_node.so" to ""
[609.340s] -- Installing: /home/lhl/nav2_ws/src/install/nav2_behavior_tree/lib/libnav2_controller_cancel_bt_node.so
[609.340s] -- Set runtime path of "/home/lhl/nav2_ws/src/install/nav2_behavior_tree/lib/libnav2_controller_cancel_bt_node.so" to ""
[609.340s] -- Installing: /home/lhl/nav2_ws/src/install/nav2_behavior_tree/lib/libnav2_wait_cancel_bt_node.so
[609.340s] -- Set runtime path of "/home/lhl/nav2_ws/src/install/nav2_behavior_tree/lib/libnav2_wait_cancel_bt_node.so" to ""
[609.340s] -- Installing: /home/lhl/nav2_ws/src/install/nav2_behavior_tree/lib/libnav2_spin_cancel_bt_node.so
[609.340s] -- Set runtime path of "/home/lhl/nav2_ws/src/install/nav2_behavior_tree/lib/libnav2_spin_cancel_bt_node.so" to ""
[609.341s] -- Installing: /home/lhl/nav2_ws/src/install/nav2_behavior_tree/lib/libnav2_back_up_cancel_bt_node.so
[609.341s] -- Set runtime path of "/home/lhl/nav2_ws/src/install/nav2_behavior_tree/lib/libnav2_back_up_cancel_bt_node.so" to ""
[609.341s] -- Installing: /home/lhl/nav2_ws/src/install/nav2_behavior_tree/lib/libnav2_assisted_teleop_cancel_bt_node.so
[609.341s] -- Set runtime path of "/home/lhl/nav2_ws/src/install/nav2_behavior_tree/lib/libnav2_assisted_teleop_cancel_bt_node.so" to ""
[609.341s] -- Installing: /home/lhl/nav2_ws/src/install/nav2_behavior_tree/lib/libnav2_drive_on_heading_cancel_bt_node.so
[609.341s] -- Set runtime path of "/home/lhl/nav2_ws/src/install/nav2_behavior_tree/lib/libnav2_drive_on_heading_cancel_bt_node.so" to ""
[609.341s] -- Installing: /home/lhl/nav2_ws/src/install/nav2_behavior_tree/lib/libnav2_smooth_path_action_bt_node.so
[609.341s] -- Set runtime path of "/home/lhl/nav2_ws/src/install/nav2_behavior_tree/lib/libnav2_smooth_path_action_bt_node.so" to ""
[609.341s] -- Installing: /home/lhl/nav2_ws/src/install/nav2_behavior_tree/lib/libnav2_follow_path_action_bt_node.so
[609.342s] -- Set runtime path of "/home/lhl/nav2_ws/src/install/nav2_behavior_tree/lib/libnav2_follow_path_action_bt_node.so" to ""
[609.342s] -- Installing: /home/lhl/nav2_ws/src/install/nav2_behavior_tree/lib/libnav2_back_up_action_bt_node.so
[609.342s] -- Set runtime path of "/home/lhl/nav2_ws/src/install/nav2_behavior_tree/lib/libnav2_back_up_action_bt_node.so" to ""
[609.342s] -- Installing: /home/lhl/nav2_ws/src/install/nav2_behavior_tree/lib/libnav2_drive_on_heading_bt_node.so
[609.342s] -- Set runtime path of "/home/lhl/nav2_ws/src/install/nav2_behavior_tree/lib/libnav2_drive_on_heading_bt_node.so" to ""
[609.342s] -- Installing: /home/lhl/nav2_ws/src/install/nav2_behavior_tree/lib/libnav2_spin_action_bt_node.so
[609.342s] -- Set runtime path of "/home/lhl/nav2_ws/src/install/nav2_behavior_tree/lib/libnav2_spin_action_bt_node.so" to ""
[609.342s] -- Installing: /home/lhl/nav2_ws/src/install/nav2_behavior_tree/lib/libnav2_wait_action_bt_node.so
[609.342s] -- Set runtime path of "/home/lhl/nav2_ws/src/install/nav2_behavior_tree/lib/libnav2_wait_action_bt_node.so" to ""
[609.343s] -- Installing: /home/lhl/nav2_ws/src/install/nav2_behavior_tree/lib/libnav2_assisted_teleop_action_bt_node.so
[609.343s] -- Set runtime path of "/home/lhl/nav2_ws/src/install/nav2_behavior_tree/lib/libnav2_assisted_teleop_action_bt_node.so" to ""
[609.343s] -- Installing: /home/lhl/nav2_ws/src/install/nav2_behavior_tree/lib/libnav2_clear_costmap_service_bt_node.so
[609.343s] -- Set runtime path of "/home/lhl/nav2_ws/src/install/nav2_behavior_tree/lib/libnav2_clear_costmap_service_bt_node.so" to ""
[609.343s] -- Installing: /home/lhl/nav2_ws/src/install/nav2_behavior_tree/lib/libnav2_is_stuck_condition_bt_node.so
[609.343s] -- Set runtime path of "/home/lhl/nav2_ws/src/install/nav2_behavior_tree/lib/libnav2_is_stuck_condition_bt_node.so" to ""
[609.343s] -- Installing: /home/lhl/nav2_ws/src/install/nav2_behavior_tree/lib/libnav2_transform_available_condition_bt_node.so
[609.343s] -- Set runtime path of "/home/lhl/nav2_ws/src/install/nav2_behavior_tree/lib/libnav2_transform_available_condition_bt_node.so" to ""
[609.343s] -- Installing: /home/lhl/nav2_ws/src/install/nav2_behavior_tree/lib/libnav2_goal_reached_condition_bt_node.so
[609.343s] -- Set runtime path of "/home/lhl/nav2_ws/src/install/nav2_behavior_tree/lib/libnav2_goal_reached_condition_bt_node.so" to ""
[609.344s] -- Installing: /home/lhl/nav2_ws/src/install/nav2_behavior_tree/lib/libnav2_globally_updated_goal_condition_bt_node.so
[609.344s] -- Set runtime path of "/home/lhl/nav2_ws/src/install/nav2_behavior_tree/lib/libnav2_globally_updated_goal_condition_bt_node.so" to ""
[609.344s] -- Installing: /home/lhl/nav2_ws/src/install/nav2_behavior_tree/lib/libnav2_goal_updated_condition_bt_node.so
[609.344s] -- Set runtime path of "/home/lhl/nav2_ws/src/install/nav2_behavior_tree/lib/libnav2_goal_updated_condition_bt_node.so" to ""
[609.344s] -- Installing: /home/lhl/nav2_ws/src/install/nav2_behavior_tree/lib/libnav2_is_path_valid_condition_bt_node.so
[609.344s] -- Set runtime path of "/home/lhl/nav2_ws/src/install/nav2_behavior_tree/lib/libnav2_is_path_valid_condition_bt_node.so" to ""
[609.344s] -- Installing: /home/lhl/nav2_ws/src/install/nav2_behavior_tree/lib/libnav2_time_expired_condition_bt_node.so
[609.346s] -- Set runtime path of "/home/lhl/nav2_ws/src/install/nav2_behavior_tree/lib/libnav2_time_expired_condition_bt_node.so" to ""
[609.346s] -- Installing: /home/lhl/nav2_ws/src/install/nav2_behavior_tree/lib/libnav2_path_expiring_timer_condition.so
[609.346s] -- Set runtime path of "/home/lhl/nav2_ws/src/install/nav2_behavior_tree/lib/libnav2_path_expiring_timer_condition.so" to ""
[609.346s] -- Installing: /home/lhl/nav2_ws/src/install/nav2_behavior_tree/lib/libnav2_distance_traveled_condition_bt_node.so
[609.346s] -- Set runtime path of "/home/lhl/nav2_ws/src/install/nav2_behavior_tree/lib/libnav2_distance_traveled_condition_bt_node.so" to ""
[609.347s] -- Installing: /home/lhl/nav2_ws/src/install/nav2_behavior_tree/lib/libnav2_initial_pose_received_condition_bt_node.so
[609.347s] -- Set runtime path of "/home/lhl/nav2_ws/src/install/nav2_behavior_tree/lib/libnav2_initial_pose_received_condition_bt_node.so" to ""
[609.347s] -- Installing: /home/lhl/nav2_ws/src/install/nav2_behavior_tree/lib/libnav2_is_battery_low_condition_bt_node.so
[609.347s] -- Set runtime path of "/home/lhl/nav2_ws/src/install/nav2_behavior_tree/lib/libnav2_is_battery_low_condition_bt_node.so" to ""
[609.347s] -- Installing: /home/lhl/nav2_ws/src/install/nav2_behavior_tree/lib/libnav2_reinitialize_global_localization_service_bt_node.so
[609.347s] -- Set runtime path of "/home/lhl/nav2_ws/src/install/nav2_behavior_tree/lib/libnav2_reinitialize_global_localization_service_bt_node.so" to ""
[609.347s] -- Installing: /home/lhl/nav2_ws/src/install/nav2_behavior_tree/lib/libnav2_rate_controller_bt_node.so
[609.347s] -- Set runtime path of "/home/lhl/nav2_ws/src/install/nav2_behavior_tree/lib/libnav2_rate_controller_bt_node.so" to ""
[609.347s] -- Installing: /home/lhl/nav2_ws/src/install/nav2_behavior_tree/lib/libnav2_distance_controller_bt_node.so
[609.348s] -- Set runtime path of "/home/lhl/nav2_ws/src/install/nav2_behavior_tree/lib/libnav2_distance_controller_bt_node.so" to ""
[609.348s] -- Installing: /home/lhl/nav2_ws/src/install/nav2_behavior_tree/lib/libnav2_speed_controller_bt_node.so
[609.348s] -- Set runtime path of "/home/lhl/nav2_ws/src/install/nav2_behavior_tree/lib/libnav2_speed_controller_bt_node.so" to ""
[609.348s] -- Installing: /home/lhl/nav2_ws/src/install/nav2_behavior_tree/lib/libnav2_truncate_path_action_bt_node.so
[609.348s] -- Set runtime path of "/home/lhl/nav2_ws/src/install/nav2_behavior_tree/lib/libnav2_truncate_path_action_bt_node.so" to ""
[609.348s] -- Installing: /home/lhl/nav2_ws/src/install/nav2_behavior_tree/lib/libnav2_truncate_path_local_action_bt_node.so
[609.348s] -- Set runtime path of "/home/lhl/nav2_ws/src/install/nav2_behavior_tree/lib/libnav2_truncate_path_local_action_bt_node.so" to ""
[609.348s] -- Installing: /home/lhl/nav2_ws/src/install/nav2_behavior_tree/lib/libnav2_goal_updater_node_bt_node.so
[609.348s] -- Set runtime path of "/home/lhl/nav2_ws/src/install/nav2_behavior_tree/lib/libnav2_goal_updater_node_bt_node.so" to ""
[609.348s] -- Installing: /home/lhl/nav2_ws/src/install/nav2_behavior_tree/lib/libnav2_path_longer_on_approach_bt_node.so
[609.349s] -- Set runtime path of "/home/lhl/nav2_ws/src/install/nav2_behavior_tree/lib/libnav2_path_longer_on_approach_bt_node.so" to ""
[609.349s] -- Installing: /home/lhl/nav2_ws/src/install/nav2_behavior_tree/lib/libnav2_recovery_node_bt_node.so
[609.349s] -- Set runtime path of "/home/lhl/nav2_ws/src/install/nav2_behavior_tree/lib/libnav2_recovery_node_bt_node.so" to ""
[609.349s] -- Installing: /home/lhl/nav2_ws/src/install/nav2_behavior_tree/lib/libnav2_navigate_to_pose_action_bt_node.so
[609.349s] -- Set runtime path of "/home/lhl/nav2_ws/src/install/nav2_behavior_tree/lib/libnav2_navigate_to_pose_action_bt_node.so" to ""
[609.349s] -- Installing: /home/lhl/nav2_ws/src/install/nav2_behavior_tree/lib/libnav2_navigate_through_poses_action_bt_node.so
[609.349s] -- Set runtime path of "/home/lhl/nav2_ws/src/install/nav2_behavior_tree/lib/libnav2_navigate_through_poses_action_bt_node.so" to ""
[609.349s] -- Installing: /home/lhl/nav2_ws/src/install/nav2_behavior_tree/lib/libnav2_remove_passed_goals_action_bt_node.so
[609.350s] -- Set runtime path of "/home/lhl/nav2_ws/src/install/nav2_behavior_tree/lib/libnav2_remove_passed_goals_action_bt_node.so" to ""
[609.350s] -- Installing: /home/lhl/nav2_ws/src/install/nav2_behavior_tree/lib/libnav2_pipeline_sequence_bt_node.so
[609.351s] -- Set runtime path of "/home/lhl/nav2_ws/src/install/nav2_behavior_tree/lib/libnav2_pipeline_sequence_bt_node.so" to ""
[609.351s] -- Installing: /home/lhl/nav2_ws/src/install/nav2_behavior_tree/lib/libnav2_round_robin_node_bt_node.so
[609.351s] -- Set runtime path of "/home/lhl/nav2_ws/src/install/nav2_behavior_tree/lib/libnav2_round_robin_node_bt_node.so" to ""
[609.351s] -- Installing: /home/lhl/nav2_ws/src/install/nav2_behavior_tree/lib/libnav2_single_trigger_bt_node.so
[609.351s] -- Set runtime path of "/home/lhl/nav2_ws/src/install/nav2_behavior_tree/lib/libnav2_single_trigger_bt_node.so" to ""
[609.352s] -- Installing: /home/lhl/nav2_ws/src/install/nav2_behavior_tree/lib/libnav2_planner_selector_bt_node.so
[609.352s] -- Set runtime path of "/home/lhl/nav2_ws/src/install/nav2_behavior_tree/lib/libnav2_planner_selector_bt_node.so" to ""
[609.352s] -- Installing: /home/lhl/nav2_ws/src/install/nav2_behavior_tree/lib/libnav2_controller_selector_bt_node.so
[609.354s] -- Set runtime path of "/home/lhl/nav2_ws/src/install/nav2_behavior_tree/lib/libnav2_controller_selector_bt_node.so" to ""
[609.354s] -- Installing: /home/lhl/nav2_ws/src/install/nav2_behavior_tree/lib/libnav2_smoother_selector_bt_node.so
[609.354s] -- Set runtime path of "/home/lhl/nav2_ws/src/install/nav2_behavior_tree/lib/libnav2_smoother_selector_bt_node.so" to ""
[609.354s] -- Installing: /home/lhl/nav2_ws/src/install/nav2_behavior_tree/lib/libnav2_goal_checker_selector_bt_node.so
[609.354s] -- Set runtime path of "/home/lhl/nav2_ws/src/install/nav2_behavior_tree/lib/libnav2_goal_checker_selector_bt_node.so" to ""
[609.354s] -- Installing: /home/lhl/nav2_ws/src/install/nav2_behavior_tree/lib/libnav2_goal_updated_controller_bt_node.so
[609.354s] -- Set runtime path of "/home/lhl/nav2_ws/src/install/nav2_behavior_tree/lib/libnav2_goal_updated_controller_bt_node.so" to ""
[609.354s] -- Installing: /home/lhl/nav2_ws/src/install/nav2_behavior_tree/include/
[609.354s] -- Installing: /home/lhl/nav2_ws/src/install/nav2_behavior_tree/include//nav2_behavior_tree
[609.355s] -- Installing: /home/lhl/nav2_ws/src/install/nav2_behavior_tree/include//nav2_behavior_tree/plugins
[609.355s] -- Installing: /home/lhl/nav2_ws/src/install/nav2_behavior_tree/include//nav2_behavior_tree/plugins/condition
[609.355s] -- Installing: /home/lhl/nav2_ws/src/install/nav2_behavior_tree/include//nav2_behavior_tree/plugins/condition/transform_available_condition.hpp
[609.355s] -- Installing: /home/lhl/nav2_ws/src/install/nav2_behavior_tree/include//nav2_behavior_tree/plugins/condition/distance_traveled_condition.hpp
[609.355s] -- Installing: /home/lhl/nav2_ws/src/install/nav2_behavior_tree/include//nav2_behavior_tree/plugins/condition/goal_reached_condition.hpp
[609.355s] -- Installing: /home/lhl/nav2_ws/src/install/nav2_behavior_tree/include//nav2_behavior_tree/plugins/condition/is_path_valid_condition.hpp
[609.355s] -- Installing: /home/lhl/nav2_ws/src/install/nav2_behavior_tree/include//nav2_behavior_tree/plugins/condition/goal_updated_condition.hpp
[609.355s] -- Installing: /home/lhl/nav2_ws/src/install/nav2_behavior_tree/include//nav2_behavior_tree/plugins/condition/is_battery_low_condition.hpp
[609.355s] -- Installing: /home/lhl/nav2_ws/src/install/nav2_behavior_tree/include//nav2_behavior_tree/plugins/condition/time_expired_condition.hpp
[609.355s] -- Installing: /home/lhl/nav2_ws/src/install/nav2_behavior_tree/include//nav2_behavior_tree/plugins/condition/globally_updated_goal_condition.hpp
[609.356s] -- Installing: /home/lhl/nav2_ws/src/install/nav2_behavior_tree/include//nav2_behavior_tree/plugins/condition/is_stuck_condition.hpp
[609.356s] -- Installing: /home/lhl/nav2_ws/src/install/nav2_behavior_tree/include//nav2_behavior_tree/plugins/condition/path_expiring_timer_condition.hpp
[609.356s] -- Installing: /home/lhl/nav2_ws/src/install/nav2_behavior_tree/include//nav2_behavior_tree/plugins/condition/initial_pose_received_condition.hpp
[609.356s] -- Installing: /home/lhl/nav2_ws/src/install/nav2_behavior_tree/include//nav2_behavior_tree/plugins/decorator
[609.356s] -- Installing: /home/lhl/nav2_ws/src/install/nav2_behavior_tree/include//nav2_behavior_tree/plugins/decorator/distance_controller.hpp
[609.356s] -- Installing: /home/lhl/nav2_ws/src/install/nav2_behavior_tree/include//nav2_behavior_tree/plugins/decorator/goal_updater_node.hpp
[609.356s] -- Installing: /home/lhl/nav2_ws/src/install/nav2_behavior_tree/include//nav2_behavior_tree/plugins/decorator/goal_updated_controller.hpp
[609.356s] -- Installing: /home/lhl/nav2_ws/src/install/nav2_behavior_tree/include//nav2_behavior_tree/plugins/decorator/speed_controller.hpp
[609.356s] -- Installing: /home/lhl/nav2_ws/src/install/nav2_behavior_tree/include//nav2_behavior_tree/plugins/decorator/path_longer_on_approach.hpp
[609.356s] -- Installing: /home/lhl/nav2_ws/src/install/nav2_behavior_tree/include//nav2_behavior_tree/plugins/decorator/single_trigger_node.hpp
[609.356s] -- Installing: /home/lhl/nav2_ws/src/install/nav2_behavior_tree/include//nav2_behavior_tree/plugins/decorator/rate_controller.hpp
[609.357s] -- Installing: /home/lhl/nav2_ws/src/install/nav2_behavior_tree/include//nav2_behavior_tree/plugins/control
[609.357s] -- Installing: /home/lhl/nav2_ws/src/install/nav2_behavior_tree/include//nav2_behavior_tree/plugins/control/recovery_node.hpp
[609.357s] -- Installing: /home/lhl/nav2_ws/src/install/nav2_behavior_tree/include//nav2_behavior_tree/plugins/control/round_robin_node.hpp
[609.357s] -- Installing: /home/lhl/nav2_ws/src/install/nav2_behavior_tree/include//nav2_behavior_tree/plugins/control/pipeline_sequence.hpp
[609.357s] -- Installing: /home/lhl/nav2_ws/src/install/nav2_behavior_tree/include//nav2_behavior_tree/plugins/action
[609.357s] -- Installing: /home/lhl/nav2_ws/src/install/nav2_behavior_tree/include//nav2_behavior_tree/plugins/action/navigate_to_pose_action.hpp
[609.357s] -- Installing: /home/lhl/nav2_ws/src/install/nav2_behavior_tree/include//nav2_behavior_tree/plugins/action/assisted_teleop_action.hpp
[609.357s] -- Installing: /home/lhl/nav2_ws/src/install/nav2_behavior_tree/include//nav2_behavior_tree/plugins/action/back_up_action.hpp
[609.358s] -- Installing: /home/lhl/nav2_ws/src/install/nav2_behavior_tree/include//nav2_behavior_tree/plugins/action/spin_action.hpp
[609.358s] -- Installing: /home/lhl/nav2_ws/src/install/nav2_behavior_tree/include//nav2_behavior_tree/plugins/action/controller_cancel_node.hpp
[609.358s] -- Installing: /home/lhl/nav2_ws/src/install/nav2_behavior_tree/include//nav2_behavior_tree/plugins/action/reinitialize_global_localization_service.hpp
[609.358s] -- Installing: /home/lhl/nav2_ws/src/install/nav2_behavior_tree/include//nav2_behavior_tree/plugins/action/assisted_teleop_cancel_node.hpp
[609.358s] -- Installing: /home/lhl/nav2_ws/src/install/nav2_behavior_tree/include//nav2_behavior_tree/plugins/action/smooth_path_action.hpp
[609.358s] -- Installing: /home/lhl/nav2_ws/src/install/nav2_behavior_tree/include//nav2_behavior_tree/plugins/action/truncate_path_local_action.hpp
[609.358s] -- Installing: /home/lhl/nav2_ws/src/install/nav2_behavior_tree/include//nav2_behavior_tree/plugins/action/goal_checker_selector_node.hpp
[609.358s] -- Installing: /home/lhl/nav2_ws/src/install/nav2_behavior_tree/include//nav2_behavior_tree/plugins/action/drive_on_heading_action.hpp
[609.358s] -- Installing: /home/lhl/nav2_ws/src/install/nav2_behavior_tree/include//nav2_behavior_tree/plugins/action/navigate_through_poses_action.hpp
[609.358s] -- Installing: /home/lhl/nav2_ws/src/install/nav2_behavior_tree/include//nav2_behavior_tree/plugins/action/follow_path_action.hpp
[609.358s] -- Installing: /home/lhl/nav2_ws/src/install/nav2_behavior_tree/include//nav2_behavior_tree/plugins/action/drive_on_heading_cancel_node.hpp
[609.359s] -- Installing: /home/lhl/nav2_ws/src/install/nav2_behavior_tree/include//nav2_behavior_tree/plugins/action/back_up_cancel_node.hpp
[609.359s] -- Installing: /home/lhl/nav2_ws/src/install/nav2_behavior_tree/include//nav2_behavior_tree/plugins/action/truncate_path_action.hpp
[609.359s] -- Installing: /home/lhl/nav2_ws/src/install/nav2_behavior_tree/include//nav2_behavior_tree/plugins/action/wait_action.hpp
[609.359s] -- Installing: /home/lhl/nav2_ws/src/install/nav2_behavior_tree/include//nav2_behavior_tree/plugins/action/spin_cancel_node.hpp
[609.359s] -- Installing: /home/lhl/nav2_ws/src/install/nav2_behavior_tree/include//nav2_behavior_tree/plugins/action/compute_path_through_poses_action.hpp
[609.359s] -- Installing: /home/lhl/nav2_ws/src/install/nav2_behavior_tree/include//nav2_behavior_tree/plugins/action/clear_costmap_service.hpp
[609.359s] -- Installing: /home/lhl/nav2_ws/src/install/nav2_behavior_tree/include//nav2_behavior_tree/plugins/action/remove_passed_goals_action.hpp
[609.359s] -- Installing: /home/lhl/nav2_ws/src/install/nav2_behavior_tree/include//nav2_behavior_tree/plugins/action/controller_selector_node.hpp
[609.359s] -- Installing: /home/lhl/nav2_ws/src/install/nav2_behavior_tree/include//nav2_behavior_tree/plugins/action/compute_path_to_pose_action.hpp
[609.359s] -- Installing: /home/lhl/nav2_ws/src/install/nav2_behavior_tree/include//nav2_behavior_tree/plugins/action/wait_cancel_node.hpp
[609.359s] -- Installing: /home/lhl/nav2_ws/src/install/nav2_behavior_tree/include//nav2_behavior_tree/plugins/action/planner_selector_node.hpp
[609.359s] -- Installing: /home/lhl/nav2_ws/src/install/nav2_behavior_tree/include//nav2_behavior_tree/plugins/action/smoother_selector_node.hpp
[609.360s] -- Installing: /home/lhl/nav2_ws/src/install/nav2_behavior_tree/include//nav2_behavior_tree/bt_cancel_action_node.hpp
[609.360s] -- Installing: /home/lhl/nav2_ws/src/install/nav2_behavior_tree/include//nav2_behavior_tree/bt_service_node.hpp
[609.360s] -- Installing: /home/lhl/nav2_ws/src/install/nav2_behavior_tree/include//nav2_behavior_tree/bt_action_node.hpp
[609.360s] -- Installing: /home/lhl/nav2_ws/src/install/nav2_behavior_tree/include//nav2_behavior_tree/bt_action_server.hpp
[609.360s] -- Installing: /home/lhl/nav2_ws/src/install/nav2_behavior_tree/include//nav2_behavior_tree/bt_action_server_impl.hpp
[609.361s] -- Installing: /home/lhl/nav2_ws/src/install/nav2_behavior_tree/include//nav2_behavior_tree/behavior_tree_engine.hpp
[609.361s] -- Installing: /home/lhl/nav2_ws/src/install/nav2_behavior_tree/include//nav2_behavior_tree/ros_topic_logger.hpp
[609.361s] -- Installing: /home/lhl/nav2_ws/src/install/nav2_behavior_tree/include//nav2_behavior_tree/bt_conversions.hpp
[609.361s] -- Installing: /home/lhl/nav2_ws/src/install/nav2_behavior_tree/share/nav2_behavior_tree/nav2_tree_nodes.xml
[609.376s] -- Installing: /home/lhl/nav2_ws/src/install/nav2_behavior_tree/share/nav2_behavior_tree/environment/library_path.sh
[609.376s] -- Installing: /home/lhl/nav2_ws/src/install/nav2_behavior_tree/share/nav2_behavior_tree/environment/library_path.dsv
[609.395s] -- Installing: /home/lhl/nav2_ws/src/install/nav2_behavior_tree/share/ament_index/resource_index/package_run_dependencies/nav2_behavior_tree
[609.395s] -- Installing: /home/lhl/nav2_ws/src/install/nav2_behavior_tree/share/ament_index/resource_index/parent_prefix_path/nav2_behavior_tree
[609.395s] -- Installing: /home/lhl/nav2_ws/src/install/nav2_behavior_tree/share/nav2_behavior_tree/environment/ament_prefix_path.sh
[609.396s] -- Installing: /home/lhl/nav2_ws/src/install/nav2_behavior_tree/share/nav2_behavior_tree/environment/ament_prefix_path.dsv
[609.396s] -- Installing: /home/lhl/nav2_ws/src/install/nav2_behavior_tree/share/nav2_behavior_tree/environment/path.sh
[609.396s] -- Installing: /home/lhl/nav2_ws/src/install/nav2_behavior_tree/share/nav2_behavior_tree/environment/path.dsv
[609.396s] -- Installing: /home/lhl/nav2_ws/src/install/nav2_behavior_tree/share/nav2_behavior_tree/local_setup.bash
[609.396s] -- Installing: /home/lhl/nav2_ws/src/install/nav2_behavior_tree/share/nav2_behavior_tree/local_setup.sh
[609.396s] -- Installing: /home/lhl/nav2_ws/src/install/nav2_behavior_tree/share/nav2_behavior_tree/local_setup.zsh
[609.396s] -- Installing: /home/lhl/nav2_ws/src/install/nav2_behavior_tree/share/nav2_behavior_tree/local_setup.dsv
[609.396s] -- Installing: /home/lhl/nav2_ws/src/install/nav2_behavior_tree/share/nav2_behavior_tree/package.dsv
[609.396s] -- Installing: /home/lhl/nav2_ws/src/install/nav2_behavior_tree/share/ament_index/resource_index/packages/nav2_behavior_tree
[609.397s] -- Installing: /home/lhl/nav2_ws/src/install/nav2_behavior_tree/share/nav2_behavior_tree/cmake/ament_cmake_export_include_directories-extras.cmake
[609.397s] -- Installing: /home/lhl/nav2_ws/src/install/nav2_behavior_tree/share/nav2_behavior_tree/cmake/ament_cmake_export_libraries-extras.cmake
[609.397s] -- Installing: /home/lhl/nav2_ws/src/install/nav2_behavior_tree/share/nav2_behavior_tree/cmake/ament_cmake_export_dependencies-extras.cmake
[609.397s] -- Installing: /home/lhl/nav2_ws/src/install/nav2_behavior_tree/share/nav2_behavior_tree/cmake/nav2_behavior_treeConfig.cmake
[609.397s] -- Installing: /home/lhl/nav2_ws/src/install/nav2_behavior_tree/share/nav2_behavior_tree/cmake/nav2_behavior_treeConfig-version.cmake
[609.397s] -- Installing: /home/lhl/nav2_ws/src/install/nav2_behavior_tree/share/nav2_behavior_tree/package.xml
[609.397s] Invoked command in '/home/lhl/nav2_ws/src/build/nav2_behavior_tree' returned '0': AMENT_PREFIX_PATH=/home/lhl/nav2_ws/src/install/nav2_util:/home/lhl/nav2_ws/src/install/nav2_msgs:/home/lhl/nav2_ws/src/install/nav2_common:${AMENT_PREFIX_PATH} CMAKE_PREFIX_PATH=/home/lhl/nav2_ws/src/install/nav2_util:/home/lhl/nav2_ws/src/install/nav2_msgs:/home/lhl/nav2_ws/src/install/nav2_common:/opt/ros/humble LD_LIBRARY_PATH=/home/lhl/nav2_ws/src/install/nav2_util/lib:/home/lhl/nav2_ws/src/install/nav2_msgs/lib:${LD_LIBRARY_PATH} PYTHONPATH=/home/lhl/nav2_ws/src/install/nav2_msgs/local/lib/python3.10/dist-packages:/home/lhl/nav2_ws/src/install/nav2_common/local/lib/python3.10/dist-packages:${PYTHONPATH} /usr/bin/cmake --install /home/lhl/nav2_ws/src/build/nav2_behavior_tree
