[0.022s] Invoking command in '/home/lhl/nav2_ws/src/build/dwb_msgs': CMAKE_PREFIX_PATH=/home/lhl/nav2_ws/src/install/nav_2d_msgs:/home/lhl/nav2_ws/src/install/sam_bot_description:/home/lhl/nav2_ws/src/install/nav2_system_tests:/home/lhl/nav2_ws/src/install/nav2_bringup:/home/lhl/nav2_ws/src/install/navigation2:/home/lhl/nav2_ws/src/install/nav2_smoother:/home/lhl/nav2_ws/src/install/nav2_dwb_controller:/home/lhl/nav2_ws/src/install/nav2_controller:/home/lhl/nav2_ws/src/install/dwb_plugins:/home/lhl/nav2_ws/src/install/dwb_critics:/home/lhl/nav2_ws/src/install/dwb_core:/home/lhl/nav2_ws/src/install/nav_2d_utils:/home/lhl/nav2_ws/src/install/dwb_msgs:/home/lhl/nav2_ws/src/install/nav2_waypoint_follower:/home/lhl/nav2_ws/src/install/nav2_theta_star_planner:/home/lhl/nav2_ws/src/install/nav2_smac_planner:/home/lhl/nav2_ws/src/install/nav2_rotation_shim_controller:/home/lhl/nav2_ws/src/install/nav2_regulated_pure_pursuit_controller:/home/lhl/nav2_ws/src/install/nav2_planner:/home/lhl/nav2_ws/src/install/nav2_navfn_planner:/home/lhl/nav2_ws/src/install/nav2_mppi_controller:/home/lhl/nav2_ws/src/install/nav2_constrained_smoother:/home/lhl/nav2_ws/src/install/nav2_bt_navigator:/home/lhl/nav2_ws/src/install/nav2_behaviors:/home/lhl/nav2_ws/src/install/nav2_core:/home/lhl/nav2_ws/src/install/nav2_collision_monitor:/home/lhl/nav2_ws/src/install/costmap_queue:/home/lhl/nav2_ws/src/install/nav2_costmap_2d:/home/lhl/nav2_ws/src/install/nav2_voxel_grid:/home/lhl/nav2_ws/src/install/nav2_velocity_smoother:/home/lhl/nav2_ws/src/install/nav2_rviz_plugins:/home/lhl/nav2_ws/src/install/nav2_map_server:/home/lhl/nav2_ws/src/install/nav2_lifecycle_manager:/home/lhl/nav2_ws/src/install/nav2_behavior_tree:/home/lhl/nav2_ws/src/install/nav2_amcl:/home/lhl/nav2_ws/src/install/nav2_util:/home/lhl/nav2_ws/src/install/nav2_msgs:/home/lhl/nav2_ws/src/install/nav2_common:/home/lhl/nav2_ws/src/install/nav2_simple_commander:/opt/ros/humble LD_LIBRARY_PATH=/home/lhl/nav2_ws/src/install/nav_2d_msgs/lib:/home/lhl/nav2_ws/src/install/nav2_smoother/lib:/home/lhl/nav2_ws/src/install/nav2_controller/lib:/home/lhl/nav2_ws/src/install/dwb_plugins/lib:/home/lhl/nav2_ws/src/install/dwb_critics/lib:/home/lhl/nav2_ws/src/install/dwb_core/lib:/home/lhl/nav2_ws/src/install/nav_2d_utils/lib:/home/lhl/nav2_ws/src/install/dwb_msgs/lib:/home/lhl/nav2_ws/src/install/nav2_waypoint_follower/lib:/home/lhl/nav2_ws/src/install/nav2_theta_star_planner/lib:/home/lhl/nav2_ws/src/install/nav2_smac_planner/lib:/home/lhl/nav2_ws/src/install/nav2_rotation_shim_controller/lib:/home/lhl/nav2_ws/src/install/nav2_regulated_pure_pursuit_controller/lib:/home/lhl/nav2_ws/src/install/nav2_planner/lib:/home/lhl/nav2_ws/src/install/nav2_navfn_planner/lib:/home/lhl/nav2_ws/src/install/nav2_mppi_controller/lib:/home/lhl/nav2_ws/src/install/nav2_constrained_smoother/lib:/home/lhl/nav2_ws/src/install/nav2_bt_navigator/lib:/home/lhl/nav2_ws/src/install/nav2_behaviors/lib:/home/lhl/nav2_ws/src/install/nav2_collision_monitor/lib:/home/lhl/nav2_ws/src/install/costmap_queue/lib:/home/lhl/nav2_ws/src/install/nav2_costmap_2d/lib:/home/lhl/nav2_ws/src/install/nav2_voxel_grid/lib:/home/lhl/nav2_ws/src/install/nav2_velocity_smoother/lib:/home/lhl/nav2_ws/src/install/nav2_rviz_plugins/lib:/home/lhl/nav2_ws/src/install/nav2_map_server/lib:/home/lhl/nav2_ws/src/install/nav2_lifecycle_manager/lib:/home/lhl/nav2_ws/src/install/nav2_behavior_tree/lib:/home/lhl/nav2_ws/src/install/nav2_amcl/lib:/home/lhl/nav2_ws/src/install/nav2_util/lib:/home/lhl/nav2_ws/src/install/nav2_msgs/lib:/usr/lib/x86_64-linux-gnu/gazebo-11/plugins:/opt/ros/humble/opt/rviz_ogre_vendor/lib:/opt/ros/humble/lib/x86_64-linux-gnu:/opt/ros/humble/lib /usr/bin/cmake --build /home/lhl/nav2_ws/src/build/dwb_msgs -- -j8 -l8
[0.092s] [  1%] Built target dwb_msgs__cpp
[0.108s] [ 12%] Built target dwb_msgs__rosidl_generator_c
[0.124s] [ 12%] Built target ament_cmake_python_copy_dwb_msgs
[0.157s] [ 24%] Built target dwb_msgs__rosidl_typesupport_introspection_cpp
[0.160s] [ 35%] Built target dwb_msgs__rosidl_typesupport_fastrtps_cpp
[0.161s] [ 47%] Built target dwb_msgs__rosidl_typesupport_cpp
[0.176s] [ 58%] Built target dwb_msgs__rosidl_typesupport_fastrtps_c
[0.185s] [ 70%] Built target dwb_msgs__rosidl_typesupport_introspection_c
[0.197s] [ 82%] Built target dwb_msgs__rosidl_typesupport_c
[0.227s] [ 82%] Built target dwb_msgs
[0.258s] [ 83%] Built target dwb_msgs__py
[0.291s] [ 93%] Built target dwb_msgs__rosidl_generator_py
[0.343s] [ 95%] Built target dwb_msgs__rosidl_typesupport_introspection_c__pyext
[0.345s] [ 97%] Built target dwb_msgs__rosidl_typesupport_fastrtps_c__pyext
[0.353s] [100%] Built target dwb_msgs__rosidl_typesupport_c__pyext
[0.498s] running egg_info
[0.500s] writing dwb_msgs.egg-info/PKG-INFO
[0.500s] writing dependency_links to dwb_msgs.egg-info/dependency_links.txt
[0.500s] writing top-level names to dwb_msgs.egg-info/top_level.txt
[0.503s] reading manifest file 'dwb_msgs.egg-info/SOURCES.txt'
[0.504s] writing manifest file 'dwb_msgs.egg-info/SOURCES.txt'
[0.553s] [100%] Built target ament_cmake_python_build_dwb_msgs_egg
[0.574s] Invoked command in '/home/lhl/nav2_ws/src/build/dwb_msgs' returned '0': CMAKE_PREFIX_PATH=/home/lhl/nav2_ws/src/install/nav_2d_msgs:/home/lhl/nav2_ws/src/install/sam_bot_description:/home/lhl/nav2_ws/src/install/nav2_system_tests:/home/lhl/nav2_ws/src/install/nav2_bringup:/home/lhl/nav2_ws/src/install/navigation2:/home/lhl/nav2_ws/src/install/nav2_smoother:/home/lhl/nav2_ws/src/install/nav2_dwb_controller:/home/lhl/nav2_ws/src/install/nav2_controller:/home/lhl/nav2_ws/src/install/dwb_plugins:/home/lhl/nav2_ws/src/install/dwb_critics:/home/lhl/nav2_ws/src/install/dwb_core:/home/lhl/nav2_ws/src/install/nav_2d_utils:/home/lhl/nav2_ws/src/install/dwb_msgs:/home/lhl/nav2_ws/src/install/nav2_waypoint_follower:/home/lhl/nav2_ws/src/install/nav2_theta_star_planner:/home/lhl/nav2_ws/src/install/nav2_smac_planner:/home/lhl/nav2_ws/src/install/nav2_rotation_shim_controller:/home/lhl/nav2_ws/src/install/nav2_regulated_pure_pursuit_controller:/home/lhl/nav2_ws/src/install/nav2_planner:/home/lhl/nav2_ws/src/install/nav2_navfn_planner:/home/lhl/nav2_ws/src/install/nav2_mppi_controller:/home/lhl/nav2_ws/src/install/nav2_constrained_smoother:/home/lhl/nav2_ws/src/install/nav2_bt_navigator:/home/lhl/nav2_ws/src/install/nav2_behaviors:/home/lhl/nav2_ws/src/install/nav2_core:/home/lhl/nav2_ws/src/install/nav2_collision_monitor:/home/lhl/nav2_ws/src/install/costmap_queue:/home/lhl/nav2_ws/src/install/nav2_costmap_2d:/home/lhl/nav2_ws/src/install/nav2_voxel_grid:/home/lhl/nav2_ws/src/install/nav2_velocity_smoother:/home/lhl/nav2_ws/src/install/nav2_rviz_plugins:/home/lhl/nav2_ws/src/install/nav2_map_server:/home/lhl/nav2_ws/src/install/nav2_lifecycle_manager:/home/lhl/nav2_ws/src/install/nav2_behavior_tree:/home/lhl/nav2_ws/src/install/nav2_amcl:/home/lhl/nav2_ws/src/install/nav2_util:/home/lhl/nav2_ws/src/install/nav2_msgs:/home/lhl/nav2_ws/src/install/nav2_common:/home/lhl/nav2_ws/src/install/nav2_simple_commander:/opt/ros/humble LD_LIBRARY_PATH=/home/lhl/nav2_ws/src/install/nav_2d_msgs/lib:/home/lhl/nav2_ws/src/install/nav2_smoother/lib:/home/lhl/nav2_ws/src/install/nav2_controller/lib:/home/lhl/nav2_ws/src/install/dwb_plugins/lib:/home/lhl/nav2_ws/src/install/dwb_critics/lib:/home/lhl/nav2_ws/src/install/dwb_core/lib:/home/lhl/nav2_ws/src/install/nav_2d_utils/lib:/home/lhl/nav2_ws/src/install/dwb_msgs/lib:/home/lhl/nav2_ws/src/install/nav2_waypoint_follower/lib:/home/lhl/nav2_ws/src/install/nav2_theta_star_planner/lib:/home/lhl/nav2_ws/src/install/nav2_smac_planner/lib:/home/lhl/nav2_ws/src/install/nav2_rotation_shim_controller/lib:/home/lhl/nav2_ws/src/install/nav2_regulated_pure_pursuit_controller/lib:/home/lhl/nav2_ws/src/install/nav2_planner/lib:/home/lhl/nav2_ws/src/install/nav2_navfn_planner/lib:/home/lhl/nav2_ws/src/install/nav2_mppi_controller/lib:/home/lhl/nav2_ws/src/install/nav2_constrained_smoother/lib:/home/lhl/nav2_ws/src/install/nav2_bt_navigator/lib:/home/lhl/nav2_ws/src/install/nav2_behaviors/lib:/home/lhl/nav2_ws/src/install/nav2_collision_monitor/lib:/home/lhl/nav2_ws/src/install/costmap_queue/lib:/home/lhl/nav2_ws/src/install/nav2_costmap_2d/lib:/home/lhl/nav2_ws/src/install/nav2_voxel_grid/lib:/home/lhl/nav2_ws/src/install/nav2_velocity_smoother/lib:/home/lhl/nav2_ws/src/install/nav2_rviz_plugins/lib:/home/lhl/nav2_ws/src/install/nav2_map_server/lib:/home/lhl/nav2_ws/src/install/nav2_lifecycle_manager/lib:/home/lhl/nav2_ws/src/install/nav2_behavior_tree/lib:/home/lhl/nav2_ws/src/install/nav2_amcl/lib:/home/lhl/nav2_ws/src/install/nav2_util/lib:/home/lhl/nav2_ws/src/install/nav2_msgs/lib:/usr/lib/x86_64-linux-gnu/gazebo-11/plugins:/opt/ros/humble/opt/rviz_ogre_vendor/lib:/opt/ros/humble/lib/x86_64-linux-gnu:/opt/ros/humble/lib /usr/bin/cmake --build /home/lhl/nav2_ws/src/build/dwb_msgs -- -j8 -l8
[1.051s] Invoking command in '/home/lhl/nav2_ws/src/build/dwb_msgs': CMAKE_PREFIX_PATH=/home/lhl/nav2_ws/src/install/nav_2d_msgs:/home/lhl/nav2_ws/src/install/sam_bot_description:/home/lhl/nav2_ws/src/install/nav2_system_tests:/home/lhl/nav2_ws/src/install/nav2_bringup:/home/lhl/nav2_ws/src/install/navigation2:/home/lhl/nav2_ws/src/install/nav2_smoother:/home/lhl/nav2_ws/src/install/nav2_dwb_controller:/home/lhl/nav2_ws/src/install/nav2_controller:/home/lhl/nav2_ws/src/install/dwb_plugins:/home/lhl/nav2_ws/src/install/dwb_critics:/home/lhl/nav2_ws/src/install/dwb_core:/home/lhl/nav2_ws/src/install/nav_2d_utils:/home/lhl/nav2_ws/src/install/dwb_msgs:/home/lhl/nav2_ws/src/install/nav2_waypoint_follower:/home/lhl/nav2_ws/src/install/nav2_theta_star_planner:/home/lhl/nav2_ws/src/install/nav2_smac_planner:/home/lhl/nav2_ws/src/install/nav2_rotation_shim_controller:/home/lhl/nav2_ws/src/install/nav2_regulated_pure_pursuit_controller:/home/lhl/nav2_ws/src/install/nav2_planner:/home/lhl/nav2_ws/src/install/nav2_navfn_planner:/home/lhl/nav2_ws/src/install/nav2_mppi_controller:/home/lhl/nav2_ws/src/install/nav2_constrained_smoother:/home/lhl/nav2_ws/src/install/nav2_bt_navigator:/home/lhl/nav2_ws/src/install/nav2_behaviors:/home/lhl/nav2_ws/src/install/nav2_core:/home/lhl/nav2_ws/src/install/nav2_collision_monitor:/home/lhl/nav2_ws/src/install/costmap_queue:/home/lhl/nav2_ws/src/install/nav2_costmap_2d:/home/lhl/nav2_ws/src/install/nav2_voxel_grid:/home/lhl/nav2_ws/src/install/nav2_velocity_smoother:/home/lhl/nav2_ws/src/install/nav2_rviz_plugins:/home/lhl/nav2_ws/src/install/nav2_map_server:/home/lhl/nav2_ws/src/install/nav2_lifecycle_manager:/home/lhl/nav2_ws/src/install/nav2_behavior_tree:/home/lhl/nav2_ws/src/install/nav2_amcl:/home/lhl/nav2_ws/src/install/nav2_util:/home/lhl/nav2_ws/src/install/nav2_msgs:/home/lhl/nav2_ws/src/install/nav2_common:/home/lhl/nav2_ws/src/install/nav2_simple_commander:/opt/ros/humble LD_LIBRARY_PATH=/home/lhl/nav2_ws/src/install/nav_2d_msgs/lib:/home/lhl/nav2_ws/src/install/nav2_smoother/lib:/home/lhl/nav2_ws/src/install/nav2_controller/lib:/home/lhl/nav2_ws/src/install/dwb_plugins/lib:/home/lhl/nav2_ws/src/install/dwb_critics/lib:/home/lhl/nav2_ws/src/install/dwb_core/lib:/home/lhl/nav2_ws/src/install/nav_2d_utils/lib:/home/lhl/nav2_ws/src/install/dwb_msgs/lib:/home/lhl/nav2_ws/src/install/nav2_waypoint_follower/lib:/home/lhl/nav2_ws/src/install/nav2_theta_star_planner/lib:/home/lhl/nav2_ws/src/install/nav2_smac_planner/lib:/home/lhl/nav2_ws/src/install/nav2_rotation_shim_controller/lib:/home/lhl/nav2_ws/src/install/nav2_regulated_pure_pursuit_controller/lib:/home/lhl/nav2_ws/src/install/nav2_planner/lib:/home/lhl/nav2_ws/src/install/nav2_navfn_planner/lib:/home/lhl/nav2_ws/src/install/nav2_mppi_controller/lib:/home/lhl/nav2_ws/src/install/nav2_constrained_smoother/lib:/home/lhl/nav2_ws/src/install/nav2_bt_navigator/lib:/home/lhl/nav2_ws/src/install/nav2_behaviors/lib:/home/lhl/nav2_ws/src/install/nav2_collision_monitor/lib:/home/lhl/nav2_ws/src/install/costmap_queue/lib:/home/lhl/nav2_ws/src/install/nav2_costmap_2d/lib:/home/lhl/nav2_ws/src/install/nav2_voxel_grid/lib:/home/lhl/nav2_ws/src/install/nav2_velocity_smoother/lib:/home/lhl/nav2_ws/src/install/nav2_rviz_plugins/lib:/home/lhl/nav2_ws/src/install/nav2_map_server/lib:/home/lhl/nav2_ws/src/install/nav2_lifecycle_manager/lib:/home/lhl/nav2_ws/src/install/nav2_behavior_tree/lib:/home/lhl/nav2_ws/src/install/nav2_amcl/lib:/home/lhl/nav2_ws/src/install/nav2_util/lib:/home/lhl/nav2_ws/src/install/nav2_msgs/lib:/usr/lib/x86_64-linux-gnu/gazebo-11/plugins:/opt/ros/humble/opt/rviz_ogre_vendor/lib:/opt/ros/humble/lib/x86_64-linux-gnu:/opt/ros/humble/lib /usr/bin/cmake --install /home/lhl/nav2_ws/src/build/dwb_msgs
[1.061s] -- Install configuration: ""
[1.061s] -- Up-to-date: /home/lhl/nav2_ws/src/install/dwb_msgs/share/ament_index/resource_index/rosidl_interfaces/dwb_msgs
[1.061s] -- Up-to-date: /home/lhl/nav2_ws/src/install/dwb_msgs/include/dwb_msgs/dwb_msgs
[1.061s] -- Up-to-date: /home/lhl/nav2_ws/src/install/dwb_msgs/include/dwb_msgs/dwb_msgs/msg
[1.062s] -- Up-to-date: /home/lhl/nav2_ws/src/install/dwb_msgs/include/dwb_msgs/dwb_msgs/msg/critic_score.h
[1.062s] -- Up-to-date: /home/lhl/nav2_ws/src/install/dwb_msgs/include/dwb_msgs/dwb_msgs/msg/local_plan_evaluation.h
[1.062s] -- Up-to-date: /home/lhl/nav2_ws/src/install/dwb_msgs/include/dwb_msgs/dwb_msgs/msg/trajectory2_d.h
[1.062s] -- Up-to-date: /home/lhl/nav2_ws/src/install/dwb_msgs/include/dwb_msgs/dwb_msgs/msg/rosidl_generator_c__visibility_control.h
[1.063s] -- Up-to-date: /home/lhl/nav2_ws/src/install/dwb_msgs/include/dwb_msgs/dwb_msgs/msg/detail
[1.063s] -- Up-to-date: /home/lhl/nav2_ws/src/install/dwb_msgs/include/dwb_msgs/dwb_msgs/msg/detail/local_plan_evaluation__struct.h
[1.063s] -- Up-to-date: /home/lhl/nav2_ws/src/install/dwb_msgs/include/dwb_msgs/dwb_msgs/msg/detail/trajectory2_d__functions.h
[1.063s] -- Up-to-date: /home/lhl/nav2_ws/src/install/dwb_msgs/include/dwb_msgs/dwb_msgs/msg/detail/trajectory2_d__struct.h
[1.063s] -- Up-to-date: /home/lhl/nav2_ws/src/install/dwb_msgs/include/dwb_msgs/dwb_msgs/msg/detail/trajectory_score__functions.h
[1.063s] -- Up-to-date: /home/lhl/nav2_ws/src/install/dwb_msgs/include/dwb_msgs/dwb_msgs/msg/detail/critic_score__functions.h
[1.063s] -- Up-to-date: /home/lhl/nav2_ws/src/install/dwb_msgs/include/dwb_msgs/dwb_msgs/msg/detail/trajectory2_d__type_support.h
[1.064s] -- Up-to-date: /home/lhl/nav2_ws/src/install/dwb_msgs/include/dwb_msgs/dwb_msgs/msg/detail/local_plan_evaluation__functions.c
[1.064s] -- Up-to-date: /home/lhl/nav2_ws/src/install/dwb_msgs/include/dwb_msgs/dwb_msgs/msg/detail/local_plan_evaluation__type_support.h
[1.064s] -- Up-to-date: /home/lhl/nav2_ws/src/install/dwb_msgs/include/dwb_msgs/dwb_msgs/msg/detail/critic_score__type_support.h
[1.064s] -- Up-to-date: /home/lhl/nav2_ws/src/install/dwb_msgs/include/dwb_msgs/dwb_msgs/msg/detail/trajectory_score__struct.h
[1.064s] -- Up-to-date: /home/lhl/nav2_ws/src/install/dwb_msgs/include/dwb_msgs/dwb_msgs/msg/detail/trajectory_score__type_support.h
[1.064s] -- Up-to-date: /home/lhl/nav2_ws/src/install/dwb_msgs/include/dwb_msgs/dwb_msgs/msg/detail/local_plan_evaluation__functions.h
[1.064s] -- Up-to-date: /home/lhl/nav2_ws/src/install/dwb_msgs/include/dwb_msgs/dwb_msgs/msg/detail/critic_score__functions.c
[1.065s] -- Up-to-date: /home/lhl/nav2_ws/src/install/dwb_msgs/include/dwb_msgs/dwb_msgs/msg/detail/trajectory2_d__functions.c
[1.066s] -- Up-to-date: /home/lhl/nav2_ws/src/install/dwb_msgs/include/dwb_msgs/dwb_msgs/msg/detail/trajectory_score__functions.c
[1.066s] -- Up-to-date: /home/lhl/nav2_ws/src/install/dwb_msgs/include/dwb_msgs/dwb_msgs/msg/detail/critic_score__struct.h
[1.066s] -- Up-to-date: /home/lhl/nav2_ws/src/install/dwb_msgs/include/dwb_msgs/dwb_msgs/msg/trajectory_score.h
[1.066s] -- Up-to-date: /home/lhl/nav2_ws/src/install/dwb_msgs/include/dwb_msgs/dwb_msgs/srv
[1.066s] -- Up-to-date: /home/lhl/nav2_ws/src/install/dwb_msgs/include/dwb_msgs/dwb_msgs/srv/get_critic_score.h
[1.067s] -- Up-to-date: /home/lhl/nav2_ws/src/install/dwb_msgs/include/dwb_msgs/dwb_msgs/srv/generate_twists.h
[1.067s] -- Up-to-date: /home/lhl/nav2_ws/src/install/dwb_msgs/include/dwb_msgs/dwb_msgs/srv/generate_trajectory.h
[1.067s] -- Up-to-date: /home/lhl/nav2_ws/src/install/dwb_msgs/include/dwb_msgs/dwb_msgs/srv/debug_local_plan.h
[1.067s] -- Up-to-date: /home/lhl/nav2_ws/src/install/dwb_msgs/include/dwb_msgs/dwb_msgs/srv/score_trajectory.h
[1.067s] -- Up-to-date: /home/lhl/nav2_ws/src/install/dwb_msgs/include/dwb_msgs/dwb_msgs/srv/detail
[1.067s] -- Up-to-date: /home/lhl/nav2_ws/src/install/dwb_msgs/include/dwb_msgs/dwb_msgs/srv/detail/score_trajectory__functions.c
[1.067s] -- Up-to-date: /home/lhl/nav2_ws/src/install/dwb_msgs/include/dwb_msgs/dwb_msgs/srv/detail/get_critic_score__functions.h
[1.068s] -- Up-to-date: /home/lhl/nav2_ws/src/install/dwb_msgs/include/dwb_msgs/dwb_msgs/srv/detail/generate_twists__functions.h
[1.068s] -- Up-to-date: /home/lhl/nav2_ws/src/install/dwb_msgs/include/dwb_msgs/dwb_msgs/srv/detail/debug_local_plan__type_support.h
[1.068s] -- Up-to-date: /home/lhl/nav2_ws/src/install/dwb_msgs/include/dwb_msgs/dwb_msgs/srv/detail/debug_local_plan__functions.c
[1.068s] -- Up-to-date: /home/lhl/nav2_ws/src/install/dwb_msgs/include/dwb_msgs/dwb_msgs/srv/detail/generate_trajectory__struct.h
[1.069s] -- Up-to-date: /home/lhl/nav2_ws/src/install/dwb_msgs/include/dwb_msgs/dwb_msgs/srv/detail/score_trajectory__type_support.h
[1.069s] -- Up-to-date: /home/lhl/nav2_ws/src/install/dwb_msgs/include/dwb_msgs/dwb_msgs/srv/detail/get_critic_score__struct.h
[1.069s] -- Up-to-date: /home/lhl/nav2_ws/src/install/dwb_msgs/include/dwb_msgs/dwb_msgs/srv/detail/generate_trajectory__functions.h
[1.069s] -- Up-to-date: /home/lhl/nav2_ws/src/install/dwb_msgs/include/dwb_msgs/dwb_msgs/srv/detail/score_trajectory__struct.h
[1.069s] -- Up-to-date: /home/lhl/nav2_ws/src/install/dwb_msgs/include/dwb_msgs/dwb_msgs/srv/detail/generate_twists__type_support.h
[1.069s] -- Up-to-date: /home/lhl/nav2_ws/src/install/dwb_msgs/include/dwb_msgs/dwb_msgs/srv/detail/debug_local_plan__struct.h
[1.070s] -- Up-to-date: /home/lhl/nav2_ws/src/install/dwb_msgs/include/dwb_msgs/dwb_msgs/srv/detail/generate_twists__functions.c
[1.070s] -- Up-to-date: /home/lhl/nav2_ws/src/install/dwb_msgs/include/dwb_msgs/dwb_msgs/srv/detail/debug_local_plan__functions.h
[1.070s] -- Up-to-date: /home/lhl/nav2_ws/src/install/dwb_msgs/include/dwb_msgs/dwb_msgs/srv/detail/score_trajectory__functions.h
[1.070s] -- Up-to-date: /home/lhl/nav2_ws/src/install/dwb_msgs/include/dwb_msgs/dwb_msgs/srv/detail/generate_trajectory__functions.c
[1.070s] -- Up-to-date: /home/lhl/nav2_ws/src/install/dwb_msgs/include/dwb_msgs/dwb_msgs/srv/detail/get_critic_score__type_support.h
[1.071s] -- Up-to-date: /home/lhl/nav2_ws/src/install/dwb_msgs/include/dwb_msgs/dwb_msgs/srv/detail/get_critic_score__functions.c
[1.071s] -- Up-to-date: /home/lhl/nav2_ws/src/install/dwb_msgs/include/dwb_msgs/dwb_msgs/srv/detail/generate_trajectory__type_support.h
[1.071s] -- Up-to-date: /home/lhl/nav2_ws/src/install/dwb_msgs/include/dwb_msgs/dwb_msgs/srv/detail/generate_twists__struct.h
[1.071s] -- Up-to-date: /home/lhl/nav2_ws/src/install/dwb_msgs/share/dwb_msgs/environment/library_path.sh
[1.072s] -- Up-to-date: /home/lhl/nav2_ws/src/install/dwb_msgs/share/dwb_msgs/environment/library_path.dsv
[1.072s] -- Up-to-date: /home/lhl/nav2_ws/src/install/dwb_msgs/lib/libdwb_msgs__rosidl_generator_c.so
[1.072s] -- Up-to-date: /home/lhl/nav2_ws/src/install/dwb_msgs/include/dwb_msgs/dwb_msgs
[1.072s] -- Up-to-date: /home/lhl/nav2_ws/src/install/dwb_msgs/include/dwb_msgs/dwb_msgs/msg
[1.072s] -- Up-to-date: /home/lhl/nav2_ws/src/install/dwb_msgs/include/dwb_msgs/dwb_msgs/msg/rosidl_typesupport_fastrtps_c__visibility_control.h
[1.072s] -- Up-to-date: /home/lhl/nav2_ws/src/install/dwb_msgs/include/dwb_msgs/dwb_msgs/msg/detail
[1.072s] -- Up-to-date: /home/lhl/nav2_ws/src/install/dwb_msgs/include/dwb_msgs/dwb_msgs/msg/detail/critic_score__rosidl_typesupport_fastrtps_c.h
[1.073s] -- Up-to-date: /home/lhl/nav2_ws/src/install/dwb_msgs/include/dwb_msgs/dwb_msgs/msg/detail/trajectory_score__rosidl_typesupport_fastrtps_c.h
[1.073s] -- Up-to-date: /home/lhl/nav2_ws/src/install/dwb_msgs/include/dwb_msgs/dwb_msgs/msg/detail/local_plan_evaluation__rosidl_typesupport_fastrtps_c.h
[1.073s] -- Up-to-date: /home/lhl/nav2_ws/src/install/dwb_msgs/include/dwb_msgs/dwb_msgs/msg/detail/trajectory2_d__rosidl_typesupport_fastrtps_c.h
[1.073s] -- Up-to-date: /home/lhl/nav2_ws/src/install/dwb_msgs/include/dwb_msgs/dwb_msgs/srv
[1.073s] -- Up-to-date: /home/lhl/nav2_ws/src/install/dwb_msgs/include/dwb_msgs/dwb_msgs/srv/detail
[1.073s] -- Up-to-date: /home/lhl/nav2_ws/src/install/dwb_msgs/include/dwb_msgs/dwb_msgs/srv/detail/generate_trajectory__rosidl_typesupport_fastrtps_c.h
[1.073s] -- Up-to-date: /home/lhl/nav2_ws/src/install/dwb_msgs/include/dwb_msgs/dwb_msgs/srv/detail/score_trajectory__rosidl_typesupport_fastrtps_c.h
[1.073s] -- Up-to-date: /home/lhl/nav2_ws/src/install/dwb_msgs/include/dwb_msgs/dwb_msgs/srv/detail/debug_local_plan__rosidl_typesupport_fastrtps_c.h
[1.074s] -- Up-to-date: /home/lhl/nav2_ws/src/install/dwb_msgs/include/dwb_msgs/dwb_msgs/srv/detail/get_critic_score__rosidl_typesupport_fastrtps_c.h
[1.074s] -- Up-to-date: /home/lhl/nav2_ws/src/install/dwb_msgs/include/dwb_msgs/dwb_msgs/srv/detail/generate_twists__rosidl_typesupport_fastrtps_c.h
[1.074s] -- Up-to-date: /home/lhl/nav2_ws/src/install/dwb_msgs/lib/libdwb_msgs__rosidl_typesupport_fastrtps_c.so
[1.074s] -- Up-to-date: /home/lhl/nav2_ws/src/install/dwb_msgs/include/dwb_msgs/dwb_msgs
[1.074s] -- Up-to-date: /home/lhl/nav2_ws/src/install/dwb_msgs/include/dwb_msgs/dwb_msgs/msg
[1.074s] -- Up-to-date: /home/lhl/nav2_ws/src/install/dwb_msgs/include/dwb_msgs/dwb_msgs/msg/critic_score.hpp
[1.074s] -- Up-to-date: /home/lhl/nav2_ws/src/install/dwb_msgs/include/dwb_msgs/dwb_msgs/msg/trajectory_score.hpp
[1.074s] -- Up-to-date: /home/lhl/nav2_ws/src/install/dwb_msgs/include/dwb_msgs/dwb_msgs/msg/local_plan_evaluation.hpp
[1.075s] -- Up-to-date: /home/lhl/nav2_ws/src/install/dwb_msgs/include/dwb_msgs/dwb_msgs/msg/trajectory2_d.hpp
[1.075s] -- Up-to-date: /home/lhl/nav2_ws/src/install/dwb_msgs/include/dwb_msgs/dwb_msgs/msg/detail
[1.075s] -- Up-to-date: /home/lhl/nav2_ws/src/install/dwb_msgs/include/dwb_msgs/dwb_msgs/msg/detail/local_plan_evaluation__struct.hpp
[1.075s] -- Up-to-date: /home/lhl/nav2_ws/src/install/dwb_msgs/include/dwb_msgs/dwb_msgs/msg/detail/critic_score__builder.hpp
[1.075s] -- Up-to-date: /home/lhl/nav2_ws/src/install/dwb_msgs/include/dwb_msgs/dwb_msgs/msg/detail/critic_score__struct.hpp
[1.075s] -- Up-to-date: /home/lhl/nav2_ws/src/install/dwb_msgs/include/dwb_msgs/dwb_msgs/msg/detail/local_plan_evaluation__builder.hpp
[1.076s] -- Up-to-date: /home/lhl/nav2_ws/src/install/dwb_msgs/include/dwb_msgs/dwb_msgs/msg/detail/local_plan_evaluation__traits.hpp
[1.076s] -- Up-to-date: /home/lhl/nav2_ws/src/install/dwb_msgs/include/dwb_msgs/dwb_msgs/msg/detail/trajectory_score__traits.hpp
[1.076s] -- Up-to-date: /home/lhl/nav2_ws/src/install/dwb_msgs/include/dwb_msgs/dwb_msgs/msg/detail/trajectory2_d__struct.hpp
[1.076s] -- Up-to-date: /home/lhl/nav2_ws/src/install/dwb_msgs/include/dwb_msgs/dwb_msgs/msg/detail/trajectory2_d__builder.hpp
[1.076s] -- Up-to-date: /home/lhl/nav2_ws/src/install/dwb_msgs/include/dwb_msgs/dwb_msgs/msg/detail/trajectory2_d__traits.hpp
[1.076s] -- Up-to-date: /home/lhl/nav2_ws/src/install/dwb_msgs/include/dwb_msgs/dwb_msgs/msg/detail/critic_score__traits.hpp
[1.076s] -- Up-to-date: /home/lhl/nav2_ws/src/install/dwb_msgs/include/dwb_msgs/dwb_msgs/msg/detail/trajectory_score__builder.hpp
[1.077s] -- Up-to-date: /home/lhl/nav2_ws/src/install/dwb_msgs/include/dwb_msgs/dwb_msgs/msg/detail/trajectory_score__struct.hpp
[1.077s] -- Up-to-date: /home/lhl/nav2_ws/src/install/dwb_msgs/include/dwb_msgs/dwb_msgs/srv
[1.077s] -- Up-to-date: /home/lhl/nav2_ws/src/install/dwb_msgs/include/dwb_msgs/dwb_msgs/srv/score_trajectory.hpp
[1.077s] -- Up-to-date: /home/lhl/nav2_ws/src/install/dwb_msgs/include/dwb_msgs/dwb_msgs/srv/generate_trajectory.hpp
[1.077s] -- Up-to-date: /home/lhl/nav2_ws/src/install/dwb_msgs/include/dwb_msgs/dwb_msgs/srv/generate_twists.hpp
[1.077s] -- Up-to-date: /home/lhl/nav2_ws/src/install/dwb_msgs/include/dwb_msgs/dwb_msgs/srv/debug_local_plan.hpp
[1.077s] -- Up-to-date: /home/lhl/nav2_ws/src/install/dwb_msgs/include/dwb_msgs/dwb_msgs/srv/get_critic_score.hpp
[1.078s] -- Up-to-date: /home/lhl/nav2_ws/src/install/dwb_msgs/include/dwb_msgs/dwb_msgs/srv/detail
[1.078s] -- Up-to-date: /home/lhl/nav2_ws/src/install/dwb_msgs/include/dwb_msgs/dwb_msgs/srv/detail/debug_local_plan__struct.hpp
[1.078s] -- Up-to-date: /home/lhl/nav2_ws/src/install/dwb_msgs/include/dwb_msgs/dwb_msgs/srv/detail/score_trajectory__traits.hpp
[1.078s] -- Up-to-date: /home/lhl/nav2_ws/src/install/dwb_msgs/include/dwb_msgs/dwb_msgs/srv/detail/score_trajectory__builder.hpp
[1.078s] -- Up-to-date: /home/lhl/nav2_ws/src/install/dwb_msgs/include/dwb_msgs/dwb_msgs/srv/detail/generate_trajectory__struct.hpp
[1.078s] -- Up-to-date: /home/lhl/nav2_ws/src/install/dwb_msgs/include/dwb_msgs/dwb_msgs/srv/detail/get_critic_score__struct.hpp
[1.078s] -- Up-to-date: /home/lhl/nav2_ws/src/install/dwb_msgs/include/dwb_msgs/dwb_msgs/srv/detail/generate_twists__builder.hpp
[1.079s] -- Up-to-date: /home/lhl/nav2_ws/src/install/dwb_msgs/include/dwb_msgs/dwb_msgs/srv/detail/generate_trajectory__builder.hpp
[1.079s] -- Up-to-date: /home/lhl/nav2_ws/src/install/dwb_msgs/include/dwb_msgs/dwb_msgs/srv/detail/get_critic_score__builder.hpp
[1.079s] -- Up-to-date: /home/lhl/nav2_ws/src/install/dwb_msgs/include/dwb_msgs/dwb_msgs/srv/detail/score_trajectory__struct.hpp
[1.079s] -- Up-to-date: /home/lhl/nav2_ws/src/install/dwb_msgs/include/dwb_msgs/dwb_msgs/srv/detail/generate_twists__struct.hpp
[1.079s] -- Up-to-date: /home/lhl/nav2_ws/src/install/dwb_msgs/include/dwb_msgs/dwb_msgs/srv/detail/get_critic_score__traits.hpp
[1.079s] -- Up-to-date: /home/lhl/nav2_ws/src/install/dwb_msgs/include/dwb_msgs/dwb_msgs/srv/detail/debug_local_plan__traits.hpp
[1.079s] -- Up-to-date: /home/lhl/nav2_ws/src/install/dwb_msgs/include/dwb_msgs/dwb_msgs/srv/detail/generate_twists__traits.hpp
[1.080s] -- Up-to-date: /home/lhl/nav2_ws/src/install/dwb_msgs/include/dwb_msgs/dwb_msgs/srv/detail/debug_local_plan__builder.hpp
[1.080s] -- Up-to-date: /home/lhl/nav2_ws/src/install/dwb_msgs/include/dwb_msgs/dwb_msgs/srv/detail/generate_trajectory__traits.hpp
[1.080s] -- Up-to-date: /home/lhl/nav2_ws/src/install/dwb_msgs/include/dwb_msgs/dwb_msgs
[1.080s] -- Up-to-date: /home/lhl/nav2_ws/src/install/dwb_msgs/include/dwb_msgs/dwb_msgs/msg
[1.080s] -- Up-to-date: /home/lhl/nav2_ws/src/install/dwb_msgs/include/dwb_msgs/dwb_msgs/msg/rosidl_typesupport_fastrtps_cpp__visibility_control.h
[1.080s] -- Up-to-date: /home/lhl/nav2_ws/src/install/dwb_msgs/include/dwb_msgs/dwb_msgs/msg/detail
[1.080s] -- Up-to-date: /home/lhl/nav2_ws/src/install/dwb_msgs/include/dwb_msgs/dwb_msgs/msg/detail/trajectory_score__rosidl_typesupport_fastrtps_cpp.hpp
[1.081s] -- Up-to-date: /home/lhl/nav2_ws/src/install/dwb_msgs/include/dwb_msgs/dwb_msgs/msg/detail/critic_score__rosidl_typesupport_fastrtps_cpp.hpp
[1.081s] -- Up-to-date: /home/lhl/nav2_ws/src/install/dwb_msgs/include/dwb_msgs/dwb_msgs/msg/detail/local_plan_evaluation__rosidl_typesupport_fastrtps_cpp.hpp
[1.081s] -- Up-to-date: /home/lhl/nav2_ws/src/install/dwb_msgs/include/dwb_msgs/dwb_msgs/msg/detail/trajectory2_d__rosidl_typesupport_fastrtps_cpp.hpp
[1.081s] -- Up-to-date: /home/lhl/nav2_ws/src/install/dwb_msgs/include/dwb_msgs/dwb_msgs/msg/detail/dds_fastrtps
[1.081s] -- Up-to-date: /home/lhl/nav2_ws/src/install/dwb_msgs/include/dwb_msgs/dwb_msgs/srv
[1.081s] -- Up-to-date: /home/lhl/nav2_ws/src/install/dwb_msgs/include/dwb_msgs/dwb_msgs/srv/detail
[1.081s] -- Up-to-date: /home/lhl/nav2_ws/src/install/dwb_msgs/include/dwb_msgs/dwb_msgs/srv/detail/generate_twists__rosidl_typesupport_fastrtps_cpp.hpp
[1.081s] -- Up-to-date: /home/lhl/nav2_ws/src/install/dwb_msgs/include/dwb_msgs/dwb_msgs/srv/detail/score_trajectory__rosidl_typesupport_fastrtps_cpp.hpp
[1.082s] -- Up-to-date: /home/lhl/nav2_ws/src/install/dwb_msgs/include/dwb_msgs/dwb_msgs/srv/detail/generate_trajectory__rosidl_typesupport_fastrtps_cpp.hpp
[1.082s] -- Up-to-date: /home/lhl/nav2_ws/src/install/dwb_msgs/include/dwb_msgs/dwb_msgs/srv/detail/get_critic_score__rosidl_typesupport_fastrtps_cpp.hpp
[1.082s] -- Up-to-date: /home/lhl/nav2_ws/src/install/dwb_msgs/include/dwb_msgs/dwb_msgs/srv/detail/debug_local_plan__rosidl_typesupport_fastrtps_cpp.hpp
[1.082s] -- Up-to-date: /home/lhl/nav2_ws/src/install/dwb_msgs/include/dwb_msgs/dwb_msgs/srv/detail/dds_fastrtps
[1.082s] -- Up-to-date: /home/lhl/nav2_ws/src/install/dwb_msgs/lib/libdwb_msgs__rosidl_typesupport_fastrtps_cpp.so
[1.082s] -- Up-to-date: /home/lhl/nav2_ws/src/install/dwb_msgs/include/dwb_msgs/dwb_msgs
[1.082s] -- Up-to-date: /home/lhl/nav2_ws/src/install/dwb_msgs/include/dwb_msgs/dwb_msgs/msg
[1.083s] -- Up-to-date: /home/lhl/nav2_ws/src/install/dwb_msgs/include/dwb_msgs/dwb_msgs/msg/rosidl_typesupport_introspection_c__visibility_control.h
[1.083s] -- Up-to-date: /home/lhl/nav2_ws/src/install/dwb_msgs/include/dwb_msgs/dwb_msgs/msg/detail
[1.083s] -- Up-to-date: /home/lhl/nav2_ws/src/install/dwb_msgs/include/dwb_msgs/dwb_msgs/msg/detail/critic_score__type_support.c
[1.083s] -- Up-to-date: /home/lhl/nav2_ws/src/install/dwb_msgs/include/dwb_msgs/dwb_msgs/msg/detail/local_plan_evaluation__type_support.c
[1.083s] -- Up-to-date: /home/lhl/nav2_ws/src/install/dwb_msgs/include/dwb_msgs/dwb_msgs/msg/detail/trajectory_score__type_support.c
[1.083s] -- Up-to-date: /home/lhl/nav2_ws/src/install/dwb_msgs/include/dwb_msgs/dwb_msgs/msg/detail/local_plan_evaluation__rosidl_typesupport_introspection_c.h
[1.083s] -- Up-to-date: /home/lhl/nav2_ws/src/install/dwb_msgs/include/dwb_msgs/dwb_msgs/msg/detail/trajectory_score__rosidl_typesupport_introspection_c.h
[1.084s] -- Up-to-date: /home/lhl/nav2_ws/src/install/dwb_msgs/include/dwb_msgs/dwb_msgs/msg/detail/trajectory2_d__type_support.c
[1.084s] -- Up-to-date: /home/lhl/nav2_ws/src/install/dwb_msgs/include/dwb_msgs/dwb_msgs/msg/detail/critic_score__rosidl_typesupport_introspection_c.h
[1.084s] -- Up-to-date: /home/lhl/nav2_ws/src/install/dwb_msgs/include/dwb_msgs/dwb_msgs/msg/detail/trajectory2_d__rosidl_typesupport_introspection_c.h
[1.084s] -- Up-to-date: /home/lhl/nav2_ws/src/install/dwb_msgs/include/dwb_msgs/dwb_msgs/srv
[1.084s] -- Up-to-date: /home/lhl/nav2_ws/src/install/dwb_msgs/include/dwb_msgs/dwb_msgs/srv/detail
[1.084s] -- Up-to-date: /home/lhl/nav2_ws/src/install/dwb_msgs/include/dwb_msgs/dwb_msgs/srv/detail/debug_local_plan__type_support.c
[1.085s] -- Up-to-date: /home/lhl/nav2_ws/src/install/dwb_msgs/include/dwb_msgs/dwb_msgs/srv/detail/generate_trajectory__type_support.c
[1.085s] -- Up-to-date: /home/lhl/nav2_ws/src/install/dwb_msgs/include/dwb_msgs/dwb_msgs/srv/detail/score_trajectory__rosidl_typesupport_introspection_c.h
[1.085s] -- Up-to-date: /home/lhl/nav2_ws/src/install/dwb_msgs/include/dwb_msgs/dwb_msgs/srv/detail/score_trajectory__type_support.c
[1.085s] -- Up-to-date: /home/lhl/nav2_ws/src/install/dwb_msgs/include/dwb_msgs/dwb_msgs/srv/detail/generate_trajectory__rosidl_typesupport_introspection_c.h
[1.085s] -- Up-to-date: /home/lhl/nav2_ws/src/install/dwb_msgs/include/dwb_msgs/dwb_msgs/srv/detail/generate_twists__rosidl_typesupport_introspection_c.h
[1.085s] -- Up-to-date: /home/lhl/nav2_ws/src/install/dwb_msgs/include/dwb_msgs/dwb_msgs/srv/detail/generate_twists__type_support.c
[1.085s] -- Up-to-date: /home/lhl/nav2_ws/src/install/dwb_msgs/include/dwb_msgs/dwb_msgs/srv/detail/get_critic_score__type_support.c
[1.085s] -- Up-to-date: /home/lhl/nav2_ws/src/install/dwb_msgs/include/dwb_msgs/dwb_msgs/srv/detail/get_critic_score__rosidl_typesupport_introspection_c.h
[1.086s] -- Up-to-date: /home/lhl/nav2_ws/src/install/dwb_msgs/include/dwb_msgs/dwb_msgs/srv/detail/debug_local_plan__rosidl_typesupport_introspection_c.h
[1.086s] -- Up-to-date: /home/lhl/nav2_ws/src/install/dwb_msgs/lib/libdwb_msgs__rosidl_typesupport_introspection_c.so
[1.086s] -- Up-to-date: /home/lhl/nav2_ws/src/install/dwb_msgs/lib/libdwb_msgs__rosidl_typesupport_c.so
[1.086s] -- Up-to-date: /home/lhl/nav2_ws/src/install/dwb_msgs/include/dwb_msgs/dwb_msgs
[1.086s] -- Up-to-date: /home/lhl/nav2_ws/src/install/dwb_msgs/include/dwb_msgs/dwb_msgs/msg
[1.086s] -- Up-to-date: /home/lhl/nav2_ws/src/install/dwb_msgs/include/dwb_msgs/dwb_msgs/msg/detail
[1.086s] -- Up-to-date: /home/lhl/nav2_ws/src/install/dwb_msgs/include/dwb_msgs/dwb_msgs/msg/detail/critic_score__rosidl_typesupport_introspection_cpp.hpp
[1.087s] -- Up-to-date: /home/lhl/nav2_ws/src/install/dwb_msgs/include/dwb_msgs/dwb_msgs/msg/detail/trajectory2_d__type_support.cpp
[1.087s] -- Up-to-date: /home/lhl/nav2_ws/src/install/dwb_msgs/include/dwb_msgs/dwb_msgs/msg/detail/critic_score__type_support.cpp
[1.087s] -- Up-to-date: /home/lhl/nav2_ws/src/install/dwb_msgs/include/dwb_msgs/dwb_msgs/msg/detail/trajectory_score__type_support.cpp
[1.087s] -- Up-to-date: /home/lhl/nav2_ws/src/install/dwb_msgs/include/dwb_msgs/dwb_msgs/msg/detail/trajectory2_d__rosidl_typesupport_introspection_cpp.hpp
[1.087s] -- Up-to-date: /home/lhl/nav2_ws/src/install/dwb_msgs/include/dwb_msgs/dwb_msgs/msg/detail/trajectory_score__rosidl_typesupport_introspection_cpp.hpp
[1.087s] -- Up-to-date: /home/lhl/nav2_ws/src/install/dwb_msgs/include/dwb_msgs/dwb_msgs/msg/detail/local_plan_evaluation__type_support.cpp
[1.087s] -- Up-to-date: /home/lhl/nav2_ws/src/install/dwb_msgs/include/dwb_msgs/dwb_msgs/msg/detail/local_plan_evaluation__rosidl_typesupport_introspection_cpp.hpp
[1.088s] -- Up-to-date: /home/lhl/nav2_ws/src/install/dwb_msgs/include/dwb_msgs/dwb_msgs/srv
[1.088s] -- Up-to-date: /home/lhl/nav2_ws/src/install/dwb_msgs/include/dwb_msgs/dwb_msgs/srv/detail
[1.088s] -- Up-to-date: /home/lhl/nav2_ws/src/install/dwb_msgs/include/dwb_msgs/dwb_msgs/srv/detail/generate_trajectory__rosidl_typesupport_introspection_cpp.hpp
[1.088s] -- Up-to-date: /home/lhl/nav2_ws/src/install/dwb_msgs/include/dwb_msgs/dwb_msgs/srv/detail/generate_twists__type_support.cpp
[1.088s] -- Up-to-date: /home/lhl/nav2_ws/src/install/dwb_msgs/include/dwb_msgs/dwb_msgs/srv/detail/debug_local_plan__type_support.cpp
[1.088s] -- Up-to-date: /home/lhl/nav2_ws/src/install/dwb_msgs/include/dwb_msgs/dwb_msgs/srv/detail/generate_twists__rosidl_typesupport_introspection_cpp.hpp
[1.088s] -- Up-to-date: /home/lhl/nav2_ws/src/install/dwb_msgs/include/dwb_msgs/dwb_msgs/srv/detail/score_trajectory__rosidl_typesupport_introspection_cpp.hpp
[1.089s] -- Up-to-date: /home/lhl/nav2_ws/src/install/dwb_msgs/include/dwb_msgs/dwb_msgs/srv/detail/score_trajectory__type_support.cpp
[1.089s] -- Up-to-date: /home/lhl/nav2_ws/src/install/dwb_msgs/include/dwb_msgs/dwb_msgs/srv/detail/debug_local_plan__rosidl_typesupport_introspection_cpp.hpp
[1.089s] -- Up-to-date: /home/lhl/nav2_ws/src/install/dwb_msgs/include/dwb_msgs/dwb_msgs/srv/detail/generate_trajectory__type_support.cpp
[1.089s] -- Up-to-date: /home/lhl/nav2_ws/src/install/dwb_msgs/include/dwb_msgs/dwb_msgs/srv/detail/get_critic_score__type_support.cpp
[1.089s] -- Up-to-date: /home/lhl/nav2_ws/src/install/dwb_msgs/include/dwb_msgs/dwb_msgs/srv/detail/get_critic_score__rosidl_typesupport_introspection_cpp.hpp
[1.089s] -- Up-to-date: /home/lhl/nav2_ws/src/install/dwb_msgs/lib/libdwb_msgs__rosidl_typesupport_introspection_cpp.so
[1.089s] -- Up-to-date: /home/lhl/nav2_ws/src/install/dwb_msgs/lib/libdwb_msgs__rosidl_typesupport_cpp.so
[1.090s] -- Up-to-date: /home/lhl/nav2_ws/src/install/dwb_msgs/share/dwb_msgs/environment/pythonpath.sh
[1.090s] -- Up-to-date: /home/lhl/nav2_ws/src/install/dwb_msgs/share/dwb_msgs/environment/pythonpath.dsv
[1.090s] -- Up-to-date: /home/lhl/nav2_ws/src/install/dwb_msgs/local/lib/python3.10/dist-packages/dwb_msgs-1.1.6-py3.10.egg-info
[1.090s] -- Installing: /home/lhl/nav2_ws/src/install/dwb_msgs/local/lib/python3.10/dist-packages/dwb_msgs-1.1.6-py3.10.egg-info/dependency_links.txt
[1.090s] -- Installing: /home/lhl/nav2_ws/src/install/dwb_msgs/local/lib/python3.10/dist-packages/dwb_msgs-1.1.6-py3.10.egg-info/SOURCES.txt
[1.090s] -- Installing: /home/lhl/nav2_ws/src/install/dwb_msgs/local/lib/python3.10/dist-packages/dwb_msgs-1.1.6-py3.10.egg-info/PKG-INFO
[1.090s] -- Installing: /home/lhl/nav2_ws/src/install/dwb_msgs/local/lib/python3.10/dist-packages/dwb_msgs-1.1.6-py3.10.egg-info/top_level.txt
[1.091s] -- Up-to-date: /home/lhl/nav2_ws/src/install/dwb_msgs/local/lib/python3.10/dist-packages/dwb_msgs
[1.091s] -- Up-to-date: /home/lhl/nav2_ws/src/install/dwb_msgs/local/lib/python3.10/dist-packages/dwb_msgs/_dwb_msgs_s.ep.rosidl_typesupport_c.c
[1.091s] -- Up-to-date: /home/lhl/nav2_ws/src/install/dwb_msgs/local/lib/python3.10/dist-packages/dwb_msgs/msg
[1.091s] -- Up-to-date: /home/lhl/nav2_ws/src/install/dwb_msgs/local/lib/python3.10/dist-packages/dwb_msgs/msg/_trajectory_score_s.c
[1.091s] -- Up-to-date: /home/lhl/nav2_ws/src/install/dwb_msgs/local/lib/python3.10/dist-packages/dwb_msgs/msg/_local_plan_evaluation_s.c
[1.091s] -- Up-to-date: /home/lhl/nav2_ws/src/install/dwb_msgs/local/lib/python3.10/dist-packages/dwb_msgs/msg/_trajectory2_d.py
[1.091s] -- Up-to-date: /home/lhl/nav2_ws/src/install/dwb_msgs/local/lib/python3.10/dist-packages/dwb_msgs/msg/_trajectory2_d_s.c
[1.091s] -- Up-to-date: /home/lhl/nav2_ws/src/install/dwb_msgs/local/lib/python3.10/dist-packages/dwb_msgs/msg/_critic_score.py
[1.092s] -- Up-to-date: /home/lhl/nav2_ws/src/install/dwb_msgs/local/lib/python3.10/dist-packages/dwb_msgs/msg/_critic_score_s.c
[1.092s] -- Up-to-date: /home/lhl/nav2_ws/src/install/dwb_msgs/local/lib/python3.10/dist-packages/dwb_msgs/msg/_local_plan_evaluation.py
[1.093s] -- Up-to-date: /home/lhl/nav2_ws/src/install/dwb_msgs/local/lib/python3.10/dist-packages/dwb_msgs/msg/_trajectory_score.py
[1.093s] -- Up-to-date: /home/lhl/nav2_ws/src/install/dwb_msgs/local/lib/python3.10/dist-packages/dwb_msgs/msg/__init__.py
[1.093s] -- Up-to-date: /home/lhl/nav2_ws/src/install/dwb_msgs/local/lib/python3.10/dist-packages/dwb_msgs/libdwb_msgs__rosidl_generator_py.so
[1.093s] -- Up-to-date: /home/lhl/nav2_ws/src/install/dwb_msgs/local/lib/python3.10/dist-packages/dwb_msgs/dwb_msgs_s__rosidl_typesupport_c.cpython-310-x86_64-linux-gnu.so
[1.093s] -- Up-to-date: /home/lhl/nav2_ws/src/install/dwb_msgs/local/lib/python3.10/dist-packages/dwb_msgs/dwb_msgs_s__rosidl_typesupport_fastrtps_c.cpython-310-x86_64-linux-gnu.so
[1.093s] -- Up-to-date: /home/lhl/nav2_ws/src/install/dwb_msgs/local/lib/python3.10/dist-packages/dwb_msgs/dwb_msgs_s__rosidl_typesupport_introspection_c.cpython-310-x86_64-linux-gnu.so
[1.093s] -- Up-to-date: /home/lhl/nav2_ws/src/install/dwb_msgs/local/lib/python3.10/dist-packages/dwb_msgs/_dwb_msgs_s.ep.rosidl_typesupport_introspection_c.c
[1.093s] -- Up-to-date: /home/lhl/nav2_ws/src/install/dwb_msgs/local/lib/python3.10/dist-packages/dwb_msgs/_dwb_msgs_s.ep.rosidl_typesupport_fastrtps_c.c
[1.093s] -- Up-to-date: /home/lhl/nav2_ws/src/install/dwb_msgs/local/lib/python3.10/dist-packages/dwb_msgs/srv
[1.094s] -- Up-to-date: /home/lhl/nav2_ws/src/install/dwb_msgs/local/lib/python3.10/dist-packages/dwb_msgs/srv/_generate_trajectory_s.c
[1.094s] -- Up-to-date: /home/lhl/nav2_ws/src/install/dwb_msgs/local/lib/python3.10/dist-packages/dwb_msgs/srv/_debug_local_plan.py
[1.094s] -- Up-to-date: /home/lhl/nav2_ws/src/install/dwb_msgs/local/lib/python3.10/dist-packages/dwb_msgs/srv/_generate_twists_s.c
[1.094s] -- Up-to-date: /home/lhl/nav2_ws/src/install/dwb_msgs/local/lib/python3.10/dist-packages/dwb_msgs/srv/_score_trajectory.py
[1.094s] -- Up-to-date: /home/lhl/nav2_ws/src/install/dwb_msgs/local/lib/python3.10/dist-packages/dwb_msgs/srv/_score_trajectory_s.c
[1.094s] -- Up-to-date: /home/lhl/nav2_ws/src/install/dwb_msgs/local/lib/python3.10/dist-packages/dwb_msgs/srv/_generate_trajectory.py
[1.094s] -- Up-to-date: /home/lhl/nav2_ws/src/install/dwb_msgs/local/lib/python3.10/dist-packages/dwb_msgs/srv/_get_critic_score.py
[1.094s] -- Up-to-date: /home/lhl/nav2_ws/src/install/dwb_msgs/local/lib/python3.10/dist-packages/dwb_msgs/srv/_generate_twists.py
[1.095s] -- Up-to-date: /home/lhl/nav2_ws/src/install/dwb_msgs/local/lib/python3.10/dist-packages/dwb_msgs/srv/_get_critic_score_s.c
[1.095s] -- Up-to-date: /home/lhl/nav2_ws/src/install/dwb_msgs/local/lib/python3.10/dist-packages/dwb_msgs/srv/_debug_local_plan_s.c
[1.095s] -- Up-to-date: /home/lhl/nav2_ws/src/install/dwb_msgs/local/lib/python3.10/dist-packages/dwb_msgs/srv/__init__.py
[1.095s] -- Up-to-date: /home/lhl/nav2_ws/src/install/dwb_msgs/local/lib/python3.10/dist-packages/dwb_msgs/__init__.py
[1.104s] Listing '/home/lhl/nav2_ws/src/install/dwb_msgs/local/lib/python3.10/dist-packages/dwb_msgs'...
[1.104s] Listing '/home/lhl/nav2_ws/src/install/dwb_msgs/local/lib/python3.10/dist-packages/dwb_msgs/msg'...
[1.104s] Listing '/home/lhl/nav2_ws/src/install/dwb_msgs/local/lib/python3.10/dist-packages/dwb_msgs/srv'...
[1.108s] -- Up-to-date: /home/lhl/nav2_ws/src/install/dwb_msgs/local/lib/python3.10/dist-packages/dwb_msgs/dwb_msgs_s__rosidl_typesupport_fastrtps_c.cpython-310-x86_64-linux-gnu.so
[1.108s] -- Up-to-date: /home/lhl/nav2_ws/src/install/dwb_msgs/local/lib/python3.10/dist-packages/dwb_msgs/dwb_msgs_s__rosidl_typesupport_introspection_c.cpython-310-x86_64-linux-gnu.so
[1.109s] -- Up-to-date: /home/lhl/nav2_ws/src/install/dwb_msgs/local/lib/python3.10/dist-packages/dwb_msgs/dwb_msgs_s__rosidl_typesupport_c.cpython-310-x86_64-linux-gnu.so
[1.109s] -- Up-to-date: /home/lhl/nav2_ws/src/install/dwb_msgs/lib/libdwb_msgs__rosidl_generator_py.so
[1.109s] -- Up-to-date: /home/lhl/nav2_ws/src/install/dwb_msgs/share/dwb_msgs/msg/CriticScore.idl
[1.110s] -- Up-to-date: /home/lhl/nav2_ws/src/install/dwb_msgs/share/dwb_msgs/msg/LocalPlanEvaluation.idl
[1.110s] -- Up-to-date: /home/lhl/nav2_ws/src/install/dwb_msgs/share/dwb_msgs/msg/Trajectory2D.idl
[1.110s] -- Up-to-date: /home/lhl/nav2_ws/src/install/dwb_msgs/share/dwb_msgs/msg/TrajectoryScore.idl
[1.110s] -- Up-to-date: /home/lhl/nav2_ws/src/install/dwb_msgs/share/dwb_msgs/srv/DebugLocalPlan.idl
[1.110s] -- Up-to-date: /home/lhl/nav2_ws/src/install/dwb_msgs/share/dwb_msgs/srv/GenerateTrajectory.idl
[1.111s] -- Up-to-date: /home/lhl/nav2_ws/src/install/dwb_msgs/share/dwb_msgs/srv/GenerateTwists.idl
[1.111s] -- Up-to-date: /home/lhl/nav2_ws/src/install/dwb_msgs/share/dwb_msgs/srv/GetCriticScore.idl
[1.111s] -- Up-to-date: /home/lhl/nav2_ws/src/install/dwb_msgs/share/dwb_msgs/srv/ScoreTrajectory.idl
[1.111s] -- Up-to-date: /home/lhl/nav2_ws/src/install/dwb_msgs/share/dwb_msgs/msg/CriticScore.msg
[1.111s] -- Up-to-date: /home/lhl/nav2_ws/src/install/dwb_msgs/share/dwb_msgs/msg/LocalPlanEvaluation.msg
[1.111s] -- Up-to-date: /home/lhl/nav2_ws/src/install/dwb_msgs/share/dwb_msgs/msg/Trajectory2D.msg
[1.111s] -- Up-to-date: /home/lhl/nav2_ws/src/install/dwb_msgs/share/dwb_msgs/msg/TrajectoryScore.msg
[1.112s] -- Up-to-date: /home/lhl/nav2_ws/src/install/dwb_msgs/share/dwb_msgs/srv/DebugLocalPlan.srv
[1.112s] -- Up-to-date: /home/lhl/nav2_ws/src/install/dwb_msgs/share/dwb_msgs/srv/DebugLocalPlan_Request.msg
[1.112s] -- Up-to-date: /home/lhl/nav2_ws/src/install/dwb_msgs/share/dwb_msgs/srv/DebugLocalPlan_Response.msg
[1.112s] -- Up-to-date: /home/lhl/nav2_ws/src/install/dwb_msgs/share/dwb_msgs/srv/GenerateTrajectory.srv
[1.113s] -- Up-to-date: /home/lhl/nav2_ws/src/install/dwb_msgs/share/dwb_msgs/srv/GenerateTrajectory_Request.msg
[1.113s] -- Up-to-date: /home/lhl/nav2_ws/src/install/dwb_msgs/share/dwb_msgs/srv/GenerateTrajectory_Response.msg
[1.113s] -- Up-to-date: /home/lhl/nav2_ws/src/install/dwb_msgs/share/dwb_msgs/srv/GenerateTwists.srv
[1.113s] -- Up-to-date: /home/lhl/nav2_ws/src/install/dwb_msgs/share/dwb_msgs/srv/GenerateTwists_Request.msg
[1.113s] -- Up-to-date: /home/lhl/nav2_ws/src/install/dwb_msgs/share/dwb_msgs/srv/GenerateTwists_Response.msg
[1.113s] -- Up-to-date: /home/lhl/nav2_ws/src/install/dwb_msgs/share/dwb_msgs/srv/GetCriticScore.srv
[1.114s] -- Up-to-date: /home/lhl/nav2_ws/src/install/dwb_msgs/share/dwb_msgs/srv/GetCriticScore_Request.msg
[1.114s] -- Up-to-date: /home/lhl/nav2_ws/src/install/dwb_msgs/share/dwb_msgs/srv/GetCriticScore_Response.msg
[1.114s] -- Up-to-date: /home/lhl/nav2_ws/src/install/dwb_msgs/share/dwb_msgs/srv/ScoreTrajectory.srv
[1.114s] -- Up-to-date: /home/lhl/nav2_ws/src/install/dwb_msgs/share/dwb_msgs/srv/ScoreTrajectory_Request.msg
[1.114s] -- Up-to-date: /home/lhl/nav2_ws/src/install/dwb_msgs/share/dwb_msgs/srv/ScoreTrajectory_Response.msg
[1.114s] -- Up-to-date: /home/lhl/nav2_ws/src/install/dwb_msgs/share/ament_index/resource_index/package_run_dependencies/dwb_msgs
[1.115s] -- Up-to-date: /home/lhl/nav2_ws/src/install/dwb_msgs/share/ament_index/resource_index/parent_prefix_path/dwb_msgs
[1.115s] -- Up-to-date: /home/lhl/nav2_ws/src/install/dwb_msgs/share/dwb_msgs/environment/ament_prefix_path.sh
[1.115s] -- Up-to-date: /home/lhl/nav2_ws/src/install/dwb_msgs/share/dwb_msgs/environment/ament_prefix_path.dsv
[1.115s] -- Up-to-date: /home/lhl/nav2_ws/src/install/dwb_msgs/share/dwb_msgs/environment/path.sh
[1.115s] -- Up-to-date: /home/lhl/nav2_ws/src/install/dwb_msgs/share/dwb_msgs/environment/path.dsv
[1.115s] -- Up-to-date: /home/lhl/nav2_ws/src/install/dwb_msgs/share/dwb_msgs/local_setup.bash
[1.115s] -- Up-to-date: /home/lhl/nav2_ws/src/install/dwb_msgs/share/dwb_msgs/local_setup.sh
[1.115s] -- Up-to-date: /home/lhl/nav2_ws/src/install/dwb_msgs/share/dwb_msgs/local_setup.zsh
[1.115s] -- Up-to-date: /home/lhl/nav2_ws/src/install/dwb_msgs/share/dwb_msgs/local_setup.dsv
[1.115s] -- Installing: /home/lhl/nav2_ws/src/install/dwb_msgs/share/dwb_msgs/package.dsv
[1.116s] -- Up-to-date: /home/lhl/nav2_ws/src/install/dwb_msgs/share/ament_index/resource_index/packages/dwb_msgs
[1.116s] -- Up-to-date: /home/lhl/nav2_ws/src/install/dwb_msgs/share/dwb_msgs/cmake/export_dwb_msgs__rosidl_generator_cExport.cmake
[1.116s] -- Up-to-date: /home/lhl/nav2_ws/src/install/dwb_msgs/share/dwb_msgs/cmake/export_dwb_msgs__rosidl_generator_cExport-noconfig.cmake
[1.116s] -- Up-to-date: /home/lhl/nav2_ws/src/install/dwb_msgs/share/dwb_msgs/cmake/export_dwb_msgs__rosidl_typesupport_fastrtps_cExport.cmake
[1.116s] -- Up-to-date: /home/lhl/nav2_ws/src/install/dwb_msgs/share/dwb_msgs/cmake/export_dwb_msgs__rosidl_typesupport_fastrtps_cExport-noconfig.cmake
[1.116s] -- Up-to-date: /home/lhl/nav2_ws/src/install/dwb_msgs/share/dwb_msgs/cmake/export_dwb_msgs__rosidl_generator_cppExport.cmake
[1.116s] -- Up-to-date: /home/lhl/nav2_ws/src/install/dwb_msgs/share/dwb_msgs/cmake/export_dwb_msgs__rosidl_typesupport_fastrtps_cppExport.cmake
[1.116s] -- Up-to-date: /home/lhl/nav2_ws/src/install/dwb_msgs/share/dwb_msgs/cmake/export_dwb_msgs__rosidl_typesupport_fastrtps_cppExport-noconfig.cmake
[1.116s] -- Up-to-date: /home/lhl/nav2_ws/src/install/dwb_msgs/share/dwb_msgs/cmake/dwb_msgs__rosidl_typesupport_introspection_cExport.cmake
[1.117s] -- Up-to-date: /home/lhl/nav2_ws/src/install/dwb_msgs/share/dwb_msgs/cmake/dwb_msgs__rosidl_typesupport_introspection_cExport-noconfig.cmake
[1.117s] -- Up-to-date: /home/lhl/nav2_ws/src/install/dwb_msgs/share/dwb_msgs/cmake/dwb_msgs__rosidl_typesupport_cExport.cmake
[1.117s] -- Up-to-date: /home/lhl/nav2_ws/src/install/dwb_msgs/share/dwb_msgs/cmake/dwb_msgs__rosidl_typesupport_cExport-noconfig.cmake
[1.117s] -- Up-to-date: /home/lhl/nav2_ws/src/install/dwb_msgs/share/dwb_msgs/cmake/dwb_msgs__rosidl_typesupport_introspection_cppExport.cmake
[1.117s] -- Up-to-date: /home/lhl/nav2_ws/src/install/dwb_msgs/share/dwb_msgs/cmake/dwb_msgs__rosidl_typesupport_introspection_cppExport-noconfig.cmake
[1.117s] -- Up-to-date: /home/lhl/nav2_ws/src/install/dwb_msgs/share/dwb_msgs/cmake/dwb_msgs__rosidl_typesupport_cppExport.cmake
[1.117s] -- Up-to-date: /home/lhl/nav2_ws/src/install/dwb_msgs/share/dwb_msgs/cmake/dwb_msgs__rosidl_typesupport_cppExport-noconfig.cmake
[1.117s] -- Up-to-date: /home/lhl/nav2_ws/src/install/dwb_msgs/share/dwb_msgs/cmake/export_dwb_msgs__rosidl_generator_pyExport.cmake
[1.122s] -- Up-to-date: /home/lhl/nav2_ws/src/install/dwb_msgs/share/dwb_msgs/cmake/export_dwb_msgs__rosidl_generator_pyExport-noconfig.cmake
[1.122s] -- Up-to-date: /home/lhl/nav2_ws/src/install/dwb_msgs/share/dwb_msgs/cmake/rosidl_cmake-extras.cmake
[1.122s] -- Up-to-date: /home/lhl/nav2_ws/src/install/dwb_msgs/share/dwb_msgs/cmake/ament_cmake_export_dependencies-extras.cmake
[1.122s] -- Up-to-date: /home/lhl/nav2_ws/src/install/dwb_msgs/share/dwb_msgs/cmake/ament_cmake_export_include_directories-extras.cmake
[1.123s] -- Up-to-date: /home/lhl/nav2_ws/src/install/dwb_msgs/share/dwb_msgs/cmake/ament_cmake_export_libraries-extras.cmake
[1.123s] -- Up-to-date: /home/lhl/nav2_ws/src/install/dwb_msgs/share/dwb_msgs/cmake/ament_cmake_export_targets-extras.cmake
[1.123s] -- Up-to-date: /home/lhl/nav2_ws/src/install/dwb_msgs/share/dwb_msgs/cmake/rosidl_cmake_export_typesupport_targets-extras.cmake
[1.123s] -- Up-to-date: /home/lhl/nav2_ws/src/install/dwb_msgs/share/dwb_msgs/cmake/rosidl_cmake_export_typesupport_libraries-extras.cmake
[1.124s] -- Up-to-date: /home/lhl/nav2_ws/src/install/dwb_msgs/share/dwb_msgs/cmake/dwb_msgsConfig.cmake
[1.124s] -- Up-to-date: /home/lhl/nav2_ws/src/install/dwb_msgs/share/dwb_msgs/cmake/dwb_msgsConfig-version.cmake
[1.124s] -- Up-to-date: /home/lhl/nav2_ws/src/install/dwb_msgs/share/dwb_msgs/package.xml
[1.124s] Invoked command in '/home/lhl/nav2_ws/src/build/dwb_msgs' returned '0': CMAKE_PREFIX_PATH=/home/lhl/nav2_ws/src/install/nav_2d_msgs:/home/lhl/nav2_ws/src/install/sam_bot_description:/home/lhl/nav2_ws/src/install/nav2_system_tests:/home/lhl/nav2_ws/src/install/nav2_bringup:/home/lhl/nav2_ws/src/install/navigation2:/home/lhl/nav2_ws/src/install/nav2_smoother:/home/lhl/nav2_ws/src/install/nav2_dwb_controller:/home/lhl/nav2_ws/src/install/nav2_controller:/home/lhl/nav2_ws/src/install/dwb_plugins:/home/lhl/nav2_ws/src/install/dwb_critics:/home/lhl/nav2_ws/src/install/dwb_core:/home/lhl/nav2_ws/src/install/nav_2d_utils:/home/lhl/nav2_ws/src/install/dwb_msgs:/home/lhl/nav2_ws/src/install/nav2_waypoint_follower:/home/lhl/nav2_ws/src/install/nav2_theta_star_planner:/home/lhl/nav2_ws/src/install/nav2_smac_planner:/home/lhl/nav2_ws/src/install/nav2_rotation_shim_controller:/home/lhl/nav2_ws/src/install/nav2_regulated_pure_pursuit_controller:/home/lhl/nav2_ws/src/install/nav2_planner:/home/lhl/nav2_ws/src/install/nav2_navfn_planner:/home/lhl/nav2_ws/src/install/nav2_mppi_controller:/home/lhl/nav2_ws/src/install/nav2_constrained_smoother:/home/lhl/nav2_ws/src/install/nav2_bt_navigator:/home/lhl/nav2_ws/src/install/nav2_behaviors:/home/lhl/nav2_ws/src/install/nav2_core:/home/lhl/nav2_ws/src/install/nav2_collision_monitor:/home/lhl/nav2_ws/src/install/costmap_queue:/home/lhl/nav2_ws/src/install/nav2_costmap_2d:/home/lhl/nav2_ws/src/install/nav2_voxel_grid:/home/lhl/nav2_ws/src/install/nav2_velocity_smoother:/home/lhl/nav2_ws/src/install/nav2_rviz_plugins:/home/lhl/nav2_ws/src/install/nav2_map_server:/home/lhl/nav2_ws/src/install/nav2_lifecycle_manager:/home/lhl/nav2_ws/src/install/nav2_behavior_tree:/home/lhl/nav2_ws/src/install/nav2_amcl:/home/lhl/nav2_ws/src/install/nav2_util:/home/lhl/nav2_ws/src/install/nav2_msgs:/home/lhl/nav2_ws/src/install/nav2_common:/home/lhl/nav2_ws/src/install/nav2_simple_commander:/opt/ros/humble LD_LIBRARY_PATH=/home/lhl/nav2_ws/src/install/nav_2d_msgs/lib:/home/lhl/nav2_ws/src/install/nav2_smoother/lib:/home/lhl/nav2_ws/src/install/nav2_controller/lib:/home/lhl/nav2_ws/src/install/dwb_plugins/lib:/home/lhl/nav2_ws/src/install/dwb_critics/lib:/home/lhl/nav2_ws/src/install/dwb_core/lib:/home/lhl/nav2_ws/src/install/nav_2d_utils/lib:/home/lhl/nav2_ws/src/install/dwb_msgs/lib:/home/lhl/nav2_ws/src/install/nav2_waypoint_follower/lib:/home/lhl/nav2_ws/src/install/nav2_theta_star_planner/lib:/home/lhl/nav2_ws/src/install/nav2_smac_planner/lib:/home/lhl/nav2_ws/src/install/nav2_rotation_shim_controller/lib:/home/lhl/nav2_ws/src/install/nav2_regulated_pure_pursuit_controller/lib:/home/lhl/nav2_ws/src/install/nav2_planner/lib:/home/lhl/nav2_ws/src/install/nav2_navfn_planner/lib:/home/lhl/nav2_ws/src/install/nav2_mppi_controller/lib:/home/lhl/nav2_ws/src/install/nav2_constrained_smoother/lib:/home/lhl/nav2_ws/src/install/nav2_bt_navigator/lib:/home/lhl/nav2_ws/src/install/nav2_behaviors/lib:/home/lhl/nav2_ws/src/install/nav2_collision_monitor/lib:/home/lhl/nav2_ws/src/install/costmap_queue/lib:/home/lhl/nav2_ws/src/install/nav2_costmap_2d/lib:/home/lhl/nav2_ws/src/install/nav2_voxel_grid/lib:/home/lhl/nav2_ws/src/install/nav2_velocity_smoother/lib:/home/lhl/nav2_ws/src/install/nav2_rviz_plugins/lib:/home/lhl/nav2_ws/src/install/nav2_map_server/lib:/home/lhl/nav2_ws/src/install/nav2_lifecycle_manager/lib:/home/lhl/nav2_ws/src/install/nav2_behavior_tree/lib:/home/lhl/nav2_ws/src/install/nav2_amcl/lib:/home/lhl/nav2_ws/src/install/nav2_util/lib:/home/lhl/nav2_ws/src/install/nav2_msgs/lib:/usr/lib/x86_64-linux-gnu/gazebo-11/plugins:/opt/ros/humble/opt/rviz_ogre_vendor/lib:/opt/ros/humble/lib/x86_64-linux-gnu:/opt/ros/humble/lib /usr/bin/cmake --install /home/lhl/nav2_ws/src/build/dwb_msgs
