[0.251s] Invoking command in '/home/lhl/nav2_ws/src/build/nav2_planner': AMENT_PREFIX_PATH=/home/lhl/nav2_ws/src/install/nav2_core:/home/lhl/nav2_ws/src/install/nav2_costmap_2d:/home/lhl/nav2_ws/src/install/nav2_util:/home/lhl/nav2_ws/src/install/nav2_voxel_grid:/home/lhl/nav2_ws/src/install/nav2_msgs:/home/lhl/nav2_ws/src/install/nav2_common:${AMENT_PREFIX_PATH} CMAKE_PREFIX_PATH=/home/lhl/nav2_ws/src/install/nav2_core:/home/lhl/nav2_ws/src/install/nav2_costmap_2d:/home/lhl/nav2_ws/src/install/nav2_util:/home/lhl/nav2_ws/src/install/nav2_voxel_grid:/home/lhl/nav2_ws/src/install/nav2_msgs:/home/lhl/nav2_ws/src/install/nav2_common:/opt/ros/humble LD_LIBRARY_PATH=/home/lhl/nav2_ws/src/install/nav2_costmap_2d/lib:/home/lhl/nav2_ws/src/install/nav2_util/lib:/home/lhl/nav2_ws/src/install/nav2_voxel_grid/lib:/home/lhl/nav2_ws/src/install/nav2_msgs/lib:${LD_LIBRARY_PATH} PYTHONPATH=/home/lhl/nav2_ws/src/install/nav2_msgs/local/lib/python3.10/dist-packages:/home/lhl/nav2_ws/src/install/nav2_common/local/lib/python3.10/dist-packages:${PYTHONPATH} /usr/bin/cmake --build /home/lhl/nav2_ws/src/build/nav2_planner -- -j8 -l8
[0.301s] [35m[1mConsolidate compiler generated dependencies of target gtest_main[0m
[0.306s] [35m[1mConsolidate compiler generated dependencies of target gtest[0m
[0.315s] [35m[1mConsolidate compiler generated dependencies of target planner_server_core[0m
[0.321s] [ 20%] Built target gtest_main
[0.323s] [ 40%] Built target gtest
[0.349s] [ 60%] Built target planner_server_core
[0.357s] [35m[1mConsolidate compiler generated dependencies of target test_dynamic_parameters[0m
[0.358s] [35m[1mConsolidate compiler generated dependencies of target planner_server[0m
[0.394s] [ 80%] Built target test_dynamic_parameters
[0.395s] [100%] Built target planner_server
[0.511s] Invoked command in '/home/lhl/nav2_ws/src/build/nav2_planner' returned '0': AMENT_PREFIX_PATH=/home/lhl/nav2_ws/src/install/nav2_core:/home/lhl/nav2_ws/src/install/nav2_costmap_2d:/home/lhl/nav2_ws/src/install/nav2_util:/home/lhl/nav2_ws/src/install/nav2_voxel_grid:/home/lhl/nav2_ws/src/install/nav2_msgs:/home/lhl/nav2_ws/src/install/nav2_common:${AMENT_PREFIX_PATH} CMAKE_PREFIX_PATH=/home/lhl/nav2_ws/src/install/nav2_core:/home/lhl/nav2_ws/src/install/nav2_costmap_2d:/home/lhl/nav2_ws/src/install/nav2_util:/home/lhl/nav2_ws/src/install/nav2_voxel_grid:/home/lhl/nav2_ws/src/install/nav2_msgs:/home/lhl/nav2_ws/src/install/nav2_common:/opt/ros/humble LD_LIBRARY_PATH=/home/lhl/nav2_ws/src/install/nav2_costmap_2d/lib:/home/lhl/nav2_ws/src/install/nav2_util/lib:/home/lhl/nav2_ws/src/install/nav2_voxel_grid/lib:/home/lhl/nav2_ws/src/install/nav2_msgs/lib:${LD_LIBRARY_PATH} PYTHONPATH=/home/lhl/nav2_ws/src/install/nav2_msgs/local/lib/python3.10/dist-packages:/home/lhl/nav2_ws/src/install/nav2_common/local/lib/python3.10/dist-packages:${PYTHONPATH} /usr/bin/cmake --build /home/lhl/nav2_ws/src/build/nav2_planner -- -j8 -l8
[0.566s] Invoking command in '/home/lhl/nav2_ws/src/build/nav2_planner': AMENT_PREFIX_PATH=/home/lhl/nav2_ws/src/install/nav2_core:/home/lhl/nav2_ws/src/install/nav2_costmap_2d:/home/lhl/nav2_ws/src/install/nav2_util:/home/lhl/nav2_ws/src/install/nav2_voxel_grid:/home/lhl/nav2_ws/src/install/nav2_msgs:/home/lhl/nav2_ws/src/install/nav2_common:${AMENT_PREFIX_PATH} CMAKE_PREFIX_PATH=/home/lhl/nav2_ws/src/install/nav2_core:/home/lhl/nav2_ws/src/install/nav2_costmap_2d:/home/lhl/nav2_ws/src/install/nav2_util:/home/lhl/nav2_ws/src/install/nav2_voxel_grid:/home/lhl/nav2_ws/src/install/nav2_msgs:/home/lhl/nav2_ws/src/install/nav2_common:/opt/ros/humble LD_LIBRARY_PATH=/home/lhl/nav2_ws/src/install/nav2_costmap_2d/lib:/home/lhl/nav2_ws/src/install/nav2_util/lib:/home/lhl/nav2_ws/src/install/nav2_voxel_grid/lib:/home/lhl/nav2_ws/src/install/nav2_msgs/lib:${LD_LIBRARY_PATH} PYTHONPATH=/home/lhl/nav2_ws/src/install/nav2_msgs/local/lib/python3.10/dist-packages:/home/lhl/nav2_ws/src/install/nav2_common/local/lib/python3.10/dist-packages:${PYTHONPATH} /usr/bin/cmake --install /home/lhl/nav2_ws/src/build/nav2_planner
[0.574s] -- Install configuration: "Release"
[0.575s] -- Up-to-date: /home/lhl/nav2_ws/src/install/nav2_planner/lib/libplanner_server_core.so
[0.576s] -- Up-to-date: /home/lhl/nav2_ws/src/install/nav2_planner/lib/nav2_planner/planner_server
[0.576s] -- Up-to-date: /home/lhl/nav2_ws/src/install/nav2_planner/include/
[0.577s] -- Up-to-date: /home/lhl/nav2_ws/src/install/nav2_planner/include//nav2_planner
[0.577s] -- Up-to-date: /home/lhl/nav2_ws/src/install/nav2_planner/include//nav2_planner/planner_server.hpp
[0.577s] -- Up-to-date: /home/lhl/nav2_ws/src/install/nav2_planner/share/nav2_planner/environment/library_path.sh
[0.577s] -- Up-to-date: /home/lhl/nav2_ws/src/install/nav2_planner/share/nav2_planner/environment/library_path.dsv
[0.578s] -- Up-to-date: /home/lhl/nav2_ws/src/install/nav2_planner/share/ament_index/resource_index/package_run_dependencies/nav2_planner
[0.578s] -- Up-to-date: /home/lhl/nav2_ws/src/install/nav2_planner/share/ament_index/resource_index/parent_prefix_path/nav2_planner
[0.579s] -- Up-to-date: /home/lhl/nav2_ws/src/install/nav2_planner/share/nav2_planner/environment/ament_prefix_path.sh
[0.580s] -- Up-to-date: /home/lhl/nav2_ws/src/install/nav2_planner/share/nav2_planner/environment/ament_prefix_path.dsv
[0.580s] -- Up-to-date: /home/lhl/nav2_ws/src/install/nav2_planner/share/nav2_planner/environment/path.sh
[0.580s] -- Up-to-date: /home/lhl/nav2_ws/src/install/nav2_planner/share/nav2_planner/environment/path.dsv
[0.581s] -- Up-to-date: /home/lhl/nav2_ws/src/install/nav2_planner/share/nav2_planner/local_setup.bash
[0.581s] -- Up-to-date: /home/lhl/nav2_ws/src/install/nav2_planner/share/nav2_planner/local_setup.sh
[0.581s] -- Up-to-date: /home/lhl/nav2_ws/src/install/nav2_planner/share/nav2_planner/local_setup.zsh
[0.581s] -- Up-to-date: /home/lhl/nav2_ws/src/install/nav2_planner/share/nav2_planner/local_setup.dsv
[0.582s] -- Installing: /home/lhl/nav2_ws/src/install/nav2_planner/share/nav2_planner/package.dsv
[0.582s] -- Up-to-date: /home/lhl/nav2_ws/src/install/nav2_planner/share/ament_index/resource_index/packages/nav2_planner
[0.582s] -- Up-to-date: /home/lhl/nav2_ws/src/install/nav2_planner/share/ament_index/resource_index/rclcpp_components/nav2_planner
[0.583s] -- Up-to-date: /home/lhl/nav2_ws/src/install/nav2_planner/share/nav2_planner/cmake/ament_cmake_export_include_directories-extras.cmake
[0.583s] -- Up-to-date: /home/lhl/nav2_ws/src/install/nav2_planner/share/nav2_planner/cmake/ament_cmake_export_libraries-extras.cmake
[0.583s] -- Up-to-date: /home/lhl/nav2_ws/src/install/nav2_planner/share/nav2_planner/cmake/ament_cmake_export_dependencies-extras.cmake
[0.583s] -- Up-to-date: /home/lhl/nav2_ws/src/install/nav2_planner/share/nav2_planner/cmake/nav2_plannerConfig.cmake
[0.583s] -- Up-to-date: /home/lhl/nav2_ws/src/install/nav2_planner/share/nav2_planner/cmake/nav2_plannerConfig-version.cmake
[0.584s] -- Up-to-date: /home/lhl/nav2_ws/src/install/nav2_planner/share/nav2_planner/package.xml
[0.595s] Invoked command in '/home/lhl/nav2_ws/src/build/nav2_planner' returned '0': AMENT_PREFIX_PATH=/home/lhl/nav2_ws/src/install/nav2_core:/home/lhl/nav2_ws/src/install/nav2_costmap_2d:/home/lhl/nav2_ws/src/install/nav2_util:/home/lhl/nav2_ws/src/install/nav2_voxel_grid:/home/lhl/nav2_ws/src/install/nav2_msgs:/home/lhl/nav2_ws/src/install/nav2_common:${AMENT_PREFIX_PATH} CMAKE_PREFIX_PATH=/home/lhl/nav2_ws/src/install/nav2_core:/home/lhl/nav2_ws/src/install/nav2_costmap_2d:/home/lhl/nav2_ws/src/install/nav2_util:/home/lhl/nav2_ws/src/install/nav2_voxel_grid:/home/lhl/nav2_ws/src/install/nav2_msgs:/home/lhl/nav2_ws/src/install/nav2_common:/opt/ros/humble LD_LIBRARY_PATH=/home/lhl/nav2_ws/src/install/nav2_costmap_2d/lib:/home/lhl/nav2_ws/src/install/nav2_util/lib:/home/lhl/nav2_ws/src/install/nav2_voxel_grid/lib:/home/lhl/nav2_ws/src/install/nav2_msgs/lib:${LD_LIBRARY_PATH} PYTHONPATH=/home/lhl/nav2_ws/src/install/nav2_msgs/local/lib/python3.10/dist-packages:/home/lhl/nav2_ws/src/install/nav2_common/local/lib/python3.10/dist-packages:${PYTHONPATH} /usr/bin/cmake --install /home/lhl/nav2_ws/src/build/nav2_planner
