[0.033s] Invoking command in '/home/lhl/nav2_ws/src/build/nav2_core': AMENT_PREFIX_PATH=/home/lhl/nav2_ws/src/install/nav2_costmap_2d:/home/lhl/nav2_ws/src/install/nav2_util:/home/lhl/nav2_ws/src/install/nav2_voxel_grid:/home/lhl/nav2_ws/src/install/nav2_msgs:/home/lhl/nav2_ws/src/install/nav2_common:${AMENT_PREFIX_PATH} CMAKE_PREFIX_PATH=/home/lhl/nav2_ws/src/install/nav2_costmap_2d:/home/lhl/nav2_ws/src/install/nav2_util:/home/lhl/nav2_ws/src/install/nav2_voxel_grid:/home/lhl/nav2_ws/src/install/nav2_msgs:/home/lhl/nav2_ws/src/install/nav2_common:/opt/ros/humble LD_LIBRARY_PATH=/home/lhl/nav2_ws/src/install/nav2_costmap_2d/lib:/home/lhl/nav2_ws/src/install/nav2_util/lib:/home/lhl/nav2_ws/src/install/nav2_voxel_grid/lib:/home/lhl/nav2_ws/src/install/nav2_msgs/lib:${LD_LIBRARY_PATH} PYTHONPATH=/home/lhl/nav2_ws/src/install/nav2_msgs/local/lib/python3.10/dist-packages:/home/lhl/nav2_ws/src/install/nav2_common/local/lib/python3.10/dist-packages:${PYTHONPATH} /usr/bin/cmake /home/lhl/nav2_ws/src/navigation2/nav2_core -DCMAKE_INSTALL_PREFIX=/home/lhl/nav2_ws/src/install/nav2_core
[0.099s] -- The C compiler identification is GNU 11.3.0
[0.163s] -- The CXX compiler identification is GNU 11.3.0
[0.172s] -- Detecting C compiler ABI info
[0.265s] -- Detecting C compiler ABI info - done
[0.276s] -- Check for working C compiler: /usr/bin/cc - skipped
[0.276s] -- Detecting C compile features
[0.277s] -- Detecting C compile features - done
[0.281s] -- Detecting CXX compiler ABI info
[0.376s] -- Detecting CXX compiler ABI info - done
[0.389s] -- Check for working CXX compiler: /usr/bin/c++ - skipped
[0.389s] -- Detecting CXX compile features
[0.390s] -- Detecting CXX compile features - done
[0.394s] -- Found ament_cmake: 1.3.4 (/opt/ros/humble/share/ament_cmake/cmake)
[0.635s] -- Found Python3: /usr/bin/python3.10 (found version "3.10.6") found components: Interpreter 
[0.869s] -- Found nav2_common: 1.1.6 (/home/lhl/nav2_ws/src/install/nav2_common/share/nav2_common/cmake)
[0.871s] -- Found rclcpp: 16.0.4 (/opt/ros/humble/share/rclcpp/cmake)
[0.948s] -- Found rosidl_generator_c: 3.1.4 (/opt/ros/humble/share/rosidl_generator_c/cmake)
[0.955s] -- Found rosidl_adapter: 3.1.4 (/opt/ros/humble/share/rosidl_adapter/cmake)
[0.966s] -- Found rosidl_generator_cpp: 3.1.4 (/opt/ros/humble/share/rosidl_generator_cpp/cmake)
[0.983s] -- Using all available rosidl_typesupport_c: rosidl_typesupport_fastrtps_c;rosidl_typesupport_introspection_c
[1.013s] -- Using all available rosidl_typesupport_cpp: rosidl_typesupport_fastrtps_cpp;rosidl_typesupport_introspection_cpp
[1.101s] -- Found rmw_implementation_cmake: 6.1.1 (/opt/ros/humble/share/rmw_implementation_cmake/cmake)
[1.105s] -- Found rmw_fastrtps_cpp: 6.2.2 (/opt/ros/humble/share/rmw_fastrtps_cpp/cmake)
[1.270s] -- Found OpenSSL: /usr/lib/x86_64-linux-gnu/libcrypto.so (found version "3.0.2")  
[1.311s] -- Found FastRTPS: /opt/ros/humble/include  
[1.386s] -- Using RMW implementation 'rmw_fastrtps_cpp' as default
[1.404s] -- Looking for pthread.h
[1.499s] -- Looking for pthread.h - found
[1.499s] -- Performing Test CMAKE_HAVE_LIBC_PTHREAD
[1.597s] -- Performing Test CMAKE_HAVE_LIBC_PTHREAD - Success
[1.599s] -- Found Threads: TRUE  
[1.800s] -- Found rclcpp_lifecycle: 16.0.4 (/opt/ros/humble/share/rclcpp_lifecycle/cmake)
[1.849s] -- Found geometry_msgs: 4.2.3 (/opt/ros/humble/share/geometry_msgs/cmake)
[1.904s] -- Found nav2_costmap_2d: 1.1.6 (/home/lhl/nav2_ws/src/install/nav2_costmap_2d/share/nav2_costmap_2d/cmake)
[2.984s] -- Found Eigen3: TRUE (found version "3.4.0") 
[2.984s] -- Ensuring Eigen3 include directory is part of orocos-kdl CMake target
[4.077s] -- Setting build type to Release as none was specified.
[4.080s] -- Found ament_lint_auto: 0.12.6 (/opt/ros/humble/share/ament_lint_auto/cmake)
[4.230s] -- Added test 'cppcheck' to perform static code analysis on C / C++ code
[4.230s] -- Configured cppcheck include dirs: 
[4.230s] -- Configured cppcheck exclude dirs and/or files: 
[4.231s] -- Added test 'cpplint' to check C / C++ code against the Google style
[4.231s] -- Configured cpplint exclude dirs and/or files: 
[4.232s] -- Added test 'lint_cmake' to check CMake code style
[4.233s] -- Added test 'uncrustify' to check C / C++ code style
[4.234s] -- Configured uncrustify additional arguments: 
[4.234s] -- Added test 'xmllint' to check XML markup files
[4.236s] -- Configuring done
[4.243s] -- Generating done
[4.246s] -- Build files have been written to: /home/lhl/nav2_ws/src/build/nav2_core
[4.256s] Invoked command in '/home/lhl/nav2_ws/src/build/nav2_core' returned '0': AMENT_PREFIX_PATH=/home/lhl/nav2_ws/src/install/nav2_costmap_2d:/home/lhl/nav2_ws/src/install/nav2_util:/home/lhl/nav2_ws/src/install/nav2_voxel_grid:/home/lhl/nav2_ws/src/install/nav2_msgs:/home/lhl/nav2_ws/src/install/nav2_common:${AMENT_PREFIX_PATH} CMAKE_PREFIX_PATH=/home/lhl/nav2_ws/src/install/nav2_costmap_2d:/home/lhl/nav2_ws/src/install/nav2_util:/home/lhl/nav2_ws/src/install/nav2_voxel_grid:/home/lhl/nav2_ws/src/install/nav2_msgs:/home/lhl/nav2_ws/src/install/nav2_common:/opt/ros/humble LD_LIBRARY_PATH=/home/lhl/nav2_ws/src/install/nav2_costmap_2d/lib:/home/lhl/nav2_ws/src/install/nav2_util/lib:/home/lhl/nav2_ws/src/install/nav2_voxel_grid/lib:/home/lhl/nav2_ws/src/install/nav2_msgs/lib:${LD_LIBRARY_PATH} PYTHONPATH=/home/lhl/nav2_ws/src/install/nav2_msgs/local/lib/python3.10/dist-packages:/home/lhl/nav2_ws/src/install/nav2_common/local/lib/python3.10/dist-packages:${PYTHONPATH} /usr/bin/cmake /home/lhl/nav2_ws/src/navigation2/nav2_core -DCMAKE_INSTALL_PREFIX=/home/lhl/nav2_ws/src/install/nav2_core
[4.259s] Invoking command in '/home/lhl/nav2_ws/src/build/nav2_core': AMENT_PREFIX_PATH=/home/lhl/nav2_ws/src/install/nav2_costmap_2d:/home/lhl/nav2_ws/src/install/nav2_util:/home/lhl/nav2_ws/src/install/nav2_voxel_grid:/home/lhl/nav2_ws/src/install/nav2_msgs:/home/lhl/nav2_ws/src/install/nav2_common:${AMENT_PREFIX_PATH} CMAKE_PREFIX_PATH=/home/lhl/nav2_ws/src/install/nav2_costmap_2d:/home/lhl/nav2_ws/src/install/nav2_util:/home/lhl/nav2_ws/src/install/nav2_voxel_grid:/home/lhl/nav2_ws/src/install/nav2_msgs:/home/lhl/nav2_ws/src/install/nav2_common:/opt/ros/humble LD_LIBRARY_PATH=/home/lhl/nav2_ws/src/install/nav2_costmap_2d/lib:/home/lhl/nav2_ws/src/install/nav2_util/lib:/home/lhl/nav2_ws/src/install/nav2_voxel_grid/lib:/home/lhl/nav2_ws/src/install/nav2_msgs/lib:${LD_LIBRARY_PATH} PYTHONPATH=/home/lhl/nav2_ws/src/install/nav2_msgs/local/lib/python3.10/dist-packages:/home/lhl/nav2_ws/src/install/nav2_common/local/lib/python3.10/dist-packages:${PYTHONPATH} /usr/bin/cmake --build /home/lhl/nav2_ws/src/build/nav2_core -- -j8 -l8
[4.300s] Invoked command in '/home/lhl/nav2_ws/src/build/nav2_core' returned '0': AMENT_PREFIX_PATH=/home/lhl/nav2_ws/src/install/nav2_costmap_2d:/home/lhl/nav2_ws/src/install/nav2_util:/home/lhl/nav2_ws/src/install/nav2_voxel_grid:/home/lhl/nav2_ws/src/install/nav2_msgs:/home/lhl/nav2_ws/src/install/nav2_common:${AMENT_PREFIX_PATH} CMAKE_PREFIX_PATH=/home/lhl/nav2_ws/src/install/nav2_costmap_2d:/home/lhl/nav2_ws/src/install/nav2_util:/home/lhl/nav2_ws/src/install/nav2_voxel_grid:/home/lhl/nav2_ws/src/install/nav2_msgs:/home/lhl/nav2_ws/src/install/nav2_common:/opt/ros/humble LD_LIBRARY_PATH=/home/lhl/nav2_ws/src/install/nav2_costmap_2d/lib:/home/lhl/nav2_ws/src/install/nav2_util/lib:/home/lhl/nav2_ws/src/install/nav2_voxel_grid/lib:/home/lhl/nav2_ws/src/install/nav2_msgs/lib:${LD_LIBRARY_PATH} PYTHONPATH=/home/lhl/nav2_ws/src/install/nav2_msgs/local/lib/python3.10/dist-packages:/home/lhl/nav2_ws/src/install/nav2_common/local/lib/python3.10/dist-packages:${PYTHONPATH} /usr/bin/cmake --build /home/lhl/nav2_ws/src/build/nav2_core -- -j8 -l8
[4.321s] Invoking command in '/home/lhl/nav2_ws/src/build/nav2_core': AMENT_PREFIX_PATH=/home/lhl/nav2_ws/src/install/nav2_costmap_2d:/home/lhl/nav2_ws/src/install/nav2_util:/home/lhl/nav2_ws/src/install/nav2_voxel_grid:/home/lhl/nav2_ws/src/install/nav2_msgs:/home/lhl/nav2_ws/src/install/nav2_common:${AMENT_PREFIX_PATH} CMAKE_PREFIX_PATH=/home/lhl/nav2_ws/src/install/nav2_costmap_2d:/home/lhl/nav2_ws/src/install/nav2_util:/home/lhl/nav2_ws/src/install/nav2_voxel_grid:/home/lhl/nav2_ws/src/install/nav2_msgs:/home/lhl/nav2_ws/src/install/nav2_common:/opt/ros/humble LD_LIBRARY_PATH=/home/lhl/nav2_ws/src/install/nav2_costmap_2d/lib:/home/lhl/nav2_ws/src/install/nav2_util/lib:/home/lhl/nav2_ws/src/install/nav2_voxel_grid/lib:/home/lhl/nav2_ws/src/install/nav2_msgs/lib:${LD_LIBRARY_PATH} PYTHONPATH=/home/lhl/nav2_ws/src/install/nav2_msgs/local/lib/python3.10/dist-packages:/home/lhl/nav2_ws/src/install/nav2_common/local/lib/python3.10/dist-packages:${PYTHONPATH} /usr/bin/cmake --install /home/lhl/nav2_ws/src/build/nav2_core
[4.328s] -- Install configuration: "Release"
[4.328s] -- Installing: /home/lhl/nav2_ws/src/install/nav2_core/include/
[4.328s] -- Installing: /home/lhl/nav2_ws/src/install/nav2_core/include//nav2_core
[4.329s] -- Installing: /home/lhl/nav2_ws/src/install/nav2_core/include//nav2_core/behavior.hpp
[4.329s] -- Installing: /home/lhl/nav2_ws/src/install/nav2_core/include//nav2_core/progress_checker.hpp
[4.329s] -- Installing: /home/lhl/nav2_ws/src/install/nav2_core/include//nav2_core/waypoint_task_executor.hpp
[4.329s] -- Installing: /home/lhl/nav2_ws/src/install/nav2_core/include//nav2_core/global_planner.hpp
[4.329s] -- Installing: /home/lhl/nav2_ws/src/install/nav2_core/include//nav2_core/controller.hpp
[4.329s] -- Installing: /home/lhl/nav2_ws/src/install/nav2_core/include//nav2_core/smoother.hpp
[4.329s] -- Installing: /home/lhl/nav2_ws/src/install/nav2_core/include//nav2_core/exceptions.hpp
[4.329s] -- Installing: /home/lhl/nav2_ws/src/install/nav2_core/include//nav2_core/goal_checker.hpp
[4.329s] -- Installing: /home/lhl/nav2_ws/src/install/nav2_core/share/ament_index/resource_index/package_run_dependencies/nav2_core
[4.330s] -- Installing: /home/lhl/nav2_ws/src/install/nav2_core/share/ament_index/resource_index/parent_prefix_path/nav2_core
[4.330s] -- Installing: /home/lhl/nav2_ws/src/install/nav2_core/share/nav2_core/environment/ament_prefix_path.sh
[4.330s] -- Installing: /home/lhl/nav2_ws/src/install/nav2_core/share/nav2_core/environment/ament_prefix_path.dsv
[4.330s] -- Installing: /home/lhl/nav2_ws/src/install/nav2_core/share/nav2_core/environment/path.sh
[4.330s] -- Installing: /home/lhl/nav2_ws/src/install/nav2_core/share/nav2_core/environment/path.dsv
[4.330s] -- Installing: /home/lhl/nav2_ws/src/install/nav2_core/share/nav2_core/local_setup.bash
[4.330s] -- Installing: /home/lhl/nav2_ws/src/install/nav2_core/share/nav2_core/local_setup.sh
[4.331s] -- Installing: /home/lhl/nav2_ws/src/install/nav2_core/share/nav2_core/local_setup.zsh
[4.331s] -- Installing: /home/lhl/nav2_ws/src/install/nav2_core/share/nav2_core/local_setup.dsv
[4.331s] -- Installing: /home/lhl/nav2_ws/src/install/nav2_core/share/nav2_core/package.dsv
[4.331s] -- Installing: /home/lhl/nav2_ws/src/install/nav2_core/share/ament_index/resource_index/packages/nav2_core
[4.331s] -- Installing: /home/lhl/nav2_ws/src/install/nav2_core/share/nav2_core/cmake/ament_cmake_export_include_directories-extras.cmake
[4.332s] -- Installing: /home/lhl/nav2_ws/src/install/nav2_core/share/nav2_core/cmake/ament_cmake_export_dependencies-extras.cmake
[4.332s] -- Installing: /home/lhl/nav2_ws/src/install/nav2_core/share/nav2_core/cmake/nav2_coreConfig.cmake
[4.332s] -- Installing: /home/lhl/nav2_ws/src/install/nav2_core/share/nav2_core/cmake/nav2_coreConfig-version.cmake
[4.332s] -- Installing: /home/lhl/nav2_ws/src/install/nav2_core/share/nav2_core/package.xml
[4.337s] Invoked command in '/home/lhl/nav2_ws/src/build/nav2_core' returned '0': AMENT_PREFIX_PATH=/home/lhl/nav2_ws/src/install/nav2_costmap_2d:/home/lhl/nav2_ws/src/install/nav2_util:/home/lhl/nav2_ws/src/install/nav2_voxel_grid:/home/lhl/nav2_ws/src/install/nav2_msgs:/home/lhl/nav2_ws/src/install/nav2_common:${AMENT_PREFIX_PATH} CMAKE_PREFIX_PATH=/home/lhl/nav2_ws/src/install/nav2_costmap_2d:/home/lhl/nav2_ws/src/install/nav2_util:/home/lhl/nav2_ws/src/install/nav2_voxel_grid:/home/lhl/nav2_ws/src/install/nav2_msgs:/home/lhl/nav2_ws/src/install/nav2_common:/opt/ros/humble LD_LIBRARY_PATH=/home/lhl/nav2_ws/src/install/nav2_costmap_2d/lib:/home/lhl/nav2_ws/src/install/nav2_util/lib:/home/lhl/nav2_ws/src/install/nav2_voxel_grid/lib:/home/lhl/nav2_ws/src/install/nav2_msgs/lib:${LD_LIBRARY_PATH} PYTHONPATH=/home/lhl/nav2_ws/src/install/nav2_msgs/local/lib/python3.10/dist-packages:/home/lhl/nav2_ws/src/install/nav2_common/local/lib/python3.10/dist-packages:${PYTHONPATH} /usr/bin/cmake --install /home/lhl/nav2_ws/src/build/nav2_core
