[0.037s] Invoking command in '/home/lhl/nav2_ws/src/build/nav2_constrained_smoother': AMENT_PREFIX_PATH=/home/lhl/nav2_ws/src/install/nav2_core:/home/lhl/nav2_ws/src/install/nav2_costmap_2d:/home/lhl/nav2_ws/src/install/nav2_util:/home/lhl/nav2_ws/src/install/nav2_voxel_grid:/home/lhl/nav2_ws/src/install/nav2_msgs:/home/lhl/nav2_ws/src/install/nav2_common:${AMENT_PREFIX_PATH} CMAKE_PREFIX_PATH=/home/lhl/nav2_ws/src/install/nav2_core:/home/lhl/nav2_ws/src/install/nav2_costmap_2d:/home/lhl/nav2_ws/src/install/nav2_util:/home/lhl/nav2_ws/src/install/nav2_voxel_grid:/home/lhl/nav2_ws/src/install/nav2_msgs:/home/lhl/nav2_ws/src/install/nav2_common:/opt/ros/humble LD_LIBRARY_PATH=/home/lhl/nav2_ws/src/install/nav2_costmap_2d/lib:/home/lhl/nav2_ws/src/install/nav2_util/lib:/home/lhl/nav2_ws/src/install/nav2_voxel_grid/lib:/home/lhl/nav2_ws/src/install/nav2_msgs/lib:${LD_LIBRARY_PATH} PYTHONPATH=/home/lhl/nav2_ws/src/install/nav2_msgs/local/lib/python3.10/dist-packages:/home/lhl/nav2_ws/src/install/nav2_common/local/lib/python3.10/dist-packages:${PYTHONPATH} /usr/bin/cmake /home/lhl/nav2_ws/src/navigation2/nav2_constrained_smoother -DCMAKE_INSTALL_PREFIX=/home/lhl/nav2_ws/src/install/nav2_constrained_smoother
[4.963s] -- The C compiler identification is GNU 11.3.0
[4.977s] -- The CXX compiler identification is GNU 11.3.0
[4.977s] -- Detecting C compiler ABI info
[4.977s] -- Detecting C compiler ABI info - done
[4.977s] -- Check for working C compiler: /usr/bin/cc - skipped
[4.977s] -- Detecting C compile features
[4.977s] -- Detecting C compile features - done
[4.977s] -- Detecting CXX compiler ABI info
[4.978s] -- Detecting CXX compiler ABI info - done
[4.978s] -- Check for working CXX compiler: /usr/bin/c++ - skipped
[4.978s] -- Detecting CXX compile features
[4.978s] -- Detecting CXX compile features - done
[4.978s] -- Found ament_cmake: 1.3.4 (/opt/ros/humble/share/ament_cmake/cmake)
[4.978s] -- Found Python3: /usr/bin/python3.10 (found version "3.10.6") found components: Interpreter 
[4.978s] -- Found nav2_core: 1.1.6 (/home/lhl/nav2_ws/src/install/nav2_core/share/nav2_core/cmake)
[4.978s] -- Found rosidl_generator_c: 3.1.4 (/opt/ros/humble/share/rosidl_generator_c/cmake)
[4.978s] -- Found rosidl_adapter: 3.1.4 (/opt/ros/humble/share/rosidl_adapter/cmake)
[4.978s] -- Found rosidl_generator_cpp: 3.1.4 (/opt/ros/humble/share/rosidl_generator_cpp/cmake)
[4.979s] -- Using all available rosidl_typesupport_c: rosidl_typesupport_fastrtps_c;rosidl_typesupport_introspection_c
[4.979s] -- Using all available rosidl_typesupport_cpp: rosidl_typesupport_fastrtps_cpp;rosidl_typesupport_introspection_cpp
[4.979s] -- Found rmw_implementation_cmake: 6.1.1 (/opt/ros/humble/share/rmw_implementation_cmake/cmake)
[4.979s] -- Found rmw_fastrtps_cpp: 6.2.2 (/opt/ros/humble/share/rmw_fastrtps_cpp/cmake)
[4.979s] -- Found OpenSSL: /usr/lib/x86_64-linux-gnu/libcrypto.so (found version "3.0.2")  
[4.979s] -- Found FastRTPS: /opt/ros/humble/include  
[4.979s] -- Using RMW implementation 'rmw_fastrtps_cpp' as default
[4.979s] -- Looking for pthread.h
[4.979s] -- Looking for pthread.h - found
[4.979s] -- Performing Test CMAKE_HAVE_LIBC_PTHREAD
[4.980s] -- Performing Test CMAKE_HAVE_LIBC_PTHREAD - Success
[4.980s] -- Found Threads: TRUE  
[5.138s] -- Found Eigen3: TRUE (found version "3.4.0") 
[5.138s] -- Ensuring Eigen3 include directory is part of orocos-kdl CMake target
[8.519s] -- Found nav2_common: 1.1.6 (/home/lhl/nav2_ws/src/install/nav2_common/share/nav2_common/cmake)
[8.532s] -- Found required Ceres dependency: Eigen version 3.4.0 in /usr/include/eigen3
[8.543s] -- Found required Ceres dependency: glog
[8.544s] -- Found required Ceres dependency: gflags
[8.545s] -- Found Ceres version: 2.0.0 installed in: /usr with components: [EigenSparse, SparseLinearAlgebraLibrary, LAPACK, SuiteSparse, CXSparse, SchurSpecializations, Multithreading]
[17.639s] -- Found ament_lint_auto: 0.12.6 (/opt/ros/humble/share/ament_lint_auto/cmake)
[17.810s] -- Found gtest sources under '/opt/ros/humble/src/gtest_vendor': C++ tests using 'Google Test' will be built
[35.621s] -- Added test 'cppcheck' to perform static code analysis on C / C++ code
[35.621s] -- Configured cppcheck include dirs: /home/lhl/nav2_ws/src/navigation2/nav2_constrained_smoother/include
[35.622s] -- Configured cppcheck exclude dirs and/or files: 
[35.625s] -- Added test 'cpplint' to check C / C++ code against the Google style
[35.625s] -- Configured cpplint exclude dirs and/or files: 
[35.625s] -- Added test 'lint_cmake' to check CMake code style
[35.628s] -- Added test 'uncrustify' to check C / C++ code style
[35.628s] -- Configured uncrustify additional arguments: 
[35.630s] -- Added test 'xmllint' to check XML markup files
[35.651s] -- Configuring done
[35.907s] -- Generating done
[35.913s] -- Build files have been written to: /home/lhl/nav2_ws/src/build/nav2_constrained_smoother
[35.937s] Invoked command in '/home/lhl/nav2_ws/src/build/nav2_constrained_smoother' returned '0': AMENT_PREFIX_PATH=/home/lhl/nav2_ws/src/install/nav2_core:/home/lhl/nav2_ws/src/install/nav2_costmap_2d:/home/lhl/nav2_ws/src/install/nav2_util:/home/lhl/nav2_ws/src/install/nav2_voxel_grid:/home/lhl/nav2_ws/src/install/nav2_msgs:/home/lhl/nav2_ws/src/install/nav2_common:${AMENT_PREFIX_PATH} CMAKE_PREFIX_PATH=/home/lhl/nav2_ws/src/install/nav2_core:/home/lhl/nav2_ws/src/install/nav2_costmap_2d:/home/lhl/nav2_ws/src/install/nav2_util:/home/lhl/nav2_ws/src/install/nav2_voxel_grid:/home/lhl/nav2_ws/src/install/nav2_msgs:/home/lhl/nav2_ws/src/install/nav2_common:/opt/ros/humble LD_LIBRARY_PATH=/home/lhl/nav2_ws/src/install/nav2_costmap_2d/lib:/home/lhl/nav2_ws/src/install/nav2_util/lib:/home/lhl/nav2_ws/src/install/nav2_voxel_grid/lib:/home/lhl/nav2_ws/src/install/nav2_msgs/lib:${LD_LIBRARY_PATH} PYTHONPATH=/home/lhl/nav2_ws/src/install/nav2_msgs/local/lib/python3.10/dist-packages:/home/lhl/nav2_ws/src/install/nav2_common/local/lib/python3.10/dist-packages:${PYTHONPATH} /usr/bin/cmake /home/lhl/nav2_ws/src/navigation2/nav2_constrained_smoother -DCMAKE_INSTALL_PREFIX=/home/lhl/nav2_ws/src/install/nav2_constrained_smoother
[35.940s] Invoking command in '/home/lhl/nav2_ws/src/build/nav2_constrained_smoother': AMENT_PREFIX_PATH=/home/lhl/nav2_ws/src/install/nav2_core:/home/lhl/nav2_ws/src/install/nav2_costmap_2d:/home/lhl/nav2_ws/src/install/nav2_util:/home/lhl/nav2_ws/src/install/nav2_voxel_grid:/home/lhl/nav2_ws/src/install/nav2_msgs:/home/lhl/nav2_ws/src/install/nav2_common:${AMENT_PREFIX_PATH} CMAKE_PREFIX_PATH=/home/lhl/nav2_ws/src/install/nav2_core:/home/lhl/nav2_ws/src/install/nav2_costmap_2d:/home/lhl/nav2_ws/src/install/nav2_util:/home/lhl/nav2_ws/src/install/nav2_voxel_grid:/home/lhl/nav2_ws/src/install/nav2_msgs:/home/lhl/nav2_ws/src/install/nav2_common:/opt/ros/humble LD_LIBRARY_PATH=/home/lhl/nav2_ws/src/install/nav2_costmap_2d/lib:/home/lhl/nav2_ws/src/install/nav2_util/lib:/home/lhl/nav2_ws/src/install/nav2_voxel_grid/lib:/home/lhl/nav2_ws/src/install/nav2_msgs/lib:${LD_LIBRARY_PATH} PYTHONPATH=/home/lhl/nav2_ws/src/install/nav2_msgs/local/lib/python3.10/dist-packages:/home/lhl/nav2_ws/src/install/nav2_common/local/lib/python3.10/dist-packages:${PYTHONPATH} /usr/bin/cmake --build /home/lhl/nav2_ws/src/build/nav2_constrained_smoother -- -j8 -l8
[56.533s] [ 10%] [32mBuilding CXX object CMakeFiles/nav2_constrained_smoother.dir/src/constrained_smoother.cpp.o[0m
[56.533s] [ 20%] [32m[1mLinking CXX shared library libnav2_constrained_smoother.so[0m
[56.534s] [ 20%] Built target nav2_constrained_smoother
[56.534s] [ 30%] [32mBuilding CXX object gtest/CMakeFiles/gtest.dir/src/gtest-all.cc.o[0m
[66.127s] [ 40%] [32m[1mLinking CXX static library libgtest.a[0m
[66.204s] [ 40%] Built target gtest
[66.236s] [ 50%] [32mBuilding CXX object gtest/CMakeFiles/gtest_main.dir/src/gtest_main.cc.o[0m
[67.886s] [ 60%] [32m[1mLinking CXX static library libgtest_main.a[0m
[67.935s] [ 60%] Built target gtest_main
[67.969s] [ 70%] [32mBuilding CXX object test/CMakeFiles/test_constrained_smoother.dir/test_constrained_smoother.cpp.o[0m
[93.589s] [ 80%] [32m[1mLinking CXX executable test_constrained_smoother[0m
[94.623s] [ 80%] Built target test_constrained_smoother
[94.657s] [ 90%] [32mBuilding CXX object test/CMakeFiles/test_smoother_cost_function.dir/test_smoother_cost_function.cpp.o[0m
[104.334s] [100%] [32m[1mLinking CXX executable test_smoother_cost_function[0m
[104.723s] [100%] Built target test_smoother_cost_function
[105.203s] Invoked command in '/home/lhl/nav2_ws/src/build/nav2_constrained_smoother' returned '0': AMENT_PREFIX_PATH=/home/lhl/nav2_ws/src/install/nav2_core:/home/lhl/nav2_ws/src/install/nav2_costmap_2d:/home/lhl/nav2_ws/src/install/nav2_util:/home/lhl/nav2_ws/src/install/nav2_voxel_grid:/home/lhl/nav2_ws/src/install/nav2_msgs:/home/lhl/nav2_ws/src/install/nav2_common:${AMENT_PREFIX_PATH} CMAKE_PREFIX_PATH=/home/lhl/nav2_ws/src/install/nav2_core:/home/lhl/nav2_ws/src/install/nav2_costmap_2d:/home/lhl/nav2_ws/src/install/nav2_util:/home/lhl/nav2_ws/src/install/nav2_voxel_grid:/home/lhl/nav2_ws/src/install/nav2_msgs:/home/lhl/nav2_ws/src/install/nav2_common:/opt/ros/humble LD_LIBRARY_PATH=/home/lhl/nav2_ws/src/install/nav2_costmap_2d/lib:/home/lhl/nav2_ws/src/install/nav2_util/lib:/home/lhl/nav2_ws/src/install/nav2_voxel_grid/lib:/home/lhl/nav2_ws/src/install/nav2_msgs/lib:${LD_LIBRARY_PATH} PYTHONPATH=/home/lhl/nav2_ws/src/install/nav2_msgs/local/lib/python3.10/dist-packages:/home/lhl/nav2_ws/src/install/nav2_common/local/lib/python3.10/dist-packages:${PYTHONPATH} /usr/bin/cmake --build /home/lhl/nav2_ws/src/build/nav2_constrained_smoother -- -j8 -l8
[105.283s] Invoking command in '/home/lhl/nav2_ws/src/build/nav2_constrained_smoother': AMENT_PREFIX_PATH=/home/lhl/nav2_ws/src/install/nav2_core:/home/lhl/nav2_ws/src/install/nav2_costmap_2d:/home/lhl/nav2_ws/src/install/nav2_util:/home/lhl/nav2_ws/src/install/nav2_voxel_grid:/home/lhl/nav2_ws/src/install/nav2_msgs:/home/lhl/nav2_ws/src/install/nav2_common:${AMENT_PREFIX_PATH} CMAKE_PREFIX_PATH=/home/lhl/nav2_ws/src/install/nav2_core:/home/lhl/nav2_ws/src/install/nav2_costmap_2d:/home/lhl/nav2_ws/src/install/nav2_util:/home/lhl/nav2_ws/src/install/nav2_voxel_grid:/home/lhl/nav2_ws/src/install/nav2_msgs:/home/lhl/nav2_ws/src/install/nav2_common:/opt/ros/humble LD_LIBRARY_PATH=/home/lhl/nav2_ws/src/install/nav2_costmap_2d/lib:/home/lhl/nav2_ws/src/install/nav2_util/lib:/home/lhl/nav2_ws/src/install/nav2_voxel_grid/lib:/home/lhl/nav2_ws/src/install/nav2_msgs/lib:${LD_LIBRARY_PATH} PYTHONPATH=/home/lhl/nav2_ws/src/install/nav2_msgs/local/lib/python3.10/dist-packages:/home/lhl/nav2_ws/src/install/nav2_common/local/lib/python3.10/dist-packages:${PYTHONPATH} /usr/bin/cmake --install /home/lhl/nav2_ws/src/build/nav2_constrained_smoother
[123.869s] -- Install configuration: "Release"
[123.869s] -- Installing: /home/lhl/nav2_ws/src/install/nav2_constrained_smoother/lib/libnav2_constrained_smoother.so
[123.869s] -- Set runtime path of "/home/lhl/nav2_ws/src/install/nav2_constrained_smoother/lib/libnav2_constrained_smoother.so" to ""
[123.869s] -- Installing: /home/lhl/nav2_ws/src/install/nav2_constrained_smoother/include/
[123.869s] -- Installing: /home/lhl/nav2_ws/src/install/nav2_constrained_smoother/include//nav2_constrained_smoother
[123.869s] -- Installing: /home/lhl/nav2_ws/src/install/nav2_constrained_smoother/include//nav2_constrained_smoother/smoother_cost_function.hpp
[123.869s] -- Installing: /home/lhl/nav2_ws/src/install/nav2_constrained_smoother/include//nav2_constrained_smoother/utils.hpp
[123.869s] -- Installing: /home/lhl/nav2_ws/src/install/nav2_constrained_smoother/include//nav2_constrained_smoother/smoother.hpp
[123.869s] -- Installing: /home/lhl/nav2_ws/src/install/nav2_constrained_smoother/include//nav2_constrained_smoother/constrained_smoother.hpp
[123.870s] -- Installing: /home/lhl/nav2_ws/src/install/nav2_constrained_smoother/include//nav2_constrained_smoother/options.hpp
[123.870s] -- Installing: /home/lhl/nav2_ws/src/install/nav2_constrained_smoother/share/nav2_constrained_smoother/environment/library_path.sh
[123.870s] -- Installing: /home/lhl/nav2_ws/src/install/nav2_constrained_smoother/share/nav2_constrained_smoother/environment/library_path.dsv
[123.870s] -- Installing: /home/lhl/nav2_ws/src/install/nav2_constrained_smoother/share/nav2_constrained_smoother/nav2_constrained_smoother.xml
[123.870s] -- Installing: /home/lhl/nav2_ws/src/install/nav2_constrained_smoother/share/ament_index/resource_index/package_run_dependencies/nav2_constrained_smoother
[123.870s] -- Installing: /home/lhl/nav2_ws/src/install/nav2_constrained_smoother/share/ament_index/resource_index/parent_prefix_path/nav2_constrained_smoother
[123.870s] -- Installing: /home/lhl/nav2_ws/src/install/nav2_constrained_smoother/share/nav2_constrained_smoother/environment/ament_prefix_path.sh
[123.870s] -- Installing: /home/lhl/nav2_ws/src/install/nav2_constrained_smoother/share/nav2_constrained_smoother/environment/ament_prefix_path.dsv
[123.870s] -- Installing: /home/lhl/nav2_ws/src/install/nav2_constrained_smoother/share/nav2_constrained_smoother/environment/path.sh
[123.870s] -- Installing: /home/lhl/nav2_ws/src/install/nav2_constrained_smoother/share/nav2_constrained_smoother/environment/path.dsv
[123.870s] -- Installing: /home/lhl/nav2_ws/src/install/nav2_constrained_smoother/share/nav2_constrained_smoother/local_setup.bash
[123.870s] -- Installing: /home/lhl/nav2_ws/src/install/nav2_constrained_smoother/share/nav2_constrained_smoother/local_setup.sh
[123.870s] -- Installing: /home/lhl/nav2_ws/src/install/nav2_constrained_smoother/share/nav2_constrained_smoother/local_setup.zsh
[123.870s] -- Installing: /home/lhl/nav2_ws/src/install/nav2_constrained_smoother/share/nav2_constrained_smoother/local_setup.dsv
[123.870s] -- Installing: /home/lhl/nav2_ws/src/install/nav2_constrained_smoother/share/nav2_constrained_smoother/package.dsv
[123.870s] -- Installing: /home/lhl/nav2_ws/src/install/nav2_constrained_smoother/share/ament_index/resource_index/packages/nav2_constrained_smoother
[123.870s] -- Installing: /home/lhl/nav2_ws/src/install/nav2_constrained_smoother/share/ament_index/resource_index/nav2_core__pluginlib__plugin/nav2_constrained_smoother
[123.870s] -- Installing: /home/lhl/nav2_ws/src/install/nav2_constrained_smoother/share/nav2_constrained_smoother/cmake/ament_cmake_export_include_directories-extras.cmake
[123.871s] -- Installing: /home/lhl/nav2_ws/src/install/nav2_constrained_smoother/share/nav2_constrained_smoother/cmake/ament_cmake_export_libraries-extras.cmake
[123.871s] -- Installing: /home/lhl/nav2_ws/src/install/nav2_constrained_smoother/share/nav2_constrained_smoother/cmake/ament_cmake_export_dependencies-extras.cmake
[123.871s] -- Installing: /home/lhl/nav2_ws/src/install/nav2_constrained_smoother/share/nav2_constrained_smoother/cmake/nav2_constrained_smootherConfig.cmake
[123.871s] -- Installing: /home/lhl/nav2_ws/src/install/nav2_constrained_smoother/share/nav2_constrained_smoother/cmake/nav2_constrained_smootherConfig-version.cmake
[123.871s] -- Installing: /home/lhl/nav2_ws/src/install/nav2_constrained_smoother/share/nav2_constrained_smoother/package.xml
[123.887s] Invoked command in '/home/lhl/nav2_ws/src/build/nav2_constrained_smoother' returned '0': AMENT_PREFIX_PATH=/home/lhl/nav2_ws/src/install/nav2_core:/home/lhl/nav2_ws/src/install/nav2_costmap_2d:/home/lhl/nav2_ws/src/install/nav2_util:/home/lhl/nav2_ws/src/install/nav2_voxel_grid:/home/lhl/nav2_ws/src/install/nav2_msgs:/home/lhl/nav2_ws/src/install/nav2_common:${AMENT_PREFIX_PATH} CMAKE_PREFIX_PATH=/home/lhl/nav2_ws/src/install/nav2_core:/home/lhl/nav2_ws/src/install/nav2_costmap_2d:/home/lhl/nav2_ws/src/install/nav2_util:/home/lhl/nav2_ws/src/install/nav2_voxel_grid:/home/lhl/nav2_ws/src/install/nav2_msgs:/home/lhl/nav2_ws/src/install/nav2_common:/opt/ros/humble LD_LIBRARY_PATH=/home/lhl/nav2_ws/src/install/nav2_costmap_2d/lib:/home/lhl/nav2_ws/src/install/nav2_util/lib:/home/lhl/nav2_ws/src/install/nav2_voxel_grid/lib:/home/lhl/nav2_ws/src/install/nav2_msgs/lib:${LD_LIBRARY_PATH} PYTHONPATH=/home/lhl/nav2_ws/src/install/nav2_msgs/local/lib/python3.10/dist-packages:/home/lhl/nav2_ws/src/install/nav2_common/local/lib/python3.10/dist-packages:${PYTHONPATH} /usr/bin/cmake --install /home/lhl/nav2_ws/src/build/nav2_constrained_smoother
