-- Found ament_cmake: 1.3.4 (/opt/ros/humble/share/ament_cmake/cmake)
-- Override CMake install command with custom implementation using symlinks instead of copying resources
-- Found nav2_core: 1.1.6 (/home/lhl/nav2_ws/install/nav2_core/share/nav2_core/cmake)
-- Found rosidl_generator_c: 3.1.4 (/opt/ros/humble/share/rosidl_generator_c/cmake)
-- Found rosidl_adapter: 3.1.4 (/opt/ros/humble/share/rosidl_adapter/cmake)
-- Found rosidl_generator_cpp: 3.1.4 (/opt/ros/humble/share/rosidl_generator_cpp/cmake)
-- Using all available rosidl_typesupport_c: rosidl_typesupport_fastrtps_c;rosidl_typesupport_introspection_c
-- Using all available rosidl_typesupport_cpp: rosidl_typesupport_fastrtps_cpp;rosidl_typesupport_introspection_cpp
-- Found rmw_implementation_cmake: 6.1.1 (/opt/ros/humble/share/rmw_implementation_cmake/cmake)
-- Found rmw_fastrtps_cpp: 6.2.2 (/opt/ros/humble/share/rmw_fastrtps_cpp/cmake)
-- Using RMW implementation 'rmw_fastrtps_cpp' as default
-- Ensuring Eigen3 include directory is part of orocos-kdl CMake target
-- Found nav2_common: 1.1.6 (/home/lhl/nav2_ws/install/nav2_common/share/nav2_common/cmake)
-- Found nav_2d_utils: 1.1.6 (/home/lhl/nav2_ws/install/nav_2d_utils/share/nav_2d_utils/cmake)
-- Found ament_lint_auto: 0.12.6 (/opt/ros/humble/share/ament_lint_auto/cmake)
-- Found gtest sources under '/opt/ros/humble/src/gtest_vendor': C++ tests using 'Google Test' will be built
-- Added test 'cppcheck' to perform static code analysis on C / C++ code
-- Configured cppcheck include dirs: /home/lhl/nav2_ws/src/navigation2/nav2_smoother/include
-- Configured cppcheck exclude dirs and/or files: 
-- Added test 'cpplint' to check C / C++ code against the Google style
-- Configured cpplint exclude dirs and/or files: 
-- Added test 'lint_cmake' to check CMake code style
-- Added test 'uncrustify' to check C / C++ code style
-- Configured uncrustify additional arguments: 
-- Added test 'xmllint' to check XML markup files
-- Configuring done
-- Generating done
-- Build files have been written to: /home/lhl/nav2_ws/build/nav2_smoother
[35m[1mConsolidate compiler generated dependencies of target gtest_main[0m
[35m[1mConsolidate compiler generated dependencies of target simple_smoother[0m
[35m[1mConsolidate compiler generated dependencies of target smoother_server_core[0m
[35m[1mConsolidate compiler generated dependencies of target gtest[0m
[35m[1mConsolidate compiler generated dependencies of target savitzky_golay_smoother[0m
[ 11%] Built target gtest_main
[ 22%] Built target gtest
[ 33%] Built target simple_smoother
[ 44%] Built target smoother_server_core
[ 55%] Built target savitzky_golay_smoother
[35m[1mConsolidate compiler generated dependencies of target test_savitzky_golay_smoother[0m
[35m[1mConsolidate compiler generated dependencies of target smoother_server[0m
[35m[1mConsolidate compiler generated dependencies of target test_simple_smoother[0m
[35m[1mConsolidate compiler generated dependencies of target test_smoother_server[0m
[ 66%] Built target test_savitzky_golay_smoother
[ 77%] Built target test_simple_smoother
[ 88%] Built target smoother_server
[100%] Built target test_smoother_server
-- Install configuration: "Release"
-- Execute custom install script
-- Up-to-date symlink: /home/lhl/nav2_ws/install/nav2_smoother/share/nav2_smoother//plugins.xml
-- Up-to-date symlink: /home/lhl/nav2_ws/install/nav2_smoother/lib/libsmoother_server_core.so
-- Up-to-date symlink: /home/lhl/nav2_ws/install/nav2_smoother/lib/libsimple_smoother.so
-- Up-to-date symlink: /home/lhl/nav2_ws/install/nav2_smoother/lib/libsavitzky_golay_smoother.so
-- Up-to-date symlink: /home/lhl/nav2_ws/install/nav2_smoother/lib/nav2_smoother/smoother_server
-- Up-to-date symlink: /home/lhl/nav2_ws/install/nav2_smoother/include//nav2_smoother/nav2_smoother.hpp
-- Up-to-date symlink: /home/lhl/nav2_ws/install/nav2_smoother/include//nav2_smoother/savitzky_golay_smoother.hpp
-- Up-to-date symlink: /home/lhl/nav2_ws/install/nav2_smoother/include//nav2_smoother/simple_smoother.hpp
-- Up-to-date symlink: /home/lhl/nav2_ws/install/nav2_smoother/include//nav2_smoother/smoother_utils.hpp
-- Up-to-date symlink: /home/lhl/nav2_ws/install/nav2_smoother/share/nav2_smoother/environment/library_path.sh
-- Up-to-date symlink: /home/lhl/nav2_ws/install/nav2_smoother/share/nav2_smoother/environment/library_path.dsv
-- Up-to-date symlink: /home/lhl/nav2_ws/install/nav2_smoother/share/ament_index/resource_index/package_run_dependencies/nav2_smoother
-- Up-to-date symlink: /home/lhl/nav2_ws/install/nav2_smoother/share/ament_index/resource_index/parent_prefix_path/nav2_smoother
-- Up-to-date symlink: /home/lhl/nav2_ws/install/nav2_smoother/share/nav2_smoother/environment/ament_prefix_path.sh
-- Up-to-date symlink: /home/lhl/nav2_ws/install/nav2_smoother/share/nav2_smoother/environment/ament_prefix_path.dsv
-- Up-to-date symlink: /home/lhl/nav2_ws/install/nav2_smoother/share/nav2_smoother/environment/path.sh
-- Up-to-date symlink: /home/lhl/nav2_ws/install/nav2_smoother/share/nav2_smoother/environment/path.dsv
-- Up-to-date symlink: /home/lhl/nav2_ws/install/nav2_smoother/share/nav2_smoother/local_setup.bash
-- Up-to-date symlink: /home/lhl/nav2_ws/install/nav2_smoother/share/nav2_smoother/local_setup.sh
-- Up-to-date symlink: /home/lhl/nav2_ws/install/nav2_smoother/share/nav2_smoother/local_setup.zsh
-- Up-to-date symlink: /home/lhl/nav2_ws/install/nav2_smoother/share/nav2_smoother/local_setup.dsv
-- Symlinking: /home/lhl/nav2_ws/install/nav2_smoother/share/nav2_smoother/package.dsv
-- Up-to-date symlink: /home/lhl/nav2_ws/install/nav2_smoother/share/ament_index/resource_index/packages/nav2_smoother
-- Up-to-date symlink: /home/lhl/nav2_ws/install/nav2_smoother/share/ament_index/resource_index/nav2_core__pluginlib__plugin/nav2_smoother
-- Up-to-date symlink: /home/lhl/nav2_ws/install/nav2_smoother/share/ament_index/resource_index/rclcpp_components/nav2_smoother
-- Up-to-date symlink: /home/lhl/nav2_ws/install/nav2_smoother/share/nav2_smoother/cmake/ament_cmake_export_include_directories-extras.cmake
-- Up-to-date symlink: /home/lhl/nav2_ws/install/nav2_smoother/share/nav2_smoother/cmake/ament_cmake_export_libraries-extras.cmake
-- Up-to-date symlink: /home/lhl/nav2_ws/install/nav2_smoother/share/nav2_smoother/cmake/ament_cmake_export_dependencies-extras.cmake
-- Up-to-date symlink: /home/lhl/nav2_ws/install/nav2_smoother/share/nav2_smoother/cmake/nav2_smootherConfig.cmake
-- Up-to-date symlink: /home/lhl/nav2_ws/install/nav2_smoother/share/nav2_smoother/cmake/nav2_smootherConfig-version.cmake
-- Up-to-date symlink: /home/lhl/nav2_ws/install/nav2_smoother/share/nav2_smoother/package.xml
