[0.124s] Invoking command in '/home/lhl/nav2_ws/build/nav2_smoother': AMENT_PREFIX_PATH=/home/lhl/nav2_ws/install/nav2_core:/home/lhl/nav2_ws/install/nav2_costmap_2d:/home/lhl/nav2_ws/install/nav_2d_utils:/home/lhl/nav2_ws/install/nav2_util:/home/lhl/nav2_ws/install/nav2_voxel_grid:/home/lhl/nav2_ws/install/nav2_msgs:/home/lhl/nav2_ws/install/nav_2d_msgs:/home/lhl/nav2_ws/install/nav2_common:${AMENT_PREFIX_PATH} CMAKE_PREFIX_PATH=/home/lhl/nav2_ws/install/nav2_core:/home/lhl/nav2_ws/install/nav2_costmap_2d:/home/lhl/nav2_ws/install/nav_2d_utils:/home/lhl/nav2_ws/install/nav2_util:/home/lhl/nav2_ws/install/nav2_voxel_grid:/home/lhl/nav2_ws/install/nav2_msgs:/home/lhl/nav2_ws/install/nav_2d_msgs:/home/lhl/nav2_ws/install/nav2_common:/opt/ros/humble LD_LIBRARY_PATH=/home/lhl/nav2_ws/install/nav2_costmap_2d/lib:/home/lhl/nav2_ws/install/nav_2d_utils/lib:/home/lhl/nav2_ws/install/nav2_util/lib:/home/lhl/nav2_ws/install/nav2_voxel_grid/lib:/home/lhl/nav2_ws/install/nav2_msgs/lib:/home/lhl/nav2_ws/install/nav_2d_msgs/lib:${LD_LIBRARY_PATH} PYTHONPATH=/home/lhl/nav2_ws/install/nav2_msgs/local/lib/python3.10/dist-packages:/home/lhl/nav2_ws/install/nav_2d_msgs/local/lib/python3.10/dist-packages:/home/lhl/nav2_ws/install/nav2_common/local/lib/python3.10/dist-packages:${PYTHONPATH} /usr/bin/cmake /home/lhl/nav2_ws/src/navigation2/nav2_smoother -DCMAKE_INSTALL_PREFIX=/home/lhl/nav2_ws/install/nav2_smoother
[0.143s] -- Found ament_cmake: 1.3.4 (/opt/ros/humble/share/ament_cmake/cmake)
[0.435s] -- Override CMake install command with custom implementation using symlinks instead of copying resources
[0.465s] -- Found nav2_core: 1.1.6 (/home/lhl/nav2_ws/install/nav2_core/share/nav2_core/cmake)
[0.512s] -- Found rosidl_generator_c: 3.1.4 (/opt/ros/humble/share/rosidl_generator_c/cmake)
[0.517s] -- Found rosidl_adapter: 3.1.4 (/opt/ros/humble/share/rosidl_adapter/cmake)
[0.526s] -- Found rosidl_generator_cpp: 3.1.4 (/opt/ros/humble/share/rosidl_generator_cpp/cmake)
[0.546s] -- Using all available rosidl_typesupport_c: rosidl_typesupport_fastrtps_c;rosidl_typesupport_introspection_c
[0.575s] -- Using all available rosidl_typesupport_cpp: rosidl_typesupport_fastrtps_cpp;rosidl_typesupport_introspection_cpp
[0.681s] -- Found rmw_implementation_cmake: 6.1.1 (/opt/ros/humble/share/rmw_implementation_cmake/cmake)
[0.683s] -- Found rmw_fastrtps_cpp: 6.2.2 (/opt/ros/humble/share/rmw_fastrtps_cpp/cmake)
[0.887s] -- Using RMW implementation 'rmw_fastrtps_cpp' as default
[2.931s] -- Ensuring Eigen3 include directory is part of orocos-kdl CMake target
[6.290s] -- Found nav2_common: 1.1.6 (/home/lhl/nav2_ws/install/nav2_common/share/nav2_common/cmake)
[6.292s] -- Found nav_2d_utils: 1.1.6 (/home/lhl/nav2_ws/install/nav_2d_utils/share/nav_2d_utils/cmake)
[33.864s] -- Found ament_lint_auto: 0.12.6 (/opt/ros/humble/share/ament_lint_auto/cmake)
[34.018s] -- Found gtest sources under '/opt/ros/humble/src/gtest_vendor': C++ tests using 'Google Test' will be built
[53.407s] -- Added test 'cppcheck' to perform static code analysis on C / C++ code
[53.408s] -- Configured cppcheck include dirs: /home/lhl/nav2_ws/src/navigation2/nav2_smoother/include
[53.408s] -- Configured cppcheck exclude dirs and/or files: 
[53.409s] -- Added test 'cpplint' to check C / C++ code against the Google style
[53.409s] -- Configured cpplint exclude dirs and/or files: 
[53.410s] -- Added test 'lint_cmake' to check CMake code style
[53.412s] -- Added test 'uncrustify' to check C / C++ code style
[53.412s] -- Configured uncrustify additional arguments: 
[53.412s] -- Added test 'xmllint' to check XML markup files
[53.417s] -- Configuring done
[53.918s] -- Generating done
[53.924s] -- Build files have been written to: /home/lhl/nav2_ws/build/nav2_smoother
[53.954s] Invoked command in '/home/lhl/nav2_ws/build/nav2_smoother' returned '0': AMENT_PREFIX_PATH=/home/lhl/nav2_ws/install/nav2_core:/home/lhl/nav2_ws/install/nav2_costmap_2d:/home/lhl/nav2_ws/install/nav_2d_utils:/home/lhl/nav2_ws/install/nav2_util:/home/lhl/nav2_ws/install/nav2_voxel_grid:/home/lhl/nav2_ws/install/nav2_msgs:/home/lhl/nav2_ws/install/nav_2d_msgs:/home/lhl/nav2_ws/install/nav2_common:${AMENT_PREFIX_PATH} CMAKE_PREFIX_PATH=/home/lhl/nav2_ws/install/nav2_core:/home/lhl/nav2_ws/install/nav2_costmap_2d:/home/lhl/nav2_ws/install/nav_2d_utils:/home/lhl/nav2_ws/install/nav2_util:/home/lhl/nav2_ws/install/nav2_voxel_grid:/home/lhl/nav2_ws/install/nav2_msgs:/home/lhl/nav2_ws/install/nav_2d_msgs:/home/lhl/nav2_ws/install/nav2_common:/opt/ros/humble LD_LIBRARY_PATH=/home/lhl/nav2_ws/install/nav2_costmap_2d/lib:/home/lhl/nav2_ws/install/nav_2d_utils/lib:/home/lhl/nav2_ws/install/nav2_util/lib:/home/lhl/nav2_ws/install/nav2_voxel_grid/lib:/home/lhl/nav2_ws/install/nav2_msgs/lib:/home/lhl/nav2_ws/install/nav_2d_msgs/lib:${LD_LIBRARY_PATH} PYTHONPATH=/home/lhl/nav2_ws/install/nav2_msgs/local/lib/python3.10/dist-packages:/home/lhl/nav2_ws/install/nav_2d_msgs/local/lib/python3.10/dist-packages:/home/lhl/nav2_ws/install/nav2_common/local/lib/python3.10/dist-packages:${PYTHONPATH} /usr/bin/cmake /home/lhl/nav2_ws/src/navigation2/nav2_smoother -DCMAKE_INSTALL_PREFIX=/home/lhl/nav2_ws/install/nav2_smoother
[53.957s] Invoking command in '/home/lhl/nav2_ws/build/nav2_smoother': AMENT_PREFIX_PATH=/home/lhl/nav2_ws/install/nav2_core:/home/lhl/nav2_ws/install/nav2_costmap_2d:/home/lhl/nav2_ws/install/nav_2d_utils:/home/lhl/nav2_ws/install/nav2_util:/home/lhl/nav2_ws/install/nav2_voxel_grid:/home/lhl/nav2_ws/install/nav2_msgs:/home/lhl/nav2_ws/install/nav_2d_msgs:/home/lhl/nav2_ws/install/nav2_common:${AMENT_PREFIX_PATH} CMAKE_PREFIX_PATH=/home/lhl/nav2_ws/install/nav2_core:/home/lhl/nav2_ws/install/nav2_costmap_2d:/home/lhl/nav2_ws/install/nav_2d_utils:/home/lhl/nav2_ws/install/nav2_util:/home/lhl/nav2_ws/install/nav2_voxel_grid:/home/lhl/nav2_ws/install/nav2_msgs:/home/lhl/nav2_ws/install/nav_2d_msgs:/home/lhl/nav2_ws/install/nav2_common:/opt/ros/humble LD_LIBRARY_PATH=/home/lhl/nav2_ws/install/nav2_costmap_2d/lib:/home/lhl/nav2_ws/install/nav_2d_utils/lib:/home/lhl/nav2_ws/install/nav2_util/lib:/home/lhl/nav2_ws/install/nav2_voxel_grid/lib:/home/lhl/nav2_ws/install/nav2_msgs/lib:/home/lhl/nav2_ws/install/nav_2d_msgs/lib:${LD_LIBRARY_PATH} PYTHONPATH=/home/lhl/nav2_ws/install/nav2_msgs/local/lib/python3.10/dist-packages:/home/lhl/nav2_ws/install/nav_2d_msgs/local/lib/python3.10/dist-packages:/home/lhl/nav2_ws/install/nav2_common/local/lib/python3.10/dist-packages:${PYTHONPATH} /usr/bin/cmake --build /home/lhl/nav2_ws/build/nav2_smoother -- -j8 -l8
[54.037s] [35m[1mConsolidate compiler generated dependencies of target gtest_main[0m
[54.037s] [35m[1mConsolidate compiler generated dependencies of target simple_smoother[0m
[54.039s] [35m[1mConsolidate compiler generated dependencies of target smoother_server_core[0m
[54.045s] [35m[1mConsolidate compiler generated dependencies of target gtest[0m
[54.053s] [35m[1mConsolidate compiler generated dependencies of target savitzky_golay_smoother[0m
[54.086s] [ 11%] Built target gtest_main
[54.098s] [ 22%] Built target gtest
[54.099s] [ 33%] Built target simple_smoother
[54.110s] [ 44%] Built target smoother_server_core
[54.119s] [ 55%] Built target savitzky_golay_smoother
[54.144s] [35m[1mConsolidate compiler generated dependencies of target test_savitzky_golay_smoother[0m
[54.154s] [35m[1mConsolidate compiler generated dependencies of target smoother_server[0m
[54.155s] [35m[1mConsolidate compiler generated dependencies of target test_simple_smoother[0m
[54.186s] [35m[1mConsolidate compiler generated dependencies of target test_smoother_server[0m
[54.206s] [ 66%] Built target test_savitzky_golay_smoother
[54.224s] [ 77%] Built target test_simple_smoother
[54.242s] [ 88%] Built target smoother_server
[54.242s] [100%] Built target test_smoother_server
[54.263s] Invoked command in '/home/lhl/nav2_ws/build/nav2_smoother' returned '0': AMENT_PREFIX_PATH=/home/lhl/nav2_ws/install/nav2_core:/home/lhl/nav2_ws/install/nav2_costmap_2d:/home/lhl/nav2_ws/install/nav_2d_utils:/home/lhl/nav2_ws/install/nav2_util:/home/lhl/nav2_ws/install/nav2_voxel_grid:/home/lhl/nav2_ws/install/nav2_msgs:/home/lhl/nav2_ws/install/nav_2d_msgs:/home/lhl/nav2_ws/install/nav2_common:${AMENT_PREFIX_PATH} CMAKE_PREFIX_PATH=/home/lhl/nav2_ws/install/nav2_core:/home/lhl/nav2_ws/install/nav2_costmap_2d:/home/lhl/nav2_ws/install/nav_2d_utils:/home/lhl/nav2_ws/install/nav2_util:/home/lhl/nav2_ws/install/nav2_voxel_grid:/home/lhl/nav2_ws/install/nav2_msgs:/home/lhl/nav2_ws/install/nav_2d_msgs:/home/lhl/nav2_ws/install/nav2_common:/opt/ros/humble LD_LIBRARY_PATH=/home/lhl/nav2_ws/install/nav2_costmap_2d/lib:/home/lhl/nav2_ws/install/nav_2d_utils/lib:/home/lhl/nav2_ws/install/nav2_util/lib:/home/lhl/nav2_ws/install/nav2_voxel_grid/lib:/home/lhl/nav2_ws/install/nav2_msgs/lib:/home/lhl/nav2_ws/install/nav_2d_msgs/lib:${LD_LIBRARY_PATH} PYTHONPATH=/home/lhl/nav2_ws/install/nav2_msgs/local/lib/python3.10/dist-packages:/home/lhl/nav2_ws/install/nav_2d_msgs/local/lib/python3.10/dist-packages:/home/lhl/nav2_ws/install/nav2_common/local/lib/python3.10/dist-packages:${PYTHONPATH} /usr/bin/cmake --build /home/lhl/nav2_ws/build/nav2_smoother -- -j8 -l8
[54.345s] Invoking command in '/home/lhl/nav2_ws/build/nav2_smoother': AMENT_PREFIX_PATH=/home/lhl/nav2_ws/install/nav2_core:/home/lhl/nav2_ws/install/nav2_costmap_2d:/home/lhl/nav2_ws/install/nav_2d_utils:/home/lhl/nav2_ws/install/nav2_util:/home/lhl/nav2_ws/install/nav2_voxel_grid:/home/lhl/nav2_ws/install/nav2_msgs:/home/lhl/nav2_ws/install/nav_2d_msgs:/home/lhl/nav2_ws/install/nav2_common:${AMENT_PREFIX_PATH} CMAKE_PREFIX_PATH=/home/lhl/nav2_ws/install/nav2_core:/home/lhl/nav2_ws/install/nav2_costmap_2d:/home/lhl/nav2_ws/install/nav_2d_utils:/home/lhl/nav2_ws/install/nav2_util:/home/lhl/nav2_ws/install/nav2_voxel_grid:/home/lhl/nav2_ws/install/nav2_msgs:/home/lhl/nav2_ws/install/nav_2d_msgs:/home/lhl/nav2_ws/install/nav2_common:/opt/ros/humble LD_LIBRARY_PATH=/home/lhl/nav2_ws/install/nav2_costmap_2d/lib:/home/lhl/nav2_ws/install/nav_2d_utils/lib:/home/lhl/nav2_ws/install/nav2_util/lib:/home/lhl/nav2_ws/install/nav2_voxel_grid/lib:/home/lhl/nav2_ws/install/nav2_msgs/lib:/home/lhl/nav2_ws/install/nav_2d_msgs/lib:${LD_LIBRARY_PATH} PYTHONPATH=/home/lhl/nav2_ws/install/nav2_msgs/local/lib/python3.10/dist-packages:/home/lhl/nav2_ws/install/nav_2d_msgs/local/lib/python3.10/dist-packages:/home/lhl/nav2_ws/install/nav2_common/local/lib/python3.10/dist-packages:${PYTHONPATH} /usr/bin/cmake --install /home/lhl/nav2_ws/build/nav2_smoother
[54.358s] -- Install configuration: "Release"
[54.359s] -- Execute custom install script
[54.359s] -- Up-to-date symlink: /home/lhl/nav2_ws/install/nav2_smoother/share/nav2_smoother//plugins.xml
[54.359s] -- Up-to-date symlink: /home/lhl/nav2_ws/install/nav2_smoother/lib/libsmoother_server_core.so
[54.360s] -- Up-to-date symlink: /home/lhl/nav2_ws/install/nav2_smoother/lib/libsimple_smoother.so
[54.360s] -- Up-to-date symlink: /home/lhl/nav2_ws/install/nav2_smoother/lib/libsavitzky_golay_smoother.so
[54.360s] -- Up-to-date symlink: /home/lhl/nav2_ws/install/nav2_smoother/lib/nav2_smoother/smoother_server
[54.361s] -- Up-to-date symlink: /home/lhl/nav2_ws/install/nav2_smoother/include//nav2_smoother/nav2_smoother.hpp
[54.366s] -- Up-to-date symlink: /home/lhl/nav2_ws/install/nav2_smoother/include//nav2_smoother/savitzky_golay_smoother.hpp
[54.366s] -- Up-to-date symlink: /home/lhl/nav2_ws/install/nav2_smoother/include//nav2_smoother/simple_smoother.hpp
[54.367s] -- Up-to-date symlink: /home/lhl/nav2_ws/install/nav2_smoother/include//nav2_smoother/smoother_utils.hpp
[54.367s] -- Up-to-date symlink: /home/lhl/nav2_ws/install/nav2_smoother/share/nav2_smoother/environment/library_path.sh
[54.367s] -- Up-to-date symlink: /home/lhl/nav2_ws/install/nav2_smoother/share/nav2_smoother/environment/library_path.dsv
[54.367s] -- Up-to-date symlink: /home/lhl/nav2_ws/install/nav2_smoother/share/ament_index/resource_index/package_run_dependencies/nav2_smoother
[54.367s] -- Up-to-date symlink: /home/lhl/nav2_ws/install/nav2_smoother/share/ament_index/resource_index/parent_prefix_path/nav2_smoother
[54.367s] -- Up-to-date symlink: /home/lhl/nav2_ws/install/nav2_smoother/share/nav2_smoother/environment/ament_prefix_path.sh
[54.367s] -- Up-to-date symlink: /home/lhl/nav2_ws/install/nav2_smoother/share/nav2_smoother/environment/ament_prefix_path.dsv
[54.368s] -- Up-to-date symlink: /home/lhl/nav2_ws/install/nav2_smoother/share/nav2_smoother/environment/path.sh
[54.368s] -- Up-to-date symlink: /home/lhl/nav2_ws/install/nav2_smoother/share/nav2_smoother/environment/path.dsv
[54.368s] -- Up-to-date symlink: /home/lhl/nav2_ws/install/nav2_smoother/share/nav2_smoother/local_setup.bash
[54.368s] -- Up-to-date symlink: /home/lhl/nav2_ws/install/nav2_smoother/share/nav2_smoother/local_setup.sh
[54.368s] -- Up-to-date symlink: /home/lhl/nav2_ws/install/nav2_smoother/share/nav2_smoother/local_setup.zsh
[54.368s] -- Up-to-date symlink: /home/lhl/nav2_ws/install/nav2_smoother/share/nav2_smoother/local_setup.dsv
[54.369s] -- Symlinking: /home/lhl/nav2_ws/install/nav2_smoother/share/nav2_smoother/package.dsv
[54.378s] -- Up-to-date symlink: /home/lhl/nav2_ws/install/nav2_smoother/share/ament_index/resource_index/packages/nav2_smoother
[54.378s] -- Up-to-date symlink: /home/lhl/nav2_ws/install/nav2_smoother/share/ament_index/resource_index/nav2_core__pluginlib__plugin/nav2_smoother
[54.378s] -- Up-to-date symlink: /home/lhl/nav2_ws/install/nav2_smoother/share/ament_index/resource_index/rclcpp_components/nav2_smoother
[54.379s] -- Up-to-date symlink: /home/lhl/nav2_ws/install/nav2_smoother/share/nav2_smoother/cmake/ament_cmake_export_include_directories-extras.cmake
[54.379s] -- Up-to-date symlink: /home/lhl/nav2_ws/install/nav2_smoother/share/nav2_smoother/cmake/ament_cmake_export_libraries-extras.cmake
[54.379s] -- Up-to-date symlink: /home/lhl/nav2_ws/install/nav2_smoother/share/nav2_smoother/cmake/ament_cmake_export_dependencies-extras.cmake
[54.379s] -- Up-to-date symlink: /home/lhl/nav2_ws/install/nav2_smoother/share/nav2_smoother/cmake/nav2_smootherConfig.cmake
[54.379s] -- Up-to-date symlink: /home/lhl/nav2_ws/install/nav2_smoother/share/nav2_smoother/cmake/nav2_smootherConfig-version.cmake
[54.380s] -- Up-to-date symlink: /home/lhl/nav2_ws/install/nav2_smoother/share/nav2_smoother/package.xml
[54.386s] Invoked command in '/home/lhl/nav2_ws/build/nav2_smoother' returned '0': AMENT_PREFIX_PATH=/home/lhl/nav2_ws/install/nav2_core:/home/lhl/nav2_ws/install/nav2_costmap_2d:/home/lhl/nav2_ws/install/nav_2d_utils:/home/lhl/nav2_ws/install/nav2_util:/home/lhl/nav2_ws/install/nav2_voxel_grid:/home/lhl/nav2_ws/install/nav2_msgs:/home/lhl/nav2_ws/install/nav_2d_msgs:/home/lhl/nav2_ws/install/nav2_common:${AMENT_PREFIX_PATH} CMAKE_PREFIX_PATH=/home/lhl/nav2_ws/install/nav2_core:/home/lhl/nav2_ws/install/nav2_costmap_2d:/home/lhl/nav2_ws/install/nav_2d_utils:/home/lhl/nav2_ws/install/nav2_util:/home/lhl/nav2_ws/install/nav2_voxel_grid:/home/lhl/nav2_ws/install/nav2_msgs:/home/lhl/nav2_ws/install/nav_2d_msgs:/home/lhl/nav2_ws/install/nav2_common:/opt/ros/humble LD_LIBRARY_PATH=/home/lhl/nav2_ws/install/nav2_costmap_2d/lib:/home/lhl/nav2_ws/install/nav_2d_utils/lib:/home/lhl/nav2_ws/install/nav2_util/lib:/home/lhl/nav2_ws/install/nav2_voxel_grid/lib:/home/lhl/nav2_ws/install/nav2_msgs/lib:/home/lhl/nav2_ws/install/nav_2d_msgs/lib:${LD_LIBRARY_PATH} PYTHONPATH=/home/lhl/nav2_ws/install/nav2_msgs/local/lib/python3.10/dist-packages:/home/lhl/nav2_ws/install/nav_2d_msgs/local/lib/python3.10/dist-packages:/home/lhl/nav2_ws/install/nav2_common/local/lib/python3.10/dist-packages:${PYTHONPATH} /usr/bin/cmake --install /home/lhl/nav2_ws/build/nav2_smoother
