[0.010s] Invoking command in '/home/lhl/nav2_ws/build/nav2_voxel_grid': AMENT_PREFIX_PATH=/home/lhl/nav2_ws/install/nav2_common:${AMENT_PREFIX_PATH} CMAKE_PREFIX_PATH=/home/lhl/nav2_ws/install/nav2_common:/opt/ros/humble PYTHONPATH=/home/lhl/nav2_ws/install/nav2_common/local/lib/python3.10/dist-packages:${PYTHONPATH} /usr/bin/cmake /home/lhl/nav2_ws/src/navigation2/nav2_voxel_grid -DAMENT_CMAKE_SYMLINK_INSTALL=1 -DCMAKE_INSTALL_PREFIX=/home/lhl/nav2_ws/install/nav2_voxel_grid
[0.060s] -- The C compiler identification is GNU 11.3.0
[0.134s] -- The CXX compiler identification is GNU 11.3.0
[0.142s] -- Detecting C compiler ABI info
[0.254s] -- Detecting C compiler ABI info - done
[0.267s] -- Check for working C compiler: /usr/bin/cc - skipped
[0.267s] -- Detecting C compile features
[0.267s] -- Detecting C compile features - done
[0.271s] -- Detecting CXX compiler ABI info
[0.354s] -- Detecting CXX compiler ABI info - done
[0.361s] -- Check for working CXX compiler: /usr/bin/c++ - skipped
[0.362s] -- Detecting CXX compile features
[0.362s] -- Detecting CXX compile features - done
[0.590s] -- Found ament_cmake: 1.3.4 (/opt/ros/humble/share/ament_cmake/cmake)
[0.767s] -- Found Python3: /usr/bin/python3.10 (found version "3.10.6") found components: Interpreter 
[0.828s] -- Override CMake install command with custom implementation using symlinks instead of copying resources
[1.075s] -- Found nav2_common: 1.1.6 (/home/lhl/nav2_ws/install/nav2_common/share/nav2_common/cmake)
[1.116s] -- Found rclcpp: 16.0.4 (/opt/ros/humble/share/rclcpp/cmake)
[1.290s] -- Found rosidl_generator_c: 3.1.4 (/opt/ros/humble/share/rosidl_generator_c/cmake)
[1.349s] -- Found rosidl_adapter: 3.1.4 (/opt/ros/humble/share/rosidl_adapter/cmake)
[1.407s] -- Found rosidl_generator_cpp: 3.1.4 (/opt/ros/humble/share/rosidl_generator_cpp/cmake)
[1.488s] -- Using all available rosidl_typesupport_c: rosidl_typesupport_fastrtps_c;rosidl_typesupport_introspection_c
[3.897s] -- Using all available rosidl_typesupport_cpp: rosidl_typesupport_fastrtps_cpp;rosidl_typesupport_introspection_cpp
[4.281s] -- Found rmw_implementation_cmake: 6.1.1 (/opt/ros/humble/share/rmw_implementation_cmake/cmake)
[4.326s] -- Found rmw_fastrtps_cpp: 6.2.2 (/opt/ros/humble/share/rmw_fastrtps_cpp/cmake)
[4.766s] -- Found OpenSSL: /usr/lib/x86_64-linux-gnu/libcrypto.so (found version "3.0.2")  
[4.804s] -- Found FastRTPS: /opt/ros/humble/include  
[4.883s] -- Using RMW implementation 'rmw_fastrtps_cpp' as default
[5.152s] -- Looking for pthread.h
[5.432s] -- Looking for pthread.h - found
[5.432s] -- Performing Test CMAKE_HAVE_LIBC_PTHREAD
[5.523s] -- Performing Test CMAKE_HAVE_LIBC_PTHREAD - Success
[5.524s] -- Found Threads: TRUE  
[5.785s] -- Setting build type to Release as none was specified.
[5.922s] -- Found ament_lint_auto: 0.12.6 (/opt/ros/humble/share/ament_lint_auto/cmake)
[6.207s] -- Found gtest sources under '/opt/ros/humble/src/gtest_vendor': C++ tests using 'Google Test' will be built
[6.223s] -- Added test 'cppcheck' to perform static code analysis on C / C++ code
[6.224s] -- Configured cppcheck include dirs: /home/lhl/nav2_ws/src/navigation2/nav2_voxel_grid/include
[6.224s] -- Configured cppcheck exclude dirs and/or files: 
[6.225s] -- Added test 'cpplint' to check C / C++ code against the Google style
[6.226s] -- Configured cpplint exclude dirs and/or files: 
[6.228s] -- Added test 'lint_cmake' to check CMake code style
[6.230s] -- Added test 'uncrustify' to check C / C++ code style
[6.230s] -- Configured uncrustify additional arguments: 
[6.231s] -- Added test 'xmllint' to check XML markup files
[6.236s] -- Configuring done
[6.263s] -- Generating done
[6.266s] -- Build files have been written to: /home/lhl/nav2_ws/build/nav2_voxel_grid
[6.281s] Invoked command in '/home/lhl/nav2_ws/build/nav2_voxel_grid' returned '0': AMENT_PREFIX_PATH=/home/lhl/nav2_ws/install/nav2_common:${AMENT_PREFIX_PATH} CMAKE_PREFIX_PATH=/home/lhl/nav2_ws/install/nav2_common:/opt/ros/humble PYTHONPATH=/home/lhl/nav2_ws/install/nav2_common/local/lib/python3.10/dist-packages:${PYTHONPATH} /usr/bin/cmake /home/lhl/nav2_ws/src/navigation2/nav2_voxel_grid -DAMENT_CMAKE_SYMLINK_INSTALL=1 -DCMAKE_INSTALL_PREFIX=/home/lhl/nav2_ws/install/nav2_voxel_grid
[6.281s] Invoking command in '/home/lhl/nav2_ws/build/nav2_voxel_grid': AMENT_PREFIX_PATH=/home/lhl/nav2_ws/install/nav2_common:${AMENT_PREFIX_PATH} CMAKE_PREFIX_PATH=/home/lhl/nav2_ws/install/nav2_common:/opt/ros/humble PYTHONPATH=/home/lhl/nav2_ws/install/nav2_common/local/lib/python3.10/dist-packages:${PYTHONPATH} /usr/bin/cmake --build /home/lhl/nav2_ws/build/nav2_voxel_grid -- -j8 -l8
[6.355s] [ 10%] [32mBuilding CXX object gtest/CMakeFiles/gtest_main.dir/src/gtest_main.cc.o[0m
[6.359s] [ 20%] [32mBuilding CXX object CMakeFiles/voxel_grid.dir/src/voxel_grid.cpp.o[0m
[6.366s] [ 30%] [32mBuilding CXX object gtest/CMakeFiles/gtest.dir/src/gtest-all.cc.o[0m
[9.441s] [ 40%] [32m[1mLinking CXX static library libgtest_main.a[0m
[9.720s] [ 40%] Built target gtest_main
[12.992s] [ 50%] [32m[1mLinking CXX shared library libvoxel_grid.so[0m
[13.528s] [ 50%] Built target voxel_grid
[20.025s] [ 60%] [32m[1mLinking CXX static library libgtest.a[0m
[21.308s] [ 60%] Built target gtest
[21.408s] [ 70%] [32mBuilding CXX object test/CMakeFiles/voxel_grid_bresenham_3d.dir/voxel_grid_bresenham_3d.cpp.o[0m
[21.432s] [ 80%] [32mBuilding CXX object test/CMakeFiles/voxel_grid_tests.dir/voxel_grid_tests.cpp.o[0m
[29.637s] [ 90%] [32m[1mLinking CXX executable voxel_grid_tests[0m
[29.978s] [100%] [32m[1mLinking CXX executable voxel_grid_bresenham_3d[0m
[30.193s] [100%] Built target voxel_grid_tests
[30.553s] [100%] Built target voxel_grid_bresenham_3d
[30.622s] Invoked command in '/home/lhl/nav2_ws/build/nav2_voxel_grid' returned '0': AMENT_PREFIX_PATH=/home/lhl/nav2_ws/install/nav2_common:${AMENT_PREFIX_PATH} CMAKE_PREFIX_PATH=/home/lhl/nav2_ws/install/nav2_common:/opt/ros/humble PYTHONPATH=/home/lhl/nav2_ws/install/nav2_common/local/lib/python3.10/dist-packages:${PYTHONPATH} /usr/bin/cmake --build /home/lhl/nav2_ws/build/nav2_voxel_grid -- -j8 -l8
[31.042s] Invoking command in '/home/lhl/nav2_ws/build/nav2_voxel_grid': AMENT_PREFIX_PATH=/home/lhl/nav2_ws/install/nav2_common:${AMENT_PREFIX_PATH} CMAKE_PREFIX_PATH=/home/lhl/nav2_ws/install/nav2_common:/opt/ros/humble PYTHONPATH=/home/lhl/nav2_ws/install/nav2_common/local/lib/python3.10/dist-packages:${PYTHONPATH} /usr/bin/cmake --install /home/lhl/nav2_ws/build/nav2_voxel_grid
[31.058s] -- Install configuration: "Release"
[31.058s] -- Execute custom install script
[31.058s] -- Symlinking: /home/lhl/nav2_ws/install/nav2_voxel_grid/lib/libvoxel_grid.so
[31.101s] -- Symlinking: /home/lhl/nav2_ws/install/nav2_voxel_grid/include/nav2_voxel_grid/voxel_grid.hpp
[31.138s] -- Symlinking: /home/lhl/nav2_ws/install/nav2_voxel_grid/share/nav2_voxel_grid/environment/library_path.sh
[31.193s] -- Symlinking: /home/lhl/nav2_ws/install/nav2_voxel_grid/share/nav2_voxel_grid/environment/library_path.dsv
[31.204s] -- Symlinking: /home/lhl/nav2_ws/install/nav2_voxel_grid/share/ament_index/resource_index/package_run_dependencies/nav2_voxel_grid
[31.232s] -- Symlinking: /home/lhl/nav2_ws/install/nav2_voxel_grid/share/ament_index/resource_index/parent_prefix_path/nav2_voxel_grid
[31.246s] -- Symlinking: /home/lhl/nav2_ws/install/nav2_voxel_grid/share/nav2_voxel_grid/environment/ament_prefix_path.sh
[31.258s] -- Symlinking: /home/lhl/nav2_ws/install/nav2_voxel_grid/share/nav2_voxel_grid/environment/ament_prefix_path.dsv
[31.270s] -- Symlinking: /home/lhl/nav2_ws/install/nav2_voxel_grid/share/nav2_voxel_grid/environment/path.sh
[31.281s] -- Symlinking: /home/lhl/nav2_ws/install/nav2_voxel_grid/share/nav2_voxel_grid/environment/path.dsv
[31.293s] -- Symlinking: /home/lhl/nav2_ws/install/nav2_voxel_grid/share/nav2_voxel_grid/local_setup.bash
[31.305s] -- Symlinking: /home/lhl/nav2_ws/install/nav2_voxel_grid/share/nav2_voxel_grid/local_setup.sh
[31.316s] -- Symlinking: /home/lhl/nav2_ws/install/nav2_voxel_grid/share/nav2_voxel_grid/local_setup.zsh
[31.327s] -- Symlinking: /home/lhl/nav2_ws/install/nav2_voxel_grid/share/nav2_voxel_grid/local_setup.dsv
[31.339s] -- Symlinking: /home/lhl/nav2_ws/install/nav2_voxel_grid/share/nav2_voxel_grid/package.dsv
[31.350s] -- Symlinking: /home/lhl/nav2_ws/install/nav2_voxel_grid/share/ament_index/resource_index/packages/nav2_voxel_grid
[31.362s] -- Symlinking: /home/lhl/nav2_ws/install/nav2_voxel_grid/share/nav2_voxel_grid/cmake/ament_cmake_export_dependencies-extras.cmake
[31.373s] -- Symlinking: /home/lhl/nav2_ws/install/nav2_voxel_grid/share/nav2_voxel_grid/cmake/ament_cmake_export_include_directories-extras.cmake
[31.384s] -- Symlinking: /home/lhl/nav2_ws/install/nav2_voxel_grid/share/nav2_voxel_grid/cmake/ament_cmake_export_libraries-extras.cmake
[31.396s] -- Symlinking: /home/lhl/nav2_ws/install/nav2_voxel_grid/share/nav2_voxel_grid/cmake/nav2_voxel_gridConfig.cmake
[31.407s] -- Symlinking: /home/lhl/nav2_ws/install/nav2_voxel_grid/share/nav2_voxel_grid/cmake/nav2_voxel_gridConfig-version.cmake
[31.418s] -- Symlinking: /home/lhl/nav2_ws/install/nav2_voxel_grid/share/nav2_voxel_grid/package.xml
[31.438s] Invoked command in '/home/lhl/nav2_ws/build/nav2_voxel_grid' returned '0': AMENT_PREFIX_PATH=/home/lhl/nav2_ws/install/nav2_common:${AMENT_PREFIX_PATH} CMAKE_PREFIX_PATH=/home/lhl/nav2_ws/install/nav2_common:/opt/ros/humble PYTHONPATH=/home/lhl/nav2_ws/install/nav2_common/local/lib/python3.10/dist-packages:${PYTHONPATH} /usr/bin/cmake --install /home/lhl/nav2_ws/build/nav2_voxel_grid
