[0.281s] DEBUG:colcon:Command line arguments: ['/usr/bin/colcon', 'build', '--packages-select', 'sam_bot_description']
[0.281s] DEBUG:colcon:Parsed command line arguments: Namespace(log_base=None, log_level=None, verb_name='build', build_base='build', install_base='install', merge_install=False, symlink_install=False, test_result_base=None, continue_on_error=False, executor='parallel', parallel_workers=8, event_handlers=None, ignore_user_meta=False, metas=['./colcon.meta'], base_paths=['.'], packages_ignore=None, packages_ignore_regex=None, paths=None, packages_up_to=None, packages_up_to_regex=None, packages_above=None, packages_above_and_dependencies=None, packages_above_depth=None, packages_select_by_dep=None, packages_skip_by_dep=None, packages_skip_up_to=None, packages_select_build_failed=False, packages_skip_build_finished=False, packages_select_test_failures=False, packages_skip_test_passed=False, packages_select=['sam_bot_description'], packages_skip=None, packages_select_regex=None, packages_skip_regex=None, packages_start=None, packages_end=None, allow_overriding=[], cmake_args=None, cmake_target=None, cmake_target_skip_unavailable=False, cmake_clean_cache=False, cmake_clean_first=False, cmake_force_configure=False, ament_cmake_args=None, catkin_cmake_args=None, catkin_skip_building_tests=False, verb_parser=<colcon_defaults.argument_parser.defaults.DefaultArgumentsDecorator object at 0x7fb1e1fd3790>, verb_extension=<colcon_core.verb.build.BuildVerb object at 0x7fb1e27e0a60>, main=<bound method BuildVerb.main of <colcon_core.verb.build.BuildVerb object at 0x7fb1e27e0a60>>)
[0.307s] Level 1:colcon.colcon_core.package_discovery:discover_packages(colcon_meta) check parameters
[0.308s] Level 1:colcon.colcon_core.package_discovery:discover_packages(recursive) check parameters
[0.308s] Level 1:colcon.colcon_core.package_discovery:discover_packages(ignore) check parameters
[0.308s] Level 1:colcon.colcon_core.package_discovery:discover_packages(path) check parameters
[0.308s] Level 1:colcon.colcon_core.package_discovery:discover_packages(colcon_meta) discover
[0.308s] Level 1:colcon.colcon_core.package_discovery:discover_packages(recursive) discover
[0.308s] INFO:colcon.colcon_core.package_discovery:Crawling recursively for packages in '/home/lhl/nav2_ws/src'
[0.308s] Level 1:colcon.colcon_core.package_identification:_identify(.) by extensions ['ignore', 'ignore_ament_install']
[0.308s] Level 1:colcon.colcon_core.package_identification:_identify(.) by extension 'ignore'
[0.308s] Level 1:colcon.colcon_core.package_identification:_identify(.) by extension 'ignore_ament_install'
[0.308s] Level 1:colcon.colcon_core.package_identification:_identify(.) by extensions ['colcon_pkg']
[0.308s] Level 1:colcon.colcon_core.package_identification:_identify(.) by extension 'colcon_pkg'
[0.308s] Level 1:colcon.colcon_core.package_identification:_identify(.) by extensions ['colcon_meta']
[0.308s] Level 1:colcon.colcon_core.package_identification:_identify(.) by extension 'colcon_meta'
[0.308s] Level 1:colcon.colcon_core.package_identification:_identify(.) by extensions ['ros']
[0.308s] Level 1:colcon.colcon_core.package_identification:_identify(.) by extension 'ros'
[0.318s] Level 1:colcon.colcon_core.package_identification:_identify(.) by extensions ['cmake', 'python']
[0.318s] Level 1:colcon.colcon_core.package_identification:_identify(.) by extension 'cmake'
[0.318s] Level 1:colcon.colcon_core.package_identification:_identify(.) by extension 'python'
[0.318s] Level 1:colcon.colcon_core.package_identification:_identify(.) by extensions ['python_setup_py']
[0.318s] Level 1:colcon.colcon_core.package_identification:_identify(.) by extension 'python_setup_py'
[0.318s] Level 1:colcon.colcon_core.package_identification:_identify(build) by extensions ['ignore', 'ignore_ament_install']
[0.318s] Level 1:colcon.colcon_core.package_identification:_identify(build) by extension 'ignore'
[0.318s] Level 1:colcon.colcon_core.package_identification:_identify(build) ignored
[0.318s] Level 1:colcon.colcon_core.package_identification:_identify(install) by extensions ['ignore', 'ignore_ament_install']
[0.318s] Level 1:colcon.colcon_core.package_identification:_identify(install) by extension 'ignore'
[0.318s] Level 1:colcon.colcon_core.package_identification:_identify(install) ignored
[0.319s] Level 1:colcon.colcon_core.package_identification:_identify(log) by extensions ['ignore', 'ignore_ament_install']
[0.319s] Level 1:colcon.colcon_core.package_identification:_identify(log) by extension 'ignore'
[0.319s] Level 1:colcon.colcon_core.package_identification:_identify(log) ignored
[0.319s] Level 1:colcon.colcon_core.package_identification:_identify(navigation2) by extensions ['ignore', 'ignore_ament_install']
[0.319s] Level 1:colcon.colcon_core.package_identification:_identify(navigation2) by extension 'ignore'
[0.319s] Level 1:colcon.colcon_core.package_identification:_identify(navigation2) by extension 'ignore_ament_install'
[0.319s] Level 1:colcon.colcon_core.package_identification:_identify(navigation2) by extensions ['colcon_pkg']
[0.319s] Level 1:colcon.colcon_core.package_identification:_identify(navigation2) by extension 'colcon_pkg'
[0.319s] Level 1:colcon.colcon_core.package_identification:_identify(navigation2) by extensions ['colcon_meta']
[0.319s] Level 1:colcon.colcon_core.package_identification:_identify(navigation2) by extension 'colcon_meta'
[0.319s] Level 1:colcon.colcon_core.package_identification:_identify(navigation2) by extensions ['ros']
[0.319s] Level 1:colcon.colcon_core.package_identification:_identify(navigation2) by extension 'ros'
[0.319s] Level 1:colcon.colcon_core.package_identification:_identify(navigation2) by extensions ['cmake', 'python']
[0.319s] Level 1:colcon.colcon_core.package_identification:_identify(navigation2) by extension 'cmake'
[0.319s] Level 1:colcon.colcon_core.package_identification:_identify(navigation2) by extension 'python'
[0.319s] Level 1:colcon.colcon_core.package_identification:_identify(navigation2) by extensions ['python_setup_py']
[0.319s] Level 1:colcon.colcon_core.package_identification:_identify(navigation2) by extension 'python_setup_py'
[0.319s] Level 1:colcon.colcon_core.package_identification:_identify(navigation2/doc) by extensions ['ignore', 'ignore_ament_install']
[0.319s] Level 1:colcon.colcon_core.package_identification:_identify(navigation2/doc) by extension 'ignore'
[0.320s] Level 1:colcon.colcon_core.package_identification:_identify(navigation2/doc) by extension 'ignore_ament_install'
[0.320s] Level 1:colcon.colcon_core.package_identification:_identify(navigation2/doc) by extensions ['colcon_pkg']
[0.320s] Level 1:colcon.colcon_core.package_identification:_identify(navigation2/doc) by extension 'colcon_pkg'
[0.320s] Level 1:colcon.colcon_core.package_identification:_identify(navigation2/doc) by extensions ['colcon_meta']
[0.320s] Level 1:colcon.colcon_core.package_identification:_identify(navigation2/doc) by extension 'colcon_meta'
[0.320s] Level 1:colcon.colcon_core.package_identification:_identify(navigation2/doc) by extensions ['ros']
[0.320s] Level 1:colcon.colcon_core.package_identification:_identify(navigation2/doc) by extension 'ros'
[0.320s] Level 1:colcon.colcon_core.package_identification:_identify(navigation2/doc) by extensions ['cmake', 'python']
[0.320s] Level 1:colcon.colcon_core.package_identification:_identify(navigation2/doc) by extension 'cmake'
[0.320s] Level 1:colcon.colcon_core.package_identification:_identify(navigation2/doc) by extension 'python'
[0.320s] Level 1:colcon.colcon_core.package_identification:_identify(navigation2/doc) by extensions ['python_setup_py']
[0.320s] Level 1:colcon.colcon_core.package_identification:_identify(navigation2/doc) by extension 'python_setup_py'
[0.320s] Level 1:colcon.colcon_core.package_identification:_identify(navigation2/doc/architecture) by extensions ['ignore', 'ignore_ament_install']
[0.320s] Level 1:colcon.colcon_core.package_identification:_identify(navigation2/doc/architecture) by extension 'ignore'
[0.320s] Level 1:colcon.colcon_core.package_identification:_identify(navigation2/doc/architecture) by extension 'ignore_ament_install'
[0.320s] Level 1:colcon.colcon_core.package_identification:_identify(navigation2/doc/architecture) by extensions ['colcon_pkg']
[0.320s] Level 1:colcon.colcon_core.package_identification:_identify(navigation2/doc/architecture) by extension 'colcon_pkg'
[0.320s] Level 1:colcon.colcon_core.package_identification:_identify(navigation2/doc/architecture) by extensions ['colcon_meta']
[0.320s] Level 1:colcon.colcon_core.package_identification:_identify(navigation2/doc/architecture) by extension 'colcon_meta'
[0.320s] Level 1:colcon.colcon_core.package_identification:_identify(navigation2/doc/architecture) by extensions ['ros']
[0.320s] Level 1:colcon.colcon_core.package_identification:_identify(navigation2/doc/architecture) by extension 'ros'
[0.320s] Level 1:colcon.colcon_core.package_identification:_identify(navigation2/doc/architecture) by extensions ['cmake', 'python']
[0.320s] Level 1:colcon.colcon_core.package_identification:_identify(navigation2/doc/architecture) by extension 'cmake'
[0.321s] Level 1:colcon.colcon_core.package_identification:_identify(navigation2/doc/architecture) by extension 'python'
[0.321s] Level 1:colcon.colcon_core.package_identification:_identify(navigation2/doc/architecture) by extensions ['python_setup_py']
[0.321s] Level 1:colcon.colcon_core.package_identification:_identify(navigation2/doc/architecture) by extension 'python_setup_py'
[0.321s] Level 1:colcon.colcon_core.package_identification:_identify(navigation2/doc/design) by extensions ['ignore', 'ignore_ament_install']
[0.321s] Level 1:colcon.colcon_core.package_identification:_identify(navigation2/doc/design) by extension 'ignore'
[0.321s] Level 1:colcon.colcon_core.package_identification:_identify(navigation2/doc/design) by extension 'ignore_ament_install'
[0.321s] Level 1:colcon.colcon_core.package_identification:_identify(navigation2/doc/design) by extensions ['colcon_pkg']
[0.321s] Level 1:colcon.colcon_core.package_identification:_identify(navigation2/doc/design) by extension 'colcon_pkg'
[0.321s] Level 1:colcon.colcon_core.package_identification:_identify(navigation2/doc/design) by extensions ['colcon_meta']
[0.321s] Level 1:colcon.colcon_core.package_identification:_identify(navigation2/doc/design) by extension 'colcon_meta'
[0.321s] Level 1:colcon.colcon_core.package_identification:_identify(navigation2/doc/design) by extensions ['ros']
[0.321s] Level 1:colcon.colcon_core.package_identification:_identify(navigation2/doc/design) by extension 'ros'
[0.321s] Level 1:colcon.colcon_core.package_identification:_identify(navigation2/doc/design) by extensions ['cmake', 'python']
[0.321s] Level 1:colcon.colcon_core.package_identification:_identify(navigation2/doc/design) by extension 'cmake'
[0.321s] Level 1:colcon.colcon_core.package_identification:_identify(navigation2/doc/design) by extension 'python'
[0.321s] Level 1:colcon.colcon_core.package_identification:_identify(navigation2/doc/design) by extensions ['python_setup_py']
[0.321s] Level 1:colcon.colcon_core.package_identification:_identify(navigation2/doc/design) by extension 'python_setup_py'
[0.321s] Level 1:colcon.colcon_core.package_identification:_identify(navigation2/doc/process) by extensions ['ignore', 'ignore_ament_install']
[0.321s] Level 1:colcon.colcon_core.package_identification:_identify(navigation2/doc/process) by extension 'ignore'
[0.321s] Level 1:colcon.colcon_core.package_identification:_identify(navigation2/doc/process) by extension 'ignore_ament_install'
[0.322s] Level 1:colcon.colcon_core.package_identification:_identify(navigation2/doc/process) by extensions ['colcon_pkg']
[0.322s] Level 1:colcon.colcon_core.package_identification:_identify(navigation2/doc/process) by extension 'colcon_pkg'
[0.322s] Level 1:colcon.colcon_core.package_identification:_identify(navigation2/doc/process) by extensions ['colcon_meta']
[0.322s] Level 1:colcon.colcon_core.package_identification:_identify(navigation2/doc/process) by extension 'colcon_meta'
[0.322s] Level 1:colcon.colcon_core.package_identification:_identify(navigation2/doc/process) by extensions ['ros']
[0.322s] Level 1:colcon.colcon_core.package_identification:_identify(navigation2/doc/process) by extension 'ros'
[0.322s] Level 1:colcon.colcon_core.package_identification:_identify(navigation2/doc/process) by extensions ['cmake', 'python']
[0.322s] Level 1:colcon.colcon_core.package_identification:_identify(navigation2/doc/process) by extension 'cmake'
[0.322s] Level 1:colcon.colcon_core.package_identification:_identify(navigation2/doc/process) by extension 'python'
[0.322s] Level 1:colcon.colcon_core.package_identification:_identify(navigation2/doc/process) by extensions ['python_setup_py']
[0.322s] Level 1:colcon.colcon_core.package_identification:_identify(navigation2/doc/process) by extension 'python_setup_py'
[0.322s] Level 1:colcon.colcon_core.package_identification:_identify(navigation2/doc/requirements) by extensions ['ignore', 'ignore_ament_install']
[0.322s] Level 1:colcon.colcon_core.package_identification:_identify(navigation2/doc/requirements) by extension 'ignore'
[0.322s] Level 1:colcon.colcon_core.package_identification:_identify(navigation2/doc/requirements) by extension 'ignore_ament_install'
[0.322s] Level 1:colcon.colcon_core.package_identification:_identify(navigation2/doc/requirements) by extensions ['colcon_pkg']
[0.322s] Level 1:colcon.colcon_core.package_identification:_identify(navigation2/doc/requirements) by extension 'colcon_pkg'
[0.322s] Level 1:colcon.colcon_core.package_identification:_identify(navigation2/doc/requirements) by extensions ['colcon_meta']
[0.322s] Level 1:colcon.colcon_core.package_identification:_identify(navigation2/doc/requirements) by extension 'colcon_meta'
[0.322s] Level 1:colcon.colcon_core.package_identification:_identify(navigation2/doc/requirements) by extensions ['ros']
[0.322s] Level 1:colcon.colcon_core.package_identification:_identify(navigation2/doc/requirements) by extension 'ros'
[0.323s] Level 1:colcon.colcon_core.package_identification:_identify(navigation2/doc/requirements) by extensions ['cmake', 'python']
[0.323s] Level 1:colcon.colcon_core.package_identification:_identify(navigation2/doc/requirements) by extension 'cmake'
[0.323s] Level 1:colcon.colcon_core.package_identification:_identify(navigation2/doc/requirements) by extension 'python'
[0.323s] Level 1:colcon.colcon_core.package_identification:_identify(navigation2/doc/requirements) by extensions ['python_setup_py']
[0.323s] Level 1:colcon.colcon_core.package_identification:_identify(navigation2/doc/requirements) by extension 'python_setup_py'
[0.323s] Level 1:colcon.colcon_core.package_identification:_identify(navigation2/doc/requirements/images) by extensions ['ignore', 'ignore_ament_install']
[0.323s] Level 1:colcon.colcon_core.package_identification:_identify(navigation2/doc/requirements/images) by extension 'ignore'
[0.323s] Level 1:colcon.colcon_core.package_identification:_identify(navigation2/doc/requirements/images) by extension 'ignore_ament_install'
[0.323s] Level 1:colcon.colcon_core.package_identification:_identify(navigation2/doc/requirements/images) by extensions ['colcon_pkg']
[0.323s] Level 1:colcon.colcon_core.package_identification:_identify(navigation2/doc/requirements/images) by extension 'colcon_pkg'
[0.323s] Level 1:colcon.colcon_core.package_identification:_identify(navigation2/doc/requirements/images) by extensions ['colcon_meta']
[0.323s] Level 1:colcon.colcon_core.package_identification:_identify(navigation2/doc/requirements/images) by extension 'colcon_meta'
[0.323s] Level 1:colcon.colcon_core.package_identification:_identify(navigation2/doc/requirements/images) by extensions ['ros']
[0.323s] Level 1:colcon.colcon_core.package_identification:_identify(navigation2/doc/requirements/images) by extension 'ros'
[0.323s] Level 1:colcon.colcon_core.package_identification:_identify(navigation2/doc/requirements/images) by extensions ['cmake', 'python']
[0.323s] Level 1:colcon.colcon_core.package_identification:_identify(navigation2/doc/requirements/images) by extension 'cmake'
[0.323s] Level 1:colcon.colcon_core.package_identification:_identify(navigation2/doc/requirements/images) by extension 'python'
[0.323s] Level 1:colcon.colcon_core.package_identification:_identify(navigation2/doc/requirements/images) by extensions ['python_setup_py']
[0.323s] Level 1:colcon.colcon_core.package_identification:_identify(navigation2/doc/requirements/images) by extension 'python_setup_py'
[0.323s] Level 1:colcon.colcon_core.package_identification:_identify(navigation2/doc/use_cases) by extensions ['ignore', 'ignore_ament_install']
[0.323s] Level 1:colcon.colcon_core.package_identification:_identify(navigation2/doc/use_cases) by extension 'ignore'
[0.324s] Level 1:colcon.colcon_core.package_identification:_identify(navigation2/doc/use_cases) by extension 'ignore_ament_install'
[0.324s] Level 1:colcon.colcon_core.package_identification:_identify(navigation2/doc/use_cases) by extensions ['colcon_pkg']
[0.324s] Level 1:colcon.colcon_core.package_identification:_identify(navigation2/doc/use_cases) by extension 'colcon_pkg'
[0.324s] Level 1:colcon.colcon_core.package_identification:_identify(navigation2/doc/use_cases) by extensions ['colcon_meta']
[0.324s] Level 1:colcon.colcon_core.package_identification:_identify(navigation2/doc/use_cases) by extension 'colcon_meta'
[0.324s] Level 1:colcon.colcon_core.package_identification:_identify(navigation2/doc/use_cases) by extensions ['ros']
[0.324s] Level 1:colcon.colcon_core.package_identification:_identify(navigation2/doc/use_cases) by extension 'ros'
[0.324s] Level 1:colcon.colcon_core.package_identification:_identify(navigation2/doc/use_cases) by extensions ['cmake', 'python']
[0.324s] Level 1:colcon.colcon_core.package_identification:_identify(navigation2/doc/use_cases) by extension 'cmake'
[0.324s] Level 1:colcon.colcon_core.package_identification:_identify(navigation2/doc/use_cases) by extension 'python'
[0.324s] Level 1:colcon.colcon_core.package_identification:_identify(navigation2/doc/use_cases) by extensions ['python_setup_py']
[0.324s] Level 1:colcon.colcon_core.package_identification:_identify(navigation2/doc/use_cases) by extension 'python_setup_py'
[0.324s] Level 1:colcon.colcon_core.package_identification:_identify(navigation2/nav2_amcl) by extensions ['ignore', 'ignore_ament_install']
[0.324s] Level 1:colcon.colcon_core.package_identification:_identify(navigation2/nav2_amcl) by extension 'ignore'
[0.324s] Level 1:colcon.colcon_core.package_identification:_identify(navigation2/nav2_amcl) by extension 'ignore_ament_install'
[0.324s] Level 1:colcon.colcon_core.package_identification:_identify(navigation2/nav2_amcl) by extensions ['colcon_pkg']
[0.324s] Level 1:colcon.colcon_core.package_identification:_identify(navigation2/nav2_amcl) by extension 'colcon_pkg'
[0.324s] Level 1:colcon.colcon_core.package_identification:_identify(navigation2/nav2_amcl) by extensions ['colcon_meta']
[0.324s] Level 1:colcon.colcon_core.package_identification:_identify(navigation2/nav2_amcl) by extension 'colcon_meta'
[0.324s] Level 1:colcon.colcon_core.package_identification:_identify(navigation2/nav2_amcl) by extensions ['ros']
[0.324s] Level 1:colcon.colcon_core.package_identification:_identify(navigation2/nav2_amcl) by extension 'ros'
[0.327s] DEBUG:colcon.colcon_core.package_identification:Package 'navigation2/nav2_amcl' with type 'ros.ament_cmake' and name 'nav2_amcl'
[0.327s] Level 1:colcon.colcon_core.package_identification:_identify(navigation2/nav2_behavior_tree) by extensions ['ignore', 'ignore_ament_install']
[0.327s] Level 1:colcon.colcon_core.package_identification:_identify(navigation2/nav2_behavior_tree) by extension 'ignore'
[0.327s] Level 1:colcon.colcon_core.package_identification:_identify(navigation2/nav2_behavior_tree) by extension 'ignore_ament_install'
[0.328s] Level 1:colcon.colcon_core.package_identification:_identify(navigation2/nav2_behavior_tree) by extensions ['colcon_pkg']
[0.328s] Level 1:colcon.colcon_core.package_identification:_identify(navigation2/nav2_behavior_tree) by extension 'colcon_pkg'
[0.328s] Level 1:colcon.colcon_core.package_identification:_identify(navigation2/nav2_behavior_tree) by extensions ['colcon_meta']
[0.328s] Level 1:colcon.colcon_core.package_identification:_identify(navigation2/nav2_behavior_tree) by extension 'colcon_meta'
[0.328s] Level 1:colcon.colcon_core.package_identification:_identify(navigation2/nav2_behavior_tree) by extensions ['ros']
[0.328s] Level 1:colcon.colcon_core.package_identification:_identify(navigation2/nav2_behavior_tree) by extension 'ros'
[0.328s] DEBUG:colcon.colcon_core.package_identification:Package 'navigation2/nav2_behavior_tree' with type 'ros.ament_cmake' and name 'nav2_behavior_tree'
[0.329s] Level 1:colcon.colcon_core.package_identification:_identify(navigation2/nav2_behaviors) by extensions ['ignore', 'ignore_ament_install']
[0.329s] Level 1:colcon.colcon_core.package_identification:_identify(navigation2/nav2_behaviors) by extension 'ignore'
[0.329s] Level 1:colcon.colcon_core.package_identification:_identify(navigation2/nav2_behaviors) by extension 'ignore_ament_install'
[0.329s] Level 1:colcon.colcon_core.package_identification:_identify(navigation2/nav2_behaviors) by extensions ['colcon_pkg']
[0.329s] Level 1:colcon.colcon_core.package_identification:_identify(navigation2/nav2_behaviors) by extension 'colcon_pkg'
[0.329s] Level 1:colcon.colcon_core.package_identification:_identify(navigation2/nav2_behaviors) by extensions ['colcon_meta']
[0.329s] Level 1:colcon.colcon_core.package_identification:_identify(navigation2/nav2_behaviors) by extension 'colcon_meta'
[0.329s] Level 1:colcon.colcon_core.package_identification:_identify(navigation2/nav2_behaviors) by extensions ['ros']
[0.329s] Level 1:colcon.colcon_core.package_identification:_identify(navigation2/nav2_behaviors) by extension 'ros'
[0.330s] DEBUG:colcon.colcon_core.package_identification:Package 'navigation2/nav2_behaviors' with type 'ros.ament_cmake' and name 'nav2_behaviors'
[0.330s] Level 1:colcon.colcon_core.package_identification:_identify(navigation2/nav2_bringup) by extensions ['ignore', 'ignore_ament_install']
[0.330s] Level 1:colcon.colcon_core.package_identification:_identify(navigation2/nav2_bringup) by extension 'ignore'
[0.330s] Level 1:colcon.colcon_core.package_identification:_identify(navigation2/nav2_bringup) by extension 'ignore_ament_install'
[0.330s] Level 1:colcon.colcon_core.package_identification:_identify(navigation2/nav2_bringup) by extensions ['colcon_pkg']
[0.330s] Level 1:colcon.colcon_core.package_identification:_identify(navigation2/nav2_bringup) by extension 'colcon_pkg'
[0.330s] Level 1:colcon.colcon_core.package_identification:_identify(navigation2/nav2_bringup) by extensions ['colcon_meta']
[0.330s] Level 1:colcon.colcon_core.package_identification:_identify(navigation2/nav2_bringup) by extension 'colcon_meta'
[0.330s] Level 1:colcon.colcon_core.package_identification:_identify(navigation2/nav2_bringup) by extensions ['ros']
[0.330s] Level 1:colcon.colcon_core.package_identification:_identify(navigation2/nav2_bringup) by extension 'ros'
[0.331s] DEBUG:colcon.colcon_core.package_identification:Package 'navigation2/nav2_bringup' with type 'ros.ament_cmake' and name 'nav2_bringup'
[0.331s] Level 1:colcon.colcon_core.package_identification:_identify(navigation2/nav2_bt_navigator) by extensions ['ignore', 'ignore_ament_install']
[0.331s] Level 1:colcon.colcon_core.package_identification:_identify(navigation2/nav2_bt_navigator) by extension 'ignore'
[0.331s] Level 1:colcon.colcon_core.package_identification:_identify(navigation2/nav2_bt_navigator) by extension 'ignore_ament_install'
[0.331s] Level 1:colcon.colcon_core.package_identification:_identify(navigation2/nav2_bt_navigator) by extensions ['colcon_pkg']
[0.331s] Level 1:colcon.colcon_core.package_identification:_identify(navigation2/nav2_bt_navigator) by extension 'colcon_pkg'
[0.331s] Level 1:colcon.colcon_core.package_identification:_identify(navigation2/nav2_bt_navigator) by extensions ['colcon_meta']
[0.331s] Level 1:colcon.colcon_core.package_identification:_identify(navigation2/nav2_bt_navigator) by extension 'colcon_meta'
[0.331s] Level 1:colcon.colcon_core.package_identification:_identify(navigation2/nav2_bt_navigator) by extensions ['ros']
[0.331s] Level 1:colcon.colcon_core.package_identification:_identify(navigation2/nav2_bt_navigator) by extension 'ros'
[0.332s] DEBUG:colcon.colcon_core.package_identification:Package 'navigation2/nav2_bt_navigator' with type 'ros.ament_cmake' and name 'nav2_bt_navigator'
[0.332s] Level 1:colcon.colcon_core.package_identification:_identify(navigation2/nav2_collision_monitor) by extensions ['ignore', 'ignore_ament_install']
[0.332s] Level 1:colcon.colcon_core.package_identification:_identify(navigation2/nav2_collision_monitor) by extension 'ignore'
[0.332s] Level 1:colcon.colcon_core.package_identification:_identify(navigation2/nav2_collision_monitor) by extension 'ignore_ament_install'
[0.332s] Level 1:colcon.colcon_core.package_identification:_identify(navigation2/nav2_collision_monitor) by extensions ['colcon_pkg']
[0.332s] Level 1:colcon.colcon_core.package_identification:_identify(navigation2/nav2_collision_monitor) by extension 'colcon_pkg'
[0.332s] Level 1:colcon.colcon_core.package_identification:_identify(navigation2/nav2_collision_monitor) by extensions ['colcon_meta']
[0.332s] Level 1:colcon.colcon_core.package_identification:_identify(navigation2/nav2_collision_monitor) by extension 'colcon_meta'
[0.332s] Level 1:colcon.colcon_core.package_identification:_identify(navigation2/nav2_collision_monitor) by extensions ['ros']
[0.332s] Level 1:colcon.colcon_core.package_identification:_identify(navigation2/nav2_collision_monitor) by extension 'ros'
[0.333s] DEBUG:colcon.colcon_core.package_identification:Package 'navigation2/nav2_collision_monitor' with type 'ros.ament_cmake' and name 'nav2_collision_monitor'
[0.333s] Level 1:colcon.colcon_core.package_identification:_identify(navigation2/nav2_common) by extensions ['ignore', 'ignore_ament_install']
[0.333s] Level 1:colcon.colcon_core.package_identification:_identify(navigation2/nav2_common) by extension 'ignore'
[0.333s] Level 1:colcon.colcon_core.package_identification:_identify(navigation2/nav2_common) by extension 'ignore_ament_install'
[0.334s] Level 1:colcon.colcon_core.package_identification:_identify(navigation2/nav2_common) by extensions ['colcon_pkg']
[0.334s] Level 1:colcon.colcon_core.package_identification:_identify(navigation2/nav2_common) by extension 'colcon_pkg'
[0.334s] Level 1:colcon.colcon_core.package_identification:_identify(navigation2/nav2_common) by extensions ['colcon_meta']
[0.334s] Level 1:colcon.colcon_core.package_identification:_identify(navigation2/nav2_common) by extension 'colcon_meta'
[0.334s] Level 1:colcon.colcon_core.package_identification:_identify(navigation2/nav2_common) by extensions ['ros']
[0.334s] Level 1:colcon.colcon_core.package_identification:_identify(navigation2/nav2_common) by extension 'ros'
[0.334s] DEBUG:colcon.colcon_core.package_identification:Package 'navigation2/nav2_common' with type 'ros.ament_cmake' and name 'nav2_common'
[0.334s] Level 1:colcon.colcon_core.package_identification:_identify(navigation2/nav2_constrained_smoother) by extensions ['ignore', 'ignore_ament_install']
[0.335s] Level 1:colcon.colcon_core.package_identification:_identify(navigation2/nav2_constrained_smoother) by extension 'ignore'
[0.335s] Level 1:colcon.colcon_core.package_identification:_identify(navigation2/nav2_constrained_smoother) by extension 'ignore_ament_install'
[0.335s] Level 1:colcon.colcon_core.package_identification:_identify(navigation2/nav2_constrained_smoother) by extensions ['colcon_pkg']
[0.335s] Level 1:colcon.colcon_core.package_identification:_identify(navigation2/nav2_constrained_smoother) by extension 'colcon_pkg'
[0.335s] Level 1:colcon.colcon_core.package_identification:_identify(navigation2/nav2_constrained_smoother) by extensions ['colcon_meta']
[0.335s] Level 1:colcon.colcon_core.package_identification:_identify(navigation2/nav2_constrained_smoother) by extension 'colcon_meta'
[0.335s] Level 1:colcon.colcon_core.package_identification:_identify(navigation2/nav2_constrained_smoother) by extensions ['ros']
[0.335s] Level 1:colcon.colcon_core.package_identification:_identify(navigation2/nav2_constrained_smoother) by extension 'ros'
[0.336s] DEBUG:colcon.colcon_core.package_identification:Package 'navigation2/nav2_constrained_smoother' with type 'ros.ament_cmake' and name 'nav2_constrained_smoother'
[0.336s] Level 1:colcon.colcon_core.package_identification:_identify(navigation2/nav2_controller) by extensions ['ignore', 'ignore_ament_install']
[0.336s] Level 1:colcon.colcon_core.package_identification:_identify(navigation2/nav2_controller) by extension 'ignore'
[0.336s] Level 1:colcon.colcon_core.package_identification:_identify(navigation2/nav2_controller) by extension 'ignore_ament_install'
[0.337s] Level 1:colcon.colcon_core.package_identification:_identify(navigation2/nav2_controller) by extensions ['colcon_pkg']
[0.337s] Level 1:colcon.colcon_core.package_identification:_identify(navigation2/nav2_controller) by extension 'colcon_pkg'
[0.337s] Level 1:colcon.colcon_core.package_identification:_identify(navigation2/nav2_controller) by extensions ['colcon_meta']
[0.337s] Level 1:colcon.colcon_core.package_identification:_identify(navigation2/nav2_controller) by extension 'colcon_meta'
[0.337s] Level 1:colcon.colcon_core.package_identification:_identify(navigation2/nav2_controller) by extensions ['ros']
[0.337s] Level 1:colcon.colcon_core.package_identification:_identify(navigation2/nav2_controller) by extension 'ros'
[0.338s] DEBUG:colcon.colcon_core.package_identification:Package 'navigation2/nav2_controller' with type 'ros.ament_cmake' and name 'nav2_controller'
[0.338s] Level 1:colcon.colcon_core.package_identification:_identify(navigation2/nav2_core) by extensions ['ignore', 'ignore_ament_install']
[0.338s] Level 1:colcon.colcon_core.package_identification:_identify(navigation2/nav2_core) by extension 'ignore'
[0.338s] Level 1:colcon.colcon_core.package_identification:_identify(navigation2/nav2_core) by extension 'ignore_ament_install'
[0.338s] Level 1:colcon.colcon_core.package_identification:_identify(navigation2/nav2_core) by extensions ['colcon_pkg']
[0.338s] Level 1:colcon.colcon_core.package_identification:_identify(navigation2/nav2_core) by extension 'colcon_pkg'
[0.338s] Level 1:colcon.colcon_core.package_identification:_identify(navigation2/nav2_core) by extensions ['colcon_meta']
[0.338s] Level 1:colcon.colcon_core.package_identification:_identify(navigation2/nav2_core) by extension 'colcon_meta'
[0.338s] Level 1:colcon.colcon_core.package_identification:_identify(navigation2/nav2_core) by extensions ['ros']
[0.338s] Level 1:colcon.colcon_core.package_identification:_identify(navigation2/nav2_core) by extension 'ros'
[0.339s] DEBUG:colcon.colcon_core.package_identification:Package 'navigation2/nav2_core' with type 'ros.ament_cmake' and name 'nav2_core'
[0.339s] Level 1:colcon.colcon_core.package_identification:_identify(navigation2/nav2_costmap_2d) by extensions ['ignore', 'ignore_ament_install']
[0.339s] Level 1:colcon.colcon_core.package_identification:_identify(navigation2/nav2_costmap_2d) by extension 'ignore'
[0.339s] Level 1:colcon.colcon_core.package_identification:_identify(navigation2/nav2_costmap_2d) by extension 'ignore_ament_install'
[0.339s] Level 1:colcon.colcon_core.package_identification:_identify(navigation2/nav2_costmap_2d) by extensions ['colcon_pkg']
[0.339s] Level 1:colcon.colcon_core.package_identification:_identify(navigation2/nav2_costmap_2d) by extension 'colcon_pkg'
[0.339s] Level 1:colcon.colcon_core.package_identification:_identify(navigation2/nav2_costmap_2d) by extensions ['colcon_meta']
[0.339s] Level 1:colcon.colcon_core.package_identification:_identify(navigation2/nav2_costmap_2d) by extension 'colcon_meta'
[0.339s] Level 1:colcon.colcon_core.package_identification:_identify(navigation2/nav2_costmap_2d) by extensions ['ros']
[0.340s] Level 1:colcon.colcon_core.package_identification:_identify(navigation2/nav2_costmap_2d) by extension 'ros'
[0.341s] DEBUG:colcon.colcon_core.package_identification:Package 'navigation2/nav2_costmap_2d' with type 'ros.ament_cmake' and name 'nav2_costmap_2d'
[0.341s] Level 1:colcon.colcon_core.package_identification:_identify(navigation2/nav2_dwb_controller) by extensions ['ignore', 'ignore_ament_install']
[0.341s] Level 1:colcon.colcon_core.package_identification:_identify(navigation2/nav2_dwb_controller) by extension 'ignore'
[0.342s] Level 1:colcon.colcon_core.package_identification:_identify(navigation2/nav2_dwb_controller) by extension 'ignore_ament_install'
[0.342s] Level 1:colcon.colcon_core.package_identification:_identify(navigation2/nav2_dwb_controller) by extensions ['colcon_pkg']
[0.342s] Level 1:colcon.colcon_core.package_identification:_identify(navigation2/nav2_dwb_controller) by extension 'colcon_pkg'
[0.342s] Level 1:colcon.colcon_core.package_identification:_identify(navigation2/nav2_dwb_controller) by extensions ['colcon_meta']
[0.342s] Level 1:colcon.colcon_core.package_identification:_identify(navigation2/nav2_dwb_controller) by extension 'colcon_meta'
[0.342s] Level 1:colcon.colcon_core.package_identification:_identify(navigation2/nav2_dwb_controller) by extensions ['ros']
[0.342s] Level 1:colcon.colcon_core.package_identification:_identify(navigation2/nav2_dwb_controller) by extension 'ros'
[0.342s] Level 1:colcon.colcon_core.package_identification:_identify(navigation2/nav2_dwb_controller) by extensions ['cmake', 'python']
[0.342s] Level 1:colcon.colcon_core.package_identification:_identify(navigation2/nav2_dwb_controller) by extension 'cmake'
[0.342s] Level 1:colcon.colcon_core.package_identification:_identify(navigation2/nav2_dwb_controller) by extension 'python'
[0.342s] Level 1:colcon.colcon_core.package_identification:_identify(navigation2/nav2_dwb_controller) by extensions ['python_setup_py']
[0.342s] Level 1:colcon.colcon_core.package_identification:_identify(navigation2/nav2_dwb_controller) by extension 'python_setup_py'
[0.342s] Level 1:colcon.colcon_core.package_identification:_identify(navigation2/nav2_dwb_controller/costmap_queue) by extensions ['ignore', 'ignore_ament_install']
[0.342s] Level 1:colcon.colcon_core.package_identification:_identify(navigation2/nav2_dwb_controller/costmap_queue) by extension 'ignore'
[0.342s] Level 1:colcon.colcon_core.package_identification:_identify(navigation2/nav2_dwb_controller/costmap_queue) by extension 'ignore_ament_install'
[0.342s] Level 1:colcon.colcon_core.package_identification:_identify(navigation2/nav2_dwb_controller/costmap_queue) by extensions ['colcon_pkg']
[0.342s] Level 1:colcon.colcon_core.package_identification:_identify(navigation2/nav2_dwb_controller/costmap_queue) by extension 'colcon_pkg'
[0.342s] Level 1:colcon.colcon_core.package_identification:_identify(navigation2/nav2_dwb_controller/costmap_queue) by extensions ['colcon_meta']
[0.342s] Level 1:colcon.colcon_core.package_identification:_identify(navigation2/nav2_dwb_controller/costmap_queue) by extension 'colcon_meta'
[0.342s] Level 1:colcon.colcon_core.package_identification:_identify(navigation2/nav2_dwb_controller/costmap_queue) by extensions ['ros']
[0.342s] Level 1:colcon.colcon_core.package_identification:_identify(navigation2/nav2_dwb_controller/costmap_queue) by extension 'ros'
[0.343s] DEBUG:colcon.colcon_core.package_identification:Package 'navigation2/nav2_dwb_controller/costmap_queue' with type 'ros.ament_cmake' and name 'costmap_queue'
[0.343s] Level 1:colcon.colcon_core.package_identification:_identify(navigation2/nav2_dwb_controller/dwb_core) by extensions ['ignore', 'ignore_ament_install']
[0.343s] Level 1:colcon.colcon_core.package_identification:_identify(navigation2/nav2_dwb_controller/dwb_core) by extension 'ignore'
[0.343s] Level 1:colcon.colcon_core.package_identification:_identify(navigation2/nav2_dwb_controller/dwb_core) by extension 'ignore_ament_install'
[0.343s] Level 1:colcon.colcon_core.package_identification:_identify(navigation2/nav2_dwb_controller/dwb_core) by extensions ['colcon_pkg']
[0.343s] Level 1:colcon.colcon_core.package_identification:_identify(navigation2/nav2_dwb_controller/dwb_core) by extension 'colcon_pkg'
[0.343s] Level 1:colcon.colcon_core.package_identification:_identify(navigation2/nav2_dwb_controller/dwb_core) by extensions ['colcon_meta']
[0.343s] Level 1:colcon.colcon_core.package_identification:_identify(navigation2/nav2_dwb_controller/dwb_core) by extension 'colcon_meta'
[0.343s] Level 1:colcon.colcon_core.package_identification:_identify(navigation2/nav2_dwb_controller/dwb_core) by extensions ['ros']
[0.343s] Level 1:colcon.colcon_core.package_identification:_identify(navigation2/nav2_dwb_controller/dwb_core) by extension 'ros'
[0.344s] DEBUG:colcon.colcon_core.package_identification:Package 'navigation2/nav2_dwb_controller/dwb_core' with type 'ros.ament_cmake' and name 'dwb_core'
[0.344s] Level 1:colcon.colcon_core.package_identification:_identify(navigation2/nav2_dwb_controller/dwb_critics) by extensions ['ignore', 'ignore_ament_install']
[0.344s] Level 1:colcon.colcon_core.package_identification:_identify(navigation2/nav2_dwb_controller/dwb_critics) by extension 'ignore'
[0.344s] Level 1:colcon.colcon_core.package_identification:_identify(navigation2/nav2_dwb_controller/dwb_critics) by extension 'ignore_ament_install'
[0.344s] Level 1:colcon.colcon_core.package_identification:_identify(navigation2/nav2_dwb_controller/dwb_critics) by extensions ['colcon_pkg']
[0.344s] Level 1:colcon.colcon_core.package_identification:_identify(navigation2/nav2_dwb_controller/dwb_critics) by extension 'colcon_pkg'
[0.344s] Level 1:colcon.colcon_core.package_identification:_identify(navigation2/nav2_dwb_controller/dwb_critics) by extensions ['colcon_meta']
[0.344s] Level 1:colcon.colcon_core.package_identification:_identify(navigation2/nav2_dwb_controller/dwb_critics) by extension 'colcon_meta'
[0.345s] Level 1:colcon.colcon_core.package_identification:_identify(navigation2/nav2_dwb_controller/dwb_critics) by extensions ['ros']
[0.345s] Level 1:colcon.colcon_core.package_identification:_identify(navigation2/nav2_dwb_controller/dwb_critics) by extension 'ros'
[0.346s] DEBUG:colcon.colcon_core.package_identification:Package 'navigation2/nav2_dwb_controller/dwb_critics' with type 'ros.ament_cmake' and name 'dwb_critics'
[0.346s] Level 1:colcon.colcon_core.package_identification:_identify(navigation2/nav2_dwb_controller/dwb_msgs) by extensions ['ignore', 'ignore_ament_install']
[0.346s] Level 1:colcon.colcon_core.package_identification:_identify(navigation2/nav2_dwb_controller/dwb_msgs) by extension 'ignore'
[0.346s] Level 1:colcon.colcon_core.package_identification:_identify(navigation2/nav2_dwb_controller/dwb_msgs) by extension 'ignore_ament_install'
[0.346s] Level 1:colcon.colcon_core.package_identification:_identify(navigation2/nav2_dwb_controller/dwb_msgs) by extensions ['colcon_pkg']
[0.346s] Level 1:colcon.colcon_core.package_identification:_identify(navigation2/nav2_dwb_controller/dwb_msgs) by extension 'colcon_pkg'
[0.346s] Level 1:colcon.colcon_core.package_identification:_identify(navigation2/nav2_dwb_controller/dwb_msgs) by extensions ['colcon_meta']
[0.346s] Level 1:colcon.colcon_core.package_identification:_identify(navigation2/nav2_dwb_controller/dwb_msgs) by extension 'colcon_meta'
[0.346s] Level 1:colcon.colcon_core.package_identification:_identify(navigation2/nav2_dwb_controller/dwb_msgs) by extensions ['ros']
[0.346s] Level 1:colcon.colcon_core.package_identification:_identify(navigation2/nav2_dwb_controller/dwb_msgs) by extension 'ros'
[0.347s] DEBUG:colcon.colcon_core.package_identification:Package 'navigation2/nav2_dwb_controller/dwb_msgs' with type 'ros.ament_cmake' and name 'dwb_msgs'
[0.347s] Level 1:colcon.colcon_core.package_identification:_identify(navigation2/nav2_dwb_controller/dwb_plugins) by extensions ['ignore', 'ignore_ament_install']
[0.347s] Level 1:colcon.colcon_core.package_identification:_identify(navigation2/nav2_dwb_controller/dwb_plugins) by extension 'ignore'
[0.347s] Level 1:colcon.colcon_core.package_identification:_identify(navigation2/nav2_dwb_controller/dwb_plugins) by extension 'ignore_ament_install'
[0.347s] Level 1:colcon.colcon_core.package_identification:_identify(navigation2/nav2_dwb_controller/dwb_plugins) by extensions ['colcon_pkg']
[0.347s] Level 1:colcon.colcon_core.package_identification:_identify(navigation2/nav2_dwb_controller/dwb_plugins) by extension 'colcon_pkg'
[0.347s] Level 1:colcon.colcon_core.package_identification:_identify(navigation2/nav2_dwb_controller/dwb_plugins) by extensions ['colcon_meta']
[0.347s] Level 1:colcon.colcon_core.package_identification:_identify(navigation2/nav2_dwb_controller/dwb_plugins) by extension 'colcon_meta'
[0.347s] Level 1:colcon.colcon_core.package_identification:_identify(navigation2/nav2_dwb_controller/dwb_plugins) by extensions ['ros']
[0.347s] Level 1:colcon.colcon_core.package_identification:_identify(navigation2/nav2_dwb_controller/dwb_plugins) by extension 'ros'
[0.348s] DEBUG:colcon.colcon_core.package_identification:Package 'navigation2/nav2_dwb_controller/dwb_plugins' with type 'ros.ament_cmake' and name 'dwb_plugins'
[0.348s] Level 1:colcon.colcon_core.package_identification:_identify(navigation2/nav2_dwb_controller/images) by extensions ['ignore', 'ignore_ament_install']
[0.348s] Level 1:colcon.colcon_core.package_identification:_identify(navigation2/nav2_dwb_controller/images) by extension 'ignore'
[0.348s] Level 1:colcon.colcon_core.package_identification:_identify(navigation2/nav2_dwb_controller/images) by extension 'ignore_ament_install'
[0.348s] Level 1:colcon.colcon_core.package_identification:_identify(navigation2/nav2_dwb_controller/images) by extensions ['colcon_pkg']
[0.348s] Level 1:colcon.colcon_core.package_identification:_identify(navigation2/nav2_dwb_controller/images) by extension 'colcon_pkg'
[0.348s] Level 1:colcon.colcon_core.package_identification:_identify(navigation2/nav2_dwb_controller/images) by extensions ['colcon_meta']
[0.348s] Level 1:colcon.colcon_core.package_identification:_identify(navigation2/nav2_dwb_controller/images) by extension 'colcon_meta'
[0.348s] Level 1:colcon.colcon_core.package_identification:_identify(navigation2/nav2_dwb_controller/images) by extensions ['ros']
[0.348s] Level 1:colcon.colcon_core.package_identification:_identify(navigation2/nav2_dwb_controller/images) by extension 'ros'
[0.349s] Level 1:colcon.colcon_core.package_identification:_identify(navigation2/nav2_dwb_controller/images) by extensions ['cmake', 'python']
[0.349s] Level 1:colcon.colcon_core.package_identification:_identify(navigation2/nav2_dwb_controller/images) by extension 'cmake'
[0.349s] Level 1:colcon.colcon_core.package_identification:_identify(navigation2/nav2_dwb_controller/images) by extension 'python'
[0.349s] Level 1:colcon.colcon_core.package_identification:_identify(navigation2/nav2_dwb_controller/images) by extensions ['python_setup_py']
[0.349s] Level 1:colcon.colcon_core.package_identification:_identify(navigation2/nav2_dwb_controller/images) by extension 'python_setup_py'
[0.349s] Level 1:colcon.colcon_core.package_identification:_identify(navigation2/nav2_dwb_controller/nav2_dwb_controller) by extensions ['ignore', 'ignore_ament_install']
[0.349s] Level 1:colcon.colcon_core.package_identification:_identify(navigation2/nav2_dwb_controller/nav2_dwb_controller) by extension 'ignore'
[0.349s] Level 1:colcon.colcon_core.package_identification:_identify(navigation2/nav2_dwb_controller/nav2_dwb_controller) by extension 'ignore_ament_install'
[0.349s] Level 1:colcon.colcon_core.package_identification:_identify(navigation2/nav2_dwb_controller/nav2_dwb_controller) by extensions ['colcon_pkg']
[0.349s] Level 1:colcon.colcon_core.package_identification:_identify(navigation2/nav2_dwb_controller/nav2_dwb_controller) by extension 'colcon_pkg'
[0.349s] Level 1:colcon.colcon_core.package_identification:_identify(navigation2/nav2_dwb_controller/nav2_dwb_controller) by extensions ['colcon_meta']
[0.349s] Level 1:colcon.colcon_core.package_identification:_identify(navigation2/nav2_dwb_controller/nav2_dwb_controller) by extension 'colcon_meta'
[0.349s] Level 1:colcon.colcon_core.package_identification:_identify(navigation2/nav2_dwb_controller/nav2_dwb_controller) by extensions ['ros']
[0.349s] Level 1:colcon.colcon_core.package_identification:_identify(navigation2/nav2_dwb_controller/nav2_dwb_controller) by extension 'ros'
[0.350s] DEBUG:colcon.colcon_core.package_identification:Package 'navigation2/nav2_dwb_controller/nav2_dwb_controller' with type 'ros.ament_cmake' and name 'nav2_dwb_controller'
[0.350s] Level 1:colcon.colcon_core.package_identification:_identify(navigation2/nav2_dwb_controller/nav_2d_msgs) by extensions ['ignore', 'ignore_ament_install']
[0.350s] Level 1:colcon.colcon_core.package_identification:_identify(navigation2/nav2_dwb_controller/nav_2d_msgs) by extension 'ignore'
[0.350s] Level 1:colcon.colcon_core.package_identification:_identify(navigation2/nav2_dwb_controller/nav_2d_msgs) by extension 'ignore_ament_install'
[0.350s] Level 1:colcon.colcon_core.package_identification:_identify(navigation2/nav2_dwb_controller/nav_2d_msgs) by extensions ['colcon_pkg']
[0.350s] Level 1:colcon.colcon_core.package_identification:_identify(navigation2/nav2_dwb_controller/nav_2d_msgs) by extension 'colcon_pkg'
[0.350s] Level 1:colcon.colcon_core.package_identification:_identify(navigation2/nav2_dwb_controller/nav_2d_msgs) by extensions ['colcon_meta']
[0.350s] Level 1:colcon.colcon_core.package_identification:_identify(navigation2/nav2_dwb_controller/nav_2d_msgs) by extension 'colcon_meta'
[0.350s] Level 1:colcon.colcon_core.package_identification:_identify(navigation2/nav2_dwb_controller/nav_2d_msgs) by extensions ['ros']
[0.350s] Level 1:colcon.colcon_core.package_identification:_identify(navigation2/nav2_dwb_controller/nav_2d_msgs) by extension 'ros'
[0.351s] DEBUG:colcon.colcon_core.package_identification:Package 'navigation2/nav2_dwb_controller/nav_2d_msgs' with type 'ros.ament_cmake' and name 'nav_2d_msgs'
[0.351s] Level 1:colcon.colcon_core.package_identification:_identify(navigation2/nav2_dwb_controller/nav_2d_utils) by extensions ['ignore', 'ignore_ament_install']
[0.351s] Level 1:colcon.colcon_core.package_identification:_identify(navigation2/nav2_dwb_controller/nav_2d_utils) by extension 'ignore'
[0.351s] Level 1:colcon.colcon_core.package_identification:_identify(navigation2/nav2_dwb_controller/nav_2d_utils) by extension 'ignore_ament_install'
[0.351s] Level 1:colcon.colcon_core.package_identification:_identify(navigation2/nav2_dwb_controller/nav_2d_utils) by extensions ['colcon_pkg']
[0.351s] Level 1:colcon.colcon_core.package_identification:_identify(navigation2/nav2_dwb_controller/nav_2d_utils) by extension 'colcon_pkg'
[0.351s] Level 1:colcon.colcon_core.package_identification:_identify(navigation2/nav2_dwb_controller/nav_2d_utils) by extensions ['colcon_meta']
[0.351s] Level 1:colcon.colcon_core.package_identification:_identify(navigation2/nav2_dwb_controller/nav_2d_utils) by extension 'colcon_meta'
[0.351s] Level 1:colcon.colcon_core.package_identification:_identify(navigation2/nav2_dwb_controller/nav_2d_utils) by extensions ['ros']
[0.351s] Level 1:colcon.colcon_core.package_identification:_identify(navigation2/nav2_dwb_controller/nav_2d_utils) by extension 'ros'
[0.352s] DEBUG:colcon.colcon_core.package_identification:Package 'navigation2/nav2_dwb_controller/nav_2d_utils' with type 'ros.ament_cmake' and name 'nav_2d_utils'
[0.352s] Level 1:colcon.colcon_core.package_identification:_identify(navigation2/nav2_lifecycle_manager) by extensions ['ignore', 'ignore_ament_install']
[0.352s] Level 1:colcon.colcon_core.package_identification:_identify(navigation2/nav2_lifecycle_manager) by extension 'ignore'
[0.352s] Level 1:colcon.colcon_core.package_identification:_identify(navigation2/nav2_lifecycle_manager) by extension 'ignore_ament_install'
[0.352s] Level 1:colcon.colcon_core.package_identification:_identify(navigation2/nav2_lifecycle_manager) by extensions ['colcon_pkg']
[0.352s] Level 1:colcon.colcon_core.package_identification:_identify(navigation2/nav2_lifecycle_manager) by extension 'colcon_pkg'
[0.352s] Level 1:colcon.colcon_core.package_identification:_identify(navigation2/nav2_lifecycle_manager) by extensions ['colcon_meta']
[0.352s] Level 1:colcon.colcon_core.package_identification:_identify(navigation2/nav2_lifecycle_manager) by extension 'colcon_meta'
[0.353s] Level 1:colcon.colcon_core.package_identification:_identify(navigation2/nav2_lifecycle_manager) by extensions ['ros']
[0.353s] Level 1:colcon.colcon_core.package_identification:_identify(navigation2/nav2_lifecycle_manager) by extension 'ros'
[0.353s] DEBUG:colcon.colcon_core.package_identification:Package 'navigation2/nav2_lifecycle_manager' with type 'ros.ament_cmake' and name 'nav2_lifecycle_manager'
[0.353s] Level 1:colcon.colcon_core.package_identification:_identify(navigation2/nav2_map_server) by extensions ['ignore', 'ignore_ament_install']
[0.353s] Level 1:colcon.colcon_core.package_identification:_identify(navigation2/nav2_map_server) by extension 'ignore'
[0.353s] Level 1:colcon.colcon_core.package_identification:_identify(navigation2/nav2_map_server) by extension 'ignore_ament_install'
[0.353s] Level 1:colcon.colcon_core.package_identification:_identify(navigation2/nav2_map_server) by extensions ['colcon_pkg']
[0.354s] Level 1:colcon.colcon_core.package_identification:_identify(navigation2/nav2_map_server) by extension 'colcon_pkg'
[0.354s] Level 1:colcon.colcon_core.package_identification:_identify(navigation2/nav2_map_server) by extensions ['colcon_meta']
[0.354s] Level 1:colcon.colcon_core.package_identification:_identify(navigation2/nav2_map_server) by extension 'colcon_meta'
[0.354s] Level 1:colcon.colcon_core.package_identification:_identify(navigation2/nav2_map_server) by extensions ['ros']
[0.354s] Level 1:colcon.colcon_core.package_identification:_identify(navigation2/nav2_map_server) by extension 'ros'
[0.355s] DEBUG:colcon.colcon_core.package_identification:Package 'navigation2/nav2_map_server' with type 'ros.ament_cmake' and name 'nav2_map_server'
[0.355s] Level 1:colcon.colcon_core.package_identification:_identify(navigation2/nav2_mppi_controller) by extensions ['ignore', 'ignore_ament_install']
[0.355s] Level 1:colcon.colcon_core.package_identification:_identify(navigation2/nav2_mppi_controller) by extension 'ignore'
[0.355s] Level 1:colcon.colcon_core.package_identification:_identify(navigation2/nav2_mppi_controller) by extension 'ignore_ament_install'
[0.355s] Level 1:colcon.colcon_core.package_identification:_identify(navigation2/nav2_mppi_controller) by extensions ['colcon_pkg']
[0.355s] Level 1:colcon.colcon_core.package_identification:_identify(navigation2/nav2_mppi_controller) by extension 'colcon_pkg'
[0.355s] Level 1:colcon.colcon_core.package_identification:_identify(navigation2/nav2_mppi_controller) by extensions ['colcon_meta']
[0.355s] Level 1:colcon.colcon_core.package_identification:_identify(navigation2/nav2_mppi_controller) by extension 'colcon_meta'
[0.355s] Level 1:colcon.colcon_core.package_identification:_identify(navigation2/nav2_mppi_controller) by extensions ['ros']
[0.355s] Level 1:colcon.colcon_core.package_identification:_identify(navigation2/nav2_mppi_controller) by extension 'ros'
[0.358s] DEBUG:colcon.colcon_core.package_identification:Package 'navigation2/nav2_mppi_controller' with type 'ros.ament_cmake' and name 'nav2_mppi_controller'
[0.359s] Level 1:colcon.colcon_core.package_identification:_identify(navigation2/nav2_msgs) by extensions ['ignore', 'ignore_ament_install']
[0.359s] Level 1:colcon.colcon_core.package_identification:_identify(navigation2/nav2_msgs) by extension 'ignore'
[0.359s] Level 1:colcon.colcon_core.package_identification:_identify(navigation2/nav2_msgs) by extension 'ignore_ament_install'
[0.359s] Level 1:colcon.colcon_core.package_identification:_identify(navigation2/nav2_msgs) by extensions ['colcon_pkg']
[0.359s] Level 1:colcon.colcon_core.package_identification:_identify(navigation2/nav2_msgs) by extension 'colcon_pkg'
[0.359s] Level 1:colcon.colcon_core.package_identification:_identify(navigation2/nav2_msgs) by extensions ['colcon_meta']
[0.359s] Level 1:colcon.colcon_core.package_identification:_identify(navigation2/nav2_msgs) by extension 'colcon_meta'
[0.359s] Level 1:colcon.colcon_core.package_identification:_identify(navigation2/nav2_msgs) by extensions ['ros']
[0.359s] Level 1:colcon.colcon_core.package_identification:_identify(navigation2/nav2_msgs) by extension 'ros'
[0.361s] DEBUG:colcon.colcon_core.package_identification:Package 'navigation2/nav2_msgs' with type 'ros.ament_cmake' and name 'nav2_msgs'
[0.361s] Level 1:colcon.colcon_core.package_identification:_identify(navigation2/nav2_navfn_planner) by extensions ['ignore', 'ignore_ament_install']
[0.361s] Level 1:colcon.colcon_core.package_identification:_identify(navigation2/nav2_navfn_planner) by extension 'ignore'
[0.361s] Level 1:colcon.colcon_core.package_identification:_identify(navigation2/nav2_navfn_planner) by extension 'ignore_ament_install'
[0.361s] Level 1:colcon.colcon_core.package_identification:_identify(navigation2/nav2_navfn_planner) by extensions ['colcon_pkg']
[0.361s] Level 1:colcon.colcon_core.package_identification:_identify(navigation2/nav2_navfn_planner) by extension 'colcon_pkg'
[0.361s] Level 1:colcon.colcon_core.package_identification:_identify(navigation2/nav2_navfn_planner) by extensions ['colcon_meta']
[0.361s] Level 1:colcon.colcon_core.package_identification:_identify(navigation2/nav2_navfn_planner) by extension 'colcon_meta'
[0.361s] Level 1:colcon.colcon_core.package_identification:_identify(navigation2/nav2_navfn_planner) by extensions ['ros']
[0.361s] Level 1:colcon.colcon_core.package_identification:_identify(navigation2/nav2_navfn_planner) by extension 'ros'
[0.364s] DEBUG:colcon.colcon_core.package_identification:Package 'navigation2/nav2_navfn_planner' with type 'ros.ament_cmake' and name 'nav2_navfn_planner'
[0.364s] Level 1:colcon.colcon_core.package_identification:_identify(navigation2/nav2_planner) by extensions ['ignore', 'ignore_ament_install']
[0.364s] Level 1:colcon.colcon_core.package_identification:_identify(navigation2/nav2_planner) by extension 'ignore'
[0.364s] Level 1:colcon.colcon_core.package_identification:_identify(navigation2/nav2_planner) by extension 'ignore_ament_install'
[0.364s] Level 1:colcon.colcon_core.package_identification:_identify(navigation2/nav2_planner) by extensions ['colcon_pkg']
[0.364s] Level 1:colcon.colcon_core.package_identification:_identify(navigation2/nav2_planner) by extension 'colcon_pkg'
[0.364s] Level 1:colcon.colcon_core.package_identification:_identify(navigation2/nav2_planner) by extensions ['colcon_meta']
[0.364s] Level 1:colcon.colcon_core.package_identification:_identify(navigation2/nav2_planner) by extension 'colcon_meta'
[0.364s] Level 1:colcon.colcon_core.package_identification:_identify(navigation2/nav2_planner) by extensions ['ros']
[0.364s] Level 1:colcon.colcon_core.package_identification:_identify(navigation2/nav2_planner) by extension 'ros'
[0.367s] DEBUG:colcon.colcon_core.package_identification:Package 'navigation2/nav2_planner' with type 'ros.ament_cmake' and name 'nav2_planner'
[0.367s] Level 1:colcon.colcon_core.package_identification:_identify(navigation2/nav2_regulated_pure_pursuit_controller) by extensions ['ignore', 'ignore_ament_install']
[0.367s] Level 1:colcon.colcon_core.package_identification:_identify(navigation2/nav2_regulated_pure_pursuit_controller) by extension 'ignore'
[0.367s] Level 1:colcon.colcon_core.package_identification:_identify(navigation2/nav2_regulated_pure_pursuit_controller) by extension 'ignore_ament_install'
[0.367s] Level 1:colcon.colcon_core.package_identification:_identify(navigation2/nav2_regulated_pure_pursuit_controller) by extensions ['colcon_pkg']
[0.367s] Level 1:colcon.colcon_core.package_identification:_identify(navigation2/nav2_regulated_pure_pursuit_controller) by extension 'colcon_pkg'
[0.367s] Level 1:colcon.colcon_core.package_identification:_identify(navigation2/nav2_regulated_pure_pursuit_controller) by extensions ['colcon_meta']
[0.367s] Level 1:colcon.colcon_core.package_identification:_identify(navigation2/nav2_regulated_pure_pursuit_controller) by extension 'colcon_meta'
[0.367s] Level 1:colcon.colcon_core.package_identification:_identify(navigation2/nav2_regulated_pure_pursuit_controller) by extensions ['ros']
[0.367s] Level 1:colcon.colcon_core.package_identification:_identify(navigation2/nav2_regulated_pure_pursuit_controller) by extension 'ros'
[0.369s] DEBUG:colcon.colcon_core.package_identification:Package 'navigation2/nav2_regulated_pure_pursuit_controller' with type 'ros.ament_cmake' and name 'nav2_regulated_pure_pursuit_controller'
[0.369s] Level 1:colcon.colcon_core.package_identification:_identify(navigation2/nav2_rotation_shim_controller) by extensions ['ignore', 'ignore_ament_install']
[0.370s] Level 1:colcon.colcon_core.package_identification:_identify(navigation2/nav2_rotation_shim_controller) by extension 'ignore'
[0.370s] Level 1:colcon.colcon_core.package_identification:_identify(navigation2/nav2_rotation_shim_controller) by extension 'ignore_ament_install'
[0.370s] Level 1:colcon.colcon_core.package_identification:_identify(navigation2/nav2_rotation_shim_controller) by extensions ['colcon_pkg']
[0.370s] Level 1:colcon.colcon_core.package_identification:_identify(navigation2/nav2_rotation_shim_controller) by extension 'colcon_pkg'
[0.370s] Level 1:colcon.colcon_core.package_identification:_identify(navigation2/nav2_rotation_shim_controller) by extensions ['colcon_meta']
[0.370s] Level 1:colcon.colcon_core.package_identification:_identify(navigation2/nav2_rotation_shim_controller) by extension 'colcon_meta'
[0.370s] Level 1:colcon.colcon_core.package_identification:_identify(navigation2/nav2_rotation_shim_controller) by extensions ['ros']
[0.370s] Level 1:colcon.colcon_core.package_identification:_identify(navigation2/nav2_rotation_shim_controller) by extension 'ros'
[0.372s] DEBUG:colcon.colcon_core.package_identification:Package 'navigation2/nav2_rotation_shim_controller' with type 'ros.ament_cmake' and name 'nav2_rotation_shim_controller'
[0.372s] Level 1:colcon.colcon_core.package_identification:_identify(navigation2/nav2_rviz_plugins) by extensions ['ignore', 'ignore_ament_install']
[0.372s] Level 1:colcon.colcon_core.package_identification:_identify(navigation2/nav2_rviz_plugins) by extension 'ignore'
[0.373s] Level 1:colcon.colcon_core.package_identification:_identify(navigation2/nav2_rviz_plugins) by extension 'ignore_ament_install'
[0.373s] Level 1:colcon.colcon_core.package_identification:_identify(navigation2/nav2_rviz_plugins) by extensions ['colcon_pkg']
[0.373s] Level 1:colcon.colcon_core.package_identification:_identify(navigation2/nav2_rviz_plugins) by extension 'colcon_pkg'
[0.373s] Level 1:colcon.colcon_core.package_identification:_identify(navigation2/nav2_rviz_plugins) by extensions ['colcon_meta']
[0.373s] Level 1:colcon.colcon_core.package_identification:_identify(navigation2/nav2_rviz_plugins) by extension 'colcon_meta'
[0.373s] Level 1:colcon.colcon_core.package_identification:_identify(navigation2/nav2_rviz_plugins) by extensions ['ros']
[0.373s] Level 1:colcon.colcon_core.package_identification:_identify(navigation2/nav2_rviz_plugins) by extension 'ros'
[0.376s] DEBUG:colcon.colcon_core.package_identification:Package 'navigation2/nav2_rviz_plugins' with type 'ros.ament_cmake' and name 'nav2_rviz_plugins'
[0.376s] Level 1:colcon.colcon_core.package_identification:_identify(navigation2/nav2_simple_commander) by extensions ['ignore', 'ignore_ament_install']
[0.376s] Level 1:colcon.colcon_core.package_identification:_identify(navigation2/nav2_simple_commander) by extension 'ignore'
[0.376s] Level 1:colcon.colcon_core.package_identification:_identify(navigation2/nav2_simple_commander) by extension 'ignore_ament_install'
[0.376s] Level 1:colcon.colcon_core.package_identification:_identify(navigation2/nav2_simple_commander) by extensions ['colcon_pkg']
[0.376s] Level 1:colcon.colcon_core.package_identification:_identify(navigation2/nav2_simple_commander) by extension 'colcon_pkg'
[0.376s] Level 1:colcon.colcon_core.package_identification:_identify(navigation2/nav2_simple_commander) by extensions ['colcon_meta']
[0.376s] Level 1:colcon.colcon_core.package_identification:_identify(navigation2/nav2_simple_commander) by extension 'colcon_meta'
[0.376s] Level 1:colcon.colcon_core.package_identification:_identify(navigation2/nav2_simple_commander) by extensions ['ros']
[0.376s] Level 1:colcon.colcon_core.package_identification:_identify(navigation2/nav2_simple_commander) by extension 'ros'
[0.377s] DEBUG:colcon.colcon_core.package_identification:Package 'navigation2/nav2_simple_commander' with type 'ros.ament_python' and name 'nav2_simple_commander'
[0.377s] Level 1:colcon.colcon_core.package_identification:_identify(navigation2/nav2_smac_planner) by extensions ['ignore', 'ignore_ament_install']
[0.377s] Level 1:colcon.colcon_core.package_identification:_identify(navigation2/nav2_smac_planner) by extension 'ignore'
[0.377s] Level 1:colcon.colcon_core.package_identification:_identify(navigation2/nav2_smac_planner) by extension 'ignore_ament_install'
[0.378s] Level 1:colcon.colcon_core.package_identification:_identify(navigation2/nav2_smac_planner) by extensions ['colcon_pkg']
[0.378s] Level 1:colcon.colcon_core.package_identification:_identify(navigation2/nav2_smac_planner) by extension 'colcon_pkg'
[0.378s] Level 1:colcon.colcon_core.package_identification:_identify(navigation2/nav2_smac_planner) by extensions ['colcon_meta']
[0.378s] Level 1:colcon.colcon_core.package_identification:_identify(navigation2/nav2_smac_planner) by extension 'colcon_meta'
[0.378s] Level 1:colcon.colcon_core.package_identification:_identify(navigation2/nav2_smac_planner) by extensions ['ros']
[0.378s] Level 1:colcon.colcon_core.package_identification:_identify(navigation2/nav2_smac_planner) by extension 'ros'
[0.381s] DEBUG:colcon.colcon_core.package_identification:Package 'navigation2/nav2_smac_planner' with type 'ros.ament_cmake' and name 'nav2_smac_planner'
[0.381s] Level 1:colcon.colcon_core.package_identification:_identify(navigation2/nav2_smoother) by extensions ['ignore', 'ignore_ament_install']
[0.381s] Level 1:colcon.colcon_core.package_identification:_identify(navigation2/nav2_smoother) by extension 'ignore'
[0.381s] Level 1:colcon.colcon_core.package_identification:_identify(navigation2/nav2_smoother) by extension 'ignore_ament_install'
[0.381s] Level 1:colcon.colcon_core.package_identification:_identify(navigation2/nav2_smoother) by extensions ['colcon_pkg']
[0.382s] Level 1:colcon.colcon_core.package_identification:_identify(navigation2/nav2_smoother) by extension 'colcon_pkg'
[0.382s] Level 1:colcon.colcon_core.package_identification:_identify(navigation2/nav2_smoother) by extensions ['colcon_meta']
[0.382s] Level 1:colcon.colcon_core.package_identification:_identify(navigation2/nav2_smoother) by extension 'colcon_meta'
[0.382s] Level 1:colcon.colcon_core.package_identification:_identify(navigation2/nav2_smoother) by extensions ['ros']
[0.382s] Level 1:colcon.colcon_core.package_identification:_identify(navigation2/nav2_smoother) by extension 'ros'
[0.384s] DEBUG:colcon.colcon_core.package_identification:Package 'navigation2/nav2_smoother' with type 'ros.ament_cmake' and name 'nav2_smoother'
[0.384s] Level 1:colcon.colcon_core.package_identification:_identify(navigation2/nav2_system_tests) by extensions ['ignore', 'ignore_ament_install']
[0.384s] Level 1:colcon.colcon_core.package_identification:_identify(navigation2/nav2_system_tests) by extension 'ignore'
[0.384s] Level 1:colcon.colcon_core.package_identification:_identify(navigation2/nav2_system_tests) by extension 'ignore_ament_install'
[0.384s] Level 1:colcon.colcon_core.package_identification:_identify(navigation2/nav2_system_tests) by extensions ['colcon_pkg']
[0.384s] Level 1:colcon.colcon_core.package_identification:_identify(navigation2/nav2_system_tests) by extension 'colcon_pkg'
[0.384s] Level 1:colcon.colcon_core.package_identification:_identify(navigation2/nav2_system_tests) by extensions ['colcon_meta']
[0.384s] Level 1:colcon.colcon_core.package_identification:_identify(navigation2/nav2_system_tests) by extension 'colcon_meta'
[0.384s] Level 1:colcon.colcon_core.package_identification:_identify(navigation2/nav2_system_tests) by extensions ['ros']
[0.384s] Level 1:colcon.colcon_core.package_identification:_identify(navigation2/nav2_system_tests) by extension 'ros'
[0.386s] DEBUG:colcon.colcon_core.package_identification:Package 'navigation2/nav2_system_tests' with type 'ros.ament_cmake' and name 'nav2_system_tests'
[0.386s] Level 1:colcon.colcon_core.package_identification:_identify(navigation2/nav2_theta_star_planner) by extensions ['ignore', 'ignore_ament_install']
[0.386s] Level 1:colcon.colcon_core.package_identification:_identify(navigation2/nav2_theta_star_planner) by extension 'ignore'
[0.387s] Level 1:colcon.colcon_core.package_identification:_identify(navigation2/nav2_theta_star_planner) by extension 'ignore_ament_install'
[0.387s] Level 1:colcon.colcon_core.package_identification:_identify(navigation2/nav2_theta_star_planner) by extensions ['colcon_pkg']
[0.387s] Level 1:colcon.colcon_core.package_identification:_identify(navigation2/nav2_theta_star_planner) by extension 'colcon_pkg'
[0.387s] Level 1:colcon.colcon_core.package_identification:_identify(navigation2/nav2_theta_star_planner) by extensions ['colcon_meta']
[0.387s] Level 1:colcon.colcon_core.package_identification:_identify(navigation2/nav2_theta_star_planner) by extension 'colcon_meta'
[0.387s] Level 1:colcon.colcon_core.package_identification:_identify(navigation2/nav2_theta_star_planner) by extensions ['ros']
[0.387s] Level 1:colcon.colcon_core.package_identification:_identify(navigation2/nav2_theta_star_planner) by extension 'ros'
[0.389s] DEBUG:colcon.colcon_core.package_identification:Package 'navigation2/nav2_theta_star_planner' with type 'ros.ament_cmake' and name 'nav2_theta_star_planner'
[0.389s] Level 1:colcon.colcon_core.package_identification:_identify(navigation2/nav2_util) by extensions ['ignore', 'ignore_ament_install']
[0.389s] Level 1:colcon.colcon_core.package_identification:_identify(navigation2/nav2_util) by extension 'ignore'
[0.389s] Level 1:colcon.colcon_core.package_identification:_identify(navigation2/nav2_util) by extension 'ignore_ament_install'
[0.389s] Level 1:colcon.colcon_core.package_identification:_identify(navigation2/nav2_util) by extensions ['colcon_pkg']
[0.389s] Level 1:colcon.colcon_core.package_identification:_identify(navigation2/nav2_util) by extension 'colcon_pkg'
[0.389s] Level 1:colcon.colcon_core.package_identification:_identify(navigation2/nav2_util) by extensions ['colcon_meta']
[0.389s] Level 1:colcon.colcon_core.package_identification:_identify(navigation2/nav2_util) by extension 'colcon_meta'
[0.389s] Level 1:colcon.colcon_core.package_identification:_identify(navigation2/nav2_util) by extensions ['ros']
[0.389s] Level 1:colcon.colcon_core.package_identification:_identify(navigation2/nav2_util) by extension 'ros'
[0.391s] DEBUG:colcon.colcon_core.package_identification:Package 'navigation2/nav2_util' with type 'ros.ament_cmake' and name 'nav2_util'
[0.391s] Level 1:colcon.colcon_core.package_identification:_identify(navigation2/nav2_velocity_smoother) by extensions ['ignore', 'ignore_ament_install']
[0.391s] Level 1:colcon.colcon_core.package_identification:_identify(navigation2/nav2_velocity_smoother) by extension 'ignore'
[0.391s] Level 1:colcon.colcon_core.package_identification:_identify(navigation2/nav2_velocity_smoother) by extension 'ignore_ament_install'
[0.391s] Level 1:colcon.colcon_core.package_identification:_identify(navigation2/nav2_velocity_smoother) by extensions ['colcon_pkg']
[0.391s] Level 1:colcon.colcon_core.package_identification:_identify(navigation2/nav2_velocity_smoother) by extension 'colcon_pkg'
[0.391s] Level 1:colcon.colcon_core.package_identification:_identify(navigation2/nav2_velocity_smoother) by extensions ['colcon_meta']
[0.391s] Level 1:colcon.colcon_core.package_identification:_identify(navigation2/nav2_velocity_smoother) by extension 'colcon_meta'
[0.391s] Level 1:colcon.colcon_core.package_identification:_identify(navigation2/nav2_velocity_smoother) by extensions ['ros']
[0.392s] Level 1:colcon.colcon_core.package_identification:_identify(navigation2/nav2_velocity_smoother) by extension 'ros'
[0.392s] DEBUG:colcon.colcon_core.package_identification:Package 'navigation2/nav2_velocity_smoother' with type 'ros.ament_cmake' and name 'nav2_velocity_smoother'
[0.392s] Level 1:colcon.colcon_core.package_identification:_identify(navigation2/nav2_voxel_grid) by extensions ['ignore', 'ignore_ament_install']
[0.392s] Level 1:colcon.colcon_core.package_identification:_identify(navigation2/nav2_voxel_grid) by extension 'ignore'
[0.392s] Level 1:colcon.colcon_core.package_identification:_identify(navigation2/nav2_voxel_grid) by extension 'ignore_ament_install'
[0.392s] Level 1:colcon.colcon_core.package_identification:_identify(navigation2/nav2_voxel_grid) by extensions ['colcon_pkg']
[0.392s] Level 1:colcon.colcon_core.package_identification:_identify(navigation2/nav2_voxel_grid) by extension 'colcon_pkg'
[0.392s] Level 1:colcon.colcon_core.package_identification:_identify(navigation2/nav2_voxel_grid) by extensions ['colcon_meta']
[0.393s] Level 1:colcon.colcon_core.package_identification:_identify(navigation2/nav2_voxel_grid) by extension 'colcon_meta'
[0.393s] Level 1:colcon.colcon_core.package_identification:_identify(navigation2/nav2_voxel_grid) by extensions ['ros']
[0.393s] Level 1:colcon.colcon_core.package_identification:_identify(navigation2/nav2_voxel_grid) by extension 'ros'
[0.393s] DEBUG:colcon.colcon_core.package_identification:Package 'navigation2/nav2_voxel_grid' with type 'ros.ament_cmake' and name 'nav2_voxel_grid'
[0.393s] Level 1:colcon.colcon_core.package_identification:_identify(navigation2/nav2_waypoint_follower) by extensions ['ignore', 'ignore_ament_install']
[0.393s] Level 1:colcon.colcon_core.package_identification:_identify(navigation2/nav2_waypoint_follower) by extension 'ignore'
[0.393s] Level 1:colcon.colcon_core.package_identification:_identify(navigation2/nav2_waypoint_follower) by extension 'ignore_ament_install'
[0.393s] Level 1:colcon.colcon_core.package_identification:_identify(navigation2/nav2_waypoint_follower) by extensions ['colcon_pkg']
[0.393s] Level 1:colcon.colcon_core.package_identification:_identify(navigation2/nav2_waypoint_follower) by extension 'colcon_pkg'
[0.393s] Level 1:colcon.colcon_core.package_identification:_identify(navigation2/nav2_waypoint_follower) by extensions ['colcon_meta']
[0.393s] Level 1:colcon.colcon_core.package_identification:_identify(navigation2/nav2_waypoint_follower) by extension 'colcon_meta'
[0.393s] Level 1:colcon.colcon_core.package_identification:_identify(navigation2/nav2_waypoint_follower) by extensions ['ros']
[0.393s] Level 1:colcon.colcon_core.package_identification:_identify(navigation2/nav2_waypoint_follower) by extension 'ros'
[0.395s] DEBUG:colcon.colcon_core.package_identification:Package 'navigation2/nav2_waypoint_follower' with type 'ros.ament_cmake' and name 'nav2_waypoint_follower'
[0.395s] Level 1:colcon.colcon_core.package_identification:_identify(navigation2/navigation2) by extensions ['ignore', 'ignore_ament_install']
[0.395s] Level 1:colcon.colcon_core.package_identification:_identify(navigation2/navigation2) by extension 'ignore'
[0.395s] Level 1:colcon.colcon_core.package_identification:_identify(navigation2/navigation2) by extension 'ignore_ament_install'
[0.395s] Level 1:colcon.colcon_core.package_identification:_identify(navigation2/navigation2) by extensions ['colcon_pkg']
[0.395s] Level 1:colcon.colcon_core.package_identification:_identify(navigation2/navigation2) by extension 'colcon_pkg'
[0.395s] Level 1:colcon.colcon_core.package_identification:_identify(navigation2/navigation2) by extensions ['colcon_meta']
[0.395s] Level 1:colcon.colcon_core.package_identification:_identify(navigation2/navigation2) by extension 'colcon_meta'
[0.395s] Level 1:colcon.colcon_core.package_identification:_identify(navigation2/navigation2) by extensions ['ros']
[0.396s] Level 1:colcon.colcon_core.package_identification:_identify(navigation2/navigation2) by extension 'ros'
[0.396s] DEBUG:colcon.colcon_core.package_identification:Package 'navigation2/navigation2' with type 'ros.ament_cmake' and name 'navigation2'
[0.396s] Level 1:colcon.colcon_core.package_identification:_identify(navigation2/tools) by extensions ['ignore', 'ignore_ament_install']
[0.396s] Level 1:colcon.colcon_core.package_identification:_identify(navigation2/tools) by extension 'ignore'
[0.396s] Level 1:colcon.colcon_core.package_identification:_identify(navigation2/tools) by extension 'ignore_ament_install'
[0.396s] Level 1:colcon.colcon_core.package_identification:_identify(navigation2/tools) by extensions ['colcon_pkg']
[0.396s] Level 1:colcon.colcon_core.package_identification:_identify(navigation2/tools) by extension 'colcon_pkg'
[0.396s] Level 1:colcon.colcon_core.package_identification:_identify(navigation2/tools) by extensions ['colcon_meta']
[0.397s] Level 1:colcon.colcon_core.package_identification:_identify(navigation2/tools) by extension 'colcon_meta'
[0.397s] Level 1:colcon.colcon_core.package_identification:_identify(navigation2/tools) by extensions ['ros']
[0.397s] Level 1:colcon.colcon_core.package_identification:_identify(navigation2/tools) by extension 'ros'
[0.397s] Level 1:colcon.colcon_core.package_identification:_identify(navigation2/tools) by extensions ['cmake', 'python']
[0.397s] Level 1:colcon.colcon_core.package_identification:_identify(navigation2/tools) by extension 'cmake'
[0.397s] Level 1:colcon.colcon_core.package_identification:_identify(navigation2/tools) by extension 'python'
[0.397s] Level 1:colcon.colcon_core.package_identification:_identify(navigation2/tools) by extensions ['python_setup_py']
[0.397s] Level 1:colcon.colcon_core.package_identification:_identify(navigation2/tools) by extension 'python_setup_py'
[0.397s] Level 1:colcon.colcon_core.package_identification:_identify(navigation2/tools/planner_benchmarking) by extensions ['ignore', 'ignore_ament_install']
[0.397s] Level 1:colcon.colcon_core.package_identification:_identify(navigation2/tools/planner_benchmarking) by extension 'ignore'
[0.397s] Level 1:colcon.colcon_core.package_identification:_identify(navigation2/tools/planner_benchmarking) by extension 'ignore_ament_install'
[0.397s] Level 1:colcon.colcon_core.package_identification:_identify(navigation2/tools/planner_benchmarking) by extensions ['colcon_pkg']
[0.397s] Level 1:colcon.colcon_core.package_identification:_identify(navigation2/tools/planner_benchmarking) by extension 'colcon_pkg'
[0.397s] Level 1:colcon.colcon_core.package_identification:_identify(navigation2/tools/planner_benchmarking) by extensions ['colcon_meta']
[0.397s] Level 1:colcon.colcon_core.package_identification:_identify(navigation2/tools/planner_benchmarking) by extension 'colcon_meta'
[0.397s] Level 1:colcon.colcon_core.package_identification:_identify(navigation2/tools/planner_benchmarking) by extensions ['ros']
[0.397s] Level 1:colcon.colcon_core.package_identification:_identify(navigation2/tools/planner_benchmarking) by extension 'ros'
[0.397s] Level 1:colcon.colcon_core.package_identification:_identify(navigation2/tools/planner_benchmarking) by extensions ['cmake', 'python']
[0.397s] Level 1:colcon.colcon_core.package_identification:_identify(navigation2/tools/planner_benchmarking) by extension 'cmake'
[0.397s] Level 1:colcon.colcon_core.package_identification:_identify(navigation2/tools/planner_benchmarking) by extension 'python'
[0.397s] Level 1:colcon.colcon_core.package_identification:_identify(navigation2/tools/planner_benchmarking) by extensions ['python_setup_py']
[0.397s] Level 1:colcon.colcon_core.package_identification:_identify(navigation2/tools/planner_benchmarking) by extension 'python_setup_py'
[0.397s] Level 1:colcon.colcon_core.package_identification:_identify(navigation2/tools/smoother_benchmarking) by extensions ['ignore', 'ignore_ament_install']
[0.398s] Level 1:colcon.colcon_core.package_identification:_identify(navigation2/tools/smoother_benchmarking) by extension 'ignore'
[0.398s] Level 1:colcon.colcon_core.package_identification:_identify(navigation2/tools/smoother_benchmarking) by extension 'ignore_ament_install'
[0.398s] Level 1:colcon.colcon_core.package_identification:_identify(navigation2/tools/smoother_benchmarking) by extensions ['colcon_pkg']
[0.398s] Level 1:colcon.colcon_core.package_identification:_identify(navigation2/tools/smoother_benchmarking) by extension 'colcon_pkg'
[0.398s] Level 1:colcon.colcon_core.package_identification:_identify(navigation2/tools/smoother_benchmarking) by extensions ['colcon_meta']
[0.398s] Level 1:colcon.colcon_core.package_identification:_identify(navigation2/tools/smoother_benchmarking) by extension 'colcon_meta'
[0.398s] Level 1:colcon.colcon_core.package_identification:_identify(navigation2/tools/smoother_benchmarking) by extensions ['ros']
[0.398s] Level 1:colcon.colcon_core.package_identification:_identify(navigation2/tools/smoother_benchmarking) by extension 'ros'
[0.398s] Level 1:colcon.colcon_core.package_identification:_identify(navigation2/tools/smoother_benchmarking) by extensions ['cmake', 'python']
[0.398s] Level 1:colcon.colcon_core.package_identification:_identify(navigation2/tools/smoother_benchmarking) by extension 'cmake'
[0.398s] Level 1:colcon.colcon_core.package_identification:_identify(navigation2/tools/smoother_benchmarking) by extension 'python'
[0.398s] Level 1:colcon.colcon_core.package_identification:_identify(navigation2/tools/smoother_benchmarking) by extensions ['python_setup_py']
[0.398s] Level 1:colcon.colcon_core.package_identification:_identify(navigation2/tools/smoother_benchmarking) by extension 'python_setup_py'
[0.398s] Level 1:colcon.colcon_core.package_identification:_identify(navigation2/tools/smoother_benchmarking/maps) by extensions ['ignore', 'ignore_ament_install']
[0.398s] Level 1:colcon.colcon_core.package_identification:_identify(navigation2/tools/smoother_benchmarking/maps) by extension 'ignore'
[0.398s] Level 1:colcon.colcon_core.package_identification:_identify(navigation2/tools/smoother_benchmarking/maps) by extension 'ignore_ament_install'
[0.398s] Level 1:colcon.colcon_core.package_identification:_identify(navigation2/tools/smoother_benchmarking/maps) by extensions ['colcon_pkg']
[0.398s] Level 1:colcon.colcon_core.package_identification:_identify(navigation2/tools/smoother_benchmarking/maps) by extension 'colcon_pkg'
[0.398s] Level 1:colcon.colcon_core.package_identification:_identify(navigation2/tools/smoother_benchmarking/maps) by extensions ['colcon_meta']
[0.398s] Level 1:colcon.colcon_core.package_identification:_identify(navigation2/tools/smoother_benchmarking/maps) by extension 'colcon_meta'
[0.398s] Level 1:colcon.colcon_core.package_identification:_identify(navigation2/tools/smoother_benchmarking/maps) by extensions ['ros']
[0.398s] Level 1:colcon.colcon_core.package_identification:_identify(navigation2/tools/smoother_benchmarking/maps) by extension 'ros'
[0.399s] Level 1:colcon.colcon_core.package_identification:_identify(navigation2/tools/smoother_benchmarking/maps) by extensions ['cmake', 'python']
[0.399s] Level 1:colcon.colcon_core.package_identification:_identify(navigation2/tools/smoother_benchmarking/maps) by extension 'cmake'
[0.399s] Level 1:colcon.colcon_core.package_identification:_identify(navigation2/tools/smoother_benchmarking/maps) by extension 'python'
[0.399s] Level 1:colcon.colcon_core.package_identification:_identify(navigation2/tools/smoother_benchmarking/maps) by extensions ['python_setup_py']
[0.399s] Level 1:colcon.colcon_core.package_identification:_identify(navigation2/tools/smoother_benchmarking/maps) by extension 'python_setup_py'
[0.399s] Level 1:colcon.colcon_core.package_identification:_identify(sam_bot_description) by extensions ['ignore', 'ignore_ament_install']
[0.399s] Level 1:colcon.colcon_core.package_identification:_identify(sam_bot_description) by extension 'ignore'
[0.399s] Level 1:colcon.colcon_core.package_identification:_identify(sam_bot_description) by extension 'ignore_ament_install'
[0.399s] Level 1:colcon.colcon_core.package_identification:_identify(sam_bot_description) by extensions ['colcon_pkg']
[0.399s] Level 1:colcon.colcon_core.package_identification:_identify(sam_bot_description) by extension 'colcon_pkg'
[0.399s] Level 1:colcon.colcon_core.package_identification:_identify(sam_bot_description) by extensions ['colcon_meta']
[0.399s] Level 1:colcon.colcon_core.package_identification:_identify(sam_bot_description) by extension 'colcon_meta'
[0.399s] Level 1:colcon.colcon_core.package_identification:_identify(sam_bot_description) by extensions ['ros']
[0.399s] Level 1:colcon.colcon_core.package_identification:_identify(sam_bot_description) by extension 'ros'
[0.399s] DEBUG:colcon.colcon_core.package_identification:Package 'sam_bot_description' with type 'ros.ament_cmake' and name 'sam_bot_description'
[0.400s] Level 1:colcon.colcon_core.package_discovery:discover_packages(recursive) using defaults
[0.400s] Level 1:colcon.colcon_core.package_discovery:discover_packages(ignore) discover
[0.400s] Level 1:colcon.colcon_core.package_discovery:discover_packages(ignore) using defaults
[0.400s] Level 1:colcon.colcon_core.package_discovery:discover_packages(path) discover
[0.400s] Level 1:colcon.colcon_core.package_discovery:discover_packages(path) using defaults
[0.423s] INFO:colcon.colcon_core.package_selection:Skipping not selected package 'nav2_common' in 'navigation2/nav2_common'
[0.423s] INFO:colcon.colcon_core.package_selection:Skipping not selected package 'nav_2d_msgs' in 'navigation2/nav2_dwb_controller/nav_2d_msgs'
[0.423s] INFO:colcon.colcon_core.package_selection:Skipping not selected package 'dwb_msgs' in 'navigation2/nav2_dwb_controller/dwb_msgs'
[0.423s] INFO:colcon.colcon_core.package_selection:Skipping not selected package 'nav2_msgs' in 'navigation2/nav2_msgs'
[0.423s] INFO:colcon.colcon_core.package_selection:Skipping not selected package 'nav2_voxel_grid' in 'navigation2/nav2_voxel_grid'
[0.423s] INFO:colcon.colcon_core.package_selection:Skipping not selected package 'nav2_simple_commander' in 'navigation2/nav2_simple_commander'
[0.423s] INFO:colcon.colcon_core.package_selection:Skipping not selected package 'nav2_util' in 'navigation2/nav2_util'
[0.423s] INFO:colcon.colcon_core.package_selection:Skipping not selected package 'nav2_amcl' in 'navigation2/nav2_amcl'
[0.423s] INFO:colcon.colcon_core.package_selection:Skipping not selected package 'nav2_behavior_tree' in 'navigation2/nav2_behavior_tree'
[0.423s] INFO:colcon.colcon_core.package_selection:Skipping not selected package 'nav2_lifecycle_manager' in 'navigation2/nav2_lifecycle_manager'
[0.423s] INFO:colcon.colcon_core.package_selection:Skipping not selected package 'nav2_map_server' in 'navigation2/nav2_map_server'
[0.423s] INFO:colcon.colcon_core.package_selection:Skipping not selected package 'nav2_velocity_smoother' in 'navigation2/nav2_velocity_smoother'
[0.423s] INFO:colcon.colcon_core.package_selection:Skipping not selected package 'nav_2d_utils' in 'navigation2/nav2_dwb_controller/nav_2d_utils'
[0.423s] INFO:colcon.colcon_core.package_selection:Skipping not selected package 'nav2_costmap_2d' in 'navigation2/nav2_costmap_2d'
[0.423s] INFO:colcon.colcon_core.package_selection:Skipping not selected package 'nav2_rviz_plugins' in 'navigation2/nav2_rviz_plugins'
[0.423s] INFO:colcon.colcon_core.package_selection:Skipping not selected package 'costmap_queue' in 'navigation2/nav2_dwb_controller/costmap_queue'
[0.423s] INFO:colcon.colcon_core.package_selection:Skipping not selected package 'nav2_collision_monitor' in 'navigation2/nav2_collision_monitor'
[0.423s] INFO:colcon.colcon_core.package_selection:Skipping not selected package 'nav2_core' in 'navigation2/nav2_core'
[0.423s] INFO:colcon.colcon_core.package_selection:Skipping not selected package 'dwb_core' in 'navigation2/nav2_dwb_controller/dwb_core'
[0.423s] INFO:colcon.colcon_core.package_selection:Skipping not selected package 'nav2_behaviors' in 'navigation2/nav2_behaviors'
[0.423s] INFO:colcon.colcon_core.package_selection:Skipping not selected package 'nav2_bt_navigator' in 'navigation2/nav2_bt_navigator'
[0.423s] INFO:colcon.colcon_core.package_selection:Skipping not selected package 'nav2_constrained_smoother' in 'navigation2/nav2_constrained_smoother'
[0.423s] INFO:colcon.colcon_core.package_selection:Skipping not selected package 'nav2_controller' in 'navigation2/nav2_controller'
[0.423s] INFO:colcon.colcon_core.package_selection:Skipping not selected package 'nav2_mppi_controller' in 'navigation2/nav2_mppi_controller'
[0.423s] INFO:colcon.colcon_core.package_selection:Skipping not selected package 'nav2_navfn_planner' in 'navigation2/nav2_navfn_planner'
[0.423s] INFO:colcon.colcon_core.package_selection:Skipping not selected package 'nav2_planner' in 'navigation2/nav2_planner'
[0.423s] INFO:colcon.colcon_core.package_selection:Skipping not selected package 'nav2_regulated_pure_pursuit_controller' in 'navigation2/nav2_regulated_pure_pursuit_controller'
[0.423s] INFO:colcon.colcon_core.package_selection:Skipping not selected package 'nav2_smac_planner' in 'navigation2/nav2_smac_planner'
[0.423s] INFO:colcon.colcon_core.package_selection:Skipping not selected package 'nav2_smoother' in 'navigation2/nav2_smoother'
[0.423s] INFO:colcon.colcon_core.package_selection:Skipping not selected package 'nav2_theta_star_planner' in 'navigation2/nav2_theta_star_planner'
[0.423s] INFO:colcon.colcon_core.package_selection:Skipping not selected package 'nav2_waypoint_follower' in 'navigation2/nav2_waypoint_follower'
[0.423s] INFO:colcon.colcon_core.package_selection:Skipping not selected package 'dwb_critics' in 'navigation2/nav2_dwb_controller/dwb_critics'
[0.423s] INFO:colcon.colcon_core.package_selection:Skipping not selected package 'dwb_plugins' in 'navigation2/nav2_dwb_controller/dwb_plugins'
[0.424s] INFO:colcon.colcon_core.package_selection:Skipping not selected package 'nav2_rotation_shim_controller' in 'navigation2/nav2_rotation_shim_controller'
[0.424s] INFO:colcon.colcon_core.package_selection:Skipping not selected package 'nav2_dwb_controller' in 'navigation2/nav2_dwb_controller/nav2_dwb_controller'
[0.424s] INFO:colcon.colcon_core.package_selection:Skipping not selected package 'navigation2' in 'navigation2/navigation2'
[0.424s] INFO:colcon.colcon_core.package_selection:Skipping not selected package 'nav2_bringup' in 'navigation2/nav2_bringup'
[0.424s] INFO:colcon.colcon_core.package_selection:Skipping not selected package 'nav2_system_tests' in 'navigation2/nav2_system_tests'
[0.424s] Level 1:colcon.colcon_core.package_discovery:discover_packages(prefix_path) check parameters
[0.424s] Level 1:colcon.colcon_core.package_discovery:discover_packages(prefix_path) discover
[0.427s] DEBUG:colcon.colcon_installed_package_information.package_discovery:Found 397 installed packages in /opt/ros/humble
[0.429s] Level 1:colcon.colcon_core.package_discovery:discover_packages(prefix_path) using defaults
[0.496s] Level 5:colcon.colcon_core.verb:set package 'sam_bot_description' build argument 'cmake_args' from command line to 'None'
[0.496s] Level 5:colcon.colcon_core.verb:set package 'sam_bot_description' build argument 'cmake_target' from command line to 'None'
[0.496s] Level 5:colcon.colcon_core.verb:set package 'sam_bot_description' build argument 'cmake_target_skip_unavailable' from command line to 'False'
[0.496s] Level 5:colcon.colcon_core.verb:set package 'sam_bot_description' build argument 'cmake_clean_cache' from command line to 'False'
[0.496s] Level 5:colcon.colcon_core.verb:set package 'sam_bot_description' build argument 'cmake_clean_first' from command line to 'False'
[0.496s] Level 5:colcon.colcon_core.verb:set package 'sam_bot_description' build argument 'cmake_force_configure' from command line to 'False'
[0.496s] Level 5:colcon.colcon_core.verb:set package 'sam_bot_description' build argument 'ament_cmake_args' from command line to 'None'
[0.496s] Level 5:colcon.colcon_core.verb:set package 'sam_bot_description' build argument 'catkin_cmake_args' from command line to 'None'
[0.496s] Level 5:colcon.colcon_core.verb:set package 'sam_bot_description' build argument 'catkin_skip_building_tests' from command line to 'False'
[0.496s] DEBUG:colcon.colcon_core.verb:Building package 'sam_bot_description' with the following arguments: {'ament_cmake_args': None, 'build_base': '/home/lhl/nav2_ws/src/build/sam_bot_description', 'catkin_cmake_args': None, 'catkin_skip_building_tests': False, 'cmake_args': None, 'cmake_clean_cache': False, 'cmake_clean_first': False, 'cmake_force_configure': False, 'cmake_target': None, 'cmake_target_skip_unavailable': False, 'install_base': '/home/lhl/nav2_ws/src/install/sam_bot_description', 'merge_install': False, 'path': '/home/lhl/nav2_ws/src/sam_bot_description', 'symlink_install': False, 'test_result_base': None}
[0.496s] INFO:colcon.colcon_core.executor:Executing jobs using 'parallel' executor
[0.499s] DEBUG:colcon.colcon_parallel_executor.executor.parallel:run_until_complete
[0.499s] INFO:colcon.colcon_ros.task.ament_cmake.build:Building ROS package in '/home/lhl/nav2_ws/src/sam_bot_description' with build type 'ament_cmake'
[0.499s] INFO:colcon.colcon_cmake.task.cmake.build:Building CMake package in '/home/lhl/nav2_ws/src/sam_bot_description'
[0.506s] INFO:colcon.colcon_core.plugin_system:Skipping extension 'colcon_core.shell.bat': Not used on non-Windows systems
[0.506s] INFO:colcon.colcon_core.shell:Skip shell extension 'powershell' for command environment: Not usable outside of PowerShell
[0.506s] DEBUG:colcon.colcon_core.shell:Skip shell extension 'dsv' for command environment
[0.514s] DEBUG:colcon.colcon_core.event_handler.log_command:Invoking command in '/home/lhl/nav2_ws/src/build/sam_bot_description': CMAKE_PREFIX_PATH=/opt/ros/humble /usr/bin/cmake --build /home/lhl/nav2_ws/src/build/sam_bot_description -- -j8 -l8
[0.743s] DEBUG:colcon.colcon_core.event_handler.log_command:Invoked command in '/home/lhl/nav2_ws/src/build/sam_bot_description' returned '0': CMAKE_PREFIX_PATH=/opt/ros/humble /usr/bin/cmake --build /home/lhl/nav2_ws/src/build/sam_bot_description -- -j8 -l8
[0.768s] DEBUG:colcon.colcon_core.event_handler.log_command:Invoking command in '/home/lhl/nav2_ws/src/build/sam_bot_description': CMAKE_PREFIX_PATH=/opt/ros/humble /usr/bin/cmake --install /home/lhl/nav2_ws/src/build/sam_bot_description
[0.777s] Level 1:colcon.colcon_core.environment:create_environment_scripts_only(sam_bot_description)
[0.778s] DEBUG:colcon.colcon_core.event_handler.log_command:Invoked command in '/home/lhl/nav2_ws/src/build/sam_bot_description' returned '0': CMAKE_PREFIX_PATH=/opt/ros/humble /usr/bin/cmake --install /home/lhl/nav2_ws/src/build/sam_bot_description
[0.781s] Level 1:colcon.colcon_core.environment:checking '/home/lhl/nav2_ws/src/install/sam_bot_description' for CMake module files
[0.782s] Level 1:colcon.colcon_core.environment:checking '/home/lhl/nav2_ws/src/install/sam_bot_description' for CMake config files
[0.782s] Level 1:colcon.colcon_core.shell:create_environment_hook('sam_bot_description', 'cmake_prefix_path')
[0.783s] INFO:colcon.colcon_core.shell:Creating environment hook '/home/lhl/nav2_ws/src/install/sam_bot_description/share/sam_bot_description/hook/cmake_prefix_path.ps1'
[0.784s] INFO:colcon.colcon_core.shell:Creating environment descriptor '/home/lhl/nav2_ws/src/install/sam_bot_description/share/sam_bot_description/hook/cmake_prefix_path.dsv'
[0.784s] INFO:colcon.colcon_core.shell:Creating environment hook '/home/lhl/nav2_ws/src/install/sam_bot_description/share/sam_bot_description/hook/cmake_prefix_path.sh'
[0.785s] Level 1:colcon.colcon_core.environment:checking '/home/lhl/nav2_ws/src/install/sam_bot_description/bin'
[0.785s] Level 1:colcon.colcon_core.environment:checking '/home/lhl/nav2_ws/src/install/sam_bot_description/lib/pkgconfig/sam_bot_description.pc'
[0.785s] Level 1:colcon.colcon_core.environment:checking '/home/lhl/nav2_ws/src/install/sam_bot_description/lib/python3.10/site-packages'
[0.785s] Level 1:colcon.colcon_core.environment:checking '/home/lhl/nav2_ws/src/install/sam_bot_description/bin'
[0.786s] INFO:colcon.colcon_core.shell:Creating package script '/home/lhl/nav2_ws/src/install/sam_bot_description/share/sam_bot_description/package.ps1'
[0.787s] INFO:colcon.colcon_core.shell:Creating package descriptor '/home/lhl/nav2_ws/src/install/sam_bot_description/share/sam_bot_description/package.dsv'
[0.787s] INFO:colcon.colcon_core.shell:Creating package script '/home/lhl/nav2_ws/src/install/sam_bot_description/share/sam_bot_description/package.sh'
[0.788s] INFO:colcon.colcon_core.shell:Creating package script '/home/lhl/nav2_ws/src/install/sam_bot_description/share/sam_bot_description/package.bash'
[0.788s] INFO:colcon.colcon_core.shell:Creating package script '/home/lhl/nav2_ws/src/install/sam_bot_description/share/sam_bot_description/package.zsh'
[0.789s] Level 1:colcon.colcon_core.environment:create_file_with_runtime_dependencies(/home/lhl/nav2_ws/src/install/sam_bot_description/share/colcon-core/packages/sam_bot_description)
[0.809s] Level 1:colcon.colcon_core.environment:create_environment_scripts_only(sam_bot_description)
[0.811s] Level 1:colcon.colcon_core.environment:checking '/home/lhl/nav2_ws/src/install/sam_bot_description' for CMake module files
[0.811s] Level 1:colcon.colcon_core.environment:checking '/home/lhl/nav2_ws/src/install/sam_bot_description' for CMake config files
[0.812s] Level 1:colcon.colcon_core.shell:create_environment_hook('sam_bot_description', 'cmake_prefix_path')
[0.813s] INFO:colcon.colcon_core.shell:Creating environment hook '/home/lhl/nav2_ws/src/install/sam_bot_description/share/sam_bot_description/hook/cmake_prefix_path.ps1'
[0.814s] INFO:colcon.colcon_core.shell:Creating environment descriptor '/home/lhl/nav2_ws/src/install/sam_bot_description/share/sam_bot_description/hook/cmake_prefix_path.dsv'
[0.814s] INFO:colcon.colcon_core.shell:Creating environment hook '/home/lhl/nav2_ws/src/install/sam_bot_description/share/sam_bot_description/hook/cmake_prefix_path.sh'
[0.814s] Level 1:colcon.colcon_core.environment:checking '/home/lhl/nav2_ws/src/install/sam_bot_description/bin'
[0.815s] Level 1:colcon.colcon_core.environment:checking '/home/lhl/nav2_ws/src/install/sam_bot_description/lib/pkgconfig/sam_bot_description.pc'
[0.815s] Level 1:colcon.colcon_core.environment:checking '/home/lhl/nav2_ws/src/install/sam_bot_description/lib/python3.10/site-packages'
[0.815s] Level 1:colcon.colcon_core.environment:checking '/home/lhl/nav2_ws/src/install/sam_bot_description/bin'
[0.816s] INFO:colcon.colcon_core.shell:Creating package script '/home/lhl/nav2_ws/src/install/sam_bot_description/share/sam_bot_description/package.ps1'
[0.817s] INFO:colcon.colcon_core.shell:Creating package descriptor '/home/lhl/nav2_ws/src/install/sam_bot_description/share/sam_bot_description/package.dsv'
[0.817s] INFO:colcon.colcon_core.shell:Creating package script '/home/lhl/nav2_ws/src/install/sam_bot_description/share/sam_bot_description/package.sh'
[0.817s] INFO:colcon.colcon_core.shell:Creating package script '/home/lhl/nav2_ws/src/install/sam_bot_description/share/sam_bot_description/package.bash'
[0.818s] INFO:colcon.colcon_core.shell:Creating package script '/home/lhl/nav2_ws/src/install/sam_bot_description/share/sam_bot_description/package.zsh'
[0.818s] Level 1:colcon.colcon_core.environment:create_file_with_runtime_dependencies(/home/lhl/nav2_ws/src/install/sam_bot_description/share/colcon-core/packages/sam_bot_description)
[0.818s] DEBUG:colcon.colcon_parallel_executor.executor.parallel:closing loop
[0.819s] DEBUG:colcon.colcon_parallel_executor.executor.parallel:loop closed
[0.819s] DEBUG:colcon.colcon_parallel_executor.executor.parallel:run_until_complete finished with '0'
[0.819s] DEBUG:colcon.colcon_core.event_reactor:joining thread
[0.824s] INFO:colcon.colcon_core.plugin_system:Skipping extension 'colcon_notification.desktop_notification.terminal_notifier': Not used on non-Darwin systems
[0.824s] INFO:colcon.colcon_core.plugin_system:Skipping extension 'colcon_notification.desktop_notification.win32': Not used on non-Windows systems
[0.824s] INFO:colcon.colcon_notification.desktop_notification:Sending desktop notification using 'notify2'
[0.835s] DEBUG:colcon.colcon_core.event_reactor:joined thread
[0.837s] INFO:colcon.colcon_core.shell:Creating prefix script '/home/lhl/nav2_ws/src/install/local_setup.ps1'
[0.838s] INFO:colcon.colcon_core.shell:Creating prefix util module '/home/lhl/nav2_ws/src/install/_local_setup_util_ps1.py'
[0.839s] INFO:colcon.colcon_core.shell:Creating prefix chain script '/home/lhl/nav2_ws/src/install/setup.ps1'
[0.840s] INFO:colcon.colcon_core.shell:Creating prefix script '/home/lhl/nav2_ws/src/install/local_setup.sh'
[0.840s] INFO:colcon.colcon_core.shell:Creating prefix util module '/home/lhl/nav2_ws/src/install/_local_setup_util_sh.py'
[0.841s] INFO:colcon.colcon_core.shell:Creating prefix chain script '/home/lhl/nav2_ws/src/install/setup.sh'
[0.842s] INFO:colcon.colcon_core.shell:Creating prefix script '/home/lhl/nav2_ws/src/install/local_setup.bash'
[0.842s] INFO:colcon.colcon_core.shell:Creating prefix chain script '/home/lhl/nav2_ws/src/install/setup.bash'
[0.843s] INFO:colcon.colcon_core.shell:Creating prefix script '/home/lhl/nav2_ws/src/install/local_setup.zsh'
[0.844s] INFO:colcon.colcon_core.shell:Creating prefix chain script '/home/lhl/nav2_ws/src/install/setup.zsh'
