-- Found OpenCV version 4.5.4
-- Found image_transport: 3.1.5 (/opt/ros/humble/share/image_transport/cmake)
-- Override CMake install command with custom implementation using symlinks instead of copying resources
-- Found rosidl_generator_c: 3.1.4 (/opt/ros/humble/share/rosidl_generator_c/cmake)
-- Found rosidl_adapter: 3.1.4 (/opt/ros/humble/share/rosidl_adapter/cmake)
-- Found rosidl_generator_cpp: 3.1.4 (/opt/ros/humble/share/rosidl_generator_cpp/cmake)
-- Using all available rosidl_typesupport_c: rosidl_typesupport_fastrtps_c;rosidl_typesupport_introspection_c
-- Using all available rosidl_typesupport_cpp: rosidl_typesupport_fastrtps_cpp;rosidl_typesupport_introspection_cpp
-- Found rmw_implementation_cmake: 6.1.1 (/opt/ros/humble/share/rmw_implementation_cmake/cmake)
-- Found rmw_fastrtps_cpp: 6.2.2 (/opt/ros/humble/share/rmw_fastrtps_cpp/cmake)
-- Using RMW implementation 'rmw_fastrtps_cpp' as default
-- Found cv_bridge: 3.2.1 (/opt/ros/humble/share/cv_bridge/cmake)
-- Found nav2_common: 1.1.6 (/home/lhl/nav2_ws/install/nav2_common/share/nav2_common/cmake)
-- Found rclcpp_action: 16.0.4 (/opt/ros/humble/share/rclcpp_action/cmake)
-- Found rclcpp_lifecycle: 16.0.4 (/opt/ros/humble/share/rclcpp_lifecycle/cmake)
-- Found rclcpp_components: 16.0.4 (/opt/ros/humble/share/rclcpp_components/cmake)
-- Found nav_msgs: 4.2.3 (/opt/ros/humble/share/nav_msgs/cmake)
-- Found nav2_msgs: 1.1.6 (/home/lhl/nav2_ws/install/nav2_msgs/share/nav2_msgs/cmake)
-- Found nav2_util: 1.1.6 (/home/lhl/nav2_ws/install/nav2_util/share/nav2_util/cmake)
-- Found eigen3_cmake_module: 0.1.1 (/opt/ros/humble/share/eigen3_cmake_module/cmake)
-- Ensuring Eigen3 include directory is part of orocos-kdl CMake target
-- Found nav2_core: 1.1.6 (/home/lhl/nav2_ws/install/nav2_core/share/nav2_core/cmake)
-- Found ament_lint_auto: 0.12.6 (/opt/ros/humble/share/ament_lint_auto/cmake)
-- Found ament_cmake_gtest: 1.3.4 (/opt/ros/humble/share/ament_cmake_gtest/cmake)
-- Found gtest sources under '/opt/ros/humble/src/gtest_vendor': C++ tests using 'Google Test' will be built
-- Added test 'copyright' to check source files copyright and LICENSE
-- Added test 'cppcheck' to perform static code analysis on C / C++ code
-- Configured cppcheck include dirs: /home/lhl/nav2_ws/src/navigation2/nav2_waypoint_follower/include
-- Configured cppcheck exclude dirs and/or files: 
-- Added test 'cpplint' to check C / C++ code against the Google style
-- Configured cpplint exclude dirs and/or files: 
-- Added test 'lint_cmake' to check CMake code style
-- Added test 'uncrustify' to check C / C++ code style
-- Configured uncrustify additional arguments: 
-- Added test 'xmllint' to check XML markup files
-- Configuring done
-- Generating done
-- Build files have been written to: /home/lhl/nav2_ws/build/nav2_waypoint_follower
[35m[1mConsolidate compiler generated dependencies of target gtest[0m
[35m[1mConsolidate compiler generated dependencies of target input_at_waypoint[0m
[ 11%] Built target gtest
[ 22%] Built target input_at_waypoint
[35m[1mConsolidate compiler generated dependencies of target gtest_main[0m
[35m[1mConsolidate compiler generated dependencies of target wait_at_waypoint[0m
[35m[1mConsolidate compiler generated dependencies of target waypoint_follower_core[0m
[35m[1mConsolidate compiler generated dependencies of target photo_at_waypoint[0m
[ 33%] Built target gtest_main
[ 44%] Built target wait_at_waypoint
[ 55%] Built target photo_at_waypoint
[ 66%] Built target waypoint_follower_core
[35m[1mConsolidate compiler generated dependencies of target test_task_executors[0m
[35m[1mConsolidate compiler generated dependencies of target waypoint_follower[0m
[35m[1mConsolidate compiler generated dependencies of target test_dynamic_parameters[0m
[ 77%] Built target waypoint_follower
[ 88%] Built target test_task_executors
[100%] Built target test_dynamic_parameters
-- Install configuration: "Release"
-- Execute custom install script
-- Up-to-date symlink: /home/lhl/nav2_ws/install/nav2_waypoint_follower/lib/libwaypoint_follower_core.so
-- Up-to-date symlink: /home/lhl/nav2_ws/install/nav2_waypoint_follower/lib/libwait_at_waypoint.so
-- Up-to-date symlink: /home/lhl/nav2_ws/install/nav2_waypoint_follower/lib/libphoto_at_waypoint.so
-- Up-to-date symlink: /home/lhl/nav2_ws/install/nav2_waypoint_follower/lib/libinput_at_waypoint.so
-- Up-to-date symlink: /home/lhl/nav2_ws/install/nav2_waypoint_follower/lib/nav2_waypoint_follower/waypoint_follower
-- Up-to-date symlink: /home/lhl/nav2_ws/install/nav2_waypoint_follower/include//nav2_waypoint_follower/plugins/input_at_waypoint.hpp
-- Up-to-date symlink: /home/lhl/nav2_ws/install/nav2_waypoint_follower/include//nav2_waypoint_follower/plugins/photo_at_waypoint.hpp
-- Up-to-date symlink: /home/lhl/nav2_ws/install/nav2_waypoint_follower/include//nav2_waypoint_follower/plugins/wait_at_waypoint.hpp
-- Up-to-date symlink: /home/lhl/nav2_ws/install/nav2_waypoint_follower/include//nav2_waypoint_follower/waypoint_follower.hpp
-- Up-to-date symlink: /home/lhl/nav2_ws/install/nav2_waypoint_follower/share/nav2_waypoint_follower/environment/library_path.sh
-- Up-to-date symlink: /home/lhl/nav2_ws/install/nav2_waypoint_follower/share/nav2_waypoint_follower/environment/library_path.dsv
-- Up-to-date symlink: /home/lhl/nav2_ws/install/nav2_waypoint_follower/share/nav2_waypoint_follower//plugins.xml
-- Up-to-date symlink: /home/lhl/nav2_ws/install/nav2_waypoint_follower/share/ament_index/resource_index/package_run_dependencies/nav2_waypoint_follower
-- Up-to-date symlink: /home/lhl/nav2_ws/install/nav2_waypoint_follower/share/ament_index/resource_index/parent_prefix_path/nav2_waypoint_follower
-- Up-to-date symlink: /home/lhl/nav2_ws/install/nav2_waypoint_follower/share/nav2_waypoint_follower/environment/ament_prefix_path.sh
-- Up-to-date symlink: /home/lhl/nav2_ws/install/nav2_waypoint_follower/share/nav2_waypoint_follower/environment/ament_prefix_path.dsv
-- Up-to-date symlink: /home/lhl/nav2_ws/install/nav2_waypoint_follower/share/nav2_waypoint_follower/environment/path.sh
-- Up-to-date symlink: /home/lhl/nav2_ws/install/nav2_waypoint_follower/share/nav2_waypoint_follower/environment/path.dsv
-- Up-to-date symlink: /home/lhl/nav2_ws/install/nav2_waypoint_follower/share/nav2_waypoint_follower/local_setup.bash
-- Up-to-date symlink: /home/lhl/nav2_ws/install/nav2_waypoint_follower/share/nav2_waypoint_follower/local_setup.sh
-- Up-to-date symlink: /home/lhl/nav2_ws/install/nav2_waypoint_follower/share/nav2_waypoint_follower/local_setup.zsh
-- Up-to-date symlink: /home/lhl/nav2_ws/install/nav2_waypoint_follower/share/nav2_waypoint_follower/local_setup.dsv
-- Symlinking: /home/lhl/nav2_ws/install/nav2_waypoint_follower/share/nav2_waypoint_follower/package.dsv
-- Up-to-date symlink: /home/lhl/nav2_ws/install/nav2_waypoint_follower/share/ament_index/resource_index/packages/nav2_waypoint_follower
-- Up-to-date symlink: /home/lhl/nav2_ws/install/nav2_waypoint_follower/share/ament_index/resource_index/nav2_waypoint_follower__pluginlib__plugin/nav2_waypoint_follower
-- Up-to-date symlink: /home/lhl/nav2_ws/install/nav2_waypoint_follower/share/ament_index/resource_index/rclcpp_components/nav2_waypoint_follower
-- Up-to-date symlink: /home/lhl/nav2_ws/install/nav2_waypoint_follower/share/nav2_waypoint_follower/cmake/ament_cmake_export_include_directories-extras.cmake
-- Up-to-date symlink: /home/lhl/nav2_ws/install/nav2_waypoint_follower/share/nav2_waypoint_follower/cmake/ament_cmake_export_libraries-extras.cmake
-- Up-to-date symlink: /home/lhl/nav2_ws/install/nav2_waypoint_follower/share/nav2_waypoint_follower/cmake/ament_cmake_export_dependencies-extras.cmake
-- Up-to-date symlink: /home/lhl/nav2_ws/install/nav2_waypoint_follower/share/nav2_waypoint_follower/cmake/nav2_waypoint_followerConfig.cmake
-- Up-to-date symlink: /home/lhl/nav2_ws/install/nav2_waypoint_follower/share/nav2_waypoint_follower/cmake/nav2_waypoint_followerConfig-version.cmake
-- Up-to-date symlink: /home/lhl/nav2_ws/install/nav2_waypoint_follower/share/nav2_waypoint_follower/package.xml
