[0.194s] Invoking command in '/home/lhl/nav2_ws/build/nav2_waypoint_follower': AMENT_PREFIX_PATH=/home/lhl/nav2_ws/install/nav2_core:/home/lhl/nav2_ws/install/nav2_costmap_2d:/home/lhl/nav2_ws/install/nav2_util:/home/lhl/nav2_ws/install/nav2_voxel_grid:/home/lhl/nav2_ws/install/nav2_msgs:/home/lhl/nav2_ws/install/nav2_common:${AMENT_PREFIX_PATH} CMAKE_PREFIX_PATH=/home/lhl/nav2_ws/install/nav2_core:/home/lhl/nav2_ws/install/nav2_costmap_2d:/home/lhl/nav2_ws/install/nav2_util:/home/lhl/nav2_ws/install/nav2_voxel_grid:/home/lhl/nav2_ws/install/nav2_msgs:/home/lhl/nav2_ws/install/nav2_common:/opt/ros/humble LD_LIBRARY_PATH=/home/lhl/nav2_ws/install/nav2_costmap_2d/lib:/home/lhl/nav2_ws/install/nav2_util/lib:/home/lhl/nav2_ws/install/nav2_voxel_grid/lib:/home/lhl/nav2_ws/install/nav2_msgs/lib:${LD_LIBRARY_PATH} PYTHONPATH=/home/lhl/nav2_ws/install/nav2_msgs/local/lib/python3.10/dist-packages:/home/lhl/nav2_ws/install/nav2_common/local/lib/python3.10/dist-packages:${PYTHONPATH} /usr/bin/cmake /home/lhl/nav2_ws/src/navigation2/nav2_waypoint_follower -DCMAKE_INSTALL_PREFIX=/home/lhl/nav2_ws/install/nav2_waypoint_follower
[3.336s] -- Found OpenCV version 4.5.4
[3.336s] -- Found image_transport: 3.1.5 (/opt/ros/humble/share/image_transport/cmake)
[3.338s] -- Override CMake install command with custom implementation using symlinks instead of copying resources
[3.346s] -- Found rosidl_generator_c: 3.1.4 (/opt/ros/humble/share/rosidl_generator_c/cmake)
[3.347s] -- Found rosidl_adapter: 3.1.4 (/opt/ros/humble/share/rosidl_adapter/cmake)
[3.347s] -- Found rosidl_generator_cpp: 3.1.4 (/opt/ros/humble/share/rosidl_generator_cpp/cmake)
[3.347s] -- Using all available rosidl_typesupport_c: rosidl_typesupport_fastrtps_c;rosidl_typesupport_introspection_c
[3.347s] -- Using all available rosidl_typesupport_cpp: rosidl_typesupport_fastrtps_cpp;rosidl_typesupport_introspection_cpp
[3.347s] -- Found rmw_implementation_cmake: 6.1.1 (/opt/ros/humble/share/rmw_implementation_cmake/cmake)
[3.347s] -- Found rmw_fastrtps_cpp: 6.2.2 (/opt/ros/humble/share/rmw_fastrtps_cpp/cmake)
[3.347s] -- Using RMW implementation 'rmw_fastrtps_cpp' as default
[3.347s] -- Found cv_bridge: 3.2.1 (/opt/ros/humble/share/cv_bridge/cmake)
[3.348s] -- Found nav2_common: 1.1.6 (/home/lhl/nav2_ws/install/nav2_common/share/nav2_common/cmake)
[3.348s] -- Found rclcpp_action: 16.0.4 (/opt/ros/humble/share/rclcpp_action/cmake)
[3.348s] -- Found rclcpp_lifecycle: 16.0.4 (/opt/ros/humble/share/rclcpp_lifecycle/cmake)
[3.348s] -- Found rclcpp_components: 16.0.4 (/opt/ros/humble/share/rclcpp_components/cmake)
[3.348s] -- Found nav_msgs: 4.2.3 (/opt/ros/humble/share/nav_msgs/cmake)
[3.348s] -- Found nav2_msgs: 1.1.6 (/home/lhl/nav2_ws/install/nav2_msgs/share/nav2_msgs/cmake)
[3.348s] -- Found nav2_util: 1.1.6 (/home/lhl/nav2_ws/install/nav2_util/share/nav2_util/cmake)
[3.703s] -- Found eigen3_cmake_module: 0.1.1 (/opt/ros/humble/share/eigen3_cmake_module/cmake)
[3.705s] -- Ensuring Eigen3 include directory is part of orocos-kdl CMake target
[4.039s] -- Found nav2_core: 1.1.6 (/home/lhl/nav2_ws/install/nav2_core/share/nav2_core/cmake)
[23.474s] -- Found ament_lint_auto: 0.12.6 (/opt/ros/humble/share/ament_lint_auto/cmake)
[23.475s] -- Found ament_cmake_gtest: 1.3.4 (/opt/ros/humble/share/ament_cmake_gtest/cmake)
[23.599s] -- Found gtest sources under '/opt/ros/humble/src/gtest_vendor': C++ tests using 'Google Test' will be built
[31.063s] -- Added test 'copyright' to check source files copyright and LICENSE
[31.066s] -- Added test 'cppcheck' to perform static code analysis on C / C++ code
[31.070s] -- Configured cppcheck include dirs: /home/lhl/nav2_ws/src/navigation2/nav2_waypoint_follower/include
[31.071s] -- Configured cppcheck exclude dirs and/or files: 
[31.074s] -- Added test 'cpplint' to check C / C++ code against the Google style
[31.075s] -- Configured cpplint exclude dirs and/or files: 
[31.077s] -- Added test 'lint_cmake' to check CMake code style
[31.080s] -- Added test 'uncrustify' to check C / C++ code style
[31.081s] -- Configured uncrustify additional arguments: 
[31.083s] -- Added test 'xmllint' to check XML markup files
[31.099s] -- Configuring done
[31.829s] -- Generating done
[31.835s] -- Build files have been written to: /home/lhl/nav2_ws/build/nav2_waypoint_follower
[31.858s] Invoked command in '/home/lhl/nav2_ws/build/nav2_waypoint_follower' returned '0': AMENT_PREFIX_PATH=/home/lhl/nav2_ws/install/nav2_core:/home/lhl/nav2_ws/install/nav2_costmap_2d:/home/lhl/nav2_ws/install/nav2_util:/home/lhl/nav2_ws/install/nav2_voxel_grid:/home/lhl/nav2_ws/install/nav2_msgs:/home/lhl/nav2_ws/install/nav2_common:${AMENT_PREFIX_PATH} CMAKE_PREFIX_PATH=/home/lhl/nav2_ws/install/nav2_core:/home/lhl/nav2_ws/install/nav2_costmap_2d:/home/lhl/nav2_ws/install/nav2_util:/home/lhl/nav2_ws/install/nav2_voxel_grid:/home/lhl/nav2_ws/install/nav2_msgs:/home/lhl/nav2_ws/install/nav2_common:/opt/ros/humble LD_LIBRARY_PATH=/home/lhl/nav2_ws/install/nav2_costmap_2d/lib:/home/lhl/nav2_ws/install/nav2_util/lib:/home/lhl/nav2_ws/install/nav2_voxel_grid/lib:/home/lhl/nav2_ws/install/nav2_msgs/lib:${LD_LIBRARY_PATH} PYTHONPATH=/home/lhl/nav2_ws/install/nav2_msgs/local/lib/python3.10/dist-packages:/home/lhl/nav2_ws/install/nav2_common/local/lib/python3.10/dist-packages:${PYTHONPATH} /usr/bin/cmake /home/lhl/nav2_ws/src/navigation2/nav2_waypoint_follower -DCMAKE_INSTALL_PREFIX=/home/lhl/nav2_ws/install/nav2_waypoint_follower
[31.859s] Invoking command in '/home/lhl/nav2_ws/build/nav2_waypoint_follower': AMENT_PREFIX_PATH=/home/lhl/nav2_ws/install/nav2_core:/home/lhl/nav2_ws/install/nav2_costmap_2d:/home/lhl/nav2_ws/install/nav2_util:/home/lhl/nav2_ws/install/nav2_voxel_grid:/home/lhl/nav2_ws/install/nav2_msgs:/home/lhl/nav2_ws/install/nav2_common:${AMENT_PREFIX_PATH} CMAKE_PREFIX_PATH=/home/lhl/nav2_ws/install/nav2_core:/home/lhl/nav2_ws/install/nav2_costmap_2d:/home/lhl/nav2_ws/install/nav2_util:/home/lhl/nav2_ws/install/nav2_voxel_grid:/home/lhl/nav2_ws/install/nav2_msgs:/home/lhl/nav2_ws/install/nav2_common:/opt/ros/humble LD_LIBRARY_PATH=/home/lhl/nav2_ws/install/nav2_costmap_2d/lib:/home/lhl/nav2_ws/install/nav2_util/lib:/home/lhl/nav2_ws/install/nav2_voxel_grid/lib:/home/lhl/nav2_ws/install/nav2_msgs/lib:${LD_LIBRARY_PATH} PYTHONPATH=/home/lhl/nav2_ws/install/nav2_msgs/local/lib/python3.10/dist-packages:/home/lhl/nav2_ws/install/nav2_common/local/lib/python3.10/dist-packages:${PYTHONPATH} /usr/bin/cmake --build /home/lhl/nav2_ws/build/nav2_waypoint_follower -- -j8 -l8
[33.580s] [35m[1mConsolidate compiler generated dependencies of target gtest[0m
[33.580s] [35m[1mConsolidate compiler generated dependencies of target input_at_waypoint[0m
[33.581s] [ 11%] Built target gtest
[33.581s] [ 22%] Built target input_at_waypoint
[33.581s] [35m[1mConsolidate compiler generated dependencies of target gtest_main[0m
[33.581s] [35m[1mConsolidate compiler generated dependencies of target wait_at_waypoint[0m
[33.581s] [35m[1mConsolidate compiler generated dependencies of target waypoint_follower_core[0m
[33.581s] [35m[1mConsolidate compiler generated dependencies of target photo_at_waypoint[0m
[33.581s] [ 33%] Built target gtest_main
[33.581s] [ 44%] Built target wait_at_waypoint
[33.581s] [ 55%] Built target photo_at_waypoint
[33.581s] [ 66%] Built target waypoint_follower_core
[33.581s] [35m[1mConsolidate compiler generated dependencies of target test_task_executors[0m
[33.582s] [35m[1mConsolidate compiler generated dependencies of target waypoint_follower[0m
[33.582s] [35m[1mConsolidate compiler generated dependencies of target test_dynamic_parameters[0m
[33.582s] [ 77%] Built target waypoint_follower
[33.582s] [ 88%] Built target test_task_executors
[33.582s] [100%] Built target test_dynamic_parameters
[33.590s] Invoked command in '/home/lhl/nav2_ws/build/nav2_waypoint_follower' returned '0': AMENT_PREFIX_PATH=/home/lhl/nav2_ws/install/nav2_core:/home/lhl/nav2_ws/install/nav2_costmap_2d:/home/lhl/nav2_ws/install/nav2_util:/home/lhl/nav2_ws/install/nav2_voxel_grid:/home/lhl/nav2_ws/install/nav2_msgs:/home/lhl/nav2_ws/install/nav2_common:${AMENT_PREFIX_PATH} CMAKE_PREFIX_PATH=/home/lhl/nav2_ws/install/nav2_core:/home/lhl/nav2_ws/install/nav2_costmap_2d:/home/lhl/nav2_ws/install/nav2_util:/home/lhl/nav2_ws/install/nav2_voxel_grid:/home/lhl/nav2_ws/install/nav2_msgs:/home/lhl/nav2_ws/install/nav2_common:/opt/ros/humble LD_LIBRARY_PATH=/home/lhl/nav2_ws/install/nav2_costmap_2d/lib:/home/lhl/nav2_ws/install/nav2_util/lib:/home/lhl/nav2_ws/install/nav2_voxel_grid/lib:/home/lhl/nav2_ws/install/nav2_msgs/lib:${LD_LIBRARY_PATH} PYTHONPATH=/home/lhl/nav2_ws/install/nav2_msgs/local/lib/python3.10/dist-packages:/home/lhl/nav2_ws/install/nav2_common/local/lib/python3.10/dist-packages:${PYTHONPATH} /usr/bin/cmake --build /home/lhl/nav2_ws/build/nav2_waypoint_follower -- -j8 -l8
[33.659s] Invoking command in '/home/lhl/nav2_ws/build/nav2_waypoint_follower': AMENT_PREFIX_PATH=/home/lhl/nav2_ws/install/nav2_core:/home/lhl/nav2_ws/install/nav2_costmap_2d:/home/lhl/nav2_ws/install/nav2_util:/home/lhl/nav2_ws/install/nav2_voxel_grid:/home/lhl/nav2_ws/install/nav2_msgs:/home/lhl/nav2_ws/install/nav2_common:${AMENT_PREFIX_PATH} CMAKE_PREFIX_PATH=/home/lhl/nav2_ws/install/nav2_core:/home/lhl/nav2_ws/install/nav2_costmap_2d:/home/lhl/nav2_ws/install/nav2_util:/home/lhl/nav2_ws/install/nav2_voxel_grid:/home/lhl/nav2_ws/install/nav2_msgs:/home/lhl/nav2_ws/install/nav2_common:/opt/ros/humble LD_LIBRARY_PATH=/home/lhl/nav2_ws/install/nav2_costmap_2d/lib:/home/lhl/nav2_ws/install/nav2_util/lib:/home/lhl/nav2_ws/install/nav2_voxel_grid/lib:/home/lhl/nav2_ws/install/nav2_msgs/lib:${LD_LIBRARY_PATH} PYTHONPATH=/home/lhl/nav2_ws/install/nav2_msgs/local/lib/python3.10/dist-packages:/home/lhl/nav2_ws/install/nav2_common/local/lib/python3.10/dist-packages:${PYTHONPATH} /usr/bin/cmake --install /home/lhl/nav2_ws/build/nav2_waypoint_follower
[33.934s] -- Install configuration: "Release"
[33.935s] -- Execute custom install script
[33.935s] -- Up-to-date symlink: /home/lhl/nav2_ws/install/nav2_waypoint_follower/lib/libwaypoint_follower_core.so
[33.935s] -- Up-to-date symlink: /home/lhl/nav2_ws/install/nav2_waypoint_follower/lib/libwait_at_waypoint.so
[33.935s] -- Up-to-date symlink: /home/lhl/nav2_ws/install/nav2_waypoint_follower/lib/libphoto_at_waypoint.so
[33.935s] -- Up-to-date symlink: /home/lhl/nav2_ws/install/nav2_waypoint_follower/lib/libinput_at_waypoint.so
[33.935s] -- Up-to-date symlink: /home/lhl/nav2_ws/install/nav2_waypoint_follower/lib/nav2_waypoint_follower/waypoint_follower
[33.935s] -- Up-to-date symlink: /home/lhl/nav2_ws/install/nav2_waypoint_follower/include//nav2_waypoint_follower/plugins/input_at_waypoint.hpp
[33.939s] -- Up-to-date symlink: /home/lhl/nav2_ws/install/nav2_waypoint_follower/include//nav2_waypoint_follower/plugins/photo_at_waypoint.hpp
[33.940s] -- Up-to-date symlink: /home/lhl/nav2_ws/install/nav2_waypoint_follower/include//nav2_waypoint_follower/plugins/wait_at_waypoint.hpp
[33.941s] -- Up-to-date symlink: /home/lhl/nav2_ws/install/nav2_waypoint_follower/include//nav2_waypoint_follower/waypoint_follower.hpp
[33.942s] -- Up-to-date symlink: /home/lhl/nav2_ws/install/nav2_waypoint_follower/share/nav2_waypoint_follower/environment/library_path.sh
[33.943s] -- Up-to-date symlink: /home/lhl/nav2_ws/install/nav2_waypoint_follower/share/nav2_waypoint_follower/environment/library_path.dsv
[33.943s] -- Up-to-date symlink: /home/lhl/nav2_ws/install/nav2_waypoint_follower/share/nav2_waypoint_follower//plugins.xml
[33.944s] -- Up-to-date symlink: /home/lhl/nav2_ws/install/nav2_waypoint_follower/share/ament_index/resource_index/package_run_dependencies/nav2_waypoint_follower
[33.945s] -- Up-to-date symlink: /home/lhl/nav2_ws/install/nav2_waypoint_follower/share/ament_index/resource_index/parent_prefix_path/nav2_waypoint_follower
[33.946s] -- Up-to-date symlink: /home/lhl/nav2_ws/install/nav2_waypoint_follower/share/nav2_waypoint_follower/environment/ament_prefix_path.sh
[33.946s] -- Up-to-date symlink: /home/lhl/nav2_ws/install/nav2_waypoint_follower/share/nav2_waypoint_follower/environment/ament_prefix_path.dsv
[33.947s] -- Up-to-date symlink: /home/lhl/nav2_ws/install/nav2_waypoint_follower/share/nav2_waypoint_follower/environment/path.sh
[33.948s] -- Up-to-date symlink: /home/lhl/nav2_ws/install/nav2_waypoint_follower/share/nav2_waypoint_follower/environment/path.dsv
[33.953s] -- Up-to-date symlink: /home/lhl/nav2_ws/install/nav2_waypoint_follower/share/nav2_waypoint_follower/local_setup.bash
[33.954s] -- Up-to-date symlink: /home/lhl/nav2_ws/install/nav2_waypoint_follower/share/nav2_waypoint_follower/local_setup.sh
[33.954s] -- Up-to-date symlink: /home/lhl/nav2_ws/install/nav2_waypoint_follower/share/nav2_waypoint_follower/local_setup.zsh
[33.956s] -- Up-to-date symlink: /home/lhl/nav2_ws/install/nav2_waypoint_follower/share/nav2_waypoint_follower/local_setup.dsv
[33.959s] -- Symlinking: /home/lhl/nav2_ws/install/nav2_waypoint_follower/share/nav2_waypoint_follower/package.dsv
[33.960s] -- Up-to-date symlink: /home/lhl/nav2_ws/install/nav2_waypoint_follower/share/ament_index/resource_index/packages/nav2_waypoint_follower
[33.961s] -- Up-to-date symlink: /home/lhl/nav2_ws/install/nav2_waypoint_follower/share/ament_index/resource_index/nav2_waypoint_follower__pluginlib__plugin/nav2_waypoint_follower
[33.961s] -- Up-to-date symlink: /home/lhl/nav2_ws/install/nav2_waypoint_follower/share/ament_index/resource_index/rclcpp_components/nav2_waypoint_follower
[33.961s] -- Up-to-date symlink: /home/lhl/nav2_ws/install/nav2_waypoint_follower/share/nav2_waypoint_follower/cmake/ament_cmake_export_include_directories-extras.cmake
[33.961s] -- Up-to-date symlink: /home/lhl/nav2_ws/install/nav2_waypoint_follower/share/nav2_waypoint_follower/cmake/ament_cmake_export_libraries-extras.cmake
[33.961s] -- Up-to-date symlink: /home/lhl/nav2_ws/install/nav2_waypoint_follower/share/nav2_waypoint_follower/cmake/ament_cmake_export_dependencies-extras.cmake
[33.961s] -- Up-to-date symlink: /home/lhl/nav2_ws/install/nav2_waypoint_follower/share/nav2_waypoint_follower/cmake/nav2_waypoint_followerConfig.cmake
[33.961s] -- Up-to-date symlink: /home/lhl/nav2_ws/install/nav2_waypoint_follower/share/nav2_waypoint_follower/cmake/nav2_waypoint_followerConfig-version.cmake
[33.961s] -- Up-to-date symlink: /home/lhl/nav2_ws/install/nav2_waypoint_follower/share/nav2_waypoint_follower/package.xml
[33.962s] Invoked command in '/home/lhl/nav2_ws/build/nav2_waypoint_follower' returned '0': AMENT_PREFIX_PATH=/home/lhl/nav2_ws/install/nav2_core:/home/lhl/nav2_ws/install/nav2_costmap_2d:/home/lhl/nav2_ws/install/nav2_util:/home/lhl/nav2_ws/install/nav2_voxel_grid:/home/lhl/nav2_ws/install/nav2_msgs:/home/lhl/nav2_ws/install/nav2_common:${AMENT_PREFIX_PATH} CMAKE_PREFIX_PATH=/home/lhl/nav2_ws/install/nav2_core:/home/lhl/nav2_ws/install/nav2_costmap_2d:/home/lhl/nav2_ws/install/nav2_util:/home/lhl/nav2_ws/install/nav2_voxel_grid:/home/lhl/nav2_ws/install/nav2_msgs:/home/lhl/nav2_ws/install/nav2_common:/opt/ros/humble LD_LIBRARY_PATH=/home/lhl/nav2_ws/install/nav2_costmap_2d/lib:/home/lhl/nav2_ws/install/nav2_util/lib:/home/lhl/nav2_ws/install/nav2_voxel_grid/lib:/home/lhl/nav2_ws/install/nav2_msgs/lib:${LD_LIBRARY_PATH} PYTHONPATH=/home/lhl/nav2_ws/install/nav2_msgs/local/lib/python3.10/dist-packages:/home/lhl/nav2_ws/install/nav2_common/local/lib/python3.10/dist-packages:${PYTHONPATH} /usr/bin/cmake --install /home/lhl/nav2_ws/build/nav2_waypoint_follower
