[0.079s] Invoking command in '/home/lhl/nav2_ws/src/build/nav2_bt_navigator': AMENT_PREFIX_PATH=/home/lhl/nav2_ws/src/install/nav2_core:/home/lhl/nav2_ws/src/install/nav2_costmap_2d:/home/lhl/nav2_ws/src/install/nav2_behavior_tree:/home/lhl/nav2_ws/src/install/nav2_util:/home/lhl/nav2_ws/src/install/nav2_voxel_grid:/home/lhl/nav2_ws/src/install/nav2_msgs:/home/lhl/nav2_ws/src/install/nav2_common:${AMENT_PREFIX_PATH} CMAKE_PREFIX_PATH=/home/lhl/nav2_ws/src/install/nav2_core:/home/lhl/nav2_ws/src/install/nav2_costmap_2d:/home/lhl/nav2_ws/src/install/nav2_behavior_tree:/home/lhl/nav2_ws/src/install/nav2_util:/home/lhl/nav2_ws/src/install/nav2_voxel_grid:/home/lhl/nav2_ws/src/install/nav2_msgs:/home/lhl/nav2_ws/src/install/nav2_common:/opt/ros/humble LD_LIBRARY_PATH=/home/lhl/nav2_ws/src/install/nav2_costmap_2d/lib:/home/lhl/nav2_ws/src/install/nav2_behavior_tree/lib:/home/lhl/nav2_ws/src/install/nav2_util/lib:/home/lhl/nav2_ws/src/install/nav2_voxel_grid/lib:/home/lhl/nav2_ws/src/install/nav2_msgs/lib:${LD_LIBRARY_PATH} PYTHONPATH=/home/lhl/nav2_ws/src/install/nav2_msgs/local/lib/python3.10/dist-packages:/home/lhl/nav2_ws/src/install/nav2_common/local/lib/python3.10/dist-packages:${PYTHONPATH} /usr/bin/cmake --build /home/lhl/nav2_ws/src/build/nav2_bt_navigator -- -j8 -l8
[0.176s] [35m[1mConsolidate compiler generated dependencies of target bt_navigator_core[0m
[0.939s] [ 66%] Built target bt_navigator_core
[0.953s] [35m[1mConsolidate compiler generated dependencies of target bt_navigator[0m
[1.276s] [100%] Built target bt_navigator
[1.308s] Invoked command in '/home/lhl/nav2_ws/src/build/nav2_bt_navigator' returned '0': AMENT_PREFIX_PATH=/home/lhl/nav2_ws/src/install/nav2_core:/home/lhl/nav2_ws/src/install/nav2_costmap_2d:/home/lhl/nav2_ws/src/install/nav2_behavior_tree:/home/lhl/nav2_ws/src/install/nav2_util:/home/lhl/nav2_ws/src/install/nav2_voxel_grid:/home/lhl/nav2_ws/src/install/nav2_msgs:/home/lhl/nav2_ws/src/install/nav2_common:${AMENT_PREFIX_PATH} CMAKE_PREFIX_PATH=/home/lhl/nav2_ws/src/install/nav2_core:/home/lhl/nav2_ws/src/install/nav2_costmap_2d:/home/lhl/nav2_ws/src/install/nav2_behavior_tree:/home/lhl/nav2_ws/src/install/nav2_util:/home/lhl/nav2_ws/src/install/nav2_voxel_grid:/home/lhl/nav2_ws/src/install/nav2_msgs:/home/lhl/nav2_ws/src/install/nav2_common:/opt/ros/humble LD_LIBRARY_PATH=/home/lhl/nav2_ws/src/install/nav2_costmap_2d/lib:/home/lhl/nav2_ws/src/install/nav2_behavior_tree/lib:/home/lhl/nav2_ws/src/install/nav2_util/lib:/home/lhl/nav2_ws/src/install/nav2_voxel_grid/lib:/home/lhl/nav2_ws/src/install/nav2_msgs/lib:${LD_LIBRARY_PATH} PYTHONPATH=/home/lhl/nav2_ws/src/install/nav2_msgs/local/lib/python3.10/dist-packages:/home/lhl/nav2_ws/src/install/nav2_common/local/lib/python3.10/dist-packages:${PYTHONPATH} /usr/bin/cmake --build /home/lhl/nav2_ws/src/build/nav2_bt_navigator -- -j8 -l8
[1.414s] Invoking command in '/home/lhl/nav2_ws/src/build/nav2_bt_navigator': AMENT_PREFIX_PATH=/home/lhl/nav2_ws/src/install/nav2_core:/home/lhl/nav2_ws/src/install/nav2_costmap_2d:/home/lhl/nav2_ws/src/install/nav2_behavior_tree:/home/lhl/nav2_ws/src/install/nav2_util:/home/lhl/nav2_ws/src/install/nav2_voxel_grid:/home/lhl/nav2_ws/src/install/nav2_msgs:/home/lhl/nav2_ws/src/install/nav2_common:${AMENT_PREFIX_PATH} CMAKE_PREFIX_PATH=/home/lhl/nav2_ws/src/install/nav2_core:/home/lhl/nav2_ws/src/install/nav2_costmap_2d:/home/lhl/nav2_ws/src/install/nav2_behavior_tree:/home/lhl/nav2_ws/src/install/nav2_util:/home/lhl/nav2_ws/src/install/nav2_voxel_grid:/home/lhl/nav2_ws/src/install/nav2_msgs:/home/lhl/nav2_ws/src/install/nav2_common:/opt/ros/humble LD_LIBRARY_PATH=/home/lhl/nav2_ws/src/install/nav2_costmap_2d/lib:/home/lhl/nav2_ws/src/install/nav2_behavior_tree/lib:/home/lhl/nav2_ws/src/install/nav2_util/lib:/home/lhl/nav2_ws/src/install/nav2_voxel_grid/lib:/home/lhl/nav2_ws/src/install/nav2_msgs/lib:${LD_LIBRARY_PATH} PYTHONPATH=/home/lhl/nav2_ws/src/install/nav2_msgs/local/lib/python3.10/dist-packages:/home/lhl/nav2_ws/src/install/nav2_common/local/lib/python3.10/dist-packages:${PYTHONPATH} /usr/bin/cmake --install /home/lhl/nav2_ws/src/build/nav2_bt_navigator
[1.429s] -- Install configuration: "Release"
[1.429s] -- Up-to-date: /home/lhl/nav2_ws/src/install/nav2_bt_navigator/lib/libbt_navigator_core.so
[1.429s] -- Up-to-date: /home/lhl/nav2_ws/src/install/nav2_bt_navigator/lib/nav2_bt_navigator/bt_navigator
[1.429s] -- Up-to-date: /home/lhl/nav2_ws/src/install/nav2_bt_navigator/include/
[1.429s] -- Up-to-date: /home/lhl/nav2_ws/src/install/nav2_bt_navigator/include//nav2_bt_navigator
[1.430s] -- Up-to-date: /home/lhl/nav2_ws/src/install/nav2_bt_navigator/include//nav2_bt_navigator/navigator.hpp
[1.430s] -- Up-to-date: /home/lhl/nav2_ws/src/install/nav2_bt_navigator/include//nav2_bt_navigator/navigators
[1.430s] -- Up-to-date: /home/lhl/nav2_ws/src/install/nav2_bt_navigator/include//nav2_bt_navigator/navigators/navigate_to_pose.hpp
[1.430s] -- Up-to-date: /home/lhl/nav2_ws/src/install/nav2_bt_navigator/include//nav2_bt_navigator/navigators/navigate_through_poses.hpp
[1.430s] -- Up-to-date: /home/lhl/nav2_ws/src/install/nav2_bt_navigator/include//nav2_bt_navigator/bt_navigator.hpp
[1.430s] -- Up-to-date: /home/lhl/nav2_ws/src/install/nav2_bt_navigator/share/nav2_bt_navigator/behavior_trees
[1.431s] -- Up-to-date: /home/lhl/nav2_ws/src/install/nav2_bt_navigator/share/nav2_bt_navigator/behavior_trees/navigate_w_recovery_and_replanning_only_if_path_becomes_invalid.xml
[1.431s] -- Up-to-date: /home/lhl/nav2_ws/src/install/nav2_bt_navigator/share/nav2_bt_navigator/behavior_trees/navigate_w_replanning_distance.xml
[1.431s] -- Up-to-date: /home/lhl/nav2_ws/src/install/nav2_bt_navigator/share/nav2_bt_navigator/behavior_trees/odometry_calibration.xml
[1.431s] -- Up-to-date: /home/lhl/nav2_ws/src/install/nav2_bt_navigator/share/nav2_bt_navigator/behavior_trees/navigate_w_replanning_only_if_goal_is_updated.xml
[1.431s] -- Up-to-date: /home/lhl/nav2_ws/src/install/nav2_bt_navigator/share/nav2_bt_navigator/behavior_trees/navigate_through_poses_w_replanning_and_recovery.xml
[1.431s] -- Up-to-date: /home/lhl/nav2_ws/src/install/nav2_bt_navigator/share/nav2_bt_navigator/behavior_trees/nav_to_pose_with_consistent_replanning_and_if_path_becomes_invalid.xml
[1.431s] -- Up-to-date: /home/lhl/nav2_ws/src/install/nav2_bt_navigator/share/nav2_bt_navigator/behavior_trees/follow_point.xml
[1.431s] -- Up-to-date: /home/lhl/nav2_ws/src/install/nav2_bt_navigator/share/nav2_bt_navigator/behavior_trees/navigate_w_replanning_speed.xml
[1.432s] -- Up-to-date: /home/lhl/nav2_ws/src/install/nav2_bt_navigator/share/nav2_bt_navigator/behavior_trees/navigate_to_pose_w_replanning_and_recovery.xml
[1.432s] -- Up-to-date: /home/lhl/nav2_ws/src/install/nav2_bt_navigator/share/nav2_bt_navigator/behavior_trees/navigate_w_replanning_only_if_path_becomes_invalid.xml
[1.432s] -- Up-to-date: /home/lhl/nav2_ws/src/install/nav2_bt_navigator/share/nav2_bt_navigator/behavior_trees/navigate_w_replanning_time.xml
[1.432s] -- Up-to-date: /home/lhl/nav2_ws/src/install/nav2_bt_navigator/share/nav2_bt_navigator/behavior_trees/navigate_to_pose_w_replanning_goal_patience_and_recovery.xml
[1.432s] -- Up-to-date: /home/lhl/nav2_ws/src/install/nav2_bt_navigator/share/nav2_bt_navigator/environment/library_path.sh
[1.433s] -- Up-to-date: /home/lhl/nav2_ws/src/install/nav2_bt_navigator/share/nav2_bt_navigator/environment/library_path.dsv
[1.437s] -- Up-to-date: /home/lhl/nav2_ws/src/install/nav2_bt_navigator/share/ament_index/resource_index/package_run_dependencies/nav2_bt_navigator
[1.437s] -- Up-to-date: /home/lhl/nav2_ws/src/install/nav2_bt_navigator/share/ament_index/resource_index/parent_prefix_path/nav2_bt_navigator
[1.437s] -- Up-to-date: /home/lhl/nav2_ws/src/install/nav2_bt_navigator/share/nav2_bt_navigator/environment/ament_prefix_path.sh
[1.437s] -- Up-to-date: /home/lhl/nav2_ws/src/install/nav2_bt_navigator/share/nav2_bt_navigator/environment/ament_prefix_path.dsv
[1.438s] -- Up-to-date: /home/lhl/nav2_ws/src/install/nav2_bt_navigator/share/nav2_bt_navigator/environment/path.sh
[1.438s] -- Up-to-date: /home/lhl/nav2_ws/src/install/nav2_bt_navigator/share/nav2_bt_navigator/environment/path.dsv
[1.438s] -- Up-to-date: /home/lhl/nav2_ws/src/install/nav2_bt_navigator/share/nav2_bt_navigator/local_setup.bash
[1.438s] -- Up-to-date: /home/lhl/nav2_ws/src/install/nav2_bt_navigator/share/nav2_bt_navigator/local_setup.sh
[1.438s] -- Up-to-date: /home/lhl/nav2_ws/src/install/nav2_bt_navigator/share/nav2_bt_navigator/local_setup.zsh
[1.438s] -- Up-to-date: /home/lhl/nav2_ws/src/install/nav2_bt_navigator/share/nav2_bt_navigator/local_setup.dsv
[1.440s] -- Installing: /home/lhl/nav2_ws/src/install/nav2_bt_navigator/share/nav2_bt_navigator/package.dsv
[1.440s] -- Up-to-date: /home/lhl/nav2_ws/src/install/nav2_bt_navigator/share/ament_index/resource_index/packages/nav2_bt_navigator
[1.440s] -- Up-to-date: /home/lhl/nav2_ws/src/install/nav2_bt_navigator/share/ament_index/resource_index/rclcpp_components/nav2_bt_navigator
[1.441s] -- Up-to-date: /home/lhl/nav2_ws/src/install/nav2_bt_navigator/share/nav2_bt_navigator/cmake/ament_cmake_export_include_directories-extras.cmake
[1.441s] -- Up-to-date: /home/lhl/nav2_ws/src/install/nav2_bt_navigator/share/nav2_bt_navigator/cmake/ament_cmake_export_libraries-extras.cmake
[1.442s] -- Up-to-date: /home/lhl/nav2_ws/src/install/nav2_bt_navigator/share/nav2_bt_navigator/cmake/ament_cmake_export_dependencies-extras.cmake
[1.442s] -- Up-to-date: /home/lhl/nav2_ws/src/install/nav2_bt_navigator/share/nav2_bt_navigator/cmake/nav2_bt_navigatorConfig.cmake
[1.442s] -- Up-to-date: /home/lhl/nav2_ws/src/install/nav2_bt_navigator/share/nav2_bt_navigator/cmake/nav2_bt_navigatorConfig-version.cmake
[1.442s] -- Up-to-date: /home/lhl/nav2_ws/src/install/nav2_bt_navigator/share/nav2_bt_navigator/package.xml
[1.466s] Invoked command in '/home/lhl/nav2_ws/src/build/nav2_bt_navigator' returned '0': AMENT_PREFIX_PATH=/home/lhl/nav2_ws/src/install/nav2_core:/home/lhl/nav2_ws/src/install/nav2_costmap_2d:/home/lhl/nav2_ws/src/install/nav2_behavior_tree:/home/lhl/nav2_ws/src/install/nav2_util:/home/lhl/nav2_ws/src/install/nav2_voxel_grid:/home/lhl/nav2_ws/src/install/nav2_msgs:/home/lhl/nav2_ws/src/install/nav2_common:${AMENT_PREFIX_PATH} CMAKE_PREFIX_PATH=/home/lhl/nav2_ws/src/install/nav2_core:/home/lhl/nav2_ws/src/install/nav2_costmap_2d:/home/lhl/nav2_ws/src/install/nav2_behavior_tree:/home/lhl/nav2_ws/src/install/nav2_util:/home/lhl/nav2_ws/src/install/nav2_voxel_grid:/home/lhl/nav2_ws/src/install/nav2_msgs:/home/lhl/nav2_ws/src/install/nav2_common:/opt/ros/humble LD_LIBRARY_PATH=/home/lhl/nav2_ws/src/install/nav2_costmap_2d/lib:/home/lhl/nav2_ws/src/install/nav2_behavior_tree/lib:/home/lhl/nav2_ws/src/install/nav2_util/lib:/home/lhl/nav2_ws/src/install/nav2_voxel_grid/lib:/home/lhl/nav2_ws/src/install/nav2_msgs/lib:${LD_LIBRARY_PATH} PYTHONPATH=/home/lhl/nav2_ws/src/install/nav2_msgs/local/lib/python3.10/dist-packages:/home/lhl/nav2_ws/src/install/nav2_common/local/lib/python3.10/dist-packages:${PYTHONPATH} /usr/bin/cmake --install /home/lhl/nav2_ws/src/build/nav2_bt_navigator
