-- The C compiler identification is GNU 11.3.0
-- The CXX compiler identification is GNU 11.3.0
-- Detecting C compiler ABI info
-- Detecting C compiler ABI info - done
-- Check for working C compiler: /usr/bin/cc - skipped
-- Detecting C compile features
-- Detecting C compile features - done
-- Detecting CXX compiler ABI info
-- Detecting CXX compiler ABI info - done
-- Check for working CXX compiler: /usr/bin/c++ - skipped
-- Detecting CXX compile features
-- Detecting CXX compile features - done
-- Found ament_cmake: 1.3.4 (/opt/ros/humble/share/ament_cmake/cmake)
-- Found Python3: /usr/bin/python3.10 (found version "3.10.6") found components: Interpreter 
-- Found nav2_common: 1.1.6 (/home/lhl/nav2_ws/install/nav2_common/share/nav2_common/cmake)
-- Found navigation2: 1.1.6 (/home/lhl/nav2_ws/install/navigation2/share/navigation2/cmake)
-- Setting build type to Release as none was specified.
-- Found ament_lint_auto: 0.12.6 (/opt/ros/humble/share/ament_lint_auto/cmake)
-- Added test 'copyright' to check source files copyright and LICENSE
-- Added test 'flake8' to check Python code syntax and style conventions
-- Added test 'lint_cmake' to check CMake code style
-- Added test 'pep257' to check Python code against some of the docstring style conventions in PEP 257
-- Added test 'xmllint' to check XML markup files
-- Configuring done
-- Generating done
-- Build files have been written to: /home/lhl/nav2_ws/build/nav2_bringup
-- Install configuration: "Release"
-- Up-to-date: /home/lhl/nav2_ws/install/nav2_bringup/share/nav2_bringup/launch
-- Up-to-date: /home/lhl/nav2_ws/install/nav2_bringup/share/nav2_bringup/maps
-- Up-to-date: /home/lhl/nav2_ws/install/nav2_bringup/share/nav2_bringup/rviz
-- Up-to-date: /home/lhl/nav2_ws/install/nav2_bringup/share/nav2_bringup/worlds
-- Up-to-date: /home/lhl/nav2_ws/install/nav2_bringup/share/nav2_bringup/params
-- Up-to-date: /home/lhl/nav2_ws/install/nav2_bringup/share/nav2_bringup/urdf
-- Installing: /home/lhl/nav2_ws/install/nav2_bringup/share/nav2_bringup/package.dsv
