[0.017s] Invoking command in '/home/lhl/nav2_ws/src/build/sam_bot_description': CMAKE_PREFIX_PATH=${CMAKE_PREFIX_PATH}:/home/lhl/nav2_ws/src/install/nav2_simple_commander:/opt/ros/humble /usr/bin/cmake --build /home/lhl/nav2_ws/src/build/sam_bot_description -- -j8 -l8
[0.044s] -- Found ament_cmake: 1.3.4 (/opt/ros/humble/share/ament_cmake/cmake)
[0.179s] -- Found ament_lint_auto: 0.12.6 (/opt/ros/humble/share/ament_lint_auto/cmake)
[0.245s] -- Added test 'flake8' to check Python code syntax and style conventions
[0.245s] -- Added test 'lint_cmake' to check CMake code style
[0.246s] -- Added test 'pep257' to check Python code against some of the docstring style conventions in PEP 257
[0.247s] -- Added test 'xmllint' to check XML markup files
[0.247s] -- Configuring done
[0.250s] -- Generating done
[0.251s] -- Build files have been written to: /home/lhl/nav2_ws/src/build/sam_bot_description
[0.276s] Invoked command in '/home/lhl/nav2_ws/src/build/sam_bot_description' returned '0': CMAKE_PREFIX_PATH=${CMAKE_PREFIX_PATH}:/home/lhl/nav2_ws/src/install/nav2_simple_commander:/opt/ros/humble /usr/bin/cmake --build /home/lhl/nav2_ws/src/build/sam_bot_description -- -j8 -l8
[0.321s] Invoking command in '/home/lhl/nav2_ws/src/build/sam_bot_description': CMAKE_PREFIX_PATH=${CMAKE_PREFIX_PATH}:/home/lhl/nav2_ws/src/install/nav2_simple_commander:/opt/ros/humble /usr/bin/cmake --install /home/lhl/nav2_ws/src/build/sam_bot_description
[0.329s] -- Install configuration: ""
[0.329s] -- Up-to-date: /home/lhl/nav2_ws/src/install/sam_bot_description/share/sam_bot_description/src
[0.330s] -- Up-to-date: /home/lhl/nav2_ws/src/install/sam_bot_description/share/sam_bot_description/src/sam_bot_description.urdf
[0.330s] -- Up-to-date: /home/lhl/nav2_ws/src/install/sam_bot_description/share/sam_bot_description/launch
[0.330s] -- Installing: /home/lhl/nav2_ws/src/install/sam_bot_description/share/sam_bot_description/launch/display.launch.py
[0.330s] -- Up-to-date: /home/lhl/nav2_ws/src/install/sam_bot_description/share/sam_bot_description/rviz
[0.330s] -- Up-to-date: /home/lhl/nav2_ws/src/install/sam_bot_description/share/sam_bot_description/rviz/urdf_config.rviz
[0.330s] -- Installing: /home/lhl/nav2_ws/src/install/sam_bot_description/share/sam_bot_description/config
[0.330s] -- Installing: /home/lhl/nav2_ws/src/install/sam_bot_description/share/sam_bot_description/config/ekf.yaml
[0.330s] -- Installing: /home/lhl/nav2_ws/src/install/sam_bot_description/share/ament_index/resource_index/package_run_dependencies/sam_bot_description
[0.330s] -- Up-to-date: /home/lhl/nav2_ws/src/install/sam_bot_description/share/ament_index/resource_index/parent_prefix_path/sam_bot_description
[0.330s] -- Up-to-date: /home/lhl/nav2_ws/src/install/sam_bot_description/share/sam_bot_description/environment/ament_prefix_path.sh
[0.330s] -- Installing: /home/lhl/nav2_ws/src/install/sam_bot_description/share/sam_bot_description/environment/ament_prefix_path.dsv
[0.330s] -- Up-to-date: /home/lhl/nav2_ws/src/install/sam_bot_description/share/sam_bot_description/environment/path.sh
[0.331s] -- Installing: /home/lhl/nav2_ws/src/install/sam_bot_description/share/sam_bot_description/environment/path.dsv
[0.331s] -- Up-to-date: /home/lhl/nav2_ws/src/install/sam_bot_description/share/sam_bot_description/local_setup.bash
[0.331s] -- Up-to-date: /home/lhl/nav2_ws/src/install/sam_bot_description/share/sam_bot_description/local_setup.sh
[0.331s] -- Up-to-date: /home/lhl/nav2_ws/src/install/sam_bot_description/share/sam_bot_description/local_setup.zsh
[0.331s] -- Installing: /home/lhl/nav2_ws/src/install/sam_bot_description/share/sam_bot_description/local_setup.dsv
[0.331s] -- Installing: /home/lhl/nav2_ws/src/install/sam_bot_description/share/sam_bot_description/package.dsv
[0.331s] -- Up-to-date: /home/lhl/nav2_ws/src/install/sam_bot_description/share/ament_index/resource_index/packages/sam_bot_description
[0.331s] -- Up-to-date: /home/lhl/nav2_ws/src/install/sam_bot_description/share/sam_bot_description/cmake/sam_bot_descriptionConfig.cmake
[0.331s] -- Up-to-date: /home/lhl/nav2_ws/src/install/sam_bot_description/share/sam_bot_description/cmake/sam_bot_descriptionConfig-version.cmake
[0.331s] -- Installing: /home/lhl/nav2_ws/src/install/sam_bot_description/share/sam_bot_description/package.xml
[0.333s] Invoked command in '/home/lhl/nav2_ws/src/build/sam_bot_description' returned '0': CMAKE_PREFIX_PATH=${CMAKE_PREFIX_PATH}:/home/lhl/nav2_ws/src/install/nav2_simple_commander:/opt/ros/humble /usr/bin/cmake --install /home/lhl/nav2_ws/src/build/sam_bot_description
