[0.119s] Invoking command in '/home/lhl/nav2_ws/src/build/nav2_smoother': AMENT_PREFIX_PATH=/home/lhl/nav2_ws/src/install/nav2_core:/home/lhl/nav2_ws/src/install/nav2_costmap_2d:/home/lhl/nav2_ws/src/install/nav_2d_utils:/home/lhl/nav2_ws/src/install/nav2_util:/home/lhl/nav2_ws/src/install/nav2_voxel_grid:/home/lhl/nav2_ws/src/install/nav2_msgs:/home/lhl/nav2_ws/src/install/nav_2d_msgs:/home/lhl/nav2_ws/src/install/nav2_common:${AMENT_PREFIX_PATH} CMAKE_PREFIX_PATH=/home/lhl/nav2_ws/src/install/nav2_core:/home/lhl/nav2_ws/src/install/nav2_costmap_2d:/home/lhl/nav2_ws/src/install/nav_2d_utils:/home/lhl/nav2_ws/src/install/nav2_util:/home/lhl/nav2_ws/src/install/nav2_voxel_grid:/home/lhl/nav2_ws/src/install/nav2_msgs:/home/lhl/nav2_ws/src/install/nav_2d_msgs:/home/lhl/nav2_ws/src/install/nav2_common:/opt/ros/humble LD_LIBRARY_PATH=/home/lhl/nav2_ws/src/install/nav2_costmap_2d/lib:/home/lhl/nav2_ws/src/install/nav_2d_utils/lib:/home/lhl/nav2_ws/src/install/nav2_util/lib:/home/lhl/nav2_ws/src/install/nav2_voxel_grid/lib:/home/lhl/nav2_ws/src/install/nav2_msgs/lib:/home/lhl/nav2_ws/src/install/nav_2d_msgs/lib:${LD_LIBRARY_PATH} PYTHONPATH=/home/lhl/nav2_ws/src/install/nav2_msgs/local/lib/python3.10/dist-packages:/home/lhl/nav2_ws/src/install/nav_2d_msgs/local/lib/python3.10/dist-packages:/home/lhl/nav2_ws/src/install/nav2_common/local/lib/python3.10/dist-packages:${PYTHONPATH} /usr/bin/cmake /home/lhl/nav2_ws/src/navigation2/nav2_smoother -DCMAKE_INSTALL_PREFIX=/home/lhl/nav2_ws/src/install/nav2_smoother
[4.307s] -- The C compiler identification is GNU 11.3.0
[4.307s] -- The CXX compiler identification is GNU 11.3.0
[4.307s] -- Detecting C compiler ABI info
[4.307s] -- Detecting C compiler ABI info - done
[4.307s] -- Check for working C compiler: /usr/bin/cc - skipped
[4.307s] -- Detecting C compile features
[4.308s] -- Detecting C compile features - done
[4.308s] -- Detecting CXX compiler ABI info
[4.308s] -- Detecting CXX compiler ABI info - done
[4.308s] -- Check for working CXX compiler: /usr/bin/c++ - skipped
[4.308s] -- Detecting CXX compile features
[4.308s] -- Detecting CXX compile features - done
[4.308s] -- Found ament_cmake: 1.3.4 (/opt/ros/humble/share/ament_cmake/cmake)
[4.308s] -- Found Python3: /usr/bin/python3.10 (found version "3.10.6") found components: Interpreter 
[4.308s] -- Found nav2_core: 1.1.6 (/home/lhl/nav2_ws/src/install/nav2_core/share/nav2_core/cmake)
[4.309s] -- Found rosidl_generator_c: 3.1.4 (/opt/ros/humble/share/rosidl_generator_c/cmake)
[4.309s] -- Found rosidl_adapter: 3.1.4 (/opt/ros/humble/share/rosidl_adapter/cmake)
[4.309s] -- Found rosidl_generator_cpp: 3.1.4 (/opt/ros/humble/share/rosidl_generator_cpp/cmake)
[4.309s] -- Using all available rosidl_typesupport_c: rosidl_typesupport_fastrtps_c;rosidl_typesupport_introspection_c
[4.309s] -- Using all available rosidl_typesupport_cpp: rosidl_typesupport_fastrtps_cpp;rosidl_typesupport_introspection_cpp
[4.309s] -- Found rmw_implementation_cmake: 6.1.1 (/opt/ros/humble/share/rmw_implementation_cmake/cmake)
[4.309s] -- Found rmw_fastrtps_cpp: 6.2.2 (/opt/ros/humble/share/rmw_fastrtps_cpp/cmake)
[4.309s] -- Found OpenSSL: /usr/lib/x86_64-linux-gnu/libcrypto.so (found version "3.0.2")  
[4.309s] -- Found FastRTPS: /opt/ros/humble/include  
[4.309s] -- Using RMW implementation 'rmw_fastrtps_cpp' as default
[4.310s] -- Looking for pthread.h
[4.310s] -- Looking for pthread.h - found
[4.310s] -- Performing Test CMAKE_HAVE_LIBC_PTHREAD
[4.310s] -- Performing Test CMAKE_HAVE_LIBC_PTHREAD - Success
[4.310s] -- Found Threads: TRUE  
[6.372s] -- Found Eigen3: TRUE (found version "3.4.0") 
[6.372s] -- Ensuring Eigen3 include directory is part of orocos-kdl CMake target
[9.798s] -- Found nav2_common: 1.1.6 (/home/lhl/nav2_ws/src/install/nav2_common/share/nav2_common/cmake)
[9.802s] -- Found nav_2d_utils: 1.1.6 (/home/lhl/nav2_ws/src/install/nav_2d_utils/share/nav_2d_utils/cmake)
[11.120s] -- Setting build type to Release as none was specified.
[39.680s] -- Found ament_lint_auto: 0.12.6 (/opt/ros/humble/share/ament_lint_auto/cmake)
[39.847s] -- Found gtest sources under '/opt/ros/humble/src/gtest_vendor': C++ tests using 'Google Test' will be built
[61.190s] -- Added test 'cppcheck' to perform static code analysis on C / C++ code
[61.192s] -- Configured cppcheck include dirs: /home/lhl/nav2_ws/src/navigation2/nav2_smoother/include
[61.192s] -- Configured cppcheck exclude dirs and/or files: 
[61.195s] -- Added test 'cpplint' to check C / C++ code against the Google style
[61.195s] -- Configured cpplint exclude dirs and/or files: 
[61.196s] -- Added test 'lint_cmake' to check CMake code style
[61.199s] -- Added test 'uncrustify' to check C / C++ code style
[61.199s] -- Configured uncrustify additional arguments: 
[61.201s] -- Added test 'xmllint' to check XML markup files
[61.225s] -- Configuring done
[61.921s] -- Generating done
[61.926s] -- Build files have been written to: /home/lhl/nav2_ws/src/build/nav2_smoother
[61.979s] Invoked command in '/home/lhl/nav2_ws/src/build/nav2_smoother' returned '0': AMENT_PREFIX_PATH=/home/lhl/nav2_ws/src/install/nav2_core:/home/lhl/nav2_ws/src/install/nav2_costmap_2d:/home/lhl/nav2_ws/src/install/nav_2d_utils:/home/lhl/nav2_ws/src/install/nav2_util:/home/lhl/nav2_ws/src/install/nav2_voxel_grid:/home/lhl/nav2_ws/src/install/nav2_msgs:/home/lhl/nav2_ws/src/install/nav_2d_msgs:/home/lhl/nav2_ws/src/install/nav2_common:${AMENT_PREFIX_PATH} CMAKE_PREFIX_PATH=/home/lhl/nav2_ws/src/install/nav2_core:/home/lhl/nav2_ws/src/install/nav2_costmap_2d:/home/lhl/nav2_ws/src/install/nav_2d_utils:/home/lhl/nav2_ws/src/install/nav2_util:/home/lhl/nav2_ws/src/install/nav2_voxel_grid:/home/lhl/nav2_ws/src/install/nav2_msgs:/home/lhl/nav2_ws/src/install/nav_2d_msgs:/home/lhl/nav2_ws/src/install/nav2_common:/opt/ros/humble LD_LIBRARY_PATH=/home/lhl/nav2_ws/src/install/nav2_costmap_2d/lib:/home/lhl/nav2_ws/src/install/nav_2d_utils/lib:/home/lhl/nav2_ws/src/install/nav2_util/lib:/home/lhl/nav2_ws/src/install/nav2_voxel_grid/lib:/home/lhl/nav2_ws/src/install/nav2_msgs/lib:/home/lhl/nav2_ws/src/install/nav_2d_msgs/lib:${LD_LIBRARY_PATH} PYTHONPATH=/home/lhl/nav2_ws/src/install/nav2_msgs/local/lib/python3.10/dist-packages:/home/lhl/nav2_ws/src/install/nav_2d_msgs/local/lib/python3.10/dist-packages:/home/lhl/nav2_ws/src/install/nav2_common/local/lib/python3.10/dist-packages:${PYTHONPATH} /usr/bin/cmake /home/lhl/nav2_ws/src/navigation2/nav2_smoother -DCMAKE_INSTALL_PREFIX=/home/lhl/nav2_ws/src/install/nav2_smoother
[61.980s] Invoking command in '/home/lhl/nav2_ws/src/build/nav2_smoother': AMENT_PREFIX_PATH=/home/lhl/nav2_ws/src/install/nav2_core:/home/lhl/nav2_ws/src/install/nav2_costmap_2d:/home/lhl/nav2_ws/src/install/nav_2d_utils:/home/lhl/nav2_ws/src/install/nav2_util:/home/lhl/nav2_ws/src/install/nav2_voxel_grid:/home/lhl/nav2_ws/src/install/nav2_msgs:/home/lhl/nav2_ws/src/install/nav_2d_msgs:/home/lhl/nav2_ws/src/install/nav2_common:${AMENT_PREFIX_PATH} CMAKE_PREFIX_PATH=/home/lhl/nav2_ws/src/install/nav2_core:/home/lhl/nav2_ws/src/install/nav2_costmap_2d:/home/lhl/nav2_ws/src/install/nav_2d_utils:/home/lhl/nav2_ws/src/install/nav2_util:/home/lhl/nav2_ws/src/install/nav2_voxel_grid:/home/lhl/nav2_ws/src/install/nav2_msgs:/home/lhl/nav2_ws/src/install/nav_2d_msgs:/home/lhl/nav2_ws/src/install/nav2_common:/opt/ros/humble LD_LIBRARY_PATH=/home/lhl/nav2_ws/src/install/nav2_costmap_2d/lib:/home/lhl/nav2_ws/src/install/nav_2d_utils/lib:/home/lhl/nav2_ws/src/install/nav2_util/lib:/home/lhl/nav2_ws/src/install/nav2_voxel_grid/lib:/home/lhl/nav2_ws/src/install/nav2_msgs/lib:/home/lhl/nav2_ws/src/install/nav_2d_msgs/lib:${LD_LIBRARY_PATH} PYTHONPATH=/home/lhl/nav2_ws/src/install/nav2_msgs/local/lib/python3.10/dist-packages:/home/lhl/nav2_ws/src/install/nav_2d_msgs/local/lib/python3.10/dist-packages:/home/lhl/nav2_ws/src/install/nav2_common/local/lib/python3.10/dist-packages:${PYTHONPATH} /usr/bin/cmake --build /home/lhl/nav2_ws/src/build/nav2_smoother -- -j8 -l8
[70.724s] [  5%] [32mBuilding CXX object CMakeFiles/smoother_server_core.dir/src/nav2_smoother.cpp.o[0m
[87.019s] [ 11%] [32m[1mLinking CXX shared library libsmoother_server_core.so[0m
[87.576s] [ 11%] Built target smoother_server_core
[87.606s] [ 16%] [32mBuilding CXX object gtest/CMakeFiles/gtest.dir/src/gtest-all.cc.o[0m
[100.051s] [ 22%] [32m[1mLinking CXX static library libgtest.a[0m
[100.114s] [ 22%] Built target gtest
[100.150s] [ 27%] [32mBuilding CXX object CMakeFiles/smoother_server.dir/src/main.cpp.o[0m
[108.059s] [ 33%] [32m[1mLinking CXX executable smoother_server[0m
[108.581s] [ 33%] Built target smoother_server
[108.601s] [ 38%] [32mBuilding CXX object gtest/CMakeFiles/gtest_main.dir/src/gtest_main.cc.o[0m
[109.621s] [ 44%] [32m[1mLinking CXX static library libgtest_main.a[0m
[109.660s] [ 44%] Built target gtest_main
[109.684s] [ 50%] [32mBuilding CXX object CMakeFiles/savitzky_golay_smoother.dir/src/savitzky_golay_smoother.cpp.o[0m
[118.101s] [ 55%] [32m[1mLinking CXX shared library libsavitzky_golay_smoother.so[0m
[118.547s] [ 55%] Built target savitzky_golay_smoother
[118.724s] [ 61%] [32mBuilding CXX object test/CMakeFiles/test_smoother_server.dir/test_smoother_server.cpp.o[0m
[118.730s] [ 66%] [32mBuilding CXX object CMakeFiles/simple_smoother.dir/src/simple_smoother.cpp.o[0m
[132.782s] [ 72%] [32m[1mLinking CXX shared library libsimple_smoother.so[0m
[133.491s] [ 72%] Built target simple_smoother
[139.746s] [ 77%] [32m[1mLinking CXX executable test_smoother_server[0m
[140.370s] [ 77%] Built target test_smoother_server
[140.413s] [ 83%] [32mBuilding CXX object test/CMakeFiles/test_simple_smoother.dir/test_simple_smoother.cpp.o[0m
[150.685s] [ 88%] [32m[1mLinking CXX executable test_simple_smoother[0m
[151.233s] [ 88%] Built target test_simple_smoother
[151.271s] [ 94%] [32mBuilding CXX object test/CMakeFiles/test_savitzky_golay_smoother.dir/test_savitzky_golay_smoother.cpp.o[0m
[162.177s] [100%] [32m[1mLinking CXX executable test_savitzky_golay_smoother[0m
[162.675s] [100%] Built target test_savitzky_golay_smoother
[162.700s] Invoked command in '/home/lhl/nav2_ws/src/build/nav2_smoother' returned '0': AMENT_PREFIX_PATH=/home/lhl/nav2_ws/src/install/nav2_core:/home/lhl/nav2_ws/src/install/nav2_costmap_2d:/home/lhl/nav2_ws/src/install/nav_2d_utils:/home/lhl/nav2_ws/src/install/nav2_util:/home/lhl/nav2_ws/src/install/nav2_voxel_grid:/home/lhl/nav2_ws/src/install/nav2_msgs:/home/lhl/nav2_ws/src/install/nav_2d_msgs:/home/lhl/nav2_ws/src/install/nav2_common:${AMENT_PREFIX_PATH} CMAKE_PREFIX_PATH=/home/lhl/nav2_ws/src/install/nav2_core:/home/lhl/nav2_ws/src/install/nav2_costmap_2d:/home/lhl/nav2_ws/src/install/nav_2d_utils:/home/lhl/nav2_ws/src/install/nav2_util:/home/lhl/nav2_ws/src/install/nav2_voxel_grid:/home/lhl/nav2_ws/src/install/nav2_msgs:/home/lhl/nav2_ws/src/install/nav_2d_msgs:/home/lhl/nav2_ws/src/install/nav2_common:/opt/ros/humble LD_LIBRARY_PATH=/home/lhl/nav2_ws/src/install/nav2_costmap_2d/lib:/home/lhl/nav2_ws/src/install/nav_2d_utils/lib:/home/lhl/nav2_ws/src/install/nav2_util/lib:/home/lhl/nav2_ws/src/install/nav2_voxel_grid/lib:/home/lhl/nav2_ws/src/install/nav2_msgs/lib:/home/lhl/nav2_ws/src/install/nav_2d_msgs/lib:${LD_LIBRARY_PATH} PYTHONPATH=/home/lhl/nav2_ws/src/install/nav2_msgs/local/lib/python3.10/dist-packages:/home/lhl/nav2_ws/src/install/nav_2d_msgs/local/lib/python3.10/dist-packages:/home/lhl/nav2_ws/src/install/nav2_common/local/lib/python3.10/dist-packages:${PYTHONPATH} /usr/bin/cmake --build /home/lhl/nav2_ws/src/build/nav2_smoother -- -j8 -l8
[162.751s] Invoking command in '/home/lhl/nav2_ws/src/build/nav2_smoother': AMENT_PREFIX_PATH=/home/lhl/nav2_ws/src/install/nav2_core:/home/lhl/nav2_ws/src/install/nav2_costmap_2d:/home/lhl/nav2_ws/src/install/nav_2d_utils:/home/lhl/nav2_ws/src/install/nav2_util:/home/lhl/nav2_ws/src/install/nav2_voxel_grid:/home/lhl/nav2_ws/src/install/nav2_msgs:/home/lhl/nav2_ws/src/install/nav_2d_msgs:/home/lhl/nav2_ws/src/install/nav2_common:${AMENT_PREFIX_PATH} CMAKE_PREFIX_PATH=/home/lhl/nav2_ws/src/install/nav2_core:/home/lhl/nav2_ws/src/install/nav2_costmap_2d:/home/lhl/nav2_ws/src/install/nav_2d_utils:/home/lhl/nav2_ws/src/install/nav2_util:/home/lhl/nav2_ws/src/install/nav2_voxel_grid:/home/lhl/nav2_ws/src/install/nav2_msgs:/home/lhl/nav2_ws/src/install/nav_2d_msgs:/home/lhl/nav2_ws/src/install/nav2_common:/opt/ros/humble LD_LIBRARY_PATH=/home/lhl/nav2_ws/src/install/nav2_costmap_2d/lib:/home/lhl/nav2_ws/src/install/nav_2d_utils/lib:/home/lhl/nav2_ws/src/install/nav2_util/lib:/home/lhl/nav2_ws/src/install/nav2_voxel_grid/lib:/home/lhl/nav2_ws/src/install/nav2_msgs/lib:/home/lhl/nav2_ws/src/install/nav_2d_msgs/lib:${LD_LIBRARY_PATH} PYTHONPATH=/home/lhl/nav2_ws/src/install/nav2_msgs/local/lib/python3.10/dist-packages:/home/lhl/nav2_ws/src/install/nav_2d_msgs/local/lib/python3.10/dist-packages:/home/lhl/nav2_ws/src/install/nav2_common/local/lib/python3.10/dist-packages:${PYTHONPATH} /usr/bin/cmake --install /home/lhl/nav2_ws/src/build/nav2_smoother
[162.762s] -- Install configuration: "Release"
[162.764s] -- Installing: /home/lhl/nav2_ws/src/install/nav2_smoother/share/nav2_smoother/plugins.xml
[162.765s] -- Installing: /home/lhl/nav2_ws/src/install/nav2_smoother/lib/libsmoother_server_core.so
[162.766s] -- Set runtime path of "/home/lhl/nav2_ws/src/install/nav2_smoother/lib/libsmoother_server_core.so" to ""
[162.766s] -- Installing: /home/lhl/nav2_ws/src/install/nav2_smoother/lib/libsimple_smoother.so
[162.770s] -- Set runtime path of "/home/lhl/nav2_ws/src/install/nav2_smoother/lib/libsimple_smoother.so" to ""
[162.771s] -- Installing: /home/lhl/nav2_ws/src/install/nav2_smoother/lib/libsavitzky_golay_smoother.so
[162.771s] -- Set runtime path of "/home/lhl/nav2_ws/src/install/nav2_smoother/lib/libsavitzky_golay_smoother.so" to ""
[162.771s] -- Installing: /home/lhl/nav2_ws/src/install/nav2_smoother/lib/nav2_smoother/smoother_server
[162.771s] -- Set runtime path of "/home/lhl/nav2_ws/src/install/nav2_smoother/lib/nav2_smoother/smoother_server" to ""
[162.772s] -- Installing: /home/lhl/nav2_ws/src/install/nav2_smoother/include/
[162.772s] -- Installing: /home/lhl/nav2_ws/src/install/nav2_smoother/include//nav2_smoother
[162.772s] -- Installing: /home/lhl/nav2_ws/src/install/nav2_smoother/include//nav2_smoother/nav2_smoother.hpp
[162.772s] -- Installing: /home/lhl/nav2_ws/src/install/nav2_smoother/include//nav2_smoother/simple_smoother.hpp
[162.772s] -- Installing: /home/lhl/nav2_ws/src/install/nav2_smoother/include//nav2_smoother/savitzky_golay_smoother.hpp
[162.773s] -- Installing: /home/lhl/nav2_ws/src/install/nav2_smoother/include//nav2_smoother/smoother_utils.hpp
[162.773s] -- Installing: /home/lhl/nav2_ws/src/install/nav2_smoother/share/nav2_smoother/environment/library_path.sh
[162.773s] -- Installing: /home/lhl/nav2_ws/src/install/nav2_smoother/share/nav2_smoother/environment/library_path.dsv
[162.773s] -- Installing: /home/lhl/nav2_ws/src/install/nav2_smoother/share/ament_index/resource_index/package_run_dependencies/nav2_smoother
[162.773s] -- Installing: /home/lhl/nav2_ws/src/install/nav2_smoother/share/ament_index/resource_index/parent_prefix_path/nav2_smoother
[162.773s] -- Installing: /home/lhl/nav2_ws/src/install/nav2_smoother/share/nav2_smoother/environment/ament_prefix_path.sh
[162.774s] -- Installing: /home/lhl/nav2_ws/src/install/nav2_smoother/share/nav2_smoother/environment/ament_prefix_path.dsv
[162.774s] -- Installing: /home/lhl/nav2_ws/src/install/nav2_smoother/share/nav2_smoother/environment/path.sh
[162.774s] -- Installing: /home/lhl/nav2_ws/src/install/nav2_smoother/share/nav2_smoother/environment/path.dsv
[162.774s] -- Installing: /home/lhl/nav2_ws/src/install/nav2_smoother/share/nav2_smoother/local_setup.bash
[162.774s] -- Installing: /home/lhl/nav2_ws/src/install/nav2_smoother/share/nav2_smoother/local_setup.sh
[162.775s] -- Installing: /home/lhl/nav2_ws/src/install/nav2_smoother/share/nav2_smoother/local_setup.zsh
[162.775s] -- Installing: /home/lhl/nav2_ws/src/install/nav2_smoother/share/nav2_smoother/local_setup.dsv
[162.775s] -- Installing: /home/lhl/nav2_ws/src/install/nav2_smoother/share/nav2_smoother/package.dsv
[162.776s] -- Installing: /home/lhl/nav2_ws/src/install/nav2_smoother/share/ament_index/resource_index/packages/nav2_smoother
[162.776s] -- Installing: /home/lhl/nav2_ws/src/install/nav2_smoother/share/ament_index/resource_index/nav2_core__pluginlib__plugin/nav2_smoother
[162.776s] -- Installing: /home/lhl/nav2_ws/src/install/nav2_smoother/share/ament_index/resource_index/rclcpp_components/nav2_smoother
[162.777s] -- Installing: /home/lhl/nav2_ws/src/install/nav2_smoother/share/nav2_smoother/cmake/ament_cmake_export_include_directories-extras.cmake
[162.777s] -- Installing: /home/lhl/nav2_ws/src/install/nav2_smoother/share/nav2_smoother/cmake/ament_cmake_export_libraries-extras.cmake
[162.777s] -- Installing: /home/lhl/nav2_ws/src/install/nav2_smoother/share/nav2_smoother/cmake/ament_cmake_export_dependencies-extras.cmake
[162.777s] -- Installing: /home/lhl/nav2_ws/src/install/nav2_smoother/share/nav2_smoother/cmake/nav2_smootherConfig.cmake
[162.777s] -- Installing: /home/lhl/nav2_ws/src/install/nav2_smoother/share/nav2_smoother/cmake/nav2_smootherConfig-version.cmake
[162.777s] -- Installing: /home/lhl/nav2_ws/src/install/nav2_smoother/share/nav2_smoother/package.xml
[162.784s] Invoked command in '/home/lhl/nav2_ws/src/build/nav2_smoother' returned '0': AMENT_PREFIX_PATH=/home/lhl/nav2_ws/src/install/nav2_core:/home/lhl/nav2_ws/src/install/nav2_costmap_2d:/home/lhl/nav2_ws/src/install/nav_2d_utils:/home/lhl/nav2_ws/src/install/nav2_util:/home/lhl/nav2_ws/src/install/nav2_voxel_grid:/home/lhl/nav2_ws/src/install/nav2_msgs:/home/lhl/nav2_ws/src/install/nav_2d_msgs:/home/lhl/nav2_ws/src/install/nav2_common:${AMENT_PREFIX_PATH} CMAKE_PREFIX_PATH=/home/lhl/nav2_ws/src/install/nav2_core:/home/lhl/nav2_ws/src/install/nav2_costmap_2d:/home/lhl/nav2_ws/src/install/nav_2d_utils:/home/lhl/nav2_ws/src/install/nav2_util:/home/lhl/nav2_ws/src/install/nav2_voxel_grid:/home/lhl/nav2_ws/src/install/nav2_msgs:/home/lhl/nav2_ws/src/install/nav_2d_msgs:/home/lhl/nav2_ws/src/install/nav2_common:/opt/ros/humble LD_LIBRARY_PATH=/home/lhl/nav2_ws/src/install/nav2_costmap_2d/lib:/home/lhl/nav2_ws/src/install/nav_2d_utils/lib:/home/lhl/nav2_ws/src/install/nav2_util/lib:/home/lhl/nav2_ws/src/install/nav2_voxel_grid/lib:/home/lhl/nav2_ws/src/install/nav2_msgs/lib:/home/lhl/nav2_ws/src/install/nav_2d_msgs/lib:${LD_LIBRARY_PATH} PYTHONPATH=/home/lhl/nav2_ws/src/install/nav2_msgs/local/lib/python3.10/dist-packages:/home/lhl/nav2_ws/src/install/nav_2d_msgs/local/lib/python3.10/dist-packages:/home/lhl/nav2_ws/src/install/nav2_common/local/lib/python3.10/dist-packages:${PYTHONPATH} /usr/bin/cmake --install /home/lhl/nav2_ws/src/build/nav2_smoother
