[0.061s] Invoking command in '/home/lhl/nav2_ws/src/build/nav_2d_msgs': CMAKE_PREFIX_PATH=/opt/ros/humble /usr/bin/cmake --build /home/lhl/nav2_ws/src/build/nav_2d_msgs -- -j8 -l8
[0.190s] [  0%] Built target ament_cmake_python_copy_nav_2d_msgs
[0.199s] [  1%] Built target nav_2d_msgs__cpp
[0.239s] [35m[1mConsolidate compiler generated dependencies of target nav_2d_msgs__rosidl_generator_c[0m
[0.258s] [ 12%] Built target nav_2d_msgs__rosidl_generator_c
[0.320s] [35m[1mConsolidate compiler generated dependencies of target nav_2d_msgs__rosidl_typesupport_cpp[0m
[0.332s] [35m[1mConsolidate compiler generated dependencies of target nav_2d_msgs__rosidl_typesupport_introspection_cpp[0m
[0.333s] [35m[1mConsolidate compiler generated dependencies of target nav_2d_msgs__rosidl_typesupport_fastrtps_c[0m
[0.336s] [35m[1mConsolidate compiler generated dependencies of target nav_2d_msgs__rosidl_typesupport_fastrtps_cpp[0m
[0.349s] [35m[1mConsolidate compiler generated dependencies of target nav_2d_msgs__rosidl_typesupport_introspection_c[0m
[0.366s] [ 23%] Built target nav_2d_msgs__rosidl_typesupport_cpp
[0.375s] [ 35%] Built target nav_2d_msgs__rosidl_typesupport_introspection_cpp
[0.375s] [ 52%] Built target nav_2d_msgs__rosidl_typesupport_fastrtps_c
[0.376s] [ 57%] Built target nav_2d_msgs__rosidl_typesupport_introspection_c
[0.379s] [ 69%] Built target nav_2d_msgs__rosidl_typesupport_fastrtps_cpp
[0.429s] [35m[1mConsolidate compiler generated dependencies of target nav_2d_msgs__rosidl_typesupport_c[0m
[0.440s] [ 80%] Built target nav_2d_msgs__rosidl_typesupport_c
[0.464s] [ 80%] Built target nav_2d_msgs
[0.482s] [ 81%] Built target nav_2d_msgs__py
[0.550s] [35m[1mConsolidate compiler generated dependencies of target nav_2d_msgs__rosidl_generator_py[0m
[0.567s] [ 91%] Built target nav_2d_msgs__rosidl_generator_py
[0.580s] running egg_info
[0.580s] writing nav_2d_msgs.egg-info/PKG-INFO
[0.581s] writing dependency_links to nav_2d_msgs.egg-info/dependency_links.txt
[0.581s] writing top-level names to nav_2d_msgs.egg-info/top_level.txt
[0.583s] reading manifest file 'nav_2d_msgs.egg-info/SOURCES.txt'
[0.596s] [35m[1mConsolidate compiler generated dependencies of target nav_2d_msgs__rosidl_typesupport_c__pyext[0m
[0.596s] [35m[1mConsolidate compiler generated dependencies of target nav_2d_msgs__rosidl_typesupport_fastrtps_c__pyext[0m
[0.612s] [ 97%] Built target nav_2d_msgs__rosidl_typesupport_c__pyext
[0.612s] [ 97%] Built target nav_2d_msgs__rosidl_typesupport_fastrtps_c__pyext
[0.616s] [35m[1mConsolidate compiler generated dependencies of target nav_2d_msgs__rosidl_typesupport_introspection_c__pyext[0m
[0.629s] [100%] Built target nav_2d_msgs__rosidl_typesupport_introspection_c__pyext
[0.630s] writing manifest file 'nav_2d_msgs.egg-info/SOURCES.txt'
[0.652s] [100%] Built target ament_cmake_python_build_nav_2d_msgs_egg
[0.672s] Invoked command in '/home/lhl/nav2_ws/src/build/nav_2d_msgs' returned '0': CMAKE_PREFIX_PATH=/opt/ros/humble /usr/bin/cmake --build /home/lhl/nav2_ws/src/build/nav_2d_msgs -- -j8 -l8
[0.845s] Invoking command in '/home/lhl/nav2_ws/src/build/nav_2d_msgs': CMAKE_PREFIX_PATH=/opt/ros/humble /usr/bin/cmake --install /home/lhl/nav2_ws/src/build/nav_2d_msgs
[0.855s] -- Install configuration: ""
[0.855s] -- Up-to-date: /home/lhl/nav2_ws/src/install/nav_2d_msgs/share/ament_index/resource_index/rosidl_interfaces/nav_2d_msgs
[0.855s] -- Up-to-date: /home/lhl/nav2_ws/src/install/nav_2d_msgs/include/nav_2d_msgs/nav_2d_msgs
[0.855s] -- Up-to-date: /home/lhl/nav2_ws/src/install/nav_2d_msgs/include/nav_2d_msgs/nav_2d_msgs/msg
[0.856s] -- Up-to-date: /home/lhl/nav2_ws/src/install/nav_2d_msgs/include/nav_2d_msgs/nav_2d_msgs/msg/twist2_d32.h
[0.856s] -- Up-to-date: /home/lhl/nav2_ws/src/install/nav_2d_msgs/include/nav_2d_msgs/nav_2d_msgs/msg/pose2_d_stamped.h
[0.856s] -- Up-to-date: /home/lhl/nav2_ws/src/install/nav_2d_msgs/include/nav_2d_msgs/nav_2d_msgs/msg/twist2_d.h
[0.856s] -- Up-to-date: /home/lhl/nav2_ws/src/install/nav_2d_msgs/include/nav_2d_msgs/nav_2d_msgs/msg/pose2_d32.h
[0.856s] -- Up-to-date: /home/lhl/nav2_ws/src/install/nav_2d_msgs/include/nav_2d_msgs/nav_2d_msgs/msg/path2_d.h
[0.856s] -- Up-to-date: /home/lhl/nav2_ws/src/install/nav_2d_msgs/include/nav_2d_msgs/nav_2d_msgs/msg/rosidl_generator_c__visibility_control.h
[0.857s] -- Up-to-date: /home/lhl/nav2_ws/src/install/nav_2d_msgs/include/nav_2d_msgs/nav_2d_msgs/msg/detail
[0.857s] -- Up-to-date: /home/lhl/nav2_ws/src/install/nav_2d_msgs/include/nav_2d_msgs/nav_2d_msgs/msg/detail/twist2_d_stamped__functions.h
[0.857s] -- Up-to-date: /home/lhl/nav2_ws/src/install/nav_2d_msgs/include/nav_2d_msgs/nav_2d_msgs/msg/detail/path2_d__type_support.h
[0.857s] -- Up-to-date: /home/lhl/nav2_ws/src/install/nav_2d_msgs/include/nav_2d_msgs/nav_2d_msgs/msg/detail/twist2_d__type_support.h
[0.857s] -- Up-to-date: /home/lhl/nav2_ws/src/install/nav_2d_msgs/include/nav_2d_msgs/nav_2d_msgs/msg/detail/pose2_d_stamped__type_support.h
[0.857s] -- Up-to-date: /home/lhl/nav2_ws/src/install/nav_2d_msgs/include/nav_2d_msgs/nav_2d_msgs/msg/detail/twist2_d__functions.h
[0.858s] -- Up-to-date: /home/lhl/nav2_ws/src/install/nav_2d_msgs/include/nav_2d_msgs/nav_2d_msgs/msg/detail/pose2_d_stamped__functions.c
[0.858s] -- Up-to-date: /home/lhl/nav2_ws/src/install/nav_2d_msgs/include/nav_2d_msgs/nav_2d_msgs/msg/detail/twist2_d32__type_support.h
[0.858s] -- Up-to-date: /home/lhl/nav2_ws/src/install/nav_2d_msgs/include/nav_2d_msgs/nav_2d_msgs/msg/detail/twist2_d32__struct.h
[0.858s] -- Up-to-date: /home/lhl/nav2_ws/src/install/nav_2d_msgs/include/nav_2d_msgs/nav_2d_msgs/msg/detail/twist2_d32__functions.c
[0.858s] -- Up-to-date: /home/lhl/nav2_ws/src/install/nav_2d_msgs/include/nav_2d_msgs/nav_2d_msgs/msg/detail/twist2_d32__functions.h
[0.859s] -- Up-to-date: /home/lhl/nav2_ws/src/install/nav_2d_msgs/include/nav_2d_msgs/nav_2d_msgs/msg/detail/twist2_d_stamped__functions.c
[0.859s] -- Up-to-date: /home/lhl/nav2_ws/src/install/nav_2d_msgs/include/nav_2d_msgs/nav_2d_msgs/msg/detail/pose2_d32__struct.h
[0.859s] -- Up-to-date: /home/lhl/nav2_ws/src/install/nav_2d_msgs/include/nav_2d_msgs/nav_2d_msgs/msg/detail/pose2_d32__functions.c
[0.859s] -- Up-to-date: /home/lhl/nav2_ws/src/install/nav_2d_msgs/include/nav_2d_msgs/nav_2d_msgs/msg/detail/twist2_d_stamped__type_support.h
[0.859s] -- Up-to-date: /home/lhl/nav2_ws/src/install/nav_2d_msgs/include/nav_2d_msgs/nav_2d_msgs/msg/detail/path2_d__functions.c
[0.860s] -- Up-to-date: /home/lhl/nav2_ws/src/install/nav_2d_msgs/include/nav_2d_msgs/nav_2d_msgs/msg/detail/pose2_d32__functions.h
[0.860s] -- Up-to-date: /home/lhl/nav2_ws/src/install/nav_2d_msgs/include/nav_2d_msgs/nav_2d_msgs/msg/detail/pose2_d32__type_support.h
[0.860s] -- Up-to-date: /home/lhl/nav2_ws/src/install/nav_2d_msgs/include/nav_2d_msgs/nav_2d_msgs/msg/detail/twist2_d_stamped__struct.h
[0.860s] -- Up-to-date: /home/lhl/nav2_ws/src/install/nav_2d_msgs/include/nav_2d_msgs/nav_2d_msgs/msg/detail/path2_d__functions.h
[0.860s] -- Up-to-date: /home/lhl/nav2_ws/src/install/nav_2d_msgs/include/nav_2d_msgs/nav_2d_msgs/msg/detail/twist2_d__struct.h
[0.860s] -- Up-to-date: /home/lhl/nav2_ws/src/install/nav_2d_msgs/include/nav_2d_msgs/nav_2d_msgs/msg/detail/pose2_d_stamped__struct.h
[0.861s] -- Up-to-date: /home/lhl/nav2_ws/src/install/nav_2d_msgs/include/nav_2d_msgs/nav_2d_msgs/msg/detail/path2_d__struct.h
[0.861s] -- Up-to-date: /home/lhl/nav2_ws/src/install/nav_2d_msgs/include/nav_2d_msgs/nav_2d_msgs/msg/detail/twist2_d__functions.c
[0.861s] -- Up-to-date: /home/lhl/nav2_ws/src/install/nav_2d_msgs/include/nav_2d_msgs/nav_2d_msgs/msg/detail/pose2_d_stamped__functions.h
[0.861s] -- Up-to-date: /home/lhl/nav2_ws/src/install/nav_2d_msgs/include/nav_2d_msgs/nav_2d_msgs/msg/twist2_d_stamped.h
[0.861s] -- Up-to-date: /home/lhl/nav2_ws/src/install/nav_2d_msgs/share/nav_2d_msgs/environment/library_path.sh
[0.861s] -- Up-to-date: /home/lhl/nav2_ws/src/install/nav_2d_msgs/share/nav_2d_msgs/environment/library_path.dsv
[0.861s] -- Up-to-date: /home/lhl/nav2_ws/src/install/nav_2d_msgs/lib/libnav_2d_msgs__rosidl_generator_c.so
[0.861s] -- Up-to-date: /home/lhl/nav2_ws/src/install/nav_2d_msgs/include/nav_2d_msgs/nav_2d_msgs
[0.862s] -- Up-to-date: /home/lhl/nav2_ws/src/install/nav_2d_msgs/include/nav_2d_msgs/nav_2d_msgs/msg
[0.862s] -- Up-to-date: /home/lhl/nav2_ws/src/install/nav_2d_msgs/include/nav_2d_msgs/nav_2d_msgs/msg/rosidl_typesupport_fastrtps_c__visibility_control.h
[0.862s] -- Up-to-date: /home/lhl/nav2_ws/src/install/nav_2d_msgs/include/nav_2d_msgs/nav_2d_msgs/msg/detail
[0.862s] -- Up-to-date: /home/lhl/nav2_ws/src/install/nav_2d_msgs/include/nav_2d_msgs/nav_2d_msgs/msg/detail/pose2_d_stamped__rosidl_typesupport_fastrtps_c.h
[0.862s] -- Up-to-date: /home/lhl/nav2_ws/src/install/nav_2d_msgs/include/nav_2d_msgs/nav_2d_msgs/msg/detail/pose2_d32__rosidl_typesupport_fastrtps_c.h
[0.862s] -- Up-to-date: /home/lhl/nav2_ws/src/install/nav_2d_msgs/include/nav_2d_msgs/nav_2d_msgs/msg/detail/path2_d__rosidl_typesupport_fastrtps_c.h
[0.862s] -- Up-to-date: /home/lhl/nav2_ws/src/install/nav_2d_msgs/include/nav_2d_msgs/nav_2d_msgs/msg/detail/twist2_d32__rosidl_typesupport_fastrtps_c.h
[0.862s] -- Up-to-date: /home/lhl/nav2_ws/src/install/nav_2d_msgs/include/nav_2d_msgs/nav_2d_msgs/msg/detail/twist2_d__rosidl_typesupport_fastrtps_c.h
[0.863s] -- Up-to-date: /home/lhl/nav2_ws/src/install/nav_2d_msgs/include/nav_2d_msgs/nav_2d_msgs/msg/detail/twist2_d_stamped__rosidl_typesupport_fastrtps_c.h
[0.863s] -- Up-to-date: /home/lhl/nav2_ws/src/install/nav_2d_msgs/lib/libnav_2d_msgs__rosidl_typesupport_fastrtps_c.so
[0.863s] -- Up-to-date: /home/lhl/nav2_ws/src/install/nav_2d_msgs/include/nav_2d_msgs/nav_2d_msgs
[0.863s] -- Up-to-date: /home/lhl/nav2_ws/src/install/nav_2d_msgs/include/nav_2d_msgs/nav_2d_msgs/msg
[0.863s] -- Up-to-date: /home/lhl/nav2_ws/src/install/nav_2d_msgs/include/nav_2d_msgs/nav_2d_msgs/msg/twist2_d32.hpp
[0.863s] -- Up-to-date: /home/lhl/nav2_ws/src/install/nav_2d_msgs/include/nav_2d_msgs/nav_2d_msgs/msg/twist2_d.hpp
[0.864s] -- Up-to-date: /home/lhl/nav2_ws/src/install/nav_2d_msgs/include/nav_2d_msgs/nav_2d_msgs/msg/twist2_d_stamped.hpp
[0.864s] -- Up-to-date: /home/lhl/nav2_ws/src/install/nav_2d_msgs/include/nav_2d_msgs/nav_2d_msgs/msg/pose2_d32.hpp
[0.864s] -- Up-to-date: /home/lhl/nav2_ws/src/install/nav_2d_msgs/include/nav_2d_msgs/nav_2d_msgs/msg/detail
[0.864s] -- Up-to-date: /home/lhl/nav2_ws/src/install/nav_2d_msgs/include/nav_2d_msgs/nav_2d_msgs/msg/detail/twist2_d_stamped__struct.hpp
[0.864s] -- Up-to-date: /home/lhl/nav2_ws/src/install/nav_2d_msgs/include/nav_2d_msgs/nav_2d_msgs/msg/detail/twist2_d32__traits.hpp
[0.864s] -- Up-to-date: /home/lhl/nav2_ws/src/install/nav_2d_msgs/include/nav_2d_msgs/nav_2d_msgs/msg/detail/pose2_d_stamped__traits.hpp
[0.864s] -- Up-to-date: /home/lhl/nav2_ws/src/install/nav_2d_msgs/include/nav_2d_msgs/nav_2d_msgs/msg/detail/twist2_d_stamped__traits.hpp
[0.864s] -- Up-to-date: /home/lhl/nav2_ws/src/install/nav_2d_msgs/include/nav_2d_msgs/nav_2d_msgs/msg/detail/twist2_d32__struct.hpp
[0.864s] -- Up-to-date: /home/lhl/nav2_ws/src/install/nav_2d_msgs/include/nav_2d_msgs/nav_2d_msgs/msg/detail/path2_d__traits.hpp
[0.865s] -- Up-to-date: /home/lhl/nav2_ws/src/install/nav_2d_msgs/include/nav_2d_msgs/nav_2d_msgs/msg/detail/twist2_d__traits.hpp
[0.865s] -- Up-to-date: /home/lhl/nav2_ws/src/install/nav_2d_msgs/include/nav_2d_msgs/nav_2d_msgs/msg/detail/twist2_d32__builder.hpp
[0.865s] -- Up-to-date: /home/lhl/nav2_ws/src/install/nav_2d_msgs/include/nav_2d_msgs/nav_2d_msgs/msg/detail/twist2_d__builder.hpp
[0.865s] -- Up-to-date: /home/lhl/nav2_ws/src/install/nav_2d_msgs/include/nav_2d_msgs/nav_2d_msgs/msg/detail/pose2_d32__builder.hpp
[0.865s] -- Up-to-date: /home/lhl/nav2_ws/src/install/nav_2d_msgs/include/nav_2d_msgs/nav_2d_msgs/msg/detail/twist2_d_stamped__builder.hpp
[0.865s] -- Up-to-date: /home/lhl/nav2_ws/src/install/nav_2d_msgs/include/nav_2d_msgs/nav_2d_msgs/msg/detail/pose2_d32__traits.hpp
[0.865s] -- Up-to-date: /home/lhl/nav2_ws/src/install/nav_2d_msgs/include/nav_2d_msgs/nav_2d_msgs/msg/detail/twist2_d__struct.hpp
[0.865s] -- Up-to-date: /home/lhl/nav2_ws/src/install/nav_2d_msgs/include/nav_2d_msgs/nav_2d_msgs/msg/detail/path2_d__struct.hpp
[0.865s] -- Up-to-date: /home/lhl/nav2_ws/src/install/nav_2d_msgs/include/nav_2d_msgs/nav_2d_msgs/msg/detail/pose2_d32__struct.hpp
[0.865s] -- Up-to-date: /home/lhl/nav2_ws/src/install/nav_2d_msgs/include/nav_2d_msgs/nav_2d_msgs/msg/detail/path2_d__builder.hpp
[0.866s] -- Up-to-date: /home/lhl/nav2_ws/src/install/nav_2d_msgs/include/nav_2d_msgs/nav_2d_msgs/msg/detail/pose2_d_stamped__struct.hpp
[0.866s] -- Up-to-date: /home/lhl/nav2_ws/src/install/nav_2d_msgs/include/nav_2d_msgs/nav_2d_msgs/msg/detail/pose2_d_stamped__builder.hpp
[0.866s] -- Up-to-date: /home/lhl/nav2_ws/src/install/nav_2d_msgs/include/nav_2d_msgs/nav_2d_msgs/msg/pose2_d_stamped.hpp
[0.866s] -- Up-to-date: /home/lhl/nav2_ws/src/install/nav_2d_msgs/include/nav_2d_msgs/nav_2d_msgs/msg/path2_d.hpp
[0.866s] -- Up-to-date: /home/lhl/nav2_ws/src/install/nav_2d_msgs/include/nav_2d_msgs/nav_2d_msgs
[0.866s] -- Up-to-date: /home/lhl/nav2_ws/src/install/nav_2d_msgs/include/nav_2d_msgs/nav_2d_msgs/msg
[0.866s] -- Up-to-date: /home/lhl/nav2_ws/src/install/nav_2d_msgs/include/nav_2d_msgs/nav_2d_msgs/msg/rosidl_typesupport_fastrtps_cpp__visibility_control.h
[0.866s] -- Up-to-date: /home/lhl/nav2_ws/src/install/nav_2d_msgs/include/nav_2d_msgs/nav_2d_msgs/msg/detail
[0.866s] -- Up-to-date: /home/lhl/nav2_ws/src/install/nav_2d_msgs/include/nav_2d_msgs/nav_2d_msgs/msg/detail/path2_d__rosidl_typesupport_fastrtps_cpp.hpp
[0.867s] -- Up-to-date: /home/lhl/nav2_ws/src/install/nav_2d_msgs/include/nav_2d_msgs/nav_2d_msgs/msg/detail/twist2_d32__rosidl_typesupport_fastrtps_cpp.hpp
[0.867s] -- Up-to-date: /home/lhl/nav2_ws/src/install/nav_2d_msgs/include/nav_2d_msgs/nav_2d_msgs/msg/detail/twist2_d__rosidl_typesupport_fastrtps_cpp.hpp
[0.867s] -- Up-to-date: /home/lhl/nav2_ws/src/install/nav_2d_msgs/include/nav_2d_msgs/nav_2d_msgs/msg/detail/twist2_d_stamped__rosidl_typesupport_fastrtps_cpp.hpp
[0.867s] -- Up-to-date: /home/lhl/nav2_ws/src/install/nav_2d_msgs/include/nav_2d_msgs/nav_2d_msgs/msg/detail/dds_fastrtps
[0.867s] -- Up-to-date: /home/lhl/nav2_ws/src/install/nav_2d_msgs/include/nav_2d_msgs/nav_2d_msgs/msg/detail/pose2_d_stamped__rosidl_typesupport_fastrtps_cpp.hpp
[0.867s] -- Up-to-date: /home/lhl/nav2_ws/src/install/nav_2d_msgs/include/nav_2d_msgs/nav_2d_msgs/msg/detail/pose2_d32__rosidl_typesupport_fastrtps_cpp.hpp
[0.867s] -- Up-to-date: /home/lhl/nav2_ws/src/install/nav_2d_msgs/lib/libnav_2d_msgs__rosidl_typesupport_fastrtps_cpp.so
[0.867s] -- Up-to-date: /home/lhl/nav2_ws/src/install/nav_2d_msgs/include/nav_2d_msgs/nav_2d_msgs
[0.867s] -- Up-to-date: /home/lhl/nav2_ws/src/install/nav_2d_msgs/include/nav_2d_msgs/nav_2d_msgs/msg
[0.868s] -- Up-to-date: /home/lhl/nav2_ws/src/install/nav_2d_msgs/include/nav_2d_msgs/nav_2d_msgs/msg/rosidl_typesupport_introspection_c__visibility_control.h
[0.868s] -- Up-to-date: /home/lhl/nav2_ws/src/install/nav_2d_msgs/include/nav_2d_msgs/nav_2d_msgs/msg/detail
[0.868s] -- Up-to-date: /home/lhl/nav2_ws/src/install/nav_2d_msgs/include/nav_2d_msgs/nav_2d_msgs/msg/detail/twist2_d_stamped__type_support.c
[0.868s] -- Up-to-date: /home/lhl/nav2_ws/src/install/nav_2d_msgs/include/nav_2d_msgs/nav_2d_msgs/msg/detail/twist2_d32__type_support.c
[0.868s] -- Up-to-date: /home/lhl/nav2_ws/src/install/nav_2d_msgs/include/nav_2d_msgs/nav_2d_msgs/msg/detail/twist2_d__type_support.c
[0.868s] -- Up-to-date: /home/lhl/nav2_ws/src/install/nav_2d_msgs/include/nav_2d_msgs/nav_2d_msgs/msg/detail/twist2_d32__rosidl_typesupport_introspection_c.h
[0.868s] -- Up-to-date: /home/lhl/nav2_ws/src/install/nav_2d_msgs/include/nav_2d_msgs/nav_2d_msgs/msg/detail/path2_d__type_support.c
[0.868s] -- Up-to-date: /home/lhl/nav2_ws/src/install/nav_2d_msgs/include/nav_2d_msgs/nav_2d_msgs/msg/detail/path2_d__rosidl_typesupport_introspection_c.h
[0.868s] -- Up-to-date: /home/lhl/nav2_ws/src/install/nav_2d_msgs/include/nav_2d_msgs/nav_2d_msgs/msg/detail/pose2_d_stamped__rosidl_typesupport_introspection_c.h
[0.869s] -- Up-to-date: /home/lhl/nav2_ws/src/install/nav_2d_msgs/include/nav_2d_msgs/nav_2d_msgs/msg/detail/pose2_d32__type_support.c
[0.869s] -- Up-to-date: /home/lhl/nav2_ws/src/install/nav_2d_msgs/include/nav_2d_msgs/nav_2d_msgs/msg/detail/twist2_d__rosidl_typesupport_introspection_c.h
[0.869s] -- Up-to-date: /home/lhl/nav2_ws/src/install/nav_2d_msgs/include/nav_2d_msgs/nav_2d_msgs/msg/detail/pose2_d32__rosidl_typesupport_introspection_c.h
[0.869s] -- Up-to-date: /home/lhl/nav2_ws/src/install/nav_2d_msgs/include/nav_2d_msgs/nav_2d_msgs/msg/detail/pose2_d_stamped__type_support.c
[0.869s] -- Up-to-date: /home/lhl/nav2_ws/src/install/nav_2d_msgs/include/nav_2d_msgs/nav_2d_msgs/msg/detail/twist2_d_stamped__rosidl_typesupport_introspection_c.h
[0.869s] -- Up-to-date: /home/lhl/nav2_ws/src/install/nav_2d_msgs/lib/libnav_2d_msgs__rosidl_typesupport_introspection_c.so
[0.869s] -- Up-to-date: /home/lhl/nav2_ws/src/install/nav_2d_msgs/lib/libnav_2d_msgs__rosidl_typesupport_c.so
[0.869s] -- Up-to-date: /home/lhl/nav2_ws/src/install/nav_2d_msgs/include/nav_2d_msgs/nav_2d_msgs
[0.869s] -- Up-to-date: /home/lhl/nav2_ws/src/install/nav_2d_msgs/include/nav_2d_msgs/nav_2d_msgs/msg
[0.869s] -- Up-to-date: /home/lhl/nav2_ws/src/install/nav_2d_msgs/include/nav_2d_msgs/nav_2d_msgs/msg/detail
[0.870s] -- Up-to-date: /home/lhl/nav2_ws/src/install/nav_2d_msgs/include/nav_2d_msgs/nav_2d_msgs/msg/detail/twist2_d32__rosidl_typesupport_introspection_cpp.hpp
[0.870s] -- Up-to-date: /home/lhl/nav2_ws/src/install/nav_2d_msgs/include/nav_2d_msgs/nav_2d_msgs/msg/detail/pose2_d_stamped__rosidl_typesupport_introspection_cpp.hpp
[0.870s] -- Up-to-date: /home/lhl/nav2_ws/src/install/nav_2d_msgs/include/nav_2d_msgs/nav_2d_msgs/msg/detail/twist2_d__type_support.cpp
[0.870s] -- Up-to-date: /home/lhl/nav2_ws/src/install/nav_2d_msgs/include/nav_2d_msgs/nav_2d_msgs/msg/detail/pose2_d32__type_support.cpp
[0.870s] -- Up-to-date: /home/lhl/nav2_ws/src/install/nav_2d_msgs/include/nav_2d_msgs/nav_2d_msgs/msg/detail/twist2_d__rosidl_typesupport_introspection_cpp.hpp
[0.870s] -- Up-to-date: /home/lhl/nav2_ws/src/install/nav_2d_msgs/include/nav_2d_msgs/nav_2d_msgs/msg/detail/pose2_d_stamped__type_support.cpp
[0.870s] -- Up-to-date: /home/lhl/nav2_ws/src/install/nav_2d_msgs/include/nav_2d_msgs/nav_2d_msgs/msg/detail/path2_d__type_support.cpp
[0.870s] -- Up-to-date: /home/lhl/nav2_ws/src/install/nav_2d_msgs/include/nav_2d_msgs/nav_2d_msgs/msg/detail/path2_d__rosidl_typesupport_introspection_cpp.hpp
[0.870s] -- Up-to-date: /home/lhl/nav2_ws/src/install/nav_2d_msgs/include/nav_2d_msgs/nav_2d_msgs/msg/detail/pose2_d32__rosidl_typesupport_introspection_cpp.hpp
[0.871s] -- Up-to-date: /home/lhl/nav2_ws/src/install/nav_2d_msgs/include/nav_2d_msgs/nav_2d_msgs/msg/detail/twist2_d32__type_support.cpp
[0.871s] -- Up-to-date: /home/lhl/nav2_ws/src/install/nav_2d_msgs/include/nav_2d_msgs/nav_2d_msgs/msg/detail/twist2_d_stamped__rosidl_typesupport_introspection_cpp.hpp
[0.871s] -- Up-to-date: /home/lhl/nav2_ws/src/install/nav_2d_msgs/include/nav_2d_msgs/nav_2d_msgs/msg/detail/twist2_d_stamped__type_support.cpp
[0.871s] -- Up-to-date: /home/lhl/nav2_ws/src/install/nav_2d_msgs/lib/libnav_2d_msgs__rosidl_typesupport_introspection_cpp.so
[0.871s] -- Up-to-date: /home/lhl/nav2_ws/src/install/nav_2d_msgs/lib/libnav_2d_msgs__rosidl_typesupport_cpp.so
[0.871s] -- Up-to-date: /home/lhl/nav2_ws/src/install/nav_2d_msgs/share/nav_2d_msgs/environment/pythonpath.sh
[0.871s] -- Up-to-date: /home/lhl/nav2_ws/src/install/nav_2d_msgs/share/nav_2d_msgs/environment/pythonpath.dsv
[0.871s] -- Up-to-date: /home/lhl/nav2_ws/src/install/nav_2d_msgs/local/lib/python3.10/dist-packages/nav_2d_msgs-1.1.6-py3.10.egg-info
[0.871s] -- Installing: /home/lhl/nav2_ws/src/install/nav_2d_msgs/local/lib/python3.10/dist-packages/nav_2d_msgs-1.1.6-py3.10.egg-info/dependency_links.txt
[0.872s] -- Installing: /home/lhl/nav2_ws/src/install/nav_2d_msgs/local/lib/python3.10/dist-packages/nav_2d_msgs-1.1.6-py3.10.egg-info/SOURCES.txt
[0.872s] -- Installing: /home/lhl/nav2_ws/src/install/nav_2d_msgs/local/lib/python3.10/dist-packages/nav_2d_msgs-1.1.6-py3.10.egg-info/PKG-INFO
[0.872s] -- Installing: /home/lhl/nav2_ws/src/install/nav_2d_msgs/local/lib/python3.10/dist-packages/nav_2d_msgs-1.1.6-py3.10.egg-info/top_level.txt
[0.872s] -- Up-to-date: /home/lhl/nav2_ws/src/install/nav_2d_msgs/local/lib/python3.10/dist-packages/nav_2d_msgs
[0.872s] -- Up-to-date: /home/lhl/nav2_ws/src/install/nav_2d_msgs/local/lib/python3.10/dist-packages/nav_2d_msgs/nav_2d_msgs_s__rosidl_typesupport_fastrtps_c.cpython-310-x86_64-linux-gnu.so
[0.872s] -- Up-to-date: /home/lhl/nav2_ws/src/install/nav_2d_msgs/local/lib/python3.10/dist-packages/nav_2d_msgs/nav_2d_msgs_s__rosidl_typesupport_introspection_c.cpython-310-x86_64-linux-gnu.so
[0.872s] -- Up-to-date: /home/lhl/nav2_ws/src/install/nav_2d_msgs/local/lib/python3.10/dist-packages/nav_2d_msgs/msg
[0.872s] -- Up-to-date: /home/lhl/nav2_ws/src/install/nav_2d_msgs/local/lib/python3.10/dist-packages/nav_2d_msgs/msg/_twist2_d32.py
[0.872s] -- Up-to-date: /home/lhl/nav2_ws/src/install/nav_2d_msgs/local/lib/python3.10/dist-packages/nav_2d_msgs/msg/_pose2_d32_s.c
[0.872s] -- Up-to-date: /home/lhl/nav2_ws/src/install/nav_2d_msgs/local/lib/python3.10/dist-packages/nav_2d_msgs/msg/_pose2_d32.py
[0.873s] -- Up-to-date: /home/lhl/nav2_ws/src/install/nav_2d_msgs/local/lib/python3.10/dist-packages/nav_2d_msgs/msg/_twist2_d.py
[0.873s] -- Up-to-date: /home/lhl/nav2_ws/src/install/nav_2d_msgs/local/lib/python3.10/dist-packages/nav_2d_msgs/msg/_path2_d_s.c
[0.873s] -- Up-to-date: /home/lhl/nav2_ws/src/install/nav_2d_msgs/local/lib/python3.10/dist-packages/nav_2d_msgs/msg/_twist2_d_s.c
[0.873s] -- Up-to-date: /home/lhl/nav2_ws/src/install/nav_2d_msgs/local/lib/python3.10/dist-packages/nav_2d_msgs/msg/_pose2_d_stamped_s.c
[0.873s] -- Up-to-date: /home/lhl/nav2_ws/src/install/nav_2d_msgs/local/lib/python3.10/dist-packages/nav_2d_msgs/msg/_twist2_d_stamped_s.c
[0.873s] -- Up-to-date: /home/lhl/nav2_ws/src/install/nav_2d_msgs/local/lib/python3.10/dist-packages/nav_2d_msgs/msg/_path2_d.py
[0.873s] -- Up-to-date: /home/lhl/nav2_ws/src/install/nav_2d_msgs/local/lib/python3.10/dist-packages/nav_2d_msgs/msg/_twist2_d32_s.c
[0.873s] -- Up-to-date: /home/lhl/nav2_ws/src/install/nav_2d_msgs/local/lib/python3.10/dist-packages/nav_2d_msgs/msg/_pose2_d_stamped.py
[0.873s] -- Up-to-date: /home/lhl/nav2_ws/src/install/nav_2d_msgs/local/lib/python3.10/dist-packages/nav_2d_msgs/msg/_twist2_d_stamped.py
[0.874s] -- Up-to-date: /home/lhl/nav2_ws/src/install/nav_2d_msgs/local/lib/python3.10/dist-packages/nav_2d_msgs/msg/__init__.py
[0.874s] -- Up-to-date: /home/lhl/nav2_ws/src/install/nav_2d_msgs/local/lib/python3.10/dist-packages/nav_2d_msgs/_nav_2d_msgs_s.ep.rosidl_typesupport_c.c
[0.874s] -- Up-to-date: /home/lhl/nav2_ws/src/install/nav_2d_msgs/local/lib/python3.10/dist-packages/nav_2d_msgs/libnav_2d_msgs__rosidl_generator_py.so
[0.874s] -- Up-to-date: /home/lhl/nav2_ws/src/install/nav_2d_msgs/local/lib/python3.10/dist-packages/nav_2d_msgs/_nav_2d_msgs_s.ep.rosidl_typesupport_fastrtps_c.c
[0.874s] -- Up-to-date: /home/lhl/nav2_ws/src/install/nav_2d_msgs/local/lib/python3.10/dist-packages/nav_2d_msgs/_nav_2d_msgs_s.ep.rosidl_typesupport_introspection_c.c
[0.874s] -- Up-to-date: /home/lhl/nav2_ws/src/install/nav_2d_msgs/local/lib/python3.10/dist-packages/nav_2d_msgs/nav_2d_msgs_s__rosidl_typesupport_c.cpython-310-x86_64-linux-gnu.so
[0.874s] -- Up-to-date: /home/lhl/nav2_ws/src/install/nav_2d_msgs/local/lib/python3.10/dist-packages/nav_2d_msgs/__init__.py
[1.036s] Listing '/home/lhl/nav2_ws/src/install/nav_2d_msgs/local/lib/python3.10/dist-packages/nav_2d_msgs'...
[1.036s] Listing '/home/lhl/nav2_ws/src/install/nav_2d_msgs/local/lib/python3.10/dist-packages/nav_2d_msgs/msg'...
[1.040s] -- Up-to-date: /home/lhl/nav2_ws/src/install/nav_2d_msgs/local/lib/python3.10/dist-packages/nav_2d_msgs/nav_2d_msgs_s__rosidl_typesupport_fastrtps_c.cpython-310-x86_64-linux-gnu.so
[1.041s] -- Up-to-date: /home/lhl/nav2_ws/src/install/nav_2d_msgs/local/lib/python3.10/dist-packages/nav_2d_msgs/nav_2d_msgs_s__rosidl_typesupport_introspection_c.cpython-310-x86_64-linux-gnu.so
[1.041s] -- Up-to-date: /home/lhl/nav2_ws/src/install/nav_2d_msgs/local/lib/python3.10/dist-packages/nav_2d_msgs/nav_2d_msgs_s__rosidl_typesupport_c.cpython-310-x86_64-linux-gnu.so
[1.042s] -- Up-to-date: /home/lhl/nav2_ws/src/install/nav_2d_msgs/lib/libnav_2d_msgs__rosidl_generator_py.so
[1.042s] -- Up-to-date: /home/lhl/nav2_ws/src/install/nav_2d_msgs/share/nav_2d_msgs/msg/Path2D.idl
[1.042s] -- Up-to-date: /home/lhl/nav2_ws/src/install/nav_2d_msgs/share/nav_2d_msgs/msg/Pose2D32.idl
[1.042s] -- Up-to-date: /home/lhl/nav2_ws/src/install/nav_2d_msgs/share/nav_2d_msgs/msg/Pose2DStamped.idl
[1.042s] -- Up-to-date: /home/lhl/nav2_ws/src/install/nav_2d_msgs/share/nav_2d_msgs/msg/Twist2D.idl
[1.042s] -- Up-to-date: /home/lhl/nav2_ws/src/install/nav_2d_msgs/share/nav_2d_msgs/msg/Twist2D32.idl
[1.043s] -- Up-to-date: /home/lhl/nav2_ws/src/install/nav_2d_msgs/share/nav_2d_msgs/msg/Twist2DStamped.idl
[1.043s] -- Up-to-date: /home/lhl/nav2_ws/src/install/nav_2d_msgs/share/nav_2d_msgs/msg/Path2D.msg
[1.043s] -- Up-to-date: /home/lhl/nav2_ws/src/install/nav_2d_msgs/share/nav_2d_msgs/msg/Pose2D32.msg
[1.043s] -- Up-to-date: /home/lhl/nav2_ws/src/install/nav_2d_msgs/share/nav_2d_msgs/msg/Pose2DStamped.msg
[1.043s] -- Up-to-date: /home/lhl/nav2_ws/src/install/nav_2d_msgs/share/nav_2d_msgs/msg/Twist2D.msg
[1.043s] -- Up-to-date: /home/lhl/nav2_ws/src/install/nav_2d_msgs/share/nav_2d_msgs/msg/Twist2D32.msg
[1.043s] -- Up-to-date: /home/lhl/nav2_ws/src/install/nav_2d_msgs/share/nav_2d_msgs/msg/Twist2DStamped.msg
[1.044s] -- Up-to-date: /home/lhl/nav2_ws/src/install/nav_2d_msgs/share/ament_index/resource_index/package_run_dependencies/nav_2d_msgs
[1.044s] -- Up-to-date: /home/lhl/nav2_ws/src/install/nav_2d_msgs/share/ament_index/resource_index/parent_prefix_path/nav_2d_msgs
[1.044s] -- Up-to-date: /home/lhl/nav2_ws/src/install/nav_2d_msgs/share/nav_2d_msgs/environment/ament_prefix_path.sh
[1.044s] -- Up-to-date: /home/lhl/nav2_ws/src/install/nav_2d_msgs/share/nav_2d_msgs/environment/ament_prefix_path.dsv
[1.044s] -- Up-to-date: /home/lhl/nav2_ws/src/install/nav_2d_msgs/share/nav_2d_msgs/environment/path.sh
[1.044s] -- Up-to-date: /home/lhl/nav2_ws/src/install/nav_2d_msgs/share/nav_2d_msgs/environment/path.dsv
[1.044s] -- Up-to-date: /home/lhl/nav2_ws/src/install/nav_2d_msgs/share/nav_2d_msgs/local_setup.bash
[1.044s] -- Up-to-date: /home/lhl/nav2_ws/src/install/nav_2d_msgs/share/nav_2d_msgs/local_setup.sh
[1.044s] -- Up-to-date: /home/lhl/nav2_ws/src/install/nav_2d_msgs/share/nav_2d_msgs/local_setup.zsh
[1.044s] -- Up-to-date: /home/lhl/nav2_ws/src/install/nav_2d_msgs/share/nav_2d_msgs/local_setup.dsv
[1.045s] -- Installing: /home/lhl/nav2_ws/src/install/nav_2d_msgs/share/nav_2d_msgs/package.dsv
[1.046s] -- Up-to-date: /home/lhl/nav2_ws/src/install/nav_2d_msgs/share/ament_index/resource_index/packages/nav_2d_msgs
[1.046s] -- Up-to-date: /home/lhl/nav2_ws/src/install/nav_2d_msgs/share/nav_2d_msgs/cmake/export_nav_2d_msgs__rosidl_generator_cExport.cmake
[1.046s] -- Up-to-date: /home/lhl/nav2_ws/src/install/nav_2d_msgs/share/nav_2d_msgs/cmake/export_nav_2d_msgs__rosidl_generator_cExport-noconfig.cmake
[1.046s] -- Up-to-date: /home/lhl/nav2_ws/src/install/nav_2d_msgs/share/nav_2d_msgs/cmake/export_nav_2d_msgs__rosidl_typesupport_fastrtps_cExport.cmake
[1.046s] -- Up-to-date: /home/lhl/nav2_ws/src/install/nav_2d_msgs/share/nav_2d_msgs/cmake/export_nav_2d_msgs__rosidl_typesupport_fastrtps_cExport-noconfig.cmake
[1.046s] -- Up-to-date: /home/lhl/nav2_ws/src/install/nav_2d_msgs/share/nav_2d_msgs/cmake/export_nav_2d_msgs__rosidl_generator_cppExport.cmake
[1.047s] -- Up-to-date: /home/lhl/nav2_ws/src/install/nav_2d_msgs/share/nav_2d_msgs/cmake/export_nav_2d_msgs__rosidl_typesupport_fastrtps_cppExport.cmake
[1.047s] -- Up-to-date: /home/lhl/nav2_ws/src/install/nav_2d_msgs/share/nav_2d_msgs/cmake/export_nav_2d_msgs__rosidl_typesupport_fastrtps_cppExport-noconfig.cmake
[1.047s] -- Up-to-date: /home/lhl/nav2_ws/src/install/nav_2d_msgs/share/nav_2d_msgs/cmake/nav_2d_msgs__rosidl_typesupport_introspection_cExport.cmake
[1.047s] -- Up-to-date: /home/lhl/nav2_ws/src/install/nav_2d_msgs/share/nav_2d_msgs/cmake/nav_2d_msgs__rosidl_typesupport_introspection_cExport-noconfig.cmake
[1.047s] -- Up-to-date: /home/lhl/nav2_ws/src/install/nav_2d_msgs/share/nav_2d_msgs/cmake/nav_2d_msgs__rosidl_typesupport_cExport.cmake
[1.047s] -- Up-to-date: /home/lhl/nav2_ws/src/install/nav_2d_msgs/share/nav_2d_msgs/cmake/nav_2d_msgs__rosidl_typesupport_cExport-noconfig.cmake
[1.048s] -- Up-to-date: /home/lhl/nav2_ws/src/install/nav_2d_msgs/share/nav_2d_msgs/cmake/nav_2d_msgs__rosidl_typesupport_introspection_cppExport.cmake
[1.048s] -- Up-to-date: /home/lhl/nav2_ws/src/install/nav_2d_msgs/share/nav_2d_msgs/cmake/nav_2d_msgs__rosidl_typesupport_introspection_cppExport-noconfig.cmake
[1.048s] -- Up-to-date: /home/lhl/nav2_ws/src/install/nav_2d_msgs/share/nav_2d_msgs/cmake/nav_2d_msgs__rosidl_typesupport_cppExport.cmake
[1.048s] -- Up-to-date: /home/lhl/nav2_ws/src/install/nav_2d_msgs/share/nav_2d_msgs/cmake/nav_2d_msgs__rosidl_typesupport_cppExport-noconfig.cmake
[1.075s] -- Up-to-date: /home/lhl/nav2_ws/src/install/nav_2d_msgs/share/nav_2d_msgs/cmake/export_nav_2d_msgs__rosidl_generator_pyExport.cmake
[1.075s] -- Up-to-date: /home/lhl/nav2_ws/src/install/nav_2d_msgs/share/nav_2d_msgs/cmake/export_nav_2d_msgs__rosidl_generator_pyExport-noconfig.cmake
[1.076s] -- Up-to-date: /home/lhl/nav2_ws/src/install/nav_2d_msgs/share/nav_2d_msgs/cmake/rosidl_cmake-extras.cmake
[1.076s] -- Up-to-date: /home/lhl/nav2_ws/src/install/nav_2d_msgs/share/nav_2d_msgs/cmake/ament_cmake_export_dependencies-extras.cmake
[1.076s] -- Up-to-date: /home/lhl/nav2_ws/src/install/nav_2d_msgs/share/nav_2d_msgs/cmake/ament_cmake_export_include_directories-extras.cmake
[1.076s] -- Up-to-date: /home/lhl/nav2_ws/src/install/nav_2d_msgs/share/nav_2d_msgs/cmake/ament_cmake_export_libraries-extras.cmake
[1.076s] -- Up-to-date: /home/lhl/nav2_ws/src/install/nav_2d_msgs/share/nav_2d_msgs/cmake/ament_cmake_export_targets-extras.cmake
[1.076s] -- Up-to-date: /home/lhl/nav2_ws/src/install/nav_2d_msgs/share/nav_2d_msgs/cmake/rosidl_cmake_export_typesupport_targets-extras.cmake
[1.076s] -- Up-to-date: /home/lhl/nav2_ws/src/install/nav_2d_msgs/share/nav_2d_msgs/cmake/rosidl_cmake_export_typesupport_libraries-extras.cmake
[1.076s] -- Up-to-date: /home/lhl/nav2_ws/src/install/nav_2d_msgs/share/nav_2d_msgs/cmake/nav_2d_msgsConfig.cmake
[1.076s] -- Up-to-date: /home/lhl/nav2_ws/src/install/nav_2d_msgs/share/nav_2d_msgs/cmake/nav_2d_msgsConfig-version.cmake
[1.076s] -- Up-to-date: /home/lhl/nav2_ws/src/install/nav_2d_msgs/share/nav_2d_msgs/package.xml
[1.084s] Invoked command in '/home/lhl/nav2_ws/src/build/nav_2d_msgs' returned '0': CMAKE_PREFIX_PATH=/opt/ros/humble /usr/bin/cmake --install /home/lhl/nav2_ws/src/build/nav_2d_msgs
