[0.070s] Invoking command in '/home/lhl/nav2_ws/build/nav2_msgs': AMENT_PREFIX_PATH=/home/lhl/nav2_ws/install/nav2_common:${AMENT_PREFIX_PATH} CMAKE_PREFIX_PATH=/home/lhl/nav2_ws/install/nav2_common:/opt/ros/humble PYTHONPATH=/home/lhl/nav2_ws/install/nav2_common/local/lib/python3.10/dist-packages:${PYTHONPATH} /usr/bin/cmake /home/lhl/nav2_ws/src/navigation2/nav2_msgs -DCMAKE_INSTALL_PREFIX=/home/lhl/nav2_ws/install/nav2_msgs
[0.114s] -- Found ament_cmake: 1.3.4 (/opt/ros/humble/share/ament_cmake/cmake)
[0.249s] -- Override CMake install command with custom implementation using symlinks instead of copying resources
[0.271s] -- Found nav2_common: 1.1.6 (/home/lhl/nav2_ws/install/nav2_common/share/nav2_common/cmake)
[0.272s] -- Found builtin_interfaces: 1.2.1 (/opt/ros/humble/share/builtin_interfaces/cmake)
[0.302s] -- Found rosidl_generator_c: 3.1.4 (/opt/ros/humble/share/rosidl_generator_c/cmake)
[0.306s] -- Found rosidl_adapter: 3.1.4 (/opt/ros/humble/share/rosidl_adapter/cmake)
[0.315s] -- Found rosidl_generator_cpp: 3.1.4 (/opt/ros/humble/share/rosidl_generator_cpp/cmake)
[0.333s] -- Using all available rosidl_typesupport_c: rosidl_typesupport_fastrtps_c;rosidl_typesupport_introspection_c
[0.350s] -- Using all available rosidl_typesupport_cpp: rosidl_typesupport_fastrtps_cpp;rosidl_typesupport_introspection_cpp
[0.387s] -- Found nav_msgs: 4.2.3 (/opt/ros/humble/share/nav_msgs/cmake)
[0.742s] -- Found rosidl_default_generators: 1.2.0 (/opt/ros/humble/share/rosidl_default_generators/cmake)
[0.784s] -- Found action_msgs: 1.2.1 (/opt/ros/humble/share/action_msgs/cmake)
[1.719s] -- Found ament_cmake_ros: 0.10.0 (/opt/ros/humble/share/ament_cmake_ros/cmake)
[2.255s] -- Using all available rosidl_typesupport_c: rosidl_typesupport_fastrtps_c;rosidl_typesupport_introspection_c
[2.474s] -- Using all available rosidl_typesupport_cpp: rosidl_typesupport_fastrtps_cpp;rosidl_typesupport_introspection_cpp
[2.499s] -- Found python_cmake_module: 0.10.0 (/opt/ros/humble/share/python_cmake_module/cmake)
[2.528s] -- Using PYTHON_EXECUTABLE: /usr/bin/python3
[2.528s] -- Using PYTHON_INCLUDE_DIRS: /usr/include/python3.10
[2.528s] -- Using PYTHON_LIBRARIES: /usr/lib/x86_64-linux-gnu/libpython3.10.so
[2.617s] -- Configuring done
[2.899s] -- Generating done
[2.907s] -- Build files have been written to: /home/lhl/nav2_ws/build/nav2_msgs
[2.918s] Invoked command in '/home/lhl/nav2_ws/build/nav2_msgs' returned '0': AMENT_PREFIX_PATH=/home/lhl/nav2_ws/install/nav2_common:${AMENT_PREFIX_PATH} CMAKE_PREFIX_PATH=/home/lhl/nav2_ws/install/nav2_common:/opt/ros/humble PYTHONPATH=/home/lhl/nav2_ws/install/nav2_common/local/lib/python3.10/dist-packages:${PYTHONPATH} /usr/bin/cmake /home/lhl/nav2_ws/src/navigation2/nav2_msgs -DCMAKE_INSTALL_PREFIX=/home/lhl/nav2_ws/install/nav2_msgs
[2.918s] Invoking command in '/home/lhl/nav2_ws/build/nav2_msgs': AMENT_PREFIX_PATH=/home/lhl/nav2_ws/install/nav2_common:${AMENT_PREFIX_PATH} CMAKE_PREFIX_PATH=/home/lhl/nav2_ws/install/nav2_common:/opt/ros/humble PYTHONPATH=/home/lhl/nav2_ws/install/nav2_common/local/lib/python3.10/dist-packages:${PYTHONPATH} /usr/bin/cmake --build /home/lhl/nav2_ws/build/nav2_msgs -- -j8 -l8
[3.035s] [  0%] Built target nav2_msgs__cpp
[3.044s] [  0%] Built target ament_cmake_python_symlink_nav2_msgs
[3.427s] [35m[1mConsolidate compiler generated dependencies of target nav2_msgs__rosidl_generator_c[0m
[3.437s] running egg_info
[3.438s] writing nav2_msgs.egg-info/PKG-INFO
[3.456s] writing dependency_links to nav2_msgs.egg-info/dependency_links.txt
[3.457s] writing top-level names to nav2_msgs.egg-info/top_level.txt
[3.460s] reading manifest file 'nav2_msgs.egg-info/SOURCES.txt'
[3.469s] [ 12%] Built target nav2_msgs__rosidl_generator_c
[3.487s] writing manifest file 'nav2_msgs.egg-info/SOURCES.txt'
[3.517s] [ 12%] Built target ament_cmake_python_build_nav2_msgs_egg
[3.590s] [35m[1mConsolidate compiler generated dependencies of target nav2_msgs__rosidl_typesupport_cpp[0m
[3.656s] [ 24%] Built target nav2_msgs__rosidl_typesupport_cpp
[3.667s] [35m[1mConsolidate compiler generated dependencies of target nav2_msgs__rosidl_typesupport_introspection_c[0m
[3.696s] [ 37%] Built target nav2_msgs__rosidl_typesupport_introspection_c
[3.721s] [35m[1mConsolidate compiler generated dependencies of target nav2_msgs__rosidl_typesupport_c[0m
[3.741s] [ 49%] Built target nav2_msgs__rosidl_typesupport_c
[3.896s] [35m[1mConsolidate compiler generated dependencies of target nav2_msgs__rosidl_typesupport_introspection_cpp[0m
[3.905s] [35m[1mConsolidate compiler generated dependencies of target nav2_msgs__rosidl_typesupport_fastrtps_cpp[0m
[3.908s] [35m[1mConsolidate compiler generated dependencies of target nav2_msgs__rosidl_typesupport_fastrtps_c[0m
[3.955s] [ 62%] Built target nav2_msgs__rosidl_typesupport_introspection_cpp
[3.969s] [ 86%] Built target nav2_msgs__rosidl_typesupport_fastrtps_c
[3.969s] [ 86%] Built target nav2_msgs__rosidl_typesupport_fastrtps_cpp
[3.987s] [ 86%] Built target nav2_msgs
[4.015s] [ 86%] Built target nav2_msgs__py
[4.061s] [35m[1mConsolidate compiler generated dependencies of target nav2_msgs__rosidl_generator_py[0m
[4.188s] [ 98%] Built target nav2_msgs__rosidl_generator_py
[4.293s] [35m[1mConsolidate compiler generated dependencies of target nav2_msgs__rosidl_typesupport_c__pyext[0m
[4.293s] [35m[1mConsolidate compiler generated dependencies of target nav2_msgs__rosidl_typesupport_fastrtps_c__pyext[0m
[4.293s] [35m[1mConsolidate compiler generated dependencies of target nav2_msgs__rosidl_typesupport_introspection_c__pyext[0m
[4.347s] [ 99%] Built target nav2_msgs__rosidl_typesupport_fastrtps_c__pyext
[4.349s] [100%] Built target nav2_msgs__rosidl_typesupport_introspection_c__pyext
[4.349s] [100%] Built target nav2_msgs__rosidl_typesupport_c__pyext
[4.360s] Invoked command in '/home/lhl/nav2_ws/build/nav2_msgs' returned '0': AMENT_PREFIX_PATH=/home/lhl/nav2_ws/install/nav2_common:${AMENT_PREFIX_PATH} CMAKE_PREFIX_PATH=/home/lhl/nav2_ws/install/nav2_common:/opt/ros/humble PYTHONPATH=/home/lhl/nav2_ws/install/nav2_common/local/lib/python3.10/dist-packages:${PYTHONPATH} /usr/bin/cmake --build /home/lhl/nav2_ws/build/nav2_msgs -- -j8 -l8
[4.940s] Invoking command in '/home/lhl/nav2_ws/build/nav2_msgs': AMENT_PREFIX_PATH=/home/lhl/nav2_ws/install/nav2_common:${AMENT_PREFIX_PATH} CMAKE_PREFIX_PATH=/home/lhl/nav2_ws/install/nav2_common:/opt/ros/humble PYTHONPATH=/home/lhl/nav2_ws/install/nav2_common/local/lib/python3.10/dist-packages:${PYTHONPATH} /usr/bin/cmake --install /home/lhl/nav2_ws/build/nav2_msgs
[4.947s] -- Install configuration: "Release"
[4.948s] -- Execute custom install script
[4.948s] -- Up-to-date symlink: /home/lhl/nav2_ws/install/nav2_msgs/share/ament_index/resource_index/rosidl_interfaces/nav2_msgs
[4.950s] -- Up-to-date symlink: /home/lhl/nav2_ws/install/nav2_msgs/include/nav2_msgs/nav2_msgs/action/assisted_teleop.h
[4.950s] -- Up-to-date symlink: /home/lhl/nav2_ws/install/nav2_msgs/include/nav2_msgs/nav2_msgs/action/back_up.h
[4.950s] -- Up-to-date symlink: /home/lhl/nav2_ws/install/nav2_msgs/include/nav2_msgs/nav2_msgs/action/compute_path_through_poses.h
[4.950s] -- Up-to-date symlink: /home/lhl/nav2_ws/install/nav2_msgs/include/nav2_msgs/nav2_msgs/action/compute_path_to_pose.h
[4.951s] -- Up-to-date symlink: /home/lhl/nav2_ws/install/nav2_msgs/include/nav2_msgs/nav2_msgs/action/detail/assisted_teleop__functions.h
[4.951s] -- Up-to-date symlink: /home/lhl/nav2_ws/install/nav2_msgs/include/nav2_msgs/nav2_msgs/action/detail/assisted_teleop__struct.h
[4.951s] -- Up-to-date symlink: /home/lhl/nav2_ws/install/nav2_msgs/include/nav2_msgs/nav2_msgs/action/detail/assisted_teleop__type_support.h
[4.951s] -- Up-to-date symlink: /home/lhl/nav2_ws/install/nav2_msgs/include/nav2_msgs/nav2_msgs/action/detail/back_up__functions.h
[4.951s] -- Up-to-date symlink: /home/lhl/nav2_ws/install/nav2_msgs/include/nav2_msgs/nav2_msgs/action/detail/back_up__struct.h
[4.951s] -- Up-to-date symlink: /home/lhl/nav2_ws/install/nav2_msgs/include/nav2_msgs/nav2_msgs/action/detail/back_up__type_support.h
[4.952s] -- Up-to-date symlink: /home/lhl/nav2_ws/install/nav2_msgs/include/nav2_msgs/nav2_msgs/action/detail/compute_path_through_poses__functions.h
[4.952s] -- Up-to-date symlink: /home/lhl/nav2_ws/install/nav2_msgs/include/nav2_msgs/nav2_msgs/action/detail/compute_path_through_poses__struct.h
[4.952s] -- Up-to-date symlink: /home/lhl/nav2_ws/install/nav2_msgs/include/nav2_msgs/nav2_msgs/action/detail/compute_path_through_poses__type_support.h
[4.952s] -- Up-to-date symlink: /home/lhl/nav2_ws/install/nav2_msgs/include/nav2_msgs/nav2_msgs/action/detail/compute_path_to_pose__functions.h
[4.952s] -- Up-to-date symlink: /home/lhl/nav2_ws/install/nav2_msgs/include/nav2_msgs/nav2_msgs/action/detail/compute_path_to_pose__struct.h
[4.953s] -- Up-to-date symlink: /home/lhl/nav2_ws/install/nav2_msgs/include/nav2_msgs/nav2_msgs/action/detail/compute_path_to_pose__type_support.h
[4.953s] -- Up-to-date symlink: /home/lhl/nav2_ws/install/nav2_msgs/include/nav2_msgs/nav2_msgs/action/detail/drive_on_heading__functions.h
[4.953s] -- Up-to-date symlink: /home/lhl/nav2_ws/install/nav2_msgs/include/nav2_msgs/nav2_msgs/action/detail/drive_on_heading__struct.h
[4.953s] -- Up-to-date symlink: /home/lhl/nav2_ws/install/nav2_msgs/include/nav2_msgs/nav2_msgs/action/detail/drive_on_heading__type_support.h
[4.954s] -- Up-to-date symlink: /home/lhl/nav2_ws/install/nav2_msgs/include/nav2_msgs/nav2_msgs/action/detail/dummy_behavior__functions.h
[4.954s] -- Up-to-date symlink: /home/lhl/nav2_ws/install/nav2_msgs/include/nav2_msgs/nav2_msgs/action/detail/dummy_behavior__struct.h
[4.954s] -- Up-to-date symlink: /home/lhl/nav2_ws/install/nav2_msgs/include/nav2_msgs/nav2_msgs/action/detail/dummy_behavior__type_support.h
[4.954s] -- Up-to-date symlink: /home/lhl/nav2_ws/install/nav2_msgs/include/nav2_msgs/nav2_msgs/action/detail/follow_path__functions.h
[4.954s] -- Up-to-date symlink: /home/lhl/nav2_ws/install/nav2_msgs/include/nav2_msgs/nav2_msgs/action/detail/follow_path__struct.h
[4.954s] -- Up-to-date symlink: /home/lhl/nav2_ws/install/nav2_msgs/include/nav2_msgs/nav2_msgs/action/detail/follow_path__type_support.h
[4.954s] -- Up-to-date symlink: /home/lhl/nav2_ws/install/nav2_msgs/include/nav2_msgs/nav2_msgs/action/detail/follow_waypoints__functions.h
[4.955s] -- Up-to-date symlink: /home/lhl/nav2_ws/install/nav2_msgs/include/nav2_msgs/nav2_msgs/action/detail/follow_waypoints__struct.h
[4.955s] -- Up-to-date symlink: /home/lhl/nav2_ws/install/nav2_msgs/include/nav2_msgs/nav2_msgs/action/detail/follow_waypoints__type_support.h
[4.955s] -- Up-to-date symlink: /home/lhl/nav2_ws/install/nav2_msgs/include/nav2_msgs/nav2_msgs/action/detail/navigate_through_poses__functions.h
[4.955s] -- Up-to-date symlink: /home/lhl/nav2_ws/install/nav2_msgs/include/nav2_msgs/nav2_msgs/action/detail/navigate_through_poses__struct.h
[4.955s] -- Up-to-date symlink: /home/lhl/nav2_ws/install/nav2_msgs/include/nav2_msgs/nav2_msgs/action/detail/navigate_through_poses__type_support.h
[4.956s] -- Up-to-date symlink: /home/lhl/nav2_ws/install/nav2_msgs/include/nav2_msgs/nav2_msgs/action/detail/navigate_to_pose__functions.h
[4.956s] -- Up-to-date symlink: /home/lhl/nav2_ws/install/nav2_msgs/include/nav2_msgs/nav2_msgs/action/detail/navigate_to_pose__struct.h
[4.956s] -- Up-to-date symlink: /home/lhl/nav2_ws/install/nav2_msgs/include/nav2_msgs/nav2_msgs/action/detail/navigate_to_pose__type_support.h
[4.956s] -- Up-to-date symlink: /home/lhl/nav2_ws/install/nav2_msgs/include/nav2_msgs/nav2_msgs/action/detail/smooth_path__functions.h
[4.957s] -- Up-to-date symlink: /home/lhl/nav2_ws/install/nav2_msgs/include/nav2_msgs/nav2_msgs/action/detail/smooth_path__struct.h
[4.957s] -- Up-to-date symlink: /home/lhl/nav2_ws/install/nav2_msgs/include/nav2_msgs/nav2_msgs/action/detail/smooth_path__type_support.h
[4.957s] -- Up-to-date symlink: /home/lhl/nav2_ws/install/nav2_msgs/include/nav2_msgs/nav2_msgs/action/detail/spin__functions.h
[4.957s] -- Up-to-date symlink: /home/lhl/nav2_ws/install/nav2_msgs/include/nav2_msgs/nav2_msgs/action/detail/spin__struct.h
[4.957s] -- Up-to-date symlink: /home/lhl/nav2_ws/install/nav2_msgs/include/nav2_msgs/nav2_msgs/action/detail/spin__type_support.h
[4.958s] -- Up-to-date symlink: /home/lhl/nav2_ws/install/nav2_msgs/include/nav2_msgs/nav2_msgs/action/detail/wait__functions.h
[4.958s] -- Up-to-date symlink: /home/lhl/nav2_ws/install/nav2_msgs/include/nav2_msgs/nav2_msgs/action/detail/wait__struct.h
[4.958s] -- Up-to-date symlink: /home/lhl/nav2_ws/install/nav2_msgs/include/nav2_msgs/nav2_msgs/action/detail/wait__type_support.h
[4.958s] -- Up-to-date symlink: /home/lhl/nav2_ws/install/nav2_msgs/include/nav2_msgs/nav2_msgs/action/drive_on_heading.h
[4.958s] -- Up-to-date symlink: /home/lhl/nav2_ws/install/nav2_msgs/include/nav2_msgs/nav2_msgs/action/dummy_behavior.h
[4.958s] -- Up-to-date symlink: /home/lhl/nav2_ws/install/nav2_msgs/include/nav2_msgs/nav2_msgs/action/follow_path.h
[4.959s] -- Up-to-date symlink: /home/lhl/nav2_ws/install/nav2_msgs/include/nav2_msgs/nav2_msgs/action/follow_waypoints.h
[4.959s] -- Up-to-date symlink: /home/lhl/nav2_ws/install/nav2_msgs/include/nav2_msgs/nav2_msgs/action/navigate_through_poses.h
[4.959s] -- Up-to-date symlink: /home/lhl/nav2_ws/install/nav2_msgs/include/nav2_msgs/nav2_msgs/action/navigate_to_pose.h
[4.959s] -- Up-to-date symlink: /home/lhl/nav2_ws/install/nav2_msgs/include/nav2_msgs/nav2_msgs/action/smooth_path.h
[4.960s] -- Up-to-date symlink: /home/lhl/nav2_ws/install/nav2_msgs/include/nav2_msgs/nav2_msgs/action/spin.h
[4.960s] -- Up-to-date symlink: /home/lhl/nav2_ws/install/nav2_msgs/include/nav2_msgs/nav2_msgs/action/wait.h
[4.960s] -- Up-to-date symlink: /home/lhl/nav2_ws/install/nav2_msgs/include/nav2_msgs/nav2_msgs/msg/behavior_tree_log.h
[4.964s] -- Up-to-date symlink: /home/lhl/nav2_ws/install/nav2_msgs/include/nav2_msgs/nav2_msgs/msg/behavior_tree_status_change.h
[4.964s] -- Up-to-date symlink: /home/lhl/nav2_ws/install/nav2_msgs/include/nav2_msgs/nav2_msgs/msg/costmap.h
[4.964s] -- Up-to-date symlink: /home/lhl/nav2_ws/install/nav2_msgs/include/nav2_msgs/nav2_msgs/msg/costmap_filter_info.h
[4.964s] -- Up-to-date symlink: /home/lhl/nav2_ws/install/nav2_msgs/include/nav2_msgs/nav2_msgs/msg/costmap_meta_data.h
[4.964s] -- Up-to-date symlink: /home/lhl/nav2_ws/install/nav2_msgs/include/nav2_msgs/nav2_msgs/msg/detail/behavior_tree_log__functions.h
[4.964s] -- Up-to-date symlink: /home/lhl/nav2_ws/install/nav2_msgs/include/nav2_msgs/nav2_msgs/msg/detail/behavior_tree_log__struct.h
[4.964s] -- Up-to-date symlink: /home/lhl/nav2_ws/install/nav2_msgs/include/nav2_msgs/nav2_msgs/msg/detail/behavior_tree_log__type_support.h
[4.965s] -- Up-to-date symlink: /home/lhl/nav2_ws/install/nav2_msgs/include/nav2_msgs/nav2_msgs/msg/detail/behavior_tree_status_change__functions.h
[4.967s] -- Up-to-date symlink: /home/lhl/nav2_ws/install/nav2_msgs/include/nav2_msgs/nav2_msgs/msg/detail/behavior_tree_status_change__struct.h
[4.968s] -- Up-to-date symlink: /home/lhl/nav2_ws/install/nav2_msgs/include/nav2_msgs/nav2_msgs/msg/detail/behavior_tree_status_change__type_support.h
[4.968s] -- Up-to-date symlink: /home/lhl/nav2_ws/install/nav2_msgs/include/nav2_msgs/nav2_msgs/msg/detail/costmap__functions.h
[4.968s] -- Up-to-date symlink: /home/lhl/nav2_ws/install/nav2_msgs/include/nav2_msgs/nav2_msgs/msg/detail/costmap__struct.h
[4.968s] -- Up-to-date symlink: /home/lhl/nav2_ws/install/nav2_msgs/include/nav2_msgs/nav2_msgs/msg/detail/costmap__type_support.h
[4.968s] -- Up-to-date symlink: /home/lhl/nav2_ws/install/nav2_msgs/include/nav2_msgs/nav2_msgs/msg/detail/costmap_filter_info__functions.h
[4.968s] -- Up-to-date symlink: /home/lhl/nav2_ws/install/nav2_msgs/include/nav2_msgs/nav2_msgs/msg/detail/costmap_filter_info__struct.h
[4.968s] -- Up-to-date symlink: /home/lhl/nav2_ws/install/nav2_msgs/include/nav2_msgs/nav2_msgs/msg/detail/costmap_filter_info__type_support.h
[4.968s] -- Up-to-date symlink: /home/lhl/nav2_ws/install/nav2_msgs/include/nav2_msgs/nav2_msgs/msg/detail/costmap_meta_data__functions.h
[4.968s] -- Up-to-date symlink: /home/lhl/nav2_ws/install/nav2_msgs/include/nav2_msgs/nav2_msgs/msg/detail/costmap_meta_data__struct.h
[4.968s] -- Up-to-date symlink: /home/lhl/nav2_ws/install/nav2_msgs/include/nav2_msgs/nav2_msgs/msg/detail/costmap_meta_data__type_support.h
[4.969s] -- Up-to-date symlink: /home/lhl/nav2_ws/install/nav2_msgs/include/nav2_msgs/nav2_msgs/msg/detail/particle__functions.h
[4.969s] -- Up-to-date symlink: /home/lhl/nav2_ws/install/nav2_msgs/include/nav2_msgs/nav2_msgs/msg/detail/particle__struct.h
[4.969s] -- Up-to-date symlink: /home/lhl/nav2_ws/install/nav2_msgs/include/nav2_msgs/nav2_msgs/msg/detail/particle__type_support.h
[4.969s] -- Up-to-date symlink: /home/lhl/nav2_ws/install/nav2_msgs/include/nav2_msgs/nav2_msgs/msg/detail/particle_cloud__functions.h
[4.969s] -- Up-to-date symlink: /home/lhl/nav2_ws/install/nav2_msgs/include/nav2_msgs/nav2_msgs/msg/detail/particle_cloud__struct.h
[4.969s] -- Up-to-date symlink: /home/lhl/nav2_ws/install/nav2_msgs/include/nav2_msgs/nav2_msgs/msg/detail/particle_cloud__type_support.h
[4.969s] -- Up-to-date symlink: /home/lhl/nav2_ws/install/nav2_msgs/include/nav2_msgs/nav2_msgs/msg/detail/speed_limit__functions.h
[4.969s] -- Up-to-date symlink: /home/lhl/nav2_ws/install/nav2_msgs/include/nav2_msgs/nav2_msgs/msg/detail/speed_limit__struct.h
[4.970s] -- Up-to-date symlink: /home/lhl/nav2_ws/install/nav2_msgs/include/nav2_msgs/nav2_msgs/msg/detail/speed_limit__type_support.h
[4.970s] -- Up-to-date symlink: /home/lhl/nav2_ws/install/nav2_msgs/include/nav2_msgs/nav2_msgs/msg/detail/voxel_grid__functions.h
[4.970s] -- Up-to-date symlink: /home/lhl/nav2_ws/install/nav2_msgs/include/nav2_msgs/nav2_msgs/msg/detail/voxel_grid__struct.h
[4.970s] -- Up-to-date symlink: /home/lhl/nav2_ws/install/nav2_msgs/include/nav2_msgs/nav2_msgs/msg/detail/voxel_grid__type_support.h
[4.970s] -- Up-to-date symlink: /home/lhl/nav2_ws/install/nav2_msgs/include/nav2_msgs/nav2_msgs/msg/particle.h
[4.970s] -- Up-to-date symlink: /home/lhl/nav2_ws/install/nav2_msgs/include/nav2_msgs/nav2_msgs/msg/particle_cloud.h
[4.970s] -- Up-to-date symlink: /home/lhl/nav2_ws/install/nav2_msgs/include/nav2_msgs/nav2_msgs/msg/rosidl_generator_c__visibility_control.h
[4.970s] -- Up-to-date symlink: /home/lhl/nav2_ws/install/nav2_msgs/include/nav2_msgs/nav2_msgs/msg/speed_limit.h
[4.970s] -- Up-to-date symlink: /home/lhl/nav2_ws/install/nav2_msgs/include/nav2_msgs/nav2_msgs/msg/voxel_grid.h
[4.971s] -- Up-to-date symlink: /home/lhl/nav2_ws/install/nav2_msgs/include/nav2_msgs/nav2_msgs/srv/clear_costmap_around_robot.h
[4.971s] -- Up-to-date symlink: /home/lhl/nav2_ws/install/nav2_msgs/include/nav2_msgs/nav2_msgs/srv/clear_costmap_except_region.h
[4.971s] -- Up-to-date symlink: /home/lhl/nav2_ws/install/nav2_msgs/include/nav2_msgs/nav2_msgs/srv/clear_entire_costmap.h
[4.971s] -- Up-to-date symlink: /home/lhl/nav2_ws/install/nav2_msgs/include/nav2_msgs/nav2_msgs/srv/detail/clear_costmap_around_robot__functions.h
[4.971s] -- Up-to-date symlink: /home/lhl/nav2_ws/install/nav2_msgs/include/nav2_msgs/nav2_msgs/srv/detail/clear_costmap_around_robot__struct.h
[4.971s] -- Up-to-date symlink: /home/lhl/nav2_ws/install/nav2_msgs/include/nav2_msgs/nav2_msgs/srv/detail/clear_costmap_around_robot__type_support.h
[4.971s] -- Up-to-date symlink: /home/lhl/nav2_ws/install/nav2_msgs/include/nav2_msgs/nav2_msgs/srv/detail/clear_costmap_except_region__functions.h
[4.971s] -- Up-to-date symlink: /home/lhl/nav2_ws/install/nav2_msgs/include/nav2_msgs/nav2_msgs/srv/detail/clear_costmap_except_region__struct.h
[4.971s] -- Up-to-date symlink: /home/lhl/nav2_ws/install/nav2_msgs/include/nav2_msgs/nav2_msgs/srv/detail/clear_costmap_except_region__type_support.h
[4.972s] -- Up-to-date symlink: /home/lhl/nav2_ws/install/nav2_msgs/include/nav2_msgs/nav2_msgs/srv/detail/clear_entire_costmap__functions.h
[4.972s] -- Up-to-date symlink: /home/lhl/nav2_ws/install/nav2_msgs/include/nav2_msgs/nav2_msgs/srv/detail/clear_entire_costmap__struct.h
[4.972s] -- Up-to-date symlink: /home/lhl/nav2_ws/install/nav2_msgs/include/nav2_msgs/nav2_msgs/srv/detail/clear_entire_costmap__type_support.h
[4.972s] -- Up-to-date symlink: /home/lhl/nav2_ws/install/nav2_msgs/include/nav2_msgs/nav2_msgs/srv/detail/get_costmap__functions.h
[4.972s] -- Up-to-date symlink: /home/lhl/nav2_ws/install/nav2_msgs/include/nav2_msgs/nav2_msgs/srv/detail/get_costmap__struct.h
[4.972s] -- Up-to-date symlink: /home/lhl/nav2_ws/install/nav2_msgs/include/nav2_msgs/nav2_msgs/srv/detail/get_costmap__type_support.h
[4.972s] -- Up-to-date symlink: /home/lhl/nav2_ws/install/nav2_msgs/include/nav2_msgs/nav2_msgs/srv/detail/is_path_valid__functions.h
[4.972s] -- Up-to-date symlink: /home/lhl/nav2_ws/install/nav2_msgs/include/nav2_msgs/nav2_msgs/srv/detail/is_path_valid__struct.h
[4.972s] -- Up-to-date symlink: /home/lhl/nav2_ws/install/nav2_msgs/include/nav2_msgs/nav2_msgs/srv/detail/is_path_valid__type_support.h
[4.972s] -- Up-to-date symlink: /home/lhl/nav2_ws/install/nav2_msgs/include/nav2_msgs/nav2_msgs/srv/detail/load_map__functions.h
[4.972s] -- Up-to-date symlink: /home/lhl/nav2_ws/install/nav2_msgs/include/nav2_msgs/nav2_msgs/srv/detail/load_map__struct.h
[4.972s] -- Up-to-date symlink: /home/lhl/nav2_ws/install/nav2_msgs/include/nav2_msgs/nav2_msgs/srv/detail/load_map__type_support.h
[4.973s] -- Up-to-date symlink: /home/lhl/nav2_ws/install/nav2_msgs/include/nav2_msgs/nav2_msgs/srv/detail/manage_lifecycle_nodes__functions.h
[4.973s] -- Up-to-date symlink: /home/lhl/nav2_ws/install/nav2_msgs/include/nav2_msgs/nav2_msgs/srv/detail/manage_lifecycle_nodes__struct.h
[4.973s] -- Up-to-date symlink: /home/lhl/nav2_ws/install/nav2_msgs/include/nav2_msgs/nav2_msgs/srv/detail/manage_lifecycle_nodes__type_support.h
[4.973s] -- Up-to-date symlink: /home/lhl/nav2_ws/install/nav2_msgs/include/nav2_msgs/nav2_msgs/srv/detail/save_map__functions.h
[4.973s] -- Up-to-date symlink: /home/lhl/nav2_ws/install/nav2_msgs/include/nav2_msgs/nav2_msgs/srv/detail/save_map__struct.h
[4.973s] -- Up-to-date symlink: /home/lhl/nav2_ws/install/nav2_msgs/include/nav2_msgs/nav2_msgs/srv/detail/save_map__type_support.h
[4.973s] -- Up-to-date symlink: /home/lhl/nav2_ws/install/nav2_msgs/include/nav2_msgs/nav2_msgs/srv/get_costmap.h
[4.973s] -- Up-to-date symlink: /home/lhl/nav2_ws/install/nav2_msgs/include/nav2_msgs/nav2_msgs/srv/is_path_valid.h
[4.973s] -- Up-to-date symlink: /home/lhl/nav2_ws/install/nav2_msgs/include/nav2_msgs/nav2_msgs/srv/load_map.h
[4.973s] -- Up-to-date symlink: /home/lhl/nav2_ws/install/nav2_msgs/include/nav2_msgs/nav2_msgs/srv/manage_lifecycle_nodes.h
[4.974s] -- Up-to-date symlink: /home/lhl/nav2_ws/install/nav2_msgs/include/nav2_msgs/nav2_msgs/srv/save_map.h
[4.974s] -- Up-to-date symlink: /home/lhl/nav2_ws/install/nav2_msgs/share/nav2_msgs/environment/library_path.sh
[4.974s] -- Up-to-date symlink: /home/lhl/nav2_ws/install/nav2_msgs/share/nav2_msgs/environment/library_path.dsv
[4.974s] -- Up-to-date symlink: /home/lhl/nav2_ws/install/nav2_msgs/include/nav2_msgs/nav2_msgs/action/detail/assisted_teleop__rosidl_typesupport_fastrtps_c.h
[4.974s] -- Up-to-date symlink: /home/lhl/nav2_ws/install/nav2_msgs/include/nav2_msgs/nav2_msgs/action/detail/back_up__rosidl_typesupport_fastrtps_c.h
[4.974s] -- Up-to-date symlink: /home/lhl/nav2_ws/install/nav2_msgs/include/nav2_msgs/nav2_msgs/action/detail/compute_path_through_poses__rosidl_typesupport_fastrtps_c.h
[4.974s] -- Up-to-date symlink: /home/lhl/nav2_ws/install/nav2_msgs/include/nav2_msgs/nav2_msgs/action/detail/compute_path_to_pose__rosidl_typesupport_fastrtps_c.h
[4.974s] -- Up-to-date symlink: /home/lhl/nav2_ws/install/nav2_msgs/include/nav2_msgs/nav2_msgs/action/detail/drive_on_heading__rosidl_typesupport_fastrtps_c.h
[4.974s] -- Up-to-date symlink: /home/lhl/nav2_ws/install/nav2_msgs/include/nav2_msgs/nav2_msgs/action/detail/dummy_behavior__rosidl_typesupport_fastrtps_c.h
[4.975s] -- Up-to-date symlink: /home/lhl/nav2_ws/install/nav2_msgs/include/nav2_msgs/nav2_msgs/action/detail/follow_path__rosidl_typesupport_fastrtps_c.h
[4.975s] -- Up-to-date symlink: /home/lhl/nav2_ws/install/nav2_msgs/include/nav2_msgs/nav2_msgs/action/detail/follow_waypoints__rosidl_typesupport_fastrtps_c.h
[4.975s] -- Up-to-date symlink: /home/lhl/nav2_ws/install/nav2_msgs/include/nav2_msgs/nav2_msgs/action/detail/navigate_through_poses__rosidl_typesupport_fastrtps_c.h
[4.975s] -- Up-to-date symlink: /home/lhl/nav2_ws/install/nav2_msgs/include/nav2_msgs/nav2_msgs/action/detail/navigate_to_pose__rosidl_typesupport_fastrtps_c.h
[4.975s] -- Up-to-date symlink: /home/lhl/nav2_ws/install/nav2_msgs/include/nav2_msgs/nav2_msgs/action/detail/smooth_path__rosidl_typesupport_fastrtps_c.h
[4.975s] -- Up-to-date symlink: /home/lhl/nav2_ws/install/nav2_msgs/include/nav2_msgs/nav2_msgs/action/detail/spin__rosidl_typesupport_fastrtps_c.h
[4.975s] -- Up-to-date symlink: /home/lhl/nav2_ws/install/nav2_msgs/include/nav2_msgs/nav2_msgs/action/detail/wait__rosidl_typesupport_fastrtps_c.h
[4.975s] -- Up-to-date symlink: /home/lhl/nav2_ws/install/nav2_msgs/include/nav2_msgs/nav2_msgs/msg/detail/behavior_tree_log__rosidl_typesupport_fastrtps_c.h
[4.975s] -- Up-to-date symlink: /home/lhl/nav2_ws/install/nav2_msgs/include/nav2_msgs/nav2_msgs/msg/detail/behavior_tree_status_change__rosidl_typesupport_fastrtps_c.h
[4.976s] -- Up-to-date symlink: /home/lhl/nav2_ws/install/nav2_msgs/include/nav2_msgs/nav2_msgs/msg/detail/costmap__rosidl_typesupport_fastrtps_c.h
[4.976s] -- Up-to-date symlink: /home/lhl/nav2_ws/install/nav2_msgs/include/nav2_msgs/nav2_msgs/msg/detail/costmap_filter_info__rosidl_typesupport_fastrtps_c.h
[4.976s] -- Up-to-date symlink: /home/lhl/nav2_ws/install/nav2_msgs/include/nav2_msgs/nav2_msgs/msg/detail/costmap_meta_data__rosidl_typesupport_fastrtps_c.h
[4.976s] -- Up-to-date symlink: /home/lhl/nav2_ws/install/nav2_msgs/include/nav2_msgs/nav2_msgs/msg/detail/particle__rosidl_typesupport_fastrtps_c.h
[4.976s] -- Up-to-date symlink: /home/lhl/nav2_ws/install/nav2_msgs/include/nav2_msgs/nav2_msgs/msg/detail/particle_cloud__rosidl_typesupport_fastrtps_c.h
[4.977s] -- Up-to-date symlink: /home/lhl/nav2_ws/install/nav2_msgs/include/nav2_msgs/nav2_msgs/msg/detail/speed_limit__rosidl_typesupport_fastrtps_c.h
[4.977s] -- Up-to-date symlink: /home/lhl/nav2_ws/install/nav2_msgs/include/nav2_msgs/nav2_msgs/msg/detail/voxel_grid__rosidl_typesupport_fastrtps_c.h
[4.977s] -- Up-to-date symlink: /home/lhl/nav2_ws/install/nav2_msgs/include/nav2_msgs/nav2_msgs/msg/rosidl_typesupport_fastrtps_c__visibility_control.h
[4.977s] -- Up-to-date symlink: /home/lhl/nav2_ws/install/nav2_msgs/include/nav2_msgs/nav2_msgs/srv/detail/clear_costmap_around_robot__rosidl_typesupport_fastrtps_c.h
[4.977s] -- Up-to-date symlink: /home/lhl/nav2_ws/install/nav2_msgs/include/nav2_msgs/nav2_msgs/srv/detail/clear_costmap_except_region__rosidl_typesupport_fastrtps_c.h
[4.977s] -- Up-to-date symlink: /home/lhl/nav2_ws/install/nav2_msgs/include/nav2_msgs/nav2_msgs/srv/detail/clear_entire_costmap__rosidl_typesupport_fastrtps_c.h
[4.978s] -- Up-to-date symlink: /home/lhl/nav2_ws/install/nav2_msgs/include/nav2_msgs/nav2_msgs/srv/detail/get_costmap__rosidl_typesupport_fastrtps_c.h
[4.978s] -- Up-to-date symlink: /home/lhl/nav2_ws/install/nav2_msgs/include/nav2_msgs/nav2_msgs/srv/detail/is_path_valid__rosidl_typesupport_fastrtps_c.h
[4.978s] -- Up-to-date symlink: /home/lhl/nav2_ws/install/nav2_msgs/include/nav2_msgs/nav2_msgs/srv/detail/load_map__rosidl_typesupport_fastrtps_c.h
[4.978s] -- Up-to-date symlink: /home/lhl/nav2_ws/install/nav2_msgs/include/nav2_msgs/nav2_msgs/srv/detail/manage_lifecycle_nodes__rosidl_typesupport_fastrtps_c.h
[4.978s] -- Up-to-date symlink: /home/lhl/nav2_ws/install/nav2_msgs/include/nav2_msgs/nav2_msgs/srv/detail/save_map__rosidl_typesupport_fastrtps_c.h
[4.980s] -- Up-to-date symlink: /home/lhl/nav2_ws/install/nav2_msgs/include/nav2_msgs/nav2_msgs/action/assisted_teleop.hpp
[4.980s] -- Up-to-date symlink: /home/lhl/nav2_ws/install/nav2_msgs/include/nav2_msgs/nav2_msgs/action/back_up.hpp
[4.980s] -- Up-to-date symlink: /home/lhl/nav2_ws/install/nav2_msgs/include/nav2_msgs/nav2_msgs/action/compute_path_through_poses.hpp
[4.981s] -- Up-to-date symlink: /home/lhl/nav2_ws/install/nav2_msgs/include/nav2_msgs/nav2_msgs/action/compute_path_to_pose.hpp
[4.981s] -- Up-to-date symlink: /home/lhl/nav2_ws/install/nav2_msgs/include/nav2_msgs/nav2_msgs/action/detail/assisted_teleop__builder.hpp
[4.981s] -- Up-to-date symlink: /home/lhl/nav2_ws/install/nav2_msgs/include/nav2_msgs/nav2_msgs/action/detail/assisted_teleop__struct.hpp
[4.981s] -- Up-to-date symlink: /home/lhl/nav2_ws/install/nav2_msgs/include/nav2_msgs/nav2_msgs/action/detail/assisted_teleop__traits.hpp
[4.981s] -- Up-to-date symlink: /home/lhl/nav2_ws/install/nav2_msgs/include/nav2_msgs/nav2_msgs/action/detail/back_up__builder.hpp
[4.981s] -- Up-to-date symlink: /home/lhl/nav2_ws/install/nav2_msgs/include/nav2_msgs/nav2_msgs/action/detail/back_up__struct.hpp
[4.982s] -- Up-to-date symlink: /home/lhl/nav2_ws/install/nav2_msgs/include/nav2_msgs/nav2_msgs/action/detail/back_up__traits.hpp
[4.982s] -- Up-to-date symlink: /home/lhl/nav2_ws/install/nav2_msgs/include/nav2_msgs/nav2_msgs/action/detail/compute_path_through_poses__builder.hpp
[4.982s] -- Up-to-date symlink: /home/lhl/nav2_ws/install/nav2_msgs/include/nav2_msgs/nav2_msgs/action/detail/compute_path_through_poses__struct.hpp
[4.982s] -- Up-to-date symlink: /home/lhl/nav2_ws/install/nav2_msgs/include/nav2_msgs/nav2_msgs/action/detail/compute_path_through_poses__traits.hpp
[4.982s] -- Up-to-date symlink: /home/lhl/nav2_ws/install/nav2_msgs/include/nav2_msgs/nav2_msgs/action/detail/compute_path_to_pose__builder.hpp
[4.982s] -- Up-to-date symlink: /home/lhl/nav2_ws/install/nav2_msgs/include/nav2_msgs/nav2_msgs/action/detail/compute_path_to_pose__struct.hpp
[4.983s] -- Up-to-date symlink: /home/lhl/nav2_ws/install/nav2_msgs/include/nav2_msgs/nav2_msgs/action/detail/compute_path_to_pose__traits.hpp
[4.983s] -- Up-to-date symlink: /home/lhl/nav2_ws/install/nav2_msgs/include/nav2_msgs/nav2_msgs/action/detail/drive_on_heading__builder.hpp
[4.983s] -- Up-to-date symlink: /home/lhl/nav2_ws/install/nav2_msgs/include/nav2_msgs/nav2_msgs/action/detail/drive_on_heading__struct.hpp
[4.983s] -- Up-to-date symlink: /home/lhl/nav2_ws/install/nav2_msgs/include/nav2_msgs/nav2_msgs/action/detail/drive_on_heading__traits.hpp
[4.983s] -- Up-to-date symlink: /home/lhl/nav2_ws/install/nav2_msgs/include/nav2_msgs/nav2_msgs/action/detail/dummy_behavior__builder.hpp
[4.983s] -- Up-to-date symlink: /home/lhl/nav2_ws/install/nav2_msgs/include/nav2_msgs/nav2_msgs/action/detail/dummy_behavior__struct.hpp
[4.984s] -- Up-to-date symlink: /home/lhl/nav2_ws/install/nav2_msgs/include/nav2_msgs/nav2_msgs/action/detail/dummy_behavior__traits.hpp
[4.984s] -- Up-to-date symlink: /home/lhl/nav2_ws/install/nav2_msgs/include/nav2_msgs/nav2_msgs/action/detail/follow_path__builder.hpp
[4.984s] -- Up-to-date symlink: /home/lhl/nav2_ws/install/nav2_msgs/include/nav2_msgs/nav2_msgs/action/detail/follow_path__struct.hpp
[4.984s] -- Up-to-date symlink: /home/lhl/nav2_ws/install/nav2_msgs/include/nav2_msgs/nav2_msgs/action/detail/follow_path__traits.hpp
[4.984s] -- Up-to-date symlink: /home/lhl/nav2_ws/install/nav2_msgs/include/nav2_msgs/nav2_msgs/action/detail/follow_waypoints__builder.hpp
[4.984s] -- Up-to-date symlink: /home/lhl/nav2_ws/install/nav2_msgs/include/nav2_msgs/nav2_msgs/action/detail/follow_waypoints__struct.hpp
[4.985s] -- Up-to-date symlink: /home/lhl/nav2_ws/install/nav2_msgs/include/nav2_msgs/nav2_msgs/action/detail/follow_waypoints__traits.hpp
[4.985s] -- Up-to-date symlink: /home/lhl/nav2_ws/install/nav2_msgs/include/nav2_msgs/nav2_msgs/action/detail/navigate_through_poses__builder.hpp
[4.985s] -- Up-to-date symlink: /home/lhl/nav2_ws/install/nav2_msgs/include/nav2_msgs/nav2_msgs/action/detail/navigate_through_poses__struct.hpp
[4.985s] -- Up-to-date symlink: /home/lhl/nav2_ws/install/nav2_msgs/include/nav2_msgs/nav2_msgs/action/detail/navigate_through_poses__traits.hpp
[4.985s] -- Up-to-date symlink: /home/lhl/nav2_ws/install/nav2_msgs/include/nav2_msgs/nav2_msgs/action/detail/navigate_to_pose__builder.hpp
[4.985s] -- Up-to-date symlink: /home/lhl/nav2_ws/install/nav2_msgs/include/nav2_msgs/nav2_msgs/action/detail/navigate_to_pose__struct.hpp
[4.985s] -- Up-to-date symlink: /home/lhl/nav2_ws/install/nav2_msgs/include/nav2_msgs/nav2_msgs/action/detail/navigate_to_pose__traits.hpp
[4.985s] -- Up-to-date symlink: /home/lhl/nav2_ws/install/nav2_msgs/include/nav2_msgs/nav2_msgs/action/detail/smooth_path__builder.hpp
[4.986s] -- Up-to-date symlink: /home/lhl/nav2_ws/install/nav2_msgs/include/nav2_msgs/nav2_msgs/action/detail/smooth_path__struct.hpp
[4.986s] -- Up-to-date symlink: /home/lhl/nav2_ws/install/nav2_msgs/include/nav2_msgs/nav2_msgs/action/detail/smooth_path__traits.hpp
[4.986s] -- Up-to-date symlink: /home/lhl/nav2_ws/install/nav2_msgs/include/nav2_msgs/nav2_msgs/action/detail/spin__builder.hpp
[4.986s] -- Up-to-date symlink: /home/lhl/nav2_ws/install/nav2_msgs/include/nav2_msgs/nav2_msgs/action/detail/spin__struct.hpp
[4.986s] -- Up-to-date symlink: /home/lhl/nav2_ws/install/nav2_msgs/include/nav2_msgs/nav2_msgs/action/detail/spin__traits.hpp
[4.986s] -- Up-to-date symlink: /home/lhl/nav2_ws/install/nav2_msgs/include/nav2_msgs/nav2_msgs/action/detail/wait__builder.hpp
[4.986s] -- Up-to-date symlink: /home/lhl/nav2_ws/install/nav2_msgs/include/nav2_msgs/nav2_msgs/action/detail/wait__struct.hpp
[4.986s] -- Up-to-date symlink: /home/lhl/nav2_ws/install/nav2_msgs/include/nav2_msgs/nav2_msgs/action/detail/wait__traits.hpp
[4.986s] -- Up-to-date symlink: /home/lhl/nav2_ws/install/nav2_msgs/include/nav2_msgs/nav2_msgs/action/drive_on_heading.hpp
[4.986s] -- Up-to-date symlink: /home/lhl/nav2_ws/install/nav2_msgs/include/nav2_msgs/nav2_msgs/action/dummy_behavior.hpp
[4.987s] -- Up-to-date symlink: /home/lhl/nav2_ws/install/nav2_msgs/include/nav2_msgs/nav2_msgs/action/follow_path.hpp
[4.987s] -- Up-to-date symlink: /home/lhl/nav2_ws/install/nav2_msgs/include/nav2_msgs/nav2_msgs/action/follow_waypoints.hpp
[4.987s] -- Up-to-date symlink: /home/lhl/nav2_ws/install/nav2_msgs/include/nav2_msgs/nav2_msgs/action/navigate_through_poses.hpp
[4.987s] -- Up-to-date symlink: /home/lhl/nav2_ws/install/nav2_msgs/include/nav2_msgs/nav2_msgs/action/navigate_to_pose.hpp
[4.987s] -- Up-to-date symlink: /home/lhl/nav2_ws/install/nav2_msgs/include/nav2_msgs/nav2_msgs/action/smooth_path.hpp
[4.987s] -- Up-to-date symlink: /home/lhl/nav2_ws/install/nav2_msgs/include/nav2_msgs/nav2_msgs/action/spin.hpp
[4.987s] -- Up-to-date symlink: /home/lhl/nav2_ws/install/nav2_msgs/include/nav2_msgs/nav2_msgs/action/wait.hpp
[4.987s] -- Up-to-date symlink: /home/lhl/nav2_ws/install/nav2_msgs/include/nav2_msgs/nav2_msgs/msg/behavior_tree_log.hpp
[4.987s] -- Up-to-date symlink: /home/lhl/nav2_ws/install/nav2_msgs/include/nav2_msgs/nav2_msgs/msg/behavior_tree_status_change.hpp
[4.988s] -- Up-to-date symlink: /home/lhl/nav2_ws/install/nav2_msgs/include/nav2_msgs/nav2_msgs/msg/costmap.hpp
[4.988s] -- Up-to-date symlink: /home/lhl/nav2_ws/install/nav2_msgs/include/nav2_msgs/nav2_msgs/msg/costmap_filter_info.hpp
[4.988s] -- Up-to-date symlink: /home/lhl/nav2_ws/install/nav2_msgs/include/nav2_msgs/nav2_msgs/msg/costmap_meta_data.hpp
[4.988s] -- Up-to-date symlink: /home/lhl/nav2_ws/install/nav2_msgs/include/nav2_msgs/nav2_msgs/msg/detail/behavior_tree_log__builder.hpp
[4.988s] -- Up-to-date symlink: /home/lhl/nav2_ws/install/nav2_msgs/include/nav2_msgs/nav2_msgs/msg/detail/behavior_tree_log__struct.hpp
[4.988s] -- Up-to-date symlink: /home/lhl/nav2_ws/install/nav2_msgs/include/nav2_msgs/nav2_msgs/msg/detail/behavior_tree_log__traits.hpp
[4.988s] -- Up-to-date symlink: /home/lhl/nav2_ws/install/nav2_msgs/include/nav2_msgs/nav2_msgs/msg/detail/behavior_tree_status_change__builder.hpp
[4.988s] -- Up-to-date symlink: /home/lhl/nav2_ws/install/nav2_msgs/include/nav2_msgs/nav2_msgs/msg/detail/behavior_tree_status_change__struct.hpp
[4.988s] -- Up-to-date symlink: /home/lhl/nav2_ws/install/nav2_msgs/include/nav2_msgs/nav2_msgs/msg/detail/behavior_tree_status_change__traits.hpp
[4.989s] -- Up-to-date symlink: /home/lhl/nav2_ws/install/nav2_msgs/include/nav2_msgs/nav2_msgs/msg/detail/costmap__builder.hpp
[4.989s] -- Up-to-date symlink: /home/lhl/nav2_ws/install/nav2_msgs/include/nav2_msgs/nav2_msgs/msg/detail/costmap__struct.hpp
[4.989s] -- Up-to-date symlink: /home/lhl/nav2_ws/install/nav2_msgs/include/nav2_msgs/nav2_msgs/msg/detail/costmap__traits.hpp
[4.989s] -- Up-to-date symlink: /home/lhl/nav2_ws/install/nav2_msgs/include/nav2_msgs/nav2_msgs/msg/detail/costmap_filter_info__builder.hpp
[4.989s] -- Up-to-date symlink: /home/lhl/nav2_ws/install/nav2_msgs/include/nav2_msgs/nav2_msgs/msg/detail/costmap_filter_info__struct.hpp
[4.989s] -- Up-to-date symlink: /home/lhl/nav2_ws/install/nav2_msgs/include/nav2_msgs/nav2_msgs/msg/detail/costmap_filter_info__traits.hpp
[4.989s] -- Up-to-date symlink: /home/lhl/nav2_ws/install/nav2_msgs/include/nav2_msgs/nav2_msgs/msg/detail/costmap_meta_data__builder.hpp
[4.989s] -- Up-to-date symlink: /home/lhl/nav2_ws/install/nav2_msgs/include/nav2_msgs/nav2_msgs/msg/detail/costmap_meta_data__struct.hpp
[4.989s] -- Up-to-date symlink: /home/lhl/nav2_ws/install/nav2_msgs/include/nav2_msgs/nav2_msgs/msg/detail/costmap_meta_data__traits.hpp
[4.989s] -- Up-to-date symlink: /home/lhl/nav2_ws/install/nav2_msgs/include/nav2_msgs/nav2_msgs/msg/detail/particle__builder.hpp
[4.990s] -- Up-to-date symlink: /home/lhl/nav2_ws/install/nav2_msgs/include/nav2_msgs/nav2_msgs/msg/detail/particle__struct.hpp
[4.990s] -- Up-to-date symlink: /home/lhl/nav2_ws/install/nav2_msgs/include/nav2_msgs/nav2_msgs/msg/detail/particle__traits.hpp
[4.990s] -- Up-to-date symlink: /home/lhl/nav2_ws/install/nav2_msgs/include/nav2_msgs/nav2_msgs/msg/detail/particle_cloud__builder.hpp
[4.990s] -- Up-to-date symlink: /home/lhl/nav2_ws/install/nav2_msgs/include/nav2_msgs/nav2_msgs/msg/detail/particle_cloud__struct.hpp
[4.990s] -- Up-to-date symlink: /home/lhl/nav2_ws/install/nav2_msgs/include/nav2_msgs/nav2_msgs/msg/detail/particle_cloud__traits.hpp
[4.990s] -- Up-to-date symlink: /home/lhl/nav2_ws/install/nav2_msgs/include/nav2_msgs/nav2_msgs/msg/detail/speed_limit__builder.hpp
[4.990s] -- Up-to-date symlink: /home/lhl/nav2_ws/install/nav2_msgs/include/nav2_msgs/nav2_msgs/msg/detail/speed_limit__struct.hpp
[4.990s] -- Up-to-date symlink: /home/lhl/nav2_ws/install/nav2_msgs/include/nav2_msgs/nav2_msgs/msg/detail/speed_limit__traits.hpp
[4.990s] -- Up-to-date symlink: /home/lhl/nav2_ws/install/nav2_msgs/include/nav2_msgs/nav2_msgs/msg/detail/voxel_grid__builder.hpp
[4.991s] -- Up-to-date symlink: /home/lhl/nav2_ws/install/nav2_msgs/include/nav2_msgs/nav2_msgs/msg/detail/voxel_grid__struct.hpp
[4.991s] -- Up-to-date symlink: /home/lhl/nav2_ws/install/nav2_msgs/include/nav2_msgs/nav2_msgs/msg/detail/voxel_grid__traits.hpp
[4.991s] -- Up-to-date symlink: /home/lhl/nav2_ws/install/nav2_msgs/include/nav2_msgs/nav2_msgs/msg/particle.hpp
[4.991s] -- Up-to-date symlink: /home/lhl/nav2_ws/install/nav2_msgs/include/nav2_msgs/nav2_msgs/msg/particle_cloud.hpp
[4.991s] -- Up-to-date symlink: /home/lhl/nav2_ws/install/nav2_msgs/include/nav2_msgs/nav2_msgs/msg/speed_limit.hpp
[4.991s] -- Up-to-date symlink: /home/lhl/nav2_ws/install/nav2_msgs/include/nav2_msgs/nav2_msgs/msg/voxel_grid.hpp
[4.991s] -- Up-to-date symlink: /home/lhl/nav2_ws/install/nav2_msgs/include/nav2_msgs/nav2_msgs/srv/clear_costmap_around_robot.hpp
[4.991s] -- Up-to-date symlink: /home/lhl/nav2_ws/install/nav2_msgs/include/nav2_msgs/nav2_msgs/srv/clear_costmap_except_region.hpp
[4.991s] -- Up-to-date symlink: /home/lhl/nav2_ws/install/nav2_msgs/include/nav2_msgs/nav2_msgs/srv/clear_entire_costmap.hpp
[4.991s] -- Up-to-date symlink: /home/lhl/nav2_ws/install/nav2_msgs/include/nav2_msgs/nav2_msgs/srv/detail/clear_costmap_around_robot__builder.hpp
[4.992s] -- Up-to-date symlink: /home/lhl/nav2_ws/install/nav2_msgs/include/nav2_msgs/nav2_msgs/srv/detail/clear_costmap_around_robot__struct.hpp
[4.992s] -- Up-to-date symlink: /home/lhl/nav2_ws/install/nav2_msgs/include/nav2_msgs/nav2_msgs/srv/detail/clear_costmap_around_robot__traits.hpp
[4.992s] -- Up-to-date symlink: /home/lhl/nav2_ws/install/nav2_msgs/include/nav2_msgs/nav2_msgs/srv/detail/clear_costmap_except_region__builder.hpp
[4.992s] -- Up-to-date symlink: /home/lhl/nav2_ws/install/nav2_msgs/include/nav2_msgs/nav2_msgs/srv/detail/clear_costmap_except_region__struct.hpp
[4.992s] -- Up-to-date symlink: /home/lhl/nav2_ws/install/nav2_msgs/include/nav2_msgs/nav2_msgs/srv/detail/clear_costmap_except_region__traits.hpp
[4.992s] -- Up-to-date symlink: /home/lhl/nav2_ws/install/nav2_msgs/include/nav2_msgs/nav2_msgs/srv/detail/clear_entire_costmap__builder.hpp
[4.992s] -- Up-to-date symlink: /home/lhl/nav2_ws/install/nav2_msgs/include/nav2_msgs/nav2_msgs/srv/detail/clear_entire_costmap__struct.hpp
[4.992s] -- Up-to-date symlink: /home/lhl/nav2_ws/install/nav2_msgs/include/nav2_msgs/nav2_msgs/srv/detail/clear_entire_costmap__traits.hpp
[4.993s] -- Up-to-date symlink: /home/lhl/nav2_ws/install/nav2_msgs/include/nav2_msgs/nav2_msgs/srv/detail/get_costmap__builder.hpp
[4.993s] -- Up-to-date symlink: /home/lhl/nav2_ws/install/nav2_msgs/include/nav2_msgs/nav2_msgs/srv/detail/get_costmap__struct.hpp
[4.993s] -- Up-to-date symlink: /home/lhl/nav2_ws/install/nav2_msgs/include/nav2_msgs/nav2_msgs/srv/detail/get_costmap__traits.hpp
[4.993s] -- Up-to-date symlink: /home/lhl/nav2_ws/install/nav2_msgs/include/nav2_msgs/nav2_msgs/srv/detail/is_path_valid__builder.hpp
[4.993s] -- Up-to-date symlink: /home/lhl/nav2_ws/install/nav2_msgs/include/nav2_msgs/nav2_msgs/srv/detail/is_path_valid__struct.hpp
[4.993s] -- Up-to-date symlink: /home/lhl/nav2_ws/install/nav2_msgs/include/nav2_msgs/nav2_msgs/srv/detail/is_path_valid__traits.hpp
[4.993s] -- Up-to-date symlink: /home/lhl/nav2_ws/install/nav2_msgs/include/nav2_msgs/nav2_msgs/srv/detail/load_map__builder.hpp
[4.994s] -- Up-to-date symlink: /home/lhl/nav2_ws/install/nav2_msgs/include/nav2_msgs/nav2_msgs/srv/detail/load_map__struct.hpp
[4.994s] -- Up-to-date symlink: /home/lhl/nav2_ws/install/nav2_msgs/include/nav2_msgs/nav2_msgs/srv/detail/load_map__traits.hpp
[4.994s] -- Up-to-date symlink: /home/lhl/nav2_ws/install/nav2_msgs/include/nav2_msgs/nav2_msgs/srv/detail/manage_lifecycle_nodes__builder.hpp
[4.994s] -- Up-to-date symlink: /home/lhl/nav2_ws/install/nav2_msgs/include/nav2_msgs/nav2_msgs/srv/detail/manage_lifecycle_nodes__struct.hpp
[4.994s] -- Up-to-date symlink: /home/lhl/nav2_ws/install/nav2_msgs/include/nav2_msgs/nav2_msgs/srv/detail/manage_lifecycle_nodes__traits.hpp
[4.994s] -- Up-to-date symlink: /home/lhl/nav2_ws/install/nav2_msgs/include/nav2_msgs/nav2_msgs/srv/detail/save_map__builder.hpp
[4.994s] -- Up-to-date symlink: /home/lhl/nav2_ws/install/nav2_msgs/include/nav2_msgs/nav2_msgs/srv/detail/save_map__struct.hpp
[4.994s] -- Up-to-date symlink: /home/lhl/nav2_ws/install/nav2_msgs/include/nav2_msgs/nav2_msgs/srv/detail/save_map__traits.hpp
[4.994s] -- Up-to-date symlink: /home/lhl/nav2_ws/install/nav2_msgs/include/nav2_msgs/nav2_msgs/srv/get_costmap.hpp
[4.995s] -- Up-to-date symlink: /home/lhl/nav2_ws/install/nav2_msgs/include/nav2_msgs/nav2_msgs/srv/is_path_valid.hpp
[4.995s] -- Up-to-date symlink: /home/lhl/nav2_ws/install/nav2_msgs/include/nav2_msgs/nav2_msgs/srv/load_map.hpp
[4.995s] -- Up-to-date symlink: /home/lhl/nav2_ws/install/nav2_msgs/include/nav2_msgs/nav2_msgs/srv/manage_lifecycle_nodes.hpp
[4.995s] -- Up-to-date symlink: /home/lhl/nav2_ws/install/nav2_msgs/include/nav2_msgs/nav2_msgs/srv/save_map.hpp
[4.997s] -- Up-to-date symlink: /home/lhl/nav2_ws/install/nav2_msgs/include/nav2_msgs/nav2_msgs/action/detail/assisted_teleop__rosidl_typesupport_fastrtps_cpp.hpp
[4.997s] -- Up-to-date symlink: /home/lhl/nav2_ws/install/nav2_msgs/include/nav2_msgs/nav2_msgs/action/detail/back_up__rosidl_typesupport_fastrtps_cpp.hpp
[4.997s] -- Up-to-date symlink: /home/lhl/nav2_ws/install/nav2_msgs/include/nav2_msgs/nav2_msgs/action/detail/compute_path_through_poses__rosidl_typesupport_fastrtps_cpp.hpp
[4.997s] -- Up-to-date symlink: /home/lhl/nav2_ws/install/nav2_msgs/include/nav2_msgs/nav2_msgs/action/detail/compute_path_to_pose__rosidl_typesupport_fastrtps_cpp.hpp
[4.997s] -- Up-to-date symlink: /home/lhl/nav2_ws/install/nav2_msgs/include/nav2_msgs/nav2_msgs/action/detail/drive_on_heading__rosidl_typesupport_fastrtps_cpp.hpp
[4.997s] -- Up-to-date symlink: /home/lhl/nav2_ws/install/nav2_msgs/include/nav2_msgs/nav2_msgs/action/detail/dummy_behavior__rosidl_typesupport_fastrtps_cpp.hpp
[4.997s] -- Up-to-date symlink: /home/lhl/nav2_ws/install/nav2_msgs/include/nav2_msgs/nav2_msgs/action/detail/follow_path__rosidl_typesupport_fastrtps_cpp.hpp
[4.997s] -- Up-to-date symlink: /home/lhl/nav2_ws/install/nav2_msgs/include/nav2_msgs/nav2_msgs/action/detail/follow_waypoints__rosidl_typesupport_fastrtps_cpp.hpp
[4.998s] -- Up-to-date symlink: /home/lhl/nav2_ws/install/nav2_msgs/include/nav2_msgs/nav2_msgs/action/detail/navigate_through_poses__rosidl_typesupport_fastrtps_cpp.hpp
[4.998s] -- Up-to-date symlink: /home/lhl/nav2_ws/install/nav2_msgs/include/nav2_msgs/nav2_msgs/action/detail/navigate_to_pose__rosidl_typesupport_fastrtps_cpp.hpp
[4.998s] -- Up-to-date symlink: /home/lhl/nav2_ws/install/nav2_msgs/include/nav2_msgs/nav2_msgs/action/detail/smooth_path__rosidl_typesupport_fastrtps_cpp.hpp
[4.998s] -- Up-to-date symlink: /home/lhl/nav2_ws/install/nav2_msgs/include/nav2_msgs/nav2_msgs/action/detail/spin__rosidl_typesupport_fastrtps_cpp.hpp
[4.998s] -- Up-to-date symlink: /home/lhl/nav2_ws/install/nav2_msgs/include/nav2_msgs/nav2_msgs/action/detail/wait__rosidl_typesupport_fastrtps_cpp.hpp
[4.998s] -- Up-to-date symlink: /home/lhl/nav2_ws/install/nav2_msgs/include/nav2_msgs/nav2_msgs/msg/detail/behavior_tree_log__rosidl_typesupport_fastrtps_cpp.hpp
[4.998s] -- Up-to-date symlink: /home/lhl/nav2_ws/install/nav2_msgs/include/nav2_msgs/nav2_msgs/msg/detail/behavior_tree_status_change__rosidl_typesupport_fastrtps_cpp.hpp
[4.998s] -- Up-to-date symlink: /home/lhl/nav2_ws/install/nav2_msgs/include/nav2_msgs/nav2_msgs/msg/detail/costmap__rosidl_typesupport_fastrtps_cpp.hpp
[4.998s] -- Up-to-date symlink: /home/lhl/nav2_ws/install/nav2_msgs/include/nav2_msgs/nav2_msgs/msg/detail/costmap_filter_info__rosidl_typesupport_fastrtps_cpp.hpp
[4.999s] -- Up-to-date symlink: /home/lhl/nav2_ws/install/nav2_msgs/include/nav2_msgs/nav2_msgs/msg/detail/costmap_meta_data__rosidl_typesupport_fastrtps_cpp.hpp
[4.999s] -- Up-to-date symlink: /home/lhl/nav2_ws/install/nav2_msgs/include/nav2_msgs/nav2_msgs/msg/detail/particle__rosidl_typesupport_fastrtps_cpp.hpp
[4.999s] -- Up-to-date symlink: /home/lhl/nav2_ws/install/nav2_msgs/include/nav2_msgs/nav2_msgs/msg/detail/particle_cloud__rosidl_typesupport_fastrtps_cpp.hpp
[4.999s] -- Up-to-date symlink: /home/lhl/nav2_ws/install/nav2_msgs/include/nav2_msgs/nav2_msgs/msg/detail/speed_limit__rosidl_typesupport_fastrtps_cpp.hpp
[4.999s] -- Up-to-date symlink: /home/lhl/nav2_ws/install/nav2_msgs/include/nav2_msgs/nav2_msgs/msg/detail/voxel_grid__rosidl_typesupport_fastrtps_cpp.hpp
[4.999s] -- Up-to-date symlink: /home/lhl/nav2_ws/install/nav2_msgs/include/nav2_msgs/nav2_msgs/msg/rosidl_typesupport_fastrtps_cpp__visibility_control.h
[4.999s] -- Up-to-date symlink: /home/lhl/nav2_ws/install/nav2_msgs/include/nav2_msgs/nav2_msgs/srv/detail/clear_costmap_around_robot__rosidl_typesupport_fastrtps_cpp.hpp
[4.999s] -- Up-to-date symlink: /home/lhl/nav2_ws/install/nav2_msgs/include/nav2_msgs/nav2_msgs/srv/detail/clear_costmap_except_region__rosidl_typesupport_fastrtps_cpp.hpp
[4.999s] -- Up-to-date symlink: /home/lhl/nav2_ws/install/nav2_msgs/include/nav2_msgs/nav2_msgs/srv/detail/clear_entire_costmap__rosidl_typesupport_fastrtps_cpp.hpp
[5.000s] -- Up-to-date symlink: /home/lhl/nav2_ws/install/nav2_msgs/include/nav2_msgs/nav2_msgs/srv/detail/get_costmap__rosidl_typesupport_fastrtps_cpp.hpp
[5.000s] -- Up-to-date symlink: /home/lhl/nav2_ws/install/nav2_msgs/include/nav2_msgs/nav2_msgs/srv/detail/is_path_valid__rosidl_typesupport_fastrtps_cpp.hpp
[5.000s] -- Up-to-date symlink: /home/lhl/nav2_ws/install/nav2_msgs/include/nav2_msgs/nav2_msgs/srv/detail/load_map__rosidl_typesupport_fastrtps_cpp.hpp
[5.000s] -- Up-to-date symlink: /home/lhl/nav2_ws/install/nav2_msgs/include/nav2_msgs/nav2_msgs/srv/detail/manage_lifecycle_nodes__rosidl_typesupport_fastrtps_cpp.hpp
[5.000s] -- Up-to-date symlink: /home/lhl/nav2_ws/install/nav2_msgs/include/nav2_msgs/nav2_msgs/srv/detail/save_map__rosidl_typesupport_fastrtps_cpp.hpp
[5.000s] -- Up-to-date symlink: /home/lhl/nav2_ws/install/nav2_msgs/include/nav2_msgs/nav2_msgs/action/detail/assisted_teleop__rosidl_typesupport_introspection_c.h
[5.001s] -- Up-to-date symlink: /home/lhl/nav2_ws/install/nav2_msgs/include/nav2_msgs/nav2_msgs/action/detail/back_up__rosidl_typesupport_introspection_c.h
[5.001s] -- Up-to-date symlink: /home/lhl/nav2_ws/install/nav2_msgs/include/nav2_msgs/nav2_msgs/action/detail/compute_path_through_poses__rosidl_typesupport_introspection_c.h
[5.001s] -- Up-to-date symlink: /home/lhl/nav2_ws/install/nav2_msgs/include/nav2_msgs/nav2_msgs/action/detail/compute_path_to_pose__rosidl_typesupport_introspection_c.h
[5.001s] -- Up-to-date symlink: /home/lhl/nav2_ws/install/nav2_msgs/include/nav2_msgs/nav2_msgs/action/detail/drive_on_heading__rosidl_typesupport_introspection_c.h
[5.001s] -- Up-to-date symlink: /home/lhl/nav2_ws/install/nav2_msgs/include/nav2_msgs/nav2_msgs/action/detail/dummy_behavior__rosidl_typesupport_introspection_c.h
[5.001s] -- Up-to-date symlink: /home/lhl/nav2_ws/install/nav2_msgs/include/nav2_msgs/nav2_msgs/action/detail/follow_path__rosidl_typesupport_introspection_c.h
[5.001s] -- Up-to-date symlink: /home/lhl/nav2_ws/install/nav2_msgs/include/nav2_msgs/nav2_msgs/action/detail/follow_waypoints__rosidl_typesupport_introspection_c.h
[5.001s] -- Up-to-date symlink: /home/lhl/nav2_ws/install/nav2_msgs/include/nav2_msgs/nav2_msgs/action/detail/navigate_through_poses__rosidl_typesupport_introspection_c.h
[5.002s] -- Up-to-date symlink: /home/lhl/nav2_ws/install/nav2_msgs/include/nav2_msgs/nav2_msgs/action/detail/navigate_to_pose__rosidl_typesupport_introspection_c.h
[5.002s] -- Up-to-date symlink: /home/lhl/nav2_ws/install/nav2_msgs/include/nav2_msgs/nav2_msgs/action/detail/smooth_path__rosidl_typesupport_introspection_c.h
[5.002s] -- Up-to-date symlink: /home/lhl/nav2_ws/install/nav2_msgs/include/nav2_msgs/nav2_msgs/action/detail/spin__rosidl_typesupport_introspection_c.h
[5.002s] -- Up-to-date symlink: /home/lhl/nav2_ws/install/nav2_msgs/include/nav2_msgs/nav2_msgs/action/detail/wait__rosidl_typesupport_introspection_c.h
[5.002s] -- Up-to-date symlink: /home/lhl/nav2_ws/install/nav2_msgs/include/nav2_msgs/nav2_msgs/msg/detail/behavior_tree_log__rosidl_typesupport_introspection_c.h
[5.002s] -- Up-to-date symlink: /home/lhl/nav2_ws/install/nav2_msgs/include/nav2_msgs/nav2_msgs/msg/detail/behavior_tree_status_change__rosidl_typesupport_introspection_c.h
[5.002s] -- Up-to-date symlink: /home/lhl/nav2_ws/install/nav2_msgs/include/nav2_msgs/nav2_msgs/msg/detail/costmap__rosidl_typesupport_introspection_c.h
[5.002s] -- Up-to-date symlink: /home/lhl/nav2_ws/install/nav2_msgs/include/nav2_msgs/nav2_msgs/msg/detail/costmap_filter_info__rosidl_typesupport_introspection_c.h
[5.003s] -- Up-to-date symlink: /home/lhl/nav2_ws/install/nav2_msgs/include/nav2_msgs/nav2_msgs/msg/detail/costmap_meta_data__rosidl_typesupport_introspection_c.h
[5.003s] -- Up-to-date symlink: /home/lhl/nav2_ws/install/nav2_msgs/include/nav2_msgs/nav2_msgs/msg/detail/particle__rosidl_typesupport_introspection_c.h
[5.003s] -- Up-to-date symlink: /home/lhl/nav2_ws/install/nav2_msgs/include/nav2_msgs/nav2_msgs/msg/detail/particle_cloud__rosidl_typesupport_introspection_c.h
[5.003s] -- Up-to-date symlink: /home/lhl/nav2_ws/install/nav2_msgs/include/nav2_msgs/nav2_msgs/msg/detail/speed_limit__rosidl_typesupport_introspection_c.h
[5.003s] -- Up-to-date symlink: /home/lhl/nav2_ws/install/nav2_msgs/include/nav2_msgs/nav2_msgs/msg/detail/voxel_grid__rosidl_typesupport_introspection_c.h
[5.003s] -- Up-to-date symlink: /home/lhl/nav2_ws/install/nav2_msgs/include/nav2_msgs/nav2_msgs/msg/rosidl_typesupport_introspection_c__visibility_control.h
[5.003s] -- Up-to-date symlink: /home/lhl/nav2_ws/install/nav2_msgs/include/nav2_msgs/nav2_msgs/srv/detail/clear_costmap_around_robot__rosidl_typesupport_introspection_c.h
[5.003s] -- Up-to-date symlink: /home/lhl/nav2_ws/install/nav2_msgs/include/nav2_msgs/nav2_msgs/srv/detail/clear_costmap_except_region__rosidl_typesupport_introspection_c.h
[5.004s] -- Up-to-date symlink: /home/lhl/nav2_ws/install/nav2_msgs/include/nav2_msgs/nav2_msgs/srv/detail/clear_entire_costmap__rosidl_typesupport_introspection_c.h
[5.004s] -- Up-to-date symlink: /home/lhl/nav2_ws/install/nav2_msgs/include/nav2_msgs/nav2_msgs/srv/detail/get_costmap__rosidl_typesupport_introspection_c.h
[5.004s] -- Up-to-date symlink: /home/lhl/nav2_ws/install/nav2_msgs/include/nav2_msgs/nav2_msgs/srv/detail/is_path_valid__rosidl_typesupport_introspection_c.h
[5.004s] -- Up-to-date symlink: /home/lhl/nav2_ws/install/nav2_msgs/include/nav2_msgs/nav2_msgs/srv/detail/load_map__rosidl_typesupport_introspection_c.h
[5.004s] -- Up-to-date symlink: /home/lhl/nav2_ws/install/nav2_msgs/include/nav2_msgs/nav2_msgs/srv/detail/manage_lifecycle_nodes__rosidl_typesupport_introspection_c.h
[5.004s] -- Up-to-date symlink: /home/lhl/nav2_ws/install/nav2_msgs/include/nav2_msgs/nav2_msgs/srv/detail/save_map__rosidl_typesupport_introspection_c.h
[5.005s] -- Up-to-date symlink: /home/lhl/nav2_ws/install/nav2_msgs/include/nav2_msgs/nav2_msgs/action/detail/assisted_teleop__rosidl_typesupport_introspection_cpp.hpp
[5.005s] -- Up-to-date symlink: /home/lhl/nav2_ws/install/nav2_msgs/include/nav2_msgs/nav2_msgs/action/detail/back_up__rosidl_typesupport_introspection_cpp.hpp
[5.005s] -- Up-to-date symlink: /home/lhl/nav2_ws/install/nav2_msgs/include/nav2_msgs/nav2_msgs/action/detail/compute_path_through_poses__rosidl_typesupport_introspection_cpp.hpp
[5.006s] -- Up-to-date symlink: /home/lhl/nav2_ws/install/nav2_msgs/include/nav2_msgs/nav2_msgs/action/detail/compute_path_to_pose__rosidl_typesupport_introspection_cpp.hpp
[5.006s] -- Up-to-date symlink: /home/lhl/nav2_ws/install/nav2_msgs/include/nav2_msgs/nav2_msgs/action/detail/drive_on_heading__rosidl_typesupport_introspection_cpp.hpp
[5.006s] -- Up-to-date symlink: /home/lhl/nav2_ws/install/nav2_msgs/include/nav2_msgs/nav2_msgs/action/detail/dummy_behavior__rosidl_typesupport_introspection_cpp.hpp
[5.006s] -- Up-to-date symlink: /home/lhl/nav2_ws/install/nav2_msgs/include/nav2_msgs/nav2_msgs/action/detail/follow_path__rosidl_typesupport_introspection_cpp.hpp
[5.006s] -- Up-to-date symlink: /home/lhl/nav2_ws/install/nav2_msgs/include/nav2_msgs/nav2_msgs/action/detail/follow_waypoints__rosidl_typesupport_introspection_cpp.hpp
[5.006s] -- Up-to-date symlink: /home/lhl/nav2_ws/install/nav2_msgs/include/nav2_msgs/nav2_msgs/action/detail/navigate_through_poses__rosidl_typesupport_introspection_cpp.hpp
[5.007s] -- Up-to-date symlink: /home/lhl/nav2_ws/install/nav2_msgs/include/nav2_msgs/nav2_msgs/action/detail/navigate_to_pose__rosidl_typesupport_introspection_cpp.hpp
[5.007s] -- Up-to-date symlink: /home/lhl/nav2_ws/install/nav2_msgs/include/nav2_msgs/nav2_msgs/action/detail/smooth_path__rosidl_typesupport_introspection_cpp.hpp
[5.007s] -- Up-to-date symlink: /home/lhl/nav2_ws/install/nav2_msgs/include/nav2_msgs/nav2_msgs/action/detail/spin__rosidl_typesupport_introspection_cpp.hpp
[5.007s] -- Up-to-date symlink: /home/lhl/nav2_ws/install/nav2_msgs/include/nav2_msgs/nav2_msgs/action/detail/wait__rosidl_typesupport_introspection_cpp.hpp
[5.007s] -- Up-to-date symlink: /home/lhl/nav2_ws/install/nav2_msgs/include/nav2_msgs/nav2_msgs/msg/detail/behavior_tree_log__rosidl_typesupport_introspection_cpp.hpp
[5.007s] -- Up-to-date symlink: /home/lhl/nav2_ws/install/nav2_msgs/include/nav2_msgs/nav2_msgs/msg/detail/behavior_tree_status_change__rosidl_typesupport_introspection_cpp.hpp
[5.008s] -- Up-to-date symlink: /home/lhl/nav2_ws/install/nav2_msgs/include/nav2_msgs/nav2_msgs/msg/detail/costmap__rosidl_typesupport_introspection_cpp.hpp
[5.008s] -- Up-to-date symlink: /home/lhl/nav2_ws/install/nav2_msgs/include/nav2_msgs/nav2_msgs/msg/detail/costmap_filter_info__rosidl_typesupport_introspection_cpp.hpp
[5.008s] -- Up-to-date symlink: /home/lhl/nav2_ws/install/nav2_msgs/include/nav2_msgs/nav2_msgs/msg/detail/costmap_meta_data__rosidl_typesupport_introspection_cpp.hpp
[5.008s] -- Up-to-date symlink: /home/lhl/nav2_ws/install/nav2_msgs/include/nav2_msgs/nav2_msgs/msg/detail/particle__rosidl_typesupport_introspection_cpp.hpp
[5.008s] -- Up-to-date symlink: /home/lhl/nav2_ws/install/nav2_msgs/include/nav2_msgs/nav2_msgs/msg/detail/particle_cloud__rosidl_typesupport_introspection_cpp.hpp
[5.009s] -- Up-to-date symlink: /home/lhl/nav2_ws/install/nav2_msgs/include/nav2_msgs/nav2_msgs/msg/detail/speed_limit__rosidl_typesupport_introspection_cpp.hpp
[5.009s] -- Up-to-date symlink: /home/lhl/nav2_ws/install/nav2_msgs/include/nav2_msgs/nav2_msgs/msg/detail/voxel_grid__rosidl_typesupport_introspection_cpp.hpp
[5.009s] -- Up-to-date symlink: /home/lhl/nav2_ws/install/nav2_msgs/include/nav2_msgs/nav2_msgs/srv/detail/clear_costmap_around_robot__rosidl_typesupport_introspection_cpp.hpp
[5.009s] -- Up-to-date symlink: /home/lhl/nav2_ws/install/nav2_msgs/include/nav2_msgs/nav2_msgs/srv/detail/clear_costmap_except_region__rosidl_typesupport_introspection_cpp.hpp
[5.009s] -- Up-to-date symlink: /home/lhl/nav2_ws/install/nav2_msgs/include/nav2_msgs/nav2_msgs/srv/detail/clear_entire_costmap__rosidl_typesupport_introspection_cpp.hpp
[5.009s] -- Up-to-date symlink: /home/lhl/nav2_ws/install/nav2_msgs/include/nav2_msgs/nav2_msgs/srv/detail/get_costmap__rosidl_typesupport_introspection_cpp.hpp
[5.009s] -- Up-to-date symlink: /home/lhl/nav2_ws/install/nav2_msgs/include/nav2_msgs/nav2_msgs/srv/detail/is_path_valid__rosidl_typesupport_introspection_cpp.hpp
[5.010s] -- Up-to-date symlink: /home/lhl/nav2_ws/install/nav2_msgs/include/nav2_msgs/nav2_msgs/srv/detail/load_map__rosidl_typesupport_introspection_cpp.hpp
[5.010s] -- Up-to-date symlink: /home/lhl/nav2_ws/install/nav2_msgs/include/nav2_msgs/nav2_msgs/srv/detail/manage_lifecycle_nodes__rosidl_typesupport_introspection_cpp.hpp
[5.010s] -- Up-to-date symlink: /home/lhl/nav2_ws/install/nav2_msgs/include/nav2_msgs/nav2_msgs/srv/detail/save_map__rosidl_typesupport_introspection_cpp.hpp
[5.010s] -- Up-to-date symlink: /home/lhl/nav2_ws/install/nav2_msgs/share/nav2_msgs/environment/pythonpath.sh
[5.010s] -- Up-to-date symlink: /home/lhl/nav2_ws/install/nav2_msgs/share/nav2_msgs/environment/pythonpath.dsv
[5.011s] -- Up-to-date symlink: /home/lhl/nav2_ws/install/nav2_msgs/local/lib/python3.10/dist-packages/nav2_msgs-1.1.6-py3.10.egg-info/PKG-INFO
[5.011s] -- Up-to-date symlink: /home/lhl/nav2_ws/install/nav2_msgs/local/lib/python3.10/dist-packages/nav2_msgs-1.1.6-py3.10.egg-info/SOURCES.txt
[5.011s] -- Up-to-date symlink: /home/lhl/nav2_ws/install/nav2_msgs/local/lib/python3.10/dist-packages/nav2_msgs-1.1.6-py3.10.egg-info/dependency_links.txt
[5.011s] -- Up-to-date symlink: /home/lhl/nav2_ws/install/nav2_msgs/local/lib/python3.10/dist-packages/nav2_msgs-1.1.6-py3.10.egg-info/top_level.txt
[5.013s] -- Up-to-date symlink: /home/lhl/nav2_ws/install/nav2_msgs/local/lib/python3.10/dist-packages/nav2_msgs/__init__.py
[5.013s] -- Up-to-date symlink: /home/lhl/nav2_ws/install/nav2_msgs/local/lib/python3.10/dist-packages/nav2_msgs/_nav2_msgs_s.ep.rosidl_typesupport_c.c
[5.013s] -- Up-to-date symlink: /home/lhl/nav2_ws/install/nav2_msgs/local/lib/python3.10/dist-packages/nav2_msgs/_nav2_msgs_s.ep.rosidl_typesupport_fastrtps_c.c
[5.013s] -- Up-to-date symlink: /home/lhl/nav2_ws/install/nav2_msgs/local/lib/python3.10/dist-packages/nav2_msgs/_nav2_msgs_s.ep.rosidl_typesupport_introspection_c.c
[5.013s] -- Up-to-date symlink: /home/lhl/nav2_ws/install/nav2_msgs/local/lib/python3.10/dist-packages/nav2_msgs/action/__init__.py
[5.014s] -- Up-to-date symlink: /home/lhl/nav2_ws/install/nav2_msgs/local/lib/python3.10/dist-packages/nav2_msgs/action/_assisted_teleop.py
[5.014s] -- Up-to-date symlink: /home/lhl/nav2_ws/install/nav2_msgs/local/lib/python3.10/dist-packages/nav2_msgs/action/_assisted_teleop_s.c
[5.014s] -- Up-to-date symlink: /home/lhl/nav2_ws/install/nav2_msgs/local/lib/python3.10/dist-packages/nav2_msgs/action/_back_up.py
[5.014s] -- Up-to-date symlink: /home/lhl/nav2_ws/install/nav2_msgs/local/lib/python3.10/dist-packages/nav2_msgs/action/_back_up_s.c
[5.014s] -- Up-to-date symlink: /home/lhl/nav2_ws/install/nav2_msgs/local/lib/python3.10/dist-packages/nav2_msgs/action/_compute_path_through_poses.py
[5.014s] -- Up-to-date symlink: /home/lhl/nav2_ws/install/nav2_msgs/local/lib/python3.10/dist-packages/nav2_msgs/action/_compute_path_through_poses_s.c
[5.015s] -- Up-to-date symlink: /home/lhl/nav2_ws/install/nav2_msgs/local/lib/python3.10/dist-packages/nav2_msgs/action/_compute_path_to_pose.py
[5.015s] -- Up-to-date symlink: /home/lhl/nav2_ws/install/nav2_msgs/local/lib/python3.10/dist-packages/nav2_msgs/action/_compute_path_to_pose_s.c
[5.015s] -- Up-to-date symlink: /home/lhl/nav2_ws/install/nav2_msgs/local/lib/python3.10/dist-packages/nav2_msgs/action/_drive_on_heading.py
[5.015s] -- Up-to-date symlink: /home/lhl/nav2_ws/install/nav2_msgs/local/lib/python3.10/dist-packages/nav2_msgs/action/_drive_on_heading_s.c
[5.015s] -- Up-to-date symlink: /home/lhl/nav2_ws/install/nav2_msgs/local/lib/python3.10/dist-packages/nav2_msgs/action/_dummy_behavior.py
[5.015s] -- Up-to-date symlink: /home/lhl/nav2_ws/install/nav2_msgs/local/lib/python3.10/dist-packages/nav2_msgs/action/_dummy_behavior_s.c
[5.015s] -- Up-to-date symlink: /home/lhl/nav2_ws/install/nav2_msgs/local/lib/python3.10/dist-packages/nav2_msgs/action/_follow_path.py
[5.016s] -- Up-to-date symlink: /home/lhl/nav2_ws/install/nav2_msgs/local/lib/python3.10/dist-packages/nav2_msgs/action/_follow_path_s.c
[5.016s] -- Up-to-date symlink: /home/lhl/nav2_ws/install/nav2_msgs/local/lib/python3.10/dist-packages/nav2_msgs/action/_follow_waypoints.py
[5.016s] -- Up-to-date symlink: /home/lhl/nav2_ws/install/nav2_msgs/local/lib/python3.10/dist-packages/nav2_msgs/action/_follow_waypoints_s.c
[5.016s] -- Up-to-date symlink: /home/lhl/nav2_ws/install/nav2_msgs/local/lib/python3.10/dist-packages/nav2_msgs/action/_navigate_through_poses.py
[5.016s] -- Up-to-date symlink: /home/lhl/nav2_ws/install/nav2_msgs/local/lib/python3.10/dist-packages/nav2_msgs/action/_navigate_through_poses_s.c
[5.016s] -- Up-to-date symlink: /home/lhl/nav2_ws/install/nav2_msgs/local/lib/python3.10/dist-packages/nav2_msgs/action/_navigate_to_pose.py
[5.017s] -- Up-to-date symlink: /home/lhl/nav2_ws/install/nav2_msgs/local/lib/python3.10/dist-packages/nav2_msgs/action/_navigate_to_pose_s.c
[5.017s] -- Up-to-date symlink: /home/lhl/nav2_ws/install/nav2_msgs/local/lib/python3.10/dist-packages/nav2_msgs/action/_smooth_path.py
[5.017s] -- Up-to-date symlink: /home/lhl/nav2_ws/install/nav2_msgs/local/lib/python3.10/dist-packages/nav2_msgs/action/_smooth_path_s.c
[5.017s] -- Up-to-date symlink: /home/lhl/nav2_ws/install/nav2_msgs/local/lib/python3.10/dist-packages/nav2_msgs/action/_spin.py
[5.017s] -- Up-to-date symlink: /home/lhl/nav2_ws/install/nav2_msgs/local/lib/python3.10/dist-packages/nav2_msgs/action/_spin_s.c
[5.017s] -- Up-to-date symlink: /home/lhl/nav2_ws/install/nav2_msgs/local/lib/python3.10/dist-packages/nav2_msgs/action/_wait.py
[5.017s] -- Up-to-date symlink: /home/lhl/nav2_ws/install/nav2_msgs/local/lib/python3.10/dist-packages/nav2_msgs/action/_wait_s.c
[5.018s] -- Up-to-date symlink: /home/lhl/nav2_ws/install/nav2_msgs/local/lib/python3.10/dist-packages/nav2_msgs/libnav2_msgs__rosidl_generator_py.so
[5.018s] -- Up-to-date symlink: /home/lhl/nav2_ws/install/nav2_msgs/local/lib/python3.10/dist-packages/nav2_msgs/msg/__init__.py
[5.018s] -- Up-to-date symlink: /home/lhl/nav2_ws/install/nav2_msgs/local/lib/python3.10/dist-packages/nav2_msgs/msg/_behavior_tree_log.py
[5.018s] -- Up-to-date symlink: /home/lhl/nav2_ws/install/nav2_msgs/local/lib/python3.10/dist-packages/nav2_msgs/msg/_behavior_tree_log_s.c
[5.018s] -- Up-to-date symlink: /home/lhl/nav2_ws/install/nav2_msgs/local/lib/python3.10/dist-packages/nav2_msgs/msg/_behavior_tree_status_change.py
[5.019s] -- Up-to-date symlink: /home/lhl/nav2_ws/install/nav2_msgs/local/lib/python3.10/dist-packages/nav2_msgs/msg/_behavior_tree_status_change_s.c
[5.019s] -- Up-to-date symlink: /home/lhl/nav2_ws/install/nav2_msgs/local/lib/python3.10/dist-packages/nav2_msgs/msg/_costmap.py
[5.019s] -- Up-to-date symlink: /home/lhl/nav2_ws/install/nav2_msgs/local/lib/python3.10/dist-packages/nav2_msgs/msg/_costmap_filter_info.py
[5.019s] -- Up-to-date symlink: /home/lhl/nav2_ws/install/nav2_msgs/local/lib/python3.10/dist-packages/nav2_msgs/msg/_costmap_filter_info_s.c
[5.019s] -- Up-to-date symlink: /home/lhl/nav2_ws/install/nav2_msgs/local/lib/python3.10/dist-packages/nav2_msgs/msg/_costmap_meta_data.py
[5.019s] -- Up-to-date symlink: /home/lhl/nav2_ws/install/nav2_msgs/local/lib/python3.10/dist-packages/nav2_msgs/msg/_costmap_meta_data_s.c
[5.020s] -- Up-to-date symlink: /home/lhl/nav2_ws/install/nav2_msgs/local/lib/python3.10/dist-packages/nav2_msgs/msg/_costmap_s.c
[5.020s] -- Up-to-date symlink: /home/lhl/nav2_ws/install/nav2_msgs/local/lib/python3.10/dist-packages/nav2_msgs/msg/_particle.py
[5.020s] -- Up-to-date symlink: /home/lhl/nav2_ws/install/nav2_msgs/local/lib/python3.10/dist-packages/nav2_msgs/msg/_particle_cloud.py
[5.020s] -- Up-to-date symlink: /home/lhl/nav2_ws/install/nav2_msgs/local/lib/python3.10/dist-packages/nav2_msgs/msg/_particle_cloud_s.c
[5.020s] -- Up-to-date symlink: /home/lhl/nav2_ws/install/nav2_msgs/local/lib/python3.10/dist-packages/nav2_msgs/msg/_particle_s.c
[5.020s] -- Up-to-date symlink: /home/lhl/nav2_ws/install/nav2_msgs/local/lib/python3.10/dist-packages/nav2_msgs/msg/_speed_limit.py
[5.020s] -- Up-to-date symlink: /home/lhl/nav2_ws/install/nav2_msgs/local/lib/python3.10/dist-packages/nav2_msgs/msg/_speed_limit_s.c
[5.021s] -- Up-to-date symlink: /home/lhl/nav2_ws/install/nav2_msgs/local/lib/python3.10/dist-packages/nav2_msgs/msg/_voxel_grid.py
[5.021s] -- Up-to-date symlink: /home/lhl/nav2_ws/install/nav2_msgs/local/lib/python3.10/dist-packages/nav2_msgs/msg/_voxel_grid_s.c
[5.021s] -- Up-to-date symlink: /home/lhl/nav2_ws/install/nav2_msgs/local/lib/python3.10/dist-packages/nav2_msgs/nav2_msgs_s__rosidl_typesupport_c.cpython-310-x86_64-linux-gnu.so
[5.021s] -- Up-to-date symlink: /home/lhl/nav2_ws/install/nav2_msgs/local/lib/python3.10/dist-packages/nav2_msgs/nav2_msgs_s__rosidl_typesupport_fastrtps_c.cpython-310-x86_64-linux-gnu.so
[5.021s] -- Up-to-date symlink: /home/lhl/nav2_ws/install/nav2_msgs/local/lib/python3.10/dist-packages/nav2_msgs/nav2_msgs_s__rosidl_typesupport_introspection_c.cpython-310-x86_64-linux-gnu.so
[5.021s] -- Up-to-date symlink: /home/lhl/nav2_ws/install/nav2_msgs/local/lib/python3.10/dist-packages/nav2_msgs/srv/__init__.py
[5.022s] -- Up-to-date symlink: /home/lhl/nav2_ws/install/nav2_msgs/local/lib/python3.10/dist-packages/nav2_msgs/srv/_clear_costmap_around_robot.py
[5.022s] -- Up-to-date symlink: /home/lhl/nav2_ws/install/nav2_msgs/local/lib/python3.10/dist-packages/nav2_msgs/srv/_clear_costmap_around_robot_s.c
[5.022s] -- Up-to-date symlink: /home/lhl/nav2_ws/install/nav2_msgs/local/lib/python3.10/dist-packages/nav2_msgs/srv/_clear_costmap_except_region.py
[5.022s] -- Up-to-date symlink: /home/lhl/nav2_ws/install/nav2_msgs/local/lib/python3.10/dist-packages/nav2_msgs/srv/_clear_costmap_except_region_s.c
[5.022s] -- Up-to-date symlink: /home/lhl/nav2_ws/install/nav2_msgs/local/lib/python3.10/dist-packages/nav2_msgs/srv/_clear_entire_costmap.py
[5.022s] -- Up-to-date symlink: /home/lhl/nav2_ws/install/nav2_msgs/local/lib/python3.10/dist-packages/nav2_msgs/srv/_clear_entire_costmap_s.c
[5.023s] -- Up-to-date symlink: /home/lhl/nav2_ws/install/nav2_msgs/local/lib/python3.10/dist-packages/nav2_msgs/srv/_get_costmap.py
[5.023s] -- Up-to-date symlink: /home/lhl/nav2_ws/install/nav2_msgs/local/lib/python3.10/dist-packages/nav2_msgs/srv/_get_costmap_s.c
[5.023s] -- Up-to-date symlink: /home/lhl/nav2_ws/install/nav2_msgs/local/lib/python3.10/dist-packages/nav2_msgs/srv/_is_path_valid.py
[5.023s] -- Up-to-date symlink: /home/lhl/nav2_ws/install/nav2_msgs/local/lib/python3.10/dist-packages/nav2_msgs/srv/_is_path_valid_s.c
[5.023s] -- Up-to-date symlink: /home/lhl/nav2_ws/install/nav2_msgs/local/lib/python3.10/dist-packages/nav2_msgs/srv/_load_map.py
[5.023s] -- Up-to-date symlink: /home/lhl/nav2_ws/install/nav2_msgs/local/lib/python3.10/dist-packages/nav2_msgs/srv/_load_map_s.c
[5.024s] -- Up-to-date symlink: /home/lhl/nav2_ws/install/nav2_msgs/local/lib/python3.10/dist-packages/nav2_msgs/srv/_manage_lifecycle_nodes.py
[5.024s] -- Up-to-date symlink: /home/lhl/nav2_ws/install/nav2_msgs/local/lib/python3.10/dist-packages/nav2_msgs/srv/_manage_lifecycle_nodes_s.c
[5.024s] -- Up-to-date symlink: /home/lhl/nav2_ws/install/nav2_msgs/local/lib/python3.10/dist-packages/nav2_msgs/srv/_save_map.py
[5.024s] -- Up-to-date symlink: /home/lhl/nav2_ws/install/nav2_msgs/local/lib/python3.10/dist-packages/nav2_msgs/srv/_save_map_s.c
[5.024s] -- Up-to-date symlink: /home/lhl/nav2_ws/install/nav2_msgs/local/lib/python3.10/dist-packages/nav2_msgs/nav2_msgs_s__rosidl_typesupport_fastrtps_c.cpython-310-x86_64-linux-gnu.so
[5.024s] -- Up-to-date symlink: /home/lhl/nav2_ws/install/nav2_msgs/local/lib/python3.10/dist-packages/nav2_msgs/nav2_msgs_s__rosidl_typesupport_introspection_c.cpython-310-x86_64-linux-gnu.so
[5.025s] -- Up-to-date symlink: /home/lhl/nav2_ws/install/nav2_msgs/local/lib/python3.10/dist-packages/nav2_msgs/nav2_msgs_s__rosidl_typesupport_c.cpython-310-x86_64-linux-gnu.so
[5.025s] -- Up-to-date symlink: /home/lhl/nav2_ws/install/nav2_msgs/share/nav2_msgs/msg/Costmap.idl
[5.025s] -- Up-to-date symlink: /home/lhl/nav2_ws/install/nav2_msgs/share/nav2_msgs/msg/CostmapMetaData.idl
[5.025s] -- Up-to-date symlink: /home/lhl/nav2_ws/install/nav2_msgs/share/nav2_msgs/msg/CostmapFilterInfo.idl
[5.026s] -- Up-to-date symlink: /home/lhl/nav2_ws/install/nav2_msgs/share/nav2_msgs/msg/SpeedLimit.idl
[5.026s] -- Up-to-date symlink: /home/lhl/nav2_ws/install/nav2_msgs/share/nav2_msgs/msg/VoxelGrid.idl
[5.026s] -- Up-to-date symlink: /home/lhl/nav2_ws/install/nav2_msgs/share/nav2_msgs/msg/BehaviorTreeStatusChange.idl
[5.026s] -- Up-to-date symlink: /home/lhl/nav2_ws/install/nav2_msgs/share/nav2_msgs/msg/BehaviorTreeLog.idl
[5.026s] -- Up-to-date symlink: /home/lhl/nav2_ws/install/nav2_msgs/share/nav2_msgs/msg/Particle.idl
[5.027s] -- Up-to-date symlink: /home/lhl/nav2_ws/install/nav2_msgs/share/nav2_msgs/msg/ParticleCloud.idl
[5.027s] -- Up-to-date symlink: /home/lhl/nav2_ws/install/nav2_msgs/share/nav2_msgs/srv/GetCostmap.idl
[5.027s] -- Up-to-date symlink: /home/lhl/nav2_ws/install/nav2_msgs/share/nav2_msgs/srv/IsPathValid.idl
[5.027s] -- Up-to-date symlink: /home/lhl/nav2_ws/install/nav2_msgs/share/nav2_msgs/srv/ClearCostmapExceptRegion.idl
[5.028s] -- Up-to-date symlink: /home/lhl/nav2_ws/install/nav2_msgs/share/nav2_msgs/srv/ClearCostmapAroundRobot.idl
[5.028s] -- Up-to-date symlink: /home/lhl/nav2_ws/install/nav2_msgs/share/nav2_msgs/srv/ClearEntireCostmap.idl
[5.028s] -- Up-to-date symlink: /home/lhl/nav2_ws/install/nav2_msgs/share/nav2_msgs/srv/ManageLifecycleNodes.idl
[5.028s] -- Up-to-date symlink: /home/lhl/nav2_ws/install/nav2_msgs/share/nav2_msgs/srv/LoadMap.idl
[5.028s] -- Up-to-date symlink: /home/lhl/nav2_ws/install/nav2_msgs/share/nav2_msgs/srv/SaveMap.idl
[5.029s] -- Up-to-date symlink: /home/lhl/nav2_ws/install/nav2_msgs/share/nav2_msgs/action/AssistedTeleop.idl
[5.029s] -- Up-to-date symlink: /home/lhl/nav2_ws/install/nav2_msgs/share/nav2_msgs/action/BackUp.idl
[5.029s] -- Up-to-date symlink: /home/lhl/nav2_ws/install/nav2_msgs/share/nav2_msgs/action/ComputePathToPose.idl
[5.029s] -- Up-to-date symlink: /home/lhl/nav2_ws/install/nav2_msgs/share/nav2_msgs/action/ComputePathThroughPoses.idl
[5.030s] -- Up-to-date symlink: /home/lhl/nav2_ws/install/nav2_msgs/share/nav2_msgs/action/DriveOnHeading.idl
[5.030s] -- Up-to-date symlink: /home/lhl/nav2_ws/install/nav2_msgs/share/nav2_msgs/action/SmoothPath.idl
[5.030s] -- Up-to-date symlink: /home/lhl/nav2_ws/install/nav2_msgs/share/nav2_msgs/action/FollowPath.idl
[5.030s] -- Up-to-date symlink: /home/lhl/nav2_ws/install/nav2_msgs/share/nav2_msgs/action/NavigateToPose.idl
[5.031s] -- Up-to-date symlink: /home/lhl/nav2_ws/install/nav2_msgs/share/nav2_msgs/action/NavigateThroughPoses.idl
[5.031s] -- Up-to-date symlink: /home/lhl/nav2_ws/install/nav2_msgs/share/nav2_msgs/action/Wait.idl
[5.031s] -- Up-to-date symlink: /home/lhl/nav2_ws/install/nav2_msgs/share/nav2_msgs/action/Spin.idl
[5.031s] -- Up-to-date symlink: /home/lhl/nav2_ws/install/nav2_msgs/share/nav2_msgs/action/DummyBehavior.idl
[5.031s] -- Up-to-date symlink: /home/lhl/nav2_ws/install/nav2_msgs/share/nav2_msgs/action/FollowWaypoints.idl
[5.032s] -- Up-to-date symlink: /home/lhl/nav2_ws/install/nav2_msgs/share/nav2_msgs/msg/Costmap.msg
[5.032s] -- Up-to-date symlink: /home/lhl/nav2_ws/install/nav2_msgs/share/nav2_msgs/msg/CostmapMetaData.msg
[5.032s] -- Up-to-date symlink: /home/lhl/nav2_ws/install/nav2_msgs/share/nav2_msgs/msg/CostmapFilterInfo.msg
[5.032s] -- Up-to-date symlink: /home/lhl/nav2_ws/install/nav2_msgs/share/nav2_msgs/msg/SpeedLimit.msg
[5.032s] -- Up-to-date symlink: /home/lhl/nav2_ws/install/nav2_msgs/share/nav2_msgs/msg/VoxelGrid.msg
[5.032s] -- Up-to-date symlink: /home/lhl/nav2_ws/install/nav2_msgs/share/nav2_msgs/msg/BehaviorTreeStatusChange.msg
[5.033s] -- Up-to-date symlink: /home/lhl/nav2_ws/install/nav2_msgs/share/nav2_msgs/msg/BehaviorTreeLog.msg
[5.033s] -- Up-to-date symlink: /home/lhl/nav2_ws/install/nav2_msgs/share/nav2_msgs/msg/Particle.msg
[5.033s] -- Up-to-date symlink: /home/lhl/nav2_ws/install/nav2_msgs/share/nav2_msgs/msg/ParticleCloud.msg
[5.033s] -- Up-to-date symlink: /home/lhl/nav2_ws/install/nav2_msgs/share/nav2_msgs/srv/GetCostmap.srv
[5.034s] -- Up-to-date symlink: /home/lhl/nav2_ws/install/nav2_msgs/share/nav2_msgs/srv/GetCostmap_Request.msg
[5.034s] -- Up-to-date symlink: /home/lhl/nav2_ws/install/nav2_msgs/share/nav2_msgs/srv/GetCostmap_Response.msg
[5.034s] -- Up-to-date symlink: /home/lhl/nav2_ws/install/nav2_msgs/share/nav2_msgs/srv/IsPathValid.srv
[5.034s] -- Up-to-date symlink: /home/lhl/nav2_ws/install/nav2_msgs/share/nav2_msgs/srv/IsPathValid_Request.msg
[5.034s] -- Up-to-date symlink: /home/lhl/nav2_ws/install/nav2_msgs/share/nav2_msgs/srv/IsPathValid_Response.msg
[5.035s] -- Up-to-date symlink: /home/lhl/nav2_ws/install/nav2_msgs/share/nav2_msgs/srv/ClearCostmapExceptRegion.srv
[5.035s] -- Up-to-date symlink: /home/lhl/nav2_ws/install/nav2_msgs/share/nav2_msgs/srv/ClearCostmapExceptRegion_Request.msg
[5.035s] -- Up-to-date symlink: /home/lhl/nav2_ws/install/nav2_msgs/share/nav2_msgs/srv/ClearCostmapExceptRegion_Response.msg
[5.035s] -- Up-to-date symlink: /home/lhl/nav2_ws/install/nav2_msgs/share/nav2_msgs/srv/ClearCostmapAroundRobot.srv
[5.035s] -- Up-to-date symlink: /home/lhl/nav2_ws/install/nav2_msgs/share/nav2_msgs/srv/ClearCostmapAroundRobot_Request.msg
[5.036s] -- Up-to-date symlink: /home/lhl/nav2_ws/install/nav2_msgs/share/nav2_msgs/srv/ClearCostmapAroundRobot_Response.msg
[5.036s] -- Up-to-date symlink: /home/lhl/nav2_ws/install/nav2_msgs/share/nav2_msgs/srv/ClearEntireCostmap.srv
[5.036s] -- Up-to-date symlink: /home/lhl/nav2_ws/install/nav2_msgs/share/nav2_msgs/srv/ClearEntireCostmap_Request.msg
[5.036s] -- Up-to-date symlink: /home/lhl/nav2_ws/install/nav2_msgs/share/nav2_msgs/srv/ClearEntireCostmap_Response.msg
[5.036s] -- Up-to-date symlink: /home/lhl/nav2_ws/install/nav2_msgs/share/nav2_msgs/srv/ManageLifecycleNodes.srv
[5.037s] -- Up-to-date symlink: /home/lhl/nav2_ws/install/nav2_msgs/share/nav2_msgs/srv/ManageLifecycleNodes_Request.msg
[5.037s] -- Up-to-date symlink: /home/lhl/nav2_ws/install/nav2_msgs/share/nav2_msgs/srv/ManageLifecycleNodes_Response.msg
[5.037s] -- Up-to-date symlink: /home/lhl/nav2_ws/install/nav2_msgs/share/nav2_msgs/srv/LoadMap.srv
[5.037s] -- Up-to-date symlink: /home/lhl/nav2_ws/install/nav2_msgs/share/nav2_msgs/srv/LoadMap_Request.msg
[5.037s] -- Up-to-date symlink: /home/lhl/nav2_ws/install/nav2_msgs/share/nav2_msgs/srv/LoadMap_Response.msg
[5.037s] -- Up-to-date symlink: /home/lhl/nav2_ws/install/nav2_msgs/share/nav2_msgs/srv/SaveMap.srv
[5.038s] -- Up-to-date symlink: /home/lhl/nav2_ws/install/nav2_msgs/share/nav2_msgs/srv/SaveMap_Request.msg
[5.038s] -- Up-to-date symlink: /home/lhl/nav2_ws/install/nav2_msgs/share/nav2_msgs/srv/SaveMap_Response.msg
[5.038s] -- Up-to-date symlink: /home/lhl/nav2_ws/install/nav2_msgs/share/nav2_msgs/action/AssistedTeleop.action
[5.038s] -- Up-to-date symlink: /home/lhl/nav2_ws/install/nav2_msgs/share/nav2_msgs/action/BackUp.action
[5.038s] -- Up-to-date symlink: /home/lhl/nav2_ws/install/nav2_msgs/share/nav2_msgs/action/ComputePathToPose.action
[5.038s] -- Up-to-date symlink: /home/lhl/nav2_ws/install/nav2_msgs/share/nav2_msgs/action/ComputePathThroughPoses.action
[5.039s] -- Up-to-date symlink: /home/lhl/nav2_ws/install/nav2_msgs/share/nav2_msgs/action/DriveOnHeading.action
[5.039s] -- Up-to-date symlink: /home/lhl/nav2_ws/install/nav2_msgs/share/nav2_msgs/action/SmoothPath.action
[5.039s] -- Up-to-date symlink: /home/lhl/nav2_ws/install/nav2_msgs/share/nav2_msgs/action/FollowPath.action
[5.039s] -- Up-to-date symlink: /home/lhl/nav2_ws/install/nav2_msgs/share/nav2_msgs/action/NavigateToPose.action
[5.039s] -- Up-to-date symlink: /home/lhl/nav2_ws/install/nav2_msgs/share/nav2_msgs/action/NavigateThroughPoses.action
[5.040s] -- Up-to-date symlink: /home/lhl/nav2_ws/install/nav2_msgs/share/nav2_msgs/action/Wait.action
[5.040s] -- Up-to-date symlink: /home/lhl/nav2_ws/install/nav2_msgs/share/nav2_msgs/action/Spin.action
[5.040s] -- Up-to-date symlink: /home/lhl/nav2_ws/install/nav2_msgs/share/nav2_msgs/action/DummyBehavior.action
[5.040s] -- Up-to-date symlink: /home/lhl/nav2_ws/install/nav2_msgs/share/nav2_msgs/action/FollowWaypoints.action
[5.040s] -- Up-to-date symlink: /home/lhl/nav2_ws/install/nav2_msgs/share/ament_index/resource_index/package_run_dependencies/nav2_msgs
[5.040s] -- Up-to-date symlink: /home/lhl/nav2_ws/install/nav2_msgs/share/ament_index/resource_index/parent_prefix_path/nav2_msgs
[5.041s] -- Up-to-date symlink: /home/lhl/nav2_ws/install/nav2_msgs/share/nav2_msgs/environment/ament_prefix_path.sh
[5.041s] -- Up-to-date symlink: /home/lhl/nav2_ws/install/nav2_msgs/share/nav2_msgs/environment/ament_prefix_path.dsv
[5.041s] -- Up-to-date symlink: /home/lhl/nav2_ws/install/nav2_msgs/share/nav2_msgs/environment/path.sh
[5.041s] -- Up-to-date symlink: /home/lhl/nav2_ws/install/nav2_msgs/share/nav2_msgs/environment/path.dsv
[5.041s] -- Up-to-date symlink: /home/lhl/nav2_ws/install/nav2_msgs/share/nav2_msgs/local_setup.bash
[5.042s] -- Up-to-date symlink: /home/lhl/nav2_ws/install/nav2_msgs/share/nav2_msgs/local_setup.sh
[5.042s] -- Up-to-date symlink: /home/lhl/nav2_ws/install/nav2_msgs/share/nav2_msgs/local_setup.zsh
[5.042s] -- Up-to-date symlink: /home/lhl/nav2_ws/install/nav2_msgs/share/nav2_msgs/local_setup.dsv
[5.042s] -- Symlinking: /home/lhl/nav2_ws/install/nav2_msgs/share/nav2_msgs/package.dsv
[5.051s] -- Up-to-date symlink: /home/lhl/nav2_ws/install/nav2_msgs/share/ament_index/resource_index/packages/nav2_msgs
[5.051s] -- Up-to-date symlink: /home/lhl/nav2_ws/install/nav2_msgs/share/nav2_msgs/cmake/rosidl_cmake-extras.cmake
[5.051s] -- Up-to-date symlink: /home/lhl/nav2_ws/install/nav2_msgs/share/nav2_msgs/cmake/ament_cmake_export_dependencies-extras.cmake
[5.051s] -- Up-to-date symlink: /home/lhl/nav2_ws/install/nav2_msgs/share/nav2_msgs/cmake/ament_cmake_export_include_directories-extras.cmake
[5.051s] -- Up-to-date symlink: /home/lhl/nav2_ws/install/nav2_msgs/share/nav2_msgs/cmake/ament_cmake_export_libraries-extras.cmake
[5.051s] -- Up-to-date symlink: /home/lhl/nav2_ws/install/nav2_msgs/share/nav2_msgs/cmake/ament_cmake_export_targets-extras.cmake
[5.051s] -- Up-to-date symlink: /home/lhl/nav2_ws/install/nav2_msgs/share/nav2_msgs/cmake/rosidl_cmake_export_typesupport_targets-extras.cmake
[5.052s] -- Up-to-date symlink: /home/lhl/nav2_ws/install/nav2_msgs/share/nav2_msgs/cmake/rosidl_cmake_export_typesupport_libraries-extras.cmake
[5.052s] -- Up-to-date symlink: /home/lhl/nav2_ws/install/nav2_msgs/share/nav2_msgs/cmake/nav2_msgsConfig.cmake
[5.052s] -- Up-to-date symlink: /home/lhl/nav2_ws/install/nav2_msgs/share/nav2_msgs/cmake/nav2_msgsConfig-version.cmake
[5.052s] -- Up-to-date symlink: /home/lhl/nav2_ws/install/nav2_msgs/share/nav2_msgs/package.xml
[5.096s] -- Up-to-date: /home/lhl/nav2_ws/install/nav2_msgs/lib/libnav2_msgs__rosidl_generator_c.so
[5.117s] -- Up-to-date: /home/lhl/nav2_ws/install/nav2_msgs/lib/libnav2_msgs__rosidl_typesupport_fastrtps_c.so
[5.134s] -- Up-to-date: /home/lhl/nav2_ws/install/nav2_msgs/lib/libnav2_msgs__rosidl_typesupport_fastrtps_cpp.so
[5.155s] -- Up-to-date: /home/lhl/nav2_ws/install/nav2_msgs/lib/libnav2_msgs__rosidl_typesupport_introspection_c.so
[5.171s] -- Up-to-date: /home/lhl/nav2_ws/install/nav2_msgs/lib/libnav2_msgs__rosidl_typesupport_c.so
[5.192s] -- Up-to-date: /home/lhl/nav2_ws/install/nav2_msgs/lib/libnav2_msgs__rosidl_typesupport_introspection_cpp.so
[5.211s] -- Up-to-date: /home/lhl/nav2_ws/install/nav2_msgs/lib/libnav2_msgs__rosidl_typesupport_cpp.so
[5.261s] Listing '/home/lhl/nav2_ws/install/nav2_msgs/local/lib/python3.10/dist-packages/nav2_msgs'...
[5.261s] Compiling '/home/lhl/nav2_ws/install/nav2_msgs/local/lib/python3.10/dist-packages/nav2_msgs/__init__.py'...
[5.261s] Listing '/home/lhl/nav2_ws/install/nav2_msgs/local/lib/python3.10/dist-packages/nav2_msgs/action'...
[5.261s] Listing '/home/lhl/nav2_ws/install/nav2_msgs/local/lib/python3.10/dist-packages/nav2_msgs/msg'...
[5.261s] Listing '/home/lhl/nav2_ws/install/nav2_msgs/local/lib/python3.10/dist-packages/nav2_msgs/srv'...
[5.312s] -- Up-to-date: /home/lhl/nav2_ws/install/nav2_msgs/lib/libnav2_msgs__rosidl_generator_py.so
[5.313s] -- Up-to-date: /home/lhl/nav2_ws/install/nav2_msgs/share/nav2_msgs/cmake/export_nav2_msgs__rosidl_generator_cExport.cmake
[5.313s] -- Up-to-date: /home/lhl/nav2_ws/install/nav2_msgs/share/nav2_msgs/cmake/export_nav2_msgs__rosidl_generator_cExport-release.cmake
[5.313s] -- Up-to-date: /home/lhl/nav2_ws/install/nav2_msgs/share/nav2_msgs/cmake/export_nav2_msgs__rosidl_typesupport_fastrtps_cExport.cmake
[5.313s] -- Up-to-date: /home/lhl/nav2_ws/install/nav2_msgs/share/nav2_msgs/cmake/export_nav2_msgs__rosidl_typesupport_fastrtps_cExport-release.cmake
[5.314s] -- Up-to-date: /home/lhl/nav2_ws/install/nav2_msgs/share/nav2_msgs/cmake/export_nav2_msgs__rosidl_generator_cppExport.cmake
[5.314s] -- Up-to-date: /home/lhl/nav2_ws/install/nav2_msgs/share/nav2_msgs/cmake/export_nav2_msgs__rosidl_typesupport_fastrtps_cppExport.cmake
[5.314s] -- Up-to-date: /home/lhl/nav2_ws/install/nav2_msgs/share/nav2_msgs/cmake/export_nav2_msgs__rosidl_typesupport_fastrtps_cppExport-release.cmake
[5.314s] -- Up-to-date: /home/lhl/nav2_ws/install/nav2_msgs/share/nav2_msgs/cmake/nav2_msgs__rosidl_typesupport_introspection_cExport.cmake
[5.314s] -- Up-to-date: /home/lhl/nav2_ws/install/nav2_msgs/share/nav2_msgs/cmake/nav2_msgs__rosidl_typesupport_introspection_cExport-release.cmake
[5.314s] -- Up-to-date: /home/lhl/nav2_ws/install/nav2_msgs/share/nav2_msgs/cmake/nav2_msgs__rosidl_typesupport_cExport.cmake
[5.315s] -- Up-to-date: /home/lhl/nav2_ws/install/nav2_msgs/share/nav2_msgs/cmake/nav2_msgs__rosidl_typesupport_cExport-release.cmake
[5.315s] -- Up-to-date: /home/lhl/nav2_ws/install/nav2_msgs/share/nav2_msgs/cmake/nav2_msgs__rosidl_typesupport_introspection_cppExport.cmake
[5.315s] -- Up-to-date: /home/lhl/nav2_ws/install/nav2_msgs/share/nav2_msgs/cmake/nav2_msgs__rosidl_typesupport_introspection_cppExport-release.cmake
[5.315s] -- Up-to-date: /home/lhl/nav2_ws/install/nav2_msgs/share/nav2_msgs/cmake/nav2_msgs__rosidl_typesupport_cppExport.cmake
[5.315s] -- Up-to-date: /home/lhl/nav2_ws/install/nav2_msgs/share/nav2_msgs/cmake/nav2_msgs__rosidl_typesupport_cppExport-release.cmake
[5.315s] -- Up-to-date: /home/lhl/nav2_ws/install/nav2_msgs/share/nav2_msgs/cmake/export_nav2_msgs__rosidl_generator_pyExport.cmake
[5.316s] -- Up-to-date: /home/lhl/nav2_ws/install/nav2_msgs/share/nav2_msgs/cmake/export_nav2_msgs__rosidl_generator_pyExport-release.cmake
[5.319s] Invoked command in '/home/lhl/nav2_ws/build/nav2_msgs' returned '0': AMENT_PREFIX_PATH=/home/lhl/nav2_ws/install/nav2_common:${AMENT_PREFIX_PATH} CMAKE_PREFIX_PATH=/home/lhl/nav2_ws/install/nav2_common:/opt/ros/humble PYTHONPATH=/home/lhl/nav2_ws/install/nav2_common/local/lib/python3.10/dist-packages:${PYTHONPATH} /usr/bin/cmake --install /home/lhl/nav2_ws/build/nav2_msgs
