-- Found ament_cmake: 1.3.4 (/opt/ros/humble/share/ament_cmake/cmake)
-- Override CMake install command with custom implementation using symlinks instead of copying resources
-- Found nav2_common: 1.1.6 (/home/lhl/nav2_ws/install/nav2_common/share/nav2_common/cmake)
-- Found rclcpp: 16.0.4 (/opt/ros/humble/share/rclcpp/cmake)
-- Found rosidl_generator_c: 3.1.4 (/opt/ros/humble/share/rosidl_generator_c/cmake)
-- Found rosidl_adapter: 3.1.4 (/opt/ros/humble/share/rosidl_adapter/cmake)
-- Found rosidl_generator_cpp: 3.1.4 (/opt/ros/humble/share/rosidl_generator_cpp/cmake)
-- Using all available rosidl_typesupport_c: rosidl_typesupport_fastrtps_c;rosidl_typesupport_introspection_c
-- Using all available rosidl_typesupport_cpp: rosidl_typesupport_fastrtps_cpp;rosidl_typesupport_introspection_cpp
-- Found rmw_implementation_cmake: 6.1.1 (/opt/ros/humble/share/rmw_implementation_cmake/cmake)
-- Found rmw_fastrtps_cpp: 6.2.2 (/opt/ros/humble/share/rmw_fastrtps_cpp/cmake)
-- Using RMW implementation 'rmw_fastrtps_cpp' as default
-- Found rclcpp_action: 16.0.4 (/opt/ros/humble/share/rclcpp_action/cmake)
-- Found rclcpp_lifecycle: 16.0.4 (/opt/ros/humble/share/rclcpp_lifecycle/cmake)
-- Found visualization_msgs: 4.2.3 (/opt/ros/humble/share/visualization_msgs/cmake)
-- Found nav2_util: 1.1.6 (/home/lhl/nav2_ws/install/nav2_util/share/nav2_util/cmake)
-- Found eigen3_cmake_module: 0.1.1 (/opt/ros/humble/share/eigen3_cmake_module/cmake)
-- Ensuring Eigen3 include directory is part of orocos-kdl CMake target
-- Found nav2_core: 1.1.6 (/home/lhl/nav2_ws/install/nav2_core/share/nav2_core/cmake)
-- Found OpenMP_C: -fopenmp (found version "4.5") 
-- Found OpenMP_CXX: -fopenmp (found version "4.5") 
-- Found OpenMP_C: -fopenmp (found version "4.5") 
-- Found OpenMP_CXX: -fopenmp (found version "4.5") 
-- Found ament_lint_auto: 0.12.6 (/opt/ros/humble/share/ament_lint_auto/cmake)
-- Found gtest sources under '/opt/ros/humble/src/gtest_vendor': C++ tests using 'Google Test' will be built
-- Added test 'copyright' to check source files copyright and LICENSE
-- Added test 'cppcheck' to perform static code analysis on C / C++ code
-- Configured cppcheck include dirs: /home/lhl/nav2_ws/src/navigation2/nav2_smac_planner/include
-- Configured cppcheck exclude dirs and/or files: 
-- Added test 'cpplint' to check C / C++ code against the Google style
-- Configured cpplint exclude dirs and/or files: 
-- Added test 'flake8' to check Python code syntax and style conventions
-- Added test 'lint_cmake' to check CMake code style
-- Added test 'pep257' to check Python code against some of the docstring style conventions in PEP 257
-- Added test 'uncrustify' to check C / C++ code style
-- Configured uncrustify additional arguments: 
-- Added test 'xmllint' to check XML markup files
-- Configuring done
-- Generating done
-- Build files have been written to: /home/lhl/nav2_ws/build/nav2_smac_planner
[35m[1mConsolidate compiler generated dependencies of target gtest[0m
[35m[1mConsolidate compiler generated dependencies of target gtest_main[0m
[  3%] Built target gtest
[  6%] Built target gtest_main
[35m[1mConsolidate compiler generated dependencies of target nav2_smac_planner_2d[0m
[35m[1mConsolidate compiler generated dependencies of target nav2_smac_planner_lattice[0m
[ 25%] Built target nav2_smac_planner_2d
[35m[1mConsolidate compiler generated dependencies of target nav2_smac_planner[0m
[35m[1mConsolidate compiler generated dependencies of target test_smac_2d[0m
[ 44%] Built target nav2_smac_planner_lattice
[ 47%] Built target test_smac_2d
[35m[1mConsolidate compiler generated dependencies of target test_smac_lattice[0m
[ 50%] Built target test_smac_lattice
[ 69%] Built target nav2_smac_planner
[35m[1mConsolidate compiler generated dependencies of target test_costmap_downsampler[0m
[35m[1mConsolidate compiler generated dependencies of target test_collision_checker[0m
[35m[1mConsolidate compiler generated dependencies of target test_node2d[0m
[35m[1mConsolidate compiler generated dependencies of target test_a_star[0m
[35m[1mConsolidate compiler generated dependencies of target test_nodehybrid[0m
[35m[1mConsolidate compiler generated dependencies of target test_smac_hybrid[0m
[35m[1mConsolidate compiler generated dependencies of target test_nodebasic[0m
[35m[1mConsolidate compiler generated dependencies of target test_smoother[0m
[ 74%] Built target test_collision_checker
[ 76%] Built target test_costmap_downsampler
[ 79%] Built target test_a_star
[ 83%] Built target test_nodehybrid
[ 86%] Built target test_node2d
[ 89%] Built target test_nodebasic
[35m[1mConsolidate compiler generated dependencies of target test_lattice_node[0m
[ 93%] Built target test_smoother
[ 96%] Built target test_smac_hybrid
[100%] Built target test_lattice_node
-- Install configuration: "Release"
-- Execute custom install script
-- Up-to-date symlink: /home/lhl/nav2_ws/install/nav2_smac_planner/share/nav2_smac_planner//smac_plugin_hybrid.xml
-- Up-to-date symlink: /home/lhl/nav2_ws/install/nav2_smac_planner/share/nav2_smac_planner//smac_plugin_2d.xml
-- Up-to-date symlink: /home/lhl/nav2_ws/install/nav2_smac_planner/share/nav2_smac_planner//smac_plugin_lattice.xml
-- Up-to-date symlink: /home/lhl/nav2_ws/install/nav2_smac_planner/lib/libnav2_smac_planner.so
-- Up-to-date symlink: /home/lhl/nav2_ws/install/nav2_smac_planner/lib/libnav2_smac_planner_2d.so
-- Up-to-date symlink: /home/lhl/nav2_ws/install/nav2_smac_planner/lib/libnav2_smac_planner_lattice.so
-- Up-to-date symlink: /home/lhl/nav2_ws/install/nav2_smac_planner/include//nav2_smac_planner/a_star.hpp
-- Up-to-date symlink: /home/lhl/nav2_ws/install/nav2_smac_planner/include//nav2_smac_planner/analytic_expansion.hpp
-- Up-to-date symlink: /home/lhl/nav2_ws/install/nav2_smac_planner/include//nav2_smac_planner/collision_checker.hpp
-- Up-to-date symlink: /home/lhl/nav2_ws/install/nav2_smac_planner/include//nav2_smac_planner/constants.hpp
-- Up-to-date symlink: /home/lhl/nav2_ws/install/nav2_smac_planner/include//nav2_smac_planner/costmap_downsampler.hpp
-- Up-to-date symlink: /home/lhl/nav2_ws/install/nav2_smac_planner/include//nav2_smac_planner/node_2d.hpp
-- Up-to-date symlink: /home/lhl/nav2_ws/install/nav2_smac_planner/include//nav2_smac_planner/node_basic.hpp
-- Up-to-date symlink: /home/lhl/nav2_ws/install/nav2_smac_planner/include//nav2_smac_planner/node_hybrid.hpp
-- Up-to-date symlink: /home/lhl/nav2_ws/install/nav2_smac_planner/include//nav2_smac_planner/node_lattice.hpp
-- Up-to-date symlink: /home/lhl/nav2_ws/install/nav2_smac_planner/include//nav2_smac_planner/smac_planner_2d.hpp
-- Up-to-date symlink: /home/lhl/nav2_ws/install/nav2_smac_planner/include//nav2_smac_planner/smac_planner_hybrid.hpp
-- Up-to-date symlink: /home/lhl/nav2_ws/install/nav2_smac_planner/include//nav2_smac_planner/smac_planner_lattice.hpp
-- Up-to-date symlink: /home/lhl/nav2_ws/install/nav2_smac_planner/include//nav2_smac_planner/smoother.hpp
-- Up-to-date symlink: /home/lhl/nav2_ws/install/nav2_smac_planner/include//nav2_smac_planner/thirdparty/robin_hood.h
-- Up-to-date symlink: /home/lhl/nav2_ws/install/nav2_smac_planner/include//nav2_smac_planner/types.hpp
-- Up-to-date symlink: /home/lhl/nav2_ws/install/nav2_smac_planner/include//nav2_smac_planner/utils.hpp
-- Up-to-date symlink: /home/lhl/nav2_ws/install/nav2_smac_planner/share/nav2_smac_planner/sample_primitives/5cm_resolution/0.5m_turning_radius/ackermann/output.json
-- Up-to-date symlink: /home/lhl/nav2_ws/install/nav2_smac_planner/share/nav2_smac_planner/sample_primitives/5cm_resolution/0.5m_turning_radius/all_trajectories.png
-- Up-to-date symlink: /home/lhl/nav2_ws/install/nav2_smac_planner/share/nav2_smac_planner/sample_primitives/5cm_resolution/0.5m_turning_radius/diff/output.json
-- Up-to-date symlink: /home/lhl/nav2_ws/install/nav2_smac_planner/share/nav2_smac_planner/sample_primitives/5cm_resolution/0.5m_turning_radius/omni/output.json
-- Up-to-date symlink: /home/lhl/nav2_ws/install/nav2_smac_planner/share/nav2_smac_planner/sample_primitives/5cm_resolution/1m_turning_radius/ackermann/output.json
-- Up-to-date symlink: /home/lhl/nav2_ws/install/nav2_smac_planner/share/nav2_smac_planner/sample_primitives/5cm_resolution/1m_turning_radius/all_trajectories.png
-- Up-to-date symlink: /home/lhl/nav2_ws/install/nav2_smac_planner/share/nav2_smac_planner/sample_primitives/5cm_resolution/1m_turning_radius/diff/output.json
-- Up-to-date symlink: /home/lhl/nav2_ws/install/nav2_smac_planner/share/nav2_smac_planner/sample_primitives/5cm_resolution/1m_turning_radius/omni/output.json
-- Up-to-date symlink: /home/lhl/nav2_ws/install/nav2_smac_planner/share/nav2_smac_planner/environment/library_path.sh
-- Up-to-date symlink: /home/lhl/nav2_ws/install/nav2_smac_planner/share/nav2_smac_planner/environment/library_path.dsv
-- Up-to-date symlink: /home/lhl/nav2_ws/install/nav2_smac_planner/share/ament_index/resource_index/package_run_dependencies/nav2_smac_planner
-- Up-to-date symlink: /home/lhl/nav2_ws/install/nav2_smac_planner/share/ament_index/resource_index/parent_prefix_path/nav2_smac_planner
-- Up-to-date symlink: /home/lhl/nav2_ws/install/nav2_smac_planner/share/nav2_smac_planner/environment/ament_prefix_path.sh
-- Up-to-date symlink: /home/lhl/nav2_ws/install/nav2_smac_planner/share/nav2_smac_planner/environment/ament_prefix_path.dsv
-- Up-to-date symlink: /home/lhl/nav2_ws/install/nav2_smac_planner/share/nav2_smac_planner/environment/path.sh
-- Up-to-date symlink: /home/lhl/nav2_ws/install/nav2_smac_planner/share/nav2_smac_planner/environment/path.dsv
-- Up-to-date symlink: /home/lhl/nav2_ws/install/nav2_smac_planner/share/nav2_smac_planner/local_setup.bash
-- Up-to-date symlink: /home/lhl/nav2_ws/install/nav2_smac_planner/share/nav2_smac_planner/local_setup.sh
-- Up-to-date symlink: /home/lhl/nav2_ws/install/nav2_smac_planner/share/nav2_smac_planner/local_setup.zsh
-- Up-to-date symlink: /home/lhl/nav2_ws/install/nav2_smac_planner/share/nav2_smac_planner/local_setup.dsv
-- Symlinking: /home/lhl/nav2_ws/install/nav2_smac_planner/share/nav2_smac_planner/package.dsv
-- Up-to-date symlink: /home/lhl/nav2_ws/install/nav2_smac_planner/share/ament_index/resource_index/packages/nav2_smac_planner
-- Up-to-date symlink: /home/lhl/nav2_ws/install/nav2_smac_planner/share/ament_index/resource_index/nav2_core__pluginlib__plugin/nav2_smac_planner
-- Up-to-date symlink: /home/lhl/nav2_ws/install/nav2_smac_planner/share/nav2_smac_planner/cmake/ament_cmake_export_include_directories-extras.cmake
-- Up-to-date symlink: /home/lhl/nav2_ws/install/nav2_smac_planner/share/nav2_smac_planner/cmake/ament_cmake_export_libraries-extras.cmake
-- Up-to-date symlink: /home/lhl/nav2_ws/install/nav2_smac_planner/share/nav2_smac_planner/cmake/ament_cmake_export_dependencies-extras.cmake
-- Up-to-date symlink: /home/lhl/nav2_ws/install/nav2_smac_planner/share/nav2_smac_planner/cmake/nav2_smac_plannerConfig.cmake
-- Up-to-date symlink: /home/lhl/nav2_ws/install/nav2_smac_planner/share/nav2_smac_planner/cmake/nav2_smac_plannerConfig-version.cmake
-- Up-to-date symlink: /home/lhl/nav2_ws/install/nav2_smac_planner/share/nav2_smac_planner/package.xml
