[0.229s] Invoking command in '/home/lhl/nav2_ws/build/nav2_smac_planner': AMENT_PREFIX_PATH=/home/lhl/nav2_ws/install/nav2_core:/home/lhl/nav2_ws/install/nav2_costmap_2d:/home/lhl/nav2_ws/install/nav2_util:/home/lhl/nav2_ws/install/nav2_voxel_grid:/home/lhl/nav2_ws/install/nav2_msgs:/home/lhl/nav2_ws/install/nav2_common:${AMENT_PREFIX_PATH} CMAKE_PREFIX_PATH=/home/lhl/nav2_ws/install/nav2_core:/home/lhl/nav2_ws/install/nav2_costmap_2d:/home/lhl/nav2_ws/install/nav2_util:/home/lhl/nav2_ws/install/nav2_voxel_grid:/home/lhl/nav2_ws/install/nav2_msgs:/home/lhl/nav2_ws/install/nav2_common:/opt/ros/humble LD_LIBRARY_PATH=/home/lhl/nav2_ws/install/nav2_costmap_2d/lib:/home/lhl/nav2_ws/install/nav2_util/lib:/home/lhl/nav2_ws/install/nav2_voxel_grid/lib:/home/lhl/nav2_ws/install/nav2_msgs/lib:${LD_LIBRARY_PATH} PYTHONPATH=/home/lhl/nav2_ws/install/nav2_msgs/local/lib/python3.10/dist-packages:/home/lhl/nav2_ws/install/nav2_common/local/lib/python3.10/dist-packages:${PYTHONPATH} /usr/bin/cmake /home/lhl/nav2_ws/src/navigation2/nav2_smac_planner -DCMAKE_INSTALL_PREFIX=/home/lhl/nav2_ws/install/nav2_smac_planner
[9.849s] -- Found ament_cmake: 1.3.4 (/opt/ros/humble/share/ament_cmake/cmake)
[9.850s] -- Override CMake install command with custom implementation using symlinks instead of copying resources
[9.850s] -- Found nav2_common: 1.1.6 (/home/lhl/nav2_ws/install/nav2_common/share/nav2_common/cmake)
[9.851s] -- Found rclcpp: 16.0.4 (/opt/ros/humble/share/rclcpp/cmake)
[9.852s] -- Found rosidl_generator_c: 3.1.4 (/opt/ros/humble/share/rosidl_generator_c/cmake)
[9.852s] -- Found rosidl_adapter: 3.1.4 (/opt/ros/humble/share/rosidl_adapter/cmake)
[9.853s] -- Found rosidl_generator_cpp: 3.1.4 (/opt/ros/humble/share/rosidl_generator_cpp/cmake)
[9.854s] -- Using all available rosidl_typesupport_c: rosidl_typesupport_fastrtps_c;rosidl_typesupport_introspection_c
[9.855s] -- Using all available rosidl_typesupport_cpp: rosidl_typesupport_fastrtps_cpp;rosidl_typesupport_introspection_cpp
[9.855s] -- Found rmw_implementation_cmake: 6.1.1 (/opt/ros/humble/share/rmw_implementation_cmake/cmake)
[9.856s] -- Found rmw_fastrtps_cpp: 6.2.2 (/opt/ros/humble/share/rmw_fastrtps_cpp/cmake)
[9.857s] -- Using RMW implementation 'rmw_fastrtps_cpp' as default
[9.857s] -- Found rclcpp_action: 16.0.4 (/opt/ros/humble/share/rclcpp_action/cmake)
[9.857s] -- Found rclcpp_lifecycle: 16.0.4 (/opt/ros/humble/share/rclcpp_lifecycle/cmake)
[9.857s] -- Found visualization_msgs: 4.2.3 (/opt/ros/humble/share/visualization_msgs/cmake)
[9.857s] -- Found nav2_util: 1.1.6 (/home/lhl/nav2_ws/install/nav2_util/share/nav2_util/cmake)
[9.857s] -- Found eigen3_cmake_module: 0.1.1 (/opt/ros/humble/share/eigen3_cmake_module/cmake)
[9.857s] -- Ensuring Eigen3 include directory is part of orocos-kdl CMake target
[9.857s] -- Found nav2_core: 1.1.6 (/home/lhl/nav2_ws/install/nav2_core/share/nav2_core/cmake)
[9.857s] -- Found OpenMP_C: -fopenmp (found version "4.5") 
[9.858s] -- Found OpenMP_CXX: -fopenmp (found version "4.5") 
[9.858s] -- Found OpenMP_C: -fopenmp (found version "4.5") 
[9.858s] -- Found OpenMP_CXX: -fopenmp (found version "4.5") 
[29.744s] -- Found ament_lint_auto: 0.12.6 (/opt/ros/humble/share/ament_lint_auto/cmake)
[29.822s] -- Found gtest sources under '/opt/ros/humble/src/gtest_vendor': C++ tests using 'Google Test' will be built
[97.685s] -- Added test 'copyright' to check source files copyright and LICENSE
[97.690s] -- Added test 'cppcheck' to perform static code analysis on C / C++ code
[97.691s] -- Configured cppcheck include dirs: /home/lhl/nav2_ws/src/navigation2/nav2_smac_planner/include
[97.691s] -- Configured cppcheck exclude dirs and/or files: 
[97.695s] -- Added test 'cpplint' to check C / C++ code against the Google style
[97.695s] -- Configured cpplint exclude dirs and/or files: 
[97.696s] -- Added test 'flake8' to check Python code syntax and style conventions
[97.697s] -- Added test 'lint_cmake' to check CMake code style
[97.698s] -- Added test 'pep257' to check Python code against some of the docstring style conventions in PEP 257
[97.702s] -- Added test 'uncrustify' to check C / C++ code style
[97.702s] -- Configured uncrustify additional arguments: 
[97.703s] -- Added test 'xmllint' to check XML markup files
[97.806s] -- Configuring done
[98.746s] -- Generating done
[98.752s] -- Build files have been written to: /home/lhl/nav2_ws/build/nav2_smac_planner
[98.766s] Invoked command in '/home/lhl/nav2_ws/build/nav2_smac_planner' returned '0': AMENT_PREFIX_PATH=/home/lhl/nav2_ws/install/nav2_core:/home/lhl/nav2_ws/install/nav2_costmap_2d:/home/lhl/nav2_ws/install/nav2_util:/home/lhl/nav2_ws/install/nav2_voxel_grid:/home/lhl/nav2_ws/install/nav2_msgs:/home/lhl/nav2_ws/install/nav2_common:${AMENT_PREFIX_PATH} CMAKE_PREFIX_PATH=/home/lhl/nav2_ws/install/nav2_core:/home/lhl/nav2_ws/install/nav2_costmap_2d:/home/lhl/nav2_ws/install/nav2_util:/home/lhl/nav2_ws/install/nav2_voxel_grid:/home/lhl/nav2_ws/install/nav2_msgs:/home/lhl/nav2_ws/install/nav2_common:/opt/ros/humble LD_LIBRARY_PATH=/home/lhl/nav2_ws/install/nav2_costmap_2d/lib:/home/lhl/nav2_ws/install/nav2_util/lib:/home/lhl/nav2_ws/install/nav2_voxel_grid/lib:/home/lhl/nav2_ws/install/nav2_msgs/lib:${LD_LIBRARY_PATH} PYTHONPATH=/home/lhl/nav2_ws/install/nav2_msgs/local/lib/python3.10/dist-packages:/home/lhl/nav2_ws/install/nav2_common/local/lib/python3.10/dist-packages:${PYTHONPATH} /usr/bin/cmake /home/lhl/nav2_ws/src/navigation2/nav2_smac_planner -DCMAKE_INSTALL_PREFIX=/home/lhl/nav2_ws/install/nav2_smac_planner
[98.768s] Invoking command in '/home/lhl/nav2_ws/build/nav2_smac_planner': AMENT_PREFIX_PATH=/home/lhl/nav2_ws/install/nav2_core:/home/lhl/nav2_ws/install/nav2_costmap_2d:/home/lhl/nav2_ws/install/nav2_util:/home/lhl/nav2_ws/install/nav2_voxel_grid:/home/lhl/nav2_ws/install/nav2_msgs:/home/lhl/nav2_ws/install/nav2_common:${AMENT_PREFIX_PATH} CMAKE_PREFIX_PATH=/home/lhl/nav2_ws/install/nav2_core:/home/lhl/nav2_ws/install/nav2_costmap_2d:/home/lhl/nav2_ws/install/nav2_util:/home/lhl/nav2_ws/install/nav2_voxel_grid:/home/lhl/nav2_ws/install/nav2_msgs:/home/lhl/nav2_ws/install/nav2_common:/opt/ros/humble LD_LIBRARY_PATH=/home/lhl/nav2_ws/install/nav2_costmap_2d/lib:/home/lhl/nav2_ws/install/nav2_util/lib:/home/lhl/nav2_ws/install/nav2_voxel_grid/lib:/home/lhl/nav2_ws/install/nav2_msgs/lib:${LD_LIBRARY_PATH} PYTHONPATH=/home/lhl/nav2_ws/install/nav2_msgs/local/lib/python3.10/dist-packages:/home/lhl/nav2_ws/install/nav2_common/local/lib/python3.10/dist-packages:${PYTHONPATH} /usr/bin/cmake --build /home/lhl/nav2_ws/build/nav2_smac_planner -- -j8 -l8
[98.819s] [35m[1mConsolidate compiler generated dependencies of target gtest[0m
[98.830s] [35m[1mConsolidate compiler generated dependencies of target gtest_main[0m
[98.835s] [  3%] Built target gtest
[98.843s] [  6%] Built target gtest_main
[98.893s] [35m[1mConsolidate compiler generated dependencies of target nav2_smac_planner_2d[0m
[98.931s] [35m[1mConsolidate compiler generated dependencies of target nav2_smac_planner_lattice[0m
[98.969s] [ 25%] Built target nav2_smac_planner_2d
[98.975s] [35m[1mConsolidate compiler generated dependencies of target nav2_smac_planner[0m
[98.982s] [35m[1mConsolidate compiler generated dependencies of target test_smac_2d[0m
[99.006s] [ 44%] Built target nav2_smac_planner_lattice
[99.018s] [ 47%] Built target test_smac_2d
[99.023s] [35m[1mConsolidate compiler generated dependencies of target test_smac_lattice[0m
[99.062s] [ 50%] Built target test_smac_lattice
[99.076s] [ 69%] Built target nav2_smac_planner
[99.095s] [35m[1mConsolidate compiler generated dependencies of target test_costmap_downsampler[0m
[99.098s] [35m[1mConsolidate compiler generated dependencies of target test_collision_checker[0m
[99.101s] [35m[1mConsolidate compiler generated dependencies of target test_node2d[0m
[99.101s] [35m[1mConsolidate compiler generated dependencies of target test_a_star[0m
[99.101s] [35m[1mConsolidate compiler generated dependencies of target test_nodehybrid[0m
[99.104s] [35m[1mConsolidate compiler generated dependencies of target test_smac_hybrid[0m
[99.104s] [35m[1mConsolidate compiler generated dependencies of target test_nodebasic[0m
[99.115s] [35m[1mConsolidate compiler generated dependencies of target test_smoother[0m
[99.144s] [ 74%] Built target test_collision_checker
[99.144s] [ 76%] Built target test_costmap_downsampler
[99.147s] [ 79%] Built target test_a_star
[99.156s] [ 83%] Built target test_nodehybrid
[99.158s] [ 86%] Built target test_node2d
[99.162s] [ 89%] Built target test_nodebasic
[99.163s] [35m[1mConsolidate compiler generated dependencies of target test_lattice_node[0m
[99.170s] [ 93%] Built target test_smoother
[99.170s] [ 96%] Built target test_smac_hybrid
[99.192s] [100%] Built target test_lattice_node
[99.204s] Invoked command in '/home/lhl/nav2_ws/build/nav2_smac_planner' returned '0': AMENT_PREFIX_PATH=/home/lhl/nav2_ws/install/nav2_core:/home/lhl/nav2_ws/install/nav2_costmap_2d:/home/lhl/nav2_ws/install/nav2_util:/home/lhl/nav2_ws/install/nav2_voxel_grid:/home/lhl/nav2_ws/install/nav2_msgs:/home/lhl/nav2_ws/install/nav2_common:${AMENT_PREFIX_PATH} CMAKE_PREFIX_PATH=/home/lhl/nav2_ws/install/nav2_core:/home/lhl/nav2_ws/install/nav2_costmap_2d:/home/lhl/nav2_ws/install/nav2_util:/home/lhl/nav2_ws/install/nav2_voxel_grid:/home/lhl/nav2_ws/install/nav2_msgs:/home/lhl/nav2_ws/install/nav2_common:/opt/ros/humble LD_LIBRARY_PATH=/home/lhl/nav2_ws/install/nav2_costmap_2d/lib:/home/lhl/nav2_ws/install/nav2_util/lib:/home/lhl/nav2_ws/install/nav2_voxel_grid/lib:/home/lhl/nav2_ws/install/nav2_msgs/lib:${LD_LIBRARY_PATH} PYTHONPATH=/home/lhl/nav2_ws/install/nav2_msgs/local/lib/python3.10/dist-packages:/home/lhl/nav2_ws/install/nav2_common/local/lib/python3.10/dist-packages:${PYTHONPATH} /usr/bin/cmake --build /home/lhl/nav2_ws/build/nav2_smac_planner -- -j8 -l8
[99.263s] Invoking command in '/home/lhl/nav2_ws/build/nav2_smac_planner': AMENT_PREFIX_PATH=/home/lhl/nav2_ws/install/nav2_core:/home/lhl/nav2_ws/install/nav2_costmap_2d:/home/lhl/nav2_ws/install/nav2_util:/home/lhl/nav2_ws/install/nav2_voxel_grid:/home/lhl/nav2_ws/install/nav2_msgs:/home/lhl/nav2_ws/install/nav2_common:${AMENT_PREFIX_PATH} CMAKE_PREFIX_PATH=/home/lhl/nav2_ws/install/nav2_core:/home/lhl/nav2_ws/install/nav2_costmap_2d:/home/lhl/nav2_ws/install/nav2_util:/home/lhl/nav2_ws/install/nav2_voxel_grid:/home/lhl/nav2_ws/install/nav2_msgs:/home/lhl/nav2_ws/install/nav2_common:/opt/ros/humble LD_LIBRARY_PATH=/home/lhl/nav2_ws/install/nav2_costmap_2d/lib:/home/lhl/nav2_ws/install/nav2_util/lib:/home/lhl/nav2_ws/install/nav2_voxel_grid/lib:/home/lhl/nav2_ws/install/nav2_msgs/lib:${LD_LIBRARY_PATH} PYTHONPATH=/home/lhl/nav2_ws/install/nav2_msgs/local/lib/python3.10/dist-packages:/home/lhl/nav2_ws/install/nav2_common/local/lib/python3.10/dist-packages:${PYTHONPATH} /usr/bin/cmake --install /home/lhl/nav2_ws/build/nav2_smac_planner
[99.270s] -- Install configuration: "Release"
[99.270s] -- Execute custom install script
[99.270s] -- Up-to-date symlink: /home/lhl/nav2_ws/install/nav2_smac_planner/share/nav2_smac_planner//smac_plugin_hybrid.xml
[99.270s] -- Up-to-date symlink: /home/lhl/nav2_ws/install/nav2_smac_planner/share/nav2_smac_planner//smac_plugin_2d.xml
[99.271s] -- Up-to-date symlink: /home/lhl/nav2_ws/install/nav2_smac_planner/share/nav2_smac_planner//smac_plugin_lattice.xml
[99.271s] -- Up-to-date symlink: /home/lhl/nav2_ws/install/nav2_smac_planner/lib/libnav2_smac_planner.so
[99.271s] -- Up-to-date symlink: /home/lhl/nav2_ws/install/nav2_smac_planner/lib/libnav2_smac_planner_2d.so
[99.271s] -- Up-to-date symlink: /home/lhl/nav2_ws/install/nav2_smac_planner/lib/libnav2_smac_planner_lattice.so
[99.271s] -- Up-to-date symlink: /home/lhl/nav2_ws/install/nav2_smac_planner/include//nav2_smac_planner/a_star.hpp
[99.271s] -- Up-to-date symlink: /home/lhl/nav2_ws/install/nav2_smac_planner/include//nav2_smac_planner/analytic_expansion.hpp
[99.272s] -- Up-to-date symlink: /home/lhl/nav2_ws/install/nav2_smac_planner/include//nav2_smac_planner/collision_checker.hpp
[99.272s] -- Up-to-date symlink: /home/lhl/nav2_ws/install/nav2_smac_planner/include//nav2_smac_planner/constants.hpp
[99.272s] -- Up-to-date symlink: /home/lhl/nav2_ws/install/nav2_smac_planner/include//nav2_smac_planner/costmap_downsampler.hpp
[99.272s] -- Up-to-date symlink: /home/lhl/nav2_ws/install/nav2_smac_planner/include//nav2_smac_planner/node_2d.hpp
[99.272s] -- Up-to-date symlink: /home/lhl/nav2_ws/install/nav2_smac_planner/include//nav2_smac_planner/node_basic.hpp
[99.272s] -- Up-to-date symlink: /home/lhl/nav2_ws/install/nav2_smac_planner/include//nav2_smac_planner/node_hybrid.hpp
[99.272s] -- Up-to-date symlink: /home/lhl/nav2_ws/install/nav2_smac_planner/include//nav2_smac_planner/node_lattice.hpp
[99.272s] -- Up-to-date symlink: /home/lhl/nav2_ws/install/nav2_smac_planner/include//nav2_smac_planner/smac_planner_2d.hpp
[99.272s] -- Up-to-date symlink: /home/lhl/nav2_ws/install/nav2_smac_planner/include//nav2_smac_planner/smac_planner_hybrid.hpp
[99.273s] -- Up-to-date symlink: /home/lhl/nav2_ws/install/nav2_smac_planner/include//nav2_smac_planner/smac_planner_lattice.hpp
[99.273s] -- Up-to-date symlink: /home/lhl/nav2_ws/install/nav2_smac_planner/include//nav2_smac_planner/smoother.hpp
[99.273s] -- Up-to-date symlink: /home/lhl/nav2_ws/install/nav2_smac_planner/include//nav2_smac_planner/thirdparty/robin_hood.h
[99.273s] -- Up-to-date symlink: /home/lhl/nav2_ws/install/nav2_smac_planner/include//nav2_smac_planner/types.hpp
[99.273s] -- Up-to-date symlink: /home/lhl/nav2_ws/install/nav2_smac_planner/include//nav2_smac_planner/utils.hpp
[99.273s] -- Up-to-date symlink: /home/lhl/nav2_ws/install/nav2_smac_planner/share/nav2_smac_planner/sample_primitives/5cm_resolution/0.5m_turning_radius/ackermann/output.json
[99.273s] -- Up-to-date symlink: /home/lhl/nav2_ws/install/nav2_smac_planner/share/nav2_smac_planner/sample_primitives/5cm_resolution/0.5m_turning_radius/all_trajectories.png
[99.274s] -- Up-to-date symlink: /home/lhl/nav2_ws/install/nav2_smac_planner/share/nav2_smac_planner/sample_primitives/5cm_resolution/0.5m_turning_radius/diff/output.json
[99.274s] -- Up-to-date symlink: /home/lhl/nav2_ws/install/nav2_smac_planner/share/nav2_smac_planner/sample_primitives/5cm_resolution/0.5m_turning_radius/omni/output.json
[99.274s] -- Up-to-date symlink: /home/lhl/nav2_ws/install/nav2_smac_planner/share/nav2_smac_planner/sample_primitives/5cm_resolution/1m_turning_radius/ackermann/output.json
[99.274s] -- Up-to-date symlink: /home/lhl/nav2_ws/install/nav2_smac_planner/share/nav2_smac_planner/sample_primitives/5cm_resolution/1m_turning_radius/all_trajectories.png
[99.274s] -- Up-to-date symlink: /home/lhl/nav2_ws/install/nav2_smac_planner/share/nav2_smac_planner/sample_primitives/5cm_resolution/1m_turning_radius/diff/output.json
[99.274s] -- Up-to-date symlink: /home/lhl/nav2_ws/install/nav2_smac_planner/share/nav2_smac_planner/sample_primitives/5cm_resolution/1m_turning_radius/omni/output.json
[99.274s] -- Up-to-date symlink: /home/lhl/nav2_ws/install/nav2_smac_planner/share/nav2_smac_planner/environment/library_path.sh
[99.274s] -- Up-to-date symlink: /home/lhl/nav2_ws/install/nav2_smac_planner/share/nav2_smac_planner/environment/library_path.dsv
[99.275s] -- Up-to-date symlink: /home/lhl/nav2_ws/install/nav2_smac_planner/share/ament_index/resource_index/package_run_dependencies/nav2_smac_planner
[99.275s] -- Up-to-date symlink: /home/lhl/nav2_ws/install/nav2_smac_planner/share/ament_index/resource_index/parent_prefix_path/nav2_smac_planner
[99.275s] -- Up-to-date symlink: /home/lhl/nav2_ws/install/nav2_smac_planner/share/nav2_smac_planner/environment/ament_prefix_path.sh
[99.275s] -- Up-to-date symlink: /home/lhl/nav2_ws/install/nav2_smac_planner/share/nav2_smac_planner/environment/ament_prefix_path.dsv
[99.275s] -- Up-to-date symlink: /home/lhl/nav2_ws/install/nav2_smac_planner/share/nav2_smac_planner/environment/path.sh
[99.275s] -- Up-to-date symlink: /home/lhl/nav2_ws/install/nav2_smac_planner/share/nav2_smac_planner/environment/path.dsv
[99.275s] -- Up-to-date symlink: /home/lhl/nav2_ws/install/nav2_smac_planner/share/nav2_smac_planner/local_setup.bash
[99.276s] -- Up-to-date symlink: /home/lhl/nav2_ws/install/nav2_smac_planner/share/nav2_smac_planner/local_setup.sh
[99.276s] -- Up-to-date symlink: /home/lhl/nav2_ws/install/nav2_smac_planner/share/nav2_smac_planner/local_setup.zsh
[99.276s] -- Up-to-date symlink: /home/lhl/nav2_ws/install/nav2_smac_planner/share/nav2_smac_planner/local_setup.dsv
[99.276s] -- Symlinking: /home/lhl/nav2_ws/install/nav2_smac_planner/share/nav2_smac_planner/package.dsv
[99.284s] -- Up-to-date symlink: /home/lhl/nav2_ws/install/nav2_smac_planner/share/ament_index/resource_index/packages/nav2_smac_planner
[99.284s] -- Up-to-date symlink: /home/lhl/nav2_ws/install/nav2_smac_planner/share/ament_index/resource_index/nav2_core__pluginlib__plugin/nav2_smac_planner
[99.284s] -- Up-to-date symlink: /home/lhl/nav2_ws/install/nav2_smac_planner/share/nav2_smac_planner/cmake/ament_cmake_export_include_directories-extras.cmake
[99.284s] -- Up-to-date symlink: /home/lhl/nav2_ws/install/nav2_smac_planner/share/nav2_smac_planner/cmake/ament_cmake_export_libraries-extras.cmake
[99.285s] -- Up-to-date symlink: /home/lhl/nav2_ws/install/nav2_smac_planner/share/nav2_smac_planner/cmake/ament_cmake_export_dependencies-extras.cmake
[99.285s] -- Up-to-date symlink: /home/lhl/nav2_ws/install/nav2_smac_planner/share/nav2_smac_planner/cmake/nav2_smac_plannerConfig.cmake
[99.285s] -- Up-to-date symlink: /home/lhl/nav2_ws/install/nav2_smac_planner/share/nav2_smac_planner/cmake/nav2_smac_plannerConfig-version.cmake
[99.285s] -- Up-to-date symlink: /home/lhl/nav2_ws/install/nav2_smac_planner/share/nav2_smac_planner/package.xml
[99.289s] Invoked command in '/home/lhl/nav2_ws/build/nav2_smac_planner' returned '0': AMENT_PREFIX_PATH=/home/lhl/nav2_ws/install/nav2_core:/home/lhl/nav2_ws/install/nav2_costmap_2d:/home/lhl/nav2_ws/install/nav2_util:/home/lhl/nav2_ws/install/nav2_voxel_grid:/home/lhl/nav2_ws/install/nav2_msgs:/home/lhl/nav2_ws/install/nav2_common:${AMENT_PREFIX_PATH} CMAKE_PREFIX_PATH=/home/lhl/nav2_ws/install/nav2_core:/home/lhl/nav2_ws/install/nav2_costmap_2d:/home/lhl/nav2_ws/install/nav2_util:/home/lhl/nav2_ws/install/nav2_voxel_grid:/home/lhl/nav2_ws/install/nav2_msgs:/home/lhl/nav2_ws/install/nav2_common:/opt/ros/humble LD_LIBRARY_PATH=/home/lhl/nav2_ws/install/nav2_costmap_2d/lib:/home/lhl/nav2_ws/install/nav2_util/lib:/home/lhl/nav2_ws/install/nav2_voxel_grid/lib:/home/lhl/nav2_ws/install/nav2_msgs/lib:${LD_LIBRARY_PATH} PYTHONPATH=/home/lhl/nav2_ws/install/nav2_msgs/local/lib/python3.10/dist-packages:/home/lhl/nav2_ws/install/nav2_common/local/lib/python3.10/dist-packages:${PYTHONPATH} /usr/bin/cmake --install /home/lhl/nav2_ws/build/nav2_smac_planner
