-- Found ament_cmake: 1.3.4 (/opt/ros/humble/share/ament_cmake/cmake)
-- Override CMake install command with custom implementation using symlinks instead of copying resources
-- Found nav2_common: 1.1.6 (/home/lhl/nav2_ws/install/nav2_common/share/nav2_common/cmake)
-- Found rclcpp: 16.0.4 (/opt/ros/humble/share/rclcpp/cmake)
-- Found rosidl_generator_c: 3.1.4 (/opt/ros/humble/share/rosidl_generator_c/cmake)
-- Found rosidl_adapter: 3.1.4 (/opt/ros/humble/share/rosidl_adapter/cmake)
-- Found rosidl_generator_cpp: 3.1.4 (/opt/ros/humble/share/rosidl_generator_cpp/cmake)
-- Using all available rosidl_typesupport_c: rosidl_typesupport_fastrtps_c;rosidl_typesupport_introspection_c
-- Using all available rosidl_typesupport_cpp: rosidl_typesupport_fastrtps_cpp;rosidl_typesupport_introspection_cpp
-- Found rmw_implementation_cmake: 6.1.1 (/opt/ros/humble/share/rmw_implementation_cmake/cmake)
-- Found rmw_fastrtps_cpp: 6.2.2 (/opt/ros/humble/share/rmw_fastrtps_cpp/cmake)
-- Using RMW implementation 'rmw_fastrtps_cpp' as default
-- Found geometry_msgs: 4.2.3 (/opt/ros/humble/share/geometry_msgs/cmake)
-- Found nav_2d_msgs: 1.1.6 (/home/lhl/nav2_ws/install/nav_2d_msgs/share/nav_2d_msgs/cmake)
-- Found dwb_msgs: 1.1.6 (/home/lhl/nav2_ws/install/dwb_msgs/share/dwb_msgs/cmake)
-- Found nav2_costmap_2d: 1.1.6 (/home/lhl/nav2_ws/install/nav2_costmap_2d/share/nav2_costmap_2d/cmake)
-- Ensuring Eigen3 include directory is part of orocos-kdl CMake target
-- Found nav_2d_utils: 1.1.6 (/home/lhl/nav2_ws/install/nav_2d_utils/share/nav_2d_utils/cmake)
-- Found nav2_core: 1.1.6 (/home/lhl/nav2_ws/install/nav2_core/share/nav2_core/cmake)
-- Found ament_lint_auto: 0.12.6 (/opt/ros/humble/share/ament_lint_auto/cmake)
-- Found gtest sources under '/opt/ros/humble/src/gtest_vendor': C++ tests using 'Google Test' will be built
-- Added test 'cppcheck' to perform static code analysis on C / C++ code
-- Configured cppcheck include dirs: /home/lhl/nav2_ws/src/navigation2/nav2_dwb_controller/dwb_core/include
-- Configured cppcheck exclude dirs and/or files: 
-- Added test 'cpplint' to check C / C++ code against the Google style
-- Configured cpplint exclude dirs and/or files: 
-- Added test 'lint_cmake' to check CMake code style
-- Added test 'uncrustify' to check C / C++ code style
-- Configured uncrustify additional arguments: 
-- Added test 'xmllint' to check XML markup files
-- Configuring done
-- Generating done
-- Build files have been written to: /home/lhl/nav2_ws/build/dwb_core
[35m[1mConsolidate compiler generated dependencies of target gtest_main[0m
[ 18%] Built target gtest_main
[35m[1mConsolidate compiler generated dependencies of target gtest[0m
[35m[1mConsolidate compiler generated dependencies of target dwb_core[0m
[ 36%] Built target gtest
[ 81%] Built target dwb_core
[35m[1mConsolidate compiler generated dependencies of target utils_test[0m
[100%] Built target utils_test
-- Install configuration: "Release"
-- Execute custom install script
-- Up-to-date symlink: /home/lhl/nav2_ws/install/dwb_core/lib/libdwb_core.so
-- Up-to-date symlink: /home/lhl/nav2_ws/install/dwb_core/include//dwb_core/dwb_local_planner.hpp
-- Up-to-date symlink: /home/lhl/nav2_ws/install/dwb_core/include//dwb_core/exceptions.hpp
-- Up-to-date symlink: /home/lhl/nav2_ws/install/dwb_core/include//dwb_core/illegal_trajectory_tracker.hpp
-- Up-to-date symlink: /home/lhl/nav2_ws/install/dwb_core/include//dwb_core/publisher.hpp
-- Up-to-date symlink: /home/lhl/nav2_ws/install/dwb_core/include//dwb_core/trajectory_critic.hpp
-- Up-to-date symlink: /home/lhl/nav2_ws/install/dwb_core/include//dwb_core/trajectory_generator.hpp
-- Up-to-date symlink: /home/lhl/nav2_ws/install/dwb_core/include//dwb_core/trajectory_utils.hpp
-- Up-to-date symlink: /home/lhl/nav2_ws/install/dwb_core/share/dwb_core/environment/library_path.sh
-- Up-to-date symlink: /home/lhl/nav2_ws/install/dwb_core/share/dwb_core/environment/library_path.dsv
-- Up-to-date symlink: /home/lhl/nav2_ws/install/dwb_core/share/dwb_core//local_planner_plugin.xml
-- Up-to-date symlink: /home/lhl/nav2_ws/install/dwb_core/share/ament_index/resource_index/package_run_dependencies/dwb_core
-- Up-to-date symlink: /home/lhl/nav2_ws/install/dwb_core/share/ament_index/resource_index/parent_prefix_path/dwb_core
-- Up-to-date symlink: /home/lhl/nav2_ws/install/dwb_core/share/dwb_core/environment/ament_prefix_path.sh
-- Up-to-date symlink: /home/lhl/nav2_ws/install/dwb_core/share/dwb_core/environment/ament_prefix_path.dsv
-- Up-to-date symlink: /home/lhl/nav2_ws/install/dwb_core/share/dwb_core/environment/path.sh
-- Up-to-date symlink: /home/lhl/nav2_ws/install/dwb_core/share/dwb_core/environment/path.dsv
-- Up-to-date symlink: /home/lhl/nav2_ws/install/dwb_core/share/dwb_core/local_setup.bash
-- Up-to-date symlink: /home/lhl/nav2_ws/install/dwb_core/share/dwb_core/local_setup.sh
-- Up-to-date symlink: /home/lhl/nav2_ws/install/dwb_core/share/dwb_core/local_setup.zsh
-- Up-to-date symlink: /home/lhl/nav2_ws/install/dwb_core/share/dwb_core/local_setup.dsv
-- Symlinking: /home/lhl/nav2_ws/install/dwb_core/share/dwb_core/package.dsv
-- Up-to-date symlink: /home/lhl/nav2_ws/install/dwb_core/share/ament_index/resource_index/packages/dwb_core
-- Up-to-date symlink: /home/lhl/nav2_ws/install/dwb_core/share/ament_index/resource_index/nav2_core__pluginlib__plugin/dwb_core
-- Up-to-date symlink: /home/lhl/nav2_ws/install/dwb_core/share/dwb_core/cmake/ament_cmake_export_include_directories-extras.cmake
-- Up-to-date symlink: /home/lhl/nav2_ws/install/dwb_core/share/dwb_core/cmake/ament_cmake_export_libraries-extras.cmake
-- Up-to-date symlink: /home/lhl/nav2_ws/install/dwb_core/share/dwb_core/cmake/ament_cmake_export_dependencies-extras.cmake
-- Up-to-date symlink: /home/lhl/nav2_ws/install/dwb_core/share/dwb_core/cmake/dwb_coreConfig.cmake
-- Up-to-date symlink: /home/lhl/nav2_ws/install/dwb_core/share/dwb_core/cmake/dwb_coreConfig-version.cmake
-- Up-to-date symlink: /home/lhl/nav2_ws/install/dwb_core/share/dwb_core/package.xml
