[0.065s] Invoking command in '/home/lhl/nav2_ws/src/build/nav2_msgs': AMENT_PREFIX_PATH=/home/lhl/nav2_ws/src/install/nav2_common:${AMENT_PREFIX_PATH} CMAKE_PREFIX_PATH=/home/lhl/nav2_ws/src/install/nav2_common:/opt/ros/humble PYTHONPATH=/home/lhl/nav2_ws/src/install/nav2_common/local/lib/python3.10/dist-packages:${PYTHONPATH} /usr/bin/cmake --build /home/lhl/nav2_ws/src/build/nav2_msgs -- -j8 -l8
[0.200s] [  0%] Built target nav2_msgs__cpp
[0.330s] [  0%] Built target ament_cmake_python_copy_nav2_msgs
[0.613s] running egg_info
[0.617s] writing nav2_msgs.egg-info/PKG-INFO
[0.618s] writing dependency_links to nav2_msgs.egg-info/dependency_links.txt
[0.618s] writing top-level names to nav2_msgs.egg-info/top_level.txt
[0.618s] reading manifest file 'nav2_msgs.egg-info/SOURCES.txt'
[0.638s] writing manifest file 'nav2_msgs.egg-info/SOURCES.txt'
[0.667s] [  0%] Built target ament_cmake_python_build_nav2_msgs_egg
[0.760s] [35m[1mConsolidate compiler generated dependencies of target nav2_msgs__rosidl_generator_c[0m
[0.788s] [ 12%] Built target nav2_msgs__rosidl_generator_c
[1.383s] [35m[1mConsolidate compiler generated dependencies of target nav2_msgs__rosidl_typesupport_fastrtps_cpp[0m
[1.422s] [35m[1mConsolidate compiler generated dependencies of target nav2_msgs__rosidl_typesupport_fastrtps_c[0m
[1.432s] [ 24%] Built target nav2_msgs__rosidl_typesupport_fastrtps_cpp
[1.474s] [ 36%] Built target nav2_msgs__rosidl_typesupport_fastrtps_c
[1.527s] [35m[1mConsolidate compiler generated dependencies of target nav2_msgs__rosidl_typesupport_c[0m
[1.531s] [35m[1mConsolidate compiler generated dependencies of target nav2_msgs__rosidl_typesupport_introspection_cpp[0m
[1.533s] [35m[1mConsolidate compiler generated dependencies of target nav2_msgs__rosidl_typesupport_introspection_c[0m
[1.547s] [ 48%] Built target nav2_msgs__rosidl_typesupport_c
[1.555s] [ 61%] Built target nav2_msgs__rosidl_typesupport_introspection_c
[1.580s] [ 74%] Built target nav2_msgs__rosidl_typesupport_introspection_cpp
[1.718s] [35m[1mConsolidate compiler generated dependencies of target nav2_msgs__rosidl_typesupport_cpp[0m
[1.762s] [ 86%] Built target nav2_msgs__rosidl_typesupport_cpp
[1.780s] [ 86%] Built target nav2_msgs
[1.801s] [ 86%] Built target nav2_msgs__py
[2.025s] [35m[1mConsolidate compiler generated dependencies of target nav2_msgs__rosidl_generator_py[0m
[2.072s] [ 98%] Built target nav2_msgs__rosidl_generator_py
[2.083s] [35m[1mConsolidate compiler generated dependencies of target nav2_msgs__rosidl_typesupport_introspection_c__pyext[0m
[2.083s] [35m[1mConsolidate compiler generated dependencies of target nav2_msgs__rosidl_typesupport_c__pyext[0m
[2.084s] [35m[1mConsolidate compiler generated dependencies of target nav2_msgs__rosidl_typesupport_fastrtps_c__pyext[0m
[2.097s] [ 98%] Built target nav2_msgs__rosidl_typesupport_introspection_c__pyext
[2.097s] [ 99%] Built target nav2_msgs__rosidl_typesupport_c__pyext
[2.098s] [100%] Built target nav2_msgs__rosidl_typesupport_fastrtps_c__pyext
[2.109s] Invoked command in '/home/lhl/nav2_ws/src/build/nav2_msgs' returned '0': AMENT_PREFIX_PATH=/home/lhl/nav2_ws/src/install/nav2_common:${AMENT_PREFIX_PATH} CMAKE_PREFIX_PATH=/home/lhl/nav2_ws/src/install/nav2_common:/opt/ros/humble PYTHONPATH=/home/lhl/nav2_ws/src/install/nav2_common/local/lib/python3.10/dist-packages:${PYTHONPATH} /usr/bin/cmake --build /home/lhl/nav2_ws/src/build/nav2_msgs -- -j8 -l8
[2.614s] Invoking command in '/home/lhl/nav2_ws/src/build/nav2_msgs': AMENT_PREFIX_PATH=/home/lhl/nav2_ws/src/install/nav2_common:${AMENT_PREFIX_PATH} CMAKE_PREFIX_PATH=/home/lhl/nav2_ws/src/install/nav2_common:/opt/ros/humble PYTHONPATH=/home/lhl/nav2_ws/src/install/nav2_common/local/lib/python3.10/dist-packages:${PYTHONPATH} /usr/bin/cmake --install /home/lhl/nav2_ws/src/build/nav2_msgs
[2.642s] -- Install configuration: "Release"
[2.642s] -- Up-to-date: /home/lhl/nav2_ws/src/install/nav2_msgs/share/ament_index/resource_index/rosidl_interfaces/nav2_msgs
[2.642s] -- Up-to-date: /home/lhl/nav2_ws/src/install/nav2_msgs/include/nav2_msgs/nav2_msgs
[2.642s] -- Up-to-date: /home/lhl/nav2_ws/src/install/nav2_msgs/include/nav2_msgs/nav2_msgs/msg
[2.642s] -- Up-to-date: /home/lhl/nav2_ws/src/install/nav2_msgs/include/nav2_msgs/nav2_msgs/msg/particle.h
[2.643s] -- Up-to-date: /home/lhl/nav2_ws/src/install/nav2_msgs/include/nav2_msgs/nav2_msgs/msg/behavior_tree_status_change.h
[2.643s] -- Up-to-date: /home/lhl/nav2_ws/src/install/nav2_msgs/include/nav2_msgs/nav2_msgs/msg/behavior_tree_log.h
[2.643s] -- Up-to-date: /home/lhl/nav2_ws/src/install/nav2_msgs/include/nav2_msgs/nav2_msgs/msg/costmap_meta_data.h
[2.643s] -- Up-to-date: /home/lhl/nav2_ws/src/install/nav2_msgs/include/nav2_msgs/nav2_msgs/msg/speed_limit.h
[2.643s] -- Up-to-date: /home/lhl/nav2_ws/src/install/nav2_msgs/include/nav2_msgs/nav2_msgs/msg/costmap_filter_info.h
[2.643s] -- Up-to-date: /home/lhl/nav2_ws/src/install/nav2_msgs/include/nav2_msgs/nav2_msgs/msg/voxel_grid.h
[2.643s] -- Up-to-date: /home/lhl/nav2_ws/src/install/nav2_msgs/include/nav2_msgs/nav2_msgs/msg/particle_cloud.h
[2.643s] -- Up-to-date: /home/lhl/nav2_ws/src/install/nav2_msgs/include/nav2_msgs/nav2_msgs/msg/rosidl_generator_c__visibility_control.h
[2.643s] -- Up-to-date: /home/lhl/nav2_ws/src/install/nav2_msgs/include/nav2_msgs/nav2_msgs/msg/detail
[2.643s] -- Up-to-date: /home/lhl/nav2_ws/src/install/nav2_msgs/include/nav2_msgs/nav2_msgs/msg/detail/particle__functions.h
[2.644s] -- Up-to-date: /home/lhl/nav2_ws/src/install/nav2_msgs/include/nav2_msgs/nav2_msgs/msg/detail/costmap__functions.h
[2.644s] -- Up-to-date: /home/lhl/nav2_ws/src/install/nav2_msgs/include/nav2_msgs/nav2_msgs/msg/detail/particle_cloud__functions.h
[2.644s] -- Up-to-date: /home/lhl/nav2_ws/src/install/nav2_msgs/include/nav2_msgs/nav2_msgs/msg/detail/behavior_tree_status_change__struct.h
[2.644s] -- Up-to-date: /home/lhl/nav2_ws/src/install/nav2_msgs/include/nav2_msgs/nav2_msgs/msg/detail/costmap__struct.h
[2.644s] -- Up-to-date: /home/lhl/nav2_ws/src/install/nav2_msgs/include/nav2_msgs/nav2_msgs/msg/detail/voxel_grid__functions.h
[2.644s] -- Up-to-date: /home/lhl/nav2_ws/src/install/nav2_msgs/include/nav2_msgs/nav2_msgs/msg/detail/costmap__functions.c
[2.644s] -- Up-to-date: /home/lhl/nav2_ws/src/install/nav2_msgs/include/nav2_msgs/nav2_msgs/msg/detail/behavior_tree_status_change__functions.c
[2.644s] -- Up-to-date: /home/lhl/nav2_ws/src/install/nav2_msgs/include/nav2_msgs/nav2_msgs/msg/detail/voxel_grid__struct.h
[2.644s] -- Up-to-date: /home/lhl/nav2_ws/src/install/nav2_msgs/include/nav2_msgs/nav2_msgs/msg/detail/behavior_tree_log__functions.h
[2.644s] -- Up-to-date: /home/lhl/nav2_ws/src/install/nav2_msgs/include/nav2_msgs/nav2_msgs/msg/detail/speed_limit__type_support.h
[2.645s] -- Up-to-date: /home/lhl/nav2_ws/src/install/nav2_msgs/include/nav2_msgs/nav2_msgs/msg/detail/voxel_grid__type_support.h
[2.645s] -- Up-to-date: /home/lhl/nav2_ws/src/install/nav2_msgs/include/nav2_msgs/nav2_msgs/msg/detail/particle__functions.c
[2.645s] -- Up-to-date: /home/lhl/nav2_ws/src/install/nav2_msgs/include/nav2_msgs/nav2_msgs/msg/detail/behavior_tree_log__type_support.h
[2.645s] -- Up-to-date: /home/lhl/nav2_ws/src/install/nav2_msgs/include/nav2_msgs/nav2_msgs/msg/detail/costmap__type_support.h
[2.645s] -- Up-to-date: /home/lhl/nav2_ws/src/install/nav2_msgs/include/nav2_msgs/nav2_msgs/msg/detail/speed_limit__struct.h
[2.645s] -- Up-to-date: /home/lhl/nav2_ws/src/install/nav2_msgs/include/nav2_msgs/nav2_msgs/msg/detail/particle__struct.h
[2.645s] -- Up-to-date: /home/lhl/nav2_ws/src/install/nav2_msgs/include/nav2_msgs/nav2_msgs/msg/detail/voxel_grid__functions.c
[2.645s] -- Up-to-date: /home/lhl/nav2_ws/src/install/nav2_msgs/include/nav2_msgs/nav2_msgs/msg/detail/costmap_filter_info__functions.h
[2.645s] -- Up-to-date: /home/lhl/nav2_ws/src/install/nav2_msgs/include/nav2_msgs/nav2_msgs/msg/detail/particle__type_support.h
[2.645s] -- Up-to-date: /home/lhl/nav2_ws/src/install/nav2_msgs/include/nav2_msgs/nav2_msgs/msg/detail/behavior_tree_log__struct.h
[2.646s] -- Up-to-date: /home/lhl/nav2_ws/src/install/nav2_msgs/include/nav2_msgs/nav2_msgs/msg/detail/costmap_meta_data__struct.h
[2.646s] -- Up-to-date: /home/lhl/nav2_ws/src/install/nav2_msgs/include/nav2_msgs/nav2_msgs/msg/detail/behavior_tree_log__functions.c
[2.646s] -- Up-to-date: /home/lhl/nav2_ws/src/install/nav2_msgs/include/nav2_msgs/nav2_msgs/msg/detail/costmap_filter_info__struct.h
[2.646s] -- Up-to-date: /home/lhl/nav2_ws/src/install/nav2_msgs/include/nav2_msgs/nav2_msgs/msg/detail/costmap_meta_data__functions.c
[2.646s] -- Up-to-date: /home/lhl/nav2_ws/src/install/nav2_msgs/include/nav2_msgs/nav2_msgs/msg/detail/costmap_meta_data__type_support.h
[2.646s] -- Up-to-date: /home/lhl/nav2_ws/src/install/nav2_msgs/include/nav2_msgs/nav2_msgs/msg/detail/speed_limit__functions.h
[2.646s] -- Up-to-date: /home/lhl/nav2_ws/src/install/nav2_msgs/include/nav2_msgs/nav2_msgs/msg/detail/particle_cloud__struct.h
[2.646s] -- Up-to-date: /home/lhl/nav2_ws/src/install/nav2_msgs/include/nav2_msgs/nav2_msgs/msg/detail/behavior_tree_status_change__type_support.h
[2.646s] -- Up-to-date: /home/lhl/nav2_ws/src/install/nav2_msgs/include/nav2_msgs/nav2_msgs/msg/detail/behavior_tree_status_change__functions.h
[2.646s] -- Up-to-date: /home/lhl/nav2_ws/src/install/nav2_msgs/include/nav2_msgs/nav2_msgs/msg/detail/costmap_meta_data__functions.h
[2.646s] -- Up-to-date: /home/lhl/nav2_ws/src/install/nav2_msgs/include/nav2_msgs/nav2_msgs/msg/detail/costmap_filter_info__functions.c
[2.646s] -- Up-to-date: /home/lhl/nav2_ws/src/install/nav2_msgs/include/nav2_msgs/nav2_msgs/msg/detail/particle_cloud__type_support.h
[2.646s] -- Up-to-date: /home/lhl/nav2_ws/src/install/nav2_msgs/include/nav2_msgs/nav2_msgs/msg/detail/costmap_filter_info__type_support.h
[2.646s] -- Up-to-date: /home/lhl/nav2_ws/src/install/nav2_msgs/include/nav2_msgs/nav2_msgs/msg/detail/particle_cloud__functions.c
[2.647s] -- Up-to-date: /home/lhl/nav2_ws/src/install/nav2_msgs/include/nav2_msgs/nav2_msgs/msg/detail/speed_limit__functions.c
[2.647s] -- Up-to-date: /home/lhl/nav2_ws/src/install/nav2_msgs/include/nav2_msgs/nav2_msgs/msg/costmap.h
[2.647s] -- Up-to-date: /home/lhl/nav2_ws/src/install/nav2_msgs/include/nav2_msgs/nav2_msgs/action
[2.647s] -- Up-to-date: /home/lhl/nav2_ws/src/install/nav2_msgs/include/nav2_msgs/nav2_msgs/action/spin.h
[2.647s] -- Up-to-date: /home/lhl/nav2_ws/src/install/nav2_msgs/include/nav2_msgs/nav2_msgs/action/drive_on_heading.h
[2.647s] -- Up-to-date: /home/lhl/nav2_ws/src/install/nav2_msgs/include/nav2_msgs/nav2_msgs/action/wait.h
[2.647s] -- Up-to-date: /home/lhl/nav2_ws/src/install/nav2_msgs/include/nav2_msgs/nav2_msgs/action/follow_waypoints.h
[2.647s] -- Up-to-date: /home/lhl/nav2_ws/src/install/nav2_msgs/include/nav2_msgs/nav2_msgs/action/smooth_path.h
[2.647s] -- Up-to-date: /home/lhl/nav2_ws/src/install/nav2_msgs/include/nav2_msgs/nav2_msgs/action/back_up.h
[2.647s] -- Up-to-date: /home/lhl/nav2_ws/src/install/nav2_msgs/include/nav2_msgs/nav2_msgs/action/follow_path.h
[2.647s] -- Up-to-date: /home/lhl/nav2_ws/src/install/nav2_msgs/include/nav2_msgs/nav2_msgs/action/assisted_teleop.h
[2.647s] -- Up-to-date: /home/lhl/nav2_ws/src/install/nav2_msgs/include/nav2_msgs/nav2_msgs/action/navigate_to_pose.h
[2.647s] -- Up-to-date: /home/lhl/nav2_ws/src/install/nav2_msgs/include/nav2_msgs/nav2_msgs/action/compute_path_through_poses.h
[2.648s] -- Up-to-date: /home/lhl/nav2_ws/src/install/nav2_msgs/include/nav2_msgs/nav2_msgs/action/detail
[2.648s] -- Up-to-date: /home/lhl/nav2_ws/src/install/nav2_msgs/include/nav2_msgs/nav2_msgs/action/detail/smooth_path__type_support.h
[2.648s] -- Up-to-date: /home/lhl/nav2_ws/src/install/nav2_msgs/include/nav2_msgs/nav2_msgs/action/detail/spin__functions.c
[2.648s] -- Up-to-date: /home/lhl/nav2_ws/src/install/nav2_msgs/include/nav2_msgs/nav2_msgs/action/detail/follow_path__type_support.h
[2.648s] -- Up-to-date: /home/lhl/nav2_ws/src/install/nav2_msgs/include/nav2_msgs/nav2_msgs/action/detail/navigate_to_pose__functions.c
[2.648s] -- Up-to-date: /home/lhl/nav2_ws/src/install/nav2_msgs/include/nav2_msgs/nav2_msgs/action/detail/navigate_through_poses__struct.h
[2.648s] -- Up-to-date: /home/lhl/nav2_ws/src/install/nav2_msgs/include/nav2_msgs/nav2_msgs/action/detail/dummy_behavior__struct.h
[2.648s] -- Up-to-date: /home/lhl/nav2_ws/src/install/nav2_msgs/include/nav2_msgs/nav2_msgs/action/detail/compute_path_through_poses__struct.h
[2.648s] -- Up-to-date: /home/lhl/nav2_ws/src/install/nav2_msgs/include/nav2_msgs/nav2_msgs/action/detail/smooth_path__functions.h
[2.648s] -- Up-to-date: /home/lhl/nav2_ws/src/install/nav2_msgs/include/nav2_msgs/nav2_msgs/action/detail/dummy_behavior__functions.c
[2.648s] -- Up-to-date: /home/lhl/nav2_ws/src/install/nav2_msgs/include/nav2_msgs/nav2_msgs/action/detail/follow_path__struct.h
[2.648s] -- Up-to-date: /home/lhl/nav2_ws/src/install/nav2_msgs/include/nav2_msgs/nav2_msgs/action/detail/navigate_through_poses__functions.c
[2.649s] -- Up-to-date: /home/lhl/nav2_ws/src/install/nav2_msgs/include/nav2_msgs/nav2_msgs/action/detail/follow_waypoints__type_support.h
[2.649s] -- Up-to-date: /home/lhl/nav2_ws/src/install/nav2_msgs/include/nav2_msgs/nav2_msgs/action/detail/compute_path_through_poses__type_support.h
[2.649s] -- Up-to-date: /home/lhl/nav2_ws/src/install/nav2_msgs/include/nav2_msgs/nav2_msgs/action/detail/dummy_behavior__type_support.h
[2.649s] -- Up-to-date: /home/lhl/nav2_ws/src/install/nav2_msgs/include/nav2_msgs/nav2_msgs/action/detail/navigate_to_pose__struct.h
[2.649s] -- Up-to-date: /home/lhl/nav2_ws/src/install/nav2_msgs/include/nav2_msgs/nav2_msgs/action/detail/navigate_to_pose__type_support.h
[2.649s] -- Up-to-date: /home/lhl/nav2_ws/src/install/nav2_msgs/include/nav2_msgs/nav2_msgs/action/detail/back_up__functions.h
[2.649s] -- Up-to-date: /home/lhl/nav2_ws/src/install/nav2_msgs/include/nav2_msgs/nav2_msgs/action/detail/drive_on_heading__struct.h
[2.649s] -- Up-to-date: /home/lhl/nav2_ws/src/install/nav2_msgs/include/nav2_msgs/nav2_msgs/action/detail/back_up__type_support.h
[2.649s] -- Up-to-date: /home/lhl/nav2_ws/src/install/nav2_msgs/include/nav2_msgs/nav2_msgs/action/detail/follow_path__functions.h
[2.649s] -- Up-to-date: /home/lhl/nav2_ws/src/install/nav2_msgs/include/nav2_msgs/nav2_msgs/action/detail/spin__functions.h
[2.650s] -- Up-to-date: /home/lhl/nav2_ws/src/install/nav2_msgs/include/nav2_msgs/nav2_msgs/action/detail/wait__struct.h
[2.650s] -- Up-to-date: /home/lhl/nav2_ws/src/install/nav2_msgs/include/nav2_msgs/nav2_msgs/action/detail/navigate_through_poses__functions.h
[2.650s] -- Up-to-date: /home/lhl/nav2_ws/src/install/nav2_msgs/include/nav2_msgs/nav2_msgs/action/detail/smooth_path__struct.h
[2.650s] -- Up-to-date: /home/lhl/nav2_ws/src/install/nav2_msgs/include/nav2_msgs/nav2_msgs/action/detail/follow_waypoints__functions.h
[2.650s] -- Up-to-date: /home/lhl/nav2_ws/src/install/nav2_msgs/include/nav2_msgs/nav2_msgs/action/detail/back_up__functions.c
[2.650s] -- Up-to-date: /home/lhl/nav2_ws/src/install/nav2_msgs/include/nav2_msgs/nav2_msgs/action/detail/dummy_behavior__functions.h
[2.650s] -- Up-to-date: /home/lhl/nav2_ws/src/install/nav2_msgs/include/nav2_msgs/nav2_msgs/action/detail/wait__functions.c
[2.650s] -- Up-to-date: /home/lhl/nav2_ws/src/install/nav2_msgs/include/nav2_msgs/nav2_msgs/action/detail/compute_path_to_pose__functions.h
[2.650s] -- Up-to-date: /home/lhl/nav2_ws/src/install/nav2_msgs/include/nav2_msgs/nav2_msgs/action/detail/spin__struct.h
[2.650s] -- Up-to-date: /home/lhl/nav2_ws/src/install/nav2_msgs/include/nav2_msgs/nav2_msgs/action/detail/wait__type_support.h
[2.651s] -- Up-to-date: /home/lhl/nav2_ws/src/install/nav2_msgs/include/nav2_msgs/nav2_msgs/action/detail/drive_on_heading__type_support.h
[2.651s] -- Up-to-date: /home/lhl/nav2_ws/src/install/nav2_msgs/include/nav2_msgs/nav2_msgs/action/detail/assisted_teleop__struct.h
[2.651s] -- Up-to-date: /home/lhl/nav2_ws/src/install/nav2_msgs/include/nav2_msgs/nav2_msgs/action/detail/compute_path_to_pose__type_support.h
[2.651s] -- Up-to-date: /home/lhl/nav2_ws/src/install/nav2_msgs/include/nav2_msgs/nav2_msgs/action/detail/compute_path_through_poses__functions.h
[2.651s] -- Up-to-date: /home/lhl/nav2_ws/src/install/nav2_msgs/include/nav2_msgs/nav2_msgs/action/detail/drive_on_heading__functions.c
[2.651s] -- Up-to-date: /home/lhl/nav2_ws/src/install/nav2_msgs/include/nav2_msgs/nav2_msgs/action/detail/assisted_teleop__functions.c
[2.651s] -- Up-to-date: /home/lhl/nav2_ws/src/install/nav2_msgs/include/nav2_msgs/nav2_msgs/action/detail/assisted_teleop__functions.h
[2.651s] -- Up-to-date: /home/lhl/nav2_ws/src/install/nav2_msgs/include/nav2_msgs/nav2_msgs/action/detail/drive_on_heading__functions.h
[2.651s] -- Up-to-date: /home/lhl/nav2_ws/src/install/nav2_msgs/include/nav2_msgs/nav2_msgs/action/detail/compute_path_to_pose__functions.c
[2.651s] -- Up-to-date: /home/lhl/nav2_ws/src/install/nav2_msgs/include/nav2_msgs/nav2_msgs/action/detail/follow_path__functions.c
[2.651s] -- Up-to-date: /home/lhl/nav2_ws/src/install/nav2_msgs/include/nav2_msgs/nav2_msgs/action/detail/follow_waypoints__functions.c
[2.652s] -- Up-to-date: /home/lhl/nav2_ws/src/install/nav2_msgs/include/nav2_msgs/nav2_msgs/action/detail/back_up__struct.h
[2.652s] -- Up-to-date: /home/lhl/nav2_ws/src/install/nav2_msgs/include/nav2_msgs/nav2_msgs/action/detail/wait__functions.h
[2.652s] -- Up-to-date: /home/lhl/nav2_ws/src/install/nav2_msgs/include/nav2_msgs/nav2_msgs/action/detail/spin__type_support.h
[2.652s] -- Up-to-date: /home/lhl/nav2_ws/src/install/nav2_msgs/include/nav2_msgs/nav2_msgs/action/detail/assisted_teleop__type_support.h
[2.652s] -- Up-to-date: /home/lhl/nav2_ws/src/install/nav2_msgs/include/nav2_msgs/nav2_msgs/action/detail/navigate_through_poses__type_support.h
[2.652s] -- Up-to-date: /home/lhl/nav2_ws/src/install/nav2_msgs/include/nav2_msgs/nav2_msgs/action/detail/compute_path_to_pose__struct.h
[2.653s] -- Up-to-date: /home/lhl/nav2_ws/src/install/nav2_msgs/include/nav2_msgs/nav2_msgs/action/detail/compute_path_through_poses__functions.c
[2.653s] -- Up-to-date: /home/lhl/nav2_ws/src/install/nav2_msgs/include/nav2_msgs/nav2_msgs/action/detail/follow_waypoints__struct.h
[2.653s] -- Up-to-date: /home/lhl/nav2_ws/src/install/nav2_msgs/include/nav2_msgs/nav2_msgs/action/detail/smooth_path__functions.c
[2.653s] -- Up-to-date: /home/lhl/nav2_ws/src/install/nav2_msgs/include/nav2_msgs/nav2_msgs/action/detail/navigate_to_pose__functions.h
[2.653s] -- Up-to-date: /home/lhl/nav2_ws/src/install/nav2_msgs/include/nav2_msgs/nav2_msgs/action/dummy_behavior.h
[2.653s] -- Up-to-date: /home/lhl/nav2_ws/src/install/nav2_msgs/include/nav2_msgs/nav2_msgs/action/navigate_through_poses.h
[2.654s] -- Up-to-date: /home/lhl/nav2_ws/src/install/nav2_msgs/include/nav2_msgs/nav2_msgs/action/compute_path_to_pose.h
[2.654s] -- Up-to-date: /home/lhl/nav2_ws/src/install/nav2_msgs/include/nav2_msgs/nav2_msgs/srv
[2.654s] -- Up-to-date: /home/lhl/nav2_ws/src/install/nav2_msgs/include/nav2_msgs/nav2_msgs/srv/load_map.h
[2.654s] -- Up-to-date: /home/lhl/nav2_ws/src/install/nav2_msgs/include/nav2_msgs/nav2_msgs/srv/is_path_valid.h
[2.655s] -- Up-to-date: /home/lhl/nav2_ws/src/install/nav2_msgs/include/nav2_msgs/nav2_msgs/srv/clear_entire_costmap.h
[2.655s] -- Up-to-date: /home/lhl/nav2_ws/src/install/nav2_msgs/include/nav2_msgs/nav2_msgs/srv/clear_costmap_except_region.h
[2.655s] -- Up-to-date: /home/lhl/nav2_ws/src/install/nav2_msgs/include/nav2_msgs/nav2_msgs/srv/get_costmap.h
[2.655s] -- Up-to-date: /home/lhl/nav2_ws/src/install/nav2_msgs/include/nav2_msgs/nav2_msgs/srv/clear_costmap_around_robot.h
[2.655s] -- Up-to-date: /home/lhl/nav2_ws/src/install/nav2_msgs/include/nav2_msgs/nav2_msgs/srv/save_map.h
[2.655s] -- Up-to-date: /home/lhl/nav2_ws/src/install/nav2_msgs/include/nav2_msgs/nav2_msgs/srv/detail
[2.656s] -- Up-to-date: /home/lhl/nav2_ws/src/install/nav2_msgs/include/nav2_msgs/nav2_msgs/srv/detail/load_map__struct.h
[2.656s] -- Up-to-date: /home/lhl/nav2_ws/src/install/nav2_msgs/include/nav2_msgs/nav2_msgs/srv/detail/clear_costmap_around_robot__type_support.h
[2.656s] -- Up-to-date: /home/lhl/nav2_ws/src/install/nav2_msgs/include/nav2_msgs/nav2_msgs/srv/detail/manage_lifecycle_nodes__functions.c
[2.656s] -- Up-to-date: /home/lhl/nav2_ws/src/install/nav2_msgs/include/nav2_msgs/nav2_msgs/srv/detail/get_costmap__functions.h
[2.656s] -- Up-to-date: /home/lhl/nav2_ws/src/install/nav2_msgs/include/nav2_msgs/nav2_msgs/srv/detail/clear_costmap_except_region__functions.h
[2.656s] -- Up-to-date: /home/lhl/nav2_ws/src/install/nav2_msgs/include/nav2_msgs/nav2_msgs/srv/detail/is_path_valid__functions.c
[2.656s] -- Up-to-date: /home/lhl/nav2_ws/src/install/nav2_msgs/include/nav2_msgs/nav2_msgs/srv/detail/clear_entire_costmap__functions.h
[2.657s] -- Up-to-date: /home/lhl/nav2_ws/src/install/nav2_msgs/include/nav2_msgs/nav2_msgs/srv/detail/get_costmap__functions.c
[2.657s] -- Up-to-date: /home/lhl/nav2_ws/src/install/nav2_msgs/include/nav2_msgs/nav2_msgs/srv/detail/manage_lifecycle_nodes__functions.h
[2.657s] -- Up-to-date: /home/lhl/nav2_ws/src/install/nav2_msgs/include/nav2_msgs/nav2_msgs/srv/detail/clear_costmap_except_region__type_support.h
[2.657s] -- Up-to-date: /home/lhl/nav2_ws/src/install/nav2_msgs/include/nav2_msgs/nav2_msgs/srv/detail/load_map__type_support.h
[2.657s] -- Up-to-date: /home/lhl/nav2_ws/src/install/nav2_msgs/include/nav2_msgs/nav2_msgs/srv/detail/is_path_valid__type_support.h
[2.658s] -- Up-to-date: /home/lhl/nav2_ws/src/install/nav2_msgs/include/nav2_msgs/nav2_msgs/srv/detail/clear_costmap_around_robot__functions.c
[2.658s] -- Up-to-date: /home/lhl/nav2_ws/src/install/nav2_msgs/include/nav2_msgs/nav2_msgs/srv/detail/get_costmap__struct.h
[2.658s] -- Up-to-date: /home/lhl/nav2_ws/src/install/nav2_msgs/include/nav2_msgs/nav2_msgs/srv/detail/is_path_valid__struct.h
[2.658s] -- Up-to-date: /home/lhl/nav2_ws/src/install/nav2_msgs/include/nav2_msgs/nav2_msgs/srv/detail/manage_lifecycle_nodes__struct.h
[2.658s] -- Up-to-date: /home/lhl/nav2_ws/src/install/nav2_msgs/include/nav2_msgs/nav2_msgs/srv/detail/clear_entire_costmap__struct.h
[2.658s] -- Up-to-date: /home/lhl/nav2_ws/src/install/nav2_msgs/include/nav2_msgs/nav2_msgs/srv/detail/clear_costmap_except_region__functions.c
[2.659s] -- Up-to-date: /home/lhl/nav2_ws/src/install/nav2_msgs/include/nav2_msgs/nav2_msgs/srv/detail/load_map__functions.c
[2.659s] -- Up-to-date: /home/lhl/nav2_ws/src/install/nav2_msgs/include/nav2_msgs/nav2_msgs/srv/detail/load_map__functions.h
[2.659s] -- Up-to-date: /home/lhl/nav2_ws/src/install/nav2_msgs/include/nav2_msgs/nav2_msgs/srv/detail/save_map__functions.h
[2.659s] -- Up-to-date: /home/lhl/nav2_ws/src/install/nav2_msgs/include/nav2_msgs/nav2_msgs/srv/detail/clear_entire_costmap__functions.c
[2.659s] -- Up-to-date: /home/lhl/nav2_ws/src/install/nav2_msgs/include/nav2_msgs/nav2_msgs/srv/detail/is_path_valid__functions.h
[2.659s] -- Up-to-date: /home/lhl/nav2_ws/src/install/nav2_msgs/include/nav2_msgs/nav2_msgs/srv/detail/clear_entire_costmap__type_support.h
[2.659s] -- Up-to-date: /home/lhl/nav2_ws/src/install/nav2_msgs/include/nav2_msgs/nav2_msgs/srv/detail/manage_lifecycle_nodes__type_support.h
[2.660s] -- Up-to-date: /home/lhl/nav2_ws/src/install/nav2_msgs/include/nav2_msgs/nav2_msgs/srv/detail/save_map__struct.h
[2.660s] -- Up-to-date: /home/lhl/nav2_ws/src/install/nav2_msgs/include/nav2_msgs/nav2_msgs/srv/detail/clear_costmap_except_region__struct.h
[2.660s] -- Up-to-date: /home/lhl/nav2_ws/src/install/nav2_msgs/include/nav2_msgs/nav2_msgs/srv/detail/save_map__functions.c
[2.660s] -- Up-to-date: /home/lhl/nav2_ws/src/install/nav2_msgs/include/nav2_msgs/nav2_msgs/srv/detail/save_map__type_support.h
[2.660s] -- Up-to-date: /home/lhl/nav2_ws/src/install/nav2_msgs/include/nav2_msgs/nav2_msgs/srv/detail/clear_costmap_around_robot__functions.h
[2.660s] -- Up-to-date: /home/lhl/nav2_ws/src/install/nav2_msgs/include/nav2_msgs/nav2_msgs/srv/detail/clear_costmap_around_robot__struct.h
[2.660s] -- Up-to-date: /home/lhl/nav2_ws/src/install/nav2_msgs/include/nav2_msgs/nav2_msgs/srv/detail/get_costmap__type_support.h
[2.661s] -- Up-to-date: /home/lhl/nav2_ws/src/install/nav2_msgs/include/nav2_msgs/nav2_msgs/srv/manage_lifecycle_nodes.h
[2.661s] -- Up-to-date: /home/lhl/nav2_ws/src/install/nav2_msgs/share/nav2_msgs/environment/library_path.sh
[2.661s] -- Up-to-date: /home/lhl/nav2_ws/src/install/nav2_msgs/share/nav2_msgs/environment/library_path.dsv
[2.661s] -- Up-to-date: /home/lhl/nav2_ws/src/install/nav2_msgs/lib/libnav2_msgs__rosidl_generator_c.so
[2.661s] -- Up-to-date: /home/lhl/nav2_ws/src/install/nav2_msgs/include/nav2_msgs/nav2_msgs
[2.662s] -- Up-to-date: /home/lhl/nav2_ws/src/install/nav2_msgs/include/nav2_msgs/nav2_msgs/msg
[2.662s] -- Up-to-date: /home/lhl/nav2_ws/src/install/nav2_msgs/include/nav2_msgs/nav2_msgs/msg/rosidl_typesupport_fastrtps_c__visibility_control.h
[2.662s] -- Up-to-date: /home/lhl/nav2_ws/src/install/nav2_msgs/include/nav2_msgs/nav2_msgs/msg/detail
[2.662s] -- Up-to-date: /home/lhl/nav2_ws/src/install/nav2_msgs/include/nav2_msgs/nav2_msgs/msg/detail/voxel_grid__rosidl_typesupport_fastrtps_c.h
[2.662s] -- Up-to-date: /home/lhl/nav2_ws/src/install/nav2_msgs/include/nav2_msgs/nav2_msgs/msg/detail/particle_cloud__rosidl_typesupport_fastrtps_c.h
[2.663s] -- Up-to-date: /home/lhl/nav2_ws/src/install/nav2_msgs/include/nav2_msgs/nav2_msgs/msg/detail/particle__rosidl_typesupport_fastrtps_c.h
[2.663s] -- Up-to-date: /home/lhl/nav2_ws/src/install/nav2_msgs/include/nav2_msgs/nav2_msgs/msg/detail/costmap_meta_data__rosidl_typesupport_fastrtps_c.h
[2.663s] -- Up-to-date: /home/lhl/nav2_ws/src/install/nav2_msgs/include/nav2_msgs/nav2_msgs/msg/detail/behavior_tree_status_change__rosidl_typesupport_fastrtps_c.h
[2.663s] -- Up-to-date: /home/lhl/nav2_ws/src/install/nav2_msgs/include/nav2_msgs/nav2_msgs/msg/detail/behavior_tree_log__rosidl_typesupport_fastrtps_c.h
[2.663s] -- Up-to-date: /home/lhl/nav2_ws/src/install/nav2_msgs/include/nav2_msgs/nav2_msgs/msg/detail/costmap_filter_info__rosidl_typesupport_fastrtps_c.h
[2.663s] -- Up-to-date: /home/lhl/nav2_ws/src/install/nav2_msgs/include/nav2_msgs/nav2_msgs/msg/detail/costmap__rosidl_typesupport_fastrtps_c.h
[2.664s] -- Up-to-date: /home/lhl/nav2_ws/src/install/nav2_msgs/include/nav2_msgs/nav2_msgs/msg/detail/speed_limit__rosidl_typesupport_fastrtps_c.h
[2.664s] -- Up-to-date: /home/lhl/nav2_ws/src/install/nav2_msgs/include/nav2_msgs/nav2_msgs/action
[2.664s] -- Up-to-date: /home/lhl/nav2_ws/src/install/nav2_msgs/include/nav2_msgs/nav2_msgs/action/detail
[2.664s] -- Up-to-date: /home/lhl/nav2_ws/src/install/nav2_msgs/include/nav2_msgs/nav2_msgs/action/detail/follow_path__rosidl_typesupport_fastrtps_c.h
[2.664s] -- Up-to-date: /home/lhl/nav2_ws/src/install/nav2_msgs/include/nav2_msgs/nav2_msgs/action/detail/compute_path_to_pose__rosidl_typesupport_fastrtps_c.h
[2.664s] -- Up-to-date: /home/lhl/nav2_ws/src/install/nav2_msgs/include/nav2_msgs/nav2_msgs/action/detail/compute_path_through_poses__rosidl_typesupport_fastrtps_c.h
[2.664s] -- Up-to-date: /home/lhl/nav2_ws/src/install/nav2_msgs/include/nav2_msgs/nav2_msgs/action/detail/navigate_through_poses__rosidl_typesupport_fastrtps_c.h
[2.664s] -- Up-to-date: /home/lhl/nav2_ws/src/install/nav2_msgs/include/nav2_msgs/nav2_msgs/action/detail/wait__rosidl_typesupport_fastrtps_c.h
[2.664s] -- Up-to-date: /home/lhl/nav2_ws/src/install/nav2_msgs/include/nav2_msgs/nav2_msgs/action/detail/dummy_behavior__rosidl_typesupport_fastrtps_c.h
[2.664s] -- Up-to-date: /home/lhl/nav2_ws/src/install/nav2_msgs/include/nav2_msgs/nav2_msgs/action/detail/drive_on_heading__rosidl_typesupport_fastrtps_c.h
[2.664s] -- Up-to-date: /home/lhl/nav2_ws/src/install/nav2_msgs/include/nav2_msgs/nav2_msgs/action/detail/assisted_teleop__rosidl_typesupport_fastrtps_c.h
[2.664s] -- Up-to-date: /home/lhl/nav2_ws/src/install/nav2_msgs/include/nav2_msgs/nav2_msgs/action/detail/smooth_path__rosidl_typesupport_fastrtps_c.h
[2.664s] -- Up-to-date: /home/lhl/nav2_ws/src/install/nav2_msgs/include/nav2_msgs/nav2_msgs/action/detail/back_up__rosidl_typesupport_fastrtps_c.h
[2.665s] -- Up-to-date: /home/lhl/nav2_ws/src/install/nav2_msgs/include/nav2_msgs/nav2_msgs/action/detail/navigate_to_pose__rosidl_typesupport_fastrtps_c.h
[2.665s] -- Up-to-date: /home/lhl/nav2_ws/src/install/nav2_msgs/include/nav2_msgs/nav2_msgs/action/detail/follow_waypoints__rosidl_typesupport_fastrtps_c.h
[2.665s] -- Up-to-date: /home/lhl/nav2_ws/src/install/nav2_msgs/include/nav2_msgs/nav2_msgs/action/detail/spin__rosidl_typesupport_fastrtps_c.h
[2.665s] -- Up-to-date: /home/lhl/nav2_ws/src/install/nav2_msgs/include/nav2_msgs/nav2_msgs/srv
[2.665s] -- Up-to-date: /home/lhl/nav2_ws/src/install/nav2_msgs/include/nav2_msgs/nav2_msgs/srv/detail
[2.665s] -- Up-to-date: /home/lhl/nav2_ws/src/install/nav2_msgs/include/nav2_msgs/nav2_msgs/srv/detail/clear_entire_costmap__rosidl_typesupport_fastrtps_c.h
[2.665s] -- Up-to-date: /home/lhl/nav2_ws/src/install/nav2_msgs/include/nav2_msgs/nav2_msgs/srv/detail/clear_costmap_around_robot__rosidl_typesupport_fastrtps_c.h
[2.665s] -- Up-to-date: /home/lhl/nav2_ws/src/install/nav2_msgs/include/nav2_msgs/nav2_msgs/srv/detail/clear_costmap_except_region__rosidl_typesupport_fastrtps_c.h
[2.665s] -- Up-to-date: /home/lhl/nav2_ws/src/install/nav2_msgs/include/nav2_msgs/nav2_msgs/srv/detail/load_map__rosidl_typesupport_fastrtps_c.h
[2.665s] -- Up-to-date: /home/lhl/nav2_ws/src/install/nav2_msgs/include/nav2_msgs/nav2_msgs/srv/detail/manage_lifecycle_nodes__rosidl_typesupport_fastrtps_c.h
[2.665s] -- Up-to-date: /home/lhl/nav2_ws/src/install/nav2_msgs/include/nav2_msgs/nav2_msgs/srv/detail/get_costmap__rosidl_typesupport_fastrtps_c.h
[2.665s] -- Up-to-date: /home/lhl/nav2_ws/src/install/nav2_msgs/include/nav2_msgs/nav2_msgs/srv/detail/save_map__rosidl_typesupport_fastrtps_c.h
[2.665s] -- Up-to-date: /home/lhl/nav2_ws/src/install/nav2_msgs/include/nav2_msgs/nav2_msgs/srv/detail/is_path_valid__rosidl_typesupport_fastrtps_c.h
[2.665s] -- Up-to-date: /home/lhl/nav2_ws/src/install/nav2_msgs/lib/libnav2_msgs__rosidl_typesupport_fastrtps_c.so
[2.665s] -- Up-to-date: /home/lhl/nav2_ws/src/install/nav2_msgs/include/nav2_msgs/nav2_msgs
[2.665s] -- Up-to-date: /home/lhl/nav2_ws/src/install/nav2_msgs/include/nav2_msgs/nav2_msgs/msg
[2.665s] -- Up-to-date: /home/lhl/nav2_ws/src/install/nav2_msgs/include/nav2_msgs/nav2_msgs/msg/behavior_tree_log.hpp
[2.665s] -- Up-to-date: /home/lhl/nav2_ws/src/install/nav2_msgs/include/nav2_msgs/nav2_msgs/msg/costmap_filter_info.hpp
[2.665s] -- Up-to-date: /home/lhl/nav2_ws/src/install/nav2_msgs/include/nav2_msgs/nav2_msgs/msg/particle_cloud.hpp
[2.666s] -- Up-to-date: /home/lhl/nav2_ws/src/install/nav2_msgs/include/nav2_msgs/nav2_msgs/msg/costmap.hpp
[2.666s] -- Up-to-date: /home/lhl/nav2_ws/src/install/nav2_msgs/include/nav2_msgs/nav2_msgs/msg/particle.hpp
[2.666s] -- Up-to-date: /home/lhl/nav2_ws/src/install/nav2_msgs/include/nav2_msgs/nav2_msgs/msg/voxel_grid.hpp
[2.666s] -- Up-to-date: /home/lhl/nav2_ws/src/install/nav2_msgs/include/nav2_msgs/nav2_msgs/msg/speed_limit.hpp
[2.666s] -- Up-to-date: /home/lhl/nav2_ws/src/install/nav2_msgs/include/nav2_msgs/nav2_msgs/msg/costmap_meta_data.hpp
[2.666s] -- Up-to-date: /home/lhl/nav2_ws/src/install/nav2_msgs/include/nav2_msgs/nav2_msgs/msg/detail
[2.666s] -- Up-to-date: /home/lhl/nav2_ws/src/install/nav2_msgs/include/nav2_msgs/nav2_msgs/msg/detail/voxel_grid__struct.hpp
[2.666s] -- Up-to-date: /home/lhl/nav2_ws/src/install/nav2_msgs/include/nav2_msgs/nav2_msgs/msg/detail/particle_cloud__traits.hpp
[2.666s] -- Up-to-date: /home/lhl/nav2_ws/src/install/nav2_msgs/include/nav2_msgs/nav2_msgs/msg/detail/particle_cloud__builder.hpp
[2.666s] -- Up-to-date: /home/lhl/nav2_ws/src/install/nav2_msgs/include/nav2_msgs/nav2_msgs/msg/detail/costmap_filter_info__builder.hpp
[2.666s] -- Up-to-date: /home/lhl/nav2_ws/src/install/nav2_msgs/include/nav2_msgs/nav2_msgs/msg/detail/costmap_meta_data__traits.hpp
[2.666s] -- Up-to-date: /home/lhl/nav2_ws/src/install/nav2_msgs/include/nav2_msgs/nav2_msgs/msg/detail/behavior_tree_log__builder.hpp
[2.666s] -- Up-to-date: /home/lhl/nav2_ws/src/install/nav2_msgs/include/nav2_msgs/nav2_msgs/msg/detail/particle_cloud__struct.hpp
[2.666s] -- Up-to-date: /home/lhl/nav2_ws/src/install/nav2_msgs/include/nav2_msgs/nav2_msgs/msg/detail/behavior_tree_status_change__struct.hpp
[2.666s] -- Up-to-date: /home/lhl/nav2_ws/src/install/nav2_msgs/include/nav2_msgs/nav2_msgs/msg/detail/voxel_grid__builder.hpp
[2.666s] -- Up-to-date: /home/lhl/nav2_ws/src/install/nav2_msgs/include/nav2_msgs/nav2_msgs/msg/detail/particle__struct.hpp
[2.666s] -- Up-to-date: /home/lhl/nav2_ws/src/install/nav2_msgs/include/nav2_msgs/nav2_msgs/msg/detail/behavior_tree_log__struct.hpp
[2.666s] -- Up-to-date: /home/lhl/nav2_ws/src/install/nav2_msgs/include/nav2_msgs/nav2_msgs/msg/detail/voxel_grid__traits.hpp
[2.667s] -- Up-to-date: /home/lhl/nav2_ws/src/install/nav2_msgs/include/nav2_msgs/nav2_msgs/msg/detail/speed_limit__struct.hpp
[2.667s] -- Up-to-date: /home/lhl/nav2_ws/src/install/nav2_msgs/include/nav2_msgs/nav2_msgs/msg/detail/costmap__builder.hpp
[2.667s] -- Up-to-date: /home/lhl/nav2_ws/src/install/nav2_msgs/include/nav2_msgs/nav2_msgs/msg/detail/costmap_filter_info__struct.hpp
[2.667s] -- Up-to-date: /home/lhl/nav2_ws/src/install/nav2_msgs/include/nav2_msgs/nav2_msgs/msg/detail/behavior_tree_status_change__builder.hpp
[2.667s] -- Up-to-date: /home/lhl/nav2_ws/src/install/nav2_msgs/include/nav2_msgs/nav2_msgs/msg/detail/costmap_filter_info__traits.hpp
[2.667s] -- Up-to-date: /home/lhl/nav2_ws/src/install/nav2_msgs/include/nav2_msgs/nav2_msgs/msg/detail/costmap__traits.hpp
[2.667s] -- Up-to-date: /home/lhl/nav2_ws/src/install/nav2_msgs/include/nav2_msgs/nav2_msgs/msg/detail/costmap_meta_data__builder.hpp
[2.667s] -- Up-to-date: /home/lhl/nav2_ws/src/install/nav2_msgs/include/nav2_msgs/nav2_msgs/msg/detail/particle__builder.hpp
[2.667s] -- Up-to-date: /home/lhl/nav2_ws/src/install/nav2_msgs/include/nav2_msgs/nav2_msgs/msg/detail/behavior_tree_log__traits.hpp
[2.667s] -- Up-to-date: /home/lhl/nav2_ws/src/install/nav2_msgs/include/nav2_msgs/nav2_msgs/msg/detail/costmap__struct.hpp
[2.667s] -- Up-to-date: /home/lhl/nav2_ws/src/install/nav2_msgs/include/nav2_msgs/nav2_msgs/msg/detail/costmap_meta_data__struct.hpp
[2.667s] -- Up-to-date: /home/lhl/nav2_ws/src/install/nav2_msgs/include/nav2_msgs/nav2_msgs/msg/detail/speed_limit__traits.hpp
[2.667s] -- Up-to-date: /home/lhl/nav2_ws/src/install/nav2_msgs/include/nav2_msgs/nav2_msgs/msg/detail/speed_limit__builder.hpp
[2.667s] -- Up-to-date: /home/lhl/nav2_ws/src/install/nav2_msgs/include/nav2_msgs/nav2_msgs/msg/detail/behavior_tree_status_change__traits.hpp
[2.667s] -- Up-to-date: /home/lhl/nav2_ws/src/install/nav2_msgs/include/nav2_msgs/nav2_msgs/msg/detail/particle__traits.hpp
[2.667s] -- Up-to-date: /home/lhl/nav2_ws/src/install/nav2_msgs/include/nav2_msgs/nav2_msgs/msg/behavior_tree_status_change.hpp
[2.667s] -- Up-to-date: /home/lhl/nav2_ws/src/install/nav2_msgs/include/nav2_msgs/nav2_msgs/action
[2.667s] -- Up-to-date: /home/lhl/nav2_ws/src/install/nav2_msgs/include/nav2_msgs/nav2_msgs/action/assisted_teleop.hpp
[2.667s] -- Up-to-date: /home/lhl/nav2_ws/src/install/nav2_msgs/include/nav2_msgs/nav2_msgs/action/drive_on_heading.hpp
[2.668s] -- Up-to-date: /home/lhl/nav2_ws/src/install/nav2_msgs/include/nav2_msgs/nav2_msgs/action/back_up.hpp
[2.668s] -- Up-to-date: /home/lhl/nav2_ws/src/install/nav2_msgs/include/nav2_msgs/nav2_msgs/action/navigate_to_pose.hpp
[2.668s] -- Up-to-date: /home/lhl/nav2_ws/src/install/nav2_msgs/include/nav2_msgs/nav2_msgs/action/follow_path.hpp
[2.668s] -- Up-to-date: /home/lhl/nav2_ws/src/install/nav2_msgs/include/nav2_msgs/nav2_msgs/action/follow_waypoints.hpp
[2.668s] -- Up-to-date: /home/lhl/nav2_ws/src/install/nav2_msgs/include/nav2_msgs/nav2_msgs/action/smooth_path.hpp
[2.668s] -- Up-to-date: /home/lhl/nav2_ws/src/install/nav2_msgs/include/nav2_msgs/nav2_msgs/action/spin.hpp
[2.668s] -- Up-to-date: /home/lhl/nav2_ws/src/install/nav2_msgs/include/nav2_msgs/nav2_msgs/action/detail
[2.668s] -- Up-to-date: /home/lhl/nav2_ws/src/install/nav2_msgs/include/nav2_msgs/nav2_msgs/action/detail/compute_path_to_pose__struct.hpp
[2.668s] -- Up-to-date: /home/lhl/nav2_ws/src/install/nav2_msgs/include/nav2_msgs/nav2_msgs/action/detail/navigate_through_poses__traits.hpp
[2.668s] -- Up-to-date: /home/lhl/nav2_ws/src/install/nav2_msgs/include/nav2_msgs/nav2_msgs/action/detail/compute_path_through_poses__struct.hpp
[2.668s] -- Up-to-date: /home/lhl/nav2_ws/src/install/nav2_msgs/include/nav2_msgs/nav2_msgs/action/detail/dummy_behavior__traits.hpp
[2.668s] -- Up-to-date: /home/lhl/nav2_ws/src/install/nav2_msgs/include/nav2_msgs/nav2_msgs/action/detail/follow_waypoints__traits.hpp
[2.668s] -- Up-to-date: /home/lhl/nav2_ws/src/install/nav2_msgs/include/nav2_msgs/nav2_msgs/action/detail/follow_waypoints__builder.hpp
[2.668s] -- Up-to-date: /home/lhl/nav2_ws/src/install/nav2_msgs/include/nav2_msgs/nav2_msgs/action/detail/wait__builder.hpp
[2.668s] -- Up-to-date: /home/lhl/nav2_ws/src/install/nav2_msgs/include/nav2_msgs/nav2_msgs/action/detail/navigate_through_poses__builder.hpp
[2.668s] -- Up-to-date: /home/lhl/nav2_ws/src/install/nav2_msgs/include/nav2_msgs/nav2_msgs/action/detail/wait__struct.hpp
[2.668s] -- Up-to-date: /home/lhl/nav2_ws/src/install/nav2_msgs/include/nav2_msgs/nav2_msgs/action/detail/assisted_teleop__traits.hpp
[2.668s] -- Up-to-date: /home/lhl/nav2_ws/src/install/nav2_msgs/include/nav2_msgs/nav2_msgs/action/detail/navigate_to_pose__struct.hpp
[2.669s] -- Up-to-date: /home/lhl/nav2_ws/src/install/nav2_msgs/include/nav2_msgs/nav2_msgs/action/detail/drive_on_heading__struct.hpp
[2.669s] -- Up-to-date: /home/lhl/nav2_ws/src/install/nav2_msgs/include/nav2_msgs/nav2_msgs/action/detail/back_up__traits.hpp
[2.669s] -- Up-to-date: /home/lhl/nav2_ws/src/install/nav2_msgs/include/nav2_msgs/nav2_msgs/action/detail/back_up__struct.hpp
[2.669s] -- Up-to-date: /home/lhl/nav2_ws/src/install/nav2_msgs/include/nav2_msgs/nav2_msgs/action/detail/spin__builder.hpp
[2.669s] -- Up-to-date: /home/lhl/nav2_ws/src/install/nav2_msgs/include/nav2_msgs/nav2_msgs/action/detail/assisted_teleop__builder.hpp
[2.669s] -- Up-to-date: /home/lhl/nav2_ws/src/install/nav2_msgs/include/nav2_msgs/nav2_msgs/action/detail/compute_path_to_pose__builder.hpp
[2.669s] -- Up-to-date: /home/lhl/nav2_ws/src/install/nav2_msgs/include/nav2_msgs/nav2_msgs/action/detail/dummy_behavior__builder.hpp
[2.669s] -- Up-to-date: /home/lhl/nav2_ws/src/install/nav2_msgs/include/nav2_msgs/nav2_msgs/action/detail/navigate_through_poses__struct.hpp
[2.669s] -- Up-to-date: /home/lhl/nav2_ws/src/install/nav2_msgs/include/nav2_msgs/nav2_msgs/action/detail/smooth_path__struct.hpp
[2.669s] -- Up-to-date: /home/lhl/nav2_ws/src/install/nav2_msgs/include/nav2_msgs/nav2_msgs/action/detail/back_up__builder.hpp
[2.669s] -- Up-to-date: /home/lhl/nav2_ws/src/install/nav2_msgs/include/nav2_msgs/nav2_msgs/action/detail/smooth_path__traits.hpp
[2.669s] -- Up-to-date: /home/lhl/nav2_ws/src/install/nav2_msgs/include/nav2_msgs/nav2_msgs/action/detail/compute_path_through_poses__builder.hpp
[2.669s] -- Up-to-date: /home/lhl/nav2_ws/src/install/nav2_msgs/include/nav2_msgs/nav2_msgs/action/detail/follow_path__traits.hpp
[2.669s] -- Up-to-date: /home/lhl/nav2_ws/src/install/nav2_msgs/include/nav2_msgs/nav2_msgs/action/detail/follow_waypoints__struct.hpp
[2.669s] -- Up-to-date: /home/lhl/nav2_ws/src/install/nav2_msgs/include/nav2_msgs/nav2_msgs/action/detail/wait__traits.hpp
[2.669s] -- Up-to-date: /home/lhl/nav2_ws/src/install/nav2_msgs/include/nav2_msgs/nav2_msgs/action/detail/dummy_behavior__struct.hpp
[2.669s] -- Up-to-date: /home/lhl/nav2_ws/src/install/nav2_msgs/include/nav2_msgs/nav2_msgs/action/detail/spin__traits.hpp
[2.669s] -- Up-to-date: /home/lhl/nav2_ws/src/install/nav2_msgs/include/nav2_msgs/nav2_msgs/action/detail/assisted_teleop__struct.hpp
[2.670s] -- Up-to-date: /home/lhl/nav2_ws/src/install/nav2_msgs/include/nav2_msgs/nav2_msgs/action/detail/drive_on_heading__traits.hpp
[2.670s] -- Up-to-date: /home/lhl/nav2_ws/src/install/nav2_msgs/include/nav2_msgs/nav2_msgs/action/detail/compute_path_to_pose__traits.hpp
[2.670s] -- Up-to-date: /home/lhl/nav2_ws/src/install/nav2_msgs/include/nav2_msgs/nav2_msgs/action/detail/navigate_to_pose__builder.hpp
[2.670s] -- Up-to-date: /home/lhl/nav2_ws/src/install/nav2_msgs/include/nav2_msgs/nav2_msgs/action/detail/follow_path__struct.hpp
[2.670s] -- Up-to-date: /home/lhl/nav2_ws/src/install/nav2_msgs/include/nav2_msgs/nav2_msgs/action/detail/follow_path__builder.hpp
[2.670s] -- Up-to-date: /home/lhl/nav2_ws/src/install/nav2_msgs/include/nav2_msgs/nav2_msgs/action/detail/compute_path_through_poses__traits.hpp
[2.670s] -- Up-to-date: /home/lhl/nav2_ws/src/install/nav2_msgs/include/nav2_msgs/nav2_msgs/action/detail/spin__struct.hpp
[2.670s] -- Up-to-date: /home/lhl/nav2_ws/src/install/nav2_msgs/include/nav2_msgs/nav2_msgs/action/detail/drive_on_heading__builder.hpp
[2.670s] -- Up-to-date: /home/lhl/nav2_ws/src/install/nav2_msgs/include/nav2_msgs/nav2_msgs/action/detail/navigate_to_pose__traits.hpp
[2.670s] -- Up-to-date: /home/lhl/nav2_ws/src/install/nav2_msgs/include/nav2_msgs/nav2_msgs/action/detail/smooth_path__builder.hpp
[2.670s] -- Up-to-date: /home/lhl/nav2_ws/src/install/nav2_msgs/include/nav2_msgs/nav2_msgs/action/dummy_behavior.hpp
[2.670s] -- Up-to-date: /home/lhl/nav2_ws/src/install/nav2_msgs/include/nav2_msgs/nav2_msgs/action/wait.hpp
[2.670s] -- Up-to-date: /home/lhl/nav2_ws/src/install/nav2_msgs/include/nav2_msgs/nav2_msgs/action/navigate_through_poses.hpp
[2.670s] -- Up-to-date: /home/lhl/nav2_ws/src/install/nav2_msgs/include/nav2_msgs/nav2_msgs/action/compute_path_to_pose.hpp
[2.670s] -- Up-to-date: /home/lhl/nav2_ws/src/install/nav2_msgs/include/nav2_msgs/nav2_msgs/action/compute_path_through_poses.hpp
[2.670s] -- Up-to-date: /home/lhl/nav2_ws/src/install/nav2_msgs/include/nav2_msgs/nav2_msgs/srv
[2.671s] -- Up-to-date: /home/lhl/nav2_ws/src/install/nav2_msgs/include/nav2_msgs/nav2_msgs/srv/clear_costmap_except_region.hpp
[2.671s] -- Up-to-date: /home/lhl/nav2_ws/src/install/nav2_msgs/include/nav2_msgs/nav2_msgs/srv/clear_costmap_around_robot.hpp
[2.671s] -- Up-to-date: /home/lhl/nav2_ws/src/install/nav2_msgs/include/nav2_msgs/nav2_msgs/srv/save_map.hpp
[2.671s] -- Up-to-date: /home/lhl/nav2_ws/src/install/nav2_msgs/include/nav2_msgs/nav2_msgs/srv/detail
[2.671s] -- Up-to-date: /home/lhl/nav2_ws/src/install/nav2_msgs/include/nav2_msgs/nav2_msgs/srv/detail/load_map__traits.hpp
[2.671s] -- Up-to-date: /home/lhl/nav2_ws/src/install/nav2_msgs/include/nav2_msgs/nav2_msgs/srv/detail/is_path_valid__builder.hpp
[2.671s] -- Up-to-date: /home/lhl/nav2_ws/src/install/nav2_msgs/include/nav2_msgs/nav2_msgs/srv/detail/clear_costmap_around_robot__builder.hpp
[2.671s] -- Up-to-date: /home/lhl/nav2_ws/src/install/nav2_msgs/include/nav2_msgs/nav2_msgs/srv/detail/is_path_valid__struct.hpp
[2.671s] -- Up-to-date: /home/lhl/nav2_ws/src/install/nav2_msgs/include/nav2_msgs/nav2_msgs/srv/detail/save_map__builder.hpp
[2.671s] -- Up-to-date: /home/lhl/nav2_ws/src/install/nav2_msgs/include/nav2_msgs/nav2_msgs/srv/detail/save_map__traits.hpp
[2.671s] -- Up-to-date: /home/lhl/nav2_ws/src/install/nav2_msgs/include/nav2_msgs/nav2_msgs/srv/detail/clear_costmap_except_region__traits.hpp
[2.672s] -- Up-to-date: /home/lhl/nav2_ws/src/install/nav2_msgs/include/nav2_msgs/nav2_msgs/srv/detail/manage_lifecycle_nodes__traits.hpp
[2.672s] -- Up-to-date: /home/lhl/nav2_ws/src/install/nav2_msgs/include/nav2_msgs/nav2_msgs/srv/detail/is_path_valid__traits.hpp
[2.672s] -- Up-to-date: /home/lhl/nav2_ws/src/install/nav2_msgs/include/nav2_msgs/nav2_msgs/srv/detail/load_map__builder.hpp
[2.672s] -- Up-to-date: /home/lhl/nav2_ws/src/install/nav2_msgs/include/nav2_msgs/nav2_msgs/srv/detail/clear_costmap_except_region__builder.hpp
[2.672s] -- Up-to-date: /home/lhl/nav2_ws/src/install/nav2_msgs/include/nav2_msgs/nav2_msgs/srv/detail/manage_lifecycle_nodes__builder.hpp
[2.672s] -- Up-to-date: /home/lhl/nav2_ws/src/install/nav2_msgs/include/nav2_msgs/nav2_msgs/srv/detail/clear_costmap_around_robot__struct.hpp
[2.672s] -- Up-to-date: /home/lhl/nav2_ws/src/install/nav2_msgs/include/nav2_msgs/nav2_msgs/srv/detail/get_costmap__struct.hpp
[2.672s] -- Up-to-date: /home/lhl/nav2_ws/src/install/nav2_msgs/include/nav2_msgs/nav2_msgs/srv/detail/save_map__struct.hpp
[2.672s] -- Up-to-date: /home/lhl/nav2_ws/src/install/nav2_msgs/include/nav2_msgs/nav2_msgs/srv/detail/clear_entire_costmap__struct.hpp
[2.672s] -- Up-to-date: /home/lhl/nav2_ws/src/install/nav2_msgs/include/nav2_msgs/nav2_msgs/srv/detail/manage_lifecycle_nodes__struct.hpp
[2.672s] -- Up-to-date: /home/lhl/nav2_ws/src/install/nav2_msgs/include/nav2_msgs/nav2_msgs/srv/detail/get_costmap__traits.hpp
[2.672s] -- Up-to-date: /home/lhl/nav2_ws/src/install/nav2_msgs/include/nav2_msgs/nav2_msgs/srv/detail/clear_costmap_around_robot__traits.hpp
[2.673s] -- Up-to-date: /home/lhl/nav2_ws/src/install/nav2_msgs/include/nav2_msgs/nav2_msgs/srv/detail/get_costmap__builder.hpp
[2.673s] -- Up-to-date: /home/lhl/nav2_ws/src/install/nav2_msgs/include/nav2_msgs/nav2_msgs/srv/detail/clear_entire_costmap__builder.hpp
[2.673s] -- Up-to-date: /home/lhl/nav2_ws/src/install/nav2_msgs/include/nav2_msgs/nav2_msgs/srv/detail/load_map__struct.hpp
[2.673s] -- Up-to-date: /home/lhl/nav2_ws/src/install/nav2_msgs/include/nav2_msgs/nav2_msgs/srv/detail/clear_entire_costmap__traits.hpp
[2.673s] -- Up-to-date: /home/lhl/nav2_ws/src/install/nav2_msgs/include/nav2_msgs/nav2_msgs/srv/detail/clear_costmap_except_region__struct.hpp
[2.673s] -- Up-to-date: /home/lhl/nav2_ws/src/install/nav2_msgs/include/nav2_msgs/nav2_msgs/srv/load_map.hpp
[2.673s] -- Up-to-date: /home/lhl/nav2_ws/src/install/nav2_msgs/include/nav2_msgs/nav2_msgs/srv/is_path_valid.hpp
[2.673s] -- Up-to-date: /home/lhl/nav2_ws/src/install/nav2_msgs/include/nav2_msgs/nav2_msgs/srv/get_costmap.hpp
[2.673s] -- Up-to-date: /home/lhl/nav2_ws/src/install/nav2_msgs/include/nav2_msgs/nav2_msgs/srv/manage_lifecycle_nodes.hpp
[2.673s] -- Up-to-date: /home/lhl/nav2_ws/src/install/nav2_msgs/include/nav2_msgs/nav2_msgs/srv/clear_entire_costmap.hpp
[2.673s] -- Up-to-date: /home/lhl/nav2_ws/src/install/nav2_msgs/include/nav2_msgs/nav2_msgs
[2.673s] -- Up-to-date: /home/lhl/nav2_ws/src/install/nav2_msgs/include/nav2_msgs/nav2_msgs/msg
[2.673s] -- Up-to-date: /home/lhl/nav2_ws/src/install/nav2_msgs/include/nav2_msgs/nav2_msgs/msg/rosidl_typesupport_fastrtps_cpp__visibility_control.h
[2.673s] -- Up-to-date: /home/lhl/nav2_ws/src/install/nav2_msgs/include/nav2_msgs/nav2_msgs/msg/detail
[2.673s] -- Up-to-date: /home/lhl/nav2_ws/src/install/nav2_msgs/include/nav2_msgs/nav2_msgs/msg/detail/costmap__rosidl_typesupport_fastrtps_cpp.hpp
[2.673s] -- Up-to-date: /home/lhl/nav2_ws/src/install/nav2_msgs/include/nav2_msgs/nav2_msgs/msg/detail/costmap_filter_info__rosidl_typesupport_fastrtps_cpp.hpp
[2.673s] -- Up-to-date: /home/lhl/nav2_ws/src/install/nav2_msgs/include/nav2_msgs/nav2_msgs/msg/detail/particle_cloud__rosidl_typesupport_fastrtps_cpp.hpp
[2.673s] -- Up-to-date: /home/lhl/nav2_ws/src/install/nav2_msgs/include/nav2_msgs/nav2_msgs/msg/detail/costmap_meta_data__rosidl_typesupport_fastrtps_cpp.hpp
[2.673s] -- Up-to-date: /home/lhl/nav2_ws/src/install/nav2_msgs/include/nav2_msgs/nav2_msgs/msg/detail/voxel_grid__rosidl_typesupport_fastrtps_cpp.hpp
[2.674s] -- Up-to-date: /home/lhl/nav2_ws/src/install/nav2_msgs/include/nav2_msgs/nav2_msgs/msg/detail/behavior_tree_status_change__rosidl_typesupport_fastrtps_cpp.hpp
[2.674s] -- Up-to-date: /home/lhl/nav2_ws/src/install/nav2_msgs/include/nav2_msgs/nav2_msgs/msg/detail/speed_limit__rosidl_typesupport_fastrtps_cpp.hpp
[2.674s] -- Up-to-date: /home/lhl/nav2_ws/src/install/nav2_msgs/include/nav2_msgs/nav2_msgs/msg/detail/particle__rosidl_typesupport_fastrtps_cpp.hpp
[2.674s] -- Up-to-date: /home/lhl/nav2_ws/src/install/nav2_msgs/include/nav2_msgs/nav2_msgs/msg/detail/dds_fastrtps
[2.674s] -- Up-to-date: /home/lhl/nav2_ws/src/install/nav2_msgs/include/nav2_msgs/nav2_msgs/msg/detail/behavior_tree_log__rosidl_typesupport_fastrtps_cpp.hpp
[2.674s] -- Up-to-date: /home/lhl/nav2_ws/src/install/nav2_msgs/include/nav2_msgs/nav2_msgs/action
[2.674s] -- Up-to-date: /home/lhl/nav2_ws/src/install/nav2_msgs/include/nav2_msgs/nav2_msgs/action/detail
[2.674s] -- Up-to-date: /home/lhl/nav2_ws/src/install/nav2_msgs/include/nav2_msgs/nav2_msgs/action/detail/smooth_path__rosidl_typesupport_fastrtps_cpp.hpp
[2.674s] -- Up-to-date: /home/lhl/nav2_ws/src/install/nav2_msgs/include/nav2_msgs/nav2_msgs/action/detail/compute_path_through_poses__rosidl_typesupport_fastrtps_cpp.hpp
[2.674s] -- Up-to-date: /home/lhl/nav2_ws/src/install/nav2_msgs/include/nav2_msgs/nav2_msgs/action/detail/spin__rosidl_typesupport_fastrtps_cpp.hpp
[2.674s] -- Up-to-date: /home/lhl/nav2_ws/src/install/nav2_msgs/include/nav2_msgs/nav2_msgs/action/detail/compute_path_to_pose__rosidl_typesupport_fastrtps_cpp.hpp
[2.674s] -- Up-to-date: /home/lhl/nav2_ws/src/install/nav2_msgs/include/nav2_msgs/nav2_msgs/action/detail/follow_waypoints__rosidl_typesupport_fastrtps_cpp.hpp
[2.674s] -- Up-to-date: /home/lhl/nav2_ws/src/install/nav2_msgs/include/nav2_msgs/nav2_msgs/action/detail/follow_path__rosidl_typesupport_fastrtps_cpp.hpp
[2.674s] -- Up-to-date: /home/lhl/nav2_ws/src/install/nav2_msgs/include/nav2_msgs/nav2_msgs/action/detail/wait__rosidl_typesupport_fastrtps_cpp.hpp
[2.674s] -- Up-to-date: /home/lhl/nav2_ws/src/install/nav2_msgs/include/nav2_msgs/nav2_msgs/action/detail/navigate_to_pose__rosidl_typesupport_fastrtps_cpp.hpp
[2.674s] -- Up-to-date: /home/lhl/nav2_ws/src/install/nav2_msgs/include/nav2_msgs/nav2_msgs/action/detail/drive_on_heading__rosidl_typesupport_fastrtps_cpp.hpp
[2.674s] -- Up-to-date: /home/lhl/nav2_ws/src/install/nav2_msgs/include/nav2_msgs/nav2_msgs/action/detail/back_up__rosidl_typesupport_fastrtps_cpp.hpp
[2.674s] -- Up-to-date: /home/lhl/nav2_ws/src/install/nav2_msgs/include/nav2_msgs/nav2_msgs/action/detail/navigate_through_poses__rosidl_typesupport_fastrtps_cpp.hpp
[2.674s] -- Up-to-date: /home/lhl/nav2_ws/src/install/nav2_msgs/include/nav2_msgs/nav2_msgs/action/detail/dds_fastrtps
[2.675s] -- Up-to-date: /home/lhl/nav2_ws/src/install/nav2_msgs/include/nav2_msgs/nav2_msgs/action/detail/dummy_behavior__rosidl_typesupport_fastrtps_cpp.hpp
[2.675s] -- Up-to-date: /home/lhl/nav2_ws/src/install/nav2_msgs/include/nav2_msgs/nav2_msgs/action/detail/assisted_teleop__rosidl_typesupport_fastrtps_cpp.hpp
[2.675s] -- Up-to-date: /home/lhl/nav2_ws/src/install/nav2_msgs/include/nav2_msgs/nav2_msgs/srv
[2.675s] -- Up-to-date: /home/lhl/nav2_ws/src/install/nav2_msgs/include/nav2_msgs/nav2_msgs/srv/detail
[2.675s] -- Up-to-date: /home/lhl/nav2_ws/src/install/nav2_msgs/include/nav2_msgs/nav2_msgs/srv/detail/clear_costmap_around_robot__rosidl_typesupport_fastrtps_cpp.hpp
[2.675s] -- Up-to-date: /home/lhl/nav2_ws/src/install/nav2_msgs/include/nav2_msgs/nav2_msgs/srv/detail/clear_costmap_except_region__rosidl_typesupport_fastrtps_cpp.hpp
[2.675s] -- Up-to-date: /home/lhl/nav2_ws/src/install/nav2_msgs/include/nav2_msgs/nav2_msgs/srv/detail/save_map__rosidl_typesupport_fastrtps_cpp.hpp
[2.675s] -- Up-to-date: /home/lhl/nav2_ws/src/install/nav2_msgs/include/nav2_msgs/nav2_msgs/srv/detail/is_path_valid__rosidl_typesupport_fastrtps_cpp.hpp
[2.675s] -- Up-to-date: /home/lhl/nav2_ws/src/install/nav2_msgs/include/nav2_msgs/nav2_msgs/srv/detail/clear_entire_costmap__rosidl_typesupport_fastrtps_cpp.hpp
[2.675s] -- Up-to-date: /home/lhl/nav2_ws/src/install/nav2_msgs/include/nav2_msgs/nav2_msgs/srv/detail/load_map__rosidl_typesupport_fastrtps_cpp.hpp
[2.675s] -- Up-to-date: /home/lhl/nav2_ws/src/install/nav2_msgs/include/nav2_msgs/nav2_msgs/srv/detail/manage_lifecycle_nodes__rosidl_typesupport_fastrtps_cpp.hpp
[2.675s] -- Up-to-date: /home/lhl/nav2_ws/src/install/nav2_msgs/include/nav2_msgs/nav2_msgs/srv/detail/get_costmap__rosidl_typesupport_fastrtps_cpp.hpp
[2.675s] -- Up-to-date: /home/lhl/nav2_ws/src/install/nav2_msgs/include/nav2_msgs/nav2_msgs/srv/detail/dds_fastrtps
[2.675s] -- Up-to-date: /home/lhl/nav2_ws/src/install/nav2_msgs/lib/libnav2_msgs__rosidl_typesupport_fastrtps_cpp.so
[2.675s] -- Up-to-date: /home/lhl/nav2_ws/src/install/nav2_msgs/include/nav2_msgs/nav2_msgs
[2.675s] -- Up-to-date: /home/lhl/nav2_ws/src/install/nav2_msgs/include/nav2_msgs/nav2_msgs/msg
[2.675s] -- Up-to-date: /home/lhl/nav2_ws/src/install/nav2_msgs/include/nav2_msgs/nav2_msgs/msg/rosidl_typesupport_introspection_c__visibility_control.h
[2.675s] -- Up-to-date: /home/lhl/nav2_ws/src/install/nav2_msgs/include/nav2_msgs/nav2_msgs/msg/detail
[2.675s] -- Up-to-date: /home/lhl/nav2_ws/src/install/nav2_msgs/include/nav2_msgs/nav2_msgs/msg/detail/costmap_filter_info__type_support.c
[2.676s] -- Up-to-date: /home/lhl/nav2_ws/src/install/nav2_msgs/include/nav2_msgs/nav2_msgs/msg/detail/voxel_grid__rosidl_typesupport_introspection_c.h
[2.676s] -- Up-to-date: /home/lhl/nav2_ws/src/install/nav2_msgs/include/nav2_msgs/nav2_msgs/msg/detail/costmap_meta_data__type_support.c
[2.676s] -- Up-to-date: /home/lhl/nav2_ws/src/install/nav2_msgs/include/nav2_msgs/nav2_msgs/msg/detail/particle_cloud__rosidl_typesupport_introspection_c.h
[2.676s] -- Up-to-date: /home/lhl/nav2_ws/src/install/nav2_msgs/include/nav2_msgs/nav2_msgs/msg/detail/costmap__rosidl_typesupport_introspection_c.h
[2.676s] -- Up-to-date: /home/lhl/nav2_ws/src/install/nav2_msgs/include/nav2_msgs/nav2_msgs/msg/detail/particle__rosidl_typesupport_introspection_c.h
[2.676s] -- Up-to-date: /home/lhl/nav2_ws/src/install/nav2_msgs/include/nav2_msgs/nav2_msgs/msg/detail/behavior_tree_log__rosidl_typesupport_introspection_c.h
[2.676s] -- Up-to-date: /home/lhl/nav2_ws/src/install/nav2_msgs/include/nav2_msgs/nav2_msgs/msg/detail/particle__type_support.c
[2.676s] -- Up-to-date: /home/lhl/nav2_ws/src/install/nav2_msgs/include/nav2_msgs/nav2_msgs/msg/detail/behavior_tree_log__type_support.c
[2.676s] -- Up-to-date: /home/lhl/nav2_ws/src/install/nav2_msgs/include/nav2_msgs/nav2_msgs/msg/detail/speed_limit__rosidl_typesupport_introspection_c.h
[2.676s] -- Up-to-date: /home/lhl/nav2_ws/src/install/nav2_msgs/include/nav2_msgs/nav2_msgs/msg/detail/voxel_grid__type_support.c
[2.676s] -- Up-to-date: /home/lhl/nav2_ws/src/install/nav2_msgs/include/nav2_msgs/nav2_msgs/msg/detail/speed_limit__type_support.c
[2.676s] -- Up-to-date: /home/lhl/nav2_ws/src/install/nav2_msgs/include/nav2_msgs/nav2_msgs/msg/detail/costmap__type_support.c
[2.676s] -- Up-to-date: /home/lhl/nav2_ws/src/install/nav2_msgs/include/nav2_msgs/nav2_msgs/msg/detail/costmap_meta_data__rosidl_typesupport_introspection_c.h
[2.676s] -- Up-to-date: /home/lhl/nav2_ws/src/install/nav2_msgs/include/nav2_msgs/nav2_msgs/msg/detail/behavior_tree_status_change__rosidl_typesupport_introspection_c.h
[2.676s] -- Up-to-date: /home/lhl/nav2_ws/src/install/nav2_msgs/include/nav2_msgs/nav2_msgs/msg/detail/costmap_filter_info__rosidl_typesupport_introspection_c.h
[2.676s] -- Up-to-date: /home/lhl/nav2_ws/src/install/nav2_msgs/include/nav2_msgs/nav2_msgs/msg/detail/behavior_tree_status_change__type_support.c
[2.676s] -- Up-to-date: /home/lhl/nav2_ws/src/install/nav2_msgs/include/nav2_msgs/nav2_msgs/msg/detail/particle_cloud__type_support.c
[2.676s] -- Up-to-date: /home/lhl/nav2_ws/src/install/nav2_msgs/include/nav2_msgs/nav2_msgs/action
[2.676s] -- Up-to-date: /home/lhl/nav2_ws/src/install/nav2_msgs/include/nav2_msgs/nav2_msgs/action/detail
[2.677s] -- Up-to-date: /home/lhl/nav2_ws/src/install/nav2_msgs/include/nav2_msgs/nav2_msgs/action/detail/compute_path_to_pose__rosidl_typesupport_introspection_c.h
[2.677s] -- Up-to-date: /home/lhl/nav2_ws/src/install/nav2_msgs/include/nav2_msgs/nav2_msgs/action/detail/spin__rosidl_typesupport_introspection_c.h
[2.677s] -- Up-to-date: /home/lhl/nav2_ws/src/install/nav2_msgs/include/nav2_msgs/nav2_msgs/action/detail/compute_path_through_poses__type_support.c
[2.677s] -- Up-to-date: /home/lhl/nav2_ws/src/install/nav2_msgs/include/nav2_msgs/nav2_msgs/action/detail/back_up__type_support.c
[2.677s] -- Up-to-date: /home/lhl/nav2_ws/src/install/nav2_msgs/include/nav2_msgs/nav2_msgs/action/detail/follow_path__rosidl_typesupport_introspection_c.h
[2.677s] -- Up-to-date: /home/lhl/nav2_ws/src/install/nav2_msgs/include/nav2_msgs/nav2_msgs/action/detail/navigate_through_poses__type_support.c
[2.677s] -- Up-to-date: /home/lhl/nav2_ws/src/install/nav2_msgs/include/nav2_msgs/nav2_msgs/action/detail/assisted_teleop__type_support.c
[2.677s] -- Up-to-date: /home/lhl/nav2_ws/src/install/nav2_msgs/include/nav2_msgs/nav2_msgs/action/detail/wait__rosidl_typesupport_introspection_c.h
[2.677s] -- Up-to-date: /home/lhl/nav2_ws/src/install/nav2_msgs/include/nav2_msgs/nav2_msgs/action/detail/follow_waypoints__rosidl_typesupport_introspection_c.h
[2.677s] -- Up-to-date: /home/lhl/nav2_ws/src/install/nav2_msgs/include/nav2_msgs/nav2_msgs/action/detail/smooth_path__rosidl_typesupport_introspection_c.h
[2.677s] -- Up-to-date: /home/lhl/nav2_ws/src/install/nav2_msgs/include/nav2_msgs/nav2_msgs/action/detail/spin__type_support.c
[2.677s] -- Up-to-date: /home/lhl/nav2_ws/src/install/nav2_msgs/include/nav2_msgs/nav2_msgs/action/detail/back_up__rosidl_typesupport_introspection_c.h
[2.677s] -- Up-to-date: /home/lhl/nav2_ws/src/install/nav2_msgs/include/nav2_msgs/nav2_msgs/action/detail/follow_path__type_support.c
[2.677s] -- Up-to-date: /home/lhl/nav2_ws/src/install/nav2_msgs/include/nav2_msgs/nav2_msgs/action/detail/dummy_behavior__rosidl_typesupport_introspection_c.h
[2.678s] -- Up-to-date: /home/lhl/nav2_ws/src/install/nav2_msgs/include/nav2_msgs/nav2_msgs/action/detail/compute_path_through_poses__rosidl_typesupport_introspection_c.h
[2.678s] -- Up-to-date: /home/lhl/nav2_ws/src/install/nav2_msgs/include/nav2_msgs/nav2_msgs/action/detail/smooth_path__type_support.c
[2.678s] -- Up-to-date: /home/lhl/nav2_ws/src/install/nav2_msgs/include/nav2_msgs/nav2_msgs/action/detail/navigate_to_pose__rosidl_typesupport_introspection_c.h
[2.678s] -- Up-to-date: /home/lhl/nav2_ws/src/install/nav2_msgs/include/nav2_msgs/nav2_msgs/action/detail/follow_waypoints__type_support.c
[2.678s] -- Up-to-date: /home/lhl/nav2_ws/src/install/nav2_msgs/include/nav2_msgs/nav2_msgs/action/detail/drive_on_heading__type_support.c
[2.678s] -- Up-to-date: /home/lhl/nav2_ws/src/install/nav2_msgs/include/nav2_msgs/nav2_msgs/action/detail/compute_path_to_pose__type_support.c
[2.678s] -- Up-to-date: /home/lhl/nav2_ws/src/install/nav2_msgs/include/nav2_msgs/nav2_msgs/action/detail/dummy_behavior__type_support.c
[2.678s] -- Up-to-date: /home/lhl/nav2_ws/src/install/nav2_msgs/include/nav2_msgs/nav2_msgs/action/detail/assisted_teleop__rosidl_typesupport_introspection_c.h
[2.678s] -- Up-to-date: /home/lhl/nav2_ws/src/install/nav2_msgs/include/nav2_msgs/nav2_msgs/action/detail/navigate_to_pose__type_support.c
[2.678s] -- Up-to-date: /home/lhl/nav2_ws/src/install/nav2_msgs/include/nav2_msgs/nav2_msgs/action/detail/wait__type_support.c
[2.678s] -- Up-to-date: /home/lhl/nav2_ws/src/install/nav2_msgs/include/nav2_msgs/nav2_msgs/action/detail/drive_on_heading__rosidl_typesupport_introspection_c.h
[2.678s] -- Up-to-date: /home/lhl/nav2_ws/src/install/nav2_msgs/include/nav2_msgs/nav2_msgs/action/detail/navigate_through_poses__rosidl_typesupport_introspection_c.h
[2.678s] -- Up-to-date: /home/lhl/nav2_ws/src/install/nav2_msgs/include/nav2_msgs/nav2_msgs/srv
[2.678s] -- Up-to-date: /home/lhl/nav2_ws/src/install/nav2_msgs/include/nav2_msgs/nav2_msgs/srv/detail
[2.678s] -- Up-to-date: /home/lhl/nav2_ws/src/install/nav2_msgs/include/nav2_msgs/nav2_msgs/srv/detail/clear_entire_costmap__rosidl_typesupport_introspection_c.h
[2.678s] -- Up-to-date: /home/lhl/nav2_ws/src/install/nav2_msgs/include/nav2_msgs/nav2_msgs/srv/detail/save_map__type_support.c
[2.678s] -- Up-to-date: /home/lhl/nav2_ws/src/install/nav2_msgs/include/nav2_msgs/nav2_msgs/srv/detail/save_map__rosidl_typesupport_introspection_c.h
[2.678s] -- Up-to-date: /home/lhl/nav2_ws/src/install/nav2_msgs/include/nav2_msgs/nav2_msgs/srv/detail/clear_entire_costmap__type_support.c
[2.679s] -- Up-to-date: /home/lhl/nav2_ws/src/install/nav2_msgs/include/nav2_msgs/nav2_msgs/srv/detail/clear_costmap_except_region__rosidl_typesupport_introspection_c.h
[2.679s] -- Up-to-date: /home/lhl/nav2_ws/src/install/nav2_msgs/include/nav2_msgs/nav2_msgs/srv/detail/load_map__type_support.c
[2.679s] -- Up-to-date: /home/lhl/nav2_ws/src/install/nav2_msgs/include/nav2_msgs/nav2_msgs/srv/detail/manage_lifecycle_nodes__rosidl_typesupport_introspection_c.h
[2.679s] -- Up-to-date: /home/lhl/nav2_ws/src/install/nav2_msgs/include/nav2_msgs/nav2_msgs/srv/detail/clear_costmap_around_robot__type_support.c
[2.679s] -- Up-to-date: /home/lhl/nav2_ws/src/install/nav2_msgs/include/nav2_msgs/nav2_msgs/srv/detail/is_path_valid__rosidl_typesupport_introspection_c.h
[2.679s] -- Up-to-date: /home/lhl/nav2_ws/src/install/nav2_msgs/include/nav2_msgs/nav2_msgs/srv/detail/get_costmap__type_support.c
[2.679s] -- Up-to-date: /home/lhl/nav2_ws/src/install/nav2_msgs/include/nav2_msgs/nav2_msgs/srv/detail/load_map__rosidl_typesupport_introspection_c.h
[2.679s] -- Up-to-date: /home/lhl/nav2_ws/src/install/nav2_msgs/include/nav2_msgs/nav2_msgs/srv/detail/clear_costmap_except_region__type_support.c
[2.679s] -- Up-to-date: /home/lhl/nav2_ws/src/install/nav2_msgs/include/nav2_msgs/nav2_msgs/srv/detail/get_costmap__rosidl_typesupport_introspection_c.h
[2.679s] -- Up-to-date: /home/lhl/nav2_ws/src/install/nav2_msgs/include/nav2_msgs/nav2_msgs/srv/detail/manage_lifecycle_nodes__type_support.c
[2.679s] -- Up-to-date: /home/lhl/nav2_ws/src/install/nav2_msgs/include/nav2_msgs/nav2_msgs/srv/detail/clear_costmap_around_robot__rosidl_typesupport_introspection_c.h
[2.679s] -- Up-to-date: /home/lhl/nav2_ws/src/install/nav2_msgs/include/nav2_msgs/nav2_msgs/srv/detail/is_path_valid__type_support.c
[2.680s] -- Up-to-date: /home/lhl/nav2_ws/src/install/nav2_msgs/lib/libnav2_msgs__rosidl_typesupport_introspection_c.so
[2.680s] -- Up-to-date: /home/lhl/nav2_ws/src/install/nav2_msgs/lib/libnav2_msgs__rosidl_typesupport_c.so
[2.680s] -- Up-to-date: /home/lhl/nav2_ws/src/install/nav2_msgs/include/nav2_msgs/nav2_msgs
[2.680s] -- Up-to-date: /home/lhl/nav2_ws/src/install/nav2_msgs/include/nav2_msgs/nav2_msgs/msg
[2.680s] -- Up-to-date: /home/lhl/nav2_ws/src/install/nav2_msgs/include/nav2_msgs/nav2_msgs/msg/detail
[2.680s] -- Up-to-date: /home/lhl/nav2_ws/src/install/nav2_msgs/include/nav2_msgs/nav2_msgs/msg/detail/costmap_meta_data__rosidl_typesupport_introspection_cpp.hpp
[2.680s] -- Up-to-date: /home/lhl/nav2_ws/src/install/nav2_msgs/include/nav2_msgs/nav2_msgs/msg/detail/behavior_tree_status_change__rosidl_typesupport_introspection_cpp.hpp
[2.680s] -- Up-to-date: /home/lhl/nav2_ws/src/install/nav2_msgs/include/nav2_msgs/nav2_msgs/msg/detail/particle_cloud__type_support.cpp
[2.680s] -- Up-to-date: /home/lhl/nav2_ws/src/install/nav2_msgs/include/nav2_msgs/nav2_msgs/msg/detail/behavior_tree_log__type_support.cpp
[2.680s] -- Up-to-date: /home/lhl/nav2_ws/src/install/nav2_msgs/include/nav2_msgs/nav2_msgs/msg/detail/behavior_tree_status_change__type_support.cpp
[2.680s] -- Up-to-date: /home/lhl/nav2_ws/src/install/nav2_msgs/include/nav2_msgs/nav2_msgs/msg/detail/behavior_tree_log__rosidl_typesupport_introspection_cpp.hpp
[2.681s] -- Up-to-date: /home/lhl/nav2_ws/src/install/nav2_msgs/include/nav2_msgs/nav2_msgs/msg/detail/costmap__rosidl_typesupport_introspection_cpp.hpp
[2.681s] -- Up-to-date: /home/lhl/nav2_ws/src/install/nav2_msgs/include/nav2_msgs/nav2_msgs/msg/detail/particle_cloud__rosidl_typesupport_introspection_cpp.hpp
[2.681s] -- Up-to-date: /home/lhl/nav2_ws/src/install/nav2_msgs/include/nav2_msgs/nav2_msgs/msg/detail/particle__type_support.cpp
[2.681s] -- Up-to-date: /home/lhl/nav2_ws/src/install/nav2_msgs/include/nav2_msgs/nav2_msgs/msg/detail/voxel_grid__rosidl_typesupport_introspection_cpp.hpp
[2.681s] -- Up-to-date: /home/lhl/nav2_ws/src/install/nav2_msgs/include/nav2_msgs/nav2_msgs/msg/detail/particle__rosidl_typesupport_introspection_cpp.hpp
[2.681s] -- Up-to-date: /home/lhl/nav2_ws/src/install/nav2_msgs/include/nav2_msgs/nav2_msgs/msg/detail/costmap__type_support.cpp
[2.681s] -- Up-to-date: /home/lhl/nav2_ws/src/install/nav2_msgs/include/nav2_msgs/nav2_msgs/msg/detail/speed_limit__type_support.cpp
[2.681s] -- Up-to-date: /home/lhl/nav2_ws/src/install/nav2_msgs/include/nav2_msgs/nav2_msgs/msg/detail/voxel_grid__type_support.cpp
[2.681s] -- Up-to-date: /home/lhl/nav2_ws/src/install/nav2_msgs/include/nav2_msgs/nav2_msgs/msg/detail/costmap_filter_info__type_support.cpp
[2.681s] -- Up-to-date: /home/lhl/nav2_ws/src/install/nav2_msgs/include/nav2_msgs/nav2_msgs/msg/detail/speed_limit__rosidl_typesupport_introspection_cpp.hpp
[2.681s] -- Up-to-date: /home/lhl/nav2_ws/src/install/nav2_msgs/include/nav2_msgs/nav2_msgs/msg/detail/costmap_meta_data__type_support.cpp
[2.682s] -- Up-to-date: /home/lhl/nav2_ws/src/install/nav2_msgs/include/nav2_msgs/nav2_msgs/msg/detail/costmap_filter_info__rosidl_typesupport_introspection_cpp.hpp
[2.682s] -- Up-to-date: /home/lhl/nav2_ws/src/install/nav2_msgs/include/nav2_msgs/nav2_msgs/action
[2.682s] -- Up-to-date: /home/lhl/nav2_ws/src/install/nav2_msgs/include/nav2_msgs/nav2_msgs/action/detail
[2.682s] -- Up-to-date: /home/lhl/nav2_ws/src/install/nav2_msgs/include/nav2_msgs/nav2_msgs/action/detail/drive_on_heading__rosidl_typesupport_introspection_cpp.hpp
[2.682s] -- Up-to-date: /home/lhl/nav2_ws/src/install/nav2_msgs/include/nav2_msgs/nav2_msgs/action/detail/smooth_path__rosidl_typesupport_introspection_cpp.hpp
[2.682s] -- Up-to-date: /home/lhl/nav2_ws/src/install/nav2_msgs/include/nav2_msgs/nav2_msgs/action/detail/dummy_behavior__rosidl_typesupport_introspection_cpp.hpp
[2.682s] -- Up-to-date: /home/lhl/nav2_ws/src/install/nav2_msgs/include/nav2_msgs/nav2_msgs/action/detail/smooth_path__type_support.cpp
[2.682s] -- Up-to-date: /home/lhl/nav2_ws/src/install/nav2_msgs/include/nav2_msgs/nav2_msgs/action/detail/wait__rosidl_typesupport_introspection_cpp.hpp
[2.682s] -- Up-to-date: /home/lhl/nav2_ws/src/install/nav2_msgs/include/nav2_msgs/nav2_msgs/action/detail/follow_path__type_support.cpp
[2.682s] -- Up-to-date: /home/lhl/nav2_ws/src/install/nav2_msgs/include/nav2_msgs/nav2_msgs/action/detail/navigate_through_poses__rosidl_typesupport_introspection_cpp.hpp
[2.682s] -- Up-to-date: /home/lhl/nav2_ws/src/install/nav2_msgs/include/nav2_msgs/nav2_msgs/action/detail/follow_waypoints__rosidl_typesupport_introspection_cpp.hpp
[2.682s] -- Up-to-date: /home/lhl/nav2_ws/src/install/nav2_msgs/include/nav2_msgs/nav2_msgs/action/detail/dummy_behavior__type_support.cpp
[2.682s] -- Up-to-date: /home/lhl/nav2_ws/src/install/nav2_msgs/include/nav2_msgs/nav2_msgs/action/detail/navigate_to_pose__type_support.cpp
[2.682s] -- Up-to-date: /home/lhl/nav2_ws/src/install/nav2_msgs/include/nav2_msgs/nav2_msgs/action/detail/follow_waypoints__type_support.cpp
[2.683s] -- Up-to-date: /home/lhl/nav2_ws/src/install/nav2_msgs/include/nav2_msgs/nav2_msgs/action/detail/compute_path_through_poses__type_support.cpp
[2.683s] -- Up-to-date: /home/lhl/nav2_ws/src/install/nav2_msgs/include/nav2_msgs/nav2_msgs/action/detail/navigate_through_poses__type_support.cpp
[2.683s] -- Up-to-date: /home/lhl/nav2_ws/src/install/nav2_msgs/include/nav2_msgs/nav2_msgs/action/detail/navigate_to_pose__rosidl_typesupport_introspection_cpp.hpp
[2.683s] -- Up-to-date: /home/lhl/nav2_ws/src/install/nav2_msgs/include/nav2_msgs/nav2_msgs/action/detail/assisted_teleop__rosidl_typesupport_introspection_cpp.hpp
[2.683s] -- Up-to-date: /home/lhl/nav2_ws/src/install/nav2_msgs/include/nav2_msgs/nav2_msgs/action/detail/follow_path__rosidl_typesupport_introspection_cpp.hpp
[2.683s] -- Up-to-date: /home/lhl/nav2_ws/src/install/nav2_msgs/include/nav2_msgs/nav2_msgs/action/detail/drive_on_heading__type_support.cpp
[2.683s] -- Up-to-date: /home/lhl/nav2_ws/src/install/nav2_msgs/include/nav2_msgs/nav2_msgs/action/detail/compute_path_to_pose__rosidl_typesupport_introspection_cpp.hpp
[2.683s] -- Up-to-date: /home/lhl/nav2_ws/src/install/nav2_msgs/include/nav2_msgs/nav2_msgs/action/detail/back_up__type_support.cpp
[2.683s] -- Up-to-date: /home/lhl/nav2_ws/src/install/nav2_msgs/include/nav2_msgs/nav2_msgs/action/detail/assisted_teleop__type_support.cpp
[2.683s] -- Up-to-date: /home/lhl/nav2_ws/src/install/nav2_msgs/include/nav2_msgs/nav2_msgs/action/detail/compute_path_to_pose__type_support.cpp
[2.683s] -- Up-to-date: /home/lhl/nav2_ws/src/install/nav2_msgs/include/nav2_msgs/nav2_msgs/action/detail/compute_path_through_poses__rosidl_typesupport_introspection_cpp.hpp
[2.683s] -- Up-to-date: /home/lhl/nav2_ws/src/install/nav2_msgs/include/nav2_msgs/nav2_msgs/action/detail/back_up__rosidl_typesupport_introspection_cpp.hpp
[2.683s] -- Up-to-date: /home/lhl/nav2_ws/src/install/nav2_msgs/include/nav2_msgs/nav2_msgs/action/detail/wait__type_support.cpp
[2.683s] -- Up-to-date: /home/lhl/nav2_ws/src/install/nav2_msgs/include/nav2_msgs/nav2_msgs/action/detail/spin__type_support.cpp
[2.683s] -- Up-to-date: /home/lhl/nav2_ws/src/install/nav2_msgs/include/nav2_msgs/nav2_msgs/action/detail/spin__rosidl_typesupport_introspection_cpp.hpp
[2.683s] -- Up-to-date: /home/lhl/nav2_ws/src/install/nav2_msgs/include/nav2_msgs/nav2_msgs/srv
[2.683s] -- Up-to-date: /home/lhl/nav2_ws/src/install/nav2_msgs/include/nav2_msgs/nav2_msgs/srv/detail
[2.683s] -- Up-to-date: /home/lhl/nav2_ws/src/install/nav2_msgs/include/nav2_msgs/nav2_msgs/srv/detail/manage_lifecycle_nodes__type_support.cpp
[2.684s] -- Up-to-date: /home/lhl/nav2_ws/src/install/nav2_msgs/include/nav2_msgs/nav2_msgs/srv/detail/manage_lifecycle_nodes__rosidl_typesupport_introspection_cpp.hpp
[2.684s] -- Up-to-date: /home/lhl/nav2_ws/src/install/nav2_msgs/include/nav2_msgs/nav2_msgs/srv/detail/clear_costmap_around_robot__type_support.cpp
[2.684s] -- Up-to-date: /home/lhl/nav2_ws/src/install/nav2_msgs/include/nav2_msgs/nav2_msgs/srv/detail/clear_costmap_except_region__rosidl_typesupport_introspection_cpp.hpp
[2.684s] -- Up-to-date: /home/lhl/nav2_ws/src/install/nav2_msgs/include/nav2_msgs/nav2_msgs/srv/detail/save_map__type_support.cpp
[2.684s] -- Up-to-date: /home/lhl/nav2_ws/src/install/nav2_msgs/include/nav2_msgs/nav2_msgs/srv/detail/get_costmap__rosidl_typesupport_introspection_cpp.hpp
[2.684s] -- Up-to-date: /home/lhl/nav2_ws/src/install/nav2_msgs/include/nav2_msgs/nav2_msgs/srv/detail/is_path_valid__rosidl_typesupport_introspection_cpp.hpp
[2.684s] -- Up-to-date: /home/lhl/nav2_ws/src/install/nav2_msgs/include/nav2_msgs/nav2_msgs/srv/detail/clear_costmap_except_region__type_support.cpp
[2.684s] -- Up-to-date: /home/lhl/nav2_ws/src/install/nav2_msgs/include/nav2_msgs/nav2_msgs/srv/detail/clear_costmap_around_robot__rosidl_typesupport_introspection_cpp.hpp
[2.684s] -- Up-to-date: /home/lhl/nav2_ws/src/install/nav2_msgs/include/nav2_msgs/nav2_msgs/srv/detail/load_map__type_support.cpp
[2.684s] -- Up-to-date: /home/lhl/nav2_ws/src/install/nav2_msgs/include/nav2_msgs/nav2_msgs/srv/detail/get_costmap__type_support.cpp
[2.684s] -- Up-to-date: /home/lhl/nav2_ws/src/install/nav2_msgs/include/nav2_msgs/nav2_msgs/srv/detail/load_map__rosidl_typesupport_introspection_cpp.hpp
[2.684s] -- Up-to-date: /home/lhl/nav2_ws/src/install/nav2_msgs/include/nav2_msgs/nav2_msgs/srv/detail/clear_entire_costmap__type_support.cpp
[2.684s] -- Up-to-date: /home/lhl/nav2_ws/src/install/nav2_msgs/include/nav2_msgs/nav2_msgs/srv/detail/is_path_valid__type_support.cpp
[2.684s] -- Up-to-date: /home/lhl/nav2_ws/src/install/nav2_msgs/include/nav2_msgs/nav2_msgs/srv/detail/save_map__rosidl_typesupport_introspection_cpp.hpp
[2.684s] -- Up-to-date: /home/lhl/nav2_ws/src/install/nav2_msgs/include/nav2_msgs/nav2_msgs/srv/detail/clear_entire_costmap__rosidl_typesupport_introspection_cpp.hpp
[2.684s] -- Up-to-date: /home/lhl/nav2_ws/src/install/nav2_msgs/lib/libnav2_msgs__rosidl_typesupport_introspection_cpp.so
[2.684s] -- Up-to-date: /home/lhl/nav2_ws/src/install/nav2_msgs/lib/libnav2_msgs__rosidl_typesupport_cpp.so
[2.684s] -- Up-to-date: /home/lhl/nav2_ws/src/install/nav2_msgs/share/nav2_msgs/environment/pythonpath.sh
[2.685s] -- Up-to-date: /home/lhl/nav2_ws/src/install/nav2_msgs/share/nav2_msgs/environment/pythonpath.dsv
[2.685s] -- Up-to-date: /home/lhl/nav2_ws/src/install/nav2_msgs/local/lib/python3.10/dist-packages/nav2_msgs-1.1.6-py3.10.egg-info
[2.685s] -- Installing: /home/lhl/nav2_ws/src/install/nav2_msgs/local/lib/python3.10/dist-packages/nav2_msgs-1.1.6-py3.10.egg-info/dependency_links.txt
[2.685s] -- Installing: /home/lhl/nav2_ws/src/install/nav2_msgs/local/lib/python3.10/dist-packages/nav2_msgs-1.1.6-py3.10.egg-info/SOURCES.txt
[2.685s] -- Installing: /home/lhl/nav2_ws/src/install/nav2_msgs/local/lib/python3.10/dist-packages/nav2_msgs-1.1.6-py3.10.egg-info/PKG-INFO
[2.685s] -- Installing: /home/lhl/nav2_ws/src/install/nav2_msgs/local/lib/python3.10/dist-packages/nav2_msgs-1.1.6-py3.10.egg-info/top_level.txt
[2.685s] -- Up-to-date: /home/lhl/nav2_ws/src/install/nav2_msgs/local/lib/python3.10/dist-packages/nav2_msgs
[2.685s] -- Up-to-date: /home/lhl/nav2_ws/src/install/nav2_msgs/local/lib/python3.10/dist-packages/nav2_msgs/nav2_msgs_s__rosidl_typesupport_fastrtps_c.cpython-310-x86_64-linux-gnu.so
[2.685s] -- Up-to-date: /home/lhl/nav2_ws/src/install/nav2_msgs/local/lib/python3.10/dist-packages/nav2_msgs/nav2_msgs_s__rosidl_typesupport_c.cpython-310-x86_64-linux-gnu.so
[2.685s] -- Up-to-date: /home/lhl/nav2_ws/src/install/nav2_msgs/local/lib/python3.10/dist-packages/nav2_msgs/_nav2_msgs_s.ep.rosidl_typesupport_c.c
[2.685s] -- Up-to-date: /home/lhl/nav2_ws/src/install/nav2_msgs/local/lib/python3.10/dist-packages/nav2_msgs/_nav2_msgs_s.ep.rosidl_typesupport_introspection_c.c
[2.685s] -- Up-to-date: /home/lhl/nav2_ws/src/install/nav2_msgs/local/lib/python3.10/dist-packages/nav2_msgs/msg
[2.685s] -- Up-to-date: /home/lhl/nav2_ws/src/install/nav2_msgs/local/lib/python3.10/dist-packages/nav2_msgs/msg/_costmap_meta_data_s.c
[2.685s] -- Up-to-date: /home/lhl/nav2_ws/src/install/nav2_msgs/local/lib/python3.10/dist-packages/nav2_msgs/msg/_particle_cloud_s.c
[2.685s] -- Up-to-date: /home/lhl/nav2_ws/src/install/nav2_msgs/local/lib/python3.10/dist-packages/nav2_msgs/msg/_speed_limit.py
[2.685s] -- Up-to-date: /home/lhl/nav2_ws/src/install/nav2_msgs/local/lib/python3.10/dist-packages/nav2_msgs/msg/_costmap_filter_info_s.c
[2.685s] -- Up-to-date: /home/lhl/nav2_ws/src/install/nav2_msgs/local/lib/python3.10/dist-packages/nav2_msgs/msg/_voxel_grid_s.c
[2.685s] -- Up-to-date: /home/lhl/nav2_ws/src/install/nav2_msgs/local/lib/python3.10/dist-packages/nav2_msgs/msg/_speed_limit_s.c
[2.685s] -- Up-to-date: /home/lhl/nav2_ws/src/install/nav2_msgs/local/lib/python3.10/dist-packages/nav2_msgs/msg/_behavior_tree_status_change_s.c
[2.686s] -- Up-to-date: /home/lhl/nav2_ws/src/install/nav2_msgs/local/lib/python3.10/dist-packages/nav2_msgs/msg/_costmap_s.c
[2.686s] -- Up-to-date: /home/lhl/nav2_ws/src/install/nav2_msgs/local/lib/python3.10/dist-packages/nav2_msgs/msg/_costmap_meta_data.py
[2.686s] -- Up-to-date: /home/lhl/nav2_ws/src/install/nav2_msgs/local/lib/python3.10/dist-packages/nav2_msgs/msg/_behavior_tree_log.py
[2.686s] -- Up-to-date: /home/lhl/nav2_ws/src/install/nav2_msgs/local/lib/python3.10/dist-packages/nav2_msgs/msg/_particle.py
[2.686s] -- Up-to-date: /home/lhl/nav2_ws/src/install/nav2_msgs/local/lib/python3.10/dist-packages/nav2_msgs/msg/_particle_cloud.py
[2.686s] -- Up-to-date: /home/lhl/nav2_ws/src/install/nav2_msgs/local/lib/python3.10/dist-packages/nav2_msgs/msg/_particle_s.c
[2.686s] -- Up-to-date: /home/lhl/nav2_ws/src/install/nav2_msgs/local/lib/python3.10/dist-packages/nav2_msgs/msg/_voxel_grid.py
[2.686s] -- Up-to-date: /home/lhl/nav2_ws/src/install/nav2_msgs/local/lib/python3.10/dist-packages/nav2_msgs/msg/_costmap.py
[2.686s] -- Up-to-date: /home/lhl/nav2_ws/src/install/nav2_msgs/local/lib/python3.10/dist-packages/nav2_msgs/msg/_behavior_tree_status_change.py
[2.686s] -- Up-to-date: /home/lhl/nav2_ws/src/install/nav2_msgs/local/lib/python3.10/dist-packages/nav2_msgs/msg/_behavior_tree_log_s.c
[2.686s] -- Up-to-date: /home/lhl/nav2_ws/src/install/nav2_msgs/local/lib/python3.10/dist-packages/nav2_msgs/msg/_costmap_filter_info.py
[2.686s] -- Up-to-date: /home/lhl/nav2_ws/src/install/nav2_msgs/local/lib/python3.10/dist-packages/nav2_msgs/msg/__init__.py
[2.686s] -- Up-to-date: /home/lhl/nav2_ws/src/install/nav2_msgs/local/lib/python3.10/dist-packages/nav2_msgs/action
[2.686s] -- Up-to-date: /home/lhl/nav2_ws/src/install/nav2_msgs/local/lib/python3.10/dist-packages/nav2_msgs/action/_follow_path.py
[2.686s] -- Up-to-date: /home/lhl/nav2_ws/src/install/nav2_msgs/local/lib/python3.10/dist-packages/nav2_msgs/action/_smooth_path_s.c
[2.686s] -- Up-to-date: /home/lhl/nav2_ws/src/install/nav2_msgs/local/lib/python3.10/dist-packages/nav2_msgs/action/_wait_s.c
[2.686s] -- Up-to-date: /home/lhl/nav2_ws/src/install/nav2_msgs/local/lib/python3.10/dist-packages/nav2_msgs/action/_back_up_s.c
[2.687s] -- Up-to-date: /home/lhl/nav2_ws/src/install/nav2_msgs/local/lib/python3.10/dist-packages/nav2_msgs/action/_compute_path_through_poses.py
[2.687s] -- Up-to-date: /home/lhl/nav2_ws/src/install/nav2_msgs/local/lib/python3.10/dist-packages/nav2_msgs/action/_compute_path_to_pose_s.c
[2.687s] -- Up-to-date: /home/lhl/nav2_ws/src/install/nav2_msgs/local/lib/python3.10/dist-packages/nav2_msgs/action/_navigate_through_poses.py
[2.687s] -- Up-to-date: /home/lhl/nav2_ws/src/install/nav2_msgs/local/lib/python3.10/dist-packages/nav2_msgs/action/_navigate_through_poses_s.c
[2.687s] -- Up-to-date: /home/lhl/nav2_ws/src/install/nav2_msgs/local/lib/python3.10/dist-packages/nav2_msgs/action/_navigate_to_pose_s.c
[2.687s] -- Up-to-date: /home/lhl/nav2_ws/src/install/nav2_msgs/local/lib/python3.10/dist-packages/nav2_msgs/action/_drive_on_heading.py
[2.687s] -- Up-to-date: /home/lhl/nav2_ws/src/install/nav2_msgs/local/lib/python3.10/dist-packages/nav2_msgs/action/_follow_waypoints_s.c
[2.687s] -- Up-to-date: /home/lhl/nav2_ws/src/install/nav2_msgs/local/lib/python3.10/dist-packages/nav2_msgs/action/_compute_path_through_poses_s.c
[2.687s] -- Up-to-date: /home/lhl/nav2_ws/src/install/nav2_msgs/local/lib/python3.10/dist-packages/nav2_msgs/action/_assisted_teleop_s.c
[2.687s] -- Up-to-date: /home/lhl/nav2_ws/src/install/nav2_msgs/local/lib/python3.10/dist-packages/nav2_msgs/action/_spin_s.c
[2.687s] -- Up-to-date: /home/lhl/nav2_ws/src/install/nav2_msgs/local/lib/python3.10/dist-packages/nav2_msgs/action/_follow_path_s.c
[2.687s] -- Up-to-date: /home/lhl/nav2_ws/src/install/nav2_msgs/local/lib/python3.10/dist-packages/nav2_msgs/action/_wait.py
[2.687s] -- Up-to-date: /home/lhl/nav2_ws/src/install/nav2_msgs/local/lib/python3.10/dist-packages/nav2_msgs/action/_assisted_teleop.py
[2.687s] -- Up-to-date: /home/lhl/nav2_ws/src/install/nav2_msgs/local/lib/python3.10/dist-packages/nav2_msgs/action/_back_up.py
[2.687s] -- Up-to-date: /home/lhl/nav2_ws/src/install/nav2_msgs/local/lib/python3.10/dist-packages/nav2_msgs/action/_compute_path_to_pose.py
[2.687s] -- Up-to-date: /home/lhl/nav2_ws/src/install/nav2_msgs/local/lib/python3.10/dist-packages/nav2_msgs/action/_smooth_path.py
[2.688s] -- Up-to-date: /home/lhl/nav2_ws/src/install/nav2_msgs/local/lib/python3.10/dist-packages/nav2_msgs/action/_dummy_behavior.py
[2.688s] -- Up-to-date: /home/lhl/nav2_ws/src/install/nav2_msgs/local/lib/python3.10/dist-packages/nav2_msgs/action/_spin.py
[2.688s] -- Up-to-date: /home/lhl/nav2_ws/src/install/nav2_msgs/local/lib/python3.10/dist-packages/nav2_msgs/action/_dummy_behavior_s.c
[2.688s] -- Up-to-date: /home/lhl/nav2_ws/src/install/nav2_msgs/local/lib/python3.10/dist-packages/nav2_msgs/action/_navigate_to_pose.py
[2.688s] -- Up-to-date: /home/lhl/nav2_ws/src/install/nav2_msgs/local/lib/python3.10/dist-packages/nav2_msgs/action/_drive_on_heading_s.c
[2.688s] -- Up-to-date: /home/lhl/nav2_ws/src/install/nav2_msgs/local/lib/python3.10/dist-packages/nav2_msgs/action/_follow_waypoints.py
[2.688s] -- Up-to-date: /home/lhl/nav2_ws/src/install/nav2_msgs/local/lib/python3.10/dist-packages/nav2_msgs/action/__init__.py
[2.688s] -- Up-to-date: /home/lhl/nav2_ws/src/install/nav2_msgs/local/lib/python3.10/dist-packages/nav2_msgs/nav2_msgs_s__rosidl_typesupport_introspection_c.cpython-310-x86_64-linux-gnu.so
[2.688s] -- Up-to-date: /home/lhl/nav2_ws/src/install/nav2_msgs/local/lib/python3.10/dist-packages/nav2_msgs/libnav2_msgs__rosidl_generator_py.so
[2.688s] -- Up-to-date: /home/lhl/nav2_ws/src/install/nav2_msgs/local/lib/python3.10/dist-packages/nav2_msgs/_nav2_msgs_s.ep.rosidl_typesupport_fastrtps_c.c
[2.688s] -- Up-to-date: /home/lhl/nav2_ws/src/install/nav2_msgs/local/lib/python3.10/dist-packages/nav2_msgs/srv
[2.688s] -- Up-to-date: /home/lhl/nav2_ws/src/install/nav2_msgs/local/lib/python3.10/dist-packages/nav2_msgs/srv/_load_map.py
[2.688s] -- Up-to-date: /home/lhl/nav2_ws/src/install/nav2_msgs/local/lib/python3.10/dist-packages/nav2_msgs/srv/_clear_costmap_around_robot_s.c
[2.689s] -- Up-to-date: /home/lhl/nav2_ws/src/install/nav2_msgs/local/lib/python3.10/dist-packages/nav2_msgs/srv/_get_costmap_s.c
[2.689s] -- Up-to-date: /home/lhl/nav2_ws/src/install/nav2_msgs/local/lib/python3.10/dist-packages/nav2_msgs/srv/_is_path_valid_s.c
[2.689s] -- Up-to-date: /home/lhl/nav2_ws/src/install/nav2_msgs/local/lib/python3.10/dist-packages/nav2_msgs/srv/_load_map_s.c
[2.689s] -- Up-to-date: /home/lhl/nav2_ws/src/install/nav2_msgs/local/lib/python3.10/dist-packages/nav2_msgs/srv/_manage_lifecycle_nodes_s.c
[2.689s] -- Up-to-date: /home/lhl/nav2_ws/src/install/nav2_msgs/local/lib/python3.10/dist-packages/nav2_msgs/srv/_save_map_s.c
[2.689s] -- Up-to-date: /home/lhl/nav2_ws/src/install/nav2_msgs/local/lib/python3.10/dist-packages/nav2_msgs/srv/_clear_entire_costmap_s.c
[2.689s] -- Up-to-date: /home/lhl/nav2_ws/src/install/nav2_msgs/local/lib/python3.10/dist-packages/nav2_msgs/srv/_get_costmap.py
[2.689s] -- Up-to-date: /home/lhl/nav2_ws/src/install/nav2_msgs/local/lib/python3.10/dist-packages/nav2_msgs/srv/_clear_costmap_except_region.py
[2.689s] -- Up-to-date: /home/lhl/nav2_ws/src/install/nav2_msgs/local/lib/python3.10/dist-packages/nav2_msgs/srv/_is_path_valid.py
[2.689s] -- Up-to-date: /home/lhl/nav2_ws/src/install/nav2_msgs/local/lib/python3.10/dist-packages/nav2_msgs/srv/_clear_costmap_except_region_s.c
[2.689s] -- Up-to-date: /home/lhl/nav2_ws/src/install/nav2_msgs/local/lib/python3.10/dist-packages/nav2_msgs/srv/_save_map.py
[2.689s] -- Up-to-date: /home/lhl/nav2_ws/src/install/nav2_msgs/local/lib/python3.10/dist-packages/nav2_msgs/srv/_clear_entire_costmap.py
[2.689s] -- Up-to-date: /home/lhl/nav2_ws/src/install/nav2_msgs/local/lib/python3.10/dist-packages/nav2_msgs/srv/_clear_costmap_around_robot.py
[2.689s] -- Up-to-date: /home/lhl/nav2_ws/src/install/nav2_msgs/local/lib/python3.10/dist-packages/nav2_msgs/srv/__init__.py
[2.689s] -- Up-to-date: /home/lhl/nav2_ws/src/install/nav2_msgs/local/lib/python3.10/dist-packages/nav2_msgs/srv/_manage_lifecycle_nodes.py
[2.689s] -- Up-to-date: /home/lhl/nav2_ws/src/install/nav2_msgs/local/lib/python3.10/dist-packages/nav2_msgs/__init__.py
[3.116s] Listing '/home/lhl/nav2_ws/src/install/nav2_msgs/local/lib/python3.10/dist-packages/nav2_msgs'...
[3.116s] Listing '/home/lhl/nav2_ws/src/install/nav2_msgs/local/lib/python3.10/dist-packages/nav2_msgs/action'...
[3.116s] Listing '/home/lhl/nav2_ws/src/install/nav2_msgs/local/lib/python3.10/dist-packages/nav2_msgs/msg'...
[3.116s] Listing '/home/lhl/nav2_ws/src/install/nav2_msgs/local/lib/python3.10/dist-packages/nav2_msgs/srv'...
[3.120s] -- Up-to-date: /home/lhl/nav2_ws/src/install/nav2_msgs/local/lib/python3.10/dist-packages/nav2_msgs/nav2_msgs_s__rosidl_typesupport_fastrtps_c.cpython-310-x86_64-linux-gnu.so
[3.120s] -- Up-to-date: /home/lhl/nav2_ws/src/install/nav2_msgs/local/lib/python3.10/dist-packages/nav2_msgs/nav2_msgs_s__rosidl_typesupport_introspection_c.cpython-310-x86_64-linux-gnu.so
[3.121s] -- Up-to-date: /home/lhl/nav2_ws/src/install/nav2_msgs/local/lib/python3.10/dist-packages/nav2_msgs/nav2_msgs_s__rosidl_typesupport_c.cpython-310-x86_64-linux-gnu.so
[3.121s] -- Up-to-date: /home/lhl/nav2_ws/src/install/nav2_msgs/lib/libnav2_msgs__rosidl_generator_py.so
[3.121s] -- Up-to-date: /home/lhl/nav2_ws/src/install/nav2_msgs/share/nav2_msgs/msg/Costmap.idl
[3.122s] -- Up-to-date: /home/lhl/nav2_ws/src/install/nav2_msgs/share/nav2_msgs/msg/CostmapMetaData.idl
[3.122s] -- Up-to-date: /home/lhl/nav2_ws/src/install/nav2_msgs/share/nav2_msgs/msg/CostmapFilterInfo.idl
[3.122s] -- Up-to-date: /home/lhl/nav2_ws/src/install/nav2_msgs/share/nav2_msgs/msg/SpeedLimit.idl
[3.122s] -- Up-to-date: /home/lhl/nav2_ws/src/install/nav2_msgs/share/nav2_msgs/msg/VoxelGrid.idl
[3.122s] -- Up-to-date: /home/lhl/nav2_ws/src/install/nav2_msgs/share/nav2_msgs/msg/BehaviorTreeStatusChange.idl
[3.122s] -- Up-to-date: /home/lhl/nav2_ws/src/install/nav2_msgs/share/nav2_msgs/msg/BehaviorTreeLog.idl
[3.122s] -- Up-to-date: /home/lhl/nav2_ws/src/install/nav2_msgs/share/nav2_msgs/msg/Particle.idl
[3.123s] -- Up-to-date: /home/lhl/nav2_ws/src/install/nav2_msgs/share/nav2_msgs/msg/ParticleCloud.idl
[3.123s] -- Up-to-date: /home/lhl/nav2_ws/src/install/nav2_msgs/share/nav2_msgs/srv/GetCostmap.idl
[3.123s] -- Up-to-date: /home/lhl/nav2_ws/src/install/nav2_msgs/share/nav2_msgs/srv/IsPathValid.idl
[3.123s] -- Up-to-date: /home/lhl/nav2_ws/src/install/nav2_msgs/share/nav2_msgs/srv/ClearCostmapExceptRegion.idl
[3.123s] -- Up-to-date: /home/lhl/nav2_ws/src/install/nav2_msgs/share/nav2_msgs/srv/ClearCostmapAroundRobot.idl
[3.123s] -- Up-to-date: /home/lhl/nav2_ws/src/install/nav2_msgs/share/nav2_msgs/srv/ClearEntireCostmap.idl
[3.123s] -- Up-to-date: /home/lhl/nav2_ws/src/install/nav2_msgs/share/nav2_msgs/srv/ManageLifecycleNodes.idl
[3.123s] -- Up-to-date: /home/lhl/nav2_ws/src/install/nav2_msgs/share/nav2_msgs/srv/LoadMap.idl
[3.123s] -- Up-to-date: /home/lhl/nav2_ws/src/install/nav2_msgs/share/nav2_msgs/srv/SaveMap.idl
[3.124s] -- Up-to-date: /home/lhl/nav2_ws/src/install/nav2_msgs/share/nav2_msgs/action/AssistedTeleop.idl
[3.124s] -- Up-to-date: /home/lhl/nav2_ws/src/install/nav2_msgs/share/nav2_msgs/action/BackUp.idl
[3.124s] -- Up-to-date: /home/lhl/nav2_ws/src/install/nav2_msgs/share/nav2_msgs/action/ComputePathToPose.idl
[3.124s] -- Up-to-date: /home/lhl/nav2_ws/src/install/nav2_msgs/share/nav2_msgs/action/ComputePathThroughPoses.idl
[3.124s] -- Up-to-date: /home/lhl/nav2_ws/src/install/nav2_msgs/share/nav2_msgs/action/DriveOnHeading.idl
[3.124s] -- Up-to-date: /home/lhl/nav2_ws/src/install/nav2_msgs/share/nav2_msgs/action/SmoothPath.idl
[3.124s] -- Up-to-date: /home/lhl/nav2_ws/src/install/nav2_msgs/share/nav2_msgs/action/FollowPath.idl
[3.124s] -- Up-to-date: /home/lhl/nav2_ws/src/install/nav2_msgs/share/nav2_msgs/action/NavigateToPose.idl
[3.124s] -- Up-to-date: /home/lhl/nav2_ws/src/install/nav2_msgs/share/nav2_msgs/action/NavigateThroughPoses.idl
[3.125s] -- Up-to-date: /home/lhl/nav2_ws/src/install/nav2_msgs/share/nav2_msgs/action/Wait.idl
[3.125s] -- Up-to-date: /home/lhl/nav2_ws/src/install/nav2_msgs/share/nav2_msgs/action/Spin.idl
[3.125s] -- Up-to-date: /home/lhl/nav2_ws/src/install/nav2_msgs/share/nav2_msgs/action/DummyBehavior.idl
[3.125s] -- Up-to-date: /home/lhl/nav2_ws/src/install/nav2_msgs/share/nav2_msgs/action/FollowWaypoints.idl
[3.125s] -- Up-to-date: /home/lhl/nav2_ws/src/install/nav2_msgs/share/nav2_msgs/msg/Costmap.msg
[3.125s] -- Up-to-date: /home/lhl/nav2_ws/src/install/nav2_msgs/share/nav2_msgs/msg/CostmapMetaData.msg
[3.125s] -- Up-to-date: /home/lhl/nav2_ws/src/install/nav2_msgs/share/nav2_msgs/msg/CostmapFilterInfo.msg
[3.125s] -- Up-to-date: /home/lhl/nav2_ws/src/install/nav2_msgs/share/nav2_msgs/msg/SpeedLimit.msg
[3.125s] -- Up-to-date: /home/lhl/nav2_ws/src/install/nav2_msgs/share/nav2_msgs/msg/VoxelGrid.msg
[3.125s] -- Up-to-date: /home/lhl/nav2_ws/src/install/nav2_msgs/share/nav2_msgs/msg/BehaviorTreeStatusChange.msg
[3.126s] -- Up-to-date: /home/lhl/nav2_ws/src/install/nav2_msgs/share/nav2_msgs/msg/BehaviorTreeLog.msg
[3.126s] -- Up-to-date: /home/lhl/nav2_ws/src/install/nav2_msgs/share/nav2_msgs/msg/Particle.msg
[3.126s] -- Up-to-date: /home/lhl/nav2_ws/src/install/nav2_msgs/share/nav2_msgs/msg/ParticleCloud.msg
[3.126s] -- Up-to-date: /home/lhl/nav2_ws/src/install/nav2_msgs/share/nav2_msgs/srv/GetCostmap.srv
[3.126s] -- Up-to-date: /home/lhl/nav2_ws/src/install/nav2_msgs/share/nav2_msgs/srv/GetCostmap_Request.msg
[3.126s] -- Up-to-date: /home/lhl/nav2_ws/src/install/nav2_msgs/share/nav2_msgs/srv/GetCostmap_Response.msg
[3.126s] -- Up-to-date: /home/lhl/nav2_ws/src/install/nav2_msgs/share/nav2_msgs/srv/IsPathValid.srv
[3.126s] -- Up-to-date: /home/lhl/nav2_ws/src/install/nav2_msgs/share/nav2_msgs/srv/IsPathValid_Request.msg
[3.126s] -- Up-to-date: /home/lhl/nav2_ws/src/install/nav2_msgs/share/nav2_msgs/srv/IsPathValid_Response.msg
[3.126s] -- Up-to-date: /home/lhl/nav2_ws/src/install/nav2_msgs/share/nav2_msgs/srv/ClearCostmapExceptRegion.srv
[3.127s] -- Up-to-date: /home/lhl/nav2_ws/src/install/nav2_msgs/share/nav2_msgs/srv/ClearCostmapExceptRegion_Request.msg
[3.127s] -- Up-to-date: /home/lhl/nav2_ws/src/install/nav2_msgs/share/nav2_msgs/srv/ClearCostmapExceptRegion_Response.msg
[3.127s] -- Up-to-date: /home/lhl/nav2_ws/src/install/nav2_msgs/share/nav2_msgs/srv/ClearCostmapAroundRobot.srv
[3.127s] -- Up-to-date: /home/lhl/nav2_ws/src/install/nav2_msgs/share/nav2_msgs/srv/ClearCostmapAroundRobot_Request.msg
[3.127s] -- Up-to-date: /home/lhl/nav2_ws/src/install/nav2_msgs/share/nav2_msgs/srv/ClearCostmapAroundRobot_Response.msg
[3.127s] -- Up-to-date: /home/lhl/nav2_ws/src/install/nav2_msgs/share/nav2_msgs/srv/ClearEntireCostmap.srv
[3.127s] -- Up-to-date: /home/lhl/nav2_ws/src/install/nav2_msgs/share/nav2_msgs/srv/ClearEntireCostmap_Request.msg
[3.127s] -- Up-to-date: /home/lhl/nav2_ws/src/install/nav2_msgs/share/nav2_msgs/srv/ClearEntireCostmap_Response.msg
[3.127s] -- Up-to-date: /home/lhl/nav2_ws/src/install/nav2_msgs/share/nav2_msgs/srv/ManageLifecycleNodes.srv
[3.128s] -- Up-to-date: /home/lhl/nav2_ws/src/install/nav2_msgs/share/nav2_msgs/srv/ManageLifecycleNodes_Request.msg
[3.128s] -- Up-to-date: /home/lhl/nav2_ws/src/install/nav2_msgs/share/nav2_msgs/srv/ManageLifecycleNodes_Response.msg
[3.128s] -- Up-to-date: /home/lhl/nav2_ws/src/install/nav2_msgs/share/nav2_msgs/srv/LoadMap.srv
[3.128s] -- Up-to-date: /home/lhl/nav2_ws/src/install/nav2_msgs/share/nav2_msgs/srv/LoadMap_Request.msg
[3.128s] -- Up-to-date: /home/lhl/nav2_ws/src/install/nav2_msgs/share/nav2_msgs/srv/LoadMap_Response.msg
[3.128s] -- Up-to-date: /home/lhl/nav2_ws/src/install/nav2_msgs/share/nav2_msgs/srv/SaveMap.srv
[3.128s] -- Up-to-date: /home/lhl/nav2_ws/src/install/nav2_msgs/share/nav2_msgs/srv/SaveMap_Request.msg
[3.128s] -- Up-to-date: /home/lhl/nav2_ws/src/install/nav2_msgs/share/nav2_msgs/srv/SaveMap_Response.msg
[3.128s] -- Up-to-date: /home/lhl/nav2_ws/src/install/nav2_msgs/share/nav2_msgs/action/AssistedTeleop.action
[3.129s] -- Up-to-date: /home/lhl/nav2_ws/src/install/nav2_msgs/share/nav2_msgs/action/BackUp.action
[3.129s] -- Up-to-date: /home/lhl/nav2_ws/src/install/nav2_msgs/share/nav2_msgs/action/ComputePathToPose.action
[3.129s] -- Up-to-date: /home/lhl/nav2_ws/src/install/nav2_msgs/share/nav2_msgs/action/ComputePathThroughPoses.action
[3.129s] -- Up-to-date: /home/lhl/nav2_ws/src/install/nav2_msgs/share/nav2_msgs/action/DriveOnHeading.action
[3.129s] -- Up-to-date: /home/lhl/nav2_ws/src/install/nav2_msgs/share/nav2_msgs/action/SmoothPath.action
[3.129s] -- Up-to-date: /home/lhl/nav2_ws/src/install/nav2_msgs/share/nav2_msgs/action/FollowPath.action
[3.129s] -- Up-to-date: /home/lhl/nav2_ws/src/install/nav2_msgs/share/nav2_msgs/action/NavigateToPose.action
[3.129s] -- Up-to-date: /home/lhl/nav2_ws/src/install/nav2_msgs/share/nav2_msgs/action/NavigateThroughPoses.action
[3.129s] -- Up-to-date: /home/lhl/nav2_ws/src/install/nav2_msgs/share/nav2_msgs/action/Wait.action
[3.129s] -- Up-to-date: /home/lhl/nav2_ws/src/install/nav2_msgs/share/nav2_msgs/action/Spin.action
[3.129s] -- Up-to-date: /home/lhl/nav2_ws/src/install/nav2_msgs/share/nav2_msgs/action/DummyBehavior.action
[3.129s] -- Up-to-date: /home/lhl/nav2_ws/src/install/nav2_msgs/share/nav2_msgs/action/FollowWaypoints.action
[3.129s] -- Up-to-date: /home/lhl/nav2_ws/src/install/nav2_msgs/share/ament_index/resource_index/package_run_dependencies/nav2_msgs
[3.129s] -- Up-to-date: /home/lhl/nav2_ws/src/install/nav2_msgs/share/ament_index/resource_index/parent_prefix_path/nav2_msgs
[3.129s] -- Up-to-date: /home/lhl/nav2_ws/src/install/nav2_msgs/share/nav2_msgs/environment/ament_prefix_path.sh
[3.130s] -- Up-to-date: /home/lhl/nav2_ws/src/install/nav2_msgs/share/nav2_msgs/environment/ament_prefix_path.dsv
[3.130s] -- Up-to-date: /home/lhl/nav2_ws/src/install/nav2_msgs/share/nav2_msgs/environment/path.sh
[3.130s] -- Up-to-date: /home/lhl/nav2_ws/src/install/nav2_msgs/share/nav2_msgs/environment/path.dsv
[3.130s] -- Up-to-date: /home/lhl/nav2_ws/src/install/nav2_msgs/share/nav2_msgs/local_setup.bash
[3.130s] -- Up-to-date: /home/lhl/nav2_ws/src/install/nav2_msgs/share/nav2_msgs/local_setup.sh
[3.130s] -- Up-to-date: /home/lhl/nav2_ws/src/install/nav2_msgs/share/nav2_msgs/local_setup.zsh
[3.130s] -- Up-to-date: /home/lhl/nav2_ws/src/install/nav2_msgs/share/nav2_msgs/local_setup.dsv
[3.130s] -- Installing: /home/lhl/nav2_ws/src/install/nav2_msgs/share/nav2_msgs/package.dsv
[3.130s] -- Up-to-date: /home/lhl/nav2_ws/src/install/nav2_msgs/share/ament_index/resource_index/packages/nav2_msgs
[3.131s] -- Up-to-date: /home/lhl/nav2_ws/src/install/nav2_msgs/share/nav2_msgs/cmake/export_nav2_msgs__rosidl_generator_cExport.cmake
[3.131s] -- Up-to-date: /home/lhl/nav2_ws/src/install/nav2_msgs/share/nav2_msgs/cmake/export_nav2_msgs__rosidl_generator_cExport-release.cmake
[3.131s] -- Up-to-date: /home/lhl/nav2_ws/src/install/nav2_msgs/share/nav2_msgs/cmake/export_nav2_msgs__rosidl_typesupport_fastrtps_cExport.cmake
[3.131s] -- Up-to-date: /home/lhl/nav2_ws/src/install/nav2_msgs/share/nav2_msgs/cmake/export_nav2_msgs__rosidl_typesupport_fastrtps_cExport-release.cmake
[3.131s] -- Up-to-date: /home/lhl/nav2_ws/src/install/nav2_msgs/share/nav2_msgs/cmake/export_nav2_msgs__rosidl_generator_cppExport.cmake
[3.132s] -- Up-to-date: /home/lhl/nav2_ws/src/install/nav2_msgs/share/nav2_msgs/cmake/export_nav2_msgs__rosidl_typesupport_fastrtps_cppExport.cmake
[3.132s] -- Up-to-date: /home/lhl/nav2_ws/src/install/nav2_msgs/share/nav2_msgs/cmake/export_nav2_msgs__rosidl_typesupport_fastrtps_cppExport-release.cmake
[3.155s] -- Up-to-date: /home/lhl/nav2_ws/src/install/nav2_msgs/share/nav2_msgs/cmake/nav2_msgs__rosidl_typesupport_introspection_cExport.cmake
[3.155s] -- Up-to-date: /home/lhl/nav2_ws/src/install/nav2_msgs/share/nav2_msgs/cmake/nav2_msgs__rosidl_typesupport_introspection_cExport-release.cmake
[3.156s] -- Up-to-date: /home/lhl/nav2_ws/src/install/nav2_msgs/share/nav2_msgs/cmake/nav2_msgs__rosidl_typesupport_cExport.cmake
[3.156s] -- Up-to-date: /home/lhl/nav2_ws/src/install/nav2_msgs/share/nav2_msgs/cmake/nav2_msgs__rosidl_typesupport_cExport-release.cmake
[3.159s] -- Up-to-date: /home/lhl/nav2_ws/src/install/nav2_msgs/share/nav2_msgs/cmake/nav2_msgs__rosidl_typesupport_introspection_cppExport.cmake
[3.160s] -- Up-to-date: /home/lhl/nav2_ws/src/install/nav2_msgs/share/nav2_msgs/cmake/nav2_msgs__rosidl_typesupport_introspection_cppExport-release.cmake
[3.160s] -- Up-to-date: /home/lhl/nav2_ws/src/install/nav2_msgs/share/nav2_msgs/cmake/nav2_msgs__rosidl_typesupport_cppExport.cmake
[3.160s] -- Up-to-date: /home/lhl/nav2_ws/src/install/nav2_msgs/share/nav2_msgs/cmake/nav2_msgs__rosidl_typesupport_cppExport-release.cmake
[3.160s] -- Up-to-date: /home/lhl/nav2_ws/src/install/nav2_msgs/share/nav2_msgs/cmake/export_nav2_msgs__rosidl_generator_pyExport.cmake
[3.160s] -- Up-to-date: /home/lhl/nav2_ws/src/install/nav2_msgs/share/nav2_msgs/cmake/export_nav2_msgs__rosidl_generator_pyExport-release.cmake
[3.161s] -- Up-to-date: /home/lhl/nav2_ws/src/install/nav2_msgs/share/nav2_msgs/cmake/rosidl_cmake-extras.cmake
[3.161s] -- Up-to-date: /home/lhl/nav2_ws/src/install/nav2_msgs/share/nav2_msgs/cmake/ament_cmake_export_dependencies-extras.cmake
[3.161s] -- Up-to-date: /home/lhl/nav2_ws/src/install/nav2_msgs/share/nav2_msgs/cmake/ament_cmake_export_include_directories-extras.cmake
[3.161s] -- Up-to-date: /home/lhl/nav2_ws/src/install/nav2_msgs/share/nav2_msgs/cmake/ament_cmake_export_libraries-extras.cmake
[3.161s] -- Up-to-date: /home/lhl/nav2_ws/src/install/nav2_msgs/share/nav2_msgs/cmake/ament_cmake_export_targets-extras.cmake
[3.161s] -- Up-to-date: /home/lhl/nav2_ws/src/install/nav2_msgs/share/nav2_msgs/cmake/rosidl_cmake_export_typesupport_targets-extras.cmake
[3.161s] -- Up-to-date: /home/lhl/nav2_ws/src/install/nav2_msgs/share/nav2_msgs/cmake/rosidl_cmake_export_typesupport_libraries-extras.cmake
[3.161s] -- Up-to-date: /home/lhl/nav2_ws/src/install/nav2_msgs/share/nav2_msgs/cmake/nav2_msgsConfig.cmake
[3.162s] -- Up-to-date: /home/lhl/nav2_ws/src/install/nav2_msgs/share/nav2_msgs/cmake/nav2_msgsConfig-version.cmake
[3.162s] -- Up-to-date: /home/lhl/nav2_ws/src/install/nav2_msgs/share/nav2_msgs/package.xml
[3.168s] Invoked command in '/home/lhl/nav2_ws/src/build/nav2_msgs' returned '0': AMENT_PREFIX_PATH=/home/lhl/nav2_ws/src/install/nav2_common:${AMENT_PREFIX_PATH} CMAKE_PREFIX_PATH=/home/lhl/nav2_ws/src/install/nav2_common:/opt/ros/humble PYTHONPATH=/home/lhl/nav2_ws/src/install/nav2_common/local/lib/python3.10/dist-packages:${PYTHONPATH} /usr/bin/cmake --install /home/lhl/nav2_ws/src/build/nav2_msgs
