[0.105s] Invoking command in '/home/lhl/nav2_ws/src/build/sam_bot_description': CMAKE_PREFIX_PATH=${CMAKE_PREFIX_PATH}:/home/lhl/nav2_ws/src/install/nav2_simple_commander:/opt/ros/humble /usr/bin/cmake --build /home/lhl/nav2_ws/src/build/sam_bot_description -- -j8 -l8
[0.829s] -- Found ament_cmake: 1.3.4 (/opt/ros/humble/share/ament_cmake/cmake)
[1.300s] -- Found ament_lint_auto: 0.12.6 (/opt/ros/humble/share/ament_lint_auto/cmake)
[1.788s] -- Added test 'flake8' to check Python code syntax and style conventions
[1.791s] -- Added test 'lint_cmake' to check CMake code style
[1.792s] -- Added test 'pep257' to check Python code against some of the docstring style conventions in PEP 257
[1.796s] -- Added test 'xmllint' to check XML markup files
[1.825s] -- Configuring done
[1.860s] -- Generating done
[1.863s] -- Build files have been written to: /home/lhl/nav2_ws/src/build/sam_bot_description
[1.924s] Invoked command in '/home/lhl/nav2_ws/src/build/sam_bot_description' returned '0': CMAKE_PREFIX_PATH=${CMAKE_PREFIX_PATH}:/home/lhl/nav2_ws/src/install/nav2_simple_commander:/opt/ros/humble /usr/bin/cmake --build /home/lhl/nav2_ws/src/build/sam_bot_description -- -j8 -l8
[1.971s] Invoking command in '/home/lhl/nav2_ws/src/build/sam_bot_description': CMAKE_PREFIX_PATH=${CMAKE_PREFIX_PATH}:/home/lhl/nav2_ws/src/install/nav2_simple_commander:/opt/ros/humble /usr/bin/cmake --install /home/lhl/nav2_ws/src/build/sam_bot_description
[1.980s] -- Install configuration: ""
[1.980s] -- Up-to-date: /home/lhl/nav2_ws/src/install/sam_bot_description/share/sam_bot_description/src
[1.980s] -- Installing: /home/lhl/nav2_ws/src/install/sam_bot_description/share/sam_bot_description/src/sam_bot_description.urdf
[1.980s] -- Up-to-date: /home/lhl/nav2_ws/src/install/sam_bot_description/share/sam_bot_description/launch
[1.980s] -- Installing: /home/lhl/nav2_ws/src/install/sam_bot_description/share/sam_bot_description/launch/display.launch.py
[1.981s] -- Up-to-date: /home/lhl/nav2_ws/src/install/sam_bot_description/share/sam_bot_description/rviz
[1.981s] -- Up-to-date: /home/lhl/nav2_ws/src/install/sam_bot_description/share/sam_bot_description/rviz/urdf_config.rviz
[1.981s] -- Installing: /home/lhl/nav2_ws/src/install/sam_bot_description/share/ament_index/resource_index/package_run_dependencies/sam_bot_description
[1.981s] -- Installing: /home/lhl/nav2_ws/src/install/sam_bot_description/share/ament_index/resource_index/parent_prefix_path/sam_bot_description
[1.981s] -- Up-to-date: /home/lhl/nav2_ws/src/install/sam_bot_description/share/sam_bot_description/environment/ament_prefix_path.sh
[1.981s] -- Installing: /home/lhl/nav2_ws/src/install/sam_bot_description/share/sam_bot_description/environment/ament_prefix_path.dsv
[1.981s] -- Up-to-date: /home/lhl/nav2_ws/src/install/sam_bot_description/share/sam_bot_description/environment/path.sh
[1.981s] -- Installing: /home/lhl/nav2_ws/src/install/sam_bot_description/share/sam_bot_description/environment/path.dsv
[1.981s] -- Up-to-date: /home/lhl/nav2_ws/src/install/sam_bot_description/share/sam_bot_description/local_setup.bash
[1.982s] -- Up-to-date: /home/lhl/nav2_ws/src/install/sam_bot_description/share/sam_bot_description/local_setup.sh
[1.982s] -- Up-to-date: /home/lhl/nav2_ws/src/install/sam_bot_description/share/sam_bot_description/local_setup.zsh
[1.982s] -- Installing: /home/lhl/nav2_ws/src/install/sam_bot_description/share/sam_bot_description/local_setup.dsv
[1.982s] -- Installing: /home/lhl/nav2_ws/src/install/sam_bot_description/share/sam_bot_description/package.dsv
[1.982s] -- Up-to-date: /home/lhl/nav2_ws/src/install/sam_bot_description/share/ament_index/resource_index/packages/sam_bot_description
[1.982s] -- Up-to-date: /home/lhl/nav2_ws/src/install/sam_bot_description/share/sam_bot_description/cmake/sam_bot_descriptionConfig.cmake
[1.982s] -- Up-to-date: /home/lhl/nav2_ws/src/install/sam_bot_description/share/sam_bot_description/cmake/sam_bot_descriptionConfig-version.cmake
[1.982s] -- Installing: /home/lhl/nav2_ws/src/install/sam_bot_description/share/sam_bot_description/package.xml
[1.983s] Invoked command in '/home/lhl/nav2_ws/src/build/sam_bot_description' returned '0': CMAKE_PREFIX_PATH=${CMAKE_PREFIX_PATH}:/home/lhl/nav2_ws/src/install/nav2_simple_commander:/opt/ros/humble /usr/bin/cmake --install /home/lhl/nav2_ws/src/build/sam_bot_description
