[0.047s] Invoking command in '/home/lhl/nav2_ws/build/nav2_bt_navigator': AMENT_PREFIX_PATH=/home/lhl/nav2_ws/install/nav2_core:/home/lhl/nav2_ws/install/nav2_costmap_2d:/home/lhl/nav2_ws/install/nav2_behavior_tree:/home/lhl/nav2_ws/install/nav2_util:/home/lhl/nav2_ws/install/nav2_voxel_grid:/home/lhl/nav2_ws/install/nav2_msgs:/home/lhl/nav2_ws/install/nav2_common:${AMENT_PREFIX_PATH} CMAKE_PREFIX_PATH=/home/lhl/nav2_ws/install/nav2_core:/home/lhl/nav2_ws/install/nav2_costmap_2d:/home/lhl/nav2_ws/install/nav2_behavior_tree:/home/lhl/nav2_ws/install/nav2_util:/home/lhl/nav2_ws/install/nav2_voxel_grid:/home/lhl/nav2_ws/install/nav2_msgs:/home/lhl/nav2_ws/install/nav2_common:/opt/ros/humble LD_LIBRARY_PATH=/home/lhl/nav2_ws/install/nav2_costmap_2d/lib:/home/lhl/nav2_ws/install/nav2_behavior_tree/lib:/home/lhl/nav2_ws/install/nav2_util/lib:/home/lhl/nav2_ws/install/nav2_voxel_grid/lib:/home/lhl/nav2_ws/install/nav2_msgs/lib:${LD_LIBRARY_PATH} PYTHONPATH=/home/lhl/nav2_ws/install/nav2_msgs/local/lib/python3.10/dist-packages:/home/lhl/nav2_ws/install/nav2_common/local/lib/python3.10/dist-packages:${PYTHONPATH} /usr/bin/cmake /home/lhl/nav2_ws/src/navigation2/nav2_bt_navigator -DCMAKE_INSTALL_PREFIX=/home/lhl/nav2_ws/install/nav2_bt_navigator
[8.553s] -- Found ament_cmake: 1.3.4 (/opt/ros/humble/share/ament_cmake/cmake)
[8.553s] -- Override CMake install command with custom implementation using symlinks instead of copying resources
[8.553s] -- Found nav2_common: 1.1.6 (/home/lhl/nav2_ws/install/nav2_common/share/nav2_common/cmake)
[8.553s] -- Found rclcpp: 16.0.4 (/opt/ros/humble/share/rclcpp/cmake)
[8.553s] -- Found rosidl_generator_c: 3.1.4 (/opt/ros/humble/share/rosidl_generator_c/cmake)
[8.553s] -- Found rosidl_adapter: 3.1.4 (/opt/ros/humble/share/rosidl_adapter/cmake)
[8.553s] -- Found rosidl_generator_cpp: 3.1.4 (/opt/ros/humble/share/rosidl_generator_cpp/cmake)
[8.553s] -- Using all available rosidl_typesupport_c: rosidl_typesupport_fastrtps_c;rosidl_typesupport_introspection_c
[8.553s] -- Using all available rosidl_typesupport_cpp: rosidl_typesupport_fastrtps_cpp;rosidl_typesupport_introspection_cpp
[8.553s] -- Found rmw_implementation_cmake: 6.1.1 (/opt/ros/humble/share/rmw_implementation_cmake/cmake)
[8.554s] -- Found rmw_fastrtps_cpp: 6.2.2 (/opt/ros/humble/share/rmw_fastrtps_cpp/cmake)
[8.554s] -- Using RMW implementation 'rmw_fastrtps_cpp' as default
[8.554s] -- Found rclcpp_action: 16.0.4 (/opt/ros/humble/share/rclcpp_action/cmake)
[8.554s] -- Found rclcpp_lifecycle: 16.0.4 (/opt/ros/humble/share/rclcpp_lifecycle/cmake)
[8.554s] -- Found rclcpp_components: 16.0.4 (/opt/ros/humble/share/rclcpp_components/cmake)
[8.554s] -- Found geometry_msgs: 4.2.3 (/opt/ros/humble/share/geometry_msgs/cmake)
[8.554s] -- Found nav2_behavior_tree: 1.1.6 (/home/lhl/nav2_ws/install/nav2_behavior_tree/share/nav2_behavior_tree/cmake)
[8.554s] -- Found eigen3_cmake_module: 0.1.1 (/opt/ros/humble/share/eigen3_cmake_module/cmake)
[8.554s] -- Ensuring Eigen3 include directory is part of orocos-kdl CMake target
[8.554s] -- Found nav2_core: 1.1.6 (/home/lhl/nav2_ws/install/nav2_core/share/nav2_core/cmake)
[22.391s] -- Found ament_lint_auto: 0.12.6 (/opt/ros/humble/share/ament_lint_auto/cmake)
[22.685s] -- Added test 'copyright' to check source files copyright and LICENSE
[22.689s] -- Added test 'cppcheck' to perform static code analysis on C / C++ code
[22.691s] -- Configured cppcheck include dirs: /home/lhl/nav2_ws/src/navigation2/nav2_bt_navigator/include
[22.692s] -- Configured cppcheck exclude dirs and/or files: 
[22.696s] -- Added test 'cpplint' to check C / C++ code against the Google style
[22.696s] -- Configured cpplint exclude dirs and/or files: 
[22.703s] -- Added test 'lint_cmake' to check CMake code style
[22.707s] -- Added test 'uncrustify' to check C / C++ code style
[22.707s] -- Configured uncrustify additional arguments: 
[22.709s] -- Added test 'xmllint' to check XML markup files
[22.716s] -- Configuring done
[23.841s] -- Generating done
[23.846s] -- Build files have been written to: /home/lhl/nav2_ws/build/nav2_bt_navigator
[23.869s] Invoked command in '/home/lhl/nav2_ws/build/nav2_bt_navigator' returned '0': AMENT_PREFIX_PATH=/home/lhl/nav2_ws/install/nav2_core:/home/lhl/nav2_ws/install/nav2_costmap_2d:/home/lhl/nav2_ws/install/nav2_behavior_tree:/home/lhl/nav2_ws/install/nav2_util:/home/lhl/nav2_ws/install/nav2_voxel_grid:/home/lhl/nav2_ws/install/nav2_msgs:/home/lhl/nav2_ws/install/nav2_common:${AMENT_PREFIX_PATH} CMAKE_PREFIX_PATH=/home/lhl/nav2_ws/install/nav2_core:/home/lhl/nav2_ws/install/nav2_costmap_2d:/home/lhl/nav2_ws/install/nav2_behavior_tree:/home/lhl/nav2_ws/install/nav2_util:/home/lhl/nav2_ws/install/nav2_voxel_grid:/home/lhl/nav2_ws/install/nav2_msgs:/home/lhl/nav2_ws/install/nav2_common:/opt/ros/humble LD_LIBRARY_PATH=/home/lhl/nav2_ws/install/nav2_costmap_2d/lib:/home/lhl/nav2_ws/install/nav2_behavior_tree/lib:/home/lhl/nav2_ws/install/nav2_util/lib:/home/lhl/nav2_ws/install/nav2_voxel_grid/lib:/home/lhl/nav2_ws/install/nav2_msgs/lib:${LD_LIBRARY_PATH} PYTHONPATH=/home/lhl/nav2_ws/install/nav2_msgs/local/lib/python3.10/dist-packages:/home/lhl/nav2_ws/install/nav2_common/local/lib/python3.10/dist-packages:${PYTHONPATH} /usr/bin/cmake /home/lhl/nav2_ws/src/navigation2/nav2_bt_navigator -DCMAKE_INSTALL_PREFIX=/home/lhl/nav2_ws/install/nav2_bt_navigator
[23.870s] Invoking command in '/home/lhl/nav2_ws/build/nav2_bt_navigator': AMENT_PREFIX_PATH=/home/lhl/nav2_ws/install/nav2_core:/home/lhl/nav2_ws/install/nav2_costmap_2d:/home/lhl/nav2_ws/install/nav2_behavior_tree:/home/lhl/nav2_ws/install/nav2_util:/home/lhl/nav2_ws/install/nav2_voxel_grid:/home/lhl/nav2_ws/install/nav2_msgs:/home/lhl/nav2_ws/install/nav2_common:${AMENT_PREFIX_PATH} CMAKE_PREFIX_PATH=/home/lhl/nav2_ws/install/nav2_core:/home/lhl/nav2_ws/install/nav2_costmap_2d:/home/lhl/nav2_ws/install/nav2_behavior_tree:/home/lhl/nav2_ws/install/nav2_util:/home/lhl/nav2_ws/install/nav2_voxel_grid:/home/lhl/nav2_ws/install/nav2_msgs:/home/lhl/nav2_ws/install/nav2_common:/opt/ros/humble LD_LIBRARY_PATH=/home/lhl/nav2_ws/install/nav2_costmap_2d/lib:/home/lhl/nav2_ws/install/nav2_behavior_tree/lib:/home/lhl/nav2_ws/install/nav2_util/lib:/home/lhl/nav2_ws/install/nav2_voxel_grid/lib:/home/lhl/nav2_ws/install/nav2_msgs/lib:${LD_LIBRARY_PATH} PYTHONPATH=/home/lhl/nav2_ws/install/nav2_msgs/local/lib/python3.10/dist-packages:/home/lhl/nav2_ws/install/nav2_common/local/lib/python3.10/dist-packages:${PYTHONPATH} /usr/bin/cmake --build /home/lhl/nav2_ws/build/nav2_bt_navigator -- -j8 -l8
[24.028s] [35m[1mConsolidate compiler generated dependencies of target bt_navigator_core[0m
[24.091s] [ 66%] Built target bt_navigator_core
[24.142s] [35m[1mConsolidate compiler generated dependencies of target bt_navigator[0m
[24.196s] [100%] Built target bt_navigator
[24.243s] Invoked command in '/home/lhl/nav2_ws/build/nav2_bt_navigator' returned '0': AMENT_PREFIX_PATH=/home/lhl/nav2_ws/install/nav2_core:/home/lhl/nav2_ws/install/nav2_costmap_2d:/home/lhl/nav2_ws/install/nav2_behavior_tree:/home/lhl/nav2_ws/install/nav2_util:/home/lhl/nav2_ws/install/nav2_voxel_grid:/home/lhl/nav2_ws/install/nav2_msgs:/home/lhl/nav2_ws/install/nav2_common:${AMENT_PREFIX_PATH} CMAKE_PREFIX_PATH=/home/lhl/nav2_ws/install/nav2_core:/home/lhl/nav2_ws/install/nav2_costmap_2d:/home/lhl/nav2_ws/install/nav2_behavior_tree:/home/lhl/nav2_ws/install/nav2_util:/home/lhl/nav2_ws/install/nav2_voxel_grid:/home/lhl/nav2_ws/install/nav2_msgs:/home/lhl/nav2_ws/install/nav2_common:/opt/ros/humble LD_LIBRARY_PATH=/home/lhl/nav2_ws/install/nav2_costmap_2d/lib:/home/lhl/nav2_ws/install/nav2_behavior_tree/lib:/home/lhl/nav2_ws/install/nav2_util/lib:/home/lhl/nav2_ws/install/nav2_voxel_grid/lib:/home/lhl/nav2_ws/install/nav2_msgs/lib:${LD_LIBRARY_PATH} PYTHONPATH=/home/lhl/nav2_ws/install/nav2_msgs/local/lib/python3.10/dist-packages:/home/lhl/nav2_ws/install/nav2_common/local/lib/python3.10/dist-packages:${PYTHONPATH} /usr/bin/cmake --build /home/lhl/nav2_ws/build/nav2_bt_navigator -- -j8 -l8
[24.286s] Invoking command in '/home/lhl/nav2_ws/build/nav2_bt_navigator': AMENT_PREFIX_PATH=/home/lhl/nav2_ws/install/nav2_core:/home/lhl/nav2_ws/install/nav2_costmap_2d:/home/lhl/nav2_ws/install/nav2_behavior_tree:/home/lhl/nav2_ws/install/nav2_util:/home/lhl/nav2_ws/install/nav2_voxel_grid:/home/lhl/nav2_ws/install/nav2_msgs:/home/lhl/nav2_ws/install/nav2_common:${AMENT_PREFIX_PATH} CMAKE_PREFIX_PATH=/home/lhl/nav2_ws/install/nav2_core:/home/lhl/nav2_ws/install/nav2_costmap_2d:/home/lhl/nav2_ws/install/nav2_behavior_tree:/home/lhl/nav2_ws/install/nav2_util:/home/lhl/nav2_ws/install/nav2_voxel_grid:/home/lhl/nav2_ws/install/nav2_msgs:/home/lhl/nav2_ws/install/nav2_common:/opt/ros/humble LD_LIBRARY_PATH=/home/lhl/nav2_ws/install/nav2_costmap_2d/lib:/home/lhl/nav2_ws/install/nav2_behavior_tree/lib:/home/lhl/nav2_ws/install/nav2_util/lib:/home/lhl/nav2_ws/install/nav2_voxel_grid/lib:/home/lhl/nav2_ws/install/nav2_msgs/lib:${LD_LIBRARY_PATH} PYTHONPATH=/home/lhl/nav2_ws/install/nav2_msgs/local/lib/python3.10/dist-packages:/home/lhl/nav2_ws/install/nav2_common/local/lib/python3.10/dist-packages:${PYTHONPATH} /usr/bin/cmake --install /home/lhl/nav2_ws/build/nav2_bt_navigator
[24.463s] -- Install configuration: "Release"
[24.463s] -- Execute custom install script
[24.463s] -- Up-to-date symlink: /home/lhl/nav2_ws/install/nav2_bt_navigator/lib/libbt_navigator_core.so
[24.465s] -- Up-to-date symlink: /home/lhl/nav2_ws/install/nav2_bt_navigator/lib/nav2_bt_navigator/bt_navigator
[24.465s] -- Up-to-date symlink: /home/lhl/nav2_ws/install/nav2_bt_navigator/include//nav2_bt_navigator/bt_navigator.hpp
[24.465s] -- Up-to-date symlink: /home/lhl/nav2_ws/install/nav2_bt_navigator/include//nav2_bt_navigator/navigator.hpp
[24.465s] -- Up-to-date symlink: /home/lhl/nav2_ws/install/nav2_bt_navigator/include//nav2_bt_navigator/navigators/navigate_through_poses.hpp
[24.465s] -- Up-to-date symlink: /home/lhl/nav2_ws/install/nav2_bt_navigator/include//nav2_bt_navigator/navigators/navigate_to_pose.hpp
[24.466s] -- Up-to-date symlink: /home/lhl/nav2_ws/install/nav2_bt_navigator/share/nav2_bt_navigator/behavior_trees/follow_point.xml
[24.466s] -- Up-to-date symlink: /home/lhl/nav2_ws/install/nav2_bt_navigator/share/nav2_bt_navigator/behavior_trees/nav_to_pose_with_consistent_replanning_and_if_path_becomes_invalid.xml
[24.466s] -- Up-to-date symlink: /home/lhl/nav2_ws/install/nav2_bt_navigator/share/nav2_bt_navigator/behavior_trees/navigate_through_poses_w_replanning_and_recovery.xml
[24.466s] -- Up-to-date symlink: /home/lhl/nav2_ws/install/nav2_bt_navigator/share/nav2_bt_navigator/behavior_trees/navigate_to_pose_w_replanning_and_recovery.xml
[24.466s] -- Up-to-date symlink: /home/lhl/nav2_ws/install/nav2_bt_navigator/share/nav2_bt_navigator/behavior_trees/navigate_to_pose_w_replanning_goal_patience_and_recovery.xml
[24.466s] -- Up-to-date symlink: /home/lhl/nav2_ws/install/nav2_bt_navigator/share/nav2_bt_navigator/behavior_trees/navigate_w_recovery_and_replanning_only_if_path_becomes_invalid.xml
[24.466s] -- Up-to-date symlink: /home/lhl/nav2_ws/install/nav2_bt_navigator/share/nav2_bt_navigator/behavior_trees/navigate_w_replanning_distance.xml
[24.466s] -- Up-to-date symlink: /home/lhl/nav2_ws/install/nav2_bt_navigator/share/nav2_bt_navigator/behavior_trees/navigate_w_replanning_only_if_goal_is_updated.xml
[24.466s] -- Up-to-date symlink: /home/lhl/nav2_ws/install/nav2_bt_navigator/share/nav2_bt_navigator/behavior_trees/navigate_w_replanning_only_if_path_becomes_invalid.xml
[24.466s] -- Up-to-date symlink: /home/lhl/nav2_ws/install/nav2_bt_navigator/share/nav2_bt_navigator/behavior_trees/navigate_w_replanning_speed.xml
[24.466s] -- Up-to-date symlink: /home/lhl/nav2_ws/install/nav2_bt_navigator/share/nav2_bt_navigator/behavior_trees/navigate_w_replanning_time.xml
[24.467s] -- Up-to-date symlink: /home/lhl/nav2_ws/install/nav2_bt_navigator/share/nav2_bt_navigator/behavior_trees/odometry_calibration.xml
[24.467s] -- Up-to-date symlink: /home/lhl/nav2_ws/install/nav2_bt_navigator/share/nav2_bt_navigator/environment/library_path.sh
[24.467s] -- Up-to-date symlink: /home/lhl/nav2_ws/install/nav2_bt_navigator/share/nav2_bt_navigator/environment/library_path.dsv
[24.467s] -- Up-to-date symlink: /home/lhl/nav2_ws/install/nav2_bt_navigator/share/ament_index/resource_index/package_run_dependencies/nav2_bt_navigator
[24.467s] -- Up-to-date symlink: /home/lhl/nav2_ws/install/nav2_bt_navigator/share/ament_index/resource_index/parent_prefix_path/nav2_bt_navigator
[24.467s] -- Up-to-date symlink: /home/lhl/nav2_ws/install/nav2_bt_navigator/share/nav2_bt_navigator/environment/ament_prefix_path.sh
[24.467s] -- Up-to-date symlink: /home/lhl/nav2_ws/install/nav2_bt_navigator/share/nav2_bt_navigator/environment/ament_prefix_path.dsv
[24.467s] -- Up-to-date symlink: /home/lhl/nav2_ws/install/nav2_bt_navigator/share/nav2_bt_navigator/environment/path.sh
[24.467s] -- Up-to-date symlink: /home/lhl/nav2_ws/install/nav2_bt_navigator/share/nav2_bt_navigator/environment/path.dsv
[24.467s] -- Up-to-date symlink: /home/lhl/nav2_ws/install/nav2_bt_navigator/share/nav2_bt_navigator/local_setup.bash
[24.468s] -- Up-to-date symlink: /home/lhl/nav2_ws/install/nav2_bt_navigator/share/nav2_bt_navigator/local_setup.sh
[24.468s] -- Up-to-date symlink: /home/lhl/nav2_ws/install/nav2_bt_navigator/share/nav2_bt_navigator/local_setup.zsh
[24.468s] -- Up-to-date symlink: /home/lhl/nav2_ws/install/nav2_bt_navigator/share/nav2_bt_navigator/local_setup.dsv
[24.468s] -- Symlinking: /home/lhl/nav2_ws/install/nav2_bt_navigator/share/nav2_bt_navigator/package.dsv
[24.468s] -- Up-to-date symlink: /home/lhl/nav2_ws/install/nav2_bt_navigator/share/ament_index/resource_index/packages/nav2_bt_navigator
[24.468s] -- Up-to-date symlink: /home/lhl/nav2_ws/install/nav2_bt_navigator/share/ament_index/resource_index/rclcpp_components/nav2_bt_navigator
[24.468s] -- Up-to-date symlink: /home/lhl/nav2_ws/install/nav2_bt_navigator/share/nav2_bt_navigator/cmake/ament_cmake_export_include_directories-extras.cmake
[24.468s] -- Up-to-date symlink: /home/lhl/nav2_ws/install/nav2_bt_navigator/share/nav2_bt_navigator/cmake/ament_cmake_export_libraries-extras.cmake
[24.468s] -- Up-to-date symlink: /home/lhl/nav2_ws/install/nav2_bt_navigator/share/nav2_bt_navigator/cmake/ament_cmake_export_dependencies-extras.cmake
[24.468s] -- Up-to-date symlink: /home/lhl/nav2_ws/install/nav2_bt_navigator/share/nav2_bt_navigator/cmake/nav2_bt_navigatorConfig.cmake
[24.469s] -- Up-to-date symlink: /home/lhl/nav2_ws/install/nav2_bt_navigator/share/nav2_bt_navigator/cmake/nav2_bt_navigatorConfig-version.cmake
[24.469s] -- Up-to-date symlink: /home/lhl/nav2_ws/install/nav2_bt_navigator/share/nav2_bt_navigator/package.xml
[24.477s] Invoked command in '/home/lhl/nav2_ws/build/nav2_bt_navigator' returned '0': AMENT_PREFIX_PATH=/home/lhl/nav2_ws/install/nav2_core:/home/lhl/nav2_ws/install/nav2_costmap_2d:/home/lhl/nav2_ws/install/nav2_behavior_tree:/home/lhl/nav2_ws/install/nav2_util:/home/lhl/nav2_ws/install/nav2_voxel_grid:/home/lhl/nav2_ws/install/nav2_msgs:/home/lhl/nav2_ws/install/nav2_common:${AMENT_PREFIX_PATH} CMAKE_PREFIX_PATH=/home/lhl/nav2_ws/install/nav2_core:/home/lhl/nav2_ws/install/nav2_costmap_2d:/home/lhl/nav2_ws/install/nav2_behavior_tree:/home/lhl/nav2_ws/install/nav2_util:/home/lhl/nav2_ws/install/nav2_voxel_grid:/home/lhl/nav2_ws/install/nav2_msgs:/home/lhl/nav2_ws/install/nav2_common:/opt/ros/humble LD_LIBRARY_PATH=/home/lhl/nav2_ws/install/nav2_costmap_2d/lib:/home/lhl/nav2_ws/install/nav2_behavior_tree/lib:/home/lhl/nav2_ws/install/nav2_util/lib:/home/lhl/nav2_ws/install/nav2_voxel_grid/lib:/home/lhl/nav2_ws/install/nav2_msgs/lib:${LD_LIBRARY_PATH} PYTHONPATH=/home/lhl/nav2_ws/install/nav2_msgs/local/lib/python3.10/dist-packages:/home/lhl/nav2_ws/install/nav2_common/local/lib/python3.10/dist-packages:${PYTHONPATH} /usr/bin/cmake --install /home/lhl/nav2_ws/build/nav2_bt_navigator
