[0.016s] Invoking command in '/home/lhl/nav2_ws/src/build/nav_2d_msgs': CMAKE_PREFIX_PATH=/opt/ros/humble /usr/bin/cmake /home/lhl/nav2_ws/src/navigation2/nav2_dwb_controller/nav_2d_msgs -DCMAKE_INSTALL_PREFIX=/home/lhl/nav2_ws/src/install/nav_2d_msgs
[0.068s] -- The C compiler identification is GNU 11.3.0
[0.124s] -- The CXX compiler identification is GNU 11.3.0
[0.131s] -- Detecting C compiler ABI info
[0.189s] -- Detecting C compiler ABI info - done
[0.203s] -- Check for working C compiler: /usr/bin/cc - skipped
[0.203s] -- Detecting C compile features
[0.204s] -- Detecting C compile features - done
[0.208s] -- Detecting CXX compiler ABI info
[0.279s] -- Detecting CXX compiler ABI info - done
[0.293s] -- Check for working CXX compiler: /usr/bin/c++ - skipped
[0.293s] -- Detecting CXX compile features
[0.294s] -- Detecting CXX compile features - done
[0.296s] -- Found geometry_msgs: 4.2.3 (/opt/ros/humble/share/geometry_msgs/cmake)
[0.489s] -- Found Python3: /usr/bin/python3.10 (found version "3.10.6") found components: Interpreter 
[0.609s] -- Found rosidl_generator_c: 3.1.4 (/opt/ros/humble/share/rosidl_generator_c/cmake)
[0.615s] -- Found rosidl_adapter: 3.1.4 (/opt/ros/humble/share/rosidl_adapter/cmake)
[0.624s] -- Found rosidl_generator_cpp: 3.1.4 (/opt/ros/humble/share/rosidl_generator_cpp/cmake)
[0.637s] -- Using all available rosidl_typesupport_c: rosidl_typesupport_fastrtps_c;rosidl_typesupport_introspection_c
[0.656s] -- Using all available rosidl_typesupport_cpp: rosidl_typesupport_fastrtps_cpp;rosidl_typesupport_introspection_cpp
[0.788s] -- Found rosidl_default_generators: 1.2.0 (/opt/ros/humble/share/rosidl_default_generators/cmake)
[1.109s] -- Found ament_cmake_ros: 0.10.0 (/opt/ros/humble/share/ament_cmake_ros/cmake)
[1.537s] -- Using all available rosidl_typesupport_c: rosidl_typesupport_fastrtps_c;rosidl_typesupport_introspection_c
[1.703s] -- Using all available rosidl_typesupport_cpp: rosidl_typesupport_fastrtps_cpp;rosidl_typesupport_introspection_cpp
[1.725s] -- Found PythonInterp: /usr/bin/python3 (found suitable version "3.10.6", minimum required is "3.6") 
[1.727s] -- Found python_cmake_module: 0.10.0 (/opt/ros/humble/share/python_cmake_module/cmake)
[1.755s] -- Found PythonLibs: /usr/lib/x86_64-linux-gnu/libpython3.10.so (found suitable version "3.10.6", minimum required is "3.5") 
[1.755s] -- Using PYTHON_EXECUTABLE: /usr/bin/python3
[1.755s] -- Using PYTHON_INCLUDE_DIRS: /usr/include/python3.10
[1.755s] -- Using PYTHON_LIBRARIES: /usr/lib/x86_64-linux-gnu/libpython3.10.so
[1.774s] -- Found PythonExtra: .so  
[1.866s] -- Configuring done
[1.926s] -- Generating done
[1.930s] -- Build files have been written to: /home/lhl/nav2_ws/src/build/nav_2d_msgs
[1.939s] Invoked command in '/home/lhl/nav2_ws/src/build/nav_2d_msgs' returned '0': CMAKE_PREFIX_PATH=/opt/ros/humble /usr/bin/cmake /home/lhl/nav2_ws/src/navigation2/nav2_dwb_controller/nav_2d_msgs -DCMAKE_INSTALL_PREFIX=/home/lhl/nav2_ws/src/install/nav_2d_msgs
[1.940s] Invoking command in '/home/lhl/nav2_ws/src/build/nav_2d_msgs': CMAKE_PREFIX_PATH=/opt/ros/humble /usr/bin/cmake --build /home/lhl/nav2_ws/src/build/nav_2d_msgs -- -j8 -l8
[1.978s] [  1%] [34m[1mGenerating C code for ROS interfaces[0m
[1.987s] [  2%] [34m[1mGenerating C++ code for ROS interfaces[0m
[2.002s] [  2%] Built target ament_cmake_python_copy_nav_2d_msgs
[2.333s] running egg_info
[2.333s] creating nav_2d_msgs.egg-info
[2.333s] writing nav_2d_msgs.egg-info/PKG-INFO
[2.334s] writing dependency_links to nav_2d_msgs.egg-info/dependency_links.txt
[2.334s] writing top-level names to nav_2d_msgs.egg-info/top_level.txt
[2.335s] writing manifest file 'nav_2d_msgs.egg-info/SOURCES.txt'
[2.338s] reading manifest file 'nav_2d_msgs.egg-info/SOURCES.txt'
[2.338s] writing manifest file 'nav_2d_msgs.egg-info/SOURCES.txt'
[2.363s] [  2%] Built target ament_cmake_python_build_nav_2d_msgs_egg
[2.620s] [  5%] [32mBuilding C object CMakeFiles/nav_2d_msgs__rosidl_generator_c.dir/rosidl_generator_c/nav_2d_msgs/msg/detail/pose2_d32__functions.c.o[0m
[2.620s] [  5%] [32mBuilding C object CMakeFiles/nav_2d_msgs__rosidl_generator_c.dir/rosidl_generator_c/nav_2d_msgs/msg/detail/pose2_d_stamped__functions.c.o[0m
[2.623s] [  7%] [32mBuilding C object CMakeFiles/nav_2d_msgs__rosidl_generator_c.dir/rosidl_generator_c/nav_2d_msgs/msg/detail/twist2_d32__functions.c.o[0m
[2.625s] [  8%] [32mBuilding C object CMakeFiles/nav_2d_msgs__rosidl_generator_c.dir/rosidl_generator_c/nav_2d_msgs/msg/detail/path2_d__functions.c.o[0m
[2.631s] [  9%] [32mBuilding C object CMakeFiles/nav_2d_msgs__rosidl_generator_c.dir/rosidl_generator_c/nav_2d_msgs/msg/detail/twist2_d__functions.c.o[0m
[2.634s] [ 11%] [32mBuilding C object CMakeFiles/nav_2d_msgs__rosidl_generator_c.dir/rosidl_generator_c/nav_2d_msgs/msg/detail/twist2_d_stamped__functions.c.o[0m
[2.772s] [ 12%] [32m[1mLinking C shared library libnav_2d_msgs__rosidl_generator_c.so[0m
[2.799s] [ 12%] Built target nav_2d_msgs__cpp
[2.813s] [ 14%] [34m[1mGenerating C++ type support dispatch for ROS interfaces[0m
[2.817s] [ 15%] [34m[1mGenerating C++ type support for eProsima Fast-RTPS[0m
[2.824s] [ 16%] [34m[1mGenerating C++ introspection for ROS interfaces[0m
[2.831s] [ 16%] Built target nav_2d_msgs__rosidl_generator_c
[2.848s] [ 18%] [34m[1mGenerating C type support for eProsima Fast-RTPS[0m
[2.858s] [ 19%] [34m[1mGenerating C introspection for ROS interfaces[0m
[2.906s] [ 21%] [34m[1mGenerating C type support dispatch for ROS interfaces[0m
[3.438s] [ 22%] [32mBuilding CXX object CMakeFiles/nav_2d_msgs__rosidl_typesupport_cpp.dir/rosidl_typesupport_cpp/nav_2d_msgs/msg/path2_d__type_support.cpp.o[0m
[3.439s] [ 23%] [32mBuilding CXX object CMakeFiles/nav_2d_msgs__rosidl_typesupport_cpp.dir/rosidl_typesupport_cpp/nav_2d_msgs/msg/pose2_d32__type_support.cpp.o[0m
[3.443s] [ 25%] [32mBuilding CXX object CMakeFiles/nav_2d_msgs__rosidl_typesupport_cpp.dir/rosidl_typesupport_cpp/nav_2d_msgs/msg/pose2_d_stamped__type_support.cpp.o[0m
[3.875s] [ 26%] [32mBuilding CXX object CMakeFiles/nav_2d_msgs__rosidl_typesupport_c.dir/rosidl_typesupport_c/nav_2d_msgs/msg/path2_d__type_support.cpp.o[0m
[3.892s] [ 28%] [32mBuilding CXX object CMakeFiles/nav_2d_msgs__rosidl_typesupport_introspection_cpp.dir/rosidl_typesupport_introspection_cpp/nav_2d_msgs/msg/detail/path2_d__type_support.cpp.o[0m
[3.967s] [ 29%] [32mBuilding CXX object CMakeFiles/nav_2d_msgs__rosidl_typesupport_fastrtps_cpp.dir/rosidl_typesupport_fastrtps_cpp/nav_2d_msgs/msg/detail/dds_fastrtps/path2_d__type_support.cpp.o[0m
[3.981s] [ 30%] [32mBuilding CXX object CMakeFiles/nav_2d_msgs__rosidl_typesupport_c.dir/rosidl_typesupport_c/nav_2d_msgs/msg/pose2_d32__type_support.cpp.o[0m
[4.043s] [ 32%] [32mBuilding CXX object CMakeFiles/nav_2d_msgs__rosidl_typesupport_introspection_cpp.dir/rosidl_typesupport_introspection_cpp/nav_2d_msgs/msg/detail/pose2_d32__type_support.cpp.o[0m
[4.090s] [ 33%] [32mBuilding CXX object CMakeFiles/nav_2d_msgs__rosidl_typesupport_c.dir/rosidl_typesupport_c/nav_2d_msgs/msg/pose2_d_stamped__type_support.cpp.o[0m
[4.120s] [ 35%] [32mBuilding CXX object CMakeFiles/nav_2d_msgs__rosidl_typesupport_c.dir/rosidl_typesupport_c/nav_2d_msgs/msg/twist2_d__type_support.cpp.o[0m
[4.169s] [ 36%] [32mBuilding CXX object CMakeFiles/nav_2d_msgs__rosidl_typesupport_cpp.dir/rosidl_typesupport_cpp/nav_2d_msgs/msg/twist2_d__type_support.cpp.o[0m
[4.173s] [ 38%] [32mBuilding CXX object CMakeFiles/nav_2d_msgs__rosidl_typesupport_fastrtps_c.dir/rosidl_typesupport_fastrtps_c/nav_2d_msgs/msg/detail/path2_d__type_support_c.cpp.o[0m
[4.227s] [ 39%] [32mBuilding CXX object CMakeFiles/nav_2d_msgs__rosidl_typesupport_fastrtps_c.dir/rosidl_typesupport_fastrtps_c/nav_2d_msgs/msg/detail/pose2_d32__type_support_c.cpp.o[0m
[4.279s] [ 40%] [32mBuilding CXX object CMakeFiles/nav_2d_msgs__rosidl_typesupport_c.dir/rosidl_typesupport_c/nav_2d_msgs/msg/twist2_d32__type_support.cpp.o[0m
[4.338s] [ 42%] [32mBuilding C object CMakeFiles/nav_2d_msgs__rosidl_typesupport_introspection_c.dir/rosidl_typesupport_introspection_c/nav_2d_msgs/msg/detail/path2_d__type_support.c.o[0m
[4.426s] [ 43%] [32mBuilding CXX object CMakeFiles/nav_2d_msgs__rosidl_typesupport_c.dir/rosidl_typesupport_c/nav_2d_msgs/msg/twist2_d_stamped__type_support.cpp.o[0m
[4.472s] [ 45%] [32mBuilding C object CMakeFiles/nav_2d_msgs__rosidl_typesupport_introspection_c.dir/rosidl_typesupport_introspection_c/nav_2d_msgs/msg/detail/pose2_d32__type_support.c.o[0m
[4.496s] [ 46%] [32m[1mLinking CXX shared library libnav_2d_msgs__rosidl_typesupport_c.so[0m
[4.624s] [ 47%] [32mBuilding C object CMakeFiles/nav_2d_msgs__rosidl_typesupport_introspection_c.dir/rosidl_typesupport_introspection_c/nav_2d_msgs/msg/detail/pose2_d_stamped__type_support.c.o[0m
[4.732s] [ 47%] Built target nav_2d_msgs__rosidl_typesupport_c
[4.773s] [ 49%] [32mBuilding C object CMakeFiles/nav_2d_msgs__rosidl_typesupport_introspection_c.dir/rosidl_typesupport_introspection_c/nav_2d_msgs/msg/detail/twist2_d__type_support.c.o[0m
[4.792s] [ 50%] [32mBuilding CXX object CMakeFiles/nav_2d_msgs__rosidl_typesupport_fastrtps_cpp.dir/rosidl_typesupport_fastrtps_cpp/nav_2d_msgs/msg/detail/dds_fastrtps/pose2_d32__type_support.cpp.o[0m
[4.849s] [ 52%] [32mBuilding C object CMakeFiles/nav_2d_msgs__rosidl_typesupport_introspection_c.dir/rosidl_typesupport_introspection_c/nav_2d_msgs/msg/detail/twist2_d32__type_support.c.o[0m
[4.857s] [ 53%] [32mBuilding CXX object CMakeFiles/nav_2d_msgs__rosidl_typesupport_fastrtps_cpp.dir/rosidl_typesupport_fastrtps_cpp/nav_2d_msgs/msg/detail/dds_fastrtps/pose2_d_stamped__type_support.cpp.o[0m
[4.894s] [ 54%] [32mBuilding CXX object CMakeFiles/nav_2d_msgs__rosidl_typesupport_introspection_cpp.dir/rosidl_typesupport_introspection_cpp/nav_2d_msgs/msg/detail/pose2_d_stamped__type_support.cpp.o[0m
[4.901s] [ 56%] [32mBuilding C object CMakeFiles/nav_2d_msgs__rosidl_typesupport_introspection_c.dir/rosidl_typesupport_introspection_c/nav_2d_msgs/msg/detail/twist2_d_stamped__type_support.c.o[0m
[4.963s] [ 57%] [32m[1mLinking C shared library libnav_2d_msgs__rosidl_typesupport_introspection_c.so[0m
[5.007s] [ 59%] [32mBuilding CXX object CMakeFiles/nav_2d_msgs__rosidl_typesupport_cpp.dir/rosidl_typesupport_cpp/nav_2d_msgs/msg/twist2_d32__type_support.cpp.o[0m
[5.045s] [ 59%] Built target nav_2d_msgs__rosidl_typesupport_introspection_c
[5.063s] [ 60%] [32mBuilding CXX object CMakeFiles/nav_2d_msgs__rosidl_typesupport_fastrtps_c.dir/rosidl_typesupport_fastrtps_c/nav_2d_msgs/msg/detail/pose2_d_stamped__type_support_c.cpp.o[0m
[5.111s] [ 61%] [32mBuilding CXX object CMakeFiles/nav_2d_msgs__rosidl_typesupport_fastrtps_c.dir/rosidl_typesupport_fastrtps_c/nav_2d_msgs/msg/detail/twist2_d__type_support_c.cpp.o[0m
[5.166s] [ 63%] [32mBuilding CXX object CMakeFiles/nav_2d_msgs__rosidl_typesupport_introspection_cpp.dir/rosidl_typesupport_introspection_cpp/nav_2d_msgs/msg/detail/twist2_d__type_support.cpp.o[0m
[5.299s] [ 64%] [32mBuilding CXX object CMakeFiles/nav_2d_msgs__rosidl_typesupport_fastrtps_c.dir/rosidl_typesupport_fastrtps_c/nav_2d_msgs/msg/detail/twist2_d32__type_support_c.cpp.o[0m
[5.755s] [ 66%] [32mBuilding CXX object CMakeFiles/nav_2d_msgs__rosidl_typesupport_cpp.dir/rosidl_typesupport_cpp/nav_2d_msgs/msg/twist2_d_stamped__type_support.cpp.o[0m
[5.791s] [ 67%] [32mBuilding CXX object CMakeFiles/nav_2d_msgs__rosidl_typesupport_fastrtps_cpp.dir/rosidl_typesupport_fastrtps_cpp/nav_2d_msgs/msg/detail/dds_fastrtps/twist2_d__type_support.cpp.o[0m
[5.808s] [ 69%] [32mBuilding CXX object CMakeFiles/nav_2d_msgs__rosidl_typesupport_fastrtps_c.dir/rosidl_typesupport_fastrtps_c/nav_2d_msgs/msg/detail/twist2_d_stamped__type_support_c.cpp.o[0m
[6.063s] [ 70%] [32mBuilding CXX object CMakeFiles/nav_2d_msgs__rosidl_typesupport_fastrtps_cpp.dir/rosidl_typesupport_fastrtps_cpp/nav_2d_msgs/msg/detail/dds_fastrtps/twist2_d32__type_support.cpp.o[0m
[6.131s] [ 71%] [32mBuilding CXX object CMakeFiles/nav_2d_msgs__rosidl_typesupport_introspection_cpp.dir/rosidl_typesupport_introspection_cpp/nav_2d_msgs/msg/detail/twist2_d32__type_support.cpp.o[0m
[6.142s] [ 73%] [32mBuilding CXX object CMakeFiles/nav_2d_msgs__rosidl_typesupport_introspection_cpp.dir/rosidl_typesupport_introspection_cpp/nav_2d_msgs/msg/detail/twist2_d_stamped__type_support.cpp.o[0m
[6.156s] [ 74%] [32mBuilding CXX object CMakeFiles/nav_2d_msgs__rosidl_typesupport_fastrtps_cpp.dir/rosidl_typesupport_fastrtps_cpp/nav_2d_msgs/msg/detail/dds_fastrtps/twist2_d_stamped__type_support.cpp.o[0m
[6.807s] [ 76%] [32m[1mLinking CXX shared library libnav_2d_msgs__rosidl_typesupport_cpp.so[0m
[6.850s] [ 77%] [32m[1mLinking CXX shared library libnav_2d_msgs__rosidl_typesupport_fastrtps_c.so[0m
[7.031s] [ 77%] Built target nav_2d_msgs__rosidl_typesupport_cpp
[7.124s] [ 78%] [32m[1mLinking CXX shared library libnav_2d_msgs__rosidl_typesupport_introspection_cpp.so[0m
[7.138s] [ 78%] Built target nav_2d_msgs__rosidl_typesupport_fastrtps_c
[7.167s] [ 80%] [32m[1mLinking CXX shared library libnav_2d_msgs__rosidl_typesupport_fastrtps_cpp.so[0m
[7.263s] [ 80%] Built target nav_2d_msgs__rosidl_typesupport_introspection_cpp
[7.290s] [ 80%] Built target nav_2d_msgs__rosidl_typesupport_fastrtps_cpp
[7.309s] [ 80%] Built target nav_2d_msgs
[7.328s] [ 81%] [34m[1mGenerating Python code for ROS interfaces[0m
[8.031s] [ 81%] Built target nav_2d_msgs__py
[8.056s] [ 85%] [32mBuilding C object CMakeFiles/nav_2d_msgs__rosidl_generator_py.dir/rosidl_generator_py/nav_2d_msgs/msg/_twist2_d_s.c.o[0m
[8.057s] [ 85%] [32mBuilding C object CMakeFiles/nav_2d_msgs__rosidl_generator_py.dir/rosidl_generator_py/nav_2d_msgs/msg/_path2_d_s.c.o[0m
[8.057s] [ 85%] [32mBuilding C object CMakeFiles/nav_2d_msgs__rosidl_generator_py.dir/rosidl_generator_py/nav_2d_msgs/msg/_pose2_d_stamped_s.c.o[0m
[8.067s] [ 87%] [32mBuilding C object CMakeFiles/nav_2d_msgs__rosidl_generator_py.dir/rosidl_generator_py/nav_2d_msgs/msg/_twist2_d_stamped_s.c.o[0m
[8.076s] [ 88%] [32mBuilding C object CMakeFiles/nav_2d_msgs__rosidl_generator_py.dir/rosidl_generator_py/nav_2d_msgs/msg/_twist2_d32_s.c.o[0m
[8.077s] [ 90%] [32mBuilding C object CMakeFiles/nav_2d_msgs__rosidl_generator_py.dir/rosidl_generator_py/nav_2d_msgs/msg/_pose2_d32_s.c.o[0m
[8.318s] [ 91%] [32m[1mLinking C shared library rosidl_generator_py/nav_2d_msgs/libnav_2d_msgs__rosidl_generator_py.so[0m
[8.363s] [ 91%] Built target nav_2d_msgs__rosidl_generator_py
[8.393s] [ 94%] [32mBuilding C object CMakeFiles/nav_2d_msgs__rosidl_typesupport_c__pyext.dir/rosidl_generator_py/nav_2d_msgs/_nav_2d_msgs_s.ep.rosidl_typesupport_c.c.o[0m
[8.393s] [ 94%] [32mBuilding C object CMakeFiles/nav_2d_msgs__rosidl_typesupport_fastrtps_c__pyext.dir/rosidl_generator_py/nav_2d_msgs/_nav_2d_msgs_s.ep.rosidl_typesupport_fastrtps_c.c.o[0m
[8.393s] [ 95%] [32mBuilding C object CMakeFiles/nav_2d_msgs__rosidl_typesupport_introspection_c__pyext.dir/rosidl_generator_py/nav_2d_msgs/_nav_2d_msgs_s.ep.rosidl_typesupport_introspection_c.c.o[0m
[8.551s] [ 97%] [32m[1mLinking C shared library rosidl_generator_py/nav_2d_msgs/nav_2d_msgs_s__rosidl_typesupport_introspection_c.cpython-310-x86_64-linux-gnu.so[0m
[8.574s] [ 98%] [32m[1mLinking C shared library rosidl_generator_py/nav_2d_msgs/nav_2d_msgs_s__rosidl_typesupport_fastrtps_c.cpython-310-x86_64-linux-gnu.so[0m
[8.574s] [100%] [32m[1mLinking C shared library rosidl_generator_py/nav_2d_msgs/nav_2d_msgs_s__rosidl_typesupport_c.cpython-310-x86_64-linux-gnu.so[0m
[8.610s] [100%] Built target nav_2d_msgs__rosidl_typesupport_introspection_c__pyext
[8.620s] [100%] Built target nav_2d_msgs__rosidl_typesupport_c__pyext
[8.622s] [100%] Built target nav_2d_msgs__rosidl_typesupport_fastrtps_c__pyext
[8.633s] Invoked command in '/home/lhl/nav2_ws/src/build/nav_2d_msgs' returned '0': CMAKE_PREFIX_PATH=/opt/ros/humble /usr/bin/cmake --build /home/lhl/nav2_ws/src/build/nav_2d_msgs -- -j8 -l8
[8.778s] Invoking command in '/home/lhl/nav2_ws/src/build/nav_2d_msgs': CMAKE_PREFIX_PATH=/opt/ros/humble /usr/bin/cmake --install /home/lhl/nav2_ws/src/build/nav_2d_msgs
[8.784s] -- Install configuration: ""
[8.786s] -- Installing: /home/lhl/nav2_ws/src/install/nav_2d_msgs/share/ament_index/resource_index/rosidl_interfaces/nav_2d_msgs
[8.786s] -- Installing: /home/lhl/nav2_ws/src/install/nav_2d_msgs/include/nav_2d_msgs/nav_2d_msgs
[8.787s] -- Installing: /home/lhl/nav2_ws/src/install/nav_2d_msgs/include/nav_2d_msgs/nav_2d_msgs/msg
[8.787s] -- Installing: /home/lhl/nav2_ws/src/install/nav_2d_msgs/include/nav_2d_msgs/nav_2d_msgs/msg/twist2_d32.h
[8.787s] -- Installing: /home/lhl/nav2_ws/src/install/nav_2d_msgs/include/nav_2d_msgs/nav_2d_msgs/msg/pose2_d_stamped.h
[8.787s] -- Installing: /home/lhl/nav2_ws/src/install/nav_2d_msgs/include/nav_2d_msgs/nav_2d_msgs/msg/twist2_d.h
[8.787s] -- Installing: /home/lhl/nav2_ws/src/install/nav_2d_msgs/include/nav_2d_msgs/nav_2d_msgs/msg/pose2_d32.h
[8.787s] -- Installing: /home/lhl/nav2_ws/src/install/nav_2d_msgs/include/nav_2d_msgs/nav_2d_msgs/msg/path2_d.h
[8.787s] -- Installing: /home/lhl/nav2_ws/src/install/nav_2d_msgs/include/nav_2d_msgs/nav_2d_msgs/msg/rosidl_generator_c__visibility_control.h
[8.788s] -- Installing: /home/lhl/nav2_ws/src/install/nav_2d_msgs/include/nav_2d_msgs/nav_2d_msgs/msg/detail
[8.788s] -- Installing: /home/lhl/nav2_ws/src/install/nav_2d_msgs/include/nav_2d_msgs/nav_2d_msgs/msg/detail/twist2_d_stamped__functions.h
[8.788s] -- Installing: /home/lhl/nav2_ws/src/install/nav_2d_msgs/include/nav_2d_msgs/nav_2d_msgs/msg/detail/path2_d__type_support.h
[8.788s] -- Installing: /home/lhl/nav2_ws/src/install/nav_2d_msgs/include/nav_2d_msgs/nav_2d_msgs/msg/detail/twist2_d__type_support.h
[8.788s] -- Installing: /home/lhl/nav2_ws/src/install/nav_2d_msgs/include/nav_2d_msgs/nav_2d_msgs/msg/detail/pose2_d_stamped__type_support.h
[8.788s] -- Installing: /home/lhl/nav2_ws/src/install/nav_2d_msgs/include/nav_2d_msgs/nav_2d_msgs/msg/detail/twist2_d__functions.h
[8.788s] -- Installing: /home/lhl/nav2_ws/src/install/nav_2d_msgs/include/nav_2d_msgs/nav_2d_msgs/msg/detail/pose2_d_stamped__functions.c
[8.788s] -- Installing: /home/lhl/nav2_ws/src/install/nav_2d_msgs/include/nav_2d_msgs/nav_2d_msgs/msg/detail/twist2_d32__type_support.h
[8.789s] -- Installing: /home/lhl/nav2_ws/src/install/nav_2d_msgs/include/nav_2d_msgs/nav_2d_msgs/msg/detail/twist2_d32__struct.h
[8.789s] -- Installing: /home/lhl/nav2_ws/src/install/nav_2d_msgs/include/nav_2d_msgs/nav_2d_msgs/msg/detail/twist2_d32__functions.c
[8.789s] -- Installing: /home/lhl/nav2_ws/src/install/nav_2d_msgs/include/nav_2d_msgs/nav_2d_msgs/msg/detail/twist2_d32__functions.h
[8.789s] -- Installing: /home/lhl/nav2_ws/src/install/nav_2d_msgs/include/nav_2d_msgs/nav_2d_msgs/msg/detail/twist2_d_stamped__functions.c
[8.789s] -- Installing: /home/lhl/nav2_ws/src/install/nav_2d_msgs/include/nav_2d_msgs/nav_2d_msgs/msg/detail/pose2_d32__struct.h
[8.789s] -- Installing: /home/lhl/nav2_ws/src/install/nav_2d_msgs/include/nav_2d_msgs/nav_2d_msgs/msg/detail/pose2_d32__functions.c
[8.791s] -- Installing: /home/lhl/nav2_ws/src/install/nav_2d_msgs/include/nav_2d_msgs/nav_2d_msgs/msg/detail/twist2_d_stamped__type_support.h
[8.791s] -- Installing: /home/lhl/nav2_ws/src/install/nav_2d_msgs/include/nav_2d_msgs/nav_2d_msgs/msg/detail/path2_d__functions.c
[8.791s] -- Installing: /home/lhl/nav2_ws/src/install/nav_2d_msgs/include/nav_2d_msgs/nav_2d_msgs/msg/detail/pose2_d32__functions.h
[8.791s] -- Installing: /home/lhl/nav2_ws/src/install/nav_2d_msgs/include/nav_2d_msgs/nav_2d_msgs/msg/detail/pose2_d32__type_support.h
[8.791s] -- Installing: /home/lhl/nav2_ws/src/install/nav_2d_msgs/include/nav_2d_msgs/nav_2d_msgs/msg/detail/twist2_d_stamped__struct.h
[8.792s] -- Installing: /home/lhl/nav2_ws/src/install/nav_2d_msgs/include/nav_2d_msgs/nav_2d_msgs/msg/detail/path2_d__functions.h
[8.792s] -- Installing: /home/lhl/nav2_ws/src/install/nav_2d_msgs/include/nav_2d_msgs/nav_2d_msgs/msg/detail/twist2_d__struct.h
[8.792s] -- Installing: /home/lhl/nav2_ws/src/install/nav_2d_msgs/include/nav_2d_msgs/nav_2d_msgs/msg/detail/pose2_d_stamped__struct.h
[8.792s] -- Installing: /home/lhl/nav2_ws/src/install/nav_2d_msgs/include/nav_2d_msgs/nav_2d_msgs/msg/detail/path2_d__struct.h
[8.792s] -- Installing: /home/lhl/nav2_ws/src/install/nav_2d_msgs/include/nav_2d_msgs/nav_2d_msgs/msg/detail/twist2_d__functions.c
[8.793s] -- Installing: /home/lhl/nav2_ws/src/install/nav_2d_msgs/include/nav_2d_msgs/nav_2d_msgs/msg/detail/pose2_d_stamped__functions.h
[8.793s] -- Installing: /home/lhl/nav2_ws/src/install/nav_2d_msgs/include/nav_2d_msgs/nav_2d_msgs/msg/twist2_d_stamped.h
[8.793s] -- Installing: /home/lhl/nav2_ws/src/install/nav_2d_msgs/share/nav_2d_msgs/environment/library_path.sh
[8.793s] -- Installing: /home/lhl/nav2_ws/src/install/nav_2d_msgs/share/nav_2d_msgs/environment/library_path.dsv
[8.793s] -- Installing: /home/lhl/nav2_ws/src/install/nav_2d_msgs/lib/libnav_2d_msgs__rosidl_generator_c.so
[8.794s] -- Set runtime path of "/home/lhl/nav2_ws/src/install/nav_2d_msgs/lib/libnav_2d_msgs__rosidl_generator_c.so" to ""
[8.794s] -- Up-to-date: /home/lhl/nav2_ws/src/install/nav_2d_msgs/include/nav_2d_msgs/nav_2d_msgs
[8.794s] -- Up-to-date: /home/lhl/nav2_ws/src/install/nav_2d_msgs/include/nav_2d_msgs/nav_2d_msgs/msg
[8.794s] -- Installing: /home/lhl/nav2_ws/src/install/nav_2d_msgs/include/nav_2d_msgs/nav_2d_msgs/msg/rosidl_typesupport_fastrtps_c__visibility_control.h
[8.795s] -- Up-to-date: /home/lhl/nav2_ws/src/install/nav_2d_msgs/include/nav_2d_msgs/nav_2d_msgs/msg/detail
[8.795s] -- Installing: /home/lhl/nav2_ws/src/install/nav_2d_msgs/include/nav_2d_msgs/nav_2d_msgs/msg/detail/pose2_d_stamped__rosidl_typesupport_fastrtps_c.h
[8.795s] -- Installing: /home/lhl/nav2_ws/src/install/nav_2d_msgs/include/nav_2d_msgs/nav_2d_msgs/msg/detail/pose2_d32__rosidl_typesupport_fastrtps_c.h
[8.795s] -- Installing: /home/lhl/nav2_ws/src/install/nav_2d_msgs/include/nav_2d_msgs/nav_2d_msgs/msg/detail/path2_d__rosidl_typesupport_fastrtps_c.h
[8.795s] -- Installing: /home/lhl/nav2_ws/src/install/nav_2d_msgs/include/nav_2d_msgs/nav_2d_msgs/msg/detail/twist2_d32__rosidl_typesupport_fastrtps_c.h
[8.795s] -- Installing: /home/lhl/nav2_ws/src/install/nav_2d_msgs/include/nav_2d_msgs/nav_2d_msgs/msg/detail/twist2_d__rosidl_typesupport_fastrtps_c.h
[8.796s] -- Installing: /home/lhl/nav2_ws/src/install/nav_2d_msgs/include/nav_2d_msgs/nav_2d_msgs/msg/detail/twist2_d_stamped__rosidl_typesupport_fastrtps_c.h
[8.796s] -- Installing: /home/lhl/nav2_ws/src/install/nav_2d_msgs/lib/libnav_2d_msgs__rosidl_typesupport_fastrtps_c.so
[8.796s] -- Set runtime path of "/home/lhl/nav2_ws/src/install/nav_2d_msgs/lib/libnav_2d_msgs__rosidl_typesupport_fastrtps_c.so" to ""
[8.796s] -- Up-to-date: /home/lhl/nav2_ws/src/install/nav_2d_msgs/include/nav_2d_msgs/nav_2d_msgs
[8.796s] -- Up-to-date: /home/lhl/nav2_ws/src/install/nav_2d_msgs/include/nav_2d_msgs/nav_2d_msgs/msg
[8.797s] -- Installing: /home/lhl/nav2_ws/src/install/nav_2d_msgs/include/nav_2d_msgs/nav_2d_msgs/msg/twist2_d32.hpp
[8.797s] -- Installing: /home/lhl/nav2_ws/src/install/nav_2d_msgs/include/nav_2d_msgs/nav_2d_msgs/msg/twist2_d.hpp
[8.797s] -- Installing: /home/lhl/nav2_ws/src/install/nav_2d_msgs/include/nav_2d_msgs/nav_2d_msgs/msg/twist2_d_stamped.hpp
[8.797s] -- Installing: /home/lhl/nav2_ws/src/install/nav_2d_msgs/include/nav_2d_msgs/nav_2d_msgs/msg/pose2_d32.hpp
[8.797s] -- Up-to-date: /home/lhl/nav2_ws/src/install/nav_2d_msgs/include/nav_2d_msgs/nav_2d_msgs/msg/detail
[8.798s] -- Installing: /home/lhl/nav2_ws/src/install/nav_2d_msgs/include/nav_2d_msgs/nav_2d_msgs/msg/detail/twist2_d_stamped__struct.hpp
[8.798s] -- Installing: /home/lhl/nav2_ws/src/install/nav_2d_msgs/include/nav_2d_msgs/nav_2d_msgs/msg/detail/twist2_d32__traits.hpp
[8.798s] -- Installing: /home/lhl/nav2_ws/src/install/nav_2d_msgs/include/nav_2d_msgs/nav_2d_msgs/msg/detail/pose2_d_stamped__traits.hpp
[8.798s] -- Installing: /home/lhl/nav2_ws/src/install/nav_2d_msgs/include/nav_2d_msgs/nav_2d_msgs/msg/detail/twist2_d_stamped__traits.hpp
[8.798s] -- Installing: /home/lhl/nav2_ws/src/install/nav_2d_msgs/include/nav_2d_msgs/nav_2d_msgs/msg/detail/twist2_d32__struct.hpp
[8.798s] -- Installing: /home/lhl/nav2_ws/src/install/nav_2d_msgs/include/nav_2d_msgs/nav_2d_msgs/msg/detail/path2_d__traits.hpp
[8.799s] -- Installing: /home/lhl/nav2_ws/src/install/nav_2d_msgs/include/nav_2d_msgs/nav_2d_msgs/msg/detail/twist2_d__traits.hpp
[8.799s] -- Installing: /home/lhl/nav2_ws/src/install/nav_2d_msgs/include/nav_2d_msgs/nav_2d_msgs/msg/detail/twist2_d32__builder.hpp
[8.799s] -- Installing: /home/lhl/nav2_ws/src/install/nav_2d_msgs/include/nav_2d_msgs/nav_2d_msgs/msg/detail/twist2_d__builder.hpp
[8.799s] -- Installing: /home/lhl/nav2_ws/src/install/nav_2d_msgs/include/nav_2d_msgs/nav_2d_msgs/msg/detail/pose2_d32__builder.hpp
[8.799s] -- Installing: /home/lhl/nav2_ws/src/install/nav_2d_msgs/include/nav_2d_msgs/nav_2d_msgs/msg/detail/twist2_d_stamped__builder.hpp
[8.800s] -- Installing: /home/lhl/nav2_ws/src/install/nav_2d_msgs/include/nav_2d_msgs/nav_2d_msgs/msg/detail/pose2_d32__traits.hpp
[8.800s] -- Installing: /home/lhl/nav2_ws/src/install/nav_2d_msgs/include/nav_2d_msgs/nav_2d_msgs/msg/detail/twist2_d__struct.hpp
[8.800s] -- Installing: /home/lhl/nav2_ws/src/install/nav_2d_msgs/include/nav_2d_msgs/nav_2d_msgs/msg/detail/path2_d__struct.hpp
[8.800s] -- Installing: /home/lhl/nav2_ws/src/install/nav_2d_msgs/include/nav_2d_msgs/nav_2d_msgs/msg/detail/pose2_d32__struct.hpp
[8.800s] -- Installing: /home/lhl/nav2_ws/src/install/nav_2d_msgs/include/nav_2d_msgs/nav_2d_msgs/msg/detail/path2_d__builder.hpp
[8.800s] -- Installing: /home/lhl/nav2_ws/src/install/nav_2d_msgs/include/nav_2d_msgs/nav_2d_msgs/msg/detail/pose2_d_stamped__struct.hpp
[8.801s] -- Installing: /home/lhl/nav2_ws/src/install/nav_2d_msgs/include/nav_2d_msgs/nav_2d_msgs/msg/detail/pose2_d_stamped__builder.hpp
[8.801s] -- Installing: /home/lhl/nav2_ws/src/install/nav_2d_msgs/include/nav_2d_msgs/nav_2d_msgs/msg/pose2_d_stamped.hpp
[8.801s] -- Installing: /home/lhl/nav2_ws/src/install/nav_2d_msgs/include/nav_2d_msgs/nav_2d_msgs/msg/path2_d.hpp
[8.801s] -- Up-to-date: /home/lhl/nav2_ws/src/install/nav_2d_msgs/include/nav_2d_msgs/nav_2d_msgs
[8.801s] -- Up-to-date: /home/lhl/nav2_ws/src/install/nav_2d_msgs/include/nav_2d_msgs/nav_2d_msgs/msg
[8.801s] -- Installing: /home/lhl/nav2_ws/src/install/nav_2d_msgs/include/nav_2d_msgs/nav_2d_msgs/msg/rosidl_typesupport_fastrtps_cpp__visibility_control.h
[8.801s] -- Up-to-date: /home/lhl/nav2_ws/src/install/nav_2d_msgs/include/nav_2d_msgs/nav_2d_msgs/msg/detail
[8.802s] -- Installing: /home/lhl/nav2_ws/src/install/nav_2d_msgs/include/nav_2d_msgs/nav_2d_msgs/msg/detail/path2_d__rosidl_typesupport_fastrtps_cpp.hpp
[8.802s] -- Installing: /home/lhl/nav2_ws/src/install/nav_2d_msgs/include/nav_2d_msgs/nav_2d_msgs/msg/detail/twist2_d32__rosidl_typesupport_fastrtps_cpp.hpp
[8.802s] -- Installing: /home/lhl/nav2_ws/src/install/nav_2d_msgs/include/nav_2d_msgs/nav_2d_msgs/msg/detail/twist2_d__rosidl_typesupport_fastrtps_cpp.hpp
[8.802s] -- Installing: /home/lhl/nav2_ws/src/install/nav_2d_msgs/include/nav_2d_msgs/nav_2d_msgs/msg/detail/twist2_d_stamped__rosidl_typesupport_fastrtps_cpp.hpp
[8.802s] -- Installing: /home/lhl/nav2_ws/src/install/nav_2d_msgs/include/nav_2d_msgs/nav_2d_msgs/msg/detail/dds_fastrtps
[8.802s] -- Installing: /home/lhl/nav2_ws/src/install/nav_2d_msgs/include/nav_2d_msgs/nav_2d_msgs/msg/detail/pose2_d_stamped__rosidl_typesupport_fastrtps_cpp.hpp
[8.802s] -- Installing: /home/lhl/nav2_ws/src/install/nav_2d_msgs/include/nav_2d_msgs/nav_2d_msgs/msg/detail/pose2_d32__rosidl_typesupport_fastrtps_cpp.hpp
[8.803s] -- Installing: /home/lhl/nav2_ws/src/install/nav_2d_msgs/lib/libnav_2d_msgs__rosidl_typesupport_fastrtps_cpp.so
[8.803s] -- Set runtime path of "/home/lhl/nav2_ws/src/install/nav_2d_msgs/lib/libnav_2d_msgs__rosidl_typesupport_fastrtps_cpp.so" to ""
[8.803s] -- Up-to-date: /home/lhl/nav2_ws/src/install/nav_2d_msgs/include/nav_2d_msgs/nav_2d_msgs
[8.803s] -- Up-to-date: /home/lhl/nav2_ws/src/install/nav_2d_msgs/include/nav_2d_msgs/nav_2d_msgs/msg
[8.803s] -- Installing: /home/lhl/nav2_ws/src/install/nav_2d_msgs/include/nav_2d_msgs/nav_2d_msgs/msg/rosidl_typesupport_introspection_c__visibility_control.h
[8.803s] -- Up-to-date: /home/lhl/nav2_ws/src/install/nav_2d_msgs/include/nav_2d_msgs/nav_2d_msgs/msg/detail
[8.804s] -- Installing: /home/lhl/nav2_ws/src/install/nav_2d_msgs/include/nav_2d_msgs/nav_2d_msgs/msg/detail/twist2_d_stamped__type_support.c
[8.804s] -- Installing: /home/lhl/nav2_ws/src/install/nav_2d_msgs/include/nav_2d_msgs/nav_2d_msgs/msg/detail/twist2_d32__type_support.c
[8.804s] -- Installing: /home/lhl/nav2_ws/src/install/nav_2d_msgs/include/nav_2d_msgs/nav_2d_msgs/msg/detail/twist2_d__type_support.c
[8.804s] -- Installing: /home/lhl/nav2_ws/src/install/nav_2d_msgs/include/nav_2d_msgs/nav_2d_msgs/msg/detail/twist2_d32__rosidl_typesupport_introspection_c.h
[8.804s] -- Installing: /home/lhl/nav2_ws/src/install/nav_2d_msgs/include/nav_2d_msgs/nav_2d_msgs/msg/detail/path2_d__type_support.c
[8.804s] -- Installing: /home/lhl/nav2_ws/src/install/nav_2d_msgs/include/nav_2d_msgs/nav_2d_msgs/msg/detail/path2_d__rosidl_typesupport_introspection_c.h
[8.804s] -- Installing: /home/lhl/nav2_ws/src/install/nav_2d_msgs/include/nav_2d_msgs/nav_2d_msgs/msg/detail/pose2_d_stamped__rosidl_typesupport_introspection_c.h
[8.805s] -- Installing: /home/lhl/nav2_ws/src/install/nav_2d_msgs/include/nav_2d_msgs/nav_2d_msgs/msg/detail/pose2_d32__type_support.c
[8.805s] -- Installing: /home/lhl/nav2_ws/src/install/nav_2d_msgs/include/nav_2d_msgs/nav_2d_msgs/msg/detail/twist2_d__rosidl_typesupport_introspection_c.h
[8.805s] -- Installing: /home/lhl/nav2_ws/src/install/nav_2d_msgs/include/nav_2d_msgs/nav_2d_msgs/msg/detail/pose2_d32__rosidl_typesupport_introspection_c.h
[8.805s] -- Installing: /home/lhl/nav2_ws/src/install/nav_2d_msgs/include/nav_2d_msgs/nav_2d_msgs/msg/detail/pose2_d_stamped__type_support.c
[8.805s] -- Installing: /home/lhl/nav2_ws/src/install/nav_2d_msgs/include/nav_2d_msgs/nav_2d_msgs/msg/detail/twist2_d_stamped__rosidl_typesupport_introspection_c.h
[8.805s] -- Installing: /home/lhl/nav2_ws/src/install/nav_2d_msgs/lib/libnav_2d_msgs__rosidl_typesupport_introspection_c.so
[8.805s] -- Set runtime path of "/home/lhl/nav2_ws/src/install/nav_2d_msgs/lib/libnav_2d_msgs__rosidl_typesupport_introspection_c.so" to ""
[8.806s] -- Installing: /home/lhl/nav2_ws/src/install/nav_2d_msgs/lib/libnav_2d_msgs__rosidl_typesupport_c.so
[8.806s] -- Set runtime path of "/home/lhl/nav2_ws/src/install/nav_2d_msgs/lib/libnav_2d_msgs__rosidl_typesupport_c.so" to ""
[8.806s] -- Up-to-date: /home/lhl/nav2_ws/src/install/nav_2d_msgs/include/nav_2d_msgs/nav_2d_msgs
[8.806s] -- Up-to-date: /home/lhl/nav2_ws/src/install/nav_2d_msgs/include/nav_2d_msgs/nav_2d_msgs/msg
[8.806s] -- Up-to-date: /home/lhl/nav2_ws/src/install/nav_2d_msgs/include/nav_2d_msgs/nav_2d_msgs/msg/detail
[8.806s] -- Installing: /home/lhl/nav2_ws/src/install/nav_2d_msgs/include/nav_2d_msgs/nav_2d_msgs/msg/detail/twist2_d32__rosidl_typesupport_introspection_cpp.hpp
[8.806s] -- Installing: /home/lhl/nav2_ws/src/install/nav_2d_msgs/include/nav_2d_msgs/nav_2d_msgs/msg/detail/pose2_d_stamped__rosidl_typesupport_introspection_cpp.hpp
[8.807s] -- Installing: /home/lhl/nav2_ws/src/install/nav_2d_msgs/include/nav_2d_msgs/nav_2d_msgs/msg/detail/twist2_d__type_support.cpp
[8.807s] -- Installing: /home/lhl/nav2_ws/src/install/nav_2d_msgs/include/nav_2d_msgs/nav_2d_msgs/msg/detail/pose2_d32__type_support.cpp
[8.807s] -- Installing: /home/lhl/nav2_ws/src/install/nav_2d_msgs/include/nav_2d_msgs/nav_2d_msgs/msg/detail/twist2_d__rosidl_typesupport_introspection_cpp.hpp
[8.807s] -- Installing: /home/lhl/nav2_ws/src/install/nav_2d_msgs/include/nav_2d_msgs/nav_2d_msgs/msg/detail/pose2_d_stamped__type_support.cpp
[8.807s] -- Installing: /home/lhl/nav2_ws/src/install/nav_2d_msgs/include/nav_2d_msgs/nav_2d_msgs/msg/detail/path2_d__type_support.cpp
[8.807s] -- Installing: /home/lhl/nav2_ws/src/install/nav_2d_msgs/include/nav_2d_msgs/nav_2d_msgs/msg/detail/path2_d__rosidl_typesupport_introspection_cpp.hpp
[8.807s] -- Installing: /home/lhl/nav2_ws/src/install/nav_2d_msgs/include/nav_2d_msgs/nav_2d_msgs/msg/detail/pose2_d32__rosidl_typesupport_introspection_cpp.hpp
[8.808s] -- Installing: /home/lhl/nav2_ws/src/install/nav_2d_msgs/include/nav_2d_msgs/nav_2d_msgs/msg/detail/twist2_d32__type_support.cpp
[8.808s] -- Installing: /home/lhl/nav2_ws/src/install/nav_2d_msgs/include/nav_2d_msgs/nav_2d_msgs/msg/detail/twist2_d_stamped__rosidl_typesupport_introspection_cpp.hpp
[8.808s] -- Installing: /home/lhl/nav2_ws/src/install/nav_2d_msgs/include/nav_2d_msgs/nav_2d_msgs/msg/detail/twist2_d_stamped__type_support.cpp
[8.808s] -- Installing: /home/lhl/nav2_ws/src/install/nav_2d_msgs/lib/libnav_2d_msgs__rosidl_typesupport_introspection_cpp.so
[8.808s] -- Set runtime path of "/home/lhl/nav2_ws/src/install/nav_2d_msgs/lib/libnav_2d_msgs__rosidl_typesupport_introspection_cpp.so" to ""
[8.808s] -- Installing: /home/lhl/nav2_ws/src/install/nav_2d_msgs/lib/libnav_2d_msgs__rosidl_typesupport_cpp.so
[8.809s] -- Set runtime path of "/home/lhl/nav2_ws/src/install/nav_2d_msgs/lib/libnav_2d_msgs__rosidl_typesupport_cpp.so" to ""
[8.809s] -- Installing: /home/lhl/nav2_ws/src/install/nav_2d_msgs/share/nav_2d_msgs/environment/pythonpath.sh
[8.809s] -- Installing: /home/lhl/nav2_ws/src/install/nav_2d_msgs/share/nav_2d_msgs/environment/pythonpath.dsv
[8.809s] -- Installing: /home/lhl/nav2_ws/src/install/nav_2d_msgs/local/lib/python3.10/dist-packages/nav_2d_msgs-1.1.6-py3.10.egg-info
[8.809s] -- Installing: /home/lhl/nav2_ws/src/install/nav_2d_msgs/local/lib/python3.10/dist-packages/nav_2d_msgs-1.1.6-py3.10.egg-info/dependency_links.txt
[8.809s] -- Installing: /home/lhl/nav2_ws/src/install/nav_2d_msgs/local/lib/python3.10/dist-packages/nav_2d_msgs-1.1.6-py3.10.egg-info/SOURCES.txt
[8.810s] -- Installing: /home/lhl/nav2_ws/src/install/nav_2d_msgs/local/lib/python3.10/dist-packages/nav_2d_msgs-1.1.6-py3.10.egg-info/PKG-INFO
[8.810s] -- Installing: /home/lhl/nav2_ws/src/install/nav_2d_msgs/local/lib/python3.10/dist-packages/nav_2d_msgs-1.1.6-py3.10.egg-info/top_level.txt
[8.810s] -- Installing: /home/lhl/nav2_ws/src/install/nav_2d_msgs/local/lib/python3.10/dist-packages/nav_2d_msgs
[8.810s] -- Installing: /home/lhl/nav2_ws/src/install/nav_2d_msgs/local/lib/python3.10/dist-packages/nav_2d_msgs/nav_2d_msgs_s__rosidl_typesupport_fastrtps_c.cpython-310-x86_64-linux-gnu.so
[8.810s] -- Installing: /home/lhl/nav2_ws/src/install/nav_2d_msgs/local/lib/python3.10/dist-packages/nav_2d_msgs/nav_2d_msgs_s__rosidl_typesupport_introspection_c.cpython-310-x86_64-linux-gnu.so
[8.810s] -- Installing: /home/lhl/nav2_ws/src/install/nav_2d_msgs/local/lib/python3.10/dist-packages/nav_2d_msgs/msg
[8.811s] -- Installing: /home/lhl/nav2_ws/src/install/nav_2d_msgs/local/lib/python3.10/dist-packages/nav_2d_msgs/msg/_twist2_d32.py
[8.811s] -- Installing: /home/lhl/nav2_ws/src/install/nav_2d_msgs/local/lib/python3.10/dist-packages/nav_2d_msgs/msg/_pose2_d32_s.c
[8.811s] -- Installing: /home/lhl/nav2_ws/src/install/nav_2d_msgs/local/lib/python3.10/dist-packages/nav_2d_msgs/msg/_pose2_d32.py
[8.811s] -- Installing: /home/lhl/nav2_ws/src/install/nav_2d_msgs/local/lib/python3.10/dist-packages/nav_2d_msgs/msg/_twist2_d.py
[8.811s] -- Installing: /home/lhl/nav2_ws/src/install/nav_2d_msgs/local/lib/python3.10/dist-packages/nav_2d_msgs/msg/_path2_d_s.c
[8.811s] -- Installing: /home/lhl/nav2_ws/src/install/nav_2d_msgs/local/lib/python3.10/dist-packages/nav_2d_msgs/msg/_twist2_d_s.c
[8.811s] -- Installing: /home/lhl/nav2_ws/src/install/nav_2d_msgs/local/lib/python3.10/dist-packages/nav_2d_msgs/msg/_pose2_d_stamped_s.c
[8.811s] -- Installing: /home/lhl/nav2_ws/src/install/nav_2d_msgs/local/lib/python3.10/dist-packages/nav_2d_msgs/msg/_twist2_d_stamped_s.c
[8.811s] -- Installing: /home/lhl/nav2_ws/src/install/nav_2d_msgs/local/lib/python3.10/dist-packages/nav_2d_msgs/msg/_path2_d.py
[8.811s] -- Installing: /home/lhl/nav2_ws/src/install/nav_2d_msgs/local/lib/python3.10/dist-packages/nav_2d_msgs/msg/_twist2_d32_s.c
[8.812s] -- Installing: /home/lhl/nav2_ws/src/install/nav_2d_msgs/local/lib/python3.10/dist-packages/nav_2d_msgs/msg/_pose2_d_stamped.py
[8.812s] -- Installing: /home/lhl/nav2_ws/src/install/nav_2d_msgs/local/lib/python3.10/dist-packages/nav_2d_msgs/msg/_twist2_d_stamped.py
[8.812s] -- Installing: /home/lhl/nav2_ws/src/install/nav_2d_msgs/local/lib/python3.10/dist-packages/nav_2d_msgs/msg/__init__.py
[8.812s] -- Installing: /home/lhl/nav2_ws/src/install/nav_2d_msgs/local/lib/python3.10/dist-packages/nav_2d_msgs/_nav_2d_msgs_s.ep.rosidl_typesupport_c.c
[8.812s] -- Installing: /home/lhl/nav2_ws/src/install/nav_2d_msgs/local/lib/python3.10/dist-packages/nav_2d_msgs/libnav_2d_msgs__rosidl_generator_py.so
[8.812s] -- Installing: /home/lhl/nav2_ws/src/install/nav_2d_msgs/local/lib/python3.10/dist-packages/nav_2d_msgs/_nav_2d_msgs_s.ep.rosidl_typesupport_fastrtps_c.c
[8.812s] -- Installing: /home/lhl/nav2_ws/src/install/nav_2d_msgs/local/lib/python3.10/dist-packages/nav_2d_msgs/_nav_2d_msgs_s.ep.rosidl_typesupport_introspection_c.c
[8.812s] -- Installing: /home/lhl/nav2_ws/src/install/nav_2d_msgs/local/lib/python3.10/dist-packages/nav_2d_msgs/nav_2d_msgs_s__rosidl_typesupport_c.cpython-310-x86_64-linux-gnu.so
[8.812s] -- Installing: /home/lhl/nav2_ws/src/install/nav_2d_msgs/local/lib/python3.10/dist-packages/nav_2d_msgs/__init__.py
[8.848s] Listing '/home/lhl/nav2_ws/src/install/nav_2d_msgs/local/lib/python3.10/dist-packages/nav_2d_msgs'...
[8.848s] Compiling '/home/lhl/nav2_ws/src/install/nav_2d_msgs/local/lib/python3.10/dist-packages/nav_2d_msgs/__init__.py'...
[8.848s] Listing '/home/lhl/nav2_ws/src/install/nav_2d_msgs/local/lib/python3.10/dist-packages/nav_2d_msgs/msg'...
[8.849s] Compiling '/home/lhl/nav2_ws/src/install/nav_2d_msgs/local/lib/python3.10/dist-packages/nav_2d_msgs/msg/__init__.py'...
[8.849s] Compiling '/home/lhl/nav2_ws/src/install/nav_2d_msgs/local/lib/python3.10/dist-packages/nav_2d_msgs/msg/_path2_d.py'...
[8.849s] Compiling '/home/lhl/nav2_ws/src/install/nav_2d_msgs/local/lib/python3.10/dist-packages/nav_2d_msgs/msg/_pose2_d32.py'...
[8.849s] Compiling '/home/lhl/nav2_ws/src/install/nav_2d_msgs/local/lib/python3.10/dist-packages/nav_2d_msgs/msg/_pose2_d_stamped.py'...
[8.849s] Compiling '/home/lhl/nav2_ws/src/install/nav_2d_msgs/local/lib/python3.10/dist-packages/nav_2d_msgs/msg/_twist2_d.py'...
[8.849s] Compiling '/home/lhl/nav2_ws/src/install/nav_2d_msgs/local/lib/python3.10/dist-packages/nav_2d_msgs/msg/_twist2_d32.py'...
[8.849s] Compiling '/home/lhl/nav2_ws/src/install/nav_2d_msgs/local/lib/python3.10/dist-packages/nav_2d_msgs/msg/_twist2_d_stamped.py'...
[8.854s] -- Installing: /home/lhl/nav2_ws/src/install/nav_2d_msgs/local/lib/python3.10/dist-packages/nav_2d_msgs/nav_2d_msgs_s__rosidl_typesupport_fastrtps_c.cpython-310-x86_64-linux-gnu.so
[8.855s] -- Set runtime path of "/home/lhl/nav2_ws/src/install/nav_2d_msgs/local/lib/python3.10/dist-packages/nav_2d_msgs/nav_2d_msgs_s__rosidl_typesupport_fastrtps_c.cpython-310-x86_64-linux-gnu.so" to ""
[8.855s] -- Installing: /home/lhl/nav2_ws/src/install/nav_2d_msgs/local/lib/python3.10/dist-packages/nav_2d_msgs/nav_2d_msgs_s__rosidl_typesupport_introspection_c.cpython-310-x86_64-linux-gnu.so
[8.855s] -- Set runtime path of "/home/lhl/nav2_ws/src/install/nav_2d_msgs/local/lib/python3.10/dist-packages/nav_2d_msgs/nav_2d_msgs_s__rosidl_typesupport_introspection_c.cpython-310-x86_64-linux-gnu.so" to ""
[8.856s] -- Installing: /home/lhl/nav2_ws/src/install/nav_2d_msgs/local/lib/python3.10/dist-packages/nav_2d_msgs/nav_2d_msgs_s__rosidl_typesupport_c.cpython-310-x86_64-linux-gnu.so
[8.856s] -- Set runtime path of "/home/lhl/nav2_ws/src/install/nav_2d_msgs/local/lib/python3.10/dist-packages/nav_2d_msgs/nav_2d_msgs_s__rosidl_typesupport_c.cpython-310-x86_64-linux-gnu.so" to ""
[8.856s] -- Installing: /home/lhl/nav2_ws/src/install/nav_2d_msgs/lib/libnav_2d_msgs__rosidl_generator_py.so
[8.860s] -- Set runtime path of "/home/lhl/nav2_ws/src/install/nav_2d_msgs/lib/libnav_2d_msgs__rosidl_generator_py.so" to ""
[8.860s] -- Installing: /home/lhl/nav2_ws/src/install/nav_2d_msgs/share/nav_2d_msgs/msg/Path2D.idl
[8.860s] -- Installing: /home/lhl/nav2_ws/src/install/nav_2d_msgs/share/nav_2d_msgs/msg/Pose2D32.idl
[8.861s] -- Installing: /home/lhl/nav2_ws/src/install/nav_2d_msgs/share/nav_2d_msgs/msg/Pose2DStamped.idl
[8.861s] -- Installing: /home/lhl/nav2_ws/src/install/nav_2d_msgs/share/nav_2d_msgs/msg/Twist2D.idl
[8.861s] -- Installing: /home/lhl/nav2_ws/src/install/nav_2d_msgs/share/nav_2d_msgs/msg/Twist2D32.idl
[8.861s] -- Installing: /home/lhl/nav2_ws/src/install/nav_2d_msgs/share/nav_2d_msgs/msg/Twist2DStamped.idl
[8.861s] -- Installing: /home/lhl/nav2_ws/src/install/nav_2d_msgs/share/nav_2d_msgs/msg/Path2D.msg
[8.861s] -- Installing: /home/lhl/nav2_ws/src/install/nav_2d_msgs/share/nav_2d_msgs/msg/Pose2D32.msg
[8.861s] -- Installing: /home/lhl/nav2_ws/src/install/nav_2d_msgs/share/nav_2d_msgs/msg/Pose2DStamped.msg
[8.862s] -- Installing: /home/lhl/nav2_ws/src/install/nav_2d_msgs/share/nav_2d_msgs/msg/Twist2D.msg
[8.862s] -- Installing: /home/lhl/nav2_ws/src/install/nav_2d_msgs/share/nav_2d_msgs/msg/Twist2D32.msg
[8.862s] -- Installing: /home/lhl/nav2_ws/src/install/nav_2d_msgs/share/nav_2d_msgs/msg/Twist2DStamped.msg
[8.862s] -- Installing: /home/lhl/nav2_ws/src/install/nav_2d_msgs/share/ament_index/resource_index/package_run_dependencies/nav_2d_msgs
[8.862s] -- Installing: /home/lhl/nav2_ws/src/install/nav_2d_msgs/share/ament_index/resource_index/parent_prefix_path/nav_2d_msgs
[8.862s] -- Installing: /home/lhl/nav2_ws/src/install/nav_2d_msgs/share/nav_2d_msgs/environment/ament_prefix_path.sh
[8.862s] -- Installing: /home/lhl/nav2_ws/src/install/nav_2d_msgs/share/nav_2d_msgs/environment/ament_prefix_path.dsv
[8.862s] -- Installing: /home/lhl/nav2_ws/src/install/nav_2d_msgs/share/nav_2d_msgs/environment/path.sh
[8.863s] -- Installing: /home/lhl/nav2_ws/src/install/nav_2d_msgs/share/nav_2d_msgs/environment/path.dsv
[8.863s] -- Installing: /home/lhl/nav2_ws/src/install/nav_2d_msgs/share/nav_2d_msgs/local_setup.bash
[8.863s] -- Installing: /home/lhl/nav2_ws/src/install/nav_2d_msgs/share/nav_2d_msgs/local_setup.sh
[8.863s] -- Installing: /home/lhl/nav2_ws/src/install/nav_2d_msgs/share/nav_2d_msgs/local_setup.zsh
[8.863s] -- Installing: /home/lhl/nav2_ws/src/install/nav_2d_msgs/share/nav_2d_msgs/local_setup.dsv
[8.863s] -- Installing: /home/lhl/nav2_ws/src/install/nav_2d_msgs/share/nav_2d_msgs/package.dsv
[8.863s] -- Installing: /home/lhl/nav2_ws/src/install/nav_2d_msgs/share/ament_index/resource_index/packages/nav_2d_msgs
[8.863s] -- Installing: /home/lhl/nav2_ws/src/install/nav_2d_msgs/share/nav_2d_msgs/cmake/export_nav_2d_msgs__rosidl_generator_cExport.cmake
[8.864s] -- Installing: /home/lhl/nav2_ws/src/install/nav_2d_msgs/share/nav_2d_msgs/cmake/export_nav_2d_msgs__rosidl_generator_cExport-noconfig.cmake
[8.864s] -- Installing: /home/lhl/nav2_ws/src/install/nav_2d_msgs/share/nav_2d_msgs/cmake/export_nav_2d_msgs__rosidl_typesupport_fastrtps_cExport.cmake
[8.864s] -- Installing: /home/lhl/nav2_ws/src/install/nav_2d_msgs/share/nav_2d_msgs/cmake/export_nav_2d_msgs__rosidl_typesupport_fastrtps_cExport-noconfig.cmake
[8.864s] -- Installing: /home/lhl/nav2_ws/src/install/nav_2d_msgs/share/nav_2d_msgs/cmake/export_nav_2d_msgs__rosidl_generator_cppExport.cmake
[8.864s] -- Installing: /home/lhl/nav2_ws/src/install/nav_2d_msgs/share/nav_2d_msgs/cmake/export_nav_2d_msgs__rosidl_typesupport_fastrtps_cppExport.cmake
[8.864s] -- Installing: /home/lhl/nav2_ws/src/install/nav_2d_msgs/share/nav_2d_msgs/cmake/export_nav_2d_msgs__rosidl_typesupport_fastrtps_cppExport-noconfig.cmake
[8.864s] -- Installing: /home/lhl/nav2_ws/src/install/nav_2d_msgs/share/nav_2d_msgs/cmake/nav_2d_msgs__rosidl_typesupport_introspection_cExport.cmake
[8.864s] -- Installing: /home/lhl/nav2_ws/src/install/nav_2d_msgs/share/nav_2d_msgs/cmake/nav_2d_msgs__rosidl_typesupport_introspection_cExport-noconfig.cmake
[8.864s] -- Installing: /home/lhl/nav2_ws/src/install/nav_2d_msgs/share/nav_2d_msgs/cmake/nav_2d_msgs__rosidl_typesupport_cExport.cmake
[8.865s] -- Installing: /home/lhl/nav2_ws/src/install/nav_2d_msgs/share/nav_2d_msgs/cmake/nav_2d_msgs__rosidl_typesupport_cExport-noconfig.cmake
[8.865s] -- Installing: /home/lhl/nav2_ws/src/install/nav_2d_msgs/share/nav_2d_msgs/cmake/nav_2d_msgs__rosidl_typesupport_introspection_cppExport.cmake
[8.865s] -- Installing: /home/lhl/nav2_ws/src/install/nav_2d_msgs/share/nav_2d_msgs/cmake/nav_2d_msgs__rosidl_typesupport_introspection_cppExport-noconfig.cmake
[8.865s] -- Installing: /home/lhl/nav2_ws/src/install/nav_2d_msgs/share/nav_2d_msgs/cmake/nav_2d_msgs__rosidl_typesupport_cppExport.cmake
[8.865s] -- Installing: /home/lhl/nav2_ws/src/install/nav_2d_msgs/share/nav_2d_msgs/cmake/nav_2d_msgs__rosidl_typesupport_cppExport-noconfig.cmake
[8.865s] -- Installing: /home/lhl/nav2_ws/src/install/nav_2d_msgs/share/nav_2d_msgs/cmake/export_nav_2d_msgs__rosidl_generator_pyExport.cmake
[8.866s] -- Installing: /home/lhl/nav2_ws/src/install/nav_2d_msgs/share/nav_2d_msgs/cmake/export_nav_2d_msgs__rosidl_generator_pyExport-noconfig.cmake
[8.866s] -- Installing: /home/lhl/nav2_ws/src/install/nav_2d_msgs/share/nav_2d_msgs/cmake/rosidl_cmake-extras.cmake
[8.866s] -- Installing: /home/lhl/nav2_ws/src/install/nav_2d_msgs/share/nav_2d_msgs/cmake/ament_cmake_export_dependencies-extras.cmake
[8.866s] -- Installing: /home/lhl/nav2_ws/src/install/nav_2d_msgs/share/nav_2d_msgs/cmake/ament_cmake_export_include_directories-extras.cmake
[8.866s] -- Installing: /home/lhl/nav2_ws/src/install/nav_2d_msgs/share/nav_2d_msgs/cmake/ament_cmake_export_libraries-extras.cmake
[8.866s] -- Installing: /home/lhl/nav2_ws/src/install/nav_2d_msgs/share/nav_2d_msgs/cmake/ament_cmake_export_targets-extras.cmake
[8.867s] -- Installing: /home/lhl/nav2_ws/src/install/nav_2d_msgs/share/nav_2d_msgs/cmake/rosidl_cmake_export_typesupport_targets-extras.cmake
[8.867s] -- Installing: /home/lhl/nav2_ws/src/install/nav_2d_msgs/share/nav_2d_msgs/cmake/rosidl_cmake_export_typesupport_libraries-extras.cmake
[8.867s] -- Installing: /home/lhl/nav2_ws/src/install/nav_2d_msgs/share/nav_2d_msgs/cmake/nav_2d_msgsConfig.cmake
[8.867s] -- Installing: /home/lhl/nav2_ws/src/install/nav_2d_msgs/share/nav_2d_msgs/cmake/nav_2d_msgsConfig-version.cmake
[8.867s] -- Installing: /home/lhl/nav2_ws/src/install/nav_2d_msgs/share/nav_2d_msgs/package.xml
[8.873s] Invoked command in '/home/lhl/nav2_ws/src/build/nav_2d_msgs' returned '0': CMAKE_PREFIX_PATH=/opt/ros/humble /usr/bin/cmake --install /home/lhl/nav2_ws/src/build/nav_2d_msgs
