-- Found ament_cmake_core: 1.3.4 (/opt/ros/humble/share/ament_cmake_core/cmake)
-- Found Python3: /usr/bin/python3.10 (found version "3.10.6") found components: Interpreter 
-- Found ament_cmake_python: 1.3.4 (/opt/ros/humble/share/ament_cmake_python/cmake)
-- Configuring done
-- Generating done
-- Build files have been written to: /home/lhl/nav2_ws/build/nav2_common
Built target ament_cmake_python_copy_nav2_common
running egg_info
creating nav2_common.egg-info
writing nav2_common.egg-info/PKG-INFO
writing dependency_links to nav2_common.egg-info/dependency_links.txt
writing top-level names to nav2_common.egg-info/top_level.txt
writing manifest file 'nav2_common.egg-info/SOURCES.txt'
reading manifest file 'nav2_common.egg-info/SOURCES.txt'
writing manifest file 'nav2_common.egg-info/SOURCES.txt'
Built target ament_cmake_python_build_nav2_common_egg
-- Install configuration: ""
-- Up-to-date: /home/lhl/nav2_ws/install/nav2_common/local/lib/python3.10/dist-packages/nav2_common-1.1.6-py3.10.egg-info
-- Up-to-date: /home/lhl/nav2_ws/install/nav2_common/local/lib/python3.10/dist-packages/nav2_common
-- Up-to-date: /home/lhl/nav2_ws/install/nav2_common/local/lib/python3.10/dist-packages/nav2_common/launch
Listing '/home/lhl/nav2_ws/install/nav2_common/local/lib/python3.10/dist-packages/nav2_common'...
Listing '/home/lhl/nav2_ws/install/nav2_common/local/lib/python3.10/dist-packages/nav2_common/launch'...
-- Installing: /home/lhl/nav2_ws/install/nav2_common/share/nav2_common/package.dsv
-- Up-to-date: /home/lhl/nav2_ws/install/nav2_common/share/nav2_common/cmake
