-- Found ament_cmake: 1.3.4 (/opt/ros/humble/share/ament_cmake/cmake)
-- Override CMake install command with custom implementation using symlinks instead of copying resources
-- Found nav2_common: 1.1.6 (/home/lhl/nav2_ws/install/nav2_common/share/nav2_common/cmake)
-- Found angles: 1.15.0 (/opt/ros/humble/share/angles/cmake)
-- Found nav2_costmap_2d: 1.1.6 (/home/lhl/nav2_ws/install/nav2_costmap_2d/share/nav2_costmap_2d/cmake)
-- Found rosidl_generator_c: 3.1.4 (/opt/ros/humble/share/rosidl_generator_c/cmake)
-- Found rosidl_adapter: 3.1.4 (/opt/ros/humble/share/rosidl_adapter/cmake)
-- Found rosidl_generator_cpp: 3.1.4 (/opt/ros/humble/share/rosidl_generator_cpp/cmake)
-- Using all available rosidl_typesupport_c: rosidl_typesupport_fastrtps_c;rosidl_typesupport_introspection_c
-- Using all available rosidl_typesupport_cpp: rosidl_typesupport_fastrtps_cpp;rosidl_typesupport_introspection_cpp
-- Found rmw_implementation_cmake: 6.1.1 (/opt/ros/humble/share/rmw_implementation_cmake/cmake)
-- Found rmw_fastrtps_cpp: 6.2.2 (/opt/ros/humble/share/rmw_fastrtps_cpp/cmake)
-- Using RMW implementation 'rmw_fastrtps_cpp' as default
-- Ensuring Eigen3 include directory is part of orocos-kdl CMake target
-- Found costmap_queue: 1.1.6 (/home/lhl/nav2_ws/install/costmap_queue/share/costmap_queue/cmake)
-- Found dwb_core: 1.1.6 (/home/lhl/nav2_ws/install/dwb_core/share/dwb_core/cmake)
-- Found ament_lint_auto: 0.12.6 (/opt/ros/humble/share/ament_lint_auto/cmake)
-- Found gtest sources under '/opt/ros/humble/src/gtest_vendor': C++ tests using 'Google Test' will be built
-- Added test 'cppcheck' to perform static code analysis on C / C++ code
-- Configured cppcheck include dirs: /home/lhl/nav2_ws/src/navigation2/nav2_dwb_controller/dwb_critics/include
-- Configured cppcheck exclude dirs and/or files: 
-- Added test 'cpplint' to check C / C++ code against the Google style
-- Configured cpplint exclude dirs and/or files: 
-- Added test 'lint_cmake' to check CMake code style
-- Added test 'uncrustify' to check C / C++ code style
-- Configured uncrustify additional arguments: 
-- Added test 'xmllint' to check XML markup files
-- Configuring done
-- Generating done
-- Build files have been written to: /home/lhl/nav2_ws/build/dwb_critics
[35m[1mConsolidate compiler generated dependencies of target gtest_main[0m
[35m[1mConsolidate compiler generated dependencies of target gtest[0m
[  7%] Built target gtest_main
[ 14%] Built target gtest
[35m[1mConsolidate compiler generated dependencies of target dwb_critics[0m
[ 62%] Built target dwb_critics
[35m[1mConsolidate compiler generated dependencies of target base_obstacle_tests[0m
[35m[1mConsolidate compiler generated dependencies of target twirling_tests[0m
[ 70%] Built target twirling_tests
[ 77%] Built target base_obstacle_tests
[35m[1mConsolidate compiler generated dependencies of target obstacle_footprint_tests[0m
[35m[1mConsolidate compiler generated dependencies of target alignment_util_tests[0m
[35m[1mConsolidate compiler generated dependencies of target prefer_forward_tests[0m
[ 85%] Built target alignment_util_tests
[ 92%] Built target prefer_forward_tests
[100%] Built target obstacle_footprint_tests
-- Install configuration: "Release"
-- Execute custom install script
-- Up-to-date symlink: /home/lhl/nav2_ws/install/dwb_critics/lib/libdwb_critics.so
-- Up-to-date symlink: /home/lhl/nav2_ws/install/dwb_critics/include//dwb_critics/alignment_util.hpp
-- Up-to-date symlink: /home/lhl/nav2_ws/install/dwb_critics/include//dwb_critics/base_obstacle.hpp
-- Up-to-date symlink: /home/lhl/nav2_ws/install/dwb_critics/include//dwb_critics/goal_align.hpp
-- Up-to-date symlink: /home/lhl/nav2_ws/install/dwb_critics/include//dwb_critics/goal_dist.hpp
-- Up-to-date symlink: /home/lhl/nav2_ws/install/dwb_critics/include//dwb_critics/line_iterator.hpp
-- Up-to-date symlink: /home/lhl/nav2_ws/install/dwb_critics/include//dwb_critics/map_grid.hpp
-- Up-to-date symlink: /home/lhl/nav2_ws/install/dwb_critics/include//dwb_critics/obstacle_footprint.hpp
-- Up-to-date symlink: /home/lhl/nav2_ws/install/dwb_critics/include//dwb_critics/oscillation.hpp
-- Up-to-date symlink: /home/lhl/nav2_ws/install/dwb_critics/include//dwb_critics/path_align.hpp
-- Up-to-date symlink: /home/lhl/nav2_ws/install/dwb_critics/include//dwb_critics/path_dist.hpp
-- Up-to-date symlink: /home/lhl/nav2_ws/install/dwb_critics/include//dwb_critics/prefer_forward.hpp
-- Up-to-date symlink: /home/lhl/nav2_ws/install/dwb_critics/include//dwb_critics/rotate_to_goal.hpp
-- Up-to-date symlink: /home/lhl/nav2_ws/install/dwb_critics/include//dwb_critics/twirling.hpp
-- Up-to-date symlink: /home/lhl/nav2_ws/install/dwb_critics/share/dwb_critics/default_critics.xml
-- Up-to-date symlink: /home/lhl/nav2_ws/install/dwb_critics/share/dwb_critics/environment/library_path.sh
-- Up-to-date symlink: /home/lhl/nav2_ws/install/dwb_critics/share/dwb_critics/environment/library_path.dsv
-- Up-to-date symlink: /home/lhl/nav2_ws/install/dwb_critics/share/dwb_critics//default_critics.xml
-- Up-to-date symlink: /home/lhl/nav2_ws/install/dwb_critics/share/ament_index/resource_index/package_run_dependencies/dwb_critics
-- Up-to-date symlink: /home/lhl/nav2_ws/install/dwb_critics/share/ament_index/resource_index/parent_prefix_path/dwb_critics
-- Up-to-date symlink: /home/lhl/nav2_ws/install/dwb_critics/share/dwb_critics/environment/ament_prefix_path.sh
-- Up-to-date symlink: /home/lhl/nav2_ws/install/dwb_critics/share/dwb_critics/environment/ament_prefix_path.dsv
-- Up-to-date symlink: /home/lhl/nav2_ws/install/dwb_critics/share/dwb_critics/environment/path.sh
-- Up-to-date symlink: /home/lhl/nav2_ws/install/dwb_critics/share/dwb_critics/environment/path.dsv
-- Up-to-date symlink: /home/lhl/nav2_ws/install/dwb_critics/share/dwb_critics/local_setup.bash
-- Up-to-date symlink: /home/lhl/nav2_ws/install/dwb_critics/share/dwb_critics/local_setup.sh
-- Up-to-date symlink: /home/lhl/nav2_ws/install/dwb_critics/share/dwb_critics/local_setup.zsh
-- Up-to-date symlink: /home/lhl/nav2_ws/install/dwb_critics/share/dwb_critics/local_setup.dsv
-- Symlinking: /home/lhl/nav2_ws/install/dwb_critics/share/dwb_critics/package.dsv
-- Up-to-date symlink: /home/lhl/nav2_ws/install/dwb_critics/share/ament_index/resource_index/packages/dwb_critics
-- Up-to-date symlink: /home/lhl/nav2_ws/install/dwb_critics/share/ament_index/resource_index/dwb_core__pluginlib__plugin/dwb_critics
-- Up-to-date symlink: /home/lhl/nav2_ws/install/dwb_critics/share/dwb_critics/cmake/ament_cmake_export_include_directories-extras.cmake
-- Up-to-date symlink: /home/lhl/nav2_ws/install/dwb_critics/share/dwb_critics/cmake/ament_cmake_export_libraries-extras.cmake
-- Up-to-date symlink: /home/lhl/nav2_ws/install/dwb_critics/share/dwb_critics/cmake/ament_cmake_export_dependencies-extras.cmake
-- Up-to-date symlink: /home/lhl/nav2_ws/install/dwb_critics/share/dwb_critics/cmake/dwb_criticsConfig.cmake
-- Up-to-date symlink: /home/lhl/nav2_ws/install/dwb_critics/share/dwb_critics/cmake/dwb_criticsConfig-version.cmake
-- Up-to-date symlink: /home/lhl/nav2_ws/install/dwb_critics/share/dwb_critics/package.xml
