[0.066s] Invoking command in '/home/lhl/nav2_ws/build/dwb_critics': AMENT_PREFIX_PATH=/home/lhl/nav2_ws/install/dwb_core:/home/lhl/nav2_ws/install/nav2_core:/home/lhl/nav2_ws/install/costmap_queue:/home/lhl/nav2_ws/install/nav2_costmap_2d:/home/lhl/nav2_ws/install/nav_2d_utils:/home/lhl/nav2_ws/install/nav2_util:/home/lhl/nav2_ws/install/nav2_voxel_grid:/home/lhl/nav2_ws/install/nav2_msgs:/home/lhl/nav2_ws/install/dwb_msgs:/home/lhl/nav2_ws/install/nav_2d_msgs:/home/lhl/nav2_ws/install/nav2_common:${AMENT_PREFIX_PATH} CMAKE_PREFIX_PATH=/home/lhl/nav2_ws/install/dwb_core:/home/lhl/nav2_ws/install/nav2_core:/home/lhl/nav2_ws/install/costmap_queue:/home/lhl/nav2_ws/install/nav2_costmap_2d:/home/lhl/nav2_ws/install/nav_2d_utils:/home/lhl/nav2_ws/install/nav2_util:/home/lhl/nav2_ws/install/nav2_voxel_grid:/home/lhl/nav2_ws/install/nav2_msgs:/home/lhl/nav2_ws/install/dwb_msgs:/home/lhl/nav2_ws/install/nav_2d_msgs:/home/lhl/nav2_ws/install/nav2_common:/opt/ros/humble LD_LIBRARY_PATH=/home/lhl/nav2_ws/install/dwb_core/lib:/home/lhl/nav2_ws/install/costmap_queue/lib:/home/lhl/nav2_ws/install/nav2_costmap_2d/lib:/home/lhl/nav2_ws/install/nav_2d_utils/lib:/home/lhl/nav2_ws/install/nav2_util/lib:/home/lhl/nav2_ws/install/nav2_voxel_grid/lib:/home/lhl/nav2_ws/install/nav2_msgs/lib:/home/lhl/nav2_ws/install/dwb_msgs/lib:/home/lhl/nav2_ws/install/nav_2d_msgs/lib:${LD_LIBRARY_PATH} PYTHONPATH=/home/lhl/nav2_ws/install/nav2_msgs/local/lib/python3.10/dist-packages:/home/lhl/nav2_ws/install/dwb_msgs/local/lib/python3.10/dist-packages:/home/lhl/nav2_ws/install/nav_2d_msgs/local/lib/python3.10/dist-packages:/home/lhl/nav2_ws/install/nav2_common/local/lib/python3.10/dist-packages:${PYTHONPATH} /usr/bin/cmake /home/lhl/nav2_ws/src/navigation2/nav2_dwb_controller/dwb_critics -DCMAKE_INSTALL_PREFIX=/home/lhl/nav2_ws/install/dwb_critics
[3.521s] -- Found ament_cmake: 1.3.4 (/opt/ros/humble/share/ament_cmake/cmake)
[3.521s] -- Override CMake install command with custom implementation using symlinks instead of copying resources
[3.521s] -- Found nav2_common: 1.1.6 (/home/lhl/nav2_ws/install/nav2_common/share/nav2_common/cmake)
[3.523s] -- Found angles: 1.15.0 (/opt/ros/humble/share/angles/cmake)
[3.523s] -- Found nav2_costmap_2d: 1.1.6 (/home/lhl/nav2_ws/install/nav2_costmap_2d/share/nav2_costmap_2d/cmake)
[3.523s] -- Found rosidl_generator_c: 3.1.4 (/opt/ros/humble/share/rosidl_generator_c/cmake)
[3.523s] -- Found rosidl_adapter: 3.1.4 (/opt/ros/humble/share/rosidl_adapter/cmake)
[3.523s] -- Found rosidl_generator_cpp: 3.1.4 (/opt/ros/humble/share/rosidl_generator_cpp/cmake)
[3.523s] -- Using all available rosidl_typesupport_c: rosidl_typesupport_fastrtps_c;rosidl_typesupport_introspection_c
[3.523s] -- Using all available rosidl_typesupport_cpp: rosidl_typesupport_fastrtps_cpp;rosidl_typesupport_introspection_cpp
[3.524s] -- Found rmw_implementation_cmake: 6.1.1 (/opt/ros/humble/share/rmw_implementation_cmake/cmake)
[3.524s] -- Found rmw_fastrtps_cpp: 6.2.2 (/opt/ros/humble/share/rmw_fastrtps_cpp/cmake)
[3.524s] -- Using RMW implementation 'rmw_fastrtps_cpp' as default
[3.524s] -- Ensuring Eigen3 include directory is part of orocos-kdl CMake target
[3.934s] -- Found costmap_queue: 1.1.6 (/home/lhl/nav2_ws/install/costmap_queue/share/costmap_queue/cmake)
[3.935s] -- Found dwb_core: 1.1.6 (/home/lhl/nav2_ws/install/dwb_core/share/dwb_core/cmake)
[23.815s] -- Found ament_lint_auto: 0.12.6 (/opt/ros/humble/share/ament_lint_auto/cmake)
[23.934s] -- Found gtest sources under '/opt/ros/humble/src/gtest_vendor': C++ tests using 'Google Test' will be built
[23.970s] -- Added test 'cppcheck' to perform static code analysis on C / C++ code
[23.972s] -- Configured cppcheck include dirs: /home/lhl/nav2_ws/src/navigation2/nav2_dwb_controller/dwb_critics/include
[23.973s] -- Configured cppcheck exclude dirs and/or files: 
[23.976s] -- Added test 'cpplint' to check C / C++ code against the Google style
[23.977s] -- Configured cpplint exclude dirs and/or files: 
[23.979s] -- Added test 'lint_cmake' to check CMake code style
[23.983s] -- Added test 'uncrustify' to check C / C++ code style
[23.984s] -- Configured uncrustify additional arguments: 
[23.985s] -- Added test 'xmllint' to check XML markup files
[23.999s] -- Configuring done
[24.684s] -- Generating done
[24.690s] -- Build files have been written to: /home/lhl/nav2_ws/build/dwb_critics
[24.711s] Invoked command in '/home/lhl/nav2_ws/build/dwb_critics' returned '0': AMENT_PREFIX_PATH=/home/lhl/nav2_ws/install/dwb_core:/home/lhl/nav2_ws/install/nav2_core:/home/lhl/nav2_ws/install/costmap_queue:/home/lhl/nav2_ws/install/nav2_costmap_2d:/home/lhl/nav2_ws/install/nav_2d_utils:/home/lhl/nav2_ws/install/nav2_util:/home/lhl/nav2_ws/install/nav2_voxel_grid:/home/lhl/nav2_ws/install/nav2_msgs:/home/lhl/nav2_ws/install/dwb_msgs:/home/lhl/nav2_ws/install/nav_2d_msgs:/home/lhl/nav2_ws/install/nav2_common:${AMENT_PREFIX_PATH} CMAKE_PREFIX_PATH=/home/lhl/nav2_ws/install/dwb_core:/home/lhl/nav2_ws/install/nav2_core:/home/lhl/nav2_ws/install/costmap_queue:/home/lhl/nav2_ws/install/nav2_costmap_2d:/home/lhl/nav2_ws/install/nav_2d_utils:/home/lhl/nav2_ws/install/nav2_util:/home/lhl/nav2_ws/install/nav2_voxel_grid:/home/lhl/nav2_ws/install/nav2_msgs:/home/lhl/nav2_ws/install/dwb_msgs:/home/lhl/nav2_ws/install/nav_2d_msgs:/home/lhl/nav2_ws/install/nav2_common:/opt/ros/humble LD_LIBRARY_PATH=/home/lhl/nav2_ws/install/dwb_core/lib:/home/lhl/nav2_ws/install/costmap_queue/lib:/home/lhl/nav2_ws/install/nav2_costmap_2d/lib:/home/lhl/nav2_ws/install/nav_2d_utils/lib:/home/lhl/nav2_ws/install/nav2_util/lib:/home/lhl/nav2_ws/install/nav2_voxel_grid/lib:/home/lhl/nav2_ws/install/nav2_msgs/lib:/home/lhl/nav2_ws/install/dwb_msgs/lib:/home/lhl/nav2_ws/install/nav_2d_msgs/lib:${LD_LIBRARY_PATH} PYTHONPATH=/home/lhl/nav2_ws/install/nav2_msgs/local/lib/python3.10/dist-packages:/home/lhl/nav2_ws/install/dwb_msgs/local/lib/python3.10/dist-packages:/home/lhl/nav2_ws/install/nav_2d_msgs/local/lib/python3.10/dist-packages:/home/lhl/nav2_ws/install/nav2_common/local/lib/python3.10/dist-packages:${PYTHONPATH} /usr/bin/cmake /home/lhl/nav2_ws/src/navigation2/nav2_dwb_controller/dwb_critics -DCMAKE_INSTALL_PREFIX=/home/lhl/nav2_ws/install/dwb_critics
[24.712s] Invoking command in '/home/lhl/nav2_ws/build/dwb_critics': AMENT_PREFIX_PATH=/home/lhl/nav2_ws/install/dwb_core:/home/lhl/nav2_ws/install/nav2_core:/home/lhl/nav2_ws/install/costmap_queue:/home/lhl/nav2_ws/install/nav2_costmap_2d:/home/lhl/nav2_ws/install/nav_2d_utils:/home/lhl/nav2_ws/install/nav2_util:/home/lhl/nav2_ws/install/nav2_voxel_grid:/home/lhl/nav2_ws/install/nav2_msgs:/home/lhl/nav2_ws/install/dwb_msgs:/home/lhl/nav2_ws/install/nav_2d_msgs:/home/lhl/nav2_ws/install/nav2_common:${AMENT_PREFIX_PATH} CMAKE_PREFIX_PATH=/home/lhl/nav2_ws/install/dwb_core:/home/lhl/nav2_ws/install/nav2_core:/home/lhl/nav2_ws/install/costmap_queue:/home/lhl/nav2_ws/install/nav2_costmap_2d:/home/lhl/nav2_ws/install/nav_2d_utils:/home/lhl/nav2_ws/install/nav2_util:/home/lhl/nav2_ws/install/nav2_voxel_grid:/home/lhl/nav2_ws/install/nav2_msgs:/home/lhl/nav2_ws/install/dwb_msgs:/home/lhl/nav2_ws/install/nav_2d_msgs:/home/lhl/nav2_ws/install/nav2_common:/opt/ros/humble LD_LIBRARY_PATH=/home/lhl/nav2_ws/install/dwb_core/lib:/home/lhl/nav2_ws/install/costmap_queue/lib:/home/lhl/nav2_ws/install/nav2_costmap_2d/lib:/home/lhl/nav2_ws/install/nav_2d_utils/lib:/home/lhl/nav2_ws/install/nav2_util/lib:/home/lhl/nav2_ws/install/nav2_voxel_grid/lib:/home/lhl/nav2_ws/install/nav2_msgs/lib:/home/lhl/nav2_ws/install/dwb_msgs/lib:/home/lhl/nav2_ws/install/nav_2d_msgs/lib:${LD_LIBRARY_PATH} PYTHONPATH=/home/lhl/nav2_ws/install/nav2_msgs/local/lib/python3.10/dist-packages:/home/lhl/nav2_ws/install/dwb_msgs/local/lib/python3.10/dist-packages:/home/lhl/nav2_ws/install/nav_2d_msgs/local/lib/python3.10/dist-packages:/home/lhl/nav2_ws/install/nav2_common/local/lib/python3.10/dist-packages:${PYTHONPATH} /usr/bin/cmake --build /home/lhl/nav2_ws/build/dwb_critics -- -j8 -l8
[29.008s] [35m[1mConsolidate compiler generated dependencies of target gtest_main[0m
[29.008s] [35m[1mConsolidate compiler generated dependencies of target gtest[0m
[29.008s] [  7%] Built target gtest_main
[29.008s] [ 14%] Built target gtest
[29.009s] [35m[1mConsolidate compiler generated dependencies of target dwb_critics[0m
[29.016s] [ 62%] Built target dwb_critics
[29.016s] [35m[1mConsolidate compiler generated dependencies of target base_obstacle_tests[0m
[29.016s] [35m[1mConsolidate compiler generated dependencies of target twirling_tests[0m
[29.016s] [ 70%] Built target twirling_tests
[29.016s] [ 77%] Built target base_obstacle_tests
[29.016s] [35m[1mConsolidate compiler generated dependencies of target obstacle_footprint_tests[0m
[29.016s] [35m[1mConsolidate compiler generated dependencies of target alignment_util_tests[0m
[29.016s] [35m[1mConsolidate compiler generated dependencies of target prefer_forward_tests[0m
[29.016s] [ 85%] Built target alignment_util_tests
[29.017s] [ 92%] Built target prefer_forward_tests
[29.017s] [100%] Built target obstacle_footprint_tests
[29.028s] Invoked command in '/home/lhl/nav2_ws/build/dwb_critics' returned '0': AMENT_PREFIX_PATH=/home/lhl/nav2_ws/install/dwb_core:/home/lhl/nav2_ws/install/nav2_core:/home/lhl/nav2_ws/install/costmap_queue:/home/lhl/nav2_ws/install/nav2_costmap_2d:/home/lhl/nav2_ws/install/nav_2d_utils:/home/lhl/nav2_ws/install/nav2_util:/home/lhl/nav2_ws/install/nav2_voxel_grid:/home/lhl/nav2_ws/install/nav2_msgs:/home/lhl/nav2_ws/install/dwb_msgs:/home/lhl/nav2_ws/install/nav_2d_msgs:/home/lhl/nav2_ws/install/nav2_common:${AMENT_PREFIX_PATH} CMAKE_PREFIX_PATH=/home/lhl/nav2_ws/install/dwb_core:/home/lhl/nav2_ws/install/nav2_core:/home/lhl/nav2_ws/install/costmap_queue:/home/lhl/nav2_ws/install/nav2_costmap_2d:/home/lhl/nav2_ws/install/nav_2d_utils:/home/lhl/nav2_ws/install/nav2_util:/home/lhl/nav2_ws/install/nav2_voxel_grid:/home/lhl/nav2_ws/install/nav2_msgs:/home/lhl/nav2_ws/install/dwb_msgs:/home/lhl/nav2_ws/install/nav_2d_msgs:/home/lhl/nav2_ws/install/nav2_common:/opt/ros/humble LD_LIBRARY_PATH=/home/lhl/nav2_ws/install/dwb_core/lib:/home/lhl/nav2_ws/install/costmap_queue/lib:/home/lhl/nav2_ws/install/nav2_costmap_2d/lib:/home/lhl/nav2_ws/install/nav_2d_utils/lib:/home/lhl/nav2_ws/install/nav2_util/lib:/home/lhl/nav2_ws/install/nav2_voxel_grid/lib:/home/lhl/nav2_ws/install/nav2_msgs/lib:/home/lhl/nav2_ws/install/dwb_msgs/lib:/home/lhl/nav2_ws/install/nav_2d_msgs/lib:${LD_LIBRARY_PATH} PYTHONPATH=/home/lhl/nav2_ws/install/nav2_msgs/local/lib/python3.10/dist-packages:/home/lhl/nav2_ws/install/dwb_msgs/local/lib/python3.10/dist-packages:/home/lhl/nav2_ws/install/nav_2d_msgs/local/lib/python3.10/dist-packages:/home/lhl/nav2_ws/install/nav2_common/local/lib/python3.10/dist-packages:${PYTHONPATH} /usr/bin/cmake --build /home/lhl/nav2_ws/build/dwb_critics -- -j8 -l8
[29.183s] Invoking command in '/home/lhl/nav2_ws/build/dwb_critics': AMENT_PREFIX_PATH=/home/lhl/nav2_ws/install/dwb_core:/home/lhl/nav2_ws/install/nav2_core:/home/lhl/nav2_ws/install/costmap_queue:/home/lhl/nav2_ws/install/nav2_costmap_2d:/home/lhl/nav2_ws/install/nav_2d_utils:/home/lhl/nav2_ws/install/nav2_util:/home/lhl/nav2_ws/install/nav2_voxel_grid:/home/lhl/nav2_ws/install/nav2_msgs:/home/lhl/nav2_ws/install/dwb_msgs:/home/lhl/nav2_ws/install/nav_2d_msgs:/home/lhl/nav2_ws/install/nav2_common:${AMENT_PREFIX_PATH} CMAKE_PREFIX_PATH=/home/lhl/nav2_ws/install/dwb_core:/home/lhl/nav2_ws/install/nav2_core:/home/lhl/nav2_ws/install/costmap_queue:/home/lhl/nav2_ws/install/nav2_costmap_2d:/home/lhl/nav2_ws/install/nav_2d_utils:/home/lhl/nav2_ws/install/nav2_util:/home/lhl/nav2_ws/install/nav2_voxel_grid:/home/lhl/nav2_ws/install/nav2_msgs:/home/lhl/nav2_ws/install/dwb_msgs:/home/lhl/nav2_ws/install/nav_2d_msgs:/home/lhl/nav2_ws/install/nav2_common:/opt/ros/humble LD_LIBRARY_PATH=/home/lhl/nav2_ws/install/dwb_core/lib:/home/lhl/nav2_ws/install/costmap_queue/lib:/home/lhl/nav2_ws/install/nav2_costmap_2d/lib:/home/lhl/nav2_ws/install/nav_2d_utils/lib:/home/lhl/nav2_ws/install/nav2_util/lib:/home/lhl/nav2_ws/install/nav2_voxel_grid/lib:/home/lhl/nav2_ws/install/nav2_msgs/lib:/home/lhl/nav2_ws/install/dwb_msgs/lib:/home/lhl/nav2_ws/install/nav_2d_msgs/lib:${LD_LIBRARY_PATH} PYTHONPATH=/home/lhl/nav2_ws/install/nav2_msgs/local/lib/python3.10/dist-packages:/home/lhl/nav2_ws/install/dwb_msgs/local/lib/python3.10/dist-packages:/home/lhl/nav2_ws/install/nav_2d_msgs/local/lib/python3.10/dist-packages:/home/lhl/nav2_ws/install/nav2_common/local/lib/python3.10/dist-packages:${PYTHONPATH} /usr/bin/cmake --install /home/lhl/nav2_ws/build/dwb_critics
[29.580s] -- Install configuration: "Release"
[29.580s] -- Execute custom install script
[29.580s] -- Up-to-date symlink: /home/lhl/nav2_ws/install/dwb_critics/lib/libdwb_critics.so
[29.580s] -- Up-to-date symlink: /home/lhl/nav2_ws/install/dwb_critics/include//dwb_critics/alignment_util.hpp
[29.580s] -- Up-to-date symlink: /home/lhl/nav2_ws/install/dwb_critics/include//dwb_critics/base_obstacle.hpp
[29.580s] -- Up-to-date symlink: /home/lhl/nav2_ws/install/dwb_critics/include//dwb_critics/goal_align.hpp
[29.580s] -- Up-to-date symlink: /home/lhl/nav2_ws/install/dwb_critics/include//dwb_critics/goal_dist.hpp
[29.581s] -- Up-to-date symlink: /home/lhl/nav2_ws/install/dwb_critics/include//dwb_critics/line_iterator.hpp
[29.581s] -- Up-to-date symlink: /home/lhl/nav2_ws/install/dwb_critics/include//dwb_critics/map_grid.hpp
[29.581s] -- Up-to-date symlink: /home/lhl/nav2_ws/install/dwb_critics/include//dwb_critics/obstacle_footprint.hpp
[29.581s] -- Up-to-date symlink: /home/lhl/nav2_ws/install/dwb_critics/include//dwb_critics/oscillation.hpp
[29.581s] -- Up-to-date symlink: /home/lhl/nav2_ws/install/dwb_critics/include//dwb_critics/path_align.hpp
[29.581s] -- Up-to-date symlink: /home/lhl/nav2_ws/install/dwb_critics/include//dwb_critics/path_dist.hpp
[29.581s] -- Up-to-date symlink: /home/lhl/nav2_ws/install/dwb_critics/include//dwb_critics/prefer_forward.hpp
[29.581s] -- Up-to-date symlink: /home/lhl/nav2_ws/install/dwb_critics/include//dwb_critics/rotate_to_goal.hpp
[29.581s] -- Up-to-date symlink: /home/lhl/nav2_ws/install/dwb_critics/include//dwb_critics/twirling.hpp
[29.581s] -- Up-to-date symlink: /home/lhl/nav2_ws/install/dwb_critics/share/dwb_critics/default_critics.xml
[29.582s] -- Up-to-date symlink: /home/lhl/nav2_ws/install/dwb_critics/share/dwb_critics/environment/library_path.sh
[29.582s] -- Up-to-date symlink: /home/lhl/nav2_ws/install/dwb_critics/share/dwb_critics/environment/library_path.dsv
[29.582s] -- Up-to-date symlink: /home/lhl/nav2_ws/install/dwb_critics/share/dwb_critics//default_critics.xml
[29.582s] -- Up-to-date symlink: /home/lhl/nav2_ws/install/dwb_critics/share/ament_index/resource_index/package_run_dependencies/dwb_critics
[29.582s] -- Up-to-date symlink: /home/lhl/nav2_ws/install/dwb_critics/share/ament_index/resource_index/parent_prefix_path/dwb_critics
[29.582s] -- Up-to-date symlink: /home/lhl/nav2_ws/install/dwb_critics/share/dwb_critics/environment/ament_prefix_path.sh
[29.582s] -- Up-to-date symlink: /home/lhl/nav2_ws/install/dwb_critics/share/dwb_critics/environment/ament_prefix_path.dsv
[29.582s] -- Up-to-date symlink: /home/lhl/nav2_ws/install/dwb_critics/share/dwb_critics/environment/path.sh
[29.582s] -- Up-to-date symlink: /home/lhl/nav2_ws/install/dwb_critics/share/dwb_critics/environment/path.dsv
[29.582s] -- Up-to-date symlink: /home/lhl/nav2_ws/install/dwb_critics/share/dwb_critics/local_setup.bash
[29.583s] -- Up-to-date symlink: /home/lhl/nav2_ws/install/dwb_critics/share/dwb_critics/local_setup.sh
[29.583s] -- Up-to-date symlink: /home/lhl/nav2_ws/install/dwb_critics/share/dwb_critics/local_setup.zsh
[29.583s] -- Up-to-date symlink: /home/lhl/nav2_ws/install/dwb_critics/share/dwb_critics/local_setup.dsv
[29.583s] -- Symlinking: /home/lhl/nav2_ws/install/dwb_critics/share/dwb_critics/package.dsv
[29.583s] -- Up-to-date symlink: /home/lhl/nav2_ws/install/dwb_critics/share/ament_index/resource_index/packages/dwb_critics
[29.583s] -- Up-to-date symlink: /home/lhl/nav2_ws/install/dwb_critics/share/ament_index/resource_index/dwb_core__pluginlib__plugin/dwb_critics
[29.583s] -- Up-to-date symlink: /home/lhl/nav2_ws/install/dwb_critics/share/dwb_critics/cmake/ament_cmake_export_include_directories-extras.cmake
[29.583s] -- Up-to-date symlink: /home/lhl/nav2_ws/install/dwb_critics/share/dwb_critics/cmake/ament_cmake_export_libraries-extras.cmake
[29.583s] -- Up-to-date symlink: /home/lhl/nav2_ws/install/dwb_critics/share/dwb_critics/cmake/ament_cmake_export_dependencies-extras.cmake
[29.584s] -- Up-to-date symlink: /home/lhl/nav2_ws/install/dwb_critics/share/dwb_critics/cmake/dwb_criticsConfig.cmake
[29.584s] -- Up-to-date symlink: /home/lhl/nav2_ws/install/dwb_critics/share/dwb_critics/cmake/dwb_criticsConfig-version.cmake
[29.584s] -- Up-to-date symlink: /home/lhl/nav2_ws/install/dwb_critics/share/dwb_critics/package.xml
[29.624s] Invoked command in '/home/lhl/nav2_ws/build/dwb_critics' returned '0': AMENT_PREFIX_PATH=/home/lhl/nav2_ws/install/dwb_core:/home/lhl/nav2_ws/install/nav2_core:/home/lhl/nav2_ws/install/costmap_queue:/home/lhl/nav2_ws/install/nav2_costmap_2d:/home/lhl/nav2_ws/install/nav_2d_utils:/home/lhl/nav2_ws/install/nav2_util:/home/lhl/nav2_ws/install/nav2_voxel_grid:/home/lhl/nav2_ws/install/nav2_msgs:/home/lhl/nav2_ws/install/dwb_msgs:/home/lhl/nav2_ws/install/nav_2d_msgs:/home/lhl/nav2_ws/install/nav2_common:${AMENT_PREFIX_PATH} CMAKE_PREFIX_PATH=/home/lhl/nav2_ws/install/dwb_core:/home/lhl/nav2_ws/install/nav2_core:/home/lhl/nav2_ws/install/costmap_queue:/home/lhl/nav2_ws/install/nav2_costmap_2d:/home/lhl/nav2_ws/install/nav_2d_utils:/home/lhl/nav2_ws/install/nav2_util:/home/lhl/nav2_ws/install/nav2_voxel_grid:/home/lhl/nav2_ws/install/nav2_msgs:/home/lhl/nav2_ws/install/dwb_msgs:/home/lhl/nav2_ws/install/nav_2d_msgs:/home/lhl/nav2_ws/install/nav2_common:/opt/ros/humble LD_LIBRARY_PATH=/home/lhl/nav2_ws/install/dwb_core/lib:/home/lhl/nav2_ws/install/costmap_queue/lib:/home/lhl/nav2_ws/install/nav2_costmap_2d/lib:/home/lhl/nav2_ws/install/nav_2d_utils/lib:/home/lhl/nav2_ws/install/nav2_util/lib:/home/lhl/nav2_ws/install/nav2_voxel_grid/lib:/home/lhl/nav2_ws/install/nav2_msgs/lib:/home/lhl/nav2_ws/install/dwb_msgs/lib:/home/lhl/nav2_ws/install/nav_2d_msgs/lib:${LD_LIBRARY_PATH} PYTHONPATH=/home/lhl/nav2_ws/install/nav2_msgs/local/lib/python3.10/dist-packages:/home/lhl/nav2_ws/install/dwb_msgs/local/lib/python3.10/dist-packages:/home/lhl/nav2_ws/install/nav_2d_msgs/local/lib/python3.10/dist-packages:/home/lhl/nav2_ws/install/nav2_common/local/lib/python3.10/dist-packages:${PYTHONPATH} /usr/bin/cmake --install /home/lhl/nav2_ws/build/dwb_critics
