[0.112s] Invoking command in '/home/lhl/nav2_ws/src/build/nav_2d_utils': AMENT_PREFIX_PATH=/home/lhl/nav2_ws/src/install/nav2_util:/home/lhl/nav2_ws/src/install/nav2_msgs:/home/lhl/nav2_ws/src/install/nav_2d_msgs:/home/lhl/nav2_ws/src/install/nav2_common:${AMENT_PREFIX_PATH} CMAKE_PREFIX_PATH=/home/lhl/nav2_ws/src/install/nav2_util:/home/lhl/nav2_ws/src/install/nav2_msgs:/home/lhl/nav2_ws/src/install/nav_2d_msgs:/home/lhl/nav2_ws/src/install/nav2_common:/opt/ros/humble LD_LIBRARY_PATH=/home/lhl/nav2_ws/src/install/nav2_util/lib:/home/lhl/nav2_ws/src/install/nav2_msgs/lib:/home/lhl/nav2_ws/src/install/nav_2d_msgs/lib:${LD_LIBRARY_PATH} PYTHONPATH=/home/lhl/nav2_ws/src/install/nav2_msgs/local/lib/python3.10/dist-packages:/home/lhl/nav2_ws/src/install/nav_2d_msgs/local/lib/python3.10/dist-packages:/home/lhl/nav2_ws/src/install/nav2_common/local/lib/python3.10/dist-packages:${PYTHONPATH} /usr/bin/cmake --build /home/lhl/nav2_ws/src/build/nav_2d_utils -- -j8 -l8
[0.757s] [35m[1mConsolidate compiler generated dependencies of target gtest_main[0m
[0.758s] [35m[1mConsolidate compiler generated dependencies of target conversions[0m
[0.778s] [35m[1mConsolidate compiler generated dependencies of target path_ops[0m
[0.797s] [35m[1mConsolidate compiler generated dependencies of target gtest[0m
[0.812s] [ 12%] Built target gtest_main
[0.815s] [ 25%] Built target path_ops
[0.859s] [ 37%] Built target conversions
[0.882s] [ 50%] Built target gtest
[0.920s] [35m[1mConsolidate compiler generated dependencies of target 2d_utils_tests[0m
[0.921s] [35m[1mConsolidate compiler generated dependencies of target path_ops_tests[0m
[0.965s] [35m[1mConsolidate compiler generated dependencies of target tf_help[0m
[0.966s] [ 62%] Built target 2d_utils_tests
[0.967s] [ 75%] Built target path_ops_tests
[1.003s] [ 87%] Built target tf_help
[1.031s] [35m[1mConsolidate compiler generated dependencies of target tf_help_tests[0m
[1.075s] [100%] Built target tf_help_tests
[1.091s] Invoked command in '/home/lhl/nav2_ws/src/build/nav_2d_utils' returned '0': AMENT_PREFIX_PATH=/home/lhl/nav2_ws/src/install/nav2_util:/home/lhl/nav2_ws/src/install/nav2_msgs:/home/lhl/nav2_ws/src/install/nav_2d_msgs:/home/lhl/nav2_ws/src/install/nav2_common:${AMENT_PREFIX_PATH} CMAKE_PREFIX_PATH=/home/lhl/nav2_ws/src/install/nav2_util:/home/lhl/nav2_ws/src/install/nav2_msgs:/home/lhl/nav2_ws/src/install/nav_2d_msgs:/home/lhl/nav2_ws/src/install/nav2_common:/opt/ros/humble LD_LIBRARY_PATH=/home/lhl/nav2_ws/src/install/nav2_util/lib:/home/lhl/nav2_ws/src/install/nav2_msgs/lib:/home/lhl/nav2_ws/src/install/nav_2d_msgs/lib:${LD_LIBRARY_PATH} PYTHONPATH=/home/lhl/nav2_ws/src/install/nav2_msgs/local/lib/python3.10/dist-packages:/home/lhl/nav2_ws/src/install/nav_2d_msgs/local/lib/python3.10/dist-packages:/home/lhl/nav2_ws/src/install/nav2_common/local/lib/python3.10/dist-packages:${PYTHONPATH} /usr/bin/cmake --build /home/lhl/nav2_ws/src/build/nav_2d_utils -- -j8 -l8
[1.249s] Invoking command in '/home/lhl/nav2_ws/src/build/nav_2d_utils': AMENT_PREFIX_PATH=/home/lhl/nav2_ws/src/install/nav2_util:/home/lhl/nav2_ws/src/install/nav2_msgs:/home/lhl/nav2_ws/src/install/nav_2d_msgs:/home/lhl/nav2_ws/src/install/nav2_common:${AMENT_PREFIX_PATH} CMAKE_PREFIX_PATH=/home/lhl/nav2_ws/src/install/nav2_util:/home/lhl/nav2_ws/src/install/nav2_msgs:/home/lhl/nav2_ws/src/install/nav_2d_msgs:/home/lhl/nav2_ws/src/install/nav2_common:/opt/ros/humble LD_LIBRARY_PATH=/home/lhl/nav2_ws/src/install/nav2_util/lib:/home/lhl/nav2_ws/src/install/nav2_msgs/lib:/home/lhl/nav2_ws/src/install/nav_2d_msgs/lib:${LD_LIBRARY_PATH} PYTHONPATH=/home/lhl/nav2_ws/src/install/nav2_msgs/local/lib/python3.10/dist-packages:/home/lhl/nav2_ws/src/install/nav_2d_msgs/local/lib/python3.10/dist-packages:/home/lhl/nav2_ws/src/install/nav2_common/local/lib/python3.10/dist-packages:${PYTHONPATH} /usr/bin/cmake --install /home/lhl/nav2_ws/src/build/nav_2d_utils
[1.289s] -- Install configuration: "Release"
[1.290s] -- Up-to-date: /home/lhl/nav2_ws/src/install/nav_2d_utils/lib/libconversions.so
[1.290s] -- Up-to-date: /home/lhl/nav2_ws/src/install/nav_2d_utils/lib/libpath_ops.so
[1.290s] -- Up-to-date: /home/lhl/nav2_ws/src/install/nav_2d_utils/lib/libtf_help.so
[1.291s] -- Up-to-date: /home/lhl/nav2_ws/src/install/nav_2d_utils/include/
[1.291s] -- Up-to-date: /home/lhl/nav2_ws/src/install/nav_2d_utils/include//nav_2d_utils
[1.291s] -- Up-to-date: /home/lhl/nav2_ws/src/install/nav_2d_utils/include//nav_2d_utils/odom_subscriber.hpp
[1.291s] -- Up-to-date: /home/lhl/nav2_ws/src/install/nav_2d_utils/include//nav_2d_utils/tf_help.hpp
[1.292s] -- Up-to-date: /home/lhl/nav2_ws/src/install/nav_2d_utils/include//nav_2d_utils/path_ops.hpp
[1.292s] -- Up-to-date: /home/lhl/nav2_ws/src/install/nav_2d_utils/include//nav_2d_utils/parameters.hpp
[1.292s] -- Up-to-date: /home/lhl/nav2_ws/src/install/nav_2d_utils/include//nav_2d_utils/conversions.hpp
[1.292s] -- Up-to-date: /home/lhl/nav2_ws/src/install/nav_2d_utils/share/nav_2d_utils/environment/library_path.sh
[1.292s] -- Up-to-date: /home/lhl/nav2_ws/src/install/nav_2d_utils/share/nav_2d_utils/environment/library_path.dsv
[1.292s] -- Up-to-date: /home/lhl/nav2_ws/src/install/nav_2d_utils/share/ament_index/resource_index/package_run_dependencies/nav_2d_utils
[1.292s] -- Up-to-date: /home/lhl/nav2_ws/src/install/nav_2d_utils/share/ament_index/resource_index/parent_prefix_path/nav_2d_utils
[1.293s] -- Up-to-date: /home/lhl/nav2_ws/src/install/nav_2d_utils/share/nav_2d_utils/environment/ament_prefix_path.sh
[1.293s] -- Up-to-date: /home/lhl/nav2_ws/src/install/nav_2d_utils/share/nav_2d_utils/environment/ament_prefix_path.dsv
[1.293s] -- Up-to-date: /home/lhl/nav2_ws/src/install/nav_2d_utils/share/nav_2d_utils/environment/path.sh
[1.293s] -- Up-to-date: /home/lhl/nav2_ws/src/install/nav_2d_utils/share/nav_2d_utils/environment/path.dsv
[1.293s] -- Up-to-date: /home/lhl/nav2_ws/src/install/nav_2d_utils/share/nav_2d_utils/local_setup.bash
[1.293s] -- Up-to-date: /home/lhl/nav2_ws/src/install/nav_2d_utils/share/nav_2d_utils/local_setup.sh
[1.293s] -- Up-to-date: /home/lhl/nav2_ws/src/install/nav_2d_utils/share/nav_2d_utils/local_setup.zsh
[1.293s] -- Up-to-date: /home/lhl/nav2_ws/src/install/nav_2d_utils/share/nav_2d_utils/local_setup.dsv
[1.293s] -- Installing: /home/lhl/nav2_ws/src/install/nav_2d_utils/share/nav_2d_utils/package.dsv
[1.305s] -- Up-to-date: /home/lhl/nav2_ws/src/install/nav_2d_utils/share/ament_index/resource_index/packages/nav_2d_utils
[1.305s] -- Up-to-date: /home/lhl/nav2_ws/src/install/nav_2d_utils/share/nav_2d_utils/cmake/ament_cmake_export_include_directories-extras.cmake
[1.305s] -- Up-to-date: /home/lhl/nav2_ws/src/install/nav_2d_utils/share/nav_2d_utils/cmake/ament_cmake_export_libraries-extras.cmake
[1.305s] -- Up-to-date: /home/lhl/nav2_ws/src/install/nav_2d_utils/share/nav_2d_utils/cmake/ament_cmake_export_dependencies-extras.cmake
[1.305s] -- Up-to-date: /home/lhl/nav2_ws/src/install/nav_2d_utils/share/nav_2d_utils/cmake/nav_2d_utilsConfig.cmake
[1.305s] -- Up-to-date: /home/lhl/nav2_ws/src/install/nav_2d_utils/share/nav_2d_utils/cmake/nav_2d_utilsConfig-version.cmake
[1.305s] -- Up-to-date: /home/lhl/nav2_ws/src/install/nav_2d_utils/share/nav_2d_utils/package.xml
[1.345s] Invoked command in '/home/lhl/nav2_ws/src/build/nav_2d_utils' returned '0': AMENT_PREFIX_PATH=/home/lhl/nav2_ws/src/install/nav2_util:/home/lhl/nav2_ws/src/install/nav2_msgs:/home/lhl/nav2_ws/src/install/nav_2d_msgs:/home/lhl/nav2_ws/src/install/nav2_common:${AMENT_PREFIX_PATH} CMAKE_PREFIX_PATH=/home/lhl/nav2_ws/src/install/nav2_util:/home/lhl/nav2_ws/src/install/nav2_msgs:/home/lhl/nav2_ws/src/install/nav_2d_msgs:/home/lhl/nav2_ws/src/install/nav2_common:/opt/ros/humble LD_LIBRARY_PATH=/home/lhl/nav2_ws/src/install/nav2_util/lib:/home/lhl/nav2_ws/src/install/nav2_msgs/lib:/home/lhl/nav2_ws/src/install/nav_2d_msgs/lib:${LD_LIBRARY_PATH} PYTHONPATH=/home/lhl/nav2_ws/src/install/nav2_msgs/local/lib/python3.10/dist-packages:/home/lhl/nav2_ws/src/install/nav_2d_msgs/local/lib/python3.10/dist-packages:/home/lhl/nav2_ws/src/install/nav2_common/local/lib/python3.10/dist-packages:${PYTHONPATH} /usr/bin/cmake --install /home/lhl/nav2_ws/src/build/nav_2d_utils
