[0.041s] Invoking command in '/home/lhl/nav2_ws/src/build/nav2_lifecycle_manager': AMENT_PREFIX_PATH=/home/lhl/nav2_ws/src/install/nav2_util:/home/lhl/nav2_ws/src/install/nav2_msgs:/home/lhl/nav2_ws/src/install/nav2_common:${AMENT_PREFIX_PATH} CMAKE_PREFIX_PATH=/home/lhl/nav2_ws/src/install/nav2_util:/home/lhl/nav2_ws/src/install/nav2_msgs:/home/lhl/nav2_ws/src/install/nav2_common:/opt/ros/humble LD_LIBRARY_PATH=/home/lhl/nav2_ws/src/install/nav2_util/lib:/home/lhl/nav2_ws/src/install/nav2_msgs/lib:${LD_LIBRARY_PATH} PYTHONPATH=/home/lhl/nav2_ws/src/install/nav2_msgs/local/lib/python3.10/dist-packages:/home/lhl/nav2_ws/src/install/nav2_common/local/lib/python3.10/dist-packages:${PYTHONPATH} /usr/bin/cmake /home/lhl/nav2_ws/src/navigation2/nav2_lifecycle_manager -DCMAKE_INSTALL_PREFIX=/home/lhl/nav2_ws/src/install/nav2_lifecycle_manager
[0.121s] -- The C compiler identification is GNU 11.3.0
[0.216s] -- The CXX compiler identification is GNU 11.3.0
[0.226s] -- Detecting C compiler ABI info
[0.327s] -- Detecting C compiler ABI info - done
[0.353s] -- Check for working C compiler: /usr/bin/cc - skipped
[0.354s] -- Detecting C compile features
[0.354s] -- Detecting C compile features - done
[0.359s] -- Detecting CXX compiler ABI info
[0.486s] -- Detecting CXX compiler ABI info - done
[0.495s] -- Check for working CXX compiler: /usr/bin/c++ - skipped
[0.496s] -- Detecting CXX compile features
[0.497s] -- Detecting CXX compile features - done
[0.501s] -- Found ament_cmake: 1.3.4 (/opt/ros/humble/share/ament_cmake/cmake)
[0.785s] -- Found Python3: /usr/bin/python3.10 (found version "3.10.6") found components: Interpreter 
[0.943s] -- Found geometry_msgs: 4.2.3 (/opt/ros/humble/share/geometry_msgs/cmake)
[1.008s] -- Found rosidl_generator_c: 3.1.4 (/opt/ros/humble/share/rosidl_generator_c/cmake)
[1.018s] -- Found rosidl_adapter: 3.1.4 (/opt/ros/humble/share/rosidl_adapter/cmake)
[1.033s] -- Found rosidl_generator_cpp: 3.1.4 (/opt/ros/humble/share/rosidl_generator_cpp/cmake)
[1.058s] -- Using all available rosidl_typesupport_c: rosidl_typesupport_fastrtps_c;rosidl_typesupport_introspection_c
[1.102s] -- Using all available rosidl_typesupport_cpp: rosidl_typesupport_fastrtps_cpp;rosidl_typesupport_introspection_cpp
[1.333s] -- Found lifecycle_msgs: 1.2.1 (/opt/ros/humble/share/lifecycle_msgs/cmake)
[1.366s] -- Found nav2_common: 1.1.6 (/home/lhl/nav2_ws/src/install/nav2_common/share/nav2_common/cmake)
[1.367s] -- Found nav2_msgs: 1.1.6 (/home/lhl/nav2_ws/src/install/nav2_msgs/share/nav2_msgs/cmake)
[1.831s] -- Found nav2_util: 1.1.6 (/home/lhl/nav2_ws/src/install/nav2_util/share/nav2_util/cmake)
[2.035s] -- Found rmw_implementation_cmake: 6.1.1 (/opt/ros/humble/share/rmw_implementation_cmake/cmake)
[2.038s] -- Found rmw_fastrtps_cpp: 6.2.2 (/opt/ros/humble/share/rmw_fastrtps_cpp/cmake)
[2.209s] -- Found OpenSSL: /usr/lib/x86_64-linux-gnu/libcrypto.so (found version "3.0.2")  
[2.252s] -- Found FastRTPS: /opt/ros/humble/include  
[2.336s] -- Using RMW implementation 'rmw_fastrtps_cpp' as default
[2.353s] -- Looking for pthread.h
[2.456s] -- Looking for pthread.h - found
[2.456s] -- Performing Test CMAKE_HAVE_LIBC_PTHREAD
[2.572s] -- Performing Test CMAKE_HAVE_LIBC_PTHREAD - Success
[2.574s] -- Found Threads: TRUE  
[3.329s] -- Found eigen3_cmake_module: 0.1.1 (/opt/ros/humble/share/eigen3_cmake_module/cmake)
[3.331s] -- Found Eigen3: TRUE (found version "3.4.0") 
[3.331s] -- Ensuring Eigen3 include directory is part of orocos-kdl CMake target
[3.732s] -- Found std_srvs: 4.2.3 (/opt/ros/humble/share/std_srvs/cmake)
[3.767s] -- Found diagnostic_updater: 3.1.2 (/opt/ros/humble/share/diagnostic_updater/cmake)
[3.906s] -- Setting build type to Release as none was specified.
[6.382s] -- Found ament_lint_auto: 0.12.6 (/opt/ros/humble/share/ament_lint_auto/cmake)
[6.619s] -- Found gtest sources under '/opt/ros/humble/src/gtest_vendor': C++ tests using 'Google Test' will be built
[9.742s] -- Added test 'copyright' to check source files copyright and LICENSE
[9.747s] -- Added test 'cppcheck' to perform static code analysis on C / C++ code
[9.748s] -- Configured cppcheck include dirs: /home/lhl/nav2_ws/src/navigation2/nav2_lifecycle_manager/include
[9.749s] -- Configured cppcheck exclude dirs and/or files: 
[9.751s] -- Added test 'cpplint' to check C / C++ code against the Google style
[9.751s] -- Configured cpplint exclude dirs and/or files: 
[9.752s] -- Added test 'flake8' to check Python code syntax and style conventions
[9.754s] -- Added test 'lint_cmake' to check CMake code style
[9.755s] -- Added test 'pep257' to check Python code against some of the docstring style conventions in PEP 257
[9.762s] -- Added test 'uncrustify' to check C / C++ code style
[9.762s] -- Configured uncrustify additional arguments: 
[9.763s] -- Added test 'xmllint' to check XML markup files
[9.792s] -- Configuring done
[10.113s] -- Generating done
[10.118s] -- Build files have been written to: /home/lhl/nav2_ws/src/build/nav2_lifecycle_manager
[10.150s] Invoked command in '/home/lhl/nav2_ws/src/build/nav2_lifecycle_manager' returned '0': AMENT_PREFIX_PATH=/home/lhl/nav2_ws/src/install/nav2_util:/home/lhl/nav2_ws/src/install/nav2_msgs:/home/lhl/nav2_ws/src/install/nav2_common:${AMENT_PREFIX_PATH} CMAKE_PREFIX_PATH=/home/lhl/nav2_ws/src/install/nav2_util:/home/lhl/nav2_ws/src/install/nav2_msgs:/home/lhl/nav2_ws/src/install/nav2_common:/opt/ros/humble LD_LIBRARY_PATH=/home/lhl/nav2_ws/src/install/nav2_util/lib:/home/lhl/nav2_ws/src/install/nav2_msgs/lib:${LD_LIBRARY_PATH} PYTHONPATH=/home/lhl/nav2_ws/src/install/nav2_msgs/local/lib/python3.10/dist-packages:/home/lhl/nav2_ws/src/install/nav2_common/local/lib/python3.10/dist-packages:${PYTHONPATH} /usr/bin/cmake /home/lhl/nav2_ws/src/navigation2/nav2_lifecycle_manager -DCMAKE_INSTALL_PREFIX=/home/lhl/nav2_ws/src/install/nav2_lifecycle_manager
[10.151s] Invoking command in '/home/lhl/nav2_ws/src/build/nav2_lifecycle_manager': AMENT_PREFIX_PATH=/home/lhl/nav2_ws/src/install/nav2_util:/home/lhl/nav2_ws/src/install/nav2_msgs:/home/lhl/nav2_ws/src/install/nav2_common:${AMENT_PREFIX_PATH} CMAKE_PREFIX_PATH=/home/lhl/nav2_ws/src/install/nav2_util:/home/lhl/nav2_ws/src/install/nav2_msgs:/home/lhl/nav2_ws/src/install/nav2_common:/opt/ros/humble LD_LIBRARY_PATH=/home/lhl/nav2_ws/src/install/nav2_util/lib:/home/lhl/nav2_ws/src/install/nav2_msgs/lib:${LD_LIBRARY_PATH} PYTHONPATH=/home/lhl/nav2_ws/src/install/nav2_msgs/local/lib/python3.10/dist-packages:/home/lhl/nav2_ws/src/install/nav2_common/local/lib/python3.10/dist-packages:${PYTHONPATH} /usr/bin/cmake --build /home/lhl/nav2_ws/src/build/nav2_lifecycle_manager -- -j8 -l8
[10.388s] [  7%] [32mBuilding CXX object CMakeFiles/nav2_lifecycle_manager_core.dir/src/lifecycle_manager.cpp.o[0m
[10.418s] [ 15%] [32mBuilding CXX object CMakeFiles/nav2_lifecycle_manager_core.dir/src/lifecycle_manager_client.cpp.o[0m
[10.418s] [ 23%] [32mBuilding CXX object gtest/CMakeFiles/gtest.dir/src/gtest-all.cc.o[0m
[10.424s] [ 30%] [32mBuilding CXX object gtest/CMakeFiles/gtest_main.dir/src/gtest_main.cc.o[0m
[14.507s] [ 38%] [32m[1mLinking CXX static library libgtest_main.a[0m
[14.734s] [ 38%] Built target gtest_main
[28.495s] [ 46%] [32m[1mLinking CXX static library libgtest.a[0m
[28.600s] [ 46%] Built target gtest
[33.167s] [ 53%] [32m[1mLinking CXX shared library libnav2_lifecycle_manager_core.so[0m
[33.551s] [ 53%] Built target nav2_lifecycle_manager_core
[33.582s] [ 61%] [32mBuilding CXX object CMakeFiles/lifecycle_manager.dir/src/main.cpp.o[0m
[39.392s] [ 69%] [32m[1mLinking CXX executable lifecycle_manager[0m
[39.658s] [ 69%] Built target lifecycle_manager
[39.687s] [ 76%] [32mBuilding CXX object test/CMakeFiles/test_bond_gtest.dir/test_bond.cpp.o[0m
[48.376s] [ 84%] [32m[1mLinking CXX executable test_bond_gtest[0m
[48.639s] [ 84%] Built target test_bond_gtest
[48.659s] [ 92%] [32mBuilding CXX object test/CMakeFiles/test_lifecycle_gtest.dir/test_lifecycle_manager.cpp.o[0m
[54.671s] [100%] [32m[1mLinking CXX executable test_lifecycle_gtest[0m
[55.051s] [100%] Built target test_lifecycle_gtest
[55.074s] Invoked command in '/home/lhl/nav2_ws/src/build/nav2_lifecycle_manager' returned '0': AMENT_PREFIX_PATH=/home/lhl/nav2_ws/src/install/nav2_util:/home/lhl/nav2_ws/src/install/nav2_msgs:/home/lhl/nav2_ws/src/install/nav2_common:${AMENT_PREFIX_PATH} CMAKE_PREFIX_PATH=/home/lhl/nav2_ws/src/install/nav2_util:/home/lhl/nav2_ws/src/install/nav2_msgs:/home/lhl/nav2_ws/src/install/nav2_common:/opt/ros/humble LD_LIBRARY_PATH=/home/lhl/nav2_ws/src/install/nav2_util/lib:/home/lhl/nav2_ws/src/install/nav2_msgs/lib:${LD_LIBRARY_PATH} PYTHONPATH=/home/lhl/nav2_ws/src/install/nav2_msgs/local/lib/python3.10/dist-packages:/home/lhl/nav2_ws/src/install/nav2_common/local/lib/python3.10/dist-packages:${PYTHONPATH} /usr/bin/cmake --build /home/lhl/nav2_ws/src/build/nav2_lifecycle_manager -- -j8 -l8
[55.127s] Invoking command in '/home/lhl/nav2_ws/src/build/nav2_lifecycle_manager': AMENT_PREFIX_PATH=/home/lhl/nav2_ws/src/install/nav2_util:/home/lhl/nav2_ws/src/install/nav2_msgs:/home/lhl/nav2_ws/src/install/nav2_common:${AMENT_PREFIX_PATH} CMAKE_PREFIX_PATH=/home/lhl/nav2_ws/src/install/nav2_util:/home/lhl/nav2_ws/src/install/nav2_msgs:/home/lhl/nav2_ws/src/install/nav2_common:/opt/ros/humble LD_LIBRARY_PATH=/home/lhl/nav2_ws/src/install/nav2_util/lib:/home/lhl/nav2_ws/src/install/nav2_msgs/lib:${LD_LIBRARY_PATH} PYTHONPATH=/home/lhl/nav2_ws/src/install/nav2_msgs/local/lib/python3.10/dist-packages:/home/lhl/nav2_ws/src/install/nav2_common/local/lib/python3.10/dist-packages:${PYTHONPATH} /usr/bin/cmake --install /home/lhl/nav2_ws/src/build/nav2_lifecycle_manager
[55.144s] -- Install configuration: "Release"
[55.144s] -- Installing: /home/lhl/nav2_ws/src/install/nav2_lifecycle_manager/lib/libnav2_lifecycle_manager_core.so
[55.171s] -- Set runtime path of "/home/lhl/nav2_ws/src/install/nav2_lifecycle_manager/lib/libnav2_lifecycle_manager_core.so" to ""
[55.171s] -- Installing: /home/lhl/nav2_ws/src/install/nav2_lifecycle_manager/lib/nav2_lifecycle_manager/lifecycle_manager
[55.172s] -- Set runtime path of "/home/lhl/nav2_ws/src/install/nav2_lifecycle_manager/lib/nav2_lifecycle_manager/lifecycle_manager" to ""
[55.172s] -- Installing: /home/lhl/nav2_ws/src/install/nav2_lifecycle_manager/include/
[55.172s] -- Installing: /home/lhl/nav2_ws/src/install/nav2_lifecycle_manager/include//nav2_lifecycle_manager
[55.172s] -- Installing: /home/lhl/nav2_ws/src/install/nav2_lifecycle_manager/include//nav2_lifecycle_manager/lifecycle_manager.hpp
[55.172s] -- Installing: /home/lhl/nav2_ws/src/install/nav2_lifecycle_manager/include//nav2_lifecycle_manager/lifecycle_manager_client.hpp
[55.173s] -- Installing: /home/lhl/nav2_ws/src/install/nav2_lifecycle_manager/share/nav2_lifecycle_manager/environment/library_path.sh
[55.173s] -- Installing: /home/lhl/nav2_ws/src/install/nav2_lifecycle_manager/share/nav2_lifecycle_manager/environment/library_path.dsv
[55.173s] -- Installing: /home/lhl/nav2_ws/src/install/nav2_lifecycle_manager/share/ament_index/resource_index/package_run_dependencies/nav2_lifecycle_manager
[55.174s] -- Installing: /home/lhl/nav2_ws/src/install/nav2_lifecycle_manager/share/ament_index/resource_index/parent_prefix_path/nav2_lifecycle_manager
[55.174s] -- Installing: /home/lhl/nav2_ws/src/install/nav2_lifecycle_manager/share/nav2_lifecycle_manager/environment/ament_prefix_path.sh
[55.174s] -- Installing: /home/lhl/nav2_ws/src/install/nav2_lifecycle_manager/share/nav2_lifecycle_manager/environment/ament_prefix_path.dsv
[55.174s] -- Installing: /home/lhl/nav2_ws/src/install/nav2_lifecycle_manager/share/nav2_lifecycle_manager/environment/path.sh
[55.174s] -- Installing: /home/lhl/nav2_ws/src/install/nav2_lifecycle_manager/share/nav2_lifecycle_manager/environment/path.dsv
[55.175s] -- Installing: /home/lhl/nav2_ws/src/install/nav2_lifecycle_manager/share/nav2_lifecycle_manager/local_setup.bash
[55.175s] -- Installing: /home/lhl/nav2_ws/src/install/nav2_lifecycle_manager/share/nav2_lifecycle_manager/local_setup.sh
[55.175s] -- Installing: /home/lhl/nav2_ws/src/install/nav2_lifecycle_manager/share/nav2_lifecycle_manager/local_setup.zsh
[55.175s] -- Installing: /home/lhl/nav2_ws/src/install/nav2_lifecycle_manager/share/nav2_lifecycle_manager/local_setup.dsv
[55.175s] -- Installing: /home/lhl/nav2_ws/src/install/nav2_lifecycle_manager/share/nav2_lifecycle_manager/package.dsv
[55.176s] -- Installing: /home/lhl/nav2_ws/src/install/nav2_lifecycle_manager/share/ament_index/resource_index/packages/nav2_lifecycle_manager
[55.176s] -- Installing: /home/lhl/nav2_ws/src/install/nav2_lifecycle_manager/share/ament_index/resource_index/rclcpp_components/nav2_lifecycle_manager
[55.176s] -- Installing: /home/lhl/nav2_ws/src/install/nav2_lifecycle_manager/share/nav2_lifecycle_manager/cmake/ament_cmake_export_include_directories-extras.cmake
[55.176s] -- Installing: /home/lhl/nav2_ws/src/install/nav2_lifecycle_manager/share/nav2_lifecycle_manager/cmake/ament_cmake_export_libraries-extras.cmake
[55.177s] -- Installing: /home/lhl/nav2_ws/src/install/nav2_lifecycle_manager/share/nav2_lifecycle_manager/cmake/ament_cmake_export_dependencies-extras.cmake
[55.177s] -- Installing: /home/lhl/nav2_ws/src/install/nav2_lifecycle_manager/share/nav2_lifecycle_manager/cmake/nav2_lifecycle_managerConfig.cmake
[55.186s] -- Installing: /home/lhl/nav2_ws/src/install/nav2_lifecycle_manager/share/nav2_lifecycle_manager/cmake/nav2_lifecycle_managerConfig-version.cmake
[55.186s] -- Installing: /home/lhl/nav2_ws/src/install/nav2_lifecycle_manager/share/nav2_lifecycle_manager/package.xml
[55.193s] Invoked command in '/home/lhl/nav2_ws/src/build/nav2_lifecycle_manager' returned '0': AMENT_PREFIX_PATH=/home/lhl/nav2_ws/src/install/nav2_util:/home/lhl/nav2_ws/src/install/nav2_msgs:/home/lhl/nav2_ws/src/install/nav2_common:${AMENT_PREFIX_PATH} CMAKE_PREFIX_PATH=/home/lhl/nav2_ws/src/install/nav2_util:/home/lhl/nav2_ws/src/install/nav2_msgs:/home/lhl/nav2_ws/src/install/nav2_common:/opt/ros/humble LD_LIBRARY_PATH=/home/lhl/nav2_ws/src/install/nav2_util/lib:/home/lhl/nav2_ws/src/install/nav2_msgs/lib:${LD_LIBRARY_PATH} PYTHONPATH=/home/lhl/nav2_ws/src/install/nav2_msgs/local/lib/python3.10/dist-packages:/home/lhl/nav2_ws/src/install/nav2_common/local/lib/python3.10/dist-packages:${PYTHONPATH} /usr/bin/cmake --install /home/lhl/nav2_ws/src/build/nav2_lifecycle_manager
