[0.006s] Invoking command in '/home/lhl/nav2_ws/src/build/dwb_msgs': AMENT_PREFIX_PATH=/home/lhl/nav2_ws/src/install/nav_2d_msgs:${AMENT_PREFIX_PATH} CMAKE_PREFIX_PATH=/home/lhl/nav2_ws/src/install/nav_2d_msgs:/opt/ros/humble LD_LIBRARY_PATH=/home/lhl/nav2_ws/src/install/nav_2d_msgs/lib:${LD_LIBRARY_PATH} PYTHONPATH=/home/lhl/nav2_ws/src/install/nav_2d_msgs/local/lib/python3.10/dist-packages:${PYTHONPATH} /usr/bin/cmake /home/lhl/nav2_ws/src/navigation2/nav2_dwb_controller/dwb_msgs -DCMAKE_INSTALL_PREFIX=/home/lhl/nav2_ws/src/install/dwb_msgs
[0.073s] -- The C compiler identification is GNU 11.3.0
[0.130s] -- The CXX compiler identification is GNU 11.3.0
[0.139s] -- Detecting C compiler ABI info
[0.205s] -- Detecting C compiler ABI info - done
[0.210s] -- Check for working C compiler: /usr/bin/cc - skipped
[0.210s] -- Detecting C compile features
[0.211s] -- Detecting C compile features - done
[0.215s] -- Detecting CXX compiler ABI info
[0.293s] -- Detecting CXX compiler ABI info - done
[0.301s] -- Check for working CXX compiler: /usr/bin/c++ - skipped
[0.301s] -- Detecting CXX compile features
[0.303s] -- Detecting CXX compile features - done
[0.305s] -- Found builtin_interfaces: 1.2.1 (/opt/ros/humble/share/builtin_interfaces/cmake)
[0.474s] -- Found Python3: /usr/bin/python3.10 (found version "3.10.6") found components: Interpreter 
[0.595s] -- Found rosidl_generator_c: 3.1.4 (/opt/ros/humble/share/rosidl_generator_c/cmake)
[0.600s] -- Found rosidl_adapter: 3.1.4 (/opt/ros/humble/share/rosidl_adapter/cmake)
[0.611s] -- Found rosidl_generator_cpp: 3.1.4 (/opt/ros/humble/share/rosidl_generator_cpp/cmake)
[0.629s] -- Using all available rosidl_typesupport_c: rosidl_typesupport_fastrtps_c;rosidl_typesupport_introspection_c
[0.648s] -- Using all available rosidl_typesupport_cpp: rosidl_typesupport_fastrtps_cpp;rosidl_typesupport_introspection_cpp
[0.667s] -- Found geometry_msgs: 4.2.3 (/opt/ros/humble/share/geometry_msgs/cmake)
[0.773s] -- Found nav_2d_msgs: 1.1.6 (/home/lhl/nav2_ws/src/install/nav_2d_msgs/share/nav_2d_msgs/cmake)
[0.850s] -- Found nav_msgs: 4.2.3 (/opt/ros/humble/share/nav_msgs/cmake)
[0.940s] -- Found rosidl_default_generators: 1.2.0 (/opt/ros/humble/share/rosidl_default_generators/cmake)
[1.395s] -- Found ament_cmake_ros: 0.10.0 (/opt/ros/humble/share/ament_cmake_ros/cmake)
[2.058s] -- Using all available rosidl_typesupport_c: rosidl_typesupport_fastrtps_c;rosidl_typesupport_introspection_c
[2.327s] -- Using all available rosidl_typesupport_cpp: rosidl_typesupport_fastrtps_cpp;rosidl_typesupport_introspection_cpp
[2.357s] -- Found PythonInterp: /usr/bin/python3 (found suitable version "3.10.6", minimum required is "3.6") 
[2.360s] -- Found python_cmake_module: 0.10.0 (/opt/ros/humble/share/python_cmake_module/cmake)
[2.394s] -- Found PythonLibs: /usr/lib/x86_64-linux-gnu/libpython3.10.so (found suitable version "3.10.6", minimum required is "3.5") 
[2.394s] -- Using PYTHON_EXECUTABLE: /usr/bin/python3
[2.394s] -- Using PYTHON_INCLUDE_DIRS: /usr/include/python3.10
[2.394s] -- Using PYTHON_LIBRARIES: /usr/lib/x86_64-linux-gnu/libpython3.10.so
[2.423s] -- Found PythonExtra: .so  
[2.542s] -- Configuring done
[2.650s] -- Generating done
[2.654s] -- Build files have been written to: /home/lhl/nav2_ws/src/build/dwb_msgs
[2.668s] Invoked command in '/home/lhl/nav2_ws/src/build/dwb_msgs' returned '0': AMENT_PREFIX_PATH=/home/lhl/nav2_ws/src/install/nav_2d_msgs:${AMENT_PREFIX_PATH} CMAKE_PREFIX_PATH=/home/lhl/nav2_ws/src/install/nav_2d_msgs:/opt/ros/humble LD_LIBRARY_PATH=/home/lhl/nav2_ws/src/install/nav_2d_msgs/lib:${LD_LIBRARY_PATH} PYTHONPATH=/home/lhl/nav2_ws/src/install/nav_2d_msgs/local/lib/python3.10/dist-packages:${PYTHONPATH} /usr/bin/cmake /home/lhl/nav2_ws/src/navigation2/nav2_dwb_controller/dwb_msgs -DCMAKE_INSTALL_PREFIX=/home/lhl/nav2_ws/src/install/dwb_msgs
[2.669s] Invoking command in '/home/lhl/nav2_ws/src/build/dwb_msgs': AMENT_PREFIX_PATH=/home/lhl/nav2_ws/src/install/nav_2d_msgs:${AMENT_PREFIX_PATH} CMAKE_PREFIX_PATH=/home/lhl/nav2_ws/src/install/nav_2d_msgs:/opt/ros/humble LD_LIBRARY_PATH=/home/lhl/nav2_ws/src/install/nav_2d_msgs/lib:${LD_LIBRARY_PATH} PYTHONPATH=/home/lhl/nav2_ws/src/install/nav_2d_msgs/local/lib/python3.10/dist-packages:${PYTHONPATH} /usr/bin/cmake --build /home/lhl/nav2_ws/src/build/dwb_msgs -- -j8 -l8
[2.722s] [  1%] [34m[1mGenerating C code for ROS interfaces[0m
[2.734s] [  2%] [34m[1mGenerating C++ code for ROS interfaces[0m
[2.744s] [  2%] Built target ament_cmake_python_copy_dwb_msgs
[3.160s] running egg_info
[3.160s] creating dwb_msgs.egg-info
[3.161s] writing dwb_msgs.egg-info/PKG-INFO
[3.161s] writing dependency_links to dwb_msgs.egg-info/dependency_links.txt
[3.161s] writing top-level names to dwb_msgs.egg-info/top_level.txt
[3.162s] writing manifest file 'dwb_msgs.egg-info/SOURCES.txt'
[3.165s] reading manifest file 'dwb_msgs.egg-info/SOURCES.txt'
[3.165s] writing manifest file 'dwb_msgs.egg-info/SOURCES.txt'
[3.205s] [  2%] Built target ament_cmake_python_build_dwb_msgs_egg
[4.641s] [  2%] Built target dwb_msgs__cpp
[4.674s] [  3%] [34m[1mGenerating C++ type support dispatch for ROS interfaces[0m
[4.708s] [  4%] [34m[1mGenerating C++ type support for eProsima Fast-RTPS[0m
[4.719s] [  5%] [34m[1mGenerating C++ introspection for ROS interfaces[0m
[5.069s] [  6%] [32mBuilding C object CMakeFiles/dwb_msgs__rosidl_generator_c.dir/rosidl_generator_c/dwb_msgs/msg/detail/critic_score__functions.c.o[0m
[5.085s] [  7%] [32mBuilding C object CMakeFiles/dwb_msgs__rosidl_generator_c.dir/rosidl_generator_c/dwb_msgs/msg/detail/local_plan_evaluation__functions.c.o[0m
[5.111s] [  9%] [32mBuilding C object CMakeFiles/dwb_msgs__rosidl_generator_c.dir/rosidl_generator_c/dwb_msgs/msg/detail/trajectory_score__functions.c.o[0m
[5.111s] [  9%] [32mBuilding C object CMakeFiles/dwb_msgs__rosidl_generator_c.dir/rosidl_generator_c/dwb_msgs/msg/detail/trajectory2_d__functions.c.o[0m
[5.203s] [ 10%] [32mBuilding C object CMakeFiles/dwb_msgs__rosidl_generator_c.dir/rosidl_generator_c/dwb_msgs/srv/detail/debug_local_plan__functions.c.o[0m
[5.329s] [ 11%] [32mBuilding C object CMakeFiles/dwb_msgs__rosidl_generator_c.dir/rosidl_generator_c/dwb_msgs/srv/detail/generate_trajectory__functions.c.o[0m
[5.340s] [ 12%] [32mBuilding C object CMakeFiles/dwb_msgs__rosidl_generator_c.dir/rosidl_generator_c/dwb_msgs/srv/detail/get_critic_score__functions.c.o[0m
[5.361s] [ 13%] [32mBuilding C object CMakeFiles/dwb_msgs__rosidl_generator_c.dir/rosidl_generator_c/dwb_msgs/srv/detail/generate_twists__functions.c.o[0m
[5.365s] [ 14%] [32mBuilding C object CMakeFiles/dwb_msgs__rosidl_generator_c.dir/rosidl_generator_c/dwb_msgs/srv/detail/score_trajectory__functions.c.o[0m
[5.600s] [ 15%] [32m[1mLinking C shared library libdwb_msgs__rosidl_generator_c.so[0m
[5.665s] [ 15%] Built target dwb_msgs__rosidl_generator_c
[5.722s] [ 16%] [34m[1mGenerating C type support for eProsima Fast-RTPS[0m
[5.754s] [ 17%] [34m[1mGenerating C introspection for ROS interfaces[0m
[5.789s] [ 18%] [34m[1mGenerating C type support dispatch for ROS interfaces[0m
[6.941s] [ 20%] [32mBuilding CXX object CMakeFiles/dwb_msgs__rosidl_typesupport_cpp.dir/rosidl_typesupport_cpp/dwb_msgs/msg/critic_score__type_support.cpp.o[0m
[6.969s] [ 21%] [32mBuilding CXX object CMakeFiles/dwb_msgs__rosidl_typesupport_cpp.dir/rosidl_typesupport_cpp/dwb_msgs/msg/local_plan_evaluation__type_support.cpp.o[0m
[7.102s] [ 22%] [32mBuilding CXX object CMakeFiles/dwb_msgs__rosidl_typesupport_cpp.dir/rosidl_typesupport_cpp/dwb_msgs/msg/trajectory2_d__type_support.cpp.o[0m
[7.164s] [ 23%] [32mBuilding CXX object CMakeFiles/dwb_msgs__rosidl_typesupport_introspection_cpp.dir/rosidl_typesupport_introspection_cpp/dwb_msgs/msg/detail/critic_score__type_support.cpp.o[0m
[7.630s] [ 24%] [32mBuilding CXX object CMakeFiles/dwb_msgs__rosidl_typesupport_cpp.dir/rosidl_typesupport_cpp/dwb_msgs/msg/trajectory_score__type_support.cpp.o[0m
[7.940s] [ 25%] [32mBuilding CXX object CMakeFiles/dwb_msgs__rosidl_typesupport_introspection_cpp.dir/rosidl_typesupport_introspection_cpp/dwb_msgs/msg/detail/local_plan_evaluation__type_support.cpp.o[0m
[7.975s] [ 26%] [32mBuilding CXX object CMakeFiles/dwb_msgs__rosidl_typesupport_fastrtps_cpp.dir/rosidl_typesupport_fastrtps_cpp/dwb_msgs/msg/detail/dds_fastrtps/critic_score__type_support.cpp.o[0m
[8.215s] [ 27%] [32mBuilding CXX object CMakeFiles/dwb_msgs__rosidl_typesupport_cpp.dir/rosidl_typesupport_cpp/dwb_msgs/srv/debug_local_plan__type_support.cpp.o[0m
[8.334s] [ 28%] [32mBuilding CXX object CMakeFiles/dwb_msgs__rosidl_typesupport_fastrtps_cpp.dir/rosidl_typesupport_fastrtps_cpp/dwb_msgs/msg/detail/dds_fastrtps/local_plan_evaluation__type_support.cpp.o[0m
[8.451s] [ 29%] [32mBuilding CXX object CMakeFiles/dwb_msgs__rosidl_typesupport_cpp.dir/rosidl_typesupport_cpp/dwb_msgs/srv/generate_trajectory__type_support.cpp.o[0m
[8.932s] [ 30%] [32mBuilding CXX object CMakeFiles/dwb_msgs__rosidl_typesupport_fastrtps_cpp.dir/rosidl_typesupport_fastrtps_cpp/dwb_msgs/msg/detail/dds_fastrtps/trajectory2_d__type_support.cpp.o[0m
[9.345s] [ 31%] [32mBuilding CXX object CMakeFiles/dwb_msgs__rosidl_typesupport_cpp.dir/rosidl_typesupport_cpp/dwb_msgs/srv/generate_twists__type_support.cpp.o[0m
[9.362s] [ 32%] [32mBuilding CXX object CMakeFiles/dwb_msgs__rosidl_typesupport_c.dir/rosidl_typesupport_c/dwb_msgs/msg/critic_score__type_support.cpp.o[0m
[9.573s] [ 33%] [32mBuilding CXX object CMakeFiles/dwb_msgs__rosidl_typesupport_fastrtps_cpp.dir/rosidl_typesupport_fastrtps_cpp/dwb_msgs/msg/detail/dds_fastrtps/trajectory_score__type_support.cpp.o[0m
[9.647s] [ 34%] [32mBuilding CXX object CMakeFiles/dwb_msgs__rosidl_typesupport_c.dir/rosidl_typesupport_c/dwb_msgs/msg/local_plan_evaluation__type_support.cpp.o[0m
[9.682s] [ 35%] [32mBuilding CXX object CMakeFiles/dwb_msgs__rosidl_typesupport_introspection_cpp.dir/rosidl_typesupport_introspection_cpp/dwb_msgs/msg/detail/trajectory2_d__type_support.cpp.o[0m
[9.753s] [ 36%] [32mBuilding CXX object CMakeFiles/dwb_msgs__rosidl_typesupport_introspection_cpp.dir/rosidl_typesupport_introspection_cpp/dwb_msgs/msg/detail/trajectory_score__type_support.cpp.o[0m
[9.801s] [ 37%] [32mBuilding CXX object CMakeFiles/dwb_msgs__rosidl_typesupport_c.dir/rosidl_typesupport_c/dwb_msgs/msg/trajectory2_d__type_support.cpp.o[0m
[10.021s] [ 38%] [32mBuilding CXX object CMakeFiles/dwb_msgs__rosidl_typesupport_c.dir/rosidl_typesupport_c/dwb_msgs/msg/trajectory_score__type_support.cpp.o[0m
[10.237s] [ 40%] [32mBuilding CXX object CMakeFiles/dwb_msgs__rosidl_typesupport_c.dir/rosidl_typesupport_c/dwb_msgs/srv/debug_local_plan__type_support.cpp.o[0m
[10.267s] [ 41%] [32mBuilding C object CMakeFiles/dwb_msgs__rosidl_typesupport_introspection_c.dir/rosidl_typesupport_introspection_c/dwb_msgs/msg/detail/critic_score__type_support.c.o[0m
[10.292s] [ 42%] [32mBuilding CXX object CMakeFiles/dwb_msgs__rosidl_typesupport_fastrtps_c.dir/rosidl_typesupport_fastrtps_c/dwb_msgs/msg/detail/critic_score__type_support_c.cpp.o[0m
[10.399s] [ 43%] [32mBuilding CXX object CMakeFiles/dwb_msgs__rosidl_typesupport_cpp.dir/rosidl_typesupport_cpp/dwb_msgs/srv/get_critic_score__type_support.cpp.o[0m
[10.482s] [ 44%] [32mBuilding CXX object CMakeFiles/dwb_msgs__rosidl_typesupport_c.dir/rosidl_typesupport_c/dwb_msgs/srv/generate_trajectory__type_support.cpp.o[0m
[10.536s] [ 45%] [32mBuilding C object CMakeFiles/dwb_msgs__rosidl_typesupport_introspection_c.dir/rosidl_typesupport_introspection_c/dwb_msgs/msg/detail/local_plan_evaluation__type_support.c.o[0m
[10.645s] [ 46%] [32mBuilding CXX object CMakeFiles/dwb_msgs__rosidl_typesupport_c.dir/rosidl_typesupport_c/dwb_msgs/srv/generate_twists__type_support.cpp.o[0m
[10.657s] [ 47%] [32mBuilding CXX object CMakeFiles/dwb_msgs__rosidl_typesupport_cpp.dir/rosidl_typesupport_cpp/dwb_msgs/srv/score_trajectory__type_support.cpp.o[0m
[10.717s] [ 48%] [32mBuilding C object CMakeFiles/dwb_msgs__rosidl_typesupport_introspection_c.dir/rosidl_typesupport_introspection_c/dwb_msgs/msg/detail/trajectory2_d__type_support.c.o[0m
[10.727s] [ 49%] [32mBuilding CXX object CMakeFiles/dwb_msgs__rosidl_typesupport_c.dir/rosidl_typesupport_c/dwb_msgs/srv/get_critic_score__type_support.cpp.o[0m
[10.854s] [ 50%] [32mBuilding CXX object CMakeFiles/dwb_msgs__rosidl_typesupport_fastrtps_cpp.dir/rosidl_typesupport_fastrtps_cpp/dwb_msgs/srv/detail/dds_fastrtps/debug_local_plan__type_support.cpp.o[0m
[10.871s] [ 51%] [32mBuilding CXX object CMakeFiles/dwb_msgs__rosidl_typesupport_c.dir/rosidl_typesupport_c/dwb_msgs/srv/score_trajectory__type_support.cpp.o[0m
[10.881s] [ 52%] [32mBuilding C object CMakeFiles/dwb_msgs__rosidl_typesupport_introspection_c.dir/rosidl_typesupport_introspection_c/dwb_msgs/msg/detail/trajectory_score__type_support.c.o[0m
[11.033s] [ 54%] [32mBuilding C object CMakeFiles/dwb_msgs__rosidl_typesupport_introspection_c.dir/rosidl_typesupport_introspection_c/dwb_msgs/srv/detail/debug_local_plan__type_support.c.o[0m
[11.041s] [ 54%] [32m[1mLinking CXX shared library libdwb_msgs__rosidl_typesupport_c.so[0m
[11.096s] [ 55%] [32mBuilding CXX object CMakeFiles/dwb_msgs__rosidl_typesupport_fastrtps_c.dir/rosidl_typesupport_fastrtps_c/dwb_msgs/msg/detail/local_plan_evaluation__type_support_c.cpp.o[0m
[11.102s] [ 56%] [32mBuilding C object CMakeFiles/dwb_msgs__rosidl_typesupport_introspection_c.dir/rosidl_typesupport_introspection_c/dwb_msgs/srv/detail/generate_trajectory__type_support.c.o[0m
[11.202s] [ 57%] [32mBuilding CXX object CMakeFiles/dwb_msgs__rosidl_typesupport_fastrtps_c.dir/rosidl_typesupport_fastrtps_c/dwb_msgs/msg/detail/trajectory2_d__type_support_c.cpp.o[0m
[11.252s] [ 57%] Built target dwb_msgs__rosidl_typesupport_c
[11.313s] [ 58%] [32mBuilding C object CMakeFiles/dwb_msgs__rosidl_typesupport_introspection_c.dir/rosidl_typesupport_introspection_c/dwb_msgs/srv/detail/generate_twists__type_support.c.o[0m
[11.335s] [ 60%] [32m[1mLinking CXX shared library libdwb_msgs__rosidl_typesupport_cpp.so[0m
[11.339s] [ 61%] [32mBuilding CXX object CMakeFiles/dwb_msgs__rosidl_typesupport_fastrtps_c.dir/rosidl_typesupport_fastrtps_c/dwb_msgs/msg/detail/trajectory_score__type_support_c.cpp.o[0m
[11.441s] [ 62%] [32mBuilding CXX object CMakeFiles/dwb_msgs__rosidl_typesupport_introspection_cpp.dir/rosidl_typesupport_introspection_cpp/dwb_msgs/srv/detail/debug_local_plan__type_support.cpp.o[0m
[11.478s] [ 63%] [32mBuilding C object CMakeFiles/dwb_msgs__rosidl_typesupport_introspection_c.dir/rosidl_typesupport_introspection_c/dwb_msgs/srv/detail/get_critic_score__type_support.c.o[0m
[11.605s] [ 63%] Built target dwb_msgs__rosidl_typesupport_cpp
[11.644s] [ 64%] [32mBuilding CXX object CMakeFiles/dwb_msgs__rosidl_typesupport_introspection_cpp.dir/rosidl_typesupport_introspection_cpp/dwb_msgs/srv/detail/generate_trajectory__type_support.cpp.o[0m
[11.650s] [ 65%] [32mBuilding C object CMakeFiles/dwb_msgs__rosidl_typesupport_introspection_c.dir/rosidl_typesupport_introspection_c/dwb_msgs/srv/detail/score_trajectory__type_support.c.o[0m
[11.674s] [ 66%] [32mBuilding CXX object CMakeFiles/dwb_msgs__rosidl_typesupport_introspection_cpp.dir/rosidl_typesupport_introspection_cpp/dwb_msgs/srv/detail/generate_twists__type_support.cpp.o[0m
[11.864s] [ 67%] [32m[1mLinking C shared library libdwb_msgs__rosidl_typesupport_introspection_c.so[0m
[11.940s] [ 68%] [32mBuilding CXX object CMakeFiles/dwb_msgs__rosidl_typesupport_fastrtps_cpp.dir/rosidl_typesupport_fastrtps_cpp/dwb_msgs/srv/detail/dds_fastrtps/generate_trajectory__type_support.cpp.o[0m
[12.049s] [ 68%] Built target dwb_msgs__rosidl_typesupport_introspection_c
[12.092s] [ 69%] [32mBuilding CXX object CMakeFiles/dwb_msgs__rosidl_typesupport_fastrtps_cpp.dir/rosidl_typesupport_fastrtps_cpp/dwb_msgs/srv/detail/dds_fastrtps/generate_twists__type_support.cpp.o[0m
[12.350s] [ 70%] [32mBuilding CXX object CMakeFiles/dwb_msgs__rosidl_typesupport_introspection_cpp.dir/rosidl_typesupport_introspection_cpp/dwb_msgs/srv/detail/get_critic_score__type_support.cpp.o[0m
[12.529s] [ 71%] [32mBuilding CXX object CMakeFiles/dwb_msgs__rosidl_typesupport_introspection_cpp.dir/rosidl_typesupport_introspection_cpp/dwb_msgs/srv/detail/score_trajectory__type_support.cpp.o[0m
[12.566s] [ 72%] [32mBuilding CXX object CMakeFiles/dwb_msgs__rosidl_typesupport_fastrtps_c.dir/rosidl_typesupport_fastrtps_c/dwb_msgs/srv/detail/debug_local_plan__type_support_c.cpp.o[0m
[12.635s] [ 73%] [32mBuilding CXX object CMakeFiles/dwb_msgs__rosidl_typesupport_fastrtps_c.dir/rosidl_typesupport_fastrtps_c/dwb_msgs/srv/detail/generate_trajectory__type_support_c.cpp.o[0m
[12.775s] [ 74%] [32mBuilding CXX object CMakeFiles/dwb_msgs__rosidl_typesupport_fastrtps_cpp.dir/rosidl_typesupport_fastrtps_cpp/dwb_msgs/srv/detail/dds_fastrtps/get_critic_score__type_support.cpp.o[0m
[13.042s] [ 75%] [32mBuilding CXX object CMakeFiles/dwb_msgs__rosidl_typesupport_fastrtps_cpp.dir/rosidl_typesupport_fastrtps_cpp/dwb_msgs/srv/detail/dds_fastrtps/score_trajectory__type_support.cpp.o[0m
[13.616s] [ 76%] [32mBuilding CXX object CMakeFiles/dwb_msgs__rosidl_typesupport_fastrtps_c.dir/rosidl_typesupport_fastrtps_c/dwb_msgs/srv/detail/generate_twists__type_support_c.cpp.o[0m
[13.644s] [ 77%] [32mBuilding CXX object CMakeFiles/dwb_msgs__rosidl_typesupport_fastrtps_c.dir/rosidl_typesupport_fastrtps_c/dwb_msgs/srv/detail/get_critic_score__type_support_c.cpp.o[0m
[13.655s] [ 78%] [32mBuilding CXX object CMakeFiles/dwb_msgs__rosidl_typesupport_fastrtps_c.dir/rosidl_typesupport_fastrtps_c/dwb_msgs/srv/detail/score_trajectory__type_support_c.cpp.o[0m
[14.470s] [ 80%] [32m[1mLinking CXX shared library libdwb_msgs__rosidl_typesupport_introspection_cpp.so[0m
[14.561s] [ 81%] [32m[1mLinking CXX shared library libdwb_msgs__rosidl_typesupport_fastrtps_cpp.so[0m
[14.948s] [ 81%] Built target dwb_msgs__rosidl_typesupport_fastrtps_cpp
[14.981s] [ 81%] Built target dwb_msgs__rosidl_typesupport_introspection_cpp
[15.042s] [ 82%] [32m[1mLinking CXX shared library libdwb_msgs__rosidl_typesupport_fastrtps_c.so[0m
[15.902s] [ 82%] Built target dwb_msgs__rosidl_typesupport_fastrtps_c
[16.060s] [ 82%] Built target dwb_msgs
[16.189s] [ 83%] [34m[1mGenerating Python code for ROS interfaces[0m
[21.154s] [ 83%] Built target dwb_msgs__py
[21.279s] [ 85%] [32mBuilding C object CMakeFiles/dwb_msgs__rosidl_generator_py.dir/rosidl_generator_py/dwb_msgs/msg/_critic_score_s.c.o[0m
[21.281s] [ 85%] [32mBuilding C object CMakeFiles/dwb_msgs__rosidl_generator_py.dir/rosidl_generator_py/dwb_msgs/msg/_local_plan_evaluation_s.c.o[0m
[21.288s] [ 86%] [32mBuilding C object CMakeFiles/dwb_msgs__rosidl_generator_py.dir/rosidl_generator_py/dwb_msgs/msg/_trajectory2_d_s.c.o[0m
[21.294s] [ 87%] [32mBuilding C object CMakeFiles/dwb_msgs__rosidl_generator_py.dir/rosidl_generator_py/dwb_msgs/msg/_trajectory_score_s.c.o[0m
[21.322s] [ 88%] [32mBuilding C object CMakeFiles/dwb_msgs__rosidl_generator_py.dir/rosidl_generator_py/dwb_msgs/srv/_debug_local_plan_s.c.o[0m
[21.441s] [ 90%] [32mBuilding C object CMakeFiles/dwb_msgs__rosidl_generator_py.dir/rosidl_generator_py/dwb_msgs/srv/_generate_trajectory_s.c.o[0m
[21.441s] [ 90%] [32mBuilding C object CMakeFiles/dwb_msgs__rosidl_generator_py.dir/rosidl_generator_py/dwb_msgs/srv/_generate_twists_s.c.o[0m
[21.464s] [ 91%] [32mBuilding C object CMakeFiles/dwb_msgs__rosidl_generator_py.dir/rosidl_generator_py/dwb_msgs/srv/_get_critic_score_s.c.o[0m
[21.577s] [ 92%] [32mBuilding C object CMakeFiles/dwb_msgs__rosidl_generator_py.dir/rosidl_generator_py/dwb_msgs/srv/_score_trajectory_s.c.o[0m
[21.895s] [ 93%] [32m[1mLinking C shared library rosidl_generator_py/dwb_msgs/libdwb_msgs__rosidl_generator_py.so[0m
[21.989s] [ 93%] Built target dwb_msgs__rosidl_generator_py
[22.101s] [ 94%] [32mBuilding C object CMakeFiles/dwb_msgs__rosidl_typesupport_fastrtps_c__pyext.dir/rosidl_generator_py/dwb_msgs/_dwb_msgs_s.ep.rosidl_typesupport_fastrtps_c.c.o[0m
[22.106s] [ 95%] [32mBuilding C object CMakeFiles/dwb_msgs__rosidl_typesupport_c__pyext.dir/rosidl_generator_py/dwb_msgs/_dwb_msgs_s.ep.rosidl_typesupport_c.c.o[0m
[22.128s] [ 96%] [32mBuilding C object CMakeFiles/dwb_msgs__rosidl_typesupport_introspection_c__pyext.dir/rosidl_generator_py/dwb_msgs/_dwb_msgs_s.ep.rosidl_typesupport_introspection_c.c.o[0m
[22.540s] [ 97%] [32m[1mLinking C shared library rosidl_generator_py/dwb_msgs/dwb_msgs_s__rosidl_typesupport_fastrtps_c.cpython-310-x86_64-linux-gnu.so[0m
[22.560s] [100%] [32m[1mLinking C shared library rosidl_generator_py/dwb_msgs/dwb_msgs_s__rosidl_typesupport_introspection_c.cpython-310-x86_64-linux-gnu.so[0m
[22.566s] [100%] [32m[1mLinking C shared library rosidl_generator_py/dwb_msgs/dwb_msgs_s__rosidl_typesupport_c.cpython-310-x86_64-linux-gnu.so[0m
[22.641s] [100%] Built target dwb_msgs__rosidl_typesupport_fastrtps_c__pyext
[22.712s] [100%] Built target dwb_msgs__rosidl_typesupport_c__pyext
[22.713s] [100%] Built target dwb_msgs__rosidl_typesupport_introspection_c__pyext
[22.764s] Invoked command in '/home/lhl/nav2_ws/src/build/dwb_msgs' returned '0': AMENT_PREFIX_PATH=/home/lhl/nav2_ws/src/install/nav_2d_msgs:${AMENT_PREFIX_PATH} CMAKE_PREFIX_PATH=/home/lhl/nav2_ws/src/install/nav_2d_msgs:/opt/ros/humble LD_LIBRARY_PATH=/home/lhl/nav2_ws/src/install/nav_2d_msgs/lib:${LD_LIBRARY_PATH} PYTHONPATH=/home/lhl/nav2_ws/src/install/nav_2d_msgs/local/lib/python3.10/dist-packages:${PYTHONPATH} /usr/bin/cmake --build /home/lhl/nav2_ws/src/build/dwb_msgs -- -j8 -l8
[23.376s] Invoking command in '/home/lhl/nav2_ws/src/build/dwb_msgs': AMENT_PREFIX_PATH=/home/lhl/nav2_ws/src/install/nav_2d_msgs:${AMENT_PREFIX_PATH} CMAKE_PREFIX_PATH=/home/lhl/nav2_ws/src/install/nav_2d_msgs:/opt/ros/humble LD_LIBRARY_PATH=/home/lhl/nav2_ws/src/install/nav_2d_msgs/lib:${LD_LIBRARY_PATH} PYTHONPATH=/home/lhl/nav2_ws/src/install/nav_2d_msgs/local/lib/python3.10/dist-packages:${PYTHONPATH} /usr/bin/cmake --install /home/lhl/nav2_ws/src/build/dwb_msgs
[23.389s] -- Install configuration: ""
[23.389s] -- Installing: /home/lhl/nav2_ws/src/install/dwb_msgs/share/ament_index/resource_index/rosidl_interfaces/dwb_msgs
[23.389s] -- Installing: /home/lhl/nav2_ws/src/install/dwb_msgs/include/dwb_msgs/dwb_msgs
[23.389s] -- Installing: /home/lhl/nav2_ws/src/install/dwb_msgs/include/dwb_msgs/dwb_msgs/msg
[23.390s] -- Installing: /home/lhl/nav2_ws/src/install/dwb_msgs/include/dwb_msgs/dwb_msgs/msg/critic_score.h
[23.390s] -- Installing: /home/lhl/nav2_ws/src/install/dwb_msgs/include/dwb_msgs/dwb_msgs/msg/local_plan_evaluation.h
[23.390s] -- Installing: /home/lhl/nav2_ws/src/install/dwb_msgs/include/dwb_msgs/dwb_msgs/msg/trajectory2_d.h
[23.390s] -- Installing: /home/lhl/nav2_ws/src/install/dwb_msgs/include/dwb_msgs/dwb_msgs/msg/rosidl_generator_c__visibility_control.h
[23.390s] -- Installing: /home/lhl/nav2_ws/src/install/dwb_msgs/include/dwb_msgs/dwb_msgs/msg/detail
[23.390s] -- Installing: /home/lhl/nav2_ws/src/install/dwb_msgs/include/dwb_msgs/dwb_msgs/msg/detail/local_plan_evaluation__struct.h
[23.390s] -- Installing: /home/lhl/nav2_ws/src/install/dwb_msgs/include/dwb_msgs/dwb_msgs/msg/detail/trajectory2_d__functions.h
[23.391s] -- Installing: /home/lhl/nav2_ws/src/install/dwb_msgs/include/dwb_msgs/dwb_msgs/msg/detail/trajectory2_d__struct.h
[23.391s] -- Installing: /home/lhl/nav2_ws/src/install/dwb_msgs/include/dwb_msgs/dwb_msgs/msg/detail/trajectory_score__functions.h
[23.391s] -- Installing: /home/lhl/nav2_ws/src/install/dwb_msgs/include/dwb_msgs/dwb_msgs/msg/detail/critic_score__functions.h
[23.391s] -- Installing: /home/lhl/nav2_ws/src/install/dwb_msgs/include/dwb_msgs/dwb_msgs/msg/detail/trajectory2_d__type_support.h
[23.391s] -- Installing: /home/lhl/nav2_ws/src/install/dwb_msgs/include/dwb_msgs/dwb_msgs/msg/detail/local_plan_evaluation__functions.c
[23.391s] -- Installing: /home/lhl/nav2_ws/src/install/dwb_msgs/include/dwb_msgs/dwb_msgs/msg/detail/local_plan_evaluation__type_support.h
[23.391s] -- Installing: /home/lhl/nav2_ws/src/install/dwb_msgs/include/dwb_msgs/dwb_msgs/msg/detail/critic_score__type_support.h
[23.392s] -- Installing: /home/lhl/nav2_ws/src/install/dwb_msgs/include/dwb_msgs/dwb_msgs/msg/detail/trajectory_score__struct.h
[23.392s] -- Installing: /home/lhl/nav2_ws/src/install/dwb_msgs/include/dwb_msgs/dwb_msgs/msg/detail/trajectory_score__type_support.h
[23.392s] -- Installing: /home/lhl/nav2_ws/src/install/dwb_msgs/include/dwb_msgs/dwb_msgs/msg/detail/local_plan_evaluation__functions.h
[23.392s] -- Installing: /home/lhl/nav2_ws/src/install/dwb_msgs/include/dwb_msgs/dwb_msgs/msg/detail/critic_score__functions.c
[23.392s] -- Installing: /home/lhl/nav2_ws/src/install/dwb_msgs/include/dwb_msgs/dwb_msgs/msg/detail/trajectory2_d__functions.c
[23.392s] -- Installing: /home/lhl/nav2_ws/src/install/dwb_msgs/include/dwb_msgs/dwb_msgs/msg/detail/trajectory_score__functions.c
[23.392s] -- Installing: /home/lhl/nav2_ws/src/install/dwb_msgs/include/dwb_msgs/dwb_msgs/msg/detail/critic_score__struct.h
[23.393s] -- Installing: /home/lhl/nav2_ws/src/install/dwb_msgs/include/dwb_msgs/dwb_msgs/msg/trajectory_score.h
[23.393s] -- Installing: /home/lhl/nav2_ws/src/install/dwb_msgs/include/dwb_msgs/dwb_msgs/srv
[23.393s] -- Installing: /home/lhl/nav2_ws/src/install/dwb_msgs/include/dwb_msgs/dwb_msgs/srv/get_critic_score.h
[23.393s] -- Installing: /home/lhl/nav2_ws/src/install/dwb_msgs/include/dwb_msgs/dwb_msgs/srv/generate_twists.h
[23.393s] -- Installing: /home/lhl/nav2_ws/src/install/dwb_msgs/include/dwb_msgs/dwb_msgs/srv/generate_trajectory.h
[23.393s] -- Installing: /home/lhl/nav2_ws/src/install/dwb_msgs/include/dwb_msgs/dwb_msgs/srv/debug_local_plan.h
[23.393s] -- Installing: /home/lhl/nav2_ws/src/install/dwb_msgs/include/dwb_msgs/dwb_msgs/srv/score_trajectory.h
[23.394s] -- Installing: /home/lhl/nav2_ws/src/install/dwb_msgs/include/dwb_msgs/dwb_msgs/srv/detail
[23.394s] -- Installing: /home/lhl/nav2_ws/src/install/dwb_msgs/include/dwb_msgs/dwb_msgs/srv/detail/score_trajectory__functions.c
[23.394s] -- Installing: /home/lhl/nav2_ws/src/install/dwb_msgs/include/dwb_msgs/dwb_msgs/srv/detail/get_critic_score__functions.h
[23.394s] -- Installing: /home/lhl/nav2_ws/src/install/dwb_msgs/include/dwb_msgs/dwb_msgs/srv/detail/generate_twists__functions.h
[23.394s] -- Installing: /home/lhl/nav2_ws/src/install/dwb_msgs/include/dwb_msgs/dwb_msgs/srv/detail/debug_local_plan__type_support.h
[23.395s] -- Installing: /home/lhl/nav2_ws/src/install/dwb_msgs/include/dwb_msgs/dwb_msgs/srv/detail/debug_local_plan__functions.c
[23.395s] -- Installing: /home/lhl/nav2_ws/src/install/dwb_msgs/include/dwb_msgs/dwb_msgs/srv/detail/generate_trajectory__struct.h
[23.400s] -- Installing: /home/lhl/nav2_ws/src/install/dwb_msgs/include/dwb_msgs/dwb_msgs/srv/detail/score_trajectory__type_support.h
[23.407s] -- Installing: /home/lhl/nav2_ws/src/install/dwb_msgs/include/dwb_msgs/dwb_msgs/srv/detail/get_critic_score__struct.h
[23.409s] -- Installing: /home/lhl/nav2_ws/src/install/dwb_msgs/include/dwb_msgs/dwb_msgs/srv/detail/generate_trajectory__functions.h
[23.409s] -- Installing: /home/lhl/nav2_ws/src/install/dwb_msgs/include/dwb_msgs/dwb_msgs/srv/detail/score_trajectory__struct.h
[23.409s] -- Installing: /home/lhl/nav2_ws/src/install/dwb_msgs/include/dwb_msgs/dwb_msgs/srv/detail/generate_twists__type_support.h
[23.410s] -- Installing: /home/lhl/nav2_ws/src/install/dwb_msgs/include/dwb_msgs/dwb_msgs/srv/detail/debug_local_plan__struct.h
[23.410s] -- Installing: /home/lhl/nav2_ws/src/install/dwb_msgs/include/dwb_msgs/dwb_msgs/srv/detail/generate_twists__functions.c
[23.410s] -- Installing: /home/lhl/nav2_ws/src/install/dwb_msgs/include/dwb_msgs/dwb_msgs/srv/detail/debug_local_plan__functions.h
[23.410s] -- Installing: /home/lhl/nav2_ws/src/install/dwb_msgs/include/dwb_msgs/dwb_msgs/srv/detail/score_trajectory__functions.h
[23.410s] -- Installing: /home/lhl/nav2_ws/src/install/dwb_msgs/include/dwb_msgs/dwb_msgs/srv/detail/generate_trajectory__functions.c
[23.410s] -- Installing: /home/lhl/nav2_ws/src/install/dwb_msgs/include/dwb_msgs/dwb_msgs/srv/detail/get_critic_score__type_support.h
[23.410s] -- Installing: /home/lhl/nav2_ws/src/install/dwb_msgs/include/dwb_msgs/dwb_msgs/srv/detail/get_critic_score__functions.c
[23.411s] -- Installing: /home/lhl/nav2_ws/src/install/dwb_msgs/include/dwb_msgs/dwb_msgs/srv/detail/generate_trajectory__type_support.h
[23.411s] -- Installing: /home/lhl/nav2_ws/src/install/dwb_msgs/include/dwb_msgs/dwb_msgs/srv/detail/generate_twists__struct.h
[23.411s] -- Installing: /home/lhl/nav2_ws/src/install/dwb_msgs/share/dwb_msgs/environment/library_path.sh
[23.411s] -- Installing: /home/lhl/nav2_ws/src/install/dwb_msgs/share/dwb_msgs/environment/library_path.dsv
[23.411s] -- Installing: /home/lhl/nav2_ws/src/install/dwb_msgs/lib/libdwb_msgs__rosidl_generator_c.so
[23.411s] -- Set runtime path of "/home/lhl/nav2_ws/src/install/dwb_msgs/lib/libdwb_msgs__rosidl_generator_c.so" to ""
[23.411s] -- Up-to-date: /home/lhl/nav2_ws/src/install/dwb_msgs/include/dwb_msgs/dwb_msgs
[23.411s] -- Up-to-date: /home/lhl/nav2_ws/src/install/dwb_msgs/include/dwb_msgs/dwb_msgs/msg
[23.411s] -- Installing: /home/lhl/nav2_ws/src/install/dwb_msgs/include/dwb_msgs/dwb_msgs/msg/rosidl_typesupport_fastrtps_c__visibility_control.h
[23.412s] -- Up-to-date: /home/lhl/nav2_ws/src/install/dwb_msgs/include/dwb_msgs/dwb_msgs/msg/detail
[23.412s] -- Installing: /home/lhl/nav2_ws/src/install/dwb_msgs/include/dwb_msgs/dwb_msgs/msg/detail/critic_score__rosidl_typesupport_fastrtps_c.h
[23.412s] -- Installing: /home/lhl/nav2_ws/src/install/dwb_msgs/include/dwb_msgs/dwb_msgs/msg/detail/trajectory_score__rosidl_typesupport_fastrtps_c.h
[23.412s] -- Installing: /home/lhl/nav2_ws/src/install/dwb_msgs/include/dwb_msgs/dwb_msgs/msg/detail/local_plan_evaluation__rosidl_typesupport_fastrtps_c.h
[23.412s] -- Installing: /home/lhl/nav2_ws/src/install/dwb_msgs/include/dwb_msgs/dwb_msgs/msg/detail/trajectory2_d__rosidl_typesupport_fastrtps_c.h
[23.412s] -- Up-to-date: /home/lhl/nav2_ws/src/install/dwb_msgs/include/dwb_msgs/dwb_msgs/srv
[23.412s] -- Up-to-date: /home/lhl/nav2_ws/src/install/dwb_msgs/include/dwb_msgs/dwb_msgs/srv/detail
[23.412s] -- Installing: /home/lhl/nav2_ws/src/install/dwb_msgs/include/dwb_msgs/dwb_msgs/srv/detail/generate_trajectory__rosidl_typesupport_fastrtps_c.h
[23.412s] -- Installing: /home/lhl/nav2_ws/src/install/dwb_msgs/include/dwb_msgs/dwb_msgs/srv/detail/score_trajectory__rosidl_typesupport_fastrtps_c.h
[23.413s] -- Installing: /home/lhl/nav2_ws/src/install/dwb_msgs/include/dwb_msgs/dwb_msgs/srv/detail/debug_local_plan__rosidl_typesupport_fastrtps_c.h
[23.413s] -- Installing: /home/lhl/nav2_ws/src/install/dwb_msgs/include/dwb_msgs/dwb_msgs/srv/detail/get_critic_score__rosidl_typesupport_fastrtps_c.h
[23.413s] -- Installing: /home/lhl/nav2_ws/src/install/dwb_msgs/include/dwb_msgs/dwb_msgs/srv/detail/generate_twists__rosidl_typesupport_fastrtps_c.h
[23.413s] -- Installing: /home/lhl/nav2_ws/src/install/dwb_msgs/lib/libdwb_msgs__rosidl_typesupport_fastrtps_c.so
[23.415s] -- Set runtime path of "/home/lhl/nav2_ws/src/install/dwb_msgs/lib/libdwb_msgs__rosidl_typesupport_fastrtps_c.so" to ""
[23.416s] -- Up-to-date: /home/lhl/nav2_ws/src/install/dwb_msgs/include/dwb_msgs/dwb_msgs
[23.416s] -- Up-to-date: /home/lhl/nav2_ws/src/install/dwb_msgs/include/dwb_msgs/dwb_msgs/msg
[23.416s] -- Installing: /home/lhl/nav2_ws/src/install/dwb_msgs/include/dwb_msgs/dwb_msgs/msg/critic_score.hpp
[23.416s] -- Installing: /home/lhl/nav2_ws/src/install/dwb_msgs/include/dwb_msgs/dwb_msgs/msg/trajectory_score.hpp
[23.416s] -- Installing: /home/lhl/nav2_ws/src/install/dwb_msgs/include/dwb_msgs/dwb_msgs/msg/local_plan_evaluation.hpp
[23.417s] -- Installing: /home/lhl/nav2_ws/src/install/dwb_msgs/include/dwb_msgs/dwb_msgs/msg/trajectory2_d.hpp
[23.417s] -- Up-to-date: /home/lhl/nav2_ws/src/install/dwb_msgs/include/dwb_msgs/dwb_msgs/msg/detail
[23.417s] -- Installing: /home/lhl/nav2_ws/src/install/dwb_msgs/include/dwb_msgs/dwb_msgs/msg/detail/local_plan_evaluation__struct.hpp
[23.417s] -- Installing: /home/lhl/nav2_ws/src/install/dwb_msgs/include/dwb_msgs/dwb_msgs/msg/detail/critic_score__builder.hpp
[23.417s] -- Installing: /home/lhl/nav2_ws/src/install/dwb_msgs/include/dwb_msgs/dwb_msgs/msg/detail/critic_score__struct.hpp
[23.417s] -- Installing: /home/lhl/nav2_ws/src/install/dwb_msgs/include/dwb_msgs/dwb_msgs/msg/detail/local_plan_evaluation__builder.hpp
[23.417s] -- Installing: /home/lhl/nav2_ws/src/install/dwb_msgs/include/dwb_msgs/dwb_msgs/msg/detail/local_plan_evaluation__traits.hpp
[23.418s] -- Installing: /home/lhl/nav2_ws/src/install/dwb_msgs/include/dwb_msgs/dwb_msgs/msg/detail/trajectory_score__traits.hpp
[23.418s] -- Installing: /home/lhl/nav2_ws/src/install/dwb_msgs/include/dwb_msgs/dwb_msgs/msg/detail/trajectory2_d__struct.hpp
[23.418s] -- Installing: /home/lhl/nav2_ws/src/install/dwb_msgs/include/dwb_msgs/dwb_msgs/msg/detail/trajectory2_d__builder.hpp
[23.418s] -- Installing: /home/lhl/nav2_ws/src/install/dwb_msgs/include/dwb_msgs/dwb_msgs/msg/detail/trajectory2_d__traits.hpp
[23.418s] -- Installing: /home/lhl/nav2_ws/src/install/dwb_msgs/include/dwb_msgs/dwb_msgs/msg/detail/critic_score__traits.hpp
[23.418s] -- Installing: /home/lhl/nav2_ws/src/install/dwb_msgs/include/dwb_msgs/dwb_msgs/msg/detail/trajectory_score__builder.hpp
[23.418s] -- Installing: /home/lhl/nav2_ws/src/install/dwb_msgs/include/dwb_msgs/dwb_msgs/msg/detail/trajectory_score__struct.hpp
[23.418s] -- Up-to-date: /home/lhl/nav2_ws/src/install/dwb_msgs/include/dwb_msgs/dwb_msgs/srv
[23.418s] -- Installing: /home/lhl/nav2_ws/src/install/dwb_msgs/include/dwb_msgs/dwb_msgs/srv/score_trajectory.hpp
[23.418s] -- Installing: /home/lhl/nav2_ws/src/install/dwb_msgs/include/dwb_msgs/dwb_msgs/srv/generate_trajectory.hpp
[23.418s] -- Installing: /home/lhl/nav2_ws/src/install/dwb_msgs/include/dwb_msgs/dwb_msgs/srv/generate_twists.hpp
[23.419s] -- Installing: /home/lhl/nav2_ws/src/install/dwb_msgs/include/dwb_msgs/dwb_msgs/srv/debug_local_plan.hpp
[23.419s] -- Installing: /home/lhl/nav2_ws/src/install/dwb_msgs/include/dwb_msgs/dwb_msgs/srv/get_critic_score.hpp
[23.419s] -- Up-to-date: /home/lhl/nav2_ws/src/install/dwb_msgs/include/dwb_msgs/dwb_msgs/srv/detail
[23.419s] -- Installing: /home/lhl/nav2_ws/src/install/dwb_msgs/include/dwb_msgs/dwb_msgs/srv/detail/debug_local_plan__struct.hpp
[23.419s] -- Installing: /home/lhl/nav2_ws/src/install/dwb_msgs/include/dwb_msgs/dwb_msgs/srv/detail/score_trajectory__traits.hpp
[23.419s] -- Installing: /home/lhl/nav2_ws/src/install/dwb_msgs/include/dwb_msgs/dwb_msgs/srv/detail/score_trajectory__builder.hpp
[23.419s] -- Installing: /home/lhl/nav2_ws/src/install/dwb_msgs/include/dwb_msgs/dwb_msgs/srv/detail/generate_trajectory__struct.hpp
[23.420s] -- Installing: /home/lhl/nav2_ws/src/install/dwb_msgs/include/dwb_msgs/dwb_msgs/srv/detail/get_critic_score__struct.hpp
[23.420s] -- Installing: /home/lhl/nav2_ws/src/install/dwb_msgs/include/dwb_msgs/dwb_msgs/srv/detail/generate_twists__builder.hpp
[23.420s] -- Installing: /home/lhl/nav2_ws/src/install/dwb_msgs/include/dwb_msgs/dwb_msgs/srv/detail/generate_trajectory__builder.hpp
[23.420s] -- Installing: /home/lhl/nav2_ws/src/install/dwb_msgs/include/dwb_msgs/dwb_msgs/srv/detail/get_critic_score__builder.hpp
[23.420s] -- Installing: /home/lhl/nav2_ws/src/install/dwb_msgs/include/dwb_msgs/dwb_msgs/srv/detail/score_trajectory__struct.hpp
[23.420s] -- Installing: /home/lhl/nav2_ws/src/install/dwb_msgs/include/dwb_msgs/dwb_msgs/srv/detail/generate_twists__struct.hpp
[23.420s] -- Installing: /home/lhl/nav2_ws/src/install/dwb_msgs/include/dwb_msgs/dwb_msgs/srv/detail/get_critic_score__traits.hpp
[23.420s] -- Installing: /home/lhl/nav2_ws/src/install/dwb_msgs/include/dwb_msgs/dwb_msgs/srv/detail/debug_local_plan__traits.hpp
[23.420s] -- Installing: /home/lhl/nav2_ws/src/install/dwb_msgs/include/dwb_msgs/dwb_msgs/srv/detail/generate_twists__traits.hpp
[23.420s] -- Installing: /home/lhl/nav2_ws/src/install/dwb_msgs/include/dwb_msgs/dwb_msgs/srv/detail/debug_local_plan__builder.hpp
[23.421s] -- Installing: /home/lhl/nav2_ws/src/install/dwb_msgs/include/dwb_msgs/dwb_msgs/srv/detail/generate_trajectory__traits.hpp
[23.421s] -- Up-to-date: /home/lhl/nav2_ws/src/install/dwb_msgs/include/dwb_msgs/dwb_msgs
[23.421s] -- Up-to-date: /home/lhl/nav2_ws/src/install/dwb_msgs/include/dwb_msgs/dwb_msgs/msg
[23.421s] -- Installing: /home/lhl/nav2_ws/src/install/dwb_msgs/include/dwb_msgs/dwb_msgs/msg/rosidl_typesupport_fastrtps_cpp__visibility_control.h
[23.421s] -- Up-to-date: /home/lhl/nav2_ws/src/install/dwb_msgs/include/dwb_msgs/dwb_msgs/msg/detail
[23.422s] -- Installing: /home/lhl/nav2_ws/src/install/dwb_msgs/include/dwb_msgs/dwb_msgs/msg/detail/trajectory_score__rosidl_typesupport_fastrtps_cpp.hpp
[23.422s] -- Installing: /home/lhl/nav2_ws/src/install/dwb_msgs/include/dwb_msgs/dwb_msgs/msg/detail/critic_score__rosidl_typesupport_fastrtps_cpp.hpp
[23.422s] -- Installing: /home/lhl/nav2_ws/src/install/dwb_msgs/include/dwb_msgs/dwb_msgs/msg/detail/local_plan_evaluation__rosidl_typesupport_fastrtps_cpp.hpp
[23.422s] -- Installing: /home/lhl/nav2_ws/src/install/dwb_msgs/include/dwb_msgs/dwb_msgs/msg/detail/trajectory2_d__rosidl_typesupport_fastrtps_cpp.hpp
[23.422s] -- Installing: /home/lhl/nav2_ws/src/install/dwb_msgs/include/dwb_msgs/dwb_msgs/msg/detail/dds_fastrtps
[23.423s] -- Up-to-date: /home/lhl/nav2_ws/src/install/dwb_msgs/include/dwb_msgs/dwb_msgs/srv
[23.423s] -- Up-to-date: /home/lhl/nav2_ws/src/install/dwb_msgs/include/dwb_msgs/dwb_msgs/srv/detail
[23.423s] -- Installing: /home/lhl/nav2_ws/src/install/dwb_msgs/include/dwb_msgs/dwb_msgs/srv/detail/generate_twists__rosidl_typesupport_fastrtps_cpp.hpp
[23.423s] -- Installing: /home/lhl/nav2_ws/src/install/dwb_msgs/include/dwb_msgs/dwb_msgs/srv/detail/score_trajectory__rosidl_typesupport_fastrtps_cpp.hpp
[23.423s] -- Installing: /home/lhl/nav2_ws/src/install/dwb_msgs/include/dwb_msgs/dwb_msgs/srv/detail/generate_trajectory__rosidl_typesupport_fastrtps_cpp.hpp
[23.424s] -- Installing: /home/lhl/nav2_ws/src/install/dwb_msgs/include/dwb_msgs/dwb_msgs/srv/detail/get_critic_score__rosidl_typesupport_fastrtps_cpp.hpp
[23.424s] -- Installing: /home/lhl/nav2_ws/src/install/dwb_msgs/include/dwb_msgs/dwb_msgs/srv/detail/debug_local_plan__rosidl_typesupport_fastrtps_cpp.hpp
[23.424s] -- Installing: /home/lhl/nav2_ws/src/install/dwb_msgs/include/dwb_msgs/dwb_msgs/srv/detail/dds_fastrtps
[23.424s] -- Installing: /home/lhl/nav2_ws/src/install/dwb_msgs/lib/libdwb_msgs__rosidl_typesupport_fastrtps_cpp.so
[23.424s] -- Set runtime path of "/home/lhl/nav2_ws/src/install/dwb_msgs/lib/libdwb_msgs__rosidl_typesupport_fastrtps_cpp.so" to ""
[23.424s] -- Up-to-date: /home/lhl/nav2_ws/src/install/dwb_msgs/include/dwb_msgs/dwb_msgs
[23.424s] -- Up-to-date: /home/lhl/nav2_ws/src/install/dwb_msgs/include/dwb_msgs/dwb_msgs/msg
[23.425s] -- Installing: /home/lhl/nav2_ws/src/install/dwb_msgs/include/dwb_msgs/dwb_msgs/msg/rosidl_typesupport_introspection_c__visibility_control.h
[23.425s] -- Up-to-date: /home/lhl/nav2_ws/src/install/dwb_msgs/include/dwb_msgs/dwb_msgs/msg/detail
[23.425s] -- Installing: /home/lhl/nav2_ws/src/install/dwb_msgs/include/dwb_msgs/dwb_msgs/msg/detail/critic_score__type_support.c
[23.425s] -- Installing: /home/lhl/nav2_ws/src/install/dwb_msgs/include/dwb_msgs/dwb_msgs/msg/detail/local_plan_evaluation__type_support.c
[23.425s] -- Installing: /home/lhl/nav2_ws/src/install/dwb_msgs/include/dwb_msgs/dwb_msgs/msg/detail/trajectory_score__type_support.c
[23.425s] -- Installing: /home/lhl/nav2_ws/src/install/dwb_msgs/include/dwb_msgs/dwb_msgs/msg/detail/local_plan_evaluation__rosidl_typesupport_introspection_c.h
[23.425s] -- Installing: /home/lhl/nav2_ws/src/install/dwb_msgs/include/dwb_msgs/dwb_msgs/msg/detail/trajectory_score__rosidl_typesupport_introspection_c.h
[23.426s] -- Installing: /home/lhl/nav2_ws/src/install/dwb_msgs/include/dwb_msgs/dwb_msgs/msg/detail/trajectory2_d__type_support.c
[23.426s] -- Installing: /home/lhl/nav2_ws/src/install/dwb_msgs/include/dwb_msgs/dwb_msgs/msg/detail/critic_score__rosidl_typesupport_introspection_c.h
[23.426s] -- Installing: /home/lhl/nav2_ws/src/install/dwb_msgs/include/dwb_msgs/dwb_msgs/msg/detail/trajectory2_d__rosidl_typesupport_introspection_c.h
[23.426s] -- Up-to-date: /home/lhl/nav2_ws/src/install/dwb_msgs/include/dwb_msgs/dwb_msgs/srv
[23.426s] -- Up-to-date: /home/lhl/nav2_ws/src/install/dwb_msgs/include/dwb_msgs/dwb_msgs/srv/detail
[23.426s] -- Installing: /home/lhl/nav2_ws/src/install/dwb_msgs/include/dwb_msgs/dwb_msgs/srv/detail/debug_local_plan__type_support.c
[23.426s] -- Installing: /home/lhl/nav2_ws/src/install/dwb_msgs/include/dwb_msgs/dwb_msgs/srv/detail/generate_trajectory__type_support.c
[23.426s] -- Installing: /home/lhl/nav2_ws/src/install/dwb_msgs/include/dwb_msgs/dwb_msgs/srv/detail/score_trajectory__rosidl_typesupport_introspection_c.h
[23.426s] -- Installing: /home/lhl/nav2_ws/src/install/dwb_msgs/include/dwb_msgs/dwb_msgs/srv/detail/score_trajectory__type_support.c
[23.426s] -- Installing: /home/lhl/nav2_ws/src/install/dwb_msgs/include/dwb_msgs/dwb_msgs/srv/detail/generate_trajectory__rosidl_typesupport_introspection_c.h
[23.426s] -- Installing: /home/lhl/nav2_ws/src/install/dwb_msgs/include/dwb_msgs/dwb_msgs/srv/detail/generate_twists__rosidl_typesupport_introspection_c.h
[23.427s] -- Installing: /home/lhl/nav2_ws/src/install/dwb_msgs/include/dwb_msgs/dwb_msgs/srv/detail/generate_twists__type_support.c
[23.427s] -- Installing: /home/lhl/nav2_ws/src/install/dwb_msgs/include/dwb_msgs/dwb_msgs/srv/detail/get_critic_score__type_support.c
[23.427s] -- Installing: /home/lhl/nav2_ws/src/install/dwb_msgs/include/dwb_msgs/dwb_msgs/srv/detail/get_critic_score__rosidl_typesupport_introspection_c.h
[23.427s] -- Installing: /home/lhl/nav2_ws/src/install/dwb_msgs/include/dwb_msgs/dwb_msgs/srv/detail/debug_local_plan__rosidl_typesupport_introspection_c.h
[23.427s] -- Installing: /home/lhl/nav2_ws/src/install/dwb_msgs/lib/libdwb_msgs__rosidl_typesupport_introspection_c.so
[23.427s] -- Set runtime path of "/home/lhl/nav2_ws/src/install/dwb_msgs/lib/libdwb_msgs__rosidl_typesupport_introspection_c.so" to ""
[23.427s] -- Installing: /home/lhl/nav2_ws/src/install/dwb_msgs/lib/libdwb_msgs__rosidl_typesupport_c.so
[23.428s] -- Set runtime path of "/home/lhl/nav2_ws/src/install/dwb_msgs/lib/libdwb_msgs__rosidl_typesupport_c.so" to ""
[23.428s] -- Up-to-date: /home/lhl/nav2_ws/src/install/dwb_msgs/include/dwb_msgs/dwb_msgs
[23.428s] -- Up-to-date: /home/lhl/nav2_ws/src/install/dwb_msgs/include/dwb_msgs/dwb_msgs/msg
[23.428s] -- Up-to-date: /home/lhl/nav2_ws/src/install/dwb_msgs/include/dwb_msgs/dwb_msgs/msg/detail
[23.428s] -- Installing: /home/lhl/nav2_ws/src/install/dwb_msgs/include/dwb_msgs/dwb_msgs/msg/detail/critic_score__rosidl_typesupport_introspection_cpp.hpp
[23.428s] -- Installing: /home/lhl/nav2_ws/src/install/dwb_msgs/include/dwb_msgs/dwb_msgs/msg/detail/trajectory2_d__type_support.cpp
[23.428s] -- Installing: /home/lhl/nav2_ws/src/install/dwb_msgs/include/dwb_msgs/dwb_msgs/msg/detail/critic_score__type_support.cpp
[23.428s] -- Installing: /home/lhl/nav2_ws/src/install/dwb_msgs/include/dwb_msgs/dwb_msgs/msg/detail/trajectory_score__type_support.cpp
[23.428s] -- Installing: /home/lhl/nav2_ws/src/install/dwb_msgs/include/dwb_msgs/dwb_msgs/msg/detail/trajectory2_d__rosidl_typesupport_introspection_cpp.hpp
[23.428s] -- Installing: /home/lhl/nav2_ws/src/install/dwb_msgs/include/dwb_msgs/dwb_msgs/msg/detail/trajectory_score__rosidl_typesupport_introspection_cpp.hpp
[23.429s] -- Installing: /home/lhl/nav2_ws/src/install/dwb_msgs/include/dwb_msgs/dwb_msgs/msg/detail/local_plan_evaluation__type_support.cpp
[23.429s] -- Installing: /home/lhl/nav2_ws/src/install/dwb_msgs/include/dwb_msgs/dwb_msgs/msg/detail/local_plan_evaluation__rosidl_typesupport_introspection_cpp.hpp
[23.429s] -- Up-to-date: /home/lhl/nav2_ws/src/install/dwb_msgs/include/dwb_msgs/dwb_msgs/srv
[23.429s] -- Up-to-date: /home/lhl/nav2_ws/src/install/dwb_msgs/include/dwb_msgs/dwb_msgs/srv/detail
[23.429s] -- Installing: /home/lhl/nav2_ws/src/install/dwb_msgs/include/dwb_msgs/dwb_msgs/srv/detail/generate_trajectory__rosidl_typesupport_introspection_cpp.hpp
[23.429s] -- Installing: /home/lhl/nav2_ws/src/install/dwb_msgs/include/dwb_msgs/dwb_msgs/srv/detail/generate_twists__type_support.cpp
[23.430s] -- Installing: /home/lhl/nav2_ws/src/install/dwb_msgs/include/dwb_msgs/dwb_msgs/srv/detail/debug_local_plan__type_support.cpp
[23.430s] -- Installing: /home/lhl/nav2_ws/src/install/dwb_msgs/include/dwb_msgs/dwb_msgs/srv/detail/generate_twists__rosidl_typesupport_introspection_cpp.hpp
[23.430s] -- Installing: /home/lhl/nav2_ws/src/install/dwb_msgs/include/dwb_msgs/dwb_msgs/srv/detail/score_trajectory__rosidl_typesupport_introspection_cpp.hpp
[23.430s] -- Installing: /home/lhl/nav2_ws/src/install/dwb_msgs/include/dwb_msgs/dwb_msgs/srv/detail/score_trajectory__type_support.cpp
[23.430s] -- Installing: /home/lhl/nav2_ws/src/install/dwb_msgs/include/dwb_msgs/dwb_msgs/srv/detail/debug_local_plan__rosidl_typesupport_introspection_cpp.hpp
[23.430s] -- Installing: /home/lhl/nav2_ws/src/install/dwb_msgs/include/dwb_msgs/dwb_msgs/srv/detail/generate_trajectory__type_support.cpp
[23.431s] -- Installing: /home/lhl/nav2_ws/src/install/dwb_msgs/include/dwb_msgs/dwb_msgs/srv/detail/get_critic_score__type_support.cpp
[23.431s] -- Installing: /home/lhl/nav2_ws/src/install/dwb_msgs/include/dwb_msgs/dwb_msgs/srv/detail/get_critic_score__rosidl_typesupport_introspection_cpp.hpp
[23.431s] -- Installing: /home/lhl/nav2_ws/src/install/dwb_msgs/lib/libdwb_msgs__rosidl_typesupport_introspection_cpp.so
[23.431s] -- Set runtime path of "/home/lhl/nav2_ws/src/install/dwb_msgs/lib/libdwb_msgs__rosidl_typesupport_introspection_cpp.so" to ""
[23.431s] -- Installing: /home/lhl/nav2_ws/src/install/dwb_msgs/lib/libdwb_msgs__rosidl_typesupport_cpp.so
[23.431s] -- Set runtime path of "/home/lhl/nav2_ws/src/install/dwb_msgs/lib/libdwb_msgs__rosidl_typesupport_cpp.so" to ""
[23.432s] -- Installing: /home/lhl/nav2_ws/src/install/dwb_msgs/share/dwb_msgs/environment/pythonpath.sh
[23.432s] -- Installing: /home/lhl/nav2_ws/src/install/dwb_msgs/share/dwb_msgs/environment/pythonpath.dsv
[23.432s] -- Installing: /home/lhl/nav2_ws/src/install/dwb_msgs/local/lib/python3.10/dist-packages/dwb_msgs-1.1.6-py3.10.egg-info
[23.432s] -- Installing: /home/lhl/nav2_ws/src/install/dwb_msgs/local/lib/python3.10/dist-packages/dwb_msgs-1.1.6-py3.10.egg-info/dependency_links.txt
[23.432s] -- Installing: /home/lhl/nav2_ws/src/install/dwb_msgs/local/lib/python3.10/dist-packages/dwb_msgs-1.1.6-py3.10.egg-info/SOURCES.txt
[23.432s] -- Installing: /home/lhl/nav2_ws/src/install/dwb_msgs/local/lib/python3.10/dist-packages/dwb_msgs-1.1.6-py3.10.egg-info/PKG-INFO
[23.433s] -- Installing: /home/lhl/nav2_ws/src/install/dwb_msgs/local/lib/python3.10/dist-packages/dwb_msgs-1.1.6-py3.10.egg-info/top_level.txt
[23.433s] -- Installing: /home/lhl/nav2_ws/src/install/dwb_msgs/local/lib/python3.10/dist-packages/dwb_msgs
[23.433s] -- Installing: /home/lhl/nav2_ws/src/install/dwb_msgs/local/lib/python3.10/dist-packages/dwb_msgs/_dwb_msgs_s.ep.rosidl_typesupport_c.c
[23.433s] -- Installing: /home/lhl/nav2_ws/src/install/dwb_msgs/local/lib/python3.10/dist-packages/dwb_msgs/msg
[23.433s] -- Installing: /home/lhl/nav2_ws/src/install/dwb_msgs/local/lib/python3.10/dist-packages/dwb_msgs/msg/_trajectory_score_s.c
[23.433s] -- Installing: /home/lhl/nav2_ws/src/install/dwb_msgs/local/lib/python3.10/dist-packages/dwb_msgs/msg/_local_plan_evaluation_s.c
[23.434s] -- Installing: /home/lhl/nav2_ws/src/install/dwb_msgs/local/lib/python3.10/dist-packages/dwb_msgs/msg/_trajectory2_d.py
[23.434s] -- Installing: /home/lhl/nav2_ws/src/install/dwb_msgs/local/lib/python3.10/dist-packages/dwb_msgs/msg/_trajectory2_d_s.c
[23.434s] -- Installing: /home/lhl/nav2_ws/src/install/dwb_msgs/local/lib/python3.10/dist-packages/dwb_msgs/msg/_critic_score.py
[23.434s] -- Installing: /home/lhl/nav2_ws/src/install/dwb_msgs/local/lib/python3.10/dist-packages/dwb_msgs/msg/_critic_score_s.c
[23.434s] -- Installing: /home/lhl/nav2_ws/src/install/dwb_msgs/local/lib/python3.10/dist-packages/dwb_msgs/msg/_local_plan_evaluation.py
[23.435s] -- Installing: /home/lhl/nav2_ws/src/install/dwb_msgs/local/lib/python3.10/dist-packages/dwb_msgs/msg/_trajectory_score.py
[23.435s] -- Installing: /home/lhl/nav2_ws/src/install/dwb_msgs/local/lib/python3.10/dist-packages/dwb_msgs/msg/__init__.py
[23.435s] -- Installing: /home/lhl/nav2_ws/src/install/dwb_msgs/local/lib/python3.10/dist-packages/dwb_msgs/libdwb_msgs__rosidl_generator_py.so
[23.435s] -- Installing: /home/lhl/nav2_ws/src/install/dwb_msgs/local/lib/python3.10/dist-packages/dwb_msgs/dwb_msgs_s__rosidl_typesupport_c.cpython-310-x86_64-linux-gnu.so
[23.435s] -- Installing: /home/lhl/nav2_ws/src/install/dwb_msgs/local/lib/python3.10/dist-packages/dwb_msgs/dwb_msgs_s__rosidl_typesupport_fastrtps_c.cpython-310-x86_64-linux-gnu.so
[23.435s] -- Installing: /home/lhl/nav2_ws/src/install/dwb_msgs/local/lib/python3.10/dist-packages/dwb_msgs/dwb_msgs_s__rosidl_typesupport_introspection_c.cpython-310-x86_64-linux-gnu.so
[23.436s] -- Installing: /home/lhl/nav2_ws/src/install/dwb_msgs/local/lib/python3.10/dist-packages/dwb_msgs/_dwb_msgs_s.ep.rosidl_typesupport_introspection_c.c
[23.436s] -- Installing: /home/lhl/nav2_ws/src/install/dwb_msgs/local/lib/python3.10/dist-packages/dwb_msgs/_dwb_msgs_s.ep.rosidl_typesupport_fastrtps_c.c
[23.436s] -- Installing: /home/lhl/nav2_ws/src/install/dwb_msgs/local/lib/python3.10/dist-packages/dwb_msgs/srv
[23.436s] -- Installing: /home/lhl/nav2_ws/src/install/dwb_msgs/local/lib/python3.10/dist-packages/dwb_msgs/srv/_generate_trajectory_s.c
[23.436s] -- Installing: /home/lhl/nav2_ws/src/install/dwb_msgs/local/lib/python3.10/dist-packages/dwb_msgs/srv/_debug_local_plan.py
[23.436s] -- Installing: /home/lhl/nav2_ws/src/install/dwb_msgs/local/lib/python3.10/dist-packages/dwb_msgs/srv/_generate_twists_s.c
[23.436s] -- Installing: /home/lhl/nav2_ws/src/install/dwb_msgs/local/lib/python3.10/dist-packages/dwb_msgs/srv/_score_trajectory.py
[23.437s] -- Installing: /home/lhl/nav2_ws/src/install/dwb_msgs/local/lib/python3.10/dist-packages/dwb_msgs/srv/_score_trajectory_s.c
[23.437s] -- Installing: /home/lhl/nav2_ws/src/install/dwb_msgs/local/lib/python3.10/dist-packages/dwb_msgs/srv/_generate_trajectory.py
[23.437s] -- Installing: /home/lhl/nav2_ws/src/install/dwb_msgs/local/lib/python3.10/dist-packages/dwb_msgs/srv/_get_critic_score.py
[23.437s] -- Installing: /home/lhl/nav2_ws/src/install/dwb_msgs/local/lib/python3.10/dist-packages/dwb_msgs/srv/_generate_twists.py
[23.437s] -- Installing: /home/lhl/nav2_ws/src/install/dwb_msgs/local/lib/python3.10/dist-packages/dwb_msgs/srv/_get_critic_score_s.c
[23.437s] -- Installing: /home/lhl/nav2_ws/src/install/dwb_msgs/local/lib/python3.10/dist-packages/dwb_msgs/srv/_debug_local_plan_s.c
[23.437s] -- Installing: /home/lhl/nav2_ws/src/install/dwb_msgs/local/lib/python3.10/dist-packages/dwb_msgs/srv/__init__.py
[23.437s] -- Installing: /home/lhl/nav2_ws/src/install/dwb_msgs/local/lib/python3.10/dist-packages/dwb_msgs/__init__.py
[23.648s] Listing '/home/lhl/nav2_ws/src/install/dwb_msgs/local/lib/python3.10/dist-packages/dwb_msgs'...
[23.648s] Compiling '/home/lhl/nav2_ws/src/install/dwb_msgs/local/lib/python3.10/dist-packages/dwb_msgs/__init__.py'...
[23.648s] Listing '/home/lhl/nav2_ws/src/install/dwb_msgs/local/lib/python3.10/dist-packages/dwb_msgs/msg'...
[23.648s] Compiling '/home/lhl/nav2_ws/src/install/dwb_msgs/local/lib/python3.10/dist-packages/dwb_msgs/msg/__init__.py'...
[23.648s] Compiling '/home/lhl/nav2_ws/src/install/dwb_msgs/local/lib/python3.10/dist-packages/dwb_msgs/msg/_critic_score.py'...
[23.648s] Compiling '/home/lhl/nav2_ws/src/install/dwb_msgs/local/lib/python3.10/dist-packages/dwb_msgs/msg/_local_plan_evaluation.py'...
[23.648s] Compiling '/home/lhl/nav2_ws/src/install/dwb_msgs/local/lib/python3.10/dist-packages/dwb_msgs/msg/_trajectory2_d.py'...
[23.649s] Compiling '/home/lhl/nav2_ws/src/install/dwb_msgs/local/lib/python3.10/dist-packages/dwb_msgs/msg/_trajectory_score.py'...
[23.649s] Listing '/home/lhl/nav2_ws/src/install/dwb_msgs/local/lib/python3.10/dist-packages/dwb_msgs/srv'...
[23.649s] Compiling '/home/lhl/nav2_ws/src/install/dwb_msgs/local/lib/python3.10/dist-packages/dwb_msgs/srv/__init__.py'...
[23.649s] Compiling '/home/lhl/nav2_ws/src/install/dwb_msgs/local/lib/python3.10/dist-packages/dwb_msgs/srv/_debug_local_plan.py'...
[23.649s] Compiling '/home/lhl/nav2_ws/src/install/dwb_msgs/local/lib/python3.10/dist-packages/dwb_msgs/srv/_generate_trajectory.py'...
[23.649s] Compiling '/home/lhl/nav2_ws/src/install/dwb_msgs/local/lib/python3.10/dist-packages/dwb_msgs/srv/_generate_twists.py'...
[23.649s] Compiling '/home/lhl/nav2_ws/src/install/dwb_msgs/local/lib/python3.10/dist-packages/dwb_msgs/srv/_get_critic_score.py'...
[23.649s] Compiling '/home/lhl/nav2_ws/src/install/dwb_msgs/local/lib/python3.10/dist-packages/dwb_msgs/srv/_score_trajectory.py'...
[23.659s] -- Installing: /home/lhl/nav2_ws/src/install/dwb_msgs/local/lib/python3.10/dist-packages/dwb_msgs/dwb_msgs_s__rosidl_typesupport_fastrtps_c.cpython-310-x86_64-linux-gnu.so
[23.659s] -- Set runtime path of "/home/lhl/nav2_ws/src/install/dwb_msgs/local/lib/python3.10/dist-packages/dwb_msgs/dwb_msgs_s__rosidl_typesupport_fastrtps_c.cpython-310-x86_64-linux-gnu.so" to ""
[23.660s] -- Installing: /home/lhl/nav2_ws/src/install/dwb_msgs/local/lib/python3.10/dist-packages/dwb_msgs/dwb_msgs_s__rosidl_typesupport_introspection_c.cpython-310-x86_64-linux-gnu.so
[23.661s] -- Set runtime path of "/home/lhl/nav2_ws/src/install/dwb_msgs/local/lib/python3.10/dist-packages/dwb_msgs/dwb_msgs_s__rosidl_typesupport_introspection_c.cpython-310-x86_64-linux-gnu.so" to ""
[23.662s] -- Installing: /home/lhl/nav2_ws/src/install/dwb_msgs/local/lib/python3.10/dist-packages/dwb_msgs/dwb_msgs_s__rosidl_typesupport_c.cpython-310-x86_64-linux-gnu.so
[23.663s] -- Set runtime path of "/home/lhl/nav2_ws/src/install/dwb_msgs/local/lib/python3.10/dist-packages/dwb_msgs/dwb_msgs_s__rosidl_typesupport_c.cpython-310-x86_64-linux-gnu.so" to ""
[23.663s] -- Installing: /home/lhl/nav2_ws/src/install/dwb_msgs/lib/libdwb_msgs__rosidl_generator_py.so
[23.667s] -- Set runtime path of "/home/lhl/nav2_ws/src/install/dwb_msgs/lib/libdwb_msgs__rosidl_generator_py.so" to ""
[23.667s] -- Installing: /home/lhl/nav2_ws/src/install/dwb_msgs/share/dwb_msgs/msg/CriticScore.idl
[23.667s] -- Installing: /home/lhl/nav2_ws/src/install/dwb_msgs/share/dwb_msgs/msg/LocalPlanEvaluation.idl
[23.667s] -- Installing: /home/lhl/nav2_ws/src/install/dwb_msgs/share/dwb_msgs/msg/Trajectory2D.idl
[23.667s] -- Installing: /home/lhl/nav2_ws/src/install/dwb_msgs/share/dwb_msgs/msg/TrajectoryScore.idl
[23.668s] -- Installing: /home/lhl/nav2_ws/src/install/dwb_msgs/share/dwb_msgs/srv/DebugLocalPlan.idl
[23.668s] -- Installing: /home/lhl/nav2_ws/src/install/dwb_msgs/share/dwb_msgs/srv/GenerateTrajectory.idl
[23.668s] -- Installing: /home/lhl/nav2_ws/src/install/dwb_msgs/share/dwb_msgs/srv/GenerateTwists.idl
[23.668s] -- Installing: /home/lhl/nav2_ws/src/install/dwb_msgs/share/dwb_msgs/srv/GetCriticScore.idl
[23.668s] -- Installing: /home/lhl/nav2_ws/src/install/dwb_msgs/share/dwb_msgs/srv/ScoreTrajectory.idl
[23.668s] -- Installing: /home/lhl/nav2_ws/src/install/dwb_msgs/share/dwb_msgs/msg/CriticScore.msg
[23.669s] -- Installing: /home/lhl/nav2_ws/src/install/dwb_msgs/share/dwb_msgs/msg/LocalPlanEvaluation.msg
[23.669s] -- Installing: /home/lhl/nav2_ws/src/install/dwb_msgs/share/dwb_msgs/msg/Trajectory2D.msg
[23.669s] -- Installing: /home/lhl/nav2_ws/src/install/dwb_msgs/share/dwb_msgs/msg/TrajectoryScore.msg
[23.669s] -- Installing: /home/lhl/nav2_ws/src/install/dwb_msgs/share/dwb_msgs/srv/DebugLocalPlan.srv
[23.669s] -- Installing: /home/lhl/nav2_ws/src/install/dwb_msgs/share/dwb_msgs/srv/DebugLocalPlan_Request.msg
[23.669s] -- Installing: /home/lhl/nav2_ws/src/install/dwb_msgs/share/dwb_msgs/srv/DebugLocalPlan_Response.msg
[23.670s] -- Installing: /home/lhl/nav2_ws/src/install/dwb_msgs/share/dwb_msgs/srv/GenerateTrajectory.srv
[23.670s] -- Installing: /home/lhl/nav2_ws/src/install/dwb_msgs/share/dwb_msgs/srv/GenerateTrajectory_Request.msg
[23.670s] -- Installing: /home/lhl/nav2_ws/src/install/dwb_msgs/share/dwb_msgs/srv/GenerateTrajectory_Response.msg
[23.670s] -- Installing: /home/lhl/nav2_ws/src/install/dwb_msgs/share/dwb_msgs/srv/GenerateTwists.srv
[23.670s] -- Installing: /home/lhl/nav2_ws/src/install/dwb_msgs/share/dwb_msgs/srv/GenerateTwists_Request.msg
[23.671s] -- Installing: /home/lhl/nav2_ws/src/install/dwb_msgs/share/dwb_msgs/srv/GenerateTwists_Response.msg
[23.671s] -- Installing: /home/lhl/nav2_ws/src/install/dwb_msgs/share/dwb_msgs/srv/GetCriticScore.srv
[23.671s] -- Installing: /home/lhl/nav2_ws/src/install/dwb_msgs/share/dwb_msgs/srv/GetCriticScore_Request.msg
[23.671s] -- Installing: /home/lhl/nav2_ws/src/install/dwb_msgs/share/dwb_msgs/srv/GetCriticScore_Response.msg
[23.672s] -- Installing: /home/lhl/nav2_ws/src/install/dwb_msgs/share/dwb_msgs/srv/ScoreTrajectory.srv
[23.672s] -- Installing: /home/lhl/nav2_ws/src/install/dwb_msgs/share/dwb_msgs/srv/ScoreTrajectory_Request.msg
[23.672s] -- Installing: /home/lhl/nav2_ws/src/install/dwb_msgs/share/dwb_msgs/srv/ScoreTrajectory_Response.msg
[23.672s] -- Installing: /home/lhl/nav2_ws/src/install/dwb_msgs/share/ament_index/resource_index/package_run_dependencies/dwb_msgs
[23.673s] -- Installing: /home/lhl/nav2_ws/src/install/dwb_msgs/share/ament_index/resource_index/parent_prefix_path/dwb_msgs
[23.673s] -- Installing: /home/lhl/nav2_ws/src/install/dwb_msgs/share/dwb_msgs/environment/ament_prefix_path.sh
[23.673s] -- Installing: /home/lhl/nav2_ws/src/install/dwb_msgs/share/dwb_msgs/environment/ament_prefix_path.dsv
[23.673s] -- Installing: /home/lhl/nav2_ws/src/install/dwb_msgs/share/dwb_msgs/environment/path.sh
[23.674s] -- Installing: /home/lhl/nav2_ws/src/install/dwb_msgs/share/dwb_msgs/environment/path.dsv
[23.674s] -- Installing: /home/lhl/nav2_ws/src/install/dwb_msgs/share/dwb_msgs/local_setup.bash
[23.674s] -- Installing: /home/lhl/nav2_ws/src/install/dwb_msgs/share/dwb_msgs/local_setup.sh
[23.674s] -- Installing: /home/lhl/nav2_ws/src/install/dwb_msgs/share/dwb_msgs/local_setup.zsh
[23.675s] -- Installing: /home/lhl/nav2_ws/src/install/dwb_msgs/share/dwb_msgs/local_setup.dsv
[23.675s] -- Installing: /home/lhl/nav2_ws/src/install/dwb_msgs/share/dwb_msgs/package.dsv
[23.676s] -- Installing: /home/lhl/nav2_ws/src/install/dwb_msgs/share/ament_index/resource_index/packages/dwb_msgs
[23.676s] -- Installing: /home/lhl/nav2_ws/src/install/dwb_msgs/share/dwb_msgs/cmake/export_dwb_msgs__rosidl_generator_cExport.cmake
[23.676s] -- Installing: /home/lhl/nav2_ws/src/install/dwb_msgs/share/dwb_msgs/cmake/export_dwb_msgs__rosidl_generator_cExport-noconfig.cmake
[23.676s] -- Installing: /home/lhl/nav2_ws/src/install/dwb_msgs/share/dwb_msgs/cmake/export_dwb_msgs__rosidl_typesupport_fastrtps_cExport.cmake
[23.676s] -- Installing: /home/lhl/nav2_ws/src/install/dwb_msgs/share/dwb_msgs/cmake/export_dwb_msgs__rosidl_typesupport_fastrtps_cExport-noconfig.cmake
[23.677s] -- Installing: /home/lhl/nav2_ws/src/install/dwb_msgs/share/dwb_msgs/cmake/export_dwb_msgs__rosidl_generator_cppExport.cmake
[23.677s] -- Installing: /home/lhl/nav2_ws/src/install/dwb_msgs/share/dwb_msgs/cmake/export_dwb_msgs__rosidl_typesupport_fastrtps_cppExport.cmake
[23.677s] -- Installing: /home/lhl/nav2_ws/src/install/dwb_msgs/share/dwb_msgs/cmake/export_dwb_msgs__rosidl_typesupport_fastrtps_cppExport-noconfig.cmake
[23.678s] -- Installing: /home/lhl/nav2_ws/src/install/dwb_msgs/share/dwb_msgs/cmake/dwb_msgs__rosidl_typesupport_introspection_cExport.cmake
[23.678s] -- Installing: /home/lhl/nav2_ws/src/install/dwb_msgs/share/dwb_msgs/cmake/dwb_msgs__rosidl_typesupport_introspection_cExport-noconfig.cmake
[23.679s] -- Installing: /home/lhl/nav2_ws/src/install/dwb_msgs/share/dwb_msgs/cmake/dwb_msgs__rosidl_typesupport_cExport.cmake
[23.679s] -- Installing: /home/lhl/nav2_ws/src/install/dwb_msgs/share/dwb_msgs/cmake/dwb_msgs__rosidl_typesupport_cExport-noconfig.cmake
[23.680s] -- Installing: /home/lhl/nav2_ws/src/install/dwb_msgs/share/dwb_msgs/cmake/dwb_msgs__rosidl_typesupport_introspection_cppExport.cmake
[23.680s] -- Installing: /home/lhl/nav2_ws/src/install/dwb_msgs/share/dwb_msgs/cmake/dwb_msgs__rosidl_typesupport_introspection_cppExport-noconfig.cmake
[23.680s] -- Installing: /home/lhl/nav2_ws/src/install/dwb_msgs/share/dwb_msgs/cmake/dwb_msgs__rosidl_typesupport_cppExport.cmake
[23.681s] -- Installing: /home/lhl/nav2_ws/src/install/dwb_msgs/share/dwb_msgs/cmake/dwb_msgs__rosidl_typesupport_cppExport-noconfig.cmake
[23.681s] -- Installing: /home/lhl/nav2_ws/src/install/dwb_msgs/share/dwb_msgs/cmake/export_dwb_msgs__rosidl_generator_pyExport.cmake
[23.682s] -- Installing: /home/lhl/nav2_ws/src/install/dwb_msgs/share/dwb_msgs/cmake/export_dwb_msgs__rosidl_generator_pyExport-noconfig.cmake
[23.682s] -- Installing: /home/lhl/nav2_ws/src/install/dwb_msgs/share/dwb_msgs/cmake/rosidl_cmake-extras.cmake
[23.682s] -- Installing: /home/lhl/nav2_ws/src/install/dwb_msgs/share/dwb_msgs/cmake/ament_cmake_export_dependencies-extras.cmake
[23.683s] -- Installing: /home/lhl/nav2_ws/src/install/dwb_msgs/share/dwb_msgs/cmake/ament_cmake_export_include_directories-extras.cmake
[23.683s] -- Installing: /home/lhl/nav2_ws/src/install/dwb_msgs/share/dwb_msgs/cmake/ament_cmake_export_libraries-extras.cmake
[23.684s] -- Installing: /home/lhl/nav2_ws/src/install/dwb_msgs/share/dwb_msgs/cmake/ament_cmake_export_targets-extras.cmake
[23.684s] -- Installing: /home/lhl/nav2_ws/src/install/dwb_msgs/share/dwb_msgs/cmake/rosidl_cmake_export_typesupport_targets-extras.cmake
[23.685s] -- Installing: /home/lhl/nav2_ws/src/install/dwb_msgs/share/dwb_msgs/cmake/rosidl_cmake_export_typesupport_libraries-extras.cmake
[23.685s] -- Installing: /home/lhl/nav2_ws/src/install/dwb_msgs/share/dwb_msgs/cmake/dwb_msgsConfig.cmake
[23.685s] -- Installing: /home/lhl/nav2_ws/src/install/dwb_msgs/share/dwb_msgs/cmake/dwb_msgsConfig-version.cmake
[23.686s] -- Installing: /home/lhl/nav2_ws/src/install/dwb_msgs/share/dwb_msgs/package.xml
[23.697s] Invoked command in '/home/lhl/nav2_ws/src/build/dwb_msgs' returned '0': AMENT_PREFIX_PATH=/home/lhl/nav2_ws/src/install/nav_2d_msgs:${AMENT_PREFIX_PATH} CMAKE_PREFIX_PATH=/home/lhl/nav2_ws/src/install/nav_2d_msgs:/opt/ros/humble LD_LIBRARY_PATH=/home/lhl/nav2_ws/src/install/nav_2d_msgs/lib:${LD_LIBRARY_PATH} PYTHONPATH=/home/lhl/nav2_ws/src/install/nav_2d_msgs/local/lib/python3.10/dist-packages:${PYTHONPATH} /usr/bin/cmake --install /home/lhl/nav2_ws/src/build/dwb_msgs
