[0.072s] Invoking command in '/home/lhl/nav2_ws/src/build/nav2_constrained_smoother': AMENT_PREFIX_PATH=/home/lhl/nav2_ws/src/install/nav2_core:/home/lhl/nav2_ws/src/install/nav2_costmap_2d:/home/lhl/nav2_ws/src/install/nav2_util:/home/lhl/nav2_ws/src/install/nav2_voxel_grid:/home/lhl/nav2_ws/src/install/nav2_msgs:/home/lhl/nav2_ws/src/install/nav2_common:${AMENT_PREFIX_PATH} CMAKE_PREFIX_PATH=/home/lhl/nav2_ws/src/install/nav2_core:/home/lhl/nav2_ws/src/install/nav2_costmap_2d:/home/lhl/nav2_ws/src/install/nav2_util:/home/lhl/nav2_ws/src/install/nav2_voxel_grid:/home/lhl/nav2_ws/src/install/nav2_msgs:/home/lhl/nav2_ws/src/install/nav2_common:/opt/ros/humble LD_LIBRARY_PATH=/home/lhl/nav2_ws/src/install/nav2_costmap_2d/lib:/home/lhl/nav2_ws/src/install/nav2_util/lib:/home/lhl/nav2_ws/src/install/nav2_voxel_grid/lib:/home/lhl/nav2_ws/src/install/nav2_msgs/lib:${LD_LIBRARY_PATH} PYTHONPATH=/home/lhl/nav2_ws/src/install/nav2_msgs/local/lib/python3.10/dist-packages:/home/lhl/nav2_ws/src/install/nav2_common/local/lib/python3.10/dist-packages:${PYTHONPATH} /usr/bin/cmake --build /home/lhl/nav2_ws/src/build/nav2_constrained_smoother -- -j8 -l8
[1.307s] [35m[1mConsolidate compiler generated dependencies of target gtest_main[0m
[1.318s] [35m[1mConsolidate compiler generated dependencies of target gtest[0m
[1.336s] [ 20%] Built target gtest_main
[1.338s] [35m[1mConsolidate compiler generated dependencies of target nav2_constrained_smoother[0m
[1.344s] [ 40%] Built target gtest
[1.381s] [ 60%] Built target nav2_constrained_smoother
[1.414s] [35m[1mConsolidate compiler generated dependencies of target test_constrained_smoother[0m
[1.422s] [35m[1mConsolidate compiler generated dependencies of target test_smoother_cost_function[0m
[1.444s] [ 80%] Built target test_smoother_cost_function
[1.444s] [100%] Built target test_constrained_smoother
[1.504s] Invoked command in '/home/lhl/nav2_ws/src/build/nav2_constrained_smoother' returned '0': AMENT_PREFIX_PATH=/home/lhl/nav2_ws/src/install/nav2_core:/home/lhl/nav2_ws/src/install/nav2_costmap_2d:/home/lhl/nav2_ws/src/install/nav2_util:/home/lhl/nav2_ws/src/install/nav2_voxel_grid:/home/lhl/nav2_ws/src/install/nav2_msgs:/home/lhl/nav2_ws/src/install/nav2_common:${AMENT_PREFIX_PATH} CMAKE_PREFIX_PATH=/home/lhl/nav2_ws/src/install/nav2_core:/home/lhl/nav2_ws/src/install/nav2_costmap_2d:/home/lhl/nav2_ws/src/install/nav2_util:/home/lhl/nav2_ws/src/install/nav2_voxel_grid:/home/lhl/nav2_ws/src/install/nav2_msgs:/home/lhl/nav2_ws/src/install/nav2_common:/opt/ros/humble LD_LIBRARY_PATH=/home/lhl/nav2_ws/src/install/nav2_costmap_2d/lib:/home/lhl/nav2_ws/src/install/nav2_util/lib:/home/lhl/nav2_ws/src/install/nav2_voxel_grid/lib:/home/lhl/nav2_ws/src/install/nav2_msgs/lib:${LD_LIBRARY_PATH} PYTHONPATH=/home/lhl/nav2_ws/src/install/nav2_msgs/local/lib/python3.10/dist-packages:/home/lhl/nav2_ws/src/install/nav2_common/local/lib/python3.10/dist-packages:${PYTHONPATH} /usr/bin/cmake --build /home/lhl/nav2_ws/src/build/nav2_constrained_smoother -- -j8 -l8
[1.755s] Invoking command in '/home/lhl/nav2_ws/src/build/nav2_constrained_smoother': AMENT_PREFIX_PATH=/home/lhl/nav2_ws/src/install/nav2_core:/home/lhl/nav2_ws/src/install/nav2_costmap_2d:/home/lhl/nav2_ws/src/install/nav2_util:/home/lhl/nav2_ws/src/install/nav2_voxel_grid:/home/lhl/nav2_ws/src/install/nav2_msgs:/home/lhl/nav2_ws/src/install/nav2_common:${AMENT_PREFIX_PATH} CMAKE_PREFIX_PATH=/home/lhl/nav2_ws/src/install/nav2_core:/home/lhl/nav2_ws/src/install/nav2_costmap_2d:/home/lhl/nav2_ws/src/install/nav2_util:/home/lhl/nav2_ws/src/install/nav2_voxel_grid:/home/lhl/nav2_ws/src/install/nav2_msgs:/home/lhl/nav2_ws/src/install/nav2_common:/opt/ros/humble LD_LIBRARY_PATH=/home/lhl/nav2_ws/src/install/nav2_costmap_2d/lib:/home/lhl/nav2_ws/src/install/nav2_util/lib:/home/lhl/nav2_ws/src/install/nav2_voxel_grid/lib:/home/lhl/nav2_ws/src/install/nav2_msgs/lib:${LD_LIBRARY_PATH} PYTHONPATH=/home/lhl/nav2_ws/src/install/nav2_msgs/local/lib/python3.10/dist-packages:/home/lhl/nav2_ws/src/install/nav2_common/local/lib/python3.10/dist-packages:${PYTHONPATH} /usr/bin/cmake --install /home/lhl/nav2_ws/src/build/nav2_constrained_smoother
[1.765s] -- Install configuration: "Release"
[1.765s] -- Up-to-date: /home/lhl/nav2_ws/src/install/nav2_constrained_smoother/lib/libnav2_constrained_smoother.so
[1.766s] -- Up-to-date: /home/lhl/nav2_ws/src/install/nav2_constrained_smoother/include/
[1.766s] -- Up-to-date: /home/lhl/nav2_ws/src/install/nav2_constrained_smoother/include//nav2_constrained_smoother
[1.766s] -- Up-to-date: /home/lhl/nav2_ws/src/install/nav2_constrained_smoother/include//nav2_constrained_smoother/smoother_cost_function.hpp
[1.766s] -- Up-to-date: /home/lhl/nav2_ws/src/install/nav2_constrained_smoother/include//nav2_constrained_smoother/utils.hpp
[1.766s] -- Up-to-date: /home/lhl/nav2_ws/src/install/nav2_constrained_smoother/include//nav2_constrained_smoother/smoother.hpp
[1.767s] -- Up-to-date: /home/lhl/nav2_ws/src/install/nav2_constrained_smoother/include//nav2_constrained_smoother/constrained_smoother.hpp
[1.767s] -- Up-to-date: /home/lhl/nav2_ws/src/install/nav2_constrained_smoother/include//nav2_constrained_smoother/options.hpp
[1.767s] -- Up-to-date: /home/lhl/nav2_ws/src/install/nav2_constrained_smoother/share/nav2_constrained_smoother/environment/library_path.sh
[1.767s] -- Up-to-date: /home/lhl/nav2_ws/src/install/nav2_constrained_smoother/share/nav2_constrained_smoother/environment/library_path.dsv
[1.768s] -- Up-to-date: /home/lhl/nav2_ws/src/install/nav2_constrained_smoother/share/nav2_constrained_smoother/nav2_constrained_smoother.xml
[1.768s] -- Up-to-date: /home/lhl/nav2_ws/src/install/nav2_constrained_smoother/share/ament_index/resource_index/package_run_dependencies/nav2_constrained_smoother
[1.768s] -- Up-to-date: /home/lhl/nav2_ws/src/install/nav2_constrained_smoother/share/ament_index/resource_index/parent_prefix_path/nav2_constrained_smoother
[1.768s] -- Up-to-date: /home/lhl/nav2_ws/src/install/nav2_constrained_smoother/share/nav2_constrained_smoother/environment/ament_prefix_path.sh
[1.768s] -- Up-to-date: /home/lhl/nav2_ws/src/install/nav2_constrained_smoother/share/nav2_constrained_smoother/environment/ament_prefix_path.dsv
[1.768s] -- Up-to-date: /home/lhl/nav2_ws/src/install/nav2_constrained_smoother/share/nav2_constrained_smoother/environment/path.sh
[1.768s] -- Up-to-date: /home/lhl/nav2_ws/src/install/nav2_constrained_smoother/share/nav2_constrained_smoother/environment/path.dsv
[1.769s] -- Up-to-date: /home/lhl/nav2_ws/src/install/nav2_constrained_smoother/share/nav2_constrained_smoother/local_setup.bash
[1.771s] -- Up-to-date: /home/lhl/nav2_ws/src/install/nav2_constrained_smoother/share/nav2_constrained_smoother/local_setup.sh
[1.771s] -- Up-to-date: /home/lhl/nav2_ws/src/install/nav2_constrained_smoother/share/nav2_constrained_smoother/local_setup.zsh
[1.771s] -- Up-to-date: /home/lhl/nav2_ws/src/install/nav2_constrained_smoother/share/nav2_constrained_smoother/local_setup.dsv
[1.772s] -- Installing: /home/lhl/nav2_ws/src/install/nav2_constrained_smoother/share/nav2_constrained_smoother/package.dsv
[1.792s] -- Up-to-date: /home/lhl/nav2_ws/src/install/nav2_constrained_smoother/share/ament_index/resource_index/packages/nav2_constrained_smoother
[1.792s] -- Up-to-date: /home/lhl/nav2_ws/src/install/nav2_constrained_smoother/share/ament_index/resource_index/nav2_core__pluginlib__plugin/nav2_constrained_smoother
[1.792s] -- Up-to-date: /home/lhl/nav2_ws/src/install/nav2_constrained_smoother/share/nav2_constrained_smoother/cmake/ament_cmake_export_include_directories-extras.cmake
[1.792s] -- Up-to-date: /home/lhl/nav2_ws/src/install/nav2_constrained_smoother/share/nav2_constrained_smoother/cmake/ament_cmake_export_libraries-extras.cmake
[1.792s] -- Up-to-date: /home/lhl/nav2_ws/src/install/nav2_constrained_smoother/share/nav2_constrained_smoother/cmake/ament_cmake_export_dependencies-extras.cmake
[1.792s] -- Up-to-date: /home/lhl/nav2_ws/src/install/nav2_constrained_smoother/share/nav2_constrained_smoother/cmake/nav2_constrained_smootherConfig.cmake
[1.792s] -- Up-to-date: /home/lhl/nav2_ws/src/install/nav2_constrained_smoother/share/nav2_constrained_smoother/cmake/nav2_constrained_smootherConfig-version.cmake
[1.793s] -- Up-to-date: /home/lhl/nav2_ws/src/install/nav2_constrained_smoother/share/nav2_constrained_smoother/package.xml
[1.826s] Invoked command in '/home/lhl/nav2_ws/src/build/nav2_constrained_smoother' returned '0': AMENT_PREFIX_PATH=/home/lhl/nav2_ws/src/install/nav2_core:/home/lhl/nav2_ws/src/install/nav2_costmap_2d:/home/lhl/nav2_ws/src/install/nav2_util:/home/lhl/nav2_ws/src/install/nav2_voxel_grid:/home/lhl/nav2_ws/src/install/nav2_msgs:/home/lhl/nav2_ws/src/install/nav2_common:${AMENT_PREFIX_PATH} CMAKE_PREFIX_PATH=/home/lhl/nav2_ws/src/install/nav2_core:/home/lhl/nav2_ws/src/install/nav2_costmap_2d:/home/lhl/nav2_ws/src/install/nav2_util:/home/lhl/nav2_ws/src/install/nav2_voxel_grid:/home/lhl/nav2_ws/src/install/nav2_msgs:/home/lhl/nav2_ws/src/install/nav2_common:/opt/ros/humble LD_LIBRARY_PATH=/home/lhl/nav2_ws/src/install/nav2_costmap_2d/lib:/home/lhl/nav2_ws/src/install/nav2_util/lib:/home/lhl/nav2_ws/src/install/nav2_voxel_grid/lib:/home/lhl/nav2_ws/src/install/nav2_msgs/lib:${LD_LIBRARY_PATH} PYTHONPATH=/home/lhl/nav2_ws/src/install/nav2_msgs/local/lib/python3.10/dist-packages:/home/lhl/nav2_ws/src/install/nav2_common/local/lib/python3.10/dist-packages:${PYTHONPATH} /usr/bin/cmake --install /home/lhl/nav2_ws/src/build/nav2_constrained_smoother
