[0.138s] Invoking command in '/home/lhl/nav2_ws/build/nav_2d_msgs': CMAKE_PREFIX_PATH=${CMAKE_PREFIX_PATH}:/home/lhl/nav2_ws/src/install/nav2_simple_commander:/opt/ros/humble /usr/bin/cmake --build /home/lhl/nav2_ws/build/nav_2d_msgs -- -j8 -l8
[0.525s] [  1%] Built target nav_2d_msgs__cpp
[0.535s] [  1%] Built target ament_cmake_python_symlink_nav_2d_msgs
[0.553s] [ 12%] Built target nav_2d_msgs__rosidl_generator_c
[0.632s] [ 23%] Built target nav_2d_msgs__rosidl_typesupport_introspection_c
[0.744s] [ 35%] Built target nav_2d_msgs__rosidl_typesupport_c
[0.781s] [ 46%] Built target nav_2d_msgs__rosidl_typesupport_fastrtps_c
[0.787s] [ 57%] Built target nav_2d_msgs__rosidl_typesupport_cpp
[0.931s] [ 69%] Built target nav_2d_msgs__rosidl_typesupport_introspection_cpp
[0.953s] running egg_info
[0.954s] writing nav_2d_msgs.egg-info/PKG-INFO
[0.955s] writing dependency_links to nav_2d_msgs.egg-info/dependency_links.txt
[0.955s] writing top-level names to nav_2d_msgs.egg-info/top_level.txt
[0.957s] reading manifest file 'nav_2d_msgs.egg-info/SOURCES.txt'
[0.969s] [ 80%] Built target nav_2d_msgs__rosidl_typesupport_fastrtps_cpp
[0.994s] writing manifest file 'nav_2d_msgs.egg-info/SOURCES.txt'
[0.999s] [ 80%] Built target nav_2d_msgs
[1.025s] [ 80%] Built target ament_cmake_python_build_nav_2d_msgs_egg
[1.049s] [ 81%] Built target nav_2d_msgs__py
[1.124s] [ 91%] Built target nav_2d_msgs__rosidl_generator_py
[1.159s] [ 94%] Built target nav_2d_msgs__rosidl_typesupport_fastrtps_c__pyext
[1.193s] [100%] Built target nav_2d_msgs__rosidl_typesupport_c__pyext
[1.193s] [100%] Built target nav_2d_msgs__rosidl_typesupport_introspection_c__pyext
