[0.055s] Invoking command in '/home/lhl/nav2_ws/src/build/nav2_controller': AMENT_PREFIX_PATH=/home/lhl/nav2_ws/src/install/nav2_core:/home/lhl/nav2_ws/src/install/nav2_costmap_2d:/home/lhl/nav2_ws/src/install/nav_2d_utils:/home/lhl/nav2_ws/src/install/nav2_util:/home/lhl/nav2_ws/src/install/nav2_voxel_grid:/home/lhl/nav2_ws/src/install/nav2_msgs:/home/lhl/nav2_ws/src/install/nav_2d_msgs:/home/lhl/nav2_ws/src/install/nav2_common:${AMENT_PREFIX_PATH} CMAKE_PREFIX_PATH=/home/lhl/nav2_ws/src/install/nav2_core:/home/lhl/nav2_ws/src/install/nav2_costmap_2d:/home/lhl/nav2_ws/src/install/nav_2d_utils:/home/lhl/nav2_ws/src/install/nav2_util:/home/lhl/nav2_ws/src/install/nav2_voxel_grid:/home/lhl/nav2_ws/src/install/nav2_msgs:/home/lhl/nav2_ws/src/install/nav_2d_msgs:/home/lhl/nav2_ws/src/install/nav2_common:/opt/ros/humble LD_LIBRARY_PATH=/home/lhl/nav2_ws/src/install/nav2_costmap_2d/lib:/home/lhl/nav2_ws/src/install/nav_2d_utils/lib:/home/lhl/nav2_ws/src/install/nav2_util/lib:/home/lhl/nav2_ws/src/install/nav2_voxel_grid/lib:/home/lhl/nav2_ws/src/install/nav2_msgs/lib:/home/lhl/nav2_ws/src/install/nav_2d_msgs/lib:${LD_LIBRARY_PATH} PYTHONPATH=/home/lhl/nav2_ws/src/install/nav2_msgs/local/lib/python3.10/dist-packages:/home/lhl/nav2_ws/src/install/nav_2d_msgs/local/lib/python3.10/dist-packages:/home/lhl/nav2_ws/src/install/nav2_common/local/lib/python3.10/dist-packages:${PYTHONPATH} /usr/bin/cmake /home/lhl/nav2_ws/src/navigation2/nav2_controller -DCMAKE_INSTALL_PREFIX=/home/lhl/nav2_ws/src/install/nav2_controller
[0.154s] -- The C compiler identification is GNU 11.3.0
[0.259s] -- The CXX compiler identification is GNU 11.3.0
[0.278s] -- Detecting C compiler ABI info
[0.407s] -- Detecting C compiler ABI info - done
[0.415s] -- Check for working C compiler: /usr/bin/cc - skipped
[0.415s] -- Detecting C compile features
[0.416s] -- Detecting C compile features - done
[0.419s] -- Detecting CXX compiler ABI info
[0.612s] -- Detecting CXX compiler ABI info - done
[0.628s] -- Check for working CXX compiler: /usr/bin/c++ - skipped
[0.628s] -- Detecting CXX compile features
[0.629s] -- Detecting CXX compile features - done
[0.634s] -- Found ament_cmake: 1.3.4 (/opt/ros/humble/share/ament_cmake/cmake)
[0.938s] -- Found Python3: /usr/bin/python3.10 (found version "3.10.6") found components: Interpreter 
[1.132s] -- Found nav2_core: 1.1.6 (/home/lhl/nav2_ws/src/install/nav2_core/share/nav2_core/cmake)
[1.233s] -- Found rosidl_generator_c: 3.1.4 (/opt/ros/humble/share/rosidl_generator_c/cmake)
[1.244s] -- Found rosidl_adapter: 3.1.4 (/opt/ros/humble/share/rosidl_adapter/cmake)
[1.262s] -- Found rosidl_generator_cpp: 3.1.4 (/opt/ros/humble/share/rosidl_generator_cpp/cmake)
[1.295s] -- Using all available rosidl_typesupport_c: rosidl_typesupport_fastrtps_c;rosidl_typesupport_introspection_c
[1.345s] -- Using all available rosidl_typesupport_cpp: rosidl_typesupport_fastrtps_cpp;rosidl_typesupport_introspection_cpp
[1.508s] -- Found rmw_implementation_cmake: 6.1.1 (/opt/ros/humble/share/rmw_implementation_cmake/cmake)
[1.515s] -- Found rmw_fastrtps_cpp: 6.2.2 (/opt/ros/humble/share/rmw_fastrtps_cpp/cmake)
[1.698s] -- Found OpenSSL: /usr/lib/x86_64-linux-gnu/libcrypto.so (found version "3.0.2")  
[1.743s] -- Found FastRTPS: /opt/ros/humble/include  
[1.829s] -- Using RMW implementation 'rmw_fastrtps_cpp' as default
[1.851s] -- Looking for pthread.h
[2.008s] -- Looking for pthread.h - found
[2.008s] -- Performing Test CMAKE_HAVE_LIBC_PTHREAD
[2.137s] -- Performing Test CMAKE_HAVE_LIBC_PTHREAD - Success
[2.139s] -- Found Threads: TRUE  
[4.953s] -- Found Eigen3: TRUE (found version "3.4.0") 
[4.953s] -- Ensuring Eigen3 include directory is part of orocos-kdl CMake target
[8.314s] -- Found nav2_common: 1.1.6 (/home/lhl/nav2_ws/src/install/nav2_common/share/nav2_common/cmake)
[8.318s] -- Found nav_2d_utils: 1.1.6 (/home/lhl/nav2_ws/src/install/nav_2d_utils/share/nav_2d_utils/cmake)
[9.635s] -- Setting build type to Release as none was specified.
[41.707s] -- Found ament_lint_auto: 0.12.6 (/opt/ros/humble/share/ament_lint_auto/cmake)
[41.848s] -- Found gtest sources under '/opt/ros/humble/src/gtest_vendor': C++ tests using 'Google Test' will be built
[48.422s] -- Found gtest sources under '/opt/ros/humble/src/gtest_vendor': C++ tests using 'Google Test' will be built
[55.795s] -- Added test 'cppcheck' to perform static code analysis on C / C++ code
[55.798s] -- Configured cppcheck include dirs: /home/lhl/nav2_ws/src/navigation2/nav2_controller/include
[55.798s] -- Configured cppcheck exclude dirs and/or files: 
[55.801s] -- Added test 'cpplint' to check C / C++ code against the Google style
[55.801s] -- Configured cpplint exclude dirs and/or files: 
[55.803s] -- Added test 'lint_cmake' to check CMake code style
[55.806s] -- Added test 'uncrustify' to check C / C++ code style
[55.806s] -- Configured uncrustify additional arguments: 
[55.807s] -- Added test 'xmllint' to check XML markup files
[55.811s] -- Configuring done
[56.519s] -- Generating done
[56.524s] -- Build files have been written to: /home/lhl/nav2_ws/src/build/nav2_controller
[56.557s] Invoked command in '/home/lhl/nav2_ws/src/build/nav2_controller' returned '0': AMENT_PREFIX_PATH=/home/lhl/nav2_ws/src/install/nav2_core:/home/lhl/nav2_ws/src/install/nav2_costmap_2d:/home/lhl/nav2_ws/src/install/nav_2d_utils:/home/lhl/nav2_ws/src/install/nav2_util:/home/lhl/nav2_ws/src/install/nav2_voxel_grid:/home/lhl/nav2_ws/src/install/nav2_msgs:/home/lhl/nav2_ws/src/install/nav_2d_msgs:/home/lhl/nav2_ws/src/install/nav2_common:${AMENT_PREFIX_PATH} CMAKE_PREFIX_PATH=/home/lhl/nav2_ws/src/install/nav2_core:/home/lhl/nav2_ws/src/install/nav2_costmap_2d:/home/lhl/nav2_ws/src/install/nav_2d_utils:/home/lhl/nav2_ws/src/install/nav2_util:/home/lhl/nav2_ws/src/install/nav2_voxel_grid:/home/lhl/nav2_ws/src/install/nav2_msgs:/home/lhl/nav2_ws/src/install/nav_2d_msgs:/home/lhl/nav2_ws/src/install/nav2_common:/opt/ros/humble LD_LIBRARY_PATH=/home/lhl/nav2_ws/src/install/nav2_costmap_2d/lib:/home/lhl/nav2_ws/src/install/nav_2d_utils/lib:/home/lhl/nav2_ws/src/install/nav2_util/lib:/home/lhl/nav2_ws/src/install/nav2_voxel_grid/lib:/home/lhl/nav2_ws/src/install/nav2_msgs/lib:/home/lhl/nav2_ws/src/install/nav_2d_msgs/lib:${LD_LIBRARY_PATH} PYTHONPATH=/home/lhl/nav2_ws/src/install/nav2_msgs/local/lib/python3.10/dist-packages:/home/lhl/nav2_ws/src/install/nav_2d_msgs/local/lib/python3.10/dist-packages:/home/lhl/nav2_ws/src/install/nav2_common/local/lib/python3.10/dist-packages:${PYTHONPATH} /usr/bin/cmake /home/lhl/nav2_ws/src/navigation2/nav2_controller -DCMAKE_INSTALL_PREFIX=/home/lhl/nav2_ws/src/install/nav2_controller
[56.558s] Invoking command in '/home/lhl/nav2_ws/src/build/nav2_controller': AMENT_PREFIX_PATH=/home/lhl/nav2_ws/src/install/nav2_core:/home/lhl/nav2_ws/src/install/nav2_costmap_2d:/home/lhl/nav2_ws/src/install/nav_2d_utils:/home/lhl/nav2_ws/src/install/nav2_util:/home/lhl/nav2_ws/src/install/nav2_voxel_grid:/home/lhl/nav2_ws/src/install/nav2_msgs:/home/lhl/nav2_ws/src/install/nav_2d_msgs:/home/lhl/nav2_ws/src/install/nav2_common:${AMENT_PREFIX_PATH} CMAKE_PREFIX_PATH=/home/lhl/nav2_ws/src/install/nav2_core:/home/lhl/nav2_ws/src/install/nav2_costmap_2d:/home/lhl/nav2_ws/src/install/nav_2d_utils:/home/lhl/nav2_ws/src/install/nav2_util:/home/lhl/nav2_ws/src/install/nav2_voxel_grid:/home/lhl/nav2_ws/src/install/nav2_msgs:/home/lhl/nav2_ws/src/install/nav_2d_msgs:/home/lhl/nav2_ws/src/install/nav2_common:/opt/ros/humble LD_LIBRARY_PATH=/home/lhl/nav2_ws/src/install/nav2_costmap_2d/lib:/home/lhl/nav2_ws/src/install/nav_2d_utils/lib:/home/lhl/nav2_ws/src/install/nav2_util/lib:/home/lhl/nav2_ws/src/install/nav2_voxel_grid/lib:/home/lhl/nav2_ws/src/install/nav2_msgs/lib:/home/lhl/nav2_ws/src/install/nav_2d_msgs/lib:${LD_LIBRARY_PATH} PYTHONPATH=/home/lhl/nav2_ws/src/install/nav2_msgs/local/lib/python3.10/dist-packages:/home/lhl/nav2_ws/src/install/nav_2d_msgs/local/lib/python3.10/dist-packages:/home/lhl/nav2_ws/src/install/nav2_common/local/lib/python3.10/dist-packages:${PYTHONPATH} /usr/bin/cmake --build /home/lhl/nav2_ws/src/build/nav2_controller -- -j8 -l8
[88.003s] [  5%] [32mBuilding CXX object CMakeFiles/controller_server_core.dir/src/controller_server.cpp.o[0m
[101.304s] [ 10%] [32m[1mLinking CXX shared library libcontroller_server_core.so[0m
[102.069s] [ 10%] Built target controller_server_core
[102.099s] [ 15%] [32mBuilding CXX object gtest/CMakeFiles/gtest.dir/src/gtest-all.cc.o[0m
[114.183s] [ 20%] [32m[1mLinking CXX static library libgtest.a[0m
[114.325s] [ 20%] Built target gtest
[114.361s] [ 25%] [32mBuilding CXX object CMakeFiles/controller_server.dir/src/main.cpp.o[0m
[126.475s] [ 30%] [32m[1mLinking CXX executable controller_server[0m
[127.193s] [ 30%] Built target controller_server
[127.226s] [ 35%] [32mBuilding CXX object gtest/CMakeFiles/gtest_main.dir/src/gtest_main.cc.o[0m
[128.905s] [ 40%] [32m[1mLinking CXX static library libgtest_main.a[0m
[128.956s] [ 40%] Built target gtest_main
[128.994s] [ 45%] [32mBuilding CXX object CMakeFiles/simple_goal_checker.dir/plugins/simple_goal_checker.cpp.o[0m
[137.556s] [ 50%] [32m[1mLinking CXX shared library libsimple_goal_checker.so[0m
[137.937s] [ 50%] Built target simple_goal_checker
[137.986s] [ 55%] [32mBuilding CXX object test/CMakeFiles/test_dynamic_parameters.dir/test_dynamic_parameters.cpp.o[0m
[152.795s] [ 60%] [32m[1mLinking CXX executable test_dynamic_parameters[0m
[153.564s] [ 60%] Built target test_dynamic_parameters
[153.599s] [ 65%] [32mBuilding CXX object CMakeFiles/stopped_goal_checker.dir/plugins/stopped_goal_checker.cpp.o[0m
[162.544s] [ 70%] [32m[1mLinking CXX shared library libstopped_goal_checker.so[0m
[162.982s] [ 70%] Built target stopped_goal_checker
[163.023s] [ 75%] [32mBuilding CXX object CMakeFiles/simple_progress_checker.dir/plugins/simple_progress_checker.cpp.o[0m
[169.641s] [ 80%] [32m[1mLinking CXX shared library libsimple_progress_checker.so[0m
[170.045s] [ 80%] Built target simple_progress_checker
[170.084s] [ 85%] [32mBuilding CXX object plugins/test/CMakeFiles/gctest.dir/goal_checker.cpp.o[0m
[181.186s] [ 90%] [32m[1mLinking CXX executable gctest[0m
[181.792s] [ 90%] Built target gctest
[181.838s] [ 95%] [32mBuilding CXX object plugins/test/CMakeFiles/pctest.dir/progress_checker.cpp.o[0m
[189.274s] [100%] [32m[1mLinking CXX executable pctest[0m
[189.765s] [100%] Built target pctest
[189.795s] Invoked command in '/home/lhl/nav2_ws/src/build/nav2_controller' returned '0': AMENT_PREFIX_PATH=/home/lhl/nav2_ws/src/install/nav2_core:/home/lhl/nav2_ws/src/install/nav2_costmap_2d:/home/lhl/nav2_ws/src/install/nav_2d_utils:/home/lhl/nav2_ws/src/install/nav2_util:/home/lhl/nav2_ws/src/install/nav2_voxel_grid:/home/lhl/nav2_ws/src/install/nav2_msgs:/home/lhl/nav2_ws/src/install/nav_2d_msgs:/home/lhl/nav2_ws/src/install/nav2_common:${AMENT_PREFIX_PATH} CMAKE_PREFIX_PATH=/home/lhl/nav2_ws/src/install/nav2_core:/home/lhl/nav2_ws/src/install/nav2_costmap_2d:/home/lhl/nav2_ws/src/install/nav_2d_utils:/home/lhl/nav2_ws/src/install/nav2_util:/home/lhl/nav2_ws/src/install/nav2_voxel_grid:/home/lhl/nav2_ws/src/install/nav2_msgs:/home/lhl/nav2_ws/src/install/nav_2d_msgs:/home/lhl/nav2_ws/src/install/nav2_common:/opt/ros/humble LD_LIBRARY_PATH=/home/lhl/nav2_ws/src/install/nav2_costmap_2d/lib:/home/lhl/nav2_ws/src/install/nav_2d_utils/lib:/home/lhl/nav2_ws/src/install/nav2_util/lib:/home/lhl/nav2_ws/src/install/nav2_voxel_grid/lib:/home/lhl/nav2_ws/src/install/nav2_msgs/lib:/home/lhl/nav2_ws/src/install/nav_2d_msgs/lib:${LD_LIBRARY_PATH} PYTHONPATH=/home/lhl/nav2_ws/src/install/nav2_msgs/local/lib/python3.10/dist-packages:/home/lhl/nav2_ws/src/install/nav_2d_msgs/local/lib/python3.10/dist-packages:/home/lhl/nav2_ws/src/install/nav2_common/local/lib/python3.10/dist-packages:${PYTHONPATH} /usr/bin/cmake --build /home/lhl/nav2_ws/src/build/nav2_controller -- -j8 -l8
[189.866s] Invoking command in '/home/lhl/nav2_ws/src/build/nav2_controller': AMENT_PREFIX_PATH=/home/lhl/nav2_ws/src/install/nav2_core:/home/lhl/nav2_ws/src/install/nav2_costmap_2d:/home/lhl/nav2_ws/src/install/nav_2d_utils:/home/lhl/nav2_ws/src/install/nav2_util:/home/lhl/nav2_ws/src/install/nav2_voxel_grid:/home/lhl/nav2_ws/src/install/nav2_msgs:/home/lhl/nav2_ws/src/install/nav_2d_msgs:/home/lhl/nav2_ws/src/install/nav2_common:${AMENT_PREFIX_PATH} CMAKE_PREFIX_PATH=/home/lhl/nav2_ws/src/install/nav2_core:/home/lhl/nav2_ws/src/install/nav2_costmap_2d:/home/lhl/nav2_ws/src/install/nav_2d_utils:/home/lhl/nav2_ws/src/install/nav2_util:/home/lhl/nav2_ws/src/install/nav2_voxel_grid:/home/lhl/nav2_ws/src/install/nav2_msgs:/home/lhl/nav2_ws/src/install/nav_2d_msgs:/home/lhl/nav2_ws/src/install/nav2_common:/opt/ros/humble LD_LIBRARY_PATH=/home/lhl/nav2_ws/src/install/nav2_costmap_2d/lib:/home/lhl/nav2_ws/src/install/nav_2d_utils/lib:/home/lhl/nav2_ws/src/install/nav2_util/lib:/home/lhl/nav2_ws/src/install/nav2_voxel_grid/lib:/home/lhl/nav2_ws/src/install/nav2_msgs/lib:/home/lhl/nav2_ws/src/install/nav_2d_msgs/lib:${LD_LIBRARY_PATH} PYTHONPATH=/home/lhl/nav2_ws/src/install/nav2_msgs/local/lib/python3.10/dist-packages:/home/lhl/nav2_ws/src/install/nav_2d_msgs/local/lib/python3.10/dist-packages:/home/lhl/nav2_ws/src/install/nav2_common/local/lib/python3.10/dist-packages:${PYTHONPATH} /usr/bin/cmake --install /home/lhl/nav2_ws/src/build/nav2_controller
[216.545s] -- Install configuration: "Release"
[216.545s] -- Installing: /home/lhl/nav2_ws/src/install/nav2_controller/lib/libsimple_progress_checker.so
[216.545s] -- Set runtime path of "/home/lhl/nav2_ws/src/install/nav2_controller/lib/libsimple_progress_checker.so" to ""
[216.545s] -- Installing: /home/lhl/nav2_ws/src/install/nav2_controller/lib/libsimple_goal_checker.so
[216.545s] -- Set runtime path of "/home/lhl/nav2_ws/src/install/nav2_controller/lib/libsimple_goal_checker.so" to ""
[216.545s] -- Installing: /home/lhl/nav2_ws/src/install/nav2_controller/lib/libstopped_goal_checker.so
[216.546s] -- Set runtime path of "/home/lhl/nav2_ws/src/install/nav2_controller/lib/libstopped_goal_checker.so" to ""
[216.546s] -- Installing: /home/lhl/nav2_ws/src/install/nav2_controller/lib/libcontroller_server_core.so
[216.546s] -- Set runtime path of "/home/lhl/nav2_ws/src/install/nav2_controller/lib/libcontroller_server_core.so" to ""
[216.546s] -- Installing: /home/lhl/nav2_ws/src/install/nav2_controller/lib/nav2_controller/controller_server
[216.546s] -- Set runtime path of "/home/lhl/nav2_ws/src/install/nav2_controller/lib/nav2_controller/controller_server" to ""
[216.546s] -- Installing: /home/lhl/nav2_ws/src/install/nav2_controller/include/
[216.546s] -- Installing: /home/lhl/nav2_ws/src/install/nav2_controller/include//nav2_controller
[216.546s] -- Installing: /home/lhl/nav2_ws/src/install/nav2_controller/include//nav2_controller/plugins
[216.546s] -- Installing: /home/lhl/nav2_ws/src/install/nav2_controller/include//nav2_controller/plugins/simple_progress_checker.hpp
[216.546s] -- Installing: /home/lhl/nav2_ws/src/install/nav2_controller/include//nav2_controller/plugins/simple_goal_checker.hpp
[216.547s] -- Installing: /home/lhl/nav2_ws/src/install/nav2_controller/include//nav2_controller/plugins/stopped_goal_checker.hpp
[216.547s] -- Installing: /home/lhl/nav2_ws/src/install/nav2_controller/include//nav2_controller/controller_server.hpp
[216.547s] -- Installing: /home/lhl/nav2_ws/src/install/nav2_controller/share/nav2_controller/environment/library_path.sh
[216.547s] -- Installing: /home/lhl/nav2_ws/src/install/nav2_controller/share/nav2_controller/environment/library_path.dsv
[216.547s] -- Installing: /home/lhl/nav2_ws/src/install/nav2_controller/share/nav2_controller/plugins.xml
[216.547s] -- Installing: /home/lhl/nav2_ws/src/install/nav2_controller/share/ament_index/resource_index/package_run_dependencies/nav2_controller
[216.547s] -- Installing: /home/lhl/nav2_ws/src/install/nav2_controller/share/ament_index/resource_index/parent_prefix_path/nav2_controller
[216.547s] -- Installing: /home/lhl/nav2_ws/src/install/nav2_controller/share/nav2_controller/environment/ament_prefix_path.sh
[216.547s] -- Installing: /home/lhl/nav2_ws/src/install/nav2_controller/share/nav2_controller/environment/ament_prefix_path.dsv
[216.547s] -- Installing: /home/lhl/nav2_ws/src/install/nav2_controller/share/nav2_controller/environment/path.sh
[216.548s] -- Installing: /home/lhl/nav2_ws/src/install/nav2_controller/share/nav2_controller/environment/path.dsv
[216.548s] -- Installing: /home/lhl/nav2_ws/src/install/nav2_controller/share/nav2_controller/local_setup.bash
[216.548s] -- Installing: /home/lhl/nav2_ws/src/install/nav2_controller/share/nav2_controller/local_setup.sh
[216.548s] -- Installing: /home/lhl/nav2_ws/src/install/nav2_controller/share/nav2_controller/local_setup.zsh
[216.548s] -- Installing: /home/lhl/nav2_ws/src/install/nav2_controller/share/nav2_controller/local_setup.dsv
[216.548s] -- Installing: /home/lhl/nav2_ws/src/install/nav2_controller/share/nav2_controller/package.dsv
[216.548s] -- Installing: /home/lhl/nav2_ws/src/install/nav2_controller/share/ament_index/resource_index/packages/nav2_controller
[216.548s] -- Installing: /home/lhl/nav2_ws/src/install/nav2_controller/share/ament_index/resource_index/nav2_core__pluginlib__plugin/nav2_controller
[216.548s] -- Installing: /home/lhl/nav2_ws/src/install/nav2_controller/share/ament_index/resource_index/rclcpp_components/nav2_controller
[216.548s] -- Installing: /home/lhl/nav2_ws/src/install/nav2_controller/share/nav2_controller/cmake/ament_cmake_export_include_directories-extras.cmake
[216.549s] -- Installing: /home/lhl/nav2_ws/src/install/nav2_controller/share/nav2_controller/cmake/ament_cmake_export_libraries-extras.cmake
[216.549s] -- Installing: /home/lhl/nav2_ws/src/install/nav2_controller/share/nav2_controller/cmake/ament_cmake_export_dependencies-extras.cmake
[216.549s] -- Installing: /home/lhl/nav2_ws/src/install/nav2_controller/share/nav2_controller/cmake/nav2_controllerConfig.cmake
[216.549s] -- Installing: /home/lhl/nav2_ws/src/install/nav2_controller/share/nav2_controller/cmake/nav2_controllerConfig-version.cmake
[216.549s] -- Installing: /home/lhl/nav2_ws/src/install/nav2_controller/share/nav2_controller/package.xml
[216.559s] Invoked command in '/home/lhl/nav2_ws/src/build/nav2_controller' returned '0': AMENT_PREFIX_PATH=/home/lhl/nav2_ws/src/install/nav2_core:/home/lhl/nav2_ws/src/install/nav2_costmap_2d:/home/lhl/nav2_ws/src/install/nav_2d_utils:/home/lhl/nav2_ws/src/install/nav2_util:/home/lhl/nav2_ws/src/install/nav2_voxel_grid:/home/lhl/nav2_ws/src/install/nav2_msgs:/home/lhl/nav2_ws/src/install/nav_2d_msgs:/home/lhl/nav2_ws/src/install/nav2_common:${AMENT_PREFIX_PATH} CMAKE_PREFIX_PATH=/home/lhl/nav2_ws/src/install/nav2_core:/home/lhl/nav2_ws/src/install/nav2_costmap_2d:/home/lhl/nav2_ws/src/install/nav_2d_utils:/home/lhl/nav2_ws/src/install/nav2_util:/home/lhl/nav2_ws/src/install/nav2_voxel_grid:/home/lhl/nav2_ws/src/install/nav2_msgs:/home/lhl/nav2_ws/src/install/nav_2d_msgs:/home/lhl/nav2_ws/src/install/nav2_common:/opt/ros/humble LD_LIBRARY_PATH=/home/lhl/nav2_ws/src/install/nav2_costmap_2d/lib:/home/lhl/nav2_ws/src/install/nav_2d_utils/lib:/home/lhl/nav2_ws/src/install/nav2_util/lib:/home/lhl/nav2_ws/src/install/nav2_voxel_grid/lib:/home/lhl/nav2_ws/src/install/nav2_msgs/lib:/home/lhl/nav2_ws/src/install/nav_2d_msgs/lib:${LD_LIBRARY_PATH} PYTHONPATH=/home/lhl/nav2_ws/src/install/nav2_msgs/local/lib/python3.10/dist-packages:/home/lhl/nav2_ws/src/install/nav_2d_msgs/local/lib/python3.10/dist-packages:/home/lhl/nav2_ws/src/install/nav2_common/local/lib/python3.10/dist-packages:${PYTHONPATH} /usr/bin/cmake --install /home/lhl/nav2_ws/src/build/nav2_controller
