[0.069s] Invoking command in '/home/lhl/nav2_ws/src/build/sam_bot_description': CMAKE_PREFIX_PATH=/opt/ros/humble /usr/bin/cmake --build /home/lhl/nav2_ws/src/build/sam_bot_description -- -j8 -l8
[0.117s] Invoked command in '/home/lhl/nav2_ws/src/build/sam_bot_description' returned '0': CMAKE_PREFIX_PATH=/opt/ros/humble /usr/bin/cmake --build /home/lhl/nav2_ws/src/build/sam_bot_description -- -j8 -l8
[0.145s] Invoking command in '/home/lhl/nav2_ws/src/build/sam_bot_description': CMAKE_PREFIX_PATH=/opt/ros/humble /usr/bin/cmake --install /home/lhl/nav2_ws/src/build/sam_bot_description
[0.152s] -- Install configuration: ""
[0.152s] -- Up-to-date: /home/lhl/nav2_ws/src/install/sam_bot_description/share/sam_bot_description/src
[0.152s] -- Up-to-date: /home/lhl/nav2_ws/src/install/sam_bot_description/share/sam_bot_description/src/sam_bot_description.urdf
[0.152s] -- Up-to-date: /home/lhl/nav2_ws/src/install/sam_bot_description/share/sam_bot_description/launch
[0.153s] -- Up-to-date: /home/lhl/nav2_ws/src/install/sam_bot_description/share/sam_bot_description/launch/display.launch.py
[0.153s] -- Up-to-date: /home/lhl/nav2_ws/src/install/sam_bot_description/share/sam_bot_description/rviz
[0.153s] -- Up-to-date: /home/lhl/nav2_ws/src/install/sam_bot_description/share/sam_bot_description/rviz/urdf_config.rviz
[0.153s] -- Up-to-date: /home/lhl/nav2_ws/src/install/sam_bot_description/share/ament_index/resource_index/package_run_dependencies/sam_bot_description
[0.153s] -- Up-to-date: /home/lhl/nav2_ws/src/install/sam_bot_description/share/ament_index/resource_index/parent_prefix_path/sam_bot_description
[0.153s] -- Up-to-date: /home/lhl/nav2_ws/src/install/sam_bot_description/share/sam_bot_description/environment/ament_prefix_path.sh
[0.153s] -- Up-to-date: /home/lhl/nav2_ws/src/install/sam_bot_description/share/sam_bot_description/environment/ament_prefix_path.dsv
[0.153s] -- Up-to-date: /home/lhl/nav2_ws/src/install/sam_bot_description/share/sam_bot_description/environment/path.sh
[0.153s] -- Up-to-date: /home/lhl/nav2_ws/src/install/sam_bot_description/share/sam_bot_description/environment/path.dsv
[0.153s] -- Up-to-date: /home/lhl/nav2_ws/src/install/sam_bot_description/share/sam_bot_description/local_setup.bash
[0.154s] -- Up-to-date: /home/lhl/nav2_ws/src/install/sam_bot_description/share/sam_bot_description/local_setup.sh
[0.154s] -- Up-to-date: /home/lhl/nav2_ws/src/install/sam_bot_description/share/sam_bot_description/local_setup.zsh
[0.154s] -- Up-to-date: /home/lhl/nav2_ws/src/install/sam_bot_description/share/sam_bot_description/local_setup.dsv
[0.154s] -- Up-to-date: /home/lhl/nav2_ws/src/install/sam_bot_description/share/sam_bot_description/package.dsv
[0.154s] -- Up-to-date: /home/lhl/nav2_ws/src/install/sam_bot_description/share/ament_index/resource_index/packages/sam_bot_description
[0.154s] -- Up-to-date: /home/lhl/nav2_ws/src/install/sam_bot_description/share/sam_bot_description/cmake/sam_bot_descriptionConfig.cmake
[0.155s] -- Up-to-date: /home/lhl/nav2_ws/src/install/sam_bot_description/share/sam_bot_description/cmake/sam_bot_descriptionConfig-version.cmake
[0.156s] -- Up-to-date: /home/lhl/nav2_ws/src/install/sam_bot_description/share/sam_bot_description/package.xml
[0.156s] Invoked command in '/home/lhl/nav2_ws/src/build/sam_bot_description' returned '0': CMAKE_PREFIX_PATH=/opt/ros/humble /usr/bin/cmake --install /home/lhl/nav2_ws/src/build/sam_bot_description
