[0.028s] Invoking command in '/home/lhl/nav2_ws/build/nav_2d_msgs': CMAKE_PREFIX_PATH=${CMAKE_PREFIX_PATH}:/home/lhl/nav2_ws/install/nav2_simple_commander:/opt/ros/humble /usr/bin/cmake --build /home/lhl/nav2_ws/build/nav_2d_msgs -- -j8 -l8
[0.102s] [ 11%] Built target nav_2d_msgs__rosidl_generator_c
[0.102s] [ 12%] Built target nav_2d_msgs__cpp
[0.117s] [ 12%] Built target ament_cmake_python_symlink_nav_2d_msgs
[0.147s] [ 35%] Built target nav_2d_msgs__rosidl_typesupport_introspection_c
[0.147s] [ 35%] Built target nav_2d_msgs__rosidl_typesupport_c
[0.150s] [ 46%] Built target nav_2d_msgs__rosidl_typesupport_introspection_cpp
[0.151s] [ 57%] Built target nav_2d_msgs__rosidl_typesupport_fastrtps_c
[0.162s] [ 69%] Built target nav_2d_msgs__rosidl_typesupport_cpp
[0.165s] [ 80%] Built target nav_2d_msgs__rosidl_typesupport_fastrtps_cpp
[0.193s] [ 80%] Built target nav_2d_msgs
[0.221s] [ 81%] Built target nav_2d_msgs__py
[0.252s] [ 91%] Built target nav_2d_msgs__rosidl_generator_py
[0.284s] [ 94%] Built target nav_2d_msgs__rosidl_typesupport_introspection_c__pyext
[0.285s] [ 97%] Built target nav_2d_msgs__rosidl_typesupport_c__pyext
[0.286s] [100%] Built target nav_2d_msgs__rosidl_typesupport_fastrtps_c__pyext
[0.366s] running egg_info
[0.367s] writing nav_2d_msgs.egg-info/PKG-INFO
[0.367s] writing dependency_links to nav_2d_msgs.egg-info/dependency_links.txt
[0.367s] writing top-level names to nav_2d_msgs.egg-info/top_level.txt
[0.370s] reading manifest file 'nav_2d_msgs.egg-info/SOURCES.txt'
[0.371s] writing manifest file 'nav_2d_msgs.egg-info/SOURCES.txt'
[0.398s] [100%] Built target ament_cmake_python_build_nav_2d_msgs_egg
