[0.024s] Invoking command in '/home/lhl/nav2_ws/build/sam_bot_description': CMAKE_PREFIX_PATH=${CMAKE_PREFIX_PATH}:/home/lhl/nav2_ws/install/nav2_simple_commander:/home/lhl/nav2_ws/src/install/nav2_simple_commander:/opt/ros/humble /usr/bin/cmake /home/lhl/nav2_ws/src/sam_bot_description -DCMAKE_INSTALL_PREFIX=/home/lhl/nav2_ws/install/sam_bot_description
[0.107s] -- The C compiler identification is GNU 11.3.0
[0.170s] -- The CXX compiler identification is GNU 11.3.0
[0.179s] -- Detecting C compiler ABI info
[0.282s] -- Detecting C compiler ABI info - done
[0.294s] -- Check for working C compiler: /usr/bin/cc - skipped
[0.294s] -- Detecting C compile features
[0.295s] -- Detecting C compile features - done
[0.298s] -- Detecting CXX compiler ABI info
[0.426s] -- Detecting CXX compiler ABI info - done
[0.433s] -- Check for working CXX compiler: /usr/bin/c++ - skipped
[0.434s] -- Detecting CXX compile features
[0.434s] -- Detecting CXX compile features - done
[0.446s] -- Found ament_cmake: 1.3.4 (/opt/ros/humble/share/ament_cmake/cmake)
[0.689s] -- Found Python3: /usr/bin/python3.10 (found version "3.10.6") found components: Interpreter 
[0.922s] -- Found ament_lint_auto: 0.12.6 (/opt/ros/humble/share/ament_lint_auto/cmake)
[1.140s] -- Added test 'flake8' to check Python code syntax and style conventions
[1.144s] -- Added test 'lint_cmake' to check CMake code style
[1.148s] -- Added test 'pep257' to check Python code against some of the docstring style conventions in PEP 257
[1.153s] -- Added test 'xmllint' to check XML markup files
[1.161s] -- Configuring done
[1.166s] -- Generating done
[1.167s] -- Build files have been written to: /home/lhl/nav2_ws/build/sam_bot_description
[1.174s] Invoked command in '/home/lhl/nav2_ws/build/sam_bot_description' returned '0': CMAKE_PREFIX_PATH=${CMAKE_PREFIX_PATH}:/home/lhl/nav2_ws/install/nav2_simple_commander:/home/lhl/nav2_ws/src/install/nav2_simple_commander:/opt/ros/humble /usr/bin/cmake /home/lhl/nav2_ws/src/sam_bot_description -DCMAKE_INSTALL_PREFIX=/home/lhl/nav2_ws/install/sam_bot_description
[1.176s] Invoking command in '/home/lhl/nav2_ws/build/sam_bot_description': CMAKE_PREFIX_PATH=${CMAKE_PREFIX_PATH}:/home/lhl/nav2_ws/install/nav2_simple_commander:/home/lhl/nav2_ws/src/install/nav2_simple_commander:/opt/ros/humble /usr/bin/cmake --build /home/lhl/nav2_ws/build/sam_bot_description -- -j8 -l8
[1.258s] Invoked command in '/home/lhl/nav2_ws/build/sam_bot_description' returned '0': CMAKE_PREFIX_PATH=${CMAKE_PREFIX_PATH}:/home/lhl/nav2_ws/install/nav2_simple_commander:/home/lhl/nav2_ws/src/install/nav2_simple_commander:/opt/ros/humble /usr/bin/cmake --build /home/lhl/nav2_ws/build/sam_bot_description -- -j8 -l8
[1.368s] Invoking command in '/home/lhl/nav2_ws/build/sam_bot_description': CMAKE_PREFIX_PATH=${CMAKE_PREFIX_PATH}:/home/lhl/nav2_ws/install/nav2_simple_commander:/home/lhl/nav2_ws/src/install/nav2_simple_commander:/opt/ros/humble /usr/bin/cmake --install /home/lhl/nav2_ws/build/sam_bot_description
[1.384s] -- Install configuration: ""
[1.384s] -- Up-to-date: /home/lhl/nav2_ws/install/sam_bot_description/share/sam_bot_description/src
[1.384s] -- Installing: /home/lhl/nav2_ws/install/sam_bot_description/share/sam_bot_description/src/hhh.txt
[1.385s] -- Installing: /home/lhl/nav2_ws/install/sam_bot_description/share/sam_bot_description/src/sam_bot_description.urdf
[1.385s] -- Up-to-date: /home/lhl/nav2_ws/install/sam_bot_description/share/sam_bot_description/launch
[1.385s] -- Installing: /home/lhl/nav2_ws/install/sam_bot_description/share/sam_bot_description/launch/display.launch.py
[1.385s] -- Up-to-date: /home/lhl/nav2_ws/install/sam_bot_description/share/sam_bot_description/rviz
[1.385s] -- Installing: /home/lhl/nav2_ws/install/sam_bot_description/share/sam_bot_description/rviz/urdf_config.rviz
[1.385s] -- Up-to-date: /home/lhl/nav2_ws/install/sam_bot_description/share/sam_bot_description/config
[1.385s] -- Installing: /home/lhl/nav2_ws/install/sam_bot_description/share/sam_bot_description/config/ekf.yaml
[1.385s] -- Up-to-date: /home/lhl/nav2_ws/install/sam_bot_description/share/sam_bot_description/world
[1.386s] -- Installing: /home/lhl/nav2_ws/install/sam_bot_description/share/sam_bot_description/world/my_world.sdf
[1.386s] -- Installing: /home/lhl/nav2_ws/install/sam_bot_description/share/ament_index/resource_index/package_run_dependencies/sam_bot_description
[1.386s] -- Installing: /home/lhl/nav2_ws/install/sam_bot_description/share/ament_index/resource_index/parent_prefix_path/sam_bot_description
[1.386s] -- Up-to-date: /home/lhl/nav2_ws/install/sam_bot_description/share/sam_bot_description/environment/ament_prefix_path.sh
[1.386s] -- Installing: /home/lhl/nav2_ws/install/sam_bot_description/share/sam_bot_description/environment/ament_prefix_path.dsv
[1.386s] -- Up-to-date: /home/lhl/nav2_ws/install/sam_bot_description/share/sam_bot_description/environment/path.sh
[1.386s] -- Installing: /home/lhl/nav2_ws/install/sam_bot_description/share/sam_bot_description/environment/path.dsv
[1.386s] -- Installing: /home/lhl/nav2_ws/install/sam_bot_description/share/sam_bot_description/local_setup.bash
[1.387s] -- Installing: /home/lhl/nav2_ws/install/sam_bot_description/share/sam_bot_description/local_setup.sh
[1.387s] -- Installing: /home/lhl/nav2_ws/install/sam_bot_description/share/sam_bot_description/local_setup.zsh
[1.387s] -- Installing: /home/lhl/nav2_ws/install/sam_bot_description/share/sam_bot_description/local_setup.dsv
[1.387s] -- Installing: /home/lhl/nav2_ws/install/sam_bot_description/share/sam_bot_description/package.dsv
[1.387s] -- Installing: /home/lhl/nav2_ws/install/sam_bot_description/share/ament_index/resource_index/packages/sam_bot_description
[1.387s] -- Installing: /home/lhl/nav2_ws/install/sam_bot_description/share/sam_bot_description/cmake/sam_bot_descriptionConfig.cmake
[1.387s] -- Installing: /home/lhl/nav2_ws/install/sam_bot_description/share/sam_bot_description/cmake/sam_bot_descriptionConfig-version.cmake
[1.387s] -- Installing: /home/lhl/nav2_ws/install/sam_bot_description/share/sam_bot_description/package.xml
[1.393s] Invoked command in '/home/lhl/nav2_ws/build/sam_bot_description' returned '0': CMAKE_PREFIX_PATH=${CMAKE_PREFIX_PATH}:/home/lhl/nav2_ws/install/nav2_simple_commander:/home/lhl/nav2_ws/src/install/nav2_simple_commander:/opt/ros/humble /usr/bin/cmake --install /home/lhl/nav2_ws/build/sam_bot_description
