[0.202s] Invoking command in '/home/lhl/nav2_ws/src/build/nav2_lifecycle_manager': AMENT_PREFIX_PATH=/home/lhl/nav2_ws/src/install/nav2_util:/home/lhl/nav2_ws/src/install/nav2_msgs:/home/lhl/nav2_ws/src/install/nav2_common:${AMENT_PREFIX_PATH} CMAKE_PREFIX_PATH=/home/lhl/nav2_ws/src/install/nav2_util:/home/lhl/nav2_ws/src/install/nav2_msgs:/home/lhl/nav2_ws/src/install/nav2_common:/opt/ros/humble LD_LIBRARY_PATH=/home/lhl/nav2_ws/src/install/nav2_util/lib:/home/lhl/nav2_ws/src/install/nav2_msgs/lib:${LD_LIBRARY_PATH} PYTHONPATH=/home/lhl/nav2_ws/src/install/nav2_msgs/local/lib/python3.10/dist-packages:/home/lhl/nav2_ws/src/install/nav2_common/local/lib/python3.10/dist-packages:${PYTHONPATH} /usr/bin/cmake --build /home/lhl/nav2_ws/src/build/nav2_lifecycle_manager -- -j8 -l8
[0.406s] [35m[1mConsolidate compiler generated dependencies of target gtest[0m
[0.422s] [ 15%] Built target gtest
[0.462s] [35m[1mConsolidate compiler generated dependencies of target nav2_lifecycle_manager_core[0m
[0.511s] [ 38%] Built target nav2_lifecycle_manager_core
[0.544s] [35m[1mConsolidate compiler generated dependencies of target lifecycle_manager[0m
[0.673s] [ 53%] Built target lifecycle_manager
[0.676s] [35m[1mConsolidate compiler generated dependencies of target gtest_main[0m
[0.695s] [ 69%] Built target gtest_main
[0.731s] [35m[1mConsolidate compiler generated dependencies of target test_lifecycle_gtest[0m
[0.775s] [35m[1mConsolidate compiler generated dependencies of target test_bond_gtest[0m
[0.805s] [ 84%] Built target test_lifecycle_gtest
[0.827s] [100%] Built target test_bond_gtest
[0.879s] Invoked command in '/home/lhl/nav2_ws/src/build/nav2_lifecycle_manager' returned '0': AMENT_PREFIX_PATH=/home/lhl/nav2_ws/src/install/nav2_util:/home/lhl/nav2_ws/src/install/nav2_msgs:/home/lhl/nav2_ws/src/install/nav2_common:${AMENT_PREFIX_PATH} CMAKE_PREFIX_PATH=/home/lhl/nav2_ws/src/install/nav2_util:/home/lhl/nav2_ws/src/install/nav2_msgs:/home/lhl/nav2_ws/src/install/nav2_common:/opt/ros/humble LD_LIBRARY_PATH=/home/lhl/nav2_ws/src/install/nav2_util/lib:/home/lhl/nav2_ws/src/install/nav2_msgs/lib:${LD_LIBRARY_PATH} PYTHONPATH=/home/lhl/nav2_ws/src/install/nav2_msgs/local/lib/python3.10/dist-packages:/home/lhl/nav2_ws/src/install/nav2_common/local/lib/python3.10/dist-packages:${PYTHONPATH} /usr/bin/cmake --build /home/lhl/nav2_ws/src/build/nav2_lifecycle_manager -- -j8 -l8
[0.965s] Invoking command in '/home/lhl/nav2_ws/src/build/nav2_lifecycle_manager': AMENT_PREFIX_PATH=/home/lhl/nav2_ws/src/install/nav2_util:/home/lhl/nav2_ws/src/install/nav2_msgs:/home/lhl/nav2_ws/src/install/nav2_common:${AMENT_PREFIX_PATH} CMAKE_PREFIX_PATH=/home/lhl/nav2_ws/src/install/nav2_util:/home/lhl/nav2_ws/src/install/nav2_msgs:/home/lhl/nav2_ws/src/install/nav2_common:/opt/ros/humble LD_LIBRARY_PATH=/home/lhl/nav2_ws/src/install/nav2_util/lib:/home/lhl/nav2_ws/src/install/nav2_msgs/lib:${LD_LIBRARY_PATH} PYTHONPATH=/home/lhl/nav2_ws/src/install/nav2_msgs/local/lib/python3.10/dist-packages:/home/lhl/nav2_ws/src/install/nav2_common/local/lib/python3.10/dist-packages:${PYTHONPATH} /usr/bin/cmake --install /home/lhl/nav2_ws/src/build/nav2_lifecycle_manager
[0.985s] -- Install configuration: "Release"
[0.985s] -- Up-to-date: /home/lhl/nav2_ws/src/install/nav2_lifecycle_manager/lib/libnav2_lifecycle_manager_core.so
[0.985s] -- Up-to-date: /home/lhl/nav2_ws/src/install/nav2_lifecycle_manager/lib/nav2_lifecycle_manager/lifecycle_manager
[0.985s] -- Up-to-date: /home/lhl/nav2_ws/src/install/nav2_lifecycle_manager/include/
[0.985s] -- Up-to-date: /home/lhl/nav2_ws/src/install/nav2_lifecycle_manager/include//nav2_lifecycle_manager
[0.986s] -- Up-to-date: /home/lhl/nav2_ws/src/install/nav2_lifecycle_manager/include//nav2_lifecycle_manager/lifecycle_manager.hpp
[0.986s] -- Up-to-date: /home/lhl/nav2_ws/src/install/nav2_lifecycle_manager/include//nav2_lifecycle_manager/lifecycle_manager_client.hpp
[0.986s] -- Up-to-date: /home/lhl/nav2_ws/src/install/nav2_lifecycle_manager/share/nav2_lifecycle_manager/environment/library_path.sh
[0.986s] -- Up-to-date: /home/lhl/nav2_ws/src/install/nav2_lifecycle_manager/share/nav2_lifecycle_manager/environment/library_path.dsv
[0.986s] -- Up-to-date: /home/lhl/nav2_ws/src/install/nav2_lifecycle_manager/share/ament_index/resource_index/package_run_dependencies/nav2_lifecycle_manager
[0.986s] -- Up-to-date: /home/lhl/nav2_ws/src/install/nav2_lifecycle_manager/share/ament_index/resource_index/parent_prefix_path/nav2_lifecycle_manager
[0.986s] -- Up-to-date: /home/lhl/nav2_ws/src/install/nav2_lifecycle_manager/share/nav2_lifecycle_manager/environment/ament_prefix_path.sh
[0.986s] -- Up-to-date: /home/lhl/nav2_ws/src/install/nav2_lifecycle_manager/share/nav2_lifecycle_manager/environment/ament_prefix_path.dsv
[0.987s] -- Up-to-date: /home/lhl/nav2_ws/src/install/nav2_lifecycle_manager/share/nav2_lifecycle_manager/environment/path.sh
[0.987s] -- Up-to-date: /home/lhl/nav2_ws/src/install/nav2_lifecycle_manager/share/nav2_lifecycle_manager/environment/path.dsv
[0.987s] -- Up-to-date: /home/lhl/nav2_ws/src/install/nav2_lifecycle_manager/share/nav2_lifecycle_manager/local_setup.bash
[0.987s] -- Up-to-date: /home/lhl/nav2_ws/src/install/nav2_lifecycle_manager/share/nav2_lifecycle_manager/local_setup.sh
[0.989s] -- Up-to-date: /home/lhl/nav2_ws/src/install/nav2_lifecycle_manager/share/nav2_lifecycle_manager/local_setup.zsh
[0.989s] -- Up-to-date: /home/lhl/nav2_ws/src/install/nav2_lifecycle_manager/share/nav2_lifecycle_manager/local_setup.dsv
[0.989s] -- Installing: /home/lhl/nav2_ws/src/install/nav2_lifecycle_manager/share/nav2_lifecycle_manager/package.dsv
[0.989s] -- Up-to-date: /home/lhl/nav2_ws/src/install/nav2_lifecycle_manager/share/ament_index/resource_index/packages/nav2_lifecycle_manager
[0.990s] -- Up-to-date: /home/lhl/nav2_ws/src/install/nav2_lifecycle_manager/share/ament_index/resource_index/rclcpp_components/nav2_lifecycle_manager
[0.990s] -- Up-to-date: /home/lhl/nav2_ws/src/install/nav2_lifecycle_manager/share/nav2_lifecycle_manager/cmake/ament_cmake_export_include_directories-extras.cmake
[0.990s] -- Up-to-date: /home/lhl/nav2_ws/src/install/nav2_lifecycle_manager/share/nav2_lifecycle_manager/cmake/ament_cmake_export_libraries-extras.cmake
[0.990s] -- Up-to-date: /home/lhl/nav2_ws/src/install/nav2_lifecycle_manager/share/nav2_lifecycle_manager/cmake/ament_cmake_export_dependencies-extras.cmake
[0.990s] -- Up-to-date: /home/lhl/nav2_ws/src/install/nav2_lifecycle_manager/share/nav2_lifecycle_manager/cmake/nav2_lifecycle_managerConfig.cmake
[0.990s] -- Up-to-date: /home/lhl/nav2_ws/src/install/nav2_lifecycle_manager/share/nav2_lifecycle_manager/cmake/nav2_lifecycle_managerConfig-version.cmake
[0.990s] -- Up-to-date: /home/lhl/nav2_ws/src/install/nav2_lifecycle_manager/share/nav2_lifecycle_manager/package.xml
[1.015s] Invoked command in '/home/lhl/nav2_ws/src/build/nav2_lifecycle_manager' returned '0': AMENT_PREFIX_PATH=/home/lhl/nav2_ws/src/install/nav2_util:/home/lhl/nav2_ws/src/install/nav2_msgs:/home/lhl/nav2_ws/src/install/nav2_common:${AMENT_PREFIX_PATH} CMAKE_PREFIX_PATH=/home/lhl/nav2_ws/src/install/nav2_util:/home/lhl/nav2_ws/src/install/nav2_msgs:/home/lhl/nav2_ws/src/install/nav2_common:/opt/ros/humble LD_LIBRARY_PATH=/home/lhl/nav2_ws/src/install/nav2_util/lib:/home/lhl/nav2_ws/src/install/nav2_msgs/lib:${LD_LIBRARY_PATH} PYTHONPATH=/home/lhl/nav2_ws/src/install/nav2_msgs/local/lib/python3.10/dist-packages:/home/lhl/nav2_ws/src/install/nav2_common/local/lib/python3.10/dist-packages:${PYTHONPATH} /usr/bin/cmake --install /home/lhl/nav2_ws/src/build/nav2_lifecycle_manager
