-- Found ament_cmake: 1.3.4 (/opt/ros/humble/share/ament_cmake/cmake)
-- Override CMake install command with custom implementation using symlinks instead of copying resources
-- Found nav2_common: 1.1.6 (/home/lhl/nav2_ws/install/nav2_common/share/nav2_common/cmake)
-- Found rclcpp: 16.0.4 (/opt/ros/humble/share/rclcpp/cmake)
-- Found rosidl_generator_c: 3.1.4 (/opt/ros/humble/share/rosidl_generator_c/cmake)
-- Found rosidl_adapter: 3.1.4 (/opt/ros/humble/share/rosidl_adapter/cmake)
-- Found rosidl_generator_cpp: 3.1.4 (/opt/ros/humble/share/rosidl_generator_cpp/cmake)
-- Using all available rosidl_typesupport_c: rosidl_typesupport_fastrtps_c;rosidl_typesupport_introspection_c
-- Using all available rosidl_typesupport_cpp: rosidl_typesupport_fastrtps_cpp;rosidl_typesupport_introspection_cpp
-- Found rmw_implementation_cmake: 6.1.1 (/opt/ros/humble/share/rmw_implementation_cmake/cmake)
-- Found rmw_fastrtps_cpp: 6.2.2 (/opt/ros/humble/share/rmw_fastrtps_cpp/cmake)
-- Using RMW implementation 'rmw_fastrtps_cpp' as default
-- Found ament_lint_auto: 0.12.6 (/opt/ros/humble/share/ament_lint_auto/cmake)
-- Found gtest sources under '/opt/ros/humble/src/gtest_vendor': C++ tests using 'Google Test' will be built
-- Added test 'cppcheck' to perform static code analysis on C / C++ code
-- Configured cppcheck include dirs: /home/lhl/nav2_ws/src/navigation2/nav2_voxel_grid/include
-- Configured cppcheck exclude dirs and/or files: 
-- Added test 'cpplint' to check C / C++ code against the Google style
-- Configured cpplint exclude dirs and/or files: 
-- Added test 'lint_cmake' to check CMake code style
-- Added test 'uncrustify' to check C / C++ code style
-- Configured uncrustify additional arguments: 
-- Added test 'xmllint' to check XML markup files
-- Configuring done
-- Generating done
-- Build files have been written to: /home/lhl/nav2_ws/build/nav2_voxel_grid
[35m[1mConsolidate compiler generated dependencies of target gtest_main[0m
[ 20%] Built target gtest_main
[35m[1mConsolidate compiler generated dependencies of target gtest[0m
[35m[1mConsolidate compiler generated dependencies of target voxel_grid[0m
[ 40%] Built target gtest
[ 60%] Built target voxel_grid
[35m[1mConsolidate compiler generated dependencies of target voxel_grid_bresenham_3d[0m
[35m[1mConsolidate compiler generated dependencies of target voxel_grid_tests[0m
[ 80%] Built target voxel_grid_bresenham_3d
[100%] Built target voxel_grid_tests
-- Install configuration: "Release"
-- Execute custom install script
-- Up-to-date symlink: /home/lhl/nav2_ws/install/nav2_voxel_grid/lib/libvoxel_grid.so
-- Up-to-date symlink: /home/lhl/nav2_ws/install/nav2_voxel_grid/include/nav2_voxel_grid/voxel_grid.hpp
-- Up-to-date symlink: /home/lhl/nav2_ws/install/nav2_voxel_grid/share/nav2_voxel_grid/environment/library_path.sh
-- Up-to-date symlink: /home/lhl/nav2_ws/install/nav2_voxel_grid/share/nav2_voxel_grid/environment/library_path.dsv
-- Up-to-date symlink: /home/lhl/nav2_ws/install/nav2_voxel_grid/share/ament_index/resource_index/package_run_dependencies/nav2_voxel_grid
-- Up-to-date symlink: /home/lhl/nav2_ws/install/nav2_voxel_grid/share/ament_index/resource_index/parent_prefix_path/nav2_voxel_grid
-- Up-to-date symlink: /home/lhl/nav2_ws/install/nav2_voxel_grid/share/nav2_voxel_grid/environment/ament_prefix_path.sh
-- Up-to-date symlink: /home/lhl/nav2_ws/install/nav2_voxel_grid/share/nav2_voxel_grid/environment/ament_prefix_path.dsv
-- Up-to-date symlink: /home/lhl/nav2_ws/install/nav2_voxel_grid/share/nav2_voxel_grid/environment/path.sh
-- Up-to-date symlink: /home/lhl/nav2_ws/install/nav2_voxel_grid/share/nav2_voxel_grid/environment/path.dsv
-- Up-to-date symlink: /home/lhl/nav2_ws/install/nav2_voxel_grid/share/nav2_voxel_grid/local_setup.bash
-- Up-to-date symlink: /home/lhl/nav2_ws/install/nav2_voxel_grid/share/nav2_voxel_grid/local_setup.sh
-- Up-to-date symlink: /home/lhl/nav2_ws/install/nav2_voxel_grid/share/nav2_voxel_grid/local_setup.zsh
-- Up-to-date symlink: /home/lhl/nav2_ws/install/nav2_voxel_grid/share/nav2_voxel_grid/local_setup.dsv
-- Symlinking: /home/lhl/nav2_ws/install/nav2_voxel_grid/share/nav2_voxel_grid/package.dsv
-- Up-to-date symlink: /home/lhl/nav2_ws/install/nav2_voxel_grid/share/ament_index/resource_index/packages/nav2_voxel_grid
-- Up-to-date symlink: /home/lhl/nav2_ws/install/nav2_voxel_grid/share/nav2_voxel_grid/cmake/ament_cmake_export_dependencies-extras.cmake
-- Up-to-date symlink: /home/lhl/nav2_ws/install/nav2_voxel_grid/share/nav2_voxel_grid/cmake/ament_cmake_export_include_directories-extras.cmake
-- Up-to-date symlink: /home/lhl/nav2_ws/install/nav2_voxel_grid/share/nav2_voxel_grid/cmake/ament_cmake_export_libraries-extras.cmake
-- Up-to-date symlink: /home/lhl/nav2_ws/install/nav2_voxel_grid/share/nav2_voxel_grid/cmake/nav2_voxel_gridConfig.cmake
-- Up-to-date symlink: /home/lhl/nav2_ws/install/nav2_voxel_grid/share/nav2_voxel_grid/cmake/nav2_voxel_gridConfig-version.cmake
-- Up-to-date symlink: /home/lhl/nav2_ws/install/nav2_voxel_grid/share/nav2_voxel_grid/package.xml
