[0.143s] Invoking command in '/home/lhl/nav2_ws/build/nav2_voxel_grid': AMENT_PREFIX_PATH=/home/lhl/nav2_ws/install/nav2_common:${AMENT_PREFIX_PATH} CMAKE_PREFIX_PATH=/home/lhl/nav2_ws/install/nav2_common:/opt/ros/humble PYTHONPATH=/home/lhl/nav2_ws/install/nav2_common/local/lib/python3.10/dist-packages:${PYTHONPATH} /usr/bin/cmake /home/lhl/nav2_ws/src/navigation2/nav2_voxel_grid -DCMAKE_INSTALL_PREFIX=/home/lhl/nav2_ws/install/nav2_voxel_grid
[0.156s] -- Found ament_cmake: 1.3.4 (/opt/ros/humble/share/ament_cmake/cmake)
[0.290s] -- Override CMake install command with custom implementation using symlinks instead of copying resources
[0.334s] -- Found nav2_common: 1.1.6 (/home/lhl/nav2_ws/install/nav2_common/share/nav2_common/cmake)
[0.350s] -- Found rclcpp: 16.0.4 (/opt/ros/humble/share/rclcpp/cmake)
[0.534s] -- Found rosidl_generator_c: 3.1.4 (/opt/ros/humble/share/rosidl_generator_c/cmake)
[0.538s] -- Found rosidl_adapter: 3.1.4 (/opt/ros/humble/share/rosidl_adapter/cmake)
[0.547s] -- Found rosidl_generator_cpp: 3.1.4 (/opt/ros/humble/share/rosidl_generator_cpp/cmake)
[0.562s] -- Using all available rosidl_typesupport_c: rosidl_typesupport_fastrtps_c;rosidl_typesupport_introspection_c
[0.592s] -- Using all available rosidl_typesupport_cpp: rosidl_typesupport_fastrtps_cpp;rosidl_typesupport_introspection_cpp
[0.952s] -- Found rmw_implementation_cmake: 6.1.1 (/opt/ros/humble/share/rmw_implementation_cmake/cmake)
[0.968s] -- Found rmw_fastrtps_cpp: 6.2.2 (/opt/ros/humble/share/rmw_fastrtps_cpp/cmake)
[1.295s] -- Using RMW implementation 'rmw_fastrtps_cpp' as default
[1.698s] -- Found ament_lint_auto: 0.12.6 (/opt/ros/humble/share/ament_lint_auto/cmake)
[1.797s] -- Found gtest sources under '/opt/ros/humble/src/gtest_vendor': C++ tests using 'Google Test' will be built
[1.821s] -- Added test 'cppcheck' to perform static code analysis on C / C++ code
[1.821s] -- Configured cppcheck include dirs: /home/lhl/nav2_ws/src/navigation2/nav2_voxel_grid/include
[1.821s] -- Configured cppcheck exclude dirs and/or files: 
[1.822s] -- Added test 'cpplint' to check C / C++ code against the Google style
[1.822s] -- Configured cpplint exclude dirs and/or files: 
[1.823s] -- Added test 'lint_cmake' to check CMake code style
[1.824s] -- Added test 'uncrustify' to check C / C++ code style
[1.824s] -- Configured uncrustify additional arguments: 
[1.825s] -- Added test 'xmllint' to check XML markup files
[1.849s] -- Configuring done
[1.948s] -- Generating done
[1.952s] -- Build files have been written to: /home/lhl/nav2_ws/build/nav2_voxel_grid
[1.959s] Invoked command in '/home/lhl/nav2_ws/build/nav2_voxel_grid' returned '0': AMENT_PREFIX_PATH=/home/lhl/nav2_ws/install/nav2_common:${AMENT_PREFIX_PATH} CMAKE_PREFIX_PATH=/home/lhl/nav2_ws/install/nav2_common:/opt/ros/humble PYTHONPATH=/home/lhl/nav2_ws/install/nav2_common/local/lib/python3.10/dist-packages:${PYTHONPATH} /usr/bin/cmake /home/lhl/nav2_ws/src/navigation2/nav2_voxel_grid -DCMAKE_INSTALL_PREFIX=/home/lhl/nav2_ws/install/nav2_voxel_grid
[1.961s] Invoking command in '/home/lhl/nav2_ws/build/nav2_voxel_grid': AMENT_PREFIX_PATH=/home/lhl/nav2_ws/install/nav2_common:${AMENT_PREFIX_PATH} CMAKE_PREFIX_PATH=/home/lhl/nav2_ws/install/nav2_common:/opt/ros/humble PYTHONPATH=/home/lhl/nav2_ws/install/nav2_common/local/lib/python3.10/dist-packages:${PYTHONPATH} /usr/bin/cmake --build /home/lhl/nav2_ws/build/nav2_voxel_grid -- -j8 -l8
[2.016s] [35m[1mConsolidate compiler generated dependencies of target gtest_main[0m
[2.030s] [ 20%] Built target gtest_main
[2.051s] [35m[1mConsolidate compiler generated dependencies of target gtest[0m
[2.061s] [35m[1mConsolidate compiler generated dependencies of target voxel_grid[0m
[2.066s] [ 40%] Built target gtest
[2.079s] [ 60%] Built target voxel_grid
[2.111s] [35m[1mConsolidate compiler generated dependencies of target voxel_grid_bresenham_3d[0m
[2.111s] [35m[1mConsolidate compiler generated dependencies of target voxel_grid_tests[0m
[2.129s] [ 80%] Built target voxel_grid_bresenham_3d
[2.131s] [100%] Built target voxel_grid_tests
[2.141s] Invoked command in '/home/lhl/nav2_ws/build/nav2_voxel_grid' returned '0': AMENT_PREFIX_PATH=/home/lhl/nav2_ws/install/nav2_common:${AMENT_PREFIX_PATH} CMAKE_PREFIX_PATH=/home/lhl/nav2_ws/install/nav2_common:/opt/ros/humble PYTHONPATH=/home/lhl/nav2_ws/install/nav2_common/local/lib/python3.10/dist-packages:${PYTHONPATH} /usr/bin/cmake --build /home/lhl/nav2_ws/build/nav2_voxel_grid -- -j8 -l8
[2.166s] Invoking command in '/home/lhl/nav2_ws/build/nav2_voxel_grid': AMENT_PREFIX_PATH=/home/lhl/nav2_ws/install/nav2_common:${AMENT_PREFIX_PATH} CMAKE_PREFIX_PATH=/home/lhl/nav2_ws/install/nav2_common:/opt/ros/humble PYTHONPATH=/home/lhl/nav2_ws/install/nav2_common/local/lib/python3.10/dist-packages:${PYTHONPATH} /usr/bin/cmake --install /home/lhl/nav2_ws/build/nav2_voxel_grid
[2.171s] -- Install configuration: "Release"
[2.172s] -- Execute custom install script
[2.172s] -- Up-to-date symlink: /home/lhl/nav2_ws/install/nav2_voxel_grid/lib/libvoxel_grid.so
[2.172s] -- Up-to-date symlink: /home/lhl/nav2_ws/install/nav2_voxel_grid/include/nav2_voxel_grid/voxel_grid.hpp
[2.172s] -- Up-to-date symlink: /home/lhl/nav2_ws/install/nav2_voxel_grid/share/nav2_voxel_grid/environment/library_path.sh
[2.173s] -- Up-to-date symlink: /home/lhl/nav2_ws/install/nav2_voxel_grid/share/nav2_voxel_grid/environment/library_path.dsv
[2.173s] -- Up-to-date symlink: /home/lhl/nav2_ws/install/nav2_voxel_grid/share/ament_index/resource_index/package_run_dependencies/nav2_voxel_grid
[2.173s] -- Up-to-date symlink: /home/lhl/nav2_ws/install/nav2_voxel_grid/share/ament_index/resource_index/parent_prefix_path/nav2_voxel_grid
[2.173s] -- Up-to-date symlink: /home/lhl/nav2_ws/install/nav2_voxel_grid/share/nav2_voxel_grid/environment/ament_prefix_path.sh
[2.173s] -- Up-to-date symlink: /home/lhl/nav2_ws/install/nav2_voxel_grid/share/nav2_voxel_grid/environment/ament_prefix_path.dsv
[2.173s] -- Up-to-date symlink: /home/lhl/nav2_ws/install/nav2_voxel_grid/share/nav2_voxel_grid/environment/path.sh
[2.173s] -- Up-to-date symlink: /home/lhl/nav2_ws/install/nav2_voxel_grid/share/nav2_voxel_grid/environment/path.dsv
[2.174s] -- Up-to-date symlink: /home/lhl/nav2_ws/install/nav2_voxel_grid/share/nav2_voxel_grid/local_setup.bash
[2.174s] -- Up-to-date symlink: /home/lhl/nav2_ws/install/nav2_voxel_grid/share/nav2_voxel_grid/local_setup.sh
[2.174s] -- Up-to-date symlink: /home/lhl/nav2_ws/install/nav2_voxel_grid/share/nav2_voxel_grid/local_setup.zsh
[2.174s] -- Up-to-date symlink: /home/lhl/nav2_ws/install/nav2_voxel_grid/share/nav2_voxel_grid/local_setup.dsv
[2.174s] -- Symlinking: /home/lhl/nav2_ws/install/nav2_voxel_grid/share/nav2_voxel_grid/package.dsv
[2.184s] -- Up-to-date symlink: /home/lhl/nav2_ws/install/nav2_voxel_grid/share/ament_index/resource_index/packages/nav2_voxel_grid
[2.184s] -- Up-to-date symlink: /home/lhl/nav2_ws/install/nav2_voxel_grid/share/nav2_voxel_grid/cmake/ament_cmake_export_dependencies-extras.cmake
[2.185s] -- Up-to-date symlink: /home/lhl/nav2_ws/install/nav2_voxel_grid/share/nav2_voxel_grid/cmake/ament_cmake_export_include_directories-extras.cmake
[2.185s] -- Up-to-date symlink: /home/lhl/nav2_ws/install/nav2_voxel_grid/share/nav2_voxel_grid/cmake/ament_cmake_export_libraries-extras.cmake
[2.185s] -- Up-to-date symlink: /home/lhl/nav2_ws/install/nav2_voxel_grid/share/nav2_voxel_grid/cmake/nav2_voxel_gridConfig.cmake
[2.185s] -- Up-to-date symlink: /home/lhl/nav2_ws/install/nav2_voxel_grid/share/nav2_voxel_grid/cmake/nav2_voxel_gridConfig-version.cmake
[2.186s] -- Up-to-date symlink: /home/lhl/nav2_ws/install/nav2_voxel_grid/share/nav2_voxel_grid/package.xml
[2.190s] Invoked command in '/home/lhl/nav2_ws/build/nav2_voxel_grid' returned '0': AMENT_PREFIX_PATH=/home/lhl/nav2_ws/install/nav2_common:${AMENT_PREFIX_PATH} CMAKE_PREFIX_PATH=/home/lhl/nav2_ws/install/nav2_common:/opt/ros/humble PYTHONPATH=/home/lhl/nav2_ws/install/nav2_common/local/lib/python3.10/dist-packages:${PYTHONPATH} /usr/bin/cmake --install /home/lhl/nav2_ws/build/nav2_voxel_grid
