[0.013s] Invoking command in '/home/lhl/nav2_ws/src/build/nav2_util': AMENT_PREFIX_PATH=/home/lhl/nav2_ws/src/install/nav2_msgs:/home/lhl/nav2_ws/src/install/nav2_common:${AMENT_PREFIX_PATH} CMAKE_PREFIX_PATH=/home/lhl/nav2_ws/src/install/nav2_msgs:/home/lhl/nav2_ws/src/install/nav2_common:/opt/ros/humble LD_LIBRARY_PATH=/home/lhl/nav2_ws/src/install/nav2_msgs/lib:${LD_LIBRARY_PATH} PYTHONPATH=/home/lhl/nav2_ws/src/install/nav2_msgs/local/lib/python3.10/dist-packages:/home/lhl/nav2_ws/src/install/nav2_common/local/lib/python3.10/dist-packages:${PYTHONPATH} /usr/bin/cmake /home/lhl/nav2_ws/src/navigation2/nav2_util -DCMAKE_INSTALL_PREFIX=/home/lhl/nav2_ws/src/install/nav2_util
[0.062s] -- The C compiler identification is GNU 11.3.0
[0.112s] -- The CXX compiler identification is GNU 11.3.0
[0.119s] -- Detecting C compiler ABI info
[0.180s] -- Detecting C compiler ABI info - done
[0.187s] -- Check for working C compiler: /usr/bin/cc - skipped
[0.187s] -- Detecting C compile features
[0.187s] -- Detecting C compile features - done
[0.190s] -- Detecting CXX compiler ABI info
[0.262s] -- Detecting CXX compiler ABI info - done
[0.269s] -- Check for working CXX compiler: /usr/bin/c++ - skipped
[0.270s] -- Detecting CXX compile features
[0.270s] -- Detecting CXX compile features - done
[0.273s] -- Found ament_cmake: 1.3.4 (/opt/ros/humble/share/ament_cmake/cmake)
[0.431s] -- Found Python3: /usr/bin/python3.10 (found version "3.10.6") found components: Interpreter 
[0.515s] -- Found nav2_common: 1.1.6 (/home/lhl/nav2_ws/src/install/nav2_common/share/nav2_common/cmake)
[0.515s] -- Found nav2_msgs: 1.1.6 (/home/lhl/nav2_ws/src/install/nav2_msgs/share/nav2_msgs/cmake)
[0.558s] -- Found rosidl_generator_c: 3.1.4 (/opt/ros/humble/share/rosidl_generator_c/cmake)
[0.564s] -- Found rosidl_adapter: 3.1.4 (/opt/ros/humble/share/rosidl_adapter/cmake)
[0.573s] -- Found rosidl_generator_cpp: 3.1.4 (/opt/ros/humble/share/rosidl_generator_cpp/cmake)
[0.589s] -- Using all available rosidl_typesupport_c: rosidl_typesupport_fastrtps_c;rosidl_typesupport_introspection_c
[0.612s] -- Using all available rosidl_typesupport_cpp: rosidl_typesupport_fastrtps_cpp;rosidl_typesupport_introspection_cpp
[1.123s] -- Found tf2_ros: 0.25.2 (/opt/ros/humble/share/tf2_ros/cmake)
[1.255s] -- Found rmw_implementation_cmake: 6.1.1 (/opt/ros/humble/share/rmw_implementation_cmake/cmake)
[1.257s] -- Found rmw_fastrtps_cpp: 6.2.2 (/opt/ros/humble/share/rmw_fastrtps_cpp/cmake)
[1.349s] -- Found OpenSSL: /usr/lib/x86_64-linux-gnu/libcrypto.so (found version "3.0.2")  
[1.373s] -- Found FastRTPS: /opt/ros/humble/include  
[1.418s] -- Using RMW implementation 'rmw_fastrtps_cpp' as default
[1.429s] -- Looking for pthread.h
[1.490s] -- Looking for pthread.h - found
[1.491s] -- Performing Test CMAKE_HAVE_LIBC_PTHREAD
[1.558s] -- Performing Test CMAKE_HAVE_LIBC_PTHREAD - Success
[1.559s] -- Found Threads: TRUE  
[1.922s] -- Found tf2_geometry_msgs: 0.25.2 (/opt/ros/humble/share/tf2_geometry_msgs/cmake)
[1.938s] -- Found eigen3_cmake_module: 0.1.1 (/opt/ros/humble/share/eigen3_cmake_module/cmake)
[1.939s] -- Found Eigen3: TRUE (found version "3.4.0") 
[1.939s] -- Ensuring Eigen3 include directory is part of orocos-kdl CMake target
[1.951s] -- Found lifecycle_msgs: 1.2.1 (/opt/ros/humble/share/lifecycle_msgs/cmake)
[1.969s] -- Found rclcpp_lifecycle: 16.0.4 (/opt/ros/humble/share/rclcpp_lifecycle/cmake)
[1.989s] -- Found bondcpp: 3.0.2 (/opt/ros/humble/share/bondcpp/cmake)
[2.070s] -- Setting build type to Release as none was specified.
[2.108s] -- Found Boost: /usr/lib/x86_64-linux-gnu/cmake/Boost-1.74.0/BoostConfig.cmake (found version "1.74.0") found components: program_options 
[2.110s] -- Found ament_lint_auto: 0.12.6 (/opt/ros/humble/share/ament_lint_auto/cmake)
[2.112s] -- Found ament_cmake_pytest: 1.3.4 (/opt/ros/humble/share/ament_cmake_pytest/cmake)
[2.114s] -- Found launch_testing_ament_cmake: 1.0.4 (/opt/ros/humble/share/launch_testing_ament_cmake/cmake)
[2.116s] -- Found python_cmake_module: 0.10.0 (/opt/ros/humble/share/python_cmake_module/cmake)
[2.141s] -- Found PythonInterp: /usr/bin/python3 (found suitable version "3.10.6", minimum required is "3.6") 
[2.145s] -- Found PythonLibs: /usr/lib/x86_64-linux-gnu/libpython3.10.so (found suitable version "3.10.6", minimum required is "3.5") 
[2.145s] -- Using PYTHON_EXECUTABLE: /usr/bin/python3
[2.145s] -- Using PYTHON_INCLUDE_DIRS: /usr/include/python3.10
[2.145s] -- Using PYTHON_LIBRARIES: /usr/lib/x86_64-linux-gnu/libpython3.10.so
[2.164s] -- Found PythonExtra: .so  
[2.355s] -- Found gtest sources under '/opt/ros/humble/src/gtest_vendor': C++ tests using 'Google Test' will be built
[2.382s] -- Added test 'copyright' to check source files copyright and LICENSE
[2.384s] -- Added test 'cppcheck' to perform static code analysis on C / C++ code
[2.384s] -- Configured cppcheck include dirs: /home/lhl/nav2_ws/src/navigation2/nav2_util/include
[2.384s] -- Configured cppcheck exclude dirs and/or files: 
[2.386s] -- Added test 'cpplint' to check C / C++ code against the Google style
[2.386s] -- Configured cpplint exclude dirs and/or files: 
[2.387s] -- Added test 'lint_cmake' to check CMake code style
[2.389s] -- Added test 'uncrustify' to check C / C++ code style
[2.389s] -- Configured uncrustify additional arguments: 
[2.390s] -- Added test 'xmllint' to check XML markup files
[2.393s] -- Configuring done
[2.565s] -- Generating done
[2.568s] -- Build files have been written to: /home/lhl/nav2_ws/src/build/nav2_util
[2.581s] Invoked command in '/home/lhl/nav2_ws/src/build/nav2_util' returned '0': AMENT_PREFIX_PATH=/home/lhl/nav2_ws/src/install/nav2_msgs:/home/lhl/nav2_ws/src/install/nav2_common:${AMENT_PREFIX_PATH} CMAKE_PREFIX_PATH=/home/lhl/nav2_ws/src/install/nav2_msgs:/home/lhl/nav2_ws/src/install/nav2_common:/opt/ros/humble LD_LIBRARY_PATH=/home/lhl/nav2_ws/src/install/nav2_msgs/lib:${LD_LIBRARY_PATH} PYTHONPATH=/home/lhl/nav2_ws/src/install/nav2_msgs/local/lib/python3.10/dist-packages:/home/lhl/nav2_ws/src/install/nav2_common/local/lib/python3.10/dist-packages:${PYTHONPATH} /usr/bin/cmake /home/lhl/nav2_ws/src/navigation2/nav2_util -DCMAKE_INSTALL_PREFIX=/home/lhl/nav2_ws/src/install/nav2_util
[2.583s] Invoking command in '/home/lhl/nav2_ws/src/build/nav2_util': AMENT_PREFIX_PATH=/home/lhl/nav2_ws/src/install/nav2_msgs:/home/lhl/nav2_ws/src/install/nav2_common:${AMENT_PREFIX_PATH} CMAKE_PREFIX_PATH=/home/lhl/nav2_ws/src/install/nav2_msgs:/home/lhl/nav2_ws/src/install/nav2_common:/opt/ros/humble LD_LIBRARY_PATH=/home/lhl/nav2_ws/src/install/nav2_msgs/lib:${LD_LIBRARY_PATH} PYTHONPATH=/home/lhl/nav2_ws/src/install/nav2_msgs/local/lib/python3.10/dist-packages:/home/lhl/nav2_ws/src/install/nav2_common/local/lib/python3.10/dist-packages:${PYTHONPATH} /usr/bin/cmake --build /home/lhl/nav2_ws/src/build/nav2_util -- -j8 -l8
[2.629s] [  2%] [32mBuilding CXX object gtest/CMakeFiles/gtest_main.dir/src/gtest_main.cc.o[0m
[2.629s] [  7%] [32mBuilding CXX object src/CMakeFiles/nav2_util_core.dir/costmap.cpp.o[0m
[2.631s] [  7%] [32mBuilding CXX object gtest/CMakeFiles/gtest.dir/src/gtest-all.cc.o[0m
[2.631s] [ 10%] [32mBuilding CXX object src/CMakeFiles/nav2_util_core.dir/node_utils.cpp.o[0m
[2.631s] [ 13%] [32mBuilding CXX object src/CMakeFiles/nav2_util_core.dir/string_utils.cpp.o[0m
[2.631s] [ 15%] [32mBuilding CXX object src/CMakeFiles/nav2_util_core.dir/lifecycle_service_client.cpp.o[0m
[2.632s] [ 18%] [32mBuilding CXX object src/CMakeFiles/nav2_util_core.dir/lifecycle_utils.cpp.o[0m
[2.642s] [ 21%] [32mBuilding CXX object src/CMakeFiles/nav2_util_core.dir/lifecycle_node.cpp.o[0m
[3.208s] [ 23%] [32mBuilding CXX object src/CMakeFiles/nav2_util_core.dir/robot_utils.cpp.o[0m
[4.399s] [ 26%] [32m[1mLinking CXX static library libgtest_main.a[0m
[4.546s] [ 26%] Built target gtest_main
[4.623s] [ 28%] [32mBuilding CXX object src/CMakeFiles/nav2_util_core.dir/node_thread.cpp.o[0m
[8.059s] [ 31%] [32mBuilding CXX object src/CMakeFiles/nav2_util_core.dir/odometry_utils.cpp.o[0m
[12.678s] [ 34%] [32m[1mLinking CXX static library libgtest.a[0m
[12.714s] [ 34%] Built target gtest
[12.731s] [ 36%] [32mBuilding CXX object test/CMakeFiles/test_execution_timer.dir/test_execution_timer.cpp.o[0m
[13.920s] [ 39%] [32m[1mLinking CXX executable test_execution_timer[0m
[14.042s] [ 39%] Built target test_execution_timer
[18.625s] [ 42%] [32m[1mLinking CXX shared library libnav2_util_core.so[0m
[18.816s] [ 42%] Built target nav2_util_core
[18.841s] [ 44%] [32mBuilding CXX object test/CMakeFiles/test_node_utils.dir/test_node_utils.cpp.o[0m
[18.841s] [ 47%] [32mBuilding CXX object src/CMakeFiles/lifecycle_bringup.dir/lifecycle_bringup_commandline.cpp.o[0m
[18.841s] [ 50%] [32mBuilding CXX object test/CMakeFiles/test_service_client.dir/test_service_client.cpp.o[0m
[18.843s] [ 52%] [32mBuilding CXX object test/CMakeFiles/test_string_utils.dir/test_string_utils.cpp.o[0m
[18.844s] [ 55%] [32mBuilding CXX object test/CMakeFiles/test_lifecycle_utils.dir/test_lifecycle_utils.cpp.o[0m
[18.850s] [ 60%] [32mBuilding CXX object test/CMakeFiles/test_actions.dir/test_actions.cpp.o[0m
[18.851s] [ 60%] [32mBuilding CXX object test/CMakeFiles/test_lifecycle_node.dir/test_lifecycle_node.cpp.o[0m
[18.852s] [ 63%] [32mBuilding CXX object test/CMakeFiles/test_lifecycle_cli_node.dir/test_lifecycle_cli_node.cpp.o[0m
[21.563s] [ 65%] [32m[1mLinking CXX executable test_string_utils[0m
[22.019s] [ 65%] Built target test_string_utils
[22.143s] [ 68%] [32mBuilding CXX object test/CMakeFiles/test_geometry_utils.dir/test_geometry_utils.cpp.o[0m
[24.766s] [ 71%] [32m[1mLinking CXX executable lifecycle_bringup[0m
[25.334s] [ 71%] Built target lifecycle_bringup
[25.465s] [ 73%] [32mBuilding CXX object test/CMakeFiles/test_odometry_utils.dir/test_odometry_utils.cpp.o[0m
[25.935s] [ 76%] [32m[1mLinking CXX executable test_lifecycle_utils[0m
[25.978s] [ 78%] [32m[1mLinking CXX executable test_lifecycle_node[0m
[26.253s] [ 78%] Built target test_lifecycle_utils
[26.299s] [ 81%] [32mBuilding CXX object test/CMakeFiles/test_robot_utils.dir/test_robot_utils.cpp.o[0m
[26.511s] [ 81%] Built target test_lifecycle_node
[26.560s] [ 84%] [32m[1mLinking CXX executable test_node_utils[0m
[26.878s] [ 84%] Built target test_node_utils
[27.010s] [ 86%] [32m[1mLinking CXX executable test_lifecycle_cli_node[0m
[27.314s] [ 86%] Built target test_lifecycle_cli_node
[28.666s] [ 89%] [32m[1mLinking CXX executable test_geometry_utils[0m
[29.052s] [ 89%] Built target test_geometry_utils
[30.750s] [ 92%] [32m[1mLinking CXX executable test_robot_utils[0m
[30.955s] [ 92%] Built target test_robot_utils
[34.005s] [ 94%] [32m[1mLinking CXX executable test_odometry_utils[0m
[34.202s] [ 94%] Built target test_odometry_utils
[35.718s] [ 97%] [32m[1mLinking CXX executable test_service_client[0m
[35.925s] [ 97%] Built target test_service_client
[39.239s] [100%] [32m[1mLinking CXX executable test_actions[0m
[39.610s] [100%] Built target test_actions
[39.623s] Invoked command in '/home/lhl/nav2_ws/src/build/nav2_util' returned '0': AMENT_PREFIX_PATH=/home/lhl/nav2_ws/src/install/nav2_msgs:/home/lhl/nav2_ws/src/install/nav2_common:${AMENT_PREFIX_PATH} CMAKE_PREFIX_PATH=/home/lhl/nav2_ws/src/install/nav2_msgs:/home/lhl/nav2_ws/src/install/nav2_common:/opt/ros/humble LD_LIBRARY_PATH=/home/lhl/nav2_ws/src/install/nav2_msgs/lib:${LD_LIBRARY_PATH} PYTHONPATH=/home/lhl/nav2_ws/src/install/nav2_msgs/local/lib/python3.10/dist-packages:/home/lhl/nav2_ws/src/install/nav2_common/local/lib/python3.10/dist-packages:${PYTHONPATH} /usr/bin/cmake --build /home/lhl/nav2_ws/src/build/nav2_util -- -j8 -l8
[39.651s] Invoking command in '/home/lhl/nav2_ws/src/build/nav2_util': AMENT_PREFIX_PATH=/home/lhl/nav2_ws/src/install/nav2_msgs:/home/lhl/nav2_ws/src/install/nav2_common:${AMENT_PREFIX_PATH} CMAKE_PREFIX_PATH=/home/lhl/nav2_ws/src/install/nav2_msgs:/home/lhl/nav2_ws/src/install/nav2_common:/opt/ros/humble LD_LIBRARY_PATH=/home/lhl/nav2_ws/src/install/nav2_msgs/lib:${LD_LIBRARY_PATH} PYTHONPATH=/home/lhl/nav2_ws/src/install/nav2_msgs/local/lib/python3.10/dist-packages:/home/lhl/nav2_ws/src/install/nav2_common/local/lib/python3.10/dist-packages:${PYTHONPATH} /usr/bin/cmake --install /home/lhl/nav2_ws/src/build/nav2_util
[39.658s] -- Install configuration: "Release"
[39.658s] -- Installing: /home/lhl/nav2_ws/src/install/nav2_util/include/
[39.658s] -- Installing: /home/lhl/nav2_ws/src/install/nav2_util/include//nav2_util
[39.658s] -- Installing: /home/lhl/nav2_ws/src/install/nav2_util/include//nav2_util/execution_timer.hpp
[39.659s] -- Installing: /home/lhl/nav2_ws/src/install/nav2_util/include//nav2_util/simple_action_server.hpp
[39.659s] -- Installing: /home/lhl/nav2_ws/src/install/nav2_util/include//nav2_util/node_thread.hpp
[39.659s] -- Installing: /home/lhl/nav2_ws/src/install/nav2_util/include//nav2_util/robot_utils.hpp
[39.659s] -- Installing: /home/lhl/nav2_ws/src/install/nav2_util/include//nav2_util/odometry_utils.hpp
[39.659s] -- Installing: /home/lhl/nav2_ws/src/install/nav2_util/include//nav2_util/occ_grid_values.hpp
[39.659s] -- Installing: /home/lhl/nav2_ws/src/install/nav2_util/include//nav2_util/line_iterator.hpp
[39.659s] -- Installing: /home/lhl/nav2_ws/src/install/nav2_util/include//nav2_util/lifecycle_utils.hpp
[39.659s] -- Installing: /home/lhl/nav2_ws/src/install/nav2_util/include//nav2_util/costmap.hpp
[39.660s] -- Installing: /home/lhl/nav2_ws/src/install/nav2_util/include//nav2_util/clear_entirely_costmap_service_client.hpp
[39.660s] -- Installing: /home/lhl/nav2_ws/src/install/nav2_util/include//nav2_util/node_utils.hpp
[39.660s] -- Installing: /home/lhl/nav2_ws/src/install/nav2_util/include//nav2_util/service_client.hpp
[39.660s] -- Installing: /home/lhl/nav2_ws/src/install/nav2_util/include//nav2_util/geometry_utils.hpp
[39.660s] -- Installing: /home/lhl/nav2_ws/src/install/nav2_util/include//nav2_util/lifecycle_node.hpp
[39.660s] -- Installing: /home/lhl/nav2_ws/src/install/nav2_util/include//nav2_util/lifecycle_service_client.hpp
[39.660s] -- Installing: /home/lhl/nav2_ws/src/install/nav2_util/include//nav2_util/string_utils.hpp
[39.660s] -- Installing: /home/lhl/nav2_ws/src/install/nav2_util/share/nav2_util/environment/library_path.sh
[39.661s] -- Installing: /home/lhl/nav2_ws/src/install/nav2_util/share/nav2_util/environment/library_path.dsv
[39.661s] -- Installing: /home/lhl/nav2_ws/src/install/nav2_util/share/ament_index/resource_index/package_run_dependencies/nav2_util
[39.661s] -- Installing: /home/lhl/nav2_ws/src/install/nav2_util/share/ament_index/resource_index/parent_prefix_path/nav2_util
[39.661s] -- Installing: /home/lhl/nav2_ws/src/install/nav2_util/share/nav2_util/environment/ament_prefix_path.sh
[39.661s] -- Installing: /home/lhl/nav2_ws/src/install/nav2_util/share/nav2_util/environment/ament_prefix_path.dsv
[39.661s] -- Installing: /home/lhl/nav2_ws/src/install/nav2_util/share/nav2_util/environment/path.sh
[39.661s] -- Installing: /home/lhl/nav2_ws/src/install/nav2_util/share/nav2_util/environment/path.dsv
[39.662s] -- Installing: /home/lhl/nav2_ws/src/install/nav2_util/share/nav2_util/local_setup.bash
[39.662s] -- Installing: /home/lhl/nav2_ws/src/install/nav2_util/share/nav2_util/local_setup.sh
[39.662s] -- Installing: /home/lhl/nav2_ws/src/install/nav2_util/share/nav2_util/local_setup.zsh
[39.662s] -- Installing: /home/lhl/nav2_ws/src/install/nav2_util/share/nav2_util/local_setup.dsv
[39.662s] -- Installing: /home/lhl/nav2_ws/src/install/nav2_util/share/nav2_util/package.dsv
[39.662s] -- Installing: /home/lhl/nav2_ws/src/install/nav2_util/share/ament_index/resource_index/packages/nav2_util
[39.662s] -- Installing: /home/lhl/nav2_ws/src/install/nav2_util/share/nav2_util/cmake/ament_cmake_export_include_directories-extras.cmake
[39.663s] -- Installing: /home/lhl/nav2_ws/src/install/nav2_util/share/nav2_util/cmake/ament_cmake_export_libraries-extras.cmake
[39.663s] -- Installing: /home/lhl/nav2_ws/src/install/nav2_util/share/nav2_util/cmake/ament_cmake_export_dependencies-extras.cmake
[39.663s] -- Installing: /home/lhl/nav2_ws/src/install/nav2_util/share/nav2_util/cmake/nav2_utilConfig.cmake
[39.663s] -- Installing: /home/lhl/nav2_ws/src/install/nav2_util/share/nav2_util/cmake/nav2_utilConfig-version.cmake
[39.663s] -- Installing: /home/lhl/nav2_ws/src/install/nav2_util/share/nav2_util/package.xml
[39.663s] -- Installing: /home/lhl/nav2_ws/src/install/nav2_util/lib/libnav2_util_core.so
[39.665s] -- Set runtime path of "/home/lhl/nav2_ws/src/install/nav2_util/lib/libnav2_util_core.so" to ""
[39.666s] -- Installing: /home/lhl/nav2_ws/src/install/nav2_util/lib/nav2_util/lifecycle_bringup
[39.666s] -- Set runtime path of "/home/lhl/nav2_ws/src/install/nav2_util/lib/nav2_util/lifecycle_bringup" to ""
[39.670s] Invoked command in '/home/lhl/nav2_ws/src/build/nav2_util' returned '0': AMENT_PREFIX_PATH=/home/lhl/nav2_ws/src/install/nav2_msgs:/home/lhl/nav2_ws/src/install/nav2_common:${AMENT_PREFIX_PATH} CMAKE_PREFIX_PATH=/home/lhl/nav2_ws/src/install/nav2_msgs:/home/lhl/nav2_ws/src/install/nav2_common:/opt/ros/humble LD_LIBRARY_PATH=/home/lhl/nav2_ws/src/install/nav2_msgs/lib:${LD_LIBRARY_PATH} PYTHONPATH=/home/lhl/nav2_ws/src/install/nav2_msgs/local/lib/python3.10/dist-packages:/home/lhl/nav2_ws/src/install/nav2_common/local/lib/python3.10/dist-packages:${PYTHONPATH} /usr/bin/cmake --install /home/lhl/nav2_ws/src/build/nav2_util
