[  1%] Built target nav_2d_msgs__cpp
[ 12%] Built target nav_2d_msgs__rosidl_generator_c
[ 12%] Built target ament_cmake_python_symlink_nav_2d_msgs
[ 23%] Built target nav_2d_msgs__rosidl_typesupport_introspection_cpp
[ 35%] Built target nav_2d_msgs__rosidl_typesupport_fastrtps_c
[ 57%] Built target nav_2d_msgs__rosidl_typesupport_fastrtps_cpp
[ 57%] Built target nav_2d_msgs__rosidl_typesupport_cpp
[ 80%] Built target nav_2d_msgs__rosidl_typesupport_c
[ 80%] Built target nav_2d_msgs__rosidl_typesupport_introspection_c
[ 80%] Built target nav_2d_msgs
[ 81%] Built target nav_2d_msgs__py
[ 91%] Built target nav_2d_msgs__rosidl_generator_py
[ 97%] Built target nav_2d_msgs__rosidl_typesupport_c__pyext
[ 97%] Built target nav_2d_msgs__rosidl_typesupport_introspection_c__pyext
[100%] Built target nav_2d_msgs__rosidl_typesupport_fastrtps_c__pyext
running egg_info
writing nav_2d_msgs.egg-info/PKG-INFO
writing dependency_links to nav_2d_msgs.egg-info/dependency_links.txt
writing top-level names to nav_2d_msgs.egg-info/top_level.txt
reading manifest file 'nav_2d_msgs.egg-info/SOURCES.txt'
writing manifest file 'nav_2d_msgs.egg-info/SOURCES.txt'
[100%] Built target ament_cmake_python_build_nav_2d_msgs_egg
