[0.074s] Invoking command in '/home/lhl/nav2_ws/build/nav2_rotation_shim_controller': AMENT_PREFIX_PATH=/home/lhl/nav2_ws/install/nav2_regulated_pure_pursuit_controller:/home/lhl/nav2_ws/install/nav2_controller:/home/lhl/nav2_ws/install/nav2_core:/home/lhl/nav2_ws/install/nav2_costmap_2d:/home/lhl/nav2_ws/install/nav_2d_utils:/home/lhl/nav2_ws/install/nav2_util:/home/lhl/nav2_ws/install/nav2_voxel_grid:/home/lhl/nav2_ws/install/nav2_msgs:/home/lhl/nav2_ws/install/nav_2d_msgs:/home/lhl/nav2_ws/install/nav2_common:${AMENT_PREFIX_PATH} CMAKE_PREFIX_PATH=/home/lhl/nav2_ws/install/nav2_regulated_pure_pursuit_controller:/home/lhl/nav2_ws/install/nav2_controller:/home/lhl/nav2_ws/install/nav2_core:/home/lhl/nav2_ws/install/nav2_costmap_2d:/home/lhl/nav2_ws/install/nav_2d_utils:/home/lhl/nav2_ws/install/nav2_util:/home/lhl/nav2_ws/install/nav2_voxel_grid:/home/lhl/nav2_ws/install/nav2_msgs:/home/lhl/nav2_ws/install/nav_2d_msgs:/home/lhl/nav2_ws/install/nav2_common:/opt/ros/humble LD_LIBRARY_PATH=/home/lhl/nav2_ws/install/nav2_regulated_pure_pursuit_controller/lib:/home/lhl/nav2_ws/install/nav2_controller/lib:/home/lhl/nav2_ws/install/nav2_costmap_2d/lib:/home/lhl/nav2_ws/install/nav_2d_utils/lib:/home/lhl/nav2_ws/install/nav2_util/lib:/home/lhl/nav2_ws/install/nav2_voxel_grid/lib:/home/lhl/nav2_ws/install/nav2_msgs/lib:/home/lhl/nav2_ws/install/nav_2d_msgs/lib:${LD_LIBRARY_PATH} PYTHONPATH=/home/lhl/nav2_ws/install/nav2_msgs/local/lib/python3.10/dist-packages:/home/lhl/nav2_ws/install/nav_2d_msgs/local/lib/python3.10/dist-packages:/home/lhl/nav2_ws/install/nav2_common/local/lib/python3.10/dist-packages:${PYTHONPATH} /usr/bin/cmake /home/lhl/nav2_ws/src/navigation2/nav2_rotation_shim_controller -DAMENT_CMAKE_SYMLINK_INSTALL=1 -DCMAKE_INSTALL_PREFIX=/home/lhl/nav2_ws/install/nav2_rotation_shim_controller
[17.725s] -- The C compiler identification is GNU 11.3.0
[17.725s] -- The CXX compiler identification is GNU 11.3.0
[17.725s] -- Detecting C compiler ABI info
[17.742s] -- Detecting C compiler ABI info - done
[17.742s] -- Check for working C compiler: /usr/bin/cc - skipped
[17.742s] -- Detecting C compile features
[17.743s] -- Detecting C compile features - done
[17.743s] -- Detecting CXX compiler ABI info
[17.743s] -- Detecting CXX compiler ABI info - done
[17.743s] -- Check for working CXX compiler: /usr/bin/c++ - skipped
[17.743s] -- Detecting CXX compile features
[17.743s] -- Detecting CXX compile features - done
[17.743s] -- Found ament_cmake: 1.3.4 (/opt/ros/humble/share/ament_cmake/cmake)
[17.743s] -- Found Python3: /usr/bin/python3.10 (found version "3.10.6") found components: Interpreter 
[17.743s] -- Override CMake install command with custom implementation using symlinks instead of copying resources
[17.743s] -- Found nav2_common: 1.1.6 (/home/lhl/nav2_ws/install/nav2_common/share/nav2_common/cmake)
[17.743s] -- Found nav2_core: 1.1.6 (/home/lhl/nav2_ws/install/nav2_core/share/nav2_core/cmake)
[17.744s] -- Found rosidl_generator_c: 3.1.4 (/opt/ros/humble/share/rosidl_generator_c/cmake)
[17.744s] -- Found rosidl_adapter: 3.1.4 (/opt/ros/humble/share/rosidl_adapter/cmake)
[17.744s] -- Found rosidl_generator_cpp: 3.1.4 (/opt/ros/humble/share/rosidl_generator_cpp/cmake)
[17.744s] -- Using all available rosidl_typesupport_c: rosidl_typesupport_fastrtps_c;rosidl_typesupport_introspection_c
[17.744s] -- Using all available rosidl_typesupport_cpp: rosidl_typesupport_fastrtps_cpp;rosidl_typesupport_introspection_cpp
[17.744s] -- Found rmw_implementation_cmake: 6.1.1 (/opt/ros/humble/share/rmw_implementation_cmake/cmake)
[17.744s] -- Found rmw_fastrtps_cpp: 6.2.2 (/opt/ros/humble/share/rmw_fastrtps_cpp/cmake)
[17.744s] -- Found OpenSSL: /usr/lib/x86_64-linux-gnu/libcrypto.so (found version "3.0.2")  
[17.744s] -- Found FastRTPS: /opt/ros/humble/include  
[17.744s] -- Using RMW implementation 'rmw_fastrtps_cpp' as default
[17.745s] -- Looking for pthread.h
[17.745s] -- Looking for pthread.h - found
[17.745s] -- Performing Test CMAKE_HAVE_LIBC_PTHREAD
[17.745s] -- Performing Test CMAKE_HAVE_LIBC_PTHREAD - Success
[17.745s] -- Found Threads: TRUE  
[17.745s] -- Found Eigen3: TRUE (found version "3.4.0") 
[17.745s] -- Ensuring Eigen3 include directory is part of orocos-kdl CMake target
[17.745s] -- Setting build type to Release as none was specified.
[22.938s] -- Found ament_lint_auto: 0.12.6 (/opt/ros/humble/share/ament_lint_auto/cmake)
[32.410s] -- Found gtest sources under '/opt/ros/humble/src/gtest_vendor': C++ tests using 'Google Test' will be built
[44.709s] -- Added test 'cppcheck' to perform static code analysis on C / C++ code
[44.710s] -- Configured cppcheck include dirs: /home/lhl/nav2_ws/src/navigation2/nav2_rotation_shim_controller/include
[44.710s] -- Configured cppcheck exclude dirs and/or files: 
[44.712s] -- Added test 'cpplint' to check C / C++ code against the Google style
[44.712s] -- Configured cpplint exclude dirs and/or files: 
[44.712s] -- Added test 'lint_cmake' to check CMake code style
[44.714s] -- Added test 'uncrustify' to check C / C++ code style
[44.714s] -- Configured uncrustify additional arguments: 
[44.715s] -- Added test 'xmllint' to check XML markup files
[44.719s] -- Configuring done
[44.875s] -- Generating done
[44.877s] -- Build files have been written to: /home/lhl/nav2_ws/build/nav2_rotation_shim_controller
[44.919s] Invoked command in '/home/lhl/nav2_ws/build/nav2_rotation_shim_controller' returned '0': AMENT_PREFIX_PATH=/home/lhl/nav2_ws/install/nav2_regulated_pure_pursuit_controller:/home/lhl/nav2_ws/install/nav2_controller:/home/lhl/nav2_ws/install/nav2_core:/home/lhl/nav2_ws/install/nav2_costmap_2d:/home/lhl/nav2_ws/install/nav_2d_utils:/home/lhl/nav2_ws/install/nav2_util:/home/lhl/nav2_ws/install/nav2_voxel_grid:/home/lhl/nav2_ws/install/nav2_msgs:/home/lhl/nav2_ws/install/nav_2d_msgs:/home/lhl/nav2_ws/install/nav2_common:${AMENT_PREFIX_PATH} CMAKE_PREFIX_PATH=/home/lhl/nav2_ws/install/nav2_regulated_pure_pursuit_controller:/home/lhl/nav2_ws/install/nav2_controller:/home/lhl/nav2_ws/install/nav2_core:/home/lhl/nav2_ws/install/nav2_costmap_2d:/home/lhl/nav2_ws/install/nav_2d_utils:/home/lhl/nav2_ws/install/nav2_util:/home/lhl/nav2_ws/install/nav2_voxel_grid:/home/lhl/nav2_ws/install/nav2_msgs:/home/lhl/nav2_ws/install/nav_2d_msgs:/home/lhl/nav2_ws/install/nav2_common:/opt/ros/humble LD_LIBRARY_PATH=/home/lhl/nav2_ws/install/nav2_regulated_pure_pursuit_controller/lib:/home/lhl/nav2_ws/install/nav2_controller/lib:/home/lhl/nav2_ws/install/nav2_costmap_2d/lib:/home/lhl/nav2_ws/install/nav_2d_utils/lib:/home/lhl/nav2_ws/install/nav2_util/lib:/home/lhl/nav2_ws/install/nav2_voxel_grid/lib:/home/lhl/nav2_ws/install/nav2_msgs/lib:/home/lhl/nav2_ws/install/nav_2d_msgs/lib:${LD_LIBRARY_PATH} PYTHONPATH=/home/lhl/nav2_ws/install/nav2_msgs/local/lib/python3.10/dist-packages:/home/lhl/nav2_ws/install/nav_2d_msgs/local/lib/python3.10/dist-packages:/home/lhl/nav2_ws/install/nav2_common/local/lib/python3.10/dist-packages:${PYTHONPATH} /usr/bin/cmake /home/lhl/nav2_ws/src/navigation2/nav2_rotation_shim_controller -DAMENT_CMAKE_SYMLINK_INSTALL=1 -DCMAKE_INSTALL_PREFIX=/home/lhl/nav2_ws/install/nav2_rotation_shim_controller
[44.942s] Invoking command in '/home/lhl/nav2_ws/build/nav2_rotation_shim_controller': AMENT_PREFIX_PATH=/home/lhl/nav2_ws/install/nav2_regulated_pure_pursuit_controller:/home/lhl/nav2_ws/install/nav2_controller:/home/lhl/nav2_ws/install/nav2_core:/home/lhl/nav2_ws/install/nav2_costmap_2d:/home/lhl/nav2_ws/install/nav_2d_utils:/home/lhl/nav2_ws/install/nav2_util:/home/lhl/nav2_ws/install/nav2_voxel_grid:/home/lhl/nav2_ws/install/nav2_msgs:/home/lhl/nav2_ws/install/nav_2d_msgs:/home/lhl/nav2_ws/install/nav2_common:${AMENT_PREFIX_PATH} CMAKE_PREFIX_PATH=/home/lhl/nav2_ws/install/nav2_regulated_pure_pursuit_controller:/home/lhl/nav2_ws/install/nav2_controller:/home/lhl/nav2_ws/install/nav2_core:/home/lhl/nav2_ws/install/nav2_costmap_2d:/home/lhl/nav2_ws/install/nav_2d_utils:/home/lhl/nav2_ws/install/nav2_util:/home/lhl/nav2_ws/install/nav2_voxel_grid:/home/lhl/nav2_ws/install/nav2_msgs:/home/lhl/nav2_ws/install/nav_2d_msgs:/home/lhl/nav2_ws/install/nav2_common:/opt/ros/humble LD_LIBRARY_PATH=/home/lhl/nav2_ws/install/nav2_regulated_pure_pursuit_controller/lib:/home/lhl/nav2_ws/install/nav2_controller/lib:/home/lhl/nav2_ws/install/nav2_costmap_2d/lib:/home/lhl/nav2_ws/install/nav_2d_utils/lib:/home/lhl/nav2_ws/install/nav2_util/lib:/home/lhl/nav2_ws/install/nav2_voxel_grid/lib:/home/lhl/nav2_ws/install/nav2_msgs/lib:/home/lhl/nav2_ws/install/nav_2d_msgs/lib:${LD_LIBRARY_PATH} PYTHONPATH=/home/lhl/nav2_ws/install/nav2_msgs/local/lib/python3.10/dist-packages:/home/lhl/nav2_ws/install/nav_2d_msgs/local/lib/python3.10/dist-packages:/home/lhl/nav2_ws/install/nav2_common/local/lib/python3.10/dist-packages:${PYTHONPATH} /usr/bin/cmake --build /home/lhl/nav2_ws/build/nav2_rotation_shim_controller -- -j8 -l8
[44.977s] [ 12%] [32mBuilding CXX object CMakeFiles/nav2_rotation_shim_controller.dir/src/nav2_rotation_shim_controller.cpp.o[0m
[60.565s] [ 25%] [32m[1mLinking CXX shared library libnav2_rotation_shim_controller.so[0m
[61.038s] [ 25%] Built target nav2_rotation_shim_controller
[61.062s] [ 37%] [32mBuilding CXX object gtest/CMakeFiles/gtest.dir/src/gtest-all.cc.o[0m
[69.258s] [ 50%] [32m[1mLinking CXX static library libgtest.a[0m
[69.311s] [ 50%] Built target gtest
[69.351s] [ 62%] [32mBuilding CXX object gtest/CMakeFiles/gtest_main.dir/src/gtest_main.cc.o[0m
[71.043s] [ 75%] [32m[1mLinking CXX static library libgtest_main.a[0m
[71.110s] [ 75%] Built target gtest_main
[71.189s] [ 87%] [32mBuilding CXX object test/CMakeFiles/test_shim_controller.dir/test_shim_controller.cpp.o[0m
[103.586s] [100%] [32m[1mLinking CXX executable test_shim_controller[0m
[104.371s] [100%] Built target test_shim_controller
[104.389s] Invoked command in '/home/lhl/nav2_ws/build/nav2_rotation_shim_controller' returned '0': AMENT_PREFIX_PATH=/home/lhl/nav2_ws/install/nav2_regulated_pure_pursuit_controller:/home/lhl/nav2_ws/install/nav2_controller:/home/lhl/nav2_ws/install/nav2_core:/home/lhl/nav2_ws/install/nav2_costmap_2d:/home/lhl/nav2_ws/install/nav_2d_utils:/home/lhl/nav2_ws/install/nav2_util:/home/lhl/nav2_ws/install/nav2_voxel_grid:/home/lhl/nav2_ws/install/nav2_msgs:/home/lhl/nav2_ws/install/nav_2d_msgs:/home/lhl/nav2_ws/install/nav2_common:${AMENT_PREFIX_PATH} CMAKE_PREFIX_PATH=/home/lhl/nav2_ws/install/nav2_regulated_pure_pursuit_controller:/home/lhl/nav2_ws/install/nav2_controller:/home/lhl/nav2_ws/install/nav2_core:/home/lhl/nav2_ws/install/nav2_costmap_2d:/home/lhl/nav2_ws/install/nav_2d_utils:/home/lhl/nav2_ws/install/nav2_util:/home/lhl/nav2_ws/install/nav2_voxel_grid:/home/lhl/nav2_ws/install/nav2_msgs:/home/lhl/nav2_ws/install/nav_2d_msgs:/home/lhl/nav2_ws/install/nav2_common:/opt/ros/humble LD_LIBRARY_PATH=/home/lhl/nav2_ws/install/nav2_regulated_pure_pursuit_controller/lib:/home/lhl/nav2_ws/install/nav2_controller/lib:/home/lhl/nav2_ws/install/nav2_costmap_2d/lib:/home/lhl/nav2_ws/install/nav_2d_utils/lib:/home/lhl/nav2_ws/install/nav2_util/lib:/home/lhl/nav2_ws/install/nav2_voxel_grid/lib:/home/lhl/nav2_ws/install/nav2_msgs/lib:/home/lhl/nav2_ws/install/nav_2d_msgs/lib:${LD_LIBRARY_PATH} PYTHONPATH=/home/lhl/nav2_ws/install/nav2_msgs/local/lib/python3.10/dist-packages:/home/lhl/nav2_ws/install/nav_2d_msgs/local/lib/python3.10/dist-packages:/home/lhl/nav2_ws/install/nav2_common/local/lib/python3.10/dist-packages:${PYTHONPATH} /usr/bin/cmake --build /home/lhl/nav2_ws/build/nav2_rotation_shim_controller -- -j8 -l8
[104.433s] Invoking command in '/home/lhl/nav2_ws/build/nav2_rotation_shim_controller': AMENT_PREFIX_PATH=/home/lhl/nav2_ws/install/nav2_regulated_pure_pursuit_controller:/home/lhl/nav2_ws/install/nav2_controller:/home/lhl/nav2_ws/install/nav2_core:/home/lhl/nav2_ws/install/nav2_costmap_2d:/home/lhl/nav2_ws/install/nav_2d_utils:/home/lhl/nav2_ws/install/nav2_util:/home/lhl/nav2_ws/install/nav2_voxel_grid:/home/lhl/nav2_ws/install/nav2_msgs:/home/lhl/nav2_ws/install/nav_2d_msgs:/home/lhl/nav2_ws/install/nav2_common:${AMENT_PREFIX_PATH} CMAKE_PREFIX_PATH=/home/lhl/nav2_ws/install/nav2_regulated_pure_pursuit_controller:/home/lhl/nav2_ws/install/nav2_controller:/home/lhl/nav2_ws/install/nav2_core:/home/lhl/nav2_ws/install/nav2_costmap_2d:/home/lhl/nav2_ws/install/nav_2d_utils:/home/lhl/nav2_ws/install/nav2_util:/home/lhl/nav2_ws/install/nav2_voxel_grid:/home/lhl/nav2_ws/install/nav2_msgs:/home/lhl/nav2_ws/install/nav_2d_msgs:/home/lhl/nav2_ws/install/nav2_common:/opt/ros/humble LD_LIBRARY_PATH=/home/lhl/nav2_ws/install/nav2_regulated_pure_pursuit_controller/lib:/home/lhl/nav2_ws/install/nav2_controller/lib:/home/lhl/nav2_ws/install/nav2_costmap_2d/lib:/home/lhl/nav2_ws/install/nav_2d_utils/lib:/home/lhl/nav2_ws/install/nav2_util/lib:/home/lhl/nav2_ws/install/nav2_voxel_grid/lib:/home/lhl/nav2_ws/install/nav2_msgs/lib:/home/lhl/nav2_ws/install/nav_2d_msgs/lib:${LD_LIBRARY_PATH} PYTHONPATH=/home/lhl/nav2_ws/install/nav2_msgs/local/lib/python3.10/dist-packages:/home/lhl/nav2_ws/install/nav_2d_msgs/local/lib/python3.10/dist-packages:/home/lhl/nav2_ws/install/nav2_common/local/lib/python3.10/dist-packages:${PYTHONPATH} /usr/bin/cmake --install /home/lhl/nav2_ws/build/nav2_rotation_shim_controller
[104.444s] -- Install configuration: "Release"
[104.445s] -- Execute custom install script
[104.445s] -- Symlinking: /home/lhl/nav2_ws/install/nav2_rotation_shim_controller/lib/libnav2_rotation_shim_controller.so
[104.458s] -- Symlinking: /home/lhl/nav2_ws/install/nav2_rotation_shim_controller/include//nav2_rotation_shim_controller/nav2_rotation_shim_controller.hpp
[104.471s] -- Symlinking: /home/lhl/nav2_ws/install/nav2_rotation_shim_controller/share/nav2_rotation_shim_controller/environment/library_path.sh
[104.484s] -- Symlinking: /home/lhl/nav2_ws/install/nav2_rotation_shim_controller/share/nav2_rotation_shim_controller/environment/library_path.dsv
[104.497s] -- Symlinking: /home/lhl/nav2_ws/install/nav2_rotation_shim_controller/share/nav2_rotation_shim_controller//nav2_rotation_shim_controller.xml
[104.510s] -- Symlinking: /home/lhl/nav2_ws/install/nav2_rotation_shim_controller/share/ament_index/resource_index/package_run_dependencies/nav2_rotation_shim_controller
[104.523s] -- Symlinking: /home/lhl/nav2_ws/install/nav2_rotation_shim_controller/share/ament_index/resource_index/parent_prefix_path/nav2_rotation_shim_controller
[104.536s] -- Symlinking: /home/lhl/nav2_ws/install/nav2_rotation_shim_controller/share/nav2_rotation_shim_controller/environment/ament_prefix_path.sh
[104.549s] -- Symlinking: /home/lhl/nav2_ws/install/nav2_rotation_shim_controller/share/nav2_rotation_shim_controller/environment/ament_prefix_path.dsv
[104.562s] -- Symlinking: /home/lhl/nav2_ws/install/nav2_rotation_shim_controller/share/nav2_rotation_shim_controller/environment/path.sh
[104.576s] -- Symlinking: /home/lhl/nav2_ws/install/nav2_rotation_shim_controller/share/nav2_rotation_shim_controller/environment/path.dsv
[104.589s] -- Symlinking: /home/lhl/nav2_ws/install/nav2_rotation_shim_controller/share/nav2_rotation_shim_controller/local_setup.bash
[104.601s] -- Symlinking: /home/lhl/nav2_ws/install/nav2_rotation_shim_controller/share/nav2_rotation_shim_controller/local_setup.sh
[104.613s] -- Symlinking: /home/lhl/nav2_ws/install/nav2_rotation_shim_controller/share/nav2_rotation_shim_controller/local_setup.zsh
[104.626s] -- Symlinking: /home/lhl/nav2_ws/install/nav2_rotation_shim_controller/share/nav2_rotation_shim_controller/local_setup.dsv
[104.638s] -- Symlinking: /home/lhl/nav2_ws/install/nav2_rotation_shim_controller/share/nav2_rotation_shim_controller/package.dsv
[104.651s] -- Symlinking: /home/lhl/nav2_ws/install/nav2_rotation_shim_controller/share/ament_index/resource_index/packages/nav2_rotation_shim_controller
[104.665s] -- Symlinking: /home/lhl/nav2_ws/install/nav2_rotation_shim_controller/share/ament_index/resource_index/nav2_core__pluginlib__plugin/nav2_rotation_shim_controller
[104.679s] -- Symlinking: /home/lhl/nav2_ws/install/nav2_rotation_shim_controller/share/nav2_rotation_shim_controller/cmake/ament_cmake_export_include_directories-extras.cmake
[104.691s] -- Symlinking: /home/lhl/nav2_ws/install/nav2_rotation_shim_controller/share/nav2_rotation_shim_controller/cmake/ament_cmake_export_libraries-extras.cmake
[104.704s] -- Symlinking: /home/lhl/nav2_ws/install/nav2_rotation_shim_controller/share/nav2_rotation_shim_controller/cmake/ament_cmake_export_dependencies-extras.cmake
[104.717s] -- Symlinking: /home/lhl/nav2_ws/install/nav2_rotation_shim_controller/share/nav2_rotation_shim_controller/cmake/nav2_rotation_shim_controllerConfig.cmake
[104.731s] -- Symlinking: /home/lhl/nav2_ws/install/nav2_rotation_shim_controller/share/nav2_rotation_shim_controller/cmake/nav2_rotation_shim_controllerConfig-version.cmake
[104.744s] -- Symlinking: /home/lhl/nav2_ws/install/nav2_rotation_shim_controller/share/nav2_rotation_shim_controller/package.xml
[104.774s] Invoked command in '/home/lhl/nav2_ws/build/nav2_rotation_shim_controller' returned '0': AMENT_PREFIX_PATH=/home/lhl/nav2_ws/install/nav2_regulated_pure_pursuit_controller:/home/lhl/nav2_ws/install/nav2_controller:/home/lhl/nav2_ws/install/nav2_core:/home/lhl/nav2_ws/install/nav2_costmap_2d:/home/lhl/nav2_ws/install/nav_2d_utils:/home/lhl/nav2_ws/install/nav2_util:/home/lhl/nav2_ws/install/nav2_voxel_grid:/home/lhl/nav2_ws/install/nav2_msgs:/home/lhl/nav2_ws/install/nav_2d_msgs:/home/lhl/nav2_ws/install/nav2_common:${AMENT_PREFIX_PATH} CMAKE_PREFIX_PATH=/home/lhl/nav2_ws/install/nav2_regulated_pure_pursuit_controller:/home/lhl/nav2_ws/install/nav2_controller:/home/lhl/nav2_ws/install/nav2_core:/home/lhl/nav2_ws/install/nav2_costmap_2d:/home/lhl/nav2_ws/install/nav_2d_utils:/home/lhl/nav2_ws/install/nav2_util:/home/lhl/nav2_ws/install/nav2_voxel_grid:/home/lhl/nav2_ws/install/nav2_msgs:/home/lhl/nav2_ws/install/nav_2d_msgs:/home/lhl/nav2_ws/install/nav2_common:/opt/ros/humble LD_LIBRARY_PATH=/home/lhl/nav2_ws/install/nav2_regulated_pure_pursuit_controller/lib:/home/lhl/nav2_ws/install/nav2_controller/lib:/home/lhl/nav2_ws/install/nav2_costmap_2d/lib:/home/lhl/nav2_ws/install/nav_2d_utils/lib:/home/lhl/nav2_ws/install/nav2_util/lib:/home/lhl/nav2_ws/install/nav2_voxel_grid/lib:/home/lhl/nav2_ws/install/nav2_msgs/lib:/home/lhl/nav2_ws/install/nav_2d_msgs/lib:${LD_LIBRARY_PATH} PYTHONPATH=/home/lhl/nav2_ws/install/nav2_msgs/local/lib/python3.10/dist-packages:/home/lhl/nav2_ws/install/nav_2d_msgs/local/lib/python3.10/dist-packages:/home/lhl/nav2_ws/install/nav2_common/local/lib/python3.10/dist-packages:${PYTHONPATH} /usr/bin/cmake --install /home/lhl/nav2_ws/build/nav2_rotation_shim_controller
