-- Found builtin_interfaces: 1.2.1 (/opt/ros/humble/share/builtin_interfaces/cmake)
-- Override CMake install command with custom implementation using symlinks instead of copying resources
-- Found rosidl_generator_c: 3.1.4 (/opt/ros/humble/share/rosidl_generator_c/cmake)
-- Found rosidl_adapter: 3.1.4 (/opt/ros/humble/share/rosidl_adapter/cmake)
-- Found rosidl_generator_cpp: 3.1.4 (/opt/ros/humble/share/rosidl_generator_cpp/cmake)
-- Using all available rosidl_typesupport_c: rosidl_typesupport_fastrtps_c;rosidl_typesupport_introspection_c
-- Using all available rosidl_typesupport_cpp: rosidl_typesupport_fastrtps_cpp;rosidl_typesupport_introspection_cpp
-- Found geometry_msgs: 4.2.3 (/opt/ros/humble/share/geometry_msgs/cmake)
-- Found nav_2d_msgs: 1.1.6 (/home/lhl/nav2_ws/install/nav_2d_msgs/share/nav_2d_msgs/cmake)
-- Found nav_msgs: 4.2.3 (/opt/ros/humble/share/nav_msgs/cmake)
-- Found rosidl_default_generators: 1.2.0 (/opt/ros/humble/share/rosidl_default_generators/cmake)
-- Found ament_cmake_ros: 0.10.0 (/opt/ros/humble/share/ament_cmake_ros/cmake)
-- Using all available rosidl_typesupport_c: rosidl_typesupport_fastrtps_c;rosidl_typesupport_introspection_c
-- Using all available rosidl_typesupport_cpp: rosidl_typesupport_fastrtps_cpp;rosidl_typesupport_introspection_cpp
-- Found python_cmake_module: 0.10.0 (/opt/ros/humble/share/python_cmake_module/cmake)
-- Using PYTHON_EXECUTABLE: /usr/bin/python3
-- Using PYTHON_INCLUDE_DIRS: /usr/include/python3.10
-- Using PYTHON_LIBRARIES: /usr/lib/x86_64-linux-gnu/libpython3.10.so
-- Configuring done
-- Generating done
-- Build files have been written to: /home/lhl/nav2_ws/build/dwb_msgs
[35m[1mConsolidate compiler generated dependencies of target dwb_msgs__rosidl_generator_c[0m
[  1%] Built target dwb_msgs__cpp
[ 12%] Built target dwb_msgs__rosidl_generator_c
[ 12%] Built target ament_cmake_python_symlink_dwb_msgs
[35m[1mConsolidate compiler generated dependencies of target dwb_msgs__rosidl_typesupport_introspection_cpp[0m
[35m[1mConsolidate compiler generated dependencies of target dwb_msgs__rosidl_typesupport_fastrtps_cpp[0m
[35m[1mConsolidate compiler generated dependencies of target dwb_msgs__rosidl_typesupport_fastrtps_c[0m
[35m[1mConsolidate compiler generated dependencies of target dwb_msgs__rosidl_typesupport_cpp[0m
[35m[1mConsolidate compiler generated dependencies of target dwb_msgs__rosidl_typesupport_c[0m
[35m[1mConsolidate compiler generated dependencies of target dwb_msgs__rosidl_typesupport_introspection_c[0m
[ 31%] Built target dwb_msgs__rosidl_typesupport_introspection_cpp
[ 35%] Built target dwb_msgs__rosidl_typesupport_c
[ 47%] Built target dwb_msgs__rosidl_typesupport_fastrtps_cpp
[ 80%] Built target dwb_msgs__rosidl_typesupport_introspection_c
[ 80%] Built target dwb_msgs__rosidl_typesupport_cpp
[ 82%] Built target dwb_msgs__rosidl_typesupport_fastrtps_c
[ 82%] Built target dwb_msgs
[ 83%] Built target dwb_msgs__py
[35m[1mConsolidate compiler generated dependencies of target dwb_msgs__rosidl_generator_py[0m
[ 93%] Built target dwb_msgs__rosidl_generator_py
[35m[1mConsolidate compiler generated dependencies of target dwb_msgs__rosidl_typesupport_c__pyext[0m
[35m[1mConsolidate compiler generated dependencies of target dwb_msgs__rosidl_typesupport_introspection_c__pyext[0m
[ 95%] Built target dwb_msgs__rosidl_typesupport_c__pyext
[ 97%] Built target dwb_msgs__rosidl_typesupport_introspection_c__pyext
[35m[1mConsolidate compiler generated dependencies of target dwb_msgs__rosidl_typesupport_fastrtps_c__pyext[0m
[100%] Built target dwb_msgs__rosidl_typesupport_fastrtps_c__pyext
running egg_info
writing dwb_msgs.egg-info/PKG-INFO
writing dependency_links to dwb_msgs.egg-info/dependency_links.txt
writing top-level names to dwb_msgs.egg-info/top_level.txt
reading manifest file 'dwb_msgs.egg-info/SOURCES.txt'
writing manifest file 'dwb_msgs.egg-info/SOURCES.txt'
[100%] Built target ament_cmake_python_build_dwb_msgs_egg
-- Install configuration: ""
-- Execute custom install script
-- Up-to-date symlink: /home/lhl/nav2_ws/install/dwb_msgs/share/ament_index/resource_index/rosidl_interfaces/dwb_msgs
-- Up-to-date symlink: /home/lhl/nav2_ws/install/dwb_msgs/include/dwb_msgs/dwb_msgs/msg/critic_score.h
-- Up-to-date symlink: /home/lhl/nav2_ws/install/dwb_msgs/include/dwb_msgs/dwb_msgs/msg/detail/critic_score__functions.h
-- Up-to-date symlink: /home/lhl/nav2_ws/install/dwb_msgs/include/dwb_msgs/dwb_msgs/msg/detail/critic_score__struct.h
-- Up-to-date symlink: /home/lhl/nav2_ws/install/dwb_msgs/include/dwb_msgs/dwb_msgs/msg/detail/critic_score__type_support.h
-- Up-to-date symlink: /home/lhl/nav2_ws/install/dwb_msgs/include/dwb_msgs/dwb_msgs/msg/detail/local_plan_evaluation__functions.h
-- Up-to-date symlink: /home/lhl/nav2_ws/install/dwb_msgs/include/dwb_msgs/dwb_msgs/msg/detail/local_plan_evaluation__struct.h
-- Up-to-date symlink: /home/lhl/nav2_ws/install/dwb_msgs/include/dwb_msgs/dwb_msgs/msg/detail/local_plan_evaluation__type_support.h
-- Up-to-date symlink: /home/lhl/nav2_ws/install/dwb_msgs/include/dwb_msgs/dwb_msgs/msg/detail/trajectory2_d__functions.h
-- Up-to-date symlink: /home/lhl/nav2_ws/install/dwb_msgs/include/dwb_msgs/dwb_msgs/msg/detail/trajectory2_d__struct.h
-- Up-to-date symlink: /home/lhl/nav2_ws/install/dwb_msgs/include/dwb_msgs/dwb_msgs/msg/detail/trajectory2_d__type_support.h
-- Up-to-date symlink: /home/lhl/nav2_ws/install/dwb_msgs/include/dwb_msgs/dwb_msgs/msg/detail/trajectory_score__functions.h
-- Up-to-date symlink: /home/lhl/nav2_ws/install/dwb_msgs/include/dwb_msgs/dwb_msgs/msg/detail/trajectory_score__struct.h
-- Up-to-date symlink: /home/lhl/nav2_ws/install/dwb_msgs/include/dwb_msgs/dwb_msgs/msg/detail/trajectory_score__type_support.h
-- Up-to-date symlink: /home/lhl/nav2_ws/install/dwb_msgs/include/dwb_msgs/dwb_msgs/msg/local_plan_evaluation.h
-- Up-to-date symlink: /home/lhl/nav2_ws/install/dwb_msgs/include/dwb_msgs/dwb_msgs/msg/rosidl_generator_c__visibility_control.h
-- Up-to-date symlink: /home/lhl/nav2_ws/install/dwb_msgs/include/dwb_msgs/dwb_msgs/msg/trajectory2_d.h
-- Up-to-date symlink: /home/lhl/nav2_ws/install/dwb_msgs/include/dwb_msgs/dwb_msgs/msg/trajectory_score.h
-- Up-to-date symlink: /home/lhl/nav2_ws/install/dwb_msgs/include/dwb_msgs/dwb_msgs/srv/debug_local_plan.h
-- Up-to-date symlink: /home/lhl/nav2_ws/install/dwb_msgs/include/dwb_msgs/dwb_msgs/srv/detail/debug_local_plan__functions.h
-- Up-to-date symlink: /home/lhl/nav2_ws/install/dwb_msgs/include/dwb_msgs/dwb_msgs/srv/detail/debug_local_plan__struct.h
-- Up-to-date symlink: /home/lhl/nav2_ws/install/dwb_msgs/include/dwb_msgs/dwb_msgs/srv/detail/debug_local_plan__type_support.h
-- Up-to-date symlink: /home/lhl/nav2_ws/install/dwb_msgs/include/dwb_msgs/dwb_msgs/srv/detail/generate_trajectory__functions.h
-- Up-to-date symlink: /home/lhl/nav2_ws/install/dwb_msgs/include/dwb_msgs/dwb_msgs/srv/detail/generate_trajectory__struct.h
-- Up-to-date symlink: /home/lhl/nav2_ws/install/dwb_msgs/include/dwb_msgs/dwb_msgs/srv/detail/generate_trajectory__type_support.h
-- Up-to-date symlink: /home/lhl/nav2_ws/install/dwb_msgs/include/dwb_msgs/dwb_msgs/srv/detail/generate_twists__functions.h
-- Up-to-date symlink: /home/lhl/nav2_ws/install/dwb_msgs/include/dwb_msgs/dwb_msgs/srv/detail/generate_twists__struct.h
-- Up-to-date symlink: /home/lhl/nav2_ws/install/dwb_msgs/include/dwb_msgs/dwb_msgs/srv/detail/generate_twists__type_support.h
-- Up-to-date symlink: /home/lhl/nav2_ws/install/dwb_msgs/include/dwb_msgs/dwb_msgs/srv/detail/get_critic_score__functions.h
-- Up-to-date symlink: /home/lhl/nav2_ws/install/dwb_msgs/include/dwb_msgs/dwb_msgs/srv/detail/get_critic_score__struct.h
-- Up-to-date symlink: /home/lhl/nav2_ws/install/dwb_msgs/include/dwb_msgs/dwb_msgs/srv/detail/get_critic_score__type_support.h
-- Up-to-date symlink: /home/lhl/nav2_ws/install/dwb_msgs/include/dwb_msgs/dwb_msgs/srv/detail/score_trajectory__functions.h
-- Up-to-date symlink: /home/lhl/nav2_ws/install/dwb_msgs/include/dwb_msgs/dwb_msgs/srv/detail/score_trajectory__struct.h
-- Up-to-date symlink: /home/lhl/nav2_ws/install/dwb_msgs/include/dwb_msgs/dwb_msgs/srv/detail/score_trajectory__type_support.h
-- Up-to-date symlink: /home/lhl/nav2_ws/install/dwb_msgs/include/dwb_msgs/dwb_msgs/srv/generate_trajectory.h
-- Up-to-date symlink: /home/lhl/nav2_ws/install/dwb_msgs/include/dwb_msgs/dwb_msgs/srv/generate_twists.h
-- Up-to-date symlink: /home/lhl/nav2_ws/install/dwb_msgs/include/dwb_msgs/dwb_msgs/srv/get_critic_score.h
-- Up-to-date symlink: /home/lhl/nav2_ws/install/dwb_msgs/include/dwb_msgs/dwb_msgs/srv/score_trajectory.h
-- Up-to-date symlink: /home/lhl/nav2_ws/install/dwb_msgs/share/dwb_msgs/environment/library_path.sh
-- Up-to-date symlink: /home/lhl/nav2_ws/install/dwb_msgs/share/dwb_msgs/environment/library_path.dsv
-- Up-to-date symlink: /home/lhl/nav2_ws/install/dwb_msgs/include/dwb_msgs/dwb_msgs/msg/detail/critic_score__rosidl_typesupport_fastrtps_c.h
-- Up-to-date symlink: /home/lhl/nav2_ws/install/dwb_msgs/include/dwb_msgs/dwb_msgs/msg/detail/local_plan_evaluation__rosidl_typesupport_fastrtps_c.h
-- Up-to-date symlink: /home/lhl/nav2_ws/install/dwb_msgs/include/dwb_msgs/dwb_msgs/msg/detail/trajectory2_d__rosidl_typesupport_fastrtps_c.h
-- Up-to-date symlink: /home/lhl/nav2_ws/install/dwb_msgs/include/dwb_msgs/dwb_msgs/msg/detail/trajectory_score__rosidl_typesupport_fastrtps_c.h
-- Up-to-date symlink: /home/lhl/nav2_ws/install/dwb_msgs/include/dwb_msgs/dwb_msgs/msg/rosidl_typesupport_fastrtps_c__visibility_control.h
-- Up-to-date symlink: /home/lhl/nav2_ws/install/dwb_msgs/include/dwb_msgs/dwb_msgs/srv/detail/debug_local_plan__rosidl_typesupport_fastrtps_c.h
-- Up-to-date symlink: /home/lhl/nav2_ws/install/dwb_msgs/include/dwb_msgs/dwb_msgs/srv/detail/generate_trajectory__rosidl_typesupport_fastrtps_c.h
-- Up-to-date symlink: /home/lhl/nav2_ws/install/dwb_msgs/include/dwb_msgs/dwb_msgs/srv/detail/generate_twists__rosidl_typesupport_fastrtps_c.h
-- Up-to-date symlink: /home/lhl/nav2_ws/install/dwb_msgs/include/dwb_msgs/dwb_msgs/srv/detail/get_critic_score__rosidl_typesupport_fastrtps_c.h
-- Up-to-date symlink: /home/lhl/nav2_ws/install/dwb_msgs/include/dwb_msgs/dwb_msgs/srv/detail/score_trajectory__rosidl_typesupport_fastrtps_c.h
-- Up-to-date symlink: /home/lhl/nav2_ws/install/dwb_msgs/include/dwb_msgs/dwb_msgs/msg/critic_score.hpp
-- Up-to-date symlink: /home/lhl/nav2_ws/install/dwb_msgs/include/dwb_msgs/dwb_msgs/msg/detail/critic_score__builder.hpp
-- Up-to-date symlink: /home/lhl/nav2_ws/install/dwb_msgs/include/dwb_msgs/dwb_msgs/msg/detail/critic_score__struct.hpp
-- Up-to-date symlink: /home/lhl/nav2_ws/install/dwb_msgs/include/dwb_msgs/dwb_msgs/msg/detail/critic_score__traits.hpp
-- Up-to-date symlink: /home/lhl/nav2_ws/install/dwb_msgs/include/dwb_msgs/dwb_msgs/msg/detail/local_plan_evaluation__builder.hpp
-- Up-to-date symlink: /home/lhl/nav2_ws/install/dwb_msgs/include/dwb_msgs/dwb_msgs/msg/detail/local_plan_evaluation__struct.hpp
-- Up-to-date symlink: /home/lhl/nav2_ws/install/dwb_msgs/include/dwb_msgs/dwb_msgs/msg/detail/local_plan_evaluation__traits.hpp
-- Up-to-date symlink: /home/lhl/nav2_ws/install/dwb_msgs/include/dwb_msgs/dwb_msgs/msg/detail/trajectory2_d__builder.hpp
-- Up-to-date symlink: /home/lhl/nav2_ws/install/dwb_msgs/include/dwb_msgs/dwb_msgs/msg/detail/trajectory2_d__struct.hpp
-- Up-to-date symlink: /home/lhl/nav2_ws/install/dwb_msgs/include/dwb_msgs/dwb_msgs/msg/detail/trajectory2_d__traits.hpp
-- Up-to-date symlink: /home/lhl/nav2_ws/install/dwb_msgs/include/dwb_msgs/dwb_msgs/msg/detail/trajectory_score__builder.hpp
-- Up-to-date symlink: /home/lhl/nav2_ws/install/dwb_msgs/include/dwb_msgs/dwb_msgs/msg/detail/trajectory_score__struct.hpp
-- Up-to-date symlink: /home/lhl/nav2_ws/install/dwb_msgs/include/dwb_msgs/dwb_msgs/msg/detail/trajectory_score__traits.hpp
-- Up-to-date symlink: /home/lhl/nav2_ws/install/dwb_msgs/include/dwb_msgs/dwb_msgs/msg/local_plan_evaluation.hpp
-- Up-to-date symlink: /home/lhl/nav2_ws/install/dwb_msgs/include/dwb_msgs/dwb_msgs/msg/trajectory2_d.hpp
-- Up-to-date symlink: /home/lhl/nav2_ws/install/dwb_msgs/include/dwb_msgs/dwb_msgs/msg/trajectory_score.hpp
-- Up-to-date symlink: /home/lhl/nav2_ws/install/dwb_msgs/include/dwb_msgs/dwb_msgs/srv/debug_local_plan.hpp
-- Up-to-date symlink: /home/lhl/nav2_ws/install/dwb_msgs/include/dwb_msgs/dwb_msgs/srv/detail/debug_local_plan__builder.hpp
-- Up-to-date symlink: /home/lhl/nav2_ws/install/dwb_msgs/include/dwb_msgs/dwb_msgs/srv/detail/debug_local_plan__struct.hpp
-- Up-to-date symlink: /home/lhl/nav2_ws/install/dwb_msgs/include/dwb_msgs/dwb_msgs/srv/detail/debug_local_plan__traits.hpp
-- Up-to-date symlink: /home/lhl/nav2_ws/install/dwb_msgs/include/dwb_msgs/dwb_msgs/srv/detail/generate_trajectory__builder.hpp
-- Up-to-date symlink: /home/lhl/nav2_ws/install/dwb_msgs/include/dwb_msgs/dwb_msgs/srv/detail/generate_trajectory__struct.hpp
-- Up-to-date symlink: /home/lhl/nav2_ws/install/dwb_msgs/include/dwb_msgs/dwb_msgs/srv/detail/generate_trajectory__traits.hpp
-- Up-to-date symlink: /home/lhl/nav2_ws/install/dwb_msgs/include/dwb_msgs/dwb_msgs/srv/detail/generate_twists__builder.hpp
-- Up-to-date symlink: /home/lhl/nav2_ws/install/dwb_msgs/include/dwb_msgs/dwb_msgs/srv/detail/generate_twists__struct.hpp
-- Up-to-date symlink: /home/lhl/nav2_ws/install/dwb_msgs/include/dwb_msgs/dwb_msgs/srv/detail/generate_twists__traits.hpp
-- Up-to-date symlink: /home/lhl/nav2_ws/install/dwb_msgs/include/dwb_msgs/dwb_msgs/srv/detail/get_critic_score__builder.hpp
-- Up-to-date symlink: /home/lhl/nav2_ws/install/dwb_msgs/include/dwb_msgs/dwb_msgs/srv/detail/get_critic_score__struct.hpp
-- Up-to-date symlink: /home/lhl/nav2_ws/install/dwb_msgs/include/dwb_msgs/dwb_msgs/srv/detail/get_critic_score__traits.hpp
-- Up-to-date symlink: /home/lhl/nav2_ws/install/dwb_msgs/include/dwb_msgs/dwb_msgs/srv/detail/score_trajectory__builder.hpp
-- Up-to-date symlink: /home/lhl/nav2_ws/install/dwb_msgs/include/dwb_msgs/dwb_msgs/srv/detail/score_trajectory__struct.hpp
-- Up-to-date symlink: /home/lhl/nav2_ws/install/dwb_msgs/include/dwb_msgs/dwb_msgs/srv/detail/score_trajectory__traits.hpp
-- Up-to-date symlink: /home/lhl/nav2_ws/install/dwb_msgs/include/dwb_msgs/dwb_msgs/srv/generate_trajectory.hpp
-- Up-to-date symlink: /home/lhl/nav2_ws/install/dwb_msgs/include/dwb_msgs/dwb_msgs/srv/generate_twists.hpp
-- Up-to-date symlink: /home/lhl/nav2_ws/install/dwb_msgs/include/dwb_msgs/dwb_msgs/srv/get_critic_score.hpp
-- Up-to-date symlink: /home/lhl/nav2_ws/install/dwb_msgs/include/dwb_msgs/dwb_msgs/srv/score_trajectory.hpp
-- Up-to-date symlink: /home/lhl/nav2_ws/install/dwb_msgs/include/dwb_msgs/dwb_msgs/msg/detail/critic_score__rosidl_typesupport_fastrtps_cpp.hpp
-- Up-to-date symlink: /home/lhl/nav2_ws/install/dwb_msgs/include/dwb_msgs/dwb_msgs/msg/detail/local_plan_evaluation__rosidl_typesupport_fastrtps_cpp.hpp
-- Up-to-date symlink: /home/lhl/nav2_ws/install/dwb_msgs/include/dwb_msgs/dwb_msgs/msg/detail/trajectory2_d__rosidl_typesupport_fastrtps_cpp.hpp
-- Up-to-date symlink: /home/lhl/nav2_ws/install/dwb_msgs/include/dwb_msgs/dwb_msgs/msg/detail/trajectory_score__rosidl_typesupport_fastrtps_cpp.hpp
-- Up-to-date symlink: /home/lhl/nav2_ws/install/dwb_msgs/include/dwb_msgs/dwb_msgs/msg/rosidl_typesupport_fastrtps_cpp__visibility_control.h
-- Up-to-date symlink: /home/lhl/nav2_ws/install/dwb_msgs/include/dwb_msgs/dwb_msgs/srv/detail/debug_local_plan__rosidl_typesupport_fastrtps_cpp.hpp
-- Up-to-date symlink: /home/lhl/nav2_ws/install/dwb_msgs/include/dwb_msgs/dwb_msgs/srv/detail/generate_trajectory__rosidl_typesupport_fastrtps_cpp.hpp
-- Up-to-date symlink: /home/lhl/nav2_ws/install/dwb_msgs/include/dwb_msgs/dwb_msgs/srv/detail/generate_twists__rosidl_typesupport_fastrtps_cpp.hpp
-- Up-to-date symlink: /home/lhl/nav2_ws/install/dwb_msgs/include/dwb_msgs/dwb_msgs/srv/detail/get_critic_score__rosidl_typesupport_fastrtps_cpp.hpp
-- Up-to-date symlink: /home/lhl/nav2_ws/install/dwb_msgs/include/dwb_msgs/dwb_msgs/srv/detail/score_trajectory__rosidl_typesupport_fastrtps_cpp.hpp
-- Up-to-date symlink: /home/lhl/nav2_ws/install/dwb_msgs/include/dwb_msgs/dwb_msgs/msg/detail/critic_score__rosidl_typesupport_introspection_c.h
-- Up-to-date symlink: /home/lhl/nav2_ws/install/dwb_msgs/include/dwb_msgs/dwb_msgs/msg/detail/local_plan_evaluation__rosidl_typesupport_introspection_c.h
-- Up-to-date symlink: /home/lhl/nav2_ws/install/dwb_msgs/include/dwb_msgs/dwb_msgs/msg/detail/trajectory2_d__rosidl_typesupport_introspection_c.h
-- Up-to-date symlink: /home/lhl/nav2_ws/install/dwb_msgs/include/dwb_msgs/dwb_msgs/msg/detail/trajectory_score__rosidl_typesupport_introspection_c.h
-- Up-to-date symlink: /home/lhl/nav2_ws/install/dwb_msgs/include/dwb_msgs/dwb_msgs/msg/rosidl_typesupport_introspection_c__visibility_control.h
-- Up-to-date symlink: /home/lhl/nav2_ws/install/dwb_msgs/include/dwb_msgs/dwb_msgs/srv/detail/debug_local_plan__rosidl_typesupport_introspection_c.h
-- Up-to-date symlink: /home/lhl/nav2_ws/install/dwb_msgs/include/dwb_msgs/dwb_msgs/srv/detail/generate_trajectory__rosidl_typesupport_introspection_c.h
-- Up-to-date symlink: /home/lhl/nav2_ws/install/dwb_msgs/include/dwb_msgs/dwb_msgs/srv/detail/generate_twists__rosidl_typesupport_introspection_c.h
-- Up-to-date symlink: /home/lhl/nav2_ws/install/dwb_msgs/include/dwb_msgs/dwb_msgs/srv/detail/get_critic_score__rosidl_typesupport_introspection_c.h
-- Up-to-date symlink: /home/lhl/nav2_ws/install/dwb_msgs/include/dwb_msgs/dwb_msgs/srv/detail/score_trajectory__rosidl_typesupport_introspection_c.h
-- Up-to-date symlink: /home/lhl/nav2_ws/install/dwb_msgs/include/dwb_msgs/dwb_msgs/msg/detail/critic_score__rosidl_typesupport_introspection_cpp.hpp
-- Up-to-date symlink: /home/lhl/nav2_ws/install/dwb_msgs/include/dwb_msgs/dwb_msgs/msg/detail/local_plan_evaluation__rosidl_typesupport_introspection_cpp.hpp
-- Up-to-date symlink: /home/lhl/nav2_ws/install/dwb_msgs/include/dwb_msgs/dwb_msgs/msg/detail/trajectory2_d__rosidl_typesupport_introspection_cpp.hpp
-- Up-to-date symlink: /home/lhl/nav2_ws/install/dwb_msgs/include/dwb_msgs/dwb_msgs/msg/detail/trajectory_score__rosidl_typesupport_introspection_cpp.hpp
-- Up-to-date symlink: /home/lhl/nav2_ws/install/dwb_msgs/include/dwb_msgs/dwb_msgs/srv/detail/debug_local_plan__rosidl_typesupport_introspection_cpp.hpp
-- Up-to-date symlink: /home/lhl/nav2_ws/install/dwb_msgs/include/dwb_msgs/dwb_msgs/srv/detail/generate_trajectory__rosidl_typesupport_introspection_cpp.hpp
-- Up-to-date symlink: /home/lhl/nav2_ws/install/dwb_msgs/include/dwb_msgs/dwb_msgs/srv/detail/generate_twists__rosidl_typesupport_introspection_cpp.hpp
-- Up-to-date symlink: /home/lhl/nav2_ws/install/dwb_msgs/include/dwb_msgs/dwb_msgs/srv/detail/get_critic_score__rosidl_typesupport_introspection_cpp.hpp
-- Up-to-date symlink: /home/lhl/nav2_ws/install/dwb_msgs/include/dwb_msgs/dwb_msgs/srv/detail/score_trajectory__rosidl_typesupport_introspection_cpp.hpp
-- Up-to-date symlink: /home/lhl/nav2_ws/install/dwb_msgs/share/dwb_msgs/environment/pythonpath.sh
-- Up-to-date symlink: /home/lhl/nav2_ws/install/dwb_msgs/share/dwb_msgs/environment/pythonpath.dsv
-- Up-to-date symlink: /home/lhl/nav2_ws/install/dwb_msgs/local/lib/python3.10/dist-packages/dwb_msgs-1.1.6-py3.10.egg-info/PKG-INFO
-- Up-to-date symlink: /home/lhl/nav2_ws/install/dwb_msgs/local/lib/python3.10/dist-packages/dwb_msgs-1.1.6-py3.10.egg-info/SOURCES.txt
-- Up-to-date symlink: /home/lhl/nav2_ws/install/dwb_msgs/local/lib/python3.10/dist-packages/dwb_msgs-1.1.6-py3.10.egg-info/dependency_links.txt
-- Up-to-date symlink: /home/lhl/nav2_ws/install/dwb_msgs/local/lib/python3.10/dist-packages/dwb_msgs-1.1.6-py3.10.egg-info/top_level.txt
-- Up-to-date symlink: /home/lhl/nav2_ws/install/dwb_msgs/local/lib/python3.10/dist-packages/dwb_msgs/__init__.py
-- Up-to-date symlink: /home/lhl/nav2_ws/install/dwb_msgs/local/lib/python3.10/dist-packages/dwb_msgs/_dwb_msgs_s.ep.rosidl_typesupport_c.c
-- Up-to-date symlink: /home/lhl/nav2_ws/install/dwb_msgs/local/lib/python3.10/dist-packages/dwb_msgs/_dwb_msgs_s.ep.rosidl_typesupport_fastrtps_c.c
-- Up-to-date symlink: /home/lhl/nav2_ws/install/dwb_msgs/local/lib/python3.10/dist-packages/dwb_msgs/_dwb_msgs_s.ep.rosidl_typesupport_introspection_c.c
-- Up-to-date symlink: /home/lhl/nav2_ws/install/dwb_msgs/local/lib/python3.10/dist-packages/dwb_msgs/dwb_msgs_s__rosidl_typesupport_c.cpython-310-x86_64-linux-gnu.so
-- Up-to-date symlink: /home/lhl/nav2_ws/install/dwb_msgs/local/lib/python3.10/dist-packages/dwb_msgs/dwb_msgs_s__rosidl_typesupport_fastrtps_c.cpython-310-x86_64-linux-gnu.so
-- Up-to-date symlink: /home/lhl/nav2_ws/install/dwb_msgs/local/lib/python3.10/dist-packages/dwb_msgs/dwb_msgs_s__rosidl_typesupport_introspection_c.cpython-310-x86_64-linux-gnu.so
-- Up-to-date symlink: /home/lhl/nav2_ws/install/dwb_msgs/local/lib/python3.10/dist-packages/dwb_msgs/libdwb_msgs__rosidl_generator_py.so
-- Up-to-date symlink: /home/lhl/nav2_ws/install/dwb_msgs/local/lib/python3.10/dist-packages/dwb_msgs/msg/__init__.py
-- Up-to-date symlink: /home/lhl/nav2_ws/install/dwb_msgs/local/lib/python3.10/dist-packages/dwb_msgs/msg/_critic_score.py
-- Up-to-date symlink: /home/lhl/nav2_ws/install/dwb_msgs/local/lib/python3.10/dist-packages/dwb_msgs/msg/_critic_score_s.c
-- Up-to-date symlink: /home/lhl/nav2_ws/install/dwb_msgs/local/lib/python3.10/dist-packages/dwb_msgs/msg/_local_plan_evaluation.py
-- Up-to-date symlink: /home/lhl/nav2_ws/install/dwb_msgs/local/lib/python3.10/dist-packages/dwb_msgs/msg/_local_plan_evaluation_s.c
-- Up-to-date symlink: /home/lhl/nav2_ws/install/dwb_msgs/local/lib/python3.10/dist-packages/dwb_msgs/msg/_trajectory2_d.py
-- Up-to-date symlink: /home/lhl/nav2_ws/install/dwb_msgs/local/lib/python3.10/dist-packages/dwb_msgs/msg/_trajectory2_d_s.c
-- Up-to-date symlink: /home/lhl/nav2_ws/install/dwb_msgs/local/lib/python3.10/dist-packages/dwb_msgs/msg/_trajectory_score.py
-- Up-to-date symlink: /home/lhl/nav2_ws/install/dwb_msgs/local/lib/python3.10/dist-packages/dwb_msgs/msg/_trajectory_score_s.c
-- Up-to-date symlink: /home/lhl/nav2_ws/install/dwb_msgs/local/lib/python3.10/dist-packages/dwb_msgs/srv/__init__.py
-- Up-to-date symlink: /home/lhl/nav2_ws/install/dwb_msgs/local/lib/python3.10/dist-packages/dwb_msgs/srv/_debug_local_plan.py
-- Up-to-date symlink: /home/lhl/nav2_ws/install/dwb_msgs/local/lib/python3.10/dist-packages/dwb_msgs/srv/_debug_local_plan_s.c
-- Up-to-date symlink: /home/lhl/nav2_ws/install/dwb_msgs/local/lib/python3.10/dist-packages/dwb_msgs/srv/_generate_trajectory.py
-- Up-to-date symlink: /home/lhl/nav2_ws/install/dwb_msgs/local/lib/python3.10/dist-packages/dwb_msgs/srv/_generate_trajectory_s.c
-- Up-to-date symlink: /home/lhl/nav2_ws/install/dwb_msgs/local/lib/python3.10/dist-packages/dwb_msgs/srv/_generate_twists.py
-- Up-to-date symlink: /home/lhl/nav2_ws/install/dwb_msgs/local/lib/python3.10/dist-packages/dwb_msgs/srv/_generate_twists_s.c
-- Up-to-date symlink: /home/lhl/nav2_ws/install/dwb_msgs/local/lib/python3.10/dist-packages/dwb_msgs/srv/_get_critic_score.py
-- Up-to-date symlink: /home/lhl/nav2_ws/install/dwb_msgs/local/lib/python3.10/dist-packages/dwb_msgs/srv/_get_critic_score_s.c
-- Up-to-date symlink: /home/lhl/nav2_ws/install/dwb_msgs/local/lib/python3.10/dist-packages/dwb_msgs/srv/_score_trajectory.py
-- Up-to-date symlink: /home/lhl/nav2_ws/install/dwb_msgs/local/lib/python3.10/dist-packages/dwb_msgs/srv/_score_trajectory_s.c
-- Up-to-date symlink: /home/lhl/nav2_ws/install/dwb_msgs/local/lib/python3.10/dist-packages/dwb_msgs/dwb_msgs_s__rosidl_typesupport_fastrtps_c.cpython-310-x86_64-linux-gnu.so
-- Up-to-date symlink: /home/lhl/nav2_ws/install/dwb_msgs/local/lib/python3.10/dist-packages/dwb_msgs/dwb_msgs_s__rosidl_typesupport_introspection_c.cpython-310-x86_64-linux-gnu.so
-- Up-to-date symlink: /home/lhl/nav2_ws/install/dwb_msgs/local/lib/python3.10/dist-packages/dwb_msgs/dwb_msgs_s__rosidl_typesupport_c.cpython-310-x86_64-linux-gnu.so
-- Up-to-date symlink: /home/lhl/nav2_ws/install/dwb_msgs/share/dwb_msgs/msg/CriticScore.idl
-- Up-to-date symlink: /home/lhl/nav2_ws/install/dwb_msgs/share/dwb_msgs/msg/LocalPlanEvaluation.idl
-- Up-to-date symlink: /home/lhl/nav2_ws/install/dwb_msgs/share/dwb_msgs/msg/Trajectory2D.idl
-- Up-to-date symlink: /home/lhl/nav2_ws/install/dwb_msgs/share/dwb_msgs/msg/TrajectoryScore.idl
-- Up-to-date symlink: /home/lhl/nav2_ws/install/dwb_msgs/share/dwb_msgs/srv/DebugLocalPlan.idl
-- Up-to-date symlink: /home/lhl/nav2_ws/install/dwb_msgs/share/dwb_msgs/srv/GenerateTrajectory.idl
-- Up-to-date symlink: /home/lhl/nav2_ws/install/dwb_msgs/share/dwb_msgs/srv/GenerateTwists.idl
-- Up-to-date symlink: /home/lhl/nav2_ws/install/dwb_msgs/share/dwb_msgs/srv/GetCriticScore.idl
-- Up-to-date symlink: /home/lhl/nav2_ws/install/dwb_msgs/share/dwb_msgs/srv/ScoreTrajectory.idl
-- Up-to-date symlink: /home/lhl/nav2_ws/install/dwb_msgs/share/dwb_msgs/msg/CriticScore.msg
-- Up-to-date symlink: /home/lhl/nav2_ws/install/dwb_msgs/share/dwb_msgs/msg/LocalPlanEvaluation.msg
-- Up-to-date symlink: /home/lhl/nav2_ws/install/dwb_msgs/share/dwb_msgs/msg/Trajectory2D.msg
-- Up-to-date symlink: /home/lhl/nav2_ws/install/dwb_msgs/share/dwb_msgs/msg/TrajectoryScore.msg
-- Up-to-date symlink: /home/lhl/nav2_ws/install/dwb_msgs/share/dwb_msgs/srv/DebugLocalPlan.srv
-- Up-to-date symlink: /home/lhl/nav2_ws/install/dwb_msgs/share/dwb_msgs/srv/DebugLocalPlan_Request.msg
-- Up-to-date symlink: /home/lhl/nav2_ws/install/dwb_msgs/share/dwb_msgs/srv/DebugLocalPlan_Response.msg
-- Up-to-date symlink: /home/lhl/nav2_ws/install/dwb_msgs/share/dwb_msgs/srv/GenerateTrajectory.srv
-- Up-to-date symlink: /home/lhl/nav2_ws/install/dwb_msgs/share/dwb_msgs/srv/GenerateTrajectory_Request.msg
-- Up-to-date symlink: /home/lhl/nav2_ws/install/dwb_msgs/share/dwb_msgs/srv/GenerateTrajectory_Response.msg
-- Up-to-date symlink: /home/lhl/nav2_ws/install/dwb_msgs/share/dwb_msgs/srv/GenerateTwists.srv
-- Up-to-date symlink: /home/lhl/nav2_ws/install/dwb_msgs/share/dwb_msgs/srv/GenerateTwists_Request.msg
-- Up-to-date symlink: /home/lhl/nav2_ws/install/dwb_msgs/share/dwb_msgs/srv/GenerateTwists_Response.msg
-- Up-to-date symlink: /home/lhl/nav2_ws/install/dwb_msgs/share/dwb_msgs/srv/GetCriticScore.srv
-- Up-to-date symlink: /home/lhl/nav2_ws/install/dwb_msgs/share/dwb_msgs/srv/GetCriticScore_Request.msg
-- Up-to-date symlink: /home/lhl/nav2_ws/install/dwb_msgs/share/dwb_msgs/srv/GetCriticScore_Response.msg
-- Up-to-date symlink: /home/lhl/nav2_ws/install/dwb_msgs/share/dwb_msgs/srv/ScoreTrajectory.srv
-- Up-to-date symlink: /home/lhl/nav2_ws/install/dwb_msgs/share/dwb_msgs/srv/ScoreTrajectory_Request.msg
-- Up-to-date symlink: /home/lhl/nav2_ws/install/dwb_msgs/share/dwb_msgs/srv/ScoreTrajectory_Response.msg
-- Up-to-date symlink: /home/lhl/nav2_ws/install/dwb_msgs/share/ament_index/resource_index/package_run_dependencies/dwb_msgs
-- Up-to-date symlink: /home/lhl/nav2_ws/install/dwb_msgs/share/ament_index/resource_index/parent_prefix_path/dwb_msgs
-- Up-to-date symlink: /home/lhl/nav2_ws/install/dwb_msgs/share/dwb_msgs/environment/ament_prefix_path.sh
-- Up-to-date symlink: /home/lhl/nav2_ws/install/dwb_msgs/share/dwb_msgs/environment/ament_prefix_path.dsv
-- Up-to-date symlink: /home/lhl/nav2_ws/install/dwb_msgs/share/dwb_msgs/environment/path.sh
-- Up-to-date symlink: /home/lhl/nav2_ws/install/dwb_msgs/share/dwb_msgs/environment/path.dsv
-- Up-to-date symlink: /home/lhl/nav2_ws/install/dwb_msgs/share/dwb_msgs/local_setup.bash
-- Up-to-date symlink: /home/lhl/nav2_ws/install/dwb_msgs/share/dwb_msgs/local_setup.sh
-- Up-to-date symlink: /home/lhl/nav2_ws/install/dwb_msgs/share/dwb_msgs/local_setup.zsh
-- Up-to-date symlink: /home/lhl/nav2_ws/install/dwb_msgs/share/dwb_msgs/local_setup.dsv
-- Symlinking: /home/lhl/nav2_ws/install/dwb_msgs/share/dwb_msgs/package.dsv
-- Up-to-date symlink: /home/lhl/nav2_ws/install/dwb_msgs/share/ament_index/resource_index/packages/dwb_msgs
-- Up-to-date symlink: /home/lhl/nav2_ws/install/dwb_msgs/share/dwb_msgs/cmake/rosidl_cmake-extras.cmake
-- Up-to-date symlink: /home/lhl/nav2_ws/install/dwb_msgs/share/dwb_msgs/cmake/ament_cmake_export_dependencies-extras.cmake
-- Up-to-date symlink: /home/lhl/nav2_ws/install/dwb_msgs/share/dwb_msgs/cmake/ament_cmake_export_include_directories-extras.cmake
-- Up-to-date symlink: /home/lhl/nav2_ws/install/dwb_msgs/share/dwb_msgs/cmake/ament_cmake_export_libraries-extras.cmake
-- Up-to-date symlink: /home/lhl/nav2_ws/install/dwb_msgs/share/dwb_msgs/cmake/ament_cmake_export_targets-extras.cmake
-- Up-to-date symlink: /home/lhl/nav2_ws/install/dwb_msgs/share/dwb_msgs/cmake/rosidl_cmake_export_typesupport_targets-extras.cmake
-- Up-to-date symlink: /home/lhl/nav2_ws/install/dwb_msgs/share/dwb_msgs/cmake/rosidl_cmake_export_typesupport_libraries-extras.cmake
-- Up-to-date symlink: /home/lhl/nav2_ws/install/dwb_msgs/share/dwb_msgs/cmake/dwb_msgsConfig.cmake
-- Up-to-date symlink: /home/lhl/nav2_ws/install/dwb_msgs/share/dwb_msgs/cmake/dwb_msgsConfig-version.cmake
-- Up-to-date symlink: /home/lhl/nav2_ws/install/dwb_msgs/share/dwb_msgs/package.xml
-- Up-to-date: /home/lhl/nav2_ws/install/dwb_msgs/lib/libdwb_msgs__rosidl_generator_c.so
-- Up-to-date: /home/lhl/nav2_ws/install/dwb_msgs/lib/libdwb_msgs__rosidl_typesupport_fastrtps_c.so
-- Up-to-date: /home/lhl/nav2_ws/install/dwb_msgs/lib/libdwb_msgs__rosidl_typesupport_fastrtps_cpp.so
-- Up-to-date: /home/lhl/nav2_ws/install/dwb_msgs/lib/libdwb_msgs__rosidl_typesupport_introspection_c.so
-- Up-to-date: /home/lhl/nav2_ws/install/dwb_msgs/lib/libdwb_msgs__rosidl_typesupport_c.so
-- Up-to-date: /home/lhl/nav2_ws/install/dwb_msgs/lib/libdwb_msgs__rosidl_typesupport_introspection_cpp.so
-- Up-to-date: /home/lhl/nav2_ws/install/dwb_msgs/lib/libdwb_msgs__rosidl_typesupport_cpp.so
Listing '/home/lhl/nav2_ws/install/dwb_msgs/local/lib/python3.10/dist-packages/dwb_msgs'...
Compiling '/home/lhl/nav2_ws/install/dwb_msgs/local/lib/python3.10/dist-packages/dwb_msgs/__init__.py'...
Listing '/home/lhl/nav2_ws/install/dwb_msgs/local/lib/python3.10/dist-packages/dwb_msgs/msg'...
Listing '/home/lhl/nav2_ws/install/dwb_msgs/local/lib/python3.10/dist-packages/dwb_msgs/srv'...
-- Up-to-date: /home/lhl/nav2_ws/install/dwb_msgs/lib/libdwb_msgs__rosidl_generator_py.so
-- Up-to-date: /home/lhl/nav2_ws/install/dwb_msgs/share/dwb_msgs/cmake/export_dwb_msgs__rosidl_generator_cExport.cmake
-- Up-to-date: /home/lhl/nav2_ws/install/dwb_msgs/share/dwb_msgs/cmake/export_dwb_msgs__rosidl_generator_cExport-noconfig.cmake
-- Up-to-date: /home/lhl/nav2_ws/install/dwb_msgs/share/dwb_msgs/cmake/export_dwb_msgs__rosidl_typesupport_fastrtps_cExport.cmake
-- Up-to-date: /home/lhl/nav2_ws/install/dwb_msgs/share/dwb_msgs/cmake/export_dwb_msgs__rosidl_typesupport_fastrtps_cExport-noconfig.cmake
-- Up-to-date: /home/lhl/nav2_ws/install/dwb_msgs/share/dwb_msgs/cmake/export_dwb_msgs__rosidl_generator_cppExport.cmake
-- Up-to-date: /home/lhl/nav2_ws/install/dwb_msgs/share/dwb_msgs/cmake/export_dwb_msgs__rosidl_typesupport_fastrtps_cppExport.cmake
-- Up-to-date: /home/lhl/nav2_ws/install/dwb_msgs/share/dwb_msgs/cmake/export_dwb_msgs__rosidl_typesupport_fastrtps_cppExport-noconfig.cmake
-- Up-to-date: /home/lhl/nav2_ws/install/dwb_msgs/share/dwb_msgs/cmake/dwb_msgs__rosidl_typesupport_introspection_cExport.cmake
-- Up-to-date: /home/lhl/nav2_ws/install/dwb_msgs/share/dwb_msgs/cmake/dwb_msgs__rosidl_typesupport_introspection_cExport-noconfig.cmake
-- Up-to-date: /home/lhl/nav2_ws/install/dwb_msgs/share/dwb_msgs/cmake/dwb_msgs__rosidl_typesupport_cExport.cmake
-- Up-to-date: /home/lhl/nav2_ws/install/dwb_msgs/share/dwb_msgs/cmake/dwb_msgs__rosidl_typesupport_cExport-noconfig.cmake
-- Up-to-date: /home/lhl/nav2_ws/install/dwb_msgs/share/dwb_msgs/cmake/dwb_msgs__rosidl_typesupport_introspection_cppExport.cmake
-- Up-to-date: /home/lhl/nav2_ws/install/dwb_msgs/share/dwb_msgs/cmake/dwb_msgs__rosidl_typesupport_introspection_cppExport-noconfig.cmake
-- Up-to-date: /home/lhl/nav2_ws/install/dwb_msgs/share/dwb_msgs/cmake/dwb_msgs__rosidl_typesupport_cppExport.cmake
-- Up-to-date: /home/lhl/nav2_ws/install/dwb_msgs/share/dwb_msgs/cmake/dwb_msgs__rosidl_typesupport_cppExport-noconfig.cmake
-- Up-to-date: /home/lhl/nav2_ws/install/dwb_msgs/share/dwb_msgs/cmake/export_dwb_msgs__rosidl_generator_pyExport.cmake
-- Up-to-date: /home/lhl/nav2_ws/install/dwb_msgs/share/dwb_msgs/cmake/export_dwb_msgs__rosidl_generator_pyExport-noconfig.cmake
