[0.044s] Invoking command in '/home/lhl/nav2_ws/build/dwb_msgs': AMENT_PREFIX_PATH=/home/lhl/nav2_ws/install/nav_2d_msgs:${AMENT_PREFIX_PATH} CMAKE_PREFIX_PATH=/home/lhl/nav2_ws/install/nav_2d_msgs:/opt/ros/humble LD_LIBRARY_PATH=/home/lhl/nav2_ws/install/nav_2d_msgs/lib:${LD_LIBRARY_PATH} PYTHONPATH=/home/lhl/nav2_ws/install/nav_2d_msgs/local/lib/python3.10/dist-packages:${PYTHONPATH} /usr/bin/cmake /home/lhl/nav2_ws/src/navigation2/nav2_dwb_controller/dwb_msgs -DCMAKE_INSTALL_PREFIX=/home/lhl/nav2_ws/install/dwb_msgs
[0.206s] -- Found builtin_interfaces: 1.2.1 (/opt/ros/humble/share/builtin_interfaces/cmake)
[0.379s] -- Override CMake install command with custom implementation using symlinks instead of copying resources
[0.419s] -- Found rosidl_generator_c: 3.1.4 (/opt/ros/humble/share/rosidl_generator_c/cmake)
[0.422s] -- Found rosidl_adapter: 3.1.4 (/opt/ros/humble/share/rosidl_adapter/cmake)
[0.427s] -- Found rosidl_generator_cpp: 3.1.4 (/opt/ros/humble/share/rosidl_generator_cpp/cmake)
[0.438s] -- Using all available rosidl_typesupport_c: rosidl_typesupport_fastrtps_c;rosidl_typesupport_introspection_c
[0.453s] -- Using all available rosidl_typesupport_cpp: rosidl_typesupport_fastrtps_cpp;rosidl_typesupport_introspection_cpp
[0.470s] -- Found geometry_msgs: 4.2.3 (/opt/ros/humble/share/geometry_msgs/cmake)
[0.576s] -- Found nav_2d_msgs: 1.1.6 (/home/lhl/nav2_ws/install/nav_2d_msgs/share/nav_2d_msgs/cmake)
[0.646s] -- Found nav_msgs: 4.2.3 (/opt/ros/humble/share/nav_msgs/cmake)
[0.748s] -- Found rosidl_default_generators: 1.2.0 (/opt/ros/humble/share/rosidl_default_generators/cmake)
[1.297s] -- Found ament_cmake_ros: 0.10.0 (/opt/ros/humble/share/ament_cmake_ros/cmake)
[1.753s] -- Using all available rosidl_typesupport_c: rosidl_typesupport_fastrtps_c;rosidl_typesupport_introspection_c
[1.934s] -- Using all available rosidl_typesupport_cpp: rosidl_typesupport_fastrtps_cpp;rosidl_typesupport_introspection_cpp
[1.955s] -- Found python_cmake_module: 0.10.0 (/opt/ros/humble/share/python_cmake_module/cmake)
[1.978s] -- Using PYTHON_EXECUTABLE: /usr/bin/python3
[1.979s] -- Using PYTHON_INCLUDE_DIRS: /usr/include/python3.10
[1.979s] -- Using PYTHON_LIBRARIES: /usr/lib/x86_64-linux-gnu/libpython3.10.so
[2.049s] -- Configuring done
[2.185s] -- Generating done
[2.193s] -- Build files have been written to: /home/lhl/nav2_ws/build/dwb_msgs
[2.240s] Invoked command in '/home/lhl/nav2_ws/build/dwb_msgs' returned '0': AMENT_PREFIX_PATH=/home/lhl/nav2_ws/install/nav_2d_msgs:${AMENT_PREFIX_PATH} CMAKE_PREFIX_PATH=/home/lhl/nav2_ws/install/nav_2d_msgs:/opt/ros/humble LD_LIBRARY_PATH=/home/lhl/nav2_ws/install/nav_2d_msgs/lib:${LD_LIBRARY_PATH} PYTHONPATH=/home/lhl/nav2_ws/install/nav_2d_msgs/local/lib/python3.10/dist-packages:${PYTHONPATH} /usr/bin/cmake /home/lhl/nav2_ws/src/navigation2/nav2_dwb_controller/dwb_msgs -DCMAKE_INSTALL_PREFIX=/home/lhl/nav2_ws/install/dwb_msgs
[2.243s] Invoking command in '/home/lhl/nav2_ws/build/dwb_msgs': AMENT_PREFIX_PATH=/home/lhl/nav2_ws/install/nav_2d_msgs:${AMENT_PREFIX_PATH} CMAKE_PREFIX_PATH=/home/lhl/nav2_ws/install/nav_2d_msgs:/opt/ros/humble LD_LIBRARY_PATH=/home/lhl/nav2_ws/install/nav_2d_msgs/lib:${LD_LIBRARY_PATH} PYTHONPATH=/home/lhl/nav2_ws/install/nav_2d_msgs/local/lib/python3.10/dist-packages:${PYTHONPATH} /usr/bin/cmake --build /home/lhl/nav2_ws/build/dwb_msgs -- -j8 -l8
[2.348s] [35m[1mConsolidate compiler generated dependencies of target dwb_msgs__rosidl_generator_c[0m
[2.362s] [  1%] Built target dwb_msgs__cpp
[2.366s] [ 12%] Built target dwb_msgs__rosidl_generator_c
[2.373s] [ 12%] Built target ament_cmake_python_symlink_dwb_msgs
[2.418s] [35m[1mConsolidate compiler generated dependencies of target dwb_msgs__rosidl_typesupport_introspection_cpp[0m
[2.431s] [35m[1mConsolidate compiler generated dependencies of target dwb_msgs__rosidl_typesupport_fastrtps_cpp[0m
[2.433s] [35m[1mConsolidate compiler generated dependencies of target dwb_msgs__rosidl_typesupport_fastrtps_c[0m
[2.433s] [35m[1mConsolidate compiler generated dependencies of target dwb_msgs__rosidl_typesupport_cpp[0m
[2.434s] [35m[1mConsolidate compiler generated dependencies of target dwb_msgs__rosidl_typesupport_c[0m
[2.442s] [35m[1mConsolidate compiler generated dependencies of target dwb_msgs__rosidl_typesupport_introspection_c[0m
[2.454s] [ 31%] Built target dwb_msgs__rosidl_typesupport_introspection_cpp
[2.455s] [ 35%] Built target dwb_msgs__rosidl_typesupport_c
[2.466s] [ 47%] Built target dwb_msgs__rosidl_typesupport_fastrtps_cpp
[2.473s] [ 80%] Built target dwb_msgs__rosidl_typesupport_introspection_c
[2.474s] [ 80%] Built target dwb_msgs__rosidl_typesupport_cpp
[2.475s] [ 82%] Built target dwb_msgs__rosidl_typesupport_fastrtps_c
[2.498s] [ 82%] Built target dwb_msgs
[2.518s] [ 83%] Built target dwb_msgs__py
[2.534s] [35m[1mConsolidate compiler generated dependencies of target dwb_msgs__rosidl_generator_py[0m
[2.554s] [ 93%] Built target dwb_msgs__rosidl_generator_py
[2.568s] [35m[1mConsolidate compiler generated dependencies of target dwb_msgs__rosidl_typesupport_c__pyext[0m
[2.569s] [35m[1mConsolidate compiler generated dependencies of target dwb_msgs__rosidl_typesupport_introspection_c__pyext[0m
[2.585s] [ 95%] Built target dwb_msgs__rosidl_typesupport_c__pyext
[2.588s] [ 97%] Built target dwb_msgs__rosidl_typesupport_introspection_c__pyext
[2.621s] [35m[1mConsolidate compiler generated dependencies of target dwb_msgs__rosidl_typesupport_fastrtps_c__pyext[0m
[2.633s] [100%] Built target dwb_msgs__rosidl_typesupport_fastrtps_c__pyext
[2.693s] running egg_info
[2.693s] writing dwb_msgs.egg-info/PKG-INFO
[2.694s] writing dependency_links to dwb_msgs.egg-info/dependency_links.txt
[2.694s] writing top-level names to dwb_msgs.egg-info/top_level.txt
[2.698s] reading manifest file 'dwb_msgs.egg-info/SOURCES.txt'
[2.699s] writing manifest file 'dwb_msgs.egg-info/SOURCES.txt'
[2.726s] [100%] Built target ament_cmake_python_build_dwb_msgs_egg
[2.736s] Invoked command in '/home/lhl/nav2_ws/build/dwb_msgs' returned '0': AMENT_PREFIX_PATH=/home/lhl/nav2_ws/install/nav_2d_msgs:${AMENT_PREFIX_PATH} CMAKE_PREFIX_PATH=/home/lhl/nav2_ws/install/nav_2d_msgs:/opt/ros/humble LD_LIBRARY_PATH=/home/lhl/nav2_ws/install/nav_2d_msgs/lib:${LD_LIBRARY_PATH} PYTHONPATH=/home/lhl/nav2_ws/install/nav_2d_msgs/local/lib/python3.10/dist-packages:${PYTHONPATH} /usr/bin/cmake --build /home/lhl/nav2_ws/build/dwb_msgs -- -j8 -l8
[2.911s] Invoking command in '/home/lhl/nav2_ws/build/dwb_msgs': AMENT_PREFIX_PATH=/home/lhl/nav2_ws/install/nav_2d_msgs:${AMENT_PREFIX_PATH} CMAKE_PREFIX_PATH=/home/lhl/nav2_ws/install/nav_2d_msgs:/opt/ros/humble LD_LIBRARY_PATH=/home/lhl/nav2_ws/install/nav_2d_msgs/lib:${LD_LIBRARY_PATH} PYTHONPATH=/home/lhl/nav2_ws/install/nav_2d_msgs/local/lib/python3.10/dist-packages:${PYTHONPATH} /usr/bin/cmake --install /home/lhl/nav2_ws/build/dwb_msgs
[2.917s] -- Install configuration: ""
[2.918s] -- Execute custom install script
[2.918s] -- Up-to-date symlink: /home/lhl/nav2_ws/install/dwb_msgs/share/ament_index/resource_index/rosidl_interfaces/dwb_msgs
[2.919s] -- Up-to-date symlink: /home/lhl/nav2_ws/install/dwb_msgs/include/dwb_msgs/dwb_msgs/msg/critic_score.h
[2.919s] -- Up-to-date symlink: /home/lhl/nav2_ws/install/dwb_msgs/include/dwb_msgs/dwb_msgs/msg/detail/critic_score__functions.h
[2.919s] -- Up-to-date symlink: /home/lhl/nav2_ws/install/dwb_msgs/include/dwb_msgs/dwb_msgs/msg/detail/critic_score__struct.h
[2.919s] -- Up-to-date symlink: /home/lhl/nav2_ws/install/dwb_msgs/include/dwb_msgs/dwb_msgs/msg/detail/critic_score__type_support.h
[2.919s] -- Up-to-date symlink: /home/lhl/nav2_ws/install/dwb_msgs/include/dwb_msgs/dwb_msgs/msg/detail/local_plan_evaluation__functions.h
[2.919s] -- Up-to-date symlink: /home/lhl/nav2_ws/install/dwb_msgs/include/dwb_msgs/dwb_msgs/msg/detail/local_plan_evaluation__struct.h
[2.919s] -- Up-to-date symlink: /home/lhl/nav2_ws/install/dwb_msgs/include/dwb_msgs/dwb_msgs/msg/detail/local_plan_evaluation__type_support.h
[2.920s] -- Up-to-date symlink: /home/lhl/nav2_ws/install/dwb_msgs/include/dwb_msgs/dwb_msgs/msg/detail/trajectory2_d__functions.h
[2.920s] -- Up-to-date symlink: /home/lhl/nav2_ws/install/dwb_msgs/include/dwb_msgs/dwb_msgs/msg/detail/trajectory2_d__struct.h
[2.920s] -- Up-to-date symlink: /home/lhl/nav2_ws/install/dwb_msgs/include/dwb_msgs/dwb_msgs/msg/detail/trajectory2_d__type_support.h
[2.920s] -- Up-to-date symlink: /home/lhl/nav2_ws/install/dwb_msgs/include/dwb_msgs/dwb_msgs/msg/detail/trajectory_score__functions.h
[2.920s] -- Up-to-date symlink: /home/lhl/nav2_ws/install/dwb_msgs/include/dwb_msgs/dwb_msgs/msg/detail/trajectory_score__struct.h
[2.920s] -- Up-to-date symlink: /home/lhl/nav2_ws/install/dwb_msgs/include/dwb_msgs/dwb_msgs/msg/detail/trajectory_score__type_support.h
[2.920s] -- Up-to-date symlink: /home/lhl/nav2_ws/install/dwb_msgs/include/dwb_msgs/dwb_msgs/msg/local_plan_evaluation.h
[2.921s] -- Up-to-date symlink: /home/lhl/nav2_ws/install/dwb_msgs/include/dwb_msgs/dwb_msgs/msg/rosidl_generator_c__visibility_control.h
[2.921s] -- Up-to-date symlink: /home/lhl/nav2_ws/install/dwb_msgs/include/dwb_msgs/dwb_msgs/msg/trajectory2_d.h
[2.921s] -- Up-to-date symlink: /home/lhl/nav2_ws/install/dwb_msgs/include/dwb_msgs/dwb_msgs/msg/trajectory_score.h
[2.921s] -- Up-to-date symlink: /home/lhl/nav2_ws/install/dwb_msgs/include/dwb_msgs/dwb_msgs/srv/debug_local_plan.h
[2.921s] -- Up-to-date symlink: /home/lhl/nav2_ws/install/dwb_msgs/include/dwb_msgs/dwb_msgs/srv/detail/debug_local_plan__functions.h
[2.921s] -- Up-to-date symlink: /home/lhl/nav2_ws/install/dwb_msgs/include/dwb_msgs/dwb_msgs/srv/detail/debug_local_plan__struct.h
[2.921s] -- Up-to-date symlink: /home/lhl/nav2_ws/install/dwb_msgs/include/dwb_msgs/dwb_msgs/srv/detail/debug_local_plan__type_support.h
[2.922s] -- Up-to-date symlink: /home/lhl/nav2_ws/install/dwb_msgs/include/dwb_msgs/dwb_msgs/srv/detail/generate_trajectory__functions.h
[2.922s] -- Up-to-date symlink: /home/lhl/nav2_ws/install/dwb_msgs/include/dwb_msgs/dwb_msgs/srv/detail/generate_trajectory__struct.h
[2.922s] -- Up-to-date symlink: /home/lhl/nav2_ws/install/dwb_msgs/include/dwb_msgs/dwb_msgs/srv/detail/generate_trajectory__type_support.h
[2.922s] -- Up-to-date symlink: /home/lhl/nav2_ws/install/dwb_msgs/include/dwb_msgs/dwb_msgs/srv/detail/generate_twists__functions.h
[2.922s] -- Up-to-date symlink: /home/lhl/nav2_ws/install/dwb_msgs/include/dwb_msgs/dwb_msgs/srv/detail/generate_twists__struct.h
[2.922s] -- Up-to-date symlink: /home/lhl/nav2_ws/install/dwb_msgs/include/dwb_msgs/dwb_msgs/srv/detail/generate_twists__type_support.h
[2.922s] -- Up-to-date symlink: /home/lhl/nav2_ws/install/dwb_msgs/include/dwb_msgs/dwb_msgs/srv/detail/get_critic_score__functions.h
[2.922s] -- Up-to-date symlink: /home/lhl/nav2_ws/install/dwb_msgs/include/dwb_msgs/dwb_msgs/srv/detail/get_critic_score__struct.h
[2.923s] -- Up-to-date symlink: /home/lhl/nav2_ws/install/dwb_msgs/include/dwb_msgs/dwb_msgs/srv/detail/get_critic_score__type_support.h
[2.923s] -- Up-to-date symlink: /home/lhl/nav2_ws/install/dwb_msgs/include/dwb_msgs/dwb_msgs/srv/detail/score_trajectory__functions.h
[2.923s] -- Up-to-date symlink: /home/lhl/nav2_ws/install/dwb_msgs/include/dwb_msgs/dwb_msgs/srv/detail/score_trajectory__struct.h
[2.923s] -- Up-to-date symlink: /home/lhl/nav2_ws/install/dwb_msgs/include/dwb_msgs/dwb_msgs/srv/detail/score_trajectory__type_support.h
[2.923s] -- Up-to-date symlink: /home/lhl/nav2_ws/install/dwb_msgs/include/dwb_msgs/dwb_msgs/srv/generate_trajectory.h
[2.923s] -- Up-to-date symlink: /home/lhl/nav2_ws/install/dwb_msgs/include/dwb_msgs/dwb_msgs/srv/generate_twists.h
[2.924s] -- Up-to-date symlink: /home/lhl/nav2_ws/install/dwb_msgs/include/dwb_msgs/dwb_msgs/srv/get_critic_score.h
[2.924s] -- Up-to-date symlink: /home/lhl/nav2_ws/install/dwb_msgs/include/dwb_msgs/dwb_msgs/srv/score_trajectory.h
[2.924s] -- Up-to-date symlink: /home/lhl/nav2_ws/install/dwb_msgs/share/dwb_msgs/environment/library_path.sh
[2.924s] -- Up-to-date symlink: /home/lhl/nav2_ws/install/dwb_msgs/share/dwb_msgs/environment/library_path.dsv
[2.925s] -- Up-to-date symlink: /home/lhl/nav2_ws/install/dwb_msgs/include/dwb_msgs/dwb_msgs/msg/detail/critic_score__rosidl_typesupport_fastrtps_c.h
[2.925s] -- Up-to-date symlink: /home/lhl/nav2_ws/install/dwb_msgs/include/dwb_msgs/dwb_msgs/msg/detail/local_plan_evaluation__rosidl_typesupport_fastrtps_c.h
[2.925s] -- Up-to-date symlink: /home/lhl/nav2_ws/install/dwb_msgs/include/dwb_msgs/dwb_msgs/msg/detail/trajectory2_d__rosidl_typesupport_fastrtps_c.h
[2.925s] -- Up-to-date symlink: /home/lhl/nav2_ws/install/dwb_msgs/include/dwb_msgs/dwb_msgs/msg/detail/trajectory_score__rosidl_typesupport_fastrtps_c.h
[2.926s] -- Up-to-date symlink: /home/lhl/nav2_ws/install/dwb_msgs/include/dwb_msgs/dwb_msgs/msg/rosidl_typesupport_fastrtps_c__visibility_control.h
[2.926s] -- Up-to-date symlink: /home/lhl/nav2_ws/install/dwb_msgs/include/dwb_msgs/dwb_msgs/srv/detail/debug_local_plan__rosidl_typesupport_fastrtps_c.h
[2.926s] -- Up-to-date symlink: /home/lhl/nav2_ws/install/dwb_msgs/include/dwb_msgs/dwb_msgs/srv/detail/generate_trajectory__rosidl_typesupport_fastrtps_c.h
[2.926s] -- Up-to-date symlink: /home/lhl/nav2_ws/install/dwb_msgs/include/dwb_msgs/dwb_msgs/srv/detail/generate_twists__rosidl_typesupport_fastrtps_c.h
[2.926s] -- Up-to-date symlink: /home/lhl/nav2_ws/install/dwb_msgs/include/dwb_msgs/dwb_msgs/srv/detail/get_critic_score__rosidl_typesupport_fastrtps_c.h
[2.926s] -- Up-to-date symlink: /home/lhl/nav2_ws/install/dwb_msgs/include/dwb_msgs/dwb_msgs/srv/detail/score_trajectory__rosidl_typesupport_fastrtps_c.h
[2.927s] -- Up-to-date symlink: /home/lhl/nav2_ws/install/dwb_msgs/include/dwb_msgs/dwb_msgs/msg/critic_score.hpp
[2.928s] -- Up-to-date symlink: /home/lhl/nav2_ws/install/dwb_msgs/include/dwb_msgs/dwb_msgs/msg/detail/critic_score__builder.hpp
[2.928s] -- Up-to-date symlink: /home/lhl/nav2_ws/install/dwb_msgs/include/dwb_msgs/dwb_msgs/msg/detail/critic_score__struct.hpp
[2.928s] -- Up-to-date symlink: /home/lhl/nav2_ws/install/dwb_msgs/include/dwb_msgs/dwb_msgs/msg/detail/critic_score__traits.hpp
[2.928s] -- Up-to-date symlink: /home/lhl/nav2_ws/install/dwb_msgs/include/dwb_msgs/dwb_msgs/msg/detail/local_plan_evaluation__builder.hpp
[2.928s] -- Up-to-date symlink: /home/lhl/nav2_ws/install/dwb_msgs/include/dwb_msgs/dwb_msgs/msg/detail/local_plan_evaluation__struct.hpp
[2.928s] -- Up-to-date symlink: /home/lhl/nav2_ws/install/dwb_msgs/include/dwb_msgs/dwb_msgs/msg/detail/local_plan_evaluation__traits.hpp
[2.929s] -- Up-to-date symlink: /home/lhl/nav2_ws/install/dwb_msgs/include/dwb_msgs/dwb_msgs/msg/detail/trajectory2_d__builder.hpp
[2.929s] -- Up-to-date symlink: /home/lhl/nav2_ws/install/dwb_msgs/include/dwb_msgs/dwb_msgs/msg/detail/trajectory2_d__struct.hpp
[2.929s] -- Up-to-date symlink: /home/lhl/nav2_ws/install/dwb_msgs/include/dwb_msgs/dwb_msgs/msg/detail/trajectory2_d__traits.hpp
[2.929s] -- Up-to-date symlink: /home/lhl/nav2_ws/install/dwb_msgs/include/dwb_msgs/dwb_msgs/msg/detail/trajectory_score__builder.hpp
[2.929s] -- Up-to-date symlink: /home/lhl/nav2_ws/install/dwb_msgs/include/dwb_msgs/dwb_msgs/msg/detail/trajectory_score__struct.hpp
[2.930s] -- Up-to-date symlink: /home/lhl/nav2_ws/install/dwb_msgs/include/dwb_msgs/dwb_msgs/msg/detail/trajectory_score__traits.hpp
[2.930s] -- Up-to-date symlink: /home/lhl/nav2_ws/install/dwb_msgs/include/dwb_msgs/dwb_msgs/msg/local_plan_evaluation.hpp
[2.930s] -- Up-to-date symlink: /home/lhl/nav2_ws/install/dwb_msgs/include/dwb_msgs/dwb_msgs/msg/trajectory2_d.hpp
[2.930s] -- Up-to-date symlink: /home/lhl/nav2_ws/install/dwb_msgs/include/dwb_msgs/dwb_msgs/msg/trajectory_score.hpp
[2.930s] -- Up-to-date symlink: /home/lhl/nav2_ws/install/dwb_msgs/include/dwb_msgs/dwb_msgs/srv/debug_local_plan.hpp
[2.930s] -- Up-to-date symlink: /home/lhl/nav2_ws/install/dwb_msgs/include/dwb_msgs/dwb_msgs/srv/detail/debug_local_plan__builder.hpp
[2.931s] -- Up-to-date symlink: /home/lhl/nav2_ws/install/dwb_msgs/include/dwb_msgs/dwb_msgs/srv/detail/debug_local_plan__struct.hpp
[2.931s] -- Up-to-date symlink: /home/lhl/nav2_ws/install/dwb_msgs/include/dwb_msgs/dwb_msgs/srv/detail/debug_local_plan__traits.hpp
[2.931s] -- Up-to-date symlink: /home/lhl/nav2_ws/install/dwb_msgs/include/dwb_msgs/dwb_msgs/srv/detail/generate_trajectory__builder.hpp
[2.931s] -- Up-to-date symlink: /home/lhl/nav2_ws/install/dwb_msgs/include/dwb_msgs/dwb_msgs/srv/detail/generate_trajectory__struct.hpp
[2.931s] -- Up-to-date symlink: /home/lhl/nav2_ws/install/dwb_msgs/include/dwb_msgs/dwb_msgs/srv/detail/generate_trajectory__traits.hpp
[2.932s] -- Up-to-date symlink: /home/lhl/nav2_ws/install/dwb_msgs/include/dwb_msgs/dwb_msgs/srv/detail/generate_twists__builder.hpp
[2.932s] -- Up-to-date symlink: /home/lhl/nav2_ws/install/dwb_msgs/include/dwb_msgs/dwb_msgs/srv/detail/generate_twists__struct.hpp
[2.932s] -- Up-to-date symlink: /home/lhl/nav2_ws/install/dwb_msgs/include/dwb_msgs/dwb_msgs/srv/detail/generate_twists__traits.hpp
[2.932s] -- Up-to-date symlink: /home/lhl/nav2_ws/install/dwb_msgs/include/dwb_msgs/dwb_msgs/srv/detail/get_critic_score__builder.hpp
[2.932s] -- Up-to-date symlink: /home/lhl/nav2_ws/install/dwb_msgs/include/dwb_msgs/dwb_msgs/srv/detail/get_critic_score__struct.hpp
[2.932s] -- Up-to-date symlink: /home/lhl/nav2_ws/install/dwb_msgs/include/dwb_msgs/dwb_msgs/srv/detail/get_critic_score__traits.hpp
[2.933s] -- Up-to-date symlink: /home/lhl/nav2_ws/install/dwb_msgs/include/dwb_msgs/dwb_msgs/srv/detail/score_trajectory__builder.hpp
[2.933s] -- Up-to-date symlink: /home/lhl/nav2_ws/install/dwb_msgs/include/dwb_msgs/dwb_msgs/srv/detail/score_trajectory__struct.hpp
[2.933s] -- Up-to-date symlink: /home/lhl/nav2_ws/install/dwb_msgs/include/dwb_msgs/dwb_msgs/srv/detail/score_trajectory__traits.hpp
[2.933s] -- Up-to-date symlink: /home/lhl/nav2_ws/install/dwb_msgs/include/dwb_msgs/dwb_msgs/srv/generate_trajectory.hpp
[2.933s] -- Up-to-date symlink: /home/lhl/nav2_ws/install/dwb_msgs/include/dwb_msgs/dwb_msgs/srv/generate_twists.hpp
[2.934s] -- Up-to-date symlink: /home/lhl/nav2_ws/install/dwb_msgs/include/dwb_msgs/dwb_msgs/srv/get_critic_score.hpp
[2.934s] -- Up-to-date symlink: /home/lhl/nav2_ws/install/dwb_msgs/include/dwb_msgs/dwb_msgs/srv/score_trajectory.hpp
[2.935s] -- Up-to-date symlink: /home/lhl/nav2_ws/install/dwb_msgs/include/dwb_msgs/dwb_msgs/msg/detail/critic_score__rosidl_typesupport_fastrtps_cpp.hpp
[2.935s] -- Up-to-date symlink: /home/lhl/nav2_ws/install/dwb_msgs/include/dwb_msgs/dwb_msgs/msg/detail/local_plan_evaluation__rosidl_typesupport_fastrtps_cpp.hpp
[2.935s] -- Up-to-date symlink: /home/lhl/nav2_ws/install/dwb_msgs/include/dwb_msgs/dwb_msgs/msg/detail/trajectory2_d__rosidl_typesupport_fastrtps_cpp.hpp
[2.935s] -- Up-to-date symlink: /home/lhl/nav2_ws/install/dwb_msgs/include/dwb_msgs/dwb_msgs/msg/detail/trajectory_score__rosidl_typesupport_fastrtps_cpp.hpp
[2.936s] -- Up-to-date symlink: /home/lhl/nav2_ws/install/dwb_msgs/include/dwb_msgs/dwb_msgs/msg/rosidl_typesupport_fastrtps_cpp__visibility_control.h
[2.936s] -- Up-to-date symlink: /home/lhl/nav2_ws/install/dwb_msgs/include/dwb_msgs/dwb_msgs/srv/detail/debug_local_plan__rosidl_typesupport_fastrtps_cpp.hpp
[2.936s] -- Up-to-date symlink: /home/lhl/nav2_ws/install/dwb_msgs/include/dwb_msgs/dwb_msgs/srv/detail/generate_trajectory__rosidl_typesupport_fastrtps_cpp.hpp
[2.936s] -- Up-to-date symlink: /home/lhl/nav2_ws/install/dwb_msgs/include/dwb_msgs/dwb_msgs/srv/detail/generate_twists__rosidl_typesupport_fastrtps_cpp.hpp
[2.936s] -- Up-to-date symlink: /home/lhl/nav2_ws/install/dwb_msgs/include/dwb_msgs/dwb_msgs/srv/detail/get_critic_score__rosidl_typesupport_fastrtps_cpp.hpp
[2.937s] -- Up-to-date symlink: /home/lhl/nav2_ws/install/dwb_msgs/include/dwb_msgs/dwb_msgs/srv/detail/score_trajectory__rosidl_typesupport_fastrtps_cpp.hpp
[2.937s] -- Up-to-date symlink: /home/lhl/nav2_ws/install/dwb_msgs/include/dwb_msgs/dwb_msgs/msg/detail/critic_score__rosidl_typesupport_introspection_c.h
[2.937s] -- Up-to-date symlink: /home/lhl/nav2_ws/install/dwb_msgs/include/dwb_msgs/dwb_msgs/msg/detail/local_plan_evaluation__rosidl_typesupport_introspection_c.h
[2.938s] -- Up-to-date symlink: /home/lhl/nav2_ws/install/dwb_msgs/include/dwb_msgs/dwb_msgs/msg/detail/trajectory2_d__rosidl_typesupport_introspection_c.h
[2.938s] -- Up-to-date symlink: /home/lhl/nav2_ws/install/dwb_msgs/include/dwb_msgs/dwb_msgs/msg/detail/trajectory_score__rosidl_typesupport_introspection_c.h
[2.938s] -- Up-to-date symlink: /home/lhl/nav2_ws/install/dwb_msgs/include/dwb_msgs/dwb_msgs/msg/rosidl_typesupport_introspection_c__visibility_control.h
[2.938s] -- Up-to-date symlink: /home/lhl/nav2_ws/install/dwb_msgs/include/dwb_msgs/dwb_msgs/srv/detail/debug_local_plan__rosidl_typesupport_introspection_c.h
[2.938s] -- Up-to-date symlink: /home/lhl/nav2_ws/install/dwb_msgs/include/dwb_msgs/dwb_msgs/srv/detail/generate_trajectory__rosidl_typesupport_introspection_c.h
[2.939s] -- Up-to-date symlink: /home/lhl/nav2_ws/install/dwb_msgs/include/dwb_msgs/dwb_msgs/srv/detail/generate_twists__rosidl_typesupport_introspection_c.h
[2.939s] -- Up-to-date symlink: /home/lhl/nav2_ws/install/dwb_msgs/include/dwb_msgs/dwb_msgs/srv/detail/get_critic_score__rosidl_typesupport_introspection_c.h
[2.939s] -- Up-to-date symlink: /home/lhl/nav2_ws/install/dwb_msgs/include/dwb_msgs/dwb_msgs/srv/detail/score_trajectory__rosidl_typesupport_introspection_c.h
[2.939s] -- Up-to-date symlink: /home/lhl/nav2_ws/install/dwb_msgs/include/dwb_msgs/dwb_msgs/msg/detail/critic_score__rosidl_typesupport_introspection_cpp.hpp
[2.940s] -- Up-to-date symlink: /home/lhl/nav2_ws/install/dwb_msgs/include/dwb_msgs/dwb_msgs/msg/detail/local_plan_evaluation__rosidl_typesupport_introspection_cpp.hpp
[2.940s] -- Up-to-date symlink: /home/lhl/nav2_ws/install/dwb_msgs/include/dwb_msgs/dwb_msgs/msg/detail/trajectory2_d__rosidl_typesupport_introspection_cpp.hpp
[2.940s] -- Up-to-date symlink: /home/lhl/nav2_ws/install/dwb_msgs/include/dwb_msgs/dwb_msgs/msg/detail/trajectory_score__rosidl_typesupport_introspection_cpp.hpp
[2.940s] -- Up-to-date symlink: /home/lhl/nav2_ws/install/dwb_msgs/include/dwb_msgs/dwb_msgs/srv/detail/debug_local_plan__rosidl_typesupport_introspection_cpp.hpp
[2.940s] -- Up-to-date symlink: /home/lhl/nav2_ws/install/dwb_msgs/include/dwb_msgs/dwb_msgs/srv/detail/generate_trajectory__rosidl_typesupport_introspection_cpp.hpp
[2.941s] -- Up-to-date symlink: /home/lhl/nav2_ws/install/dwb_msgs/include/dwb_msgs/dwb_msgs/srv/detail/generate_twists__rosidl_typesupport_introspection_cpp.hpp
[2.941s] -- Up-to-date symlink: /home/lhl/nav2_ws/install/dwb_msgs/include/dwb_msgs/dwb_msgs/srv/detail/get_critic_score__rosidl_typesupport_introspection_cpp.hpp
[2.941s] -- Up-to-date symlink: /home/lhl/nav2_ws/install/dwb_msgs/include/dwb_msgs/dwb_msgs/srv/detail/score_trajectory__rosidl_typesupport_introspection_cpp.hpp
[2.941s] -- Up-to-date symlink: /home/lhl/nav2_ws/install/dwb_msgs/share/dwb_msgs/environment/pythonpath.sh
[2.941s] -- Up-to-date symlink: /home/lhl/nav2_ws/install/dwb_msgs/share/dwb_msgs/environment/pythonpath.dsv
[2.942s] -- Up-to-date symlink: /home/lhl/nav2_ws/install/dwb_msgs/local/lib/python3.10/dist-packages/dwb_msgs-1.1.6-py3.10.egg-info/PKG-INFO
[2.942s] -- Up-to-date symlink: /home/lhl/nav2_ws/install/dwb_msgs/local/lib/python3.10/dist-packages/dwb_msgs-1.1.6-py3.10.egg-info/SOURCES.txt
[2.942s] -- Up-to-date symlink: /home/lhl/nav2_ws/install/dwb_msgs/local/lib/python3.10/dist-packages/dwb_msgs-1.1.6-py3.10.egg-info/dependency_links.txt
[2.942s] -- Up-to-date symlink: /home/lhl/nav2_ws/install/dwb_msgs/local/lib/python3.10/dist-packages/dwb_msgs-1.1.6-py3.10.egg-info/top_level.txt
[2.943s] -- Up-to-date symlink: /home/lhl/nav2_ws/install/dwb_msgs/local/lib/python3.10/dist-packages/dwb_msgs/__init__.py
[2.944s] -- Up-to-date symlink: /home/lhl/nav2_ws/install/dwb_msgs/local/lib/python3.10/dist-packages/dwb_msgs/_dwb_msgs_s.ep.rosidl_typesupport_c.c
[2.944s] -- Up-to-date symlink: /home/lhl/nav2_ws/install/dwb_msgs/local/lib/python3.10/dist-packages/dwb_msgs/_dwb_msgs_s.ep.rosidl_typesupport_fastrtps_c.c
[2.944s] -- Up-to-date symlink: /home/lhl/nav2_ws/install/dwb_msgs/local/lib/python3.10/dist-packages/dwb_msgs/_dwb_msgs_s.ep.rosidl_typesupport_introspection_c.c
[2.944s] -- Up-to-date symlink: /home/lhl/nav2_ws/install/dwb_msgs/local/lib/python3.10/dist-packages/dwb_msgs/dwb_msgs_s__rosidl_typesupport_c.cpython-310-x86_64-linux-gnu.so
[2.944s] -- Up-to-date symlink: /home/lhl/nav2_ws/install/dwb_msgs/local/lib/python3.10/dist-packages/dwb_msgs/dwb_msgs_s__rosidl_typesupport_fastrtps_c.cpython-310-x86_64-linux-gnu.so
[2.945s] -- Up-to-date symlink: /home/lhl/nav2_ws/install/dwb_msgs/local/lib/python3.10/dist-packages/dwb_msgs/dwb_msgs_s__rosidl_typesupport_introspection_c.cpython-310-x86_64-linux-gnu.so
[2.945s] -- Up-to-date symlink: /home/lhl/nav2_ws/install/dwb_msgs/local/lib/python3.10/dist-packages/dwb_msgs/libdwb_msgs__rosidl_generator_py.so
[2.945s] -- Up-to-date symlink: /home/lhl/nav2_ws/install/dwb_msgs/local/lib/python3.10/dist-packages/dwb_msgs/msg/__init__.py
[2.945s] -- Up-to-date symlink: /home/lhl/nav2_ws/install/dwb_msgs/local/lib/python3.10/dist-packages/dwb_msgs/msg/_critic_score.py
[2.945s] -- Up-to-date symlink: /home/lhl/nav2_ws/install/dwb_msgs/local/lib/python3.10/dist-packages/dwb_msgs/msg/_critic_score_s.c
[2.945s] -- Up-to-date symlink: /home/lhl/nav2_ws/install/dwb_msgs/local/lib/python3.10/dist-packages/dwb_msgs/msg/_local_plan_evaluation.py
[2.946s] -- Up-to-date symlink: /home/lhl/nav2_ws/install/dwb_msgs/local/lib/python3.10/dist-packages/dwb_msgs/msg/_local_plan_evaluation_s.c
[2.946s] -- Up-to-date symlink: /home/lhl/nav2_ws/install/dwb_msgs/local/lib/python3.10/dist-packages/dwb_msgs/msg/_trajectory2_d.py
[2.946s] -- Up-to-date symlink: /home/lhl/nav2_ws/install/dwb_msgs/local/lib/python3.10/dist-packages/dwb_msgs/msg/_trajectory2_d_s.c
[2.946s] -- Up-to-date symlink: /home/lhl/nav2_ws/install/dwb_msgs/local/lib/python3.10/dist-packages/dwb_msgs/msg/_trajectory_score.py
[2.946s] -- Up-to-date symlink: /home/lhl/nav2_ws/install/dwb_msgs/local/lib/python3.10/dist-packages/dwb_msgs/msg/_trajectory_score_s.c
[2.947s] -- Up-to-date symlink: /home/lhl/nav2_ws/install/dwb_msgs/local/lib/python3.10/dist-packages/dwb_msgs/srv/__init__.py
[2.947s] -- Up-to-date symlink: /home/lhl/nav2_ws/install/dwb_msgs/local/lib/python3.10/dist-packages/dwb_msgs/srv/_debug_local_plan.py
[2.947s] -- Up-to-date symlink: /home/lhl/nav2_ws/install/dwb_msgs/local/lib/python3.10/dist-packages/dwb_msgs/srv/_debug_local_plan_s.c
[2.947s] -- Up-to-date symlink: /home/lhl/nav2_ws/install/dwb_msgs/local/lib/python3.10/dist-packages/dwb_msgs/srv/_generate_trajectory.py
[2.947s] -- Up-to-date symlink: /home/lhl/nav2_ws/install/dwb_msgs/local/lib/python3.10/dist-packages/dwb_msgs/srv/_generate_trajectory_s.c
[2.947s] -- Up-to-date symlink: /home/lhl/nav2_ws/install/dwb_msgs/local/lib/python3.10/dist-packages/dwb_msgs/srv/_generate_twists.py
[2.947s] -- Up-to-date symlink: /home/lhl/nav2_ws/install/dwb_msgs/local/lib/python3.10/dist-packages/dwb_msgs/srv/_generate_twists_s.c
[2.948s] -- Up-to-date symlink: /home/lhl/nav2_ws/install/dwb_msgs/local/lib/python3.10/dist-packages/dwb_msgs/srv/_get_critic_score.py
[2.948s] -- Up-to-date symlink: /home/lhl/nav2_ws/install/dwb_msgs/local/lib/python3.10/dist-packages/dwb_msgs/srv/_get_critic_score_s.c
[2.948s] -- Up-to-date symlink: /home/lhl/nav2_ws/install/dwb_msgs/local/lib/python3.10/dist-packages/dwb_msgs/srv/_score_trajectory.py
[2.948s] -- Up-to-date symlink: /home/lhl/nav2_ws/install/dwb_msgs/local/lib/python3.10/dist-packages/dwb_msgs/srv/_score_trajectory_s.c
[2.948s] -- Up-to-date symlink: /home/lhl/nav2_ws/install/dwb_msgs/local/lib/python3.10/dist-packages/dwb_msgs/dwb_msgs_s__rosidl_typesupport_fastrtps_c.cpython-310-x86_64-linux-gnu.so
[2.949s] -- Up-to-date symlink: /home/lhl/nav2_ws/install/dwb_msgs/local/lib/python3.10/dist-packages/dwb_msgs/dwb_msgs_s__rosidl_typesupport_introspection_c.cpython-310-x86_64-linux-gnu.so
[2.949s] -- Up-to-date symlink: /home/lhl/nav2_ws/install/dwb_msgs/local/lib/python3.10/dist-packages/dwb_msgs/dwb_msgs_s__rosidl_typesupport_c.cpython-310-x86_64-linux-gnu.so
[2.949s] -- Up-to-date symlink: /home/lhl/nav2_ws/install/dwb_msgs/share/dwb_msgs/msg/CriticScore.idl
[2.950s] -- Up-to-date symlink: /home/lhl/nav2_ws/install/dwb_msgs/share/dwb_msgs/msg/LocalPlanEvaluation.idl
[2.950s] -- Up-to-date symlink: /home/lhl/nav2_ws/install/dwb_msgs/share/dwb_msgs/msg/Trajectory2D.idl
[2.950s] -- Up-to-date symlink: /home/lhl/nav2_ws/install/dwb_msgs/share/dwb_msgs/msg/TrajectoryScore.idl
[2.950s] -- Up-to-date symlink: /home/lhl/nav2_ws/install/dwb_msgs/share/dwb_msgs/srv/DebugLocalPlan.idl
[2.950s] -- Up-to-date symlink: /home/lhl/nav2_ws/install/dwb_msgs/share/dwb_msgs/srv/GenerateTrajectory.idl
[2.950s] -- Up-to-date symlink: /home/lhl/nav2_ws/install/dwb_msgs/share/dwb_msgs/srv/GenerateTwists.idl
[2.951s] -- Up-to-date symlink: /home/lhl/nav2_ws/install/dwb_msgs/share/dwb_msgs/srv/GetCriticScore.idl
[2.951s] -- Up-to-date symlink: /home/lhl/nav2_ws/install/dwb_msgs/share/dwb_msgs/srv/ScoreTrajectory.idl
[2.951s] -- Up-to-date symlink: /home/lhl/nav2_ws/install/dwb_msgs/share/dwb_msgs/msg/CriticScore.msg
[2.951s] -- Up-to-date symlink: /home/lhl/nav2_ws/install/dwb_msgs/share/dwb_msgs/msg/LocalPlanEvaluation.msg
[2.951s] -- Up-to-date symlink: /home/lhl/nav2_ws/install/dwb_msgs/share/dwb_msgs/msg/Trajectory2D.msg
[2.952s] -- Up-to-date symlink: /home/lhl/nav2_ws/install/dwb_msgs/share/dwb_msgs/msg/TrajectoryScore.msg
[2.952s] -- Up-to-date symlink: /home/lhl/nav2_ws/install/dwb_msgs/share/dwb_msgs/srv/DebugLocalPlan.srv
[2.952s] -- Up-to-date symlink: /home/lhl/nav2_ws/install/dwb_msgs/share/dwb_msgs/srv/DebugLocalPlan_Request.msg
[2.952s] -- Up-to-date symlink: /home/lhl/nav2_ws/install/dwb_msgs/share/dwb_msgs/srv/DebugLocalPlan_Response.msg
[2.953s] -- Up-to-date symlink: /home/lhl/nav2_ws/install/dwb_msgs/share/dwb_msgs/srv/GenerateTrajectory.srv
[2.953s] -- Up-to-date symlink: /home/lhl/nav2_ws/install/dwb_msgs/share/dwb_msgs/srv/GenerateTrajectory_Request.msg
[2.953s] -- Up-to-date symlink: /home/lhl/nav2_ws/install/dwb_msgs/share/dwb_msgs/srv/GenerateTrajectory_Response.msg
[2.953s] -- Up-to-date symlink: /home/lhl/nav2_ws/install/dwb_msgs/share/dwb_msgs/srv/GenerateTwists.srv
[2.953s] -- Up-to-date symlink: /home/lhl/nav2_ws/install/dwb_msgs/share/dwb_msgs/srv/GenerateTwists_Request.msg
[2.954s] -- Up-to-date symlink: /home/lhl/nav2_ws/install/dwb_msgs/share/dwb_msgs/srv/GenerateTwists_Response.msg
[2.954s] -- Up-to-date symlink: /home/lhl/nav2_ws/install/dwb_msgs/share/dwb_msgs/srv/GetCriticScore.srv
[2.954s] -- Up-to-date symlink: /home/lhl/nav2_ws/install/dwb_msgs/share/dwb_msgs/srv/GetCriticScore_Request.msg
[2.954s] -- Up-to-date symlink: /home/lhl/nav2_ws/install/dwb_msgs/share/dwb_msgs/srv/GetCriticScore_Response.msg
[2.954s] -- Up-to-date symlink: /home/lhl/nav2_ws/install/dwb_msgs/share/dwb_msgs/srv/ScoreTrajectory.srv
[2.954s] -- Up-to-date symlink: /home/lhl/nav2_ws/install/dwb_msgs/share/dwb_msgs/srv/ScoreTrajectory_Request.msg
[2.955s] -- Up-to-date symlink: /home/lhl/nav2_ws/install/dwb_msgs/share/dwb_msgs/srv/ScoreTrajectory_Response.msg
[2.955s] -- Up-to-date symlink: /home/lhl/nav2_ws/install/dwb_msgs/share/ament_index/resource_index/package_run_dependencies/dwb_msgs
[2.955s] -- Up-to-date symlink: /home/lhl/nav2_ws/install/dwb_msgs/share/ament_index/resource_index/parent_prefix_path/dwb_msgs
[2.955s] -- Up-to-date symlink: /home/lhl/nav2_ws/install/dwb_msgs/share/dwb_msgs/environment/ament_prefix_path.sh
[2.956s] -- Up-to-date symlink: /home/lhl/nav2_ws/install/dwb_msgs/share/dwb_msgs/environment/ament_prefix_path.dsv
[2.956s] -- Up-to-date symlink: /home/lhl/nav2_ws/install/dwb_msgs/share/dwb_msgs/environment/path.sh
[2.956s] -- Up-to-date symlink: /home/lhl/nav2_ws/install/dwb_msgs/share/dwb_msgs/environment/path.dsv
[2.956s] -- Up-to-date symlink: /home/lhl/nav2_ws/install/dwb_msgs/share/dwb_msgs/local_setup.bash
[2.956s] -- Up-to-date symlink: /home/lhl/nav2_ws/install/dwb_msgs/share/dwb_msgs/local_setup.sh
[2.957s] -- Up-to-date symlink: /home/lhl/nav2_ws/install/dwb_msgs/share/dwb_msgs/local_setup.zsh
[2.957s] -- Up-to-date symlink: /home/lhl/nav2_ws/install/dwb_msgs/share/dwb_msgs/local_setup.dsv
[2.957s] -- Symlinking: /home/lhl/nav2_ws/install/dwb_msgs/share/dwb_msgs/package.dsv
[2.966s] -- Up-to-date symlink: /home/lhl/nav2_ws/install/dwb_msgs/share/ament_index/resource_index/packages/dwb_msgs
[2.966s] -- Up-to-date symlink: /home/lhl/nav2_ws/install/dwb_msgs/share/dwb_msgs/cmake/rosidl_cmake-extras.cmake
[2.966s] -- Up-to-date symlink: /home/lhl/nav2_ws/install/dwb_msgs/share/dwb_msgs/cmake/ament_cmake_export_dependencies-extras.cmake
[2.966s] -- Up-to-date symlink: /home/lhl/nav2_ws/install/dwb_msgs/share/dwb_msgs/cmake/ament_cmake_export_include_directories-extras.cmake
[2.967s] -- Up-to-date symlink: /home/lhl/nav2_ws/install/dwb_msgs/share/dwb_msgs/cmake/ament_cmake_export_libraries-extras.cmake
[2.967s] -- Up-to-date symlink: /home/lhl/nav2_ws/install/dwb_msgs/share/dwb_msgs/cmake/ament_cmake_export_targets-extras.cmake
[2.967s] -- Up-to-date symlink: /home/lhl/nav2_ws/install/dwb_msgs/share/dwb_msgs/cmake/rosidl_cmake_export_typesupport_targets-extras.cmake
[2.967s] -- Up-to-date symlink: /home/lhl/nav2_ws/install/dwb_msgs/share/dwb_msgs/cmake/rosidl_cmake_export_typesupport_libraries-extras.cmake
[2.968s] -- Up-to-date symlink: /home/lhl/nav2_ws/install/dwb_msgs/share/dwb_msgs/cmake/dwb_msgsConfig.cmake
[2.968s] -- Up-to-date symlink: /home/lhl/nav2_ws/install/dwb_msgs/share/dwb_msgs/cmake/dwb_msgsConfig-version.cmake
[2.968s] -- Up-to-date symlink: /home/lhl/nav2_ws/install/dwb_msgs/share/dwb_msgs/package.xml
[2.979s] -- Up-to-date: /home/lhl/nav2_ws/install/dwb_msgs/lib/libdwb_msgs__rosidl_generator_c.so
[2.984s] -- Up-to-date: /home/lhl/nav2_ws/install/dwb_msgs/lib/libdwb_msgs__rosidl_typesupport_fastrtps_c.so
[3.027s] -- Up-to-date: /home/lhl/nav2_ws/install/dwb_msgs/lib/libdwb_msgs__rosidl_typesupport_fastrtps_cpp.so
[3.028s] -- Up-to-date: /home/lhl/nav2_ws/install/dwb_msgs/lib/libdwb_msgs__rosidl_typesupport_introspection_c.so
[3.029s] -- Up-to-date: /home/lhl/nav2_ws/install/dwb_msgs/lib/libdwb_msgs__rosidl_typesupport_c.so
[3.050s] -- Up-to-date: /home/lhl/nav2_ws/install/dwb_msgs/lib/libdwb_msgs__rosidl_typesupport_introspection_cpp.so
[3.051s] -- Up-to-date: /home/lhl/nav2_ws/install/dwb_msgs/lib/libdwb_msgs__rosidl_typesupport_cpp.so
[3.086s] Listing '/home/lhl/nav2_ws/install/dwb_msgs/local/lib/python3.10/dist-packages/dwb_msgs'...
[3.086s] Compiling '/home/lhl/nav2_ws/install/dwb_msgs/local/lib/python3.10/dist-packages/dwb_msgs/__init__.py'...
[3.086s] Listing '/home/lhl/nav2_ws/install/dwb_msgs/local/lib/python3.10/dist-packages/dwb_msgs/msg'...
[3.086s] Listing '/home/lhl/nav2_ws/install/dwb_msgs/local/lib/python3.10/dist-packages/dwb_msgs/srv'...
[3.091s] -- Up-to-date: /home/lhl/nav2_ws/install/dwb_msgs/lib/libdwb_msgs__rosidl_generator_py.so
[3.092s] -- Up-to-date: /home/lhl/nav2_ws/install/dwb_msgs/share/dwb_msgs/cmake/export_dwb_msgs__rosidl_generator_cExport.cmake
[3.092s] -- Up-to-date: /home/lhl/nav2_ws/install/dwb_msgs/share/dwb_msgs/cmake/export_dwb_msgs__rosidl_generator_cExport-noconfig.cmake
[3.092s] -- Up-to-date: /home/lhl/nav2_ws/install/dwb_msgs/share/dwb_msgs/cmake/export_dwb_msgs__rosidl_typesupport_fastrtps_cExport.cmake
[3.092s] -- Up-to-date: /home/lhl/nav2_ws/install/dwb_msgs/share/dwb_msgs/cmake/export_dwb_msgs__rosidl_typesupport_fastrtps_cExport-noconfig.cmake
[3.093s] -- Up-to-date: /home/lhl/nav2_ws/install/dwb_msgs/share/dwb_msgs/cmake/export_dwb_msgs__rosidl_generator_cppExport.cmake
[3.093s] -- Up-to-date: /home/lhl/nav2_ws/install/dwb_msgs/share/dwb_msgs/cmake/export_dwb_msgs__rosidl_typesupport_fastrtps_cppExport.cmake
[3.093s] -- Up-to-date: /home/lhl/nav2_ws/install/dwb_msgs/share/dwb_msgs/cmake/export_dwb_msgs__rosidl_typesupport_fastrtps_cppExport-noconfig.cmake
[3.093s] -- Up-to-date: /home/lhl/nav2_ws/install/dwb_msgs/share/dwb_msgs/cmake/dwb_msgs__rosidl_typesupport_introspection_cExport.cmake
[3.093s] -- Up-to-date: /home/lhl/nav2_ws/install/dwb_msgs/share/dwb_msgs/cmake/dwb_msgs__rosidl_typesupport_introspection_cExport-noconfig.cmake
[3.093s] -- Up-to-date: /home/lhl/nav2_ws/install/dwb_msgs/share/dwb_msgs/cmake/dwb_msgs__rosidl_typesupport_cExport.cmake
[3.093s] -- Up-to-date: /home/lhl/nav2_ws/install/dwb_msgs/share/dwb_msgs/cmake/dwb_msgs__rosidl_typesupport_cExport-noconfig.cmake
[3.094s] -- Up-to-date: /home/lhl/nav2_ws/install/dwb_msgs/share/dwb_msgs/cmake/dwb_msgs__rosidl_typesupport_introspection_cppExport.cmake
[3.094s] -- Up-to-date: /home/lhl/nav2_ws/install/dwb_msgs/share/dwb_msgs/cmake/dwb_msgs__rosidl_typesupport_introspection_cppExport-noconfig.cmake
[3.094s] -- Up-to-date: /home/lhl/nav2_ws/install/dwb_msgs/share/dwb_msgs/cmake/dwb_msgs__rosidl_typesupport_cppExport.cmake
[3.094s] -- Up-to-date: /home/lhl/nav2_ws/install/dwb_msgs/share/dwb_msgs/cmake/dwb_msgs__rosidl_typesupport_cppExport-noconfig.cmake
[3.095s] -- Up-to-date: /home/lhl/nav2_ws/install/dwb_msgs/share/dwb_msgs/cmake/export_dwb_msgs__rosidl_generator_pyExport.cmake
[3.095s] -- Up-to-date: /home/lhl/nav2_ws/install/dwb_msgs/share/dwb_msgs/cmake/export_dwb_msgs__rosidl_generator_pyExport-noconfig.cmake
[3.100s] Invoked command in '/home/lhl/nav2_ws/build/dwb_msgs' returned '0': AMENT_PREFIX_PATH=/home/lhl/nav2_ws/install/nav_2d_msgs:${AMENT_PREFIX_PATH} CMAKE_PREFIX_PATH=/home/lhl/nav2_ws/install/nav_2d_msgs:/opt/ros/humble LD_LIBRARY_PATH=/home/lhl/nav2_ws/install/nav_2d_msgs/lib:${LD_LIBRARY_PATH} PYTHONPATH=/home/lhl/nav2_ws/install/nav_2d_msgs/local/lib/python3.10/dist-packages:${PYTHONPATH} /usr/bin/cmake --install /home/lhl/nav2_ws/build/dwb_msgs
