[0.085s] Invoking command in '/home/lhl/nav2_ws/src/build/nav2_costmap_2d': CMAKE_PREFIX_PATH=/home/lhl/nav2_ws/src/install/nav2_map_server:/home/lhl/nav2_ws/src/install/nav2_lifecycle_manager:/home/lhl/nav2_ws/src/install/nav2_util:/home/lhl/nav2_ws/src/install/nav2_voxel_grid:/home/lhl/nav2_ws/src/install/nav2_msgs:/home/lhl/nav2_ws/src/install/nav2_common:/home/lhl/nav2_ws/src/install/sam_bot_description:/home/lhl/nav2_ws/src/install/nav2_system_tests:/home/lhl/nav2_ws/src/install/nav2_bringup:/home/lhl/nav2_ws/src/install/navigation2:/home/lhl/nav2_ws/src/install/nav2_smoother:/home/lhl/nav2_ws/src/install/nav2_dwb_controller:/home/lhl/nav2_ws/src/install/nav2_controller:/home/lhl/nav2_ws/src/install/dwb_plugins:/home/lhl/nav2_ws/src/install/dwb_critics:/home/lhl/nav2_ws/src/install/dwb_core:/home/lhl/nav2_ws/src/install/nav_2d_utils:/home/lhl/nav2_ws/src/install/dwb_msgs:/home/lhl/nav2_ws/src/install/nav_2d_msgs:/home/lhl/nav2_ws/src/install/nav2_waypoint_follower:/home/lhl/nav2_ws/src/install/nav2_theta_star_planner:/home/lhl/nav2_ws/src/install/nav2_smac_planner:/home/lhl/nav2_ws/src/install/nav2_rotation_shim_controller:/home/lhl/nav2_ws/src/install/nav2_regulated_pure_pursuit_controller:/home/lhl/nav2_ws/src/install/nav2_planner:/home/lhl/nav2_ws/src/install/nav2_navfn_planner:/home/lhl/nav2_ws/src/install/nav2_mppi_controller:/home/lhl/nav2_ws/src/install/nav2_constrained_smoother:/home/lhl/nav2_ws/src/install/nav2_bt_navigator:/home/lhl/nav2_ws/src/install/nav2_behaviors:/home/lhl/nav2_ws/src/install/nav2_core:/home/lhl/nav2_ws/src/install/nav2_collision_monitor:/home/lhl/nav2_ws/src/install/costmap_queue:/home/lhl/nav2_ws/src/install/nav2_costmap_2d:/home/lhl/nav2_ws/src/install/nav2_velocity_smoother:/home/lhl/nav2_ws/src/install/nav2_rviz_plugins:/home/lhl/nav2_ws/src/install/nav2_behavior_tree:/home/lhl/nav2_ws/src/install/nav2_amcl:/home/lhl/nav2_ws/src/install/nav2_simple_commander:/opt/ros/humble LD_LIBRARY_PATH=/home/lhl/nav2_ws/src/install/nav2_map_server/lib:/home/lhl/nav2_ws/src/install/nav2_lifecycle_manager/lib:/home/lhl/nav2_ws/src/install/nav2_util/lib:/home/lhl/nav2_ws/src/install/nav2_voxel_grid/lib:/home/lhl/nav2_ws/src/install/nav2_msgs/lib:/home/lhl/nav2_ws/src/install/nav2_smoother/lib:/home/lhl/nav2_ws/src/install/nav2_controller/lib:/home/lhl/nav2_ws/src/install/dwb_plugins/lib:/home/lhl/nav2_ws/src/install/dwb_critics/lib:/home/lhl/nav2_ws/src/install/dwb_core/lib:/home/lhl/nav2_ws/src/install/nav_2d_utils/lib:/home/lhl/nav2_ws/src/install/dwb_msgs/lib:/home/lhl/nav2_ws/src/install/nav_2d_msgs/lib:/home/lhl/nav2_ws/src/install/nav2_waypoint_follower/lib:/home/lhl/nav2_ws/src/install/nav2_theta_star_planner/lib:/home/lhl/nav2_ws/src/install/nav2_smac_planner/lib:/home/lhl/nav2_ws/src/install/nav2_rotation_shim_controller/lib:/home/lhl/nav2_ws/src/install/nav2_regulated_pure_pursuit_controller/lib:/home/lhl/nav2_ws/src/install/nav2_planner/lib:/home/lhl/nav2_ws/src/install/nav2_navfn_planner/lib:/home/lhl/nav2_ws/src/install/nav2_mppi_controller/lib:/home/lhl/nav2_ws/src/install/nav2_constrained_smoother/lib:/home/lhl/nav2_ws/src/install/nav2_bt_navigator/lib:/home/lhl/nav2_ws/src/install/nav2_behaviors/lib:/home/lhl/nav2_ws/src/install/nav2_collision_monitor/lib:/home/lhl/nav2_ws/src/install/costmap_queue/lib:/home/lhl/nav2_ws/src/install/nav2_costmap_2d/lib:/home/lhl/nav2_ws/src/install/nav2_velocity_smoother/lib:/home/lhl/nav2_ws/src/install/nav2_rviz_plugins/lib:/home/lhl/nav2_ws/src/install/nav2_behavior_tree/lib:/home/lhl/nav2_ws/src/install/nav2_amcl/lib:/usr/lib/x86_64-linux-gnu/gazebo-11/plugins:/opt/ros/humble/opt/rviz_ogre_vendor/lib:/opt/ros/humble/lib/x86_64-linux-gnu:/opt/ros/humble/lib /usr/bin/cmake --build /home/lhl/nav2_ws/src/build/nav2_costmap_2d -- -j8 -l8
[0.238s] [  2%] Built target gtest_main
[0.248s] [  5%] Built target gtest
[0.249s] [  8%] Built target order_layer
[0.286s] [ 26%] Built target nav2_costmap_2d_core
[0.385s] [ 29%] Built target nav2_costmap_2d_markers
[0.390s] [ 34%] Built target filters
[0.390s] [ 37%] Built target nav2_costmap_2d_cloud
[0.390s] [ 42%] Built target nav2_costmap_2d_client
[0.398s] [ 45%] Built target array_parser_test
[0.405s] [ 54%] Built target layers
[0.407s] [ 57%] Built target collision_footprint_test
[0.422s] [ 60%] Built target costmap_convesion_test
[0.472s] [ 62%] Built target declare_parameter_test
[0.479s] [ 65%] Built target costmap_bresenham_2d
[0.481s] [ 68%] Built target copy_window_test
[0.483s] [ 70%] Built target dyn_params_tests
[0.501s] [ 73%] Built target costmap_filter_service_test
[0.505s] [ 76%] Built target plugin_api_order
[0.515s] [ 78%] Built target keepout_filter_test
[0.525s] [ 81%] Built target nav2_costmap_2d
[0.557s] [ 84%] Built target speed_filter_test
[0.560s] [ 86%] Built target binary_filter_test
[0.572s] [ 89%] Built target test_collision_checker_exec
[0.573s] [ 92%] Built target footprint_tests_exec
[0.590s] [ 94%] Built target inflation_tests_exec
[0.605s] [ 97%] Built target obstacle_tests_exec
[0.614s] [100%] Built target range_tests_exec
[0.631s] Invoked command in '/home/lhl/nav2_ws/src/build/nav2_costmap_2d' returned '0': CMAKE_PREFIX_PATH=/home/lhl/nav2_ws/src/install/nav2_map_server:/home/lhl/nav2_ws/src/install/nav2_lifecycle_manager:/home/lhl/nav2_ws/src/install/nav2_util:/home/lhl/nav2_ws/src/install/nav2_voxel_grid:/home/lhl/nav2_ws/src/install/nav2_msgs:/home/lhl/nav2_ws/src/install/nav2_common:/home/lhl/nav2_ws/src/install/sam_bot_description:/home/lhl/nav2_ws/src/install/nav2_system_tests:/home/lhl/nav2_ws/src/install/nav2_bringup:/home/lhl/nav2_ws/src/install/navigation2:/home/lhl/nav2_ws/src/install/nav2_smoother:/home/lhl/nav2_ws/src/install/nav2_dwb_controller:/home/lhl/nav2_ws/src/install/nav2_controller:/home/lhl/nav2_ws/src/install/dwb_plugins:/home/lhl/nav2_ws/src/install/dwb_critics:/home/lhl/nav2_ws/src/install/dwb_core:/home/lhl/nav2_ws/src/install/nav_2d_utils:/home/lhl/nav2_ws/src/install/dwb_msgs:/home/lhl/nav2_ws/src/install/nav_2d_msgs:/home/lhl/nav2_ws/src/install/nav2_waypoint_follower:/home/lhl/nav2_ws/src/install/nav2_theta_star_planner:/home/lhl/nav2_ws/src/install/nav2_smac_planner:/home/lhl/nav2_ws/src/install/nav2_rotation_shim_controller:/home/lhl/nav2_ws/src/install/nav2_regulated_pure_pursuit_controller:/home/lhl/nav2_ws/src/install/nav2_planner:/home/lhl/nav2_ws/src/install/nav2_navfn_planner:/home/lhl/nav2_ws/src/install/nav2_mppi_controller:/home/lhl/nav2_ws/src/install/nav2_constrained_smoother:/home/lhl/nav2_ws/src/install/nav2_bt_navigator:/home/lhl/nav2_ws/src/install/nav2_behaviors:/home/lhl/nav2_ws/src/install/nav2_core:/home/lhl/nav2_ws/src/install/nav2_collision_monitor:/home/lhl/nav2_ws/src/install/costmap_queue:/home/lhl/nav2_ws/src/install/nav2_costmap_2d:/home/lhl/nav2_ws/src/install/nav2_velocity_smoother:/home/lhl/nav2_ws/src/install/nav2_rviz_plugins:/home/lhl/nav2_ws/src/install/nav2_behavior_tree:/home/lhl/nav2_ws/src/install/nav2_amcl:/home/lhl/nav2_ws/src/install/nav2_simple_commander:/opt/ros/humble LD_LIBRARY_PATH=/home/lhl/nav2_ws/src/install/nav2_map_server/lib:/home/lhl/nav2_ws/src/install/nav2_lifecycle_manager/lib:/home/lhl/nav2_ws/src/install/nav2_util/lib:/home/lhl/nav2_ws/src/install/nav2_voxel_grid/lib:/home/lhl/nav2_ws/src/install/nav2_msgs/lib:/home/lhl/nav2_ws/src/install/nav2_smoother/lib:/home/lhl/nav2_ws/src/install/nav2_controller/lib:/home/lhl/nav2_ws/src/install/dwb_plugins/lib:/home/lhl/nav2_ws/src/install/dwb_critics/lib:/home/lhl/nav2_ws/src/install/dwb_core/lib:/home/lhl/nav2_ws/src/install/nav_2d_utils/lib:/home/lhl/nav2_ws/src/install/dwb_msgs/lib:/home/lhl/nav2_ws/src/install/nav_2d_msgs/lib:/home/lhl/nav2_ws/src/install/nav2_waypoint_follower/lib:/home/lhl/nav2_ws/src/install/nav2_theta_star_planner/lib:/home/lhl/nav2_ws/src/install/nav2_smac_planner/lib:/home/lhl/nav2_ws/src/install/nav2_rotation_shim_controller/lib:/home/lhl/nav2_ws/src/install/nav2_regulated_pure_pursuit_controller/lib:/home/lhl/nav2_ws/src/install/nav2_planner/lib:/home/lhl/nav2_ws/src/install/nav2_navfn_planner/lib:/home/lhl/nav2_ws/src/install/nav2_mppi_controller/lib:/home/lhl/nav2_ws/src/install/nav2_constrained_smoother/lib:/home/lhl/nav2_ws/src/install/nav2_bt_navigator/lib:/home/lhl/nav2_ws/src/install/nav2_behaviors/lib:/home/lhl/nav2_ws/src/install/nav2_collision_monitor/lib:/home/lhl/nav2_ws/src/install/costmap_queue/lib:/home/lhl/nav2_ws/src/install/nav2_costmap_2d/lib:/home/lhl/nav2_ws/src/install/nav2_velocity_smoother/lib:/home/lhl/nav2_ws/src/install/nav2_rviz_plugins/lib:/home/lhl/nav2_ws/src/install/nav2_behavior_tree/lib:/home/lhl/nav2_ws/src/install/nav2_amcl/lib:/usr/lib/x86_64-linux-gnu/gazebo-11/plugins:/opt/ros/humble/opt/rviz_ogre_vendor/lib:/opt/ros/humble/lib/x86_64-linux-gnu:/opt/ros/humble/lib /usr/bin/cmake --build /home/lhl/nav2_ws/src/build/nav2_costmap_2d -- -j8 -l8
[0.843s] Invoking command in '/home/lhl/nav2_ws/src/build/nav2_costmap_2d': CMAKE_PREFIX_PATH=/home/lhl/nav2_ws/src/install/nav2_map_server:/home/lhl/nav2_ws/src/install/nav2_lifecycle_manager:/home/lhl/nav2_ws/src/install/nav2_util:/home/lhl/nav2_ws/src/install/nav2_voxel_grid:/home/lhl/nav2_ws/src/install/nav2_msgs:/home/lhl/nav2_ws/src/install/nav2_common:/home/lhl/nav2_ws/src/install/sam_bot_description:/home/lhl/nav2_ws/src/install/nav2_system_tests:/home/lhl/nav2_ws/src/install/nav2_bringup:/home/lhl/nav2_ws/src/install/navigation2:/home/lhl/nav2_ws/src/install/nav2_smoother:/home/lhl/nav2_ws/src/install/nav2_dwb_controller:/home/lhl/nav2_ws/src/install/nav2_controller:/home/lhl/nav2_ws/src/install/dwb_plugins:/home/lhl/nav2_ws/src/install/dwb_critics:/home/lhl/nav2_ws/src/install/dwb_core:/home/lhl/nav2_ws/src/install/nav_2d_utils:/home/lhl/nav2_ws/src/install/dwb_msgs:/home/lhl/nav2_ws/src/install/nav_2d_msgs:/home/lhl/nav2_ws/src/install/nav2_waypoint_follower:/home/lhl/nav2_ws/src/install/nav2_theta_star_planner:/home/lhl/nav2_ws/src/install/nav2_smac_planner:/home/lhl/nav2_ws/src/install/nav2_rotation_shim_controller:/home/lhl/nav2_ws/src/install/nav2_regulated_pure_pursuit_controller:/home/lhl/nav2_ws/src/install/nav2_planner:/home/lhl/nav2_ws/src/install/nav2_navfn_planner:/home/lhl/nav2_ws/src/install/nav2_mppi_controller:/home/lhl/nav2_ws/src/install/nav2_constrained_smoother:/home/lhl/nav2_ws/src/install/nav2_bt_navigator:/home/lhl/nav2_ws/src/install/nav2_behaviors:/home/lhl/nav2_ws/src/install/nav2_core:/home/lhl/nav2_ws/src/install/nav2_collision_monitor:/home/lhl/nav2_ws/src/install/costmap_queue:/home/lhl/nav2_ws/src/install/nav2_costmap_2d:/home/lhl/nav2_ws/src/install/nav2_velocity_smoother:/home/lhl/nav2_ws/src/install/nav2_rviz_plugins:/home/lhl/nav2_ws/src/install/nav2_behavior_tree:/home/lhl/nav2_ws/src/install/nav2_amcl:/home/lhl/nav2_ws/src/install/nav2_simple_commander:/opt/ros/humble LD_LIBRARY_PATH=/home/lhl/nav2_ws/src/install/nav2_map_server/lib:/home/lhl/nav2_ws/src/install/nav2_lifecycle_manager/lib:/home/lhl/nav2_ws/src/install/nav2_util/lib:/home/lhl/nav2_ws/src/install/nav2_voxel_grid/lib:/home/lhl/nav2_ws/src/install/nav2_msgs/lib:/home/lhl/nav2_ws/src/install/nav2_smoother/lib:/home/lhl/nav2_ws/src/install/nav2_controller/lib:/home/lhl/nav2_ws/src/install/dwb_plugins/lib:/home/lhl/nav2_ws/src/install/dwb_critics/lib:/home/lhl/nav2_ws/src/install/dwb_core/lib:/home/lhl/nav2_ws/src/install/nav_2d_utils/lib:/home/lhl/nav2_ws/src/install/dwb_msgs/lib:/home/lhl/nav2_ws/src/install/nav_2d_msgs/lib:/home/lhl/nav2_ws/src/install/nav2_waypoint_follower/lib:/home/lhl/nav2_ws/src/install/nav2_theta_star_planner/lib:/home/lhl/nav2_ws/src/install/nav2_smac_planner/lib:/home/lhl/nav2_ws/src/install/nav2_rotation_shim_controller/lib:/home/lhl/nav2_ws/src/install/nav2_regulated_pure_pursuit_controller/lib:/home/lhl/nav2_ws/src/install/nav2_planner/lib:/home/lhl/nav2_ws/src/install/nav2_navfn_planner/lib:/home/lhl/nav2_ws/src/install/nav2_mppi_controller/lib:/home/lhl/nav2_ws/src/install/nav2_constrained_smoother/lib:/home/lhl/nav2_ws/src/install/nav2_bt_navigator/lib:/home/lhl/nav2_ws/src/install/nav2_behaviors/lib:/home/lhl/nav2_ws/src/install/nav2_collision_monitor/lib:/home/lhl/nav2_ws/src/install/costmap_queue/lib:/home/lhl/nav2_ws/src/install/nav2_costmap_2d/lib:/home/lhl/nav2_ws/src/install/nav2_velocity_smoother/lib:/home/lhl/nav2_ws/src/install/nav2_rviz_plugins/lib:/home/lhl/nav2_ws/src/install/nav2_behavior_tree/lib:/home/lhl/nav2_ws/src/install/nav2_amcl/lib:/usr/lib/x86_64-linux-gnu/gazebo-11/plugins:/opt/ros/humble/opt/rviz_ogre_vendor/lib:/opt/ros/humble/lib/x86_64-linux-gnu:/opt/ros/humble/lib /usr/bin/cmake --install /home/lhl/nav2_ws/src/build/nav2_costmap_2d
[0.854s] -- Install configuration: "Release"
[0.854s] -- Up-to-date: /home/lhl/nav2_ws/src/install/nav2_costmap_2d/lib/libnav2_costmap_2d_core.so
[0.854s] -- Up-to-date: /home/lhl/nav2_ws/src/install/nav2_costmap_2d/lib/liblayers.so
[0.856s] -- Up-to-date: /home/lhl/nav2_ws/src/install/nav2_costmap_2d/lib/libfilters.so
[0.856s] -- Up-to-date: /home/lhl/nav2_ws/src/install/nav2_costmap_2d/lib/libnav2_costmap_2d_client.so
[0.856s] -- Up-to-date: /home/lhl/nav2_ws/src/install/nav2_costmap_2d/lib/nav2_costmap_2d/nav2_costmap_2d
[0.856s] -- Up-to-date: /home/lhl/nav2_ws/src/install/nav2_costmap_2d/lib/nav2_costmap_2d/nav2_costmap_2d_markers
[0.857s] -- Up-to-date: /home/lhl/nav2_ws/src/install/nav2_costmap_2d/lib/nav2_costmap_2d/nav2_costmap_2d_cloud
[0.857s] -- Up-to-date: /home/lhl/nav2_ws/src/install/nav2_costmap_2d/share/nav2_costmap_2d/costmap_plugins.xml
[0.858s] -- Up-to-date: /home/lhl/nav2_ws/src/install/nav2_costmap_2d/include/
[0.858s] -- Up-to-date: /home/lhl/nav2_ws/src/install/nav2_costmap_2d/include//nav2_costmap_2d
[0.858s] -- Up-to-date: /home/lhl/nav2_ws/src/install/nav2_costmap_2d/include//nav2_costmap_2d/costmap_2d_ros.hpp
[0.858s] -- Up-to-date: /home/lhl/nav2_ws/src/install/nav2_costmap_2d/include//nav2_costmap_2d/costmap_2d.hpp
[0.859s] -- Up-to-date: /home/lhl/nav2_ws/src/install/nav2_costmap_2d/include//nav2_costmap_2d/observation_buffer.hpp
[0.859s] -- Up-to-date: /home/lhl/nav2_ws/src/install/nav2_costmap_2d/include//nav2_costmap_2d/footprint_collision_checker.hpp
[0.859s] -- Up-to-date: /home/lhl/nav2_ws/src/install/nav2_costmap_2d/include//nav2_costmap_2d/costmap_subscriber.hpp
[0.859s] -- Up-to-date: /home/lhl/nav2_ws/src/install/nav2_costmap_2d/include//nav2_costmap_2d/costmap_2d_publisher.hpp
[0.859s] -- Up-to-date: /home/lhl/nav2_ws/src/install/nav2_costmap_2d/include//nav2_costmap_2d/obstacle_layer.hpp
[0.859s] -- Up-to-date: /home/lhl/nav2_ws/src/install/nav2_costmap_2d/include//nav2_costmap_2d/layered_costmap.hpp
[0.860s] -- Up-to-date: /home/lhl/nav2_ws/src/install/nav2_costmap_2d/include//nav2_costmap_2d/static_layer.hpp
[0.860s] -- Up-to-date: /home/lhl/nav2_ws/src/install/nav2_costmap_2d/include//nav2_costmap_2d/exceptions.hpp
[0.860s] -- Up-to-date: /home/lhl/nav2_ws/src/install/nav2_costmap_2d/include//nav2_costmap_2d/array_parser.hpp
[0.860s] -- Up-to-date: /home/lhl/nav2_ws/src/install/nav2_costmap_2d/include//nav2_costmap_2d/clear_costmap_service.hpp
[0.860s] -- Up-to-date: /home/lhl/nav2_ws/src/install/nav2_costmap_2d/include//nav2_costmap_2d/layer.hpp
[0.860s] -- Up-to-date: /home/lhl/nav2_ws/src/install/nav2_costmap_2d/include//nav2_costmap_2d/footprint_subscriber.hpp
[0.860s] -- Up-to-date: /home/lhl/nav2_ws/src/install/nav2_costmap_2d/include//nav2_costmap_2d/cost_values.hpp
[0.860s] -- Up-to-date: /home/lhl/nav2_ws/src/install/nav2_costmap_2d/include//nav2_costmap_2d/inflation_layer.hpp
[0.861s] -- Up-to-date: /home/lhl/nav2_ws/src/install/nav2_costmap_2d/include//nav2_costmap_2d/costmap_math.hpp
[0.861s] -- Up-to-date: /home/lhl/nav2_ws/src/install/nav2_costmap_2d/include//nav2_costmap_2d/observation.hpp
[0.861s] -- Up-to-date: /home/lhl/nav2_ws/src/install/nav2_costmap_2d/include//nav2_costmap_2d/costmap_layer.hpp
[0.861s] -- Up-to-date: /home/lhl/nav2_ws/src/install/nav2_costmap_2d/include//nav2_costmap_2d/costmap_filters
[0.861s] -- Up-to-date: /home/lhl/nav2_ws/src/install/nav2_costmap_2d/include//nav2_costmap_2d/costmap_filters/binary_filter.hpp
[0.861s] -- Up-to-date: /home/lhl/nav2_ws/src/install/nav2_costmap_2d/include//nav2_costmap_2d/costmap_filters/costmap_filter.hpp
[0.861s] -- Up-to-date: /home/lhl/nav2_ws/src/install/nav2_costmap_2d/include//nav2_costmap_2d/costmap_filters/speed_filter.hpp
[0.861s] -- Up-to-date: /home/lhl/nav2_ws/src/install/nav2_costmap_2d/include//nav2_costmap_2d/costmap_filters/filter_values.hpp
[0.862s] -- Up-to-date: /home/lhl/nav2_ws/src/install/nav2_costmap_2d/include//nav2_costmap_2d/costmap_filters/keepout_filter.hpp
[0.862s] -- Up-to-date: /home/lhl/nav2_ws/src/install/nav2_costmap_2d/include//nav2_costmap_2d/range_sensor_layer.hpp
[0.862s] -- Up-to-date: /home/lhl/nav2_ws/src/install/nav2_costmap_2d/include//nav2_costmap_2d/footprint.hpp
[0.862s] -- Up-to-date: /home/lhl/nav2_ws/src/install/nav2_costmap_2d/include//nav2_costmap_2d/voxel_layer.hpp
[0.862s] -- Up-to-date: /home/lhl/nav2_ws/src/install/nav2_costmap_2d/include//nav2_costmap_2d/costmap_topic_collision_checker.hpp
[0.862s] -- Up-to-date: /home/lhl/nav2_ws/src/install/nav2_costmap_2d/share/nav2_costmap_2d/test/regression/order_layer.xml
[0.862s] -- Up-to-date: /home/lhl/nav2_ws/src/install/nav2_costmap_2d/share/nav2_costmap_2d/environment/library_path.sh
[0.863s] -- Up-to-date: /home/lhl/nav2_ws/src/install/nav2_costmap_2d/share/nav2_costmap_2d/environment/library_path.dsv
[0.867s] -- Up-to-date: /home/lhl/nav2_ws/src/install/nav2_costmap_2d/share/nav2_costmap_2d/costmap_plugins.xml
[0.867s] -- Up-to-date: /home/lhl/nav2_ws/src/install/nav2_costmap_2d/share/ament_index/resource_index/package_run_dependencies/nav2_costmap_2d
[0.867s] -- Up-to-date: /home/lhl/nav2_ws/src/install/nav2_costmap_2d/share/ament_index/resource_index/parent_prefix_path/nav2_costmap_2d
[0.867s] -- Up-to-date: /home/lhl/nav2_ws/src/install/nav2_costmap_2d/share/nav2_costmap_2d/environment/ament_prefix_path.sh
[0.867s] -- Up-to-date: /home/lhl/nav2_ws/src/install/nav2_costmap_2d/share/nav2_costmap_2d/environment/ament_prefix_path.dsv
[0.868s] -- Up-to-date: /home/lhl/nav2_ws/src/install/nav2_costmap_2d/share/nav2_costmap_2d/environment/path.sh
[0.868s] -- Up-to-date: /home/lhl/nav2_ws/src/install/nav2_costmap_2d/share/nav2_costmap_2d/environment/path.dsv
[0.868s] -- Up-to-date: /home/lhl/nav2_ws/src/install/nav2_costmap_2d/share/nav2_costmap_2d/local_setup.bash
[0.868s] -- Up-to-date: /home/lhl/nav2_ws/src/install/nav2_costmap_2d/share/nav2_costmap_2d/local_setup.sh
[0.868s] -- Up-to-date: /home/lhl/nav2_ws/src/install/nav2_costmap_2d/share/nav2_costmap_2d/local_setup.zsh
[0.869s] -- Up-to-date: /home/lhl/nav2_ws/src/install/nav2_costmap_2d/share/nav2_costmap_2d/local_setup.dsv
[0.869s] -- Installing: /home/lhl/nav2_ws/src/install/nav2_costmap_2d/share/nav2_costmap_2d/package.dsv
[0.869s] -- Up-to-date: /home/lhl/nav2_ws/src/install/nav2_costmap_2d/share/ament_index/resource_index/packages/nav2_costmap_2d
[0.869s] -- Up-to-date: /home/lhl/nav2_ws/src/install/nav2_costmap_2d/share/ament_index/resource_index/nav2_costmap_2d__pluginlib__plugin/nav2_costmap_2d
[0.869s] -- Up-to-date: /home/lhl/nav2_ws/src/install/nav2_costmap_2d/share/nav2_costmap_2d/cmake/ament_cmake_export_include_directories-extras.cmake
[0.869s] -- Up-to-date: /home/lhl/nav2_ws/src/install/nav2_costmap_2d/share/nav2_costmap_2d/cmake/ament_cmake_export_libraries-extras.cmake
[0.869s] -- Up-to-date: /home/lhl/nav2_ws/src/install/nav2_costmap_2d/share/nav2_costmap_2d/cmake/ament_cmake_export_dependencies-extras.cmake
[0.870s] -- Up-to-date: /home/lhl/nav2_ws/src/install/nav2_costmap_2d/share/nav2_costmap_2d/cmake/nav2_costmap_2dConfig.cmake
[0.870s] -- Up-to-date: /home/lhl/nav2_ws/src/install/nav2_costmap_2d/share/nav2_costmap_2d/cmake/nav2_costmap_2dConfig-version.cmake
[0.870s] -- Up-to-date: /home/lhl/nav2_ws/src/install/nav2_costmap_2d/share/nav2_costmap_2d/package.xml
[0.870s] -- Up-to-date: /home/lhl/nav2_ws/src/install/nav2_costmap_2d/lib/liborder_layer.so
[0.870s] Invoked command in '/home/lhl/nav2_ws/src/build/nav2_costmap_2d' returned '0': CMAKE_PREFIX_PATH=/home/lhl/nav2_ws/src/install/nav2_map_server:/home/lhl/nav2_ws/src/install/nav2_lifecycle_manager:/home/lhl/nav2_ws/src/install/nav2_util:/home/lhl/nav2_ws/src/install/nav2_voxel_grid:/home/lhl/nav2_ws/src/install/nav2_msgs:/home/lhl/nav2_ws/src/install/nav2_common:/home/lhl/nav2_ws/src/install/sam_bot_description:/home/lhl/nav2_ws/src/install/nav2_system_tests:/home/lhl/nav2_ws/src/install/nav2_bringup:/home/lhl/nav2_ws/src/install/navigation2:/home/lhl/nav2_ws/src/install/nav2_smoother:/home/lhl/nav2_ws/src/install/nav2_dwb_controller:/home/lhl/nav2_ws/src/install/nav2_controller:/home/lhl/nav2_ws/src/install/dwb_plugins:/home/lhl/nav2_ws/src/install/dwb_critics:/home/lhl/nav2_ws/src/install/dwb_core:/home/lhl/nav2_ws/src/install/nav_2d_utils:/home/lhl/nav2_ws/src/install/dwb_msgs:/home/lhl/nav2_ws/src/install/nav_2d_msgs:/home/lhl/nav2_ws/src/install/nav2_waypoint_follower:/home/lhl/nav2_ws/src/install/nav2_theta_star_planner:/home/lhl/nav2_ws/src/install/nav2_smac_planner:/home/lhl/nav2_ws/src/install/nav2_rotation_shim_controller:/home/lhl/nav2_ws/src/install/nav2_regulated_pure_pursuit_controller:/home/lhl/nav2_ws/src/install/nav2_planner:/home/lhl/nav2_ws/src/install/nav2_navfn_planner:/home/lhl/nav2_ws/src/install/nav2_mppi_controller:/home/lhl/nav2_ws/src/install/nav2_constrained_smoother:/home/lhl/nav2_ws/src/install/nav2_bt_navigator:/home/lhl/nav2_ws/src/install/nav2_behaviors:/home/lhl/nav2_ws/src/install/nav2_core:/home/lhl/nav2_ws/src/install/nav2_collision_monitor:/home/lhl/nav2_ws/src/install/costmap_queue:/home/lhl/nav2_ws/src/install/nav2_costmap_2d:/home/lhl/nav2_ws/src/install/nav2_velocity_smoother:/home/lhl/nav2_ws/src/install/nav2_rviz_plugins:/home/lhl/nav2_ws/src/install/nav2_behavior_tree:/home/lhl/nav2_ws/src/install/nav2_amcl:/home/lhl/nav2_ws/src/install/nav2_simple_commander:/opt/ros/humble LD_LIBRARY_PATH=/home/lhl/nav2_ws/src/install/nav2_map_server/lib:/home/lhl/nav2_ws/src/install/nav2_lifecycle_manager/lib:/home/lhl/nav2_ws/src/install/nav2_util/lib:/home/lhl/nav2_ws/src/install/nav2_voxel_grid/lib:/home/lhl/nav2_ws/src/install/nav2_msgs/lib:/home/lhl/nav2_ws/src/install/nav2_smoother/lib:/home/lhl/nav2_ws/src/install/nav2_controller/lib:/home/lhl/nav2_ws/src/install/dwb_plugins/lib:/home/lhl/nav2_ws/src/install/dwb_critics/lib:/home/lhl/nav2_ws/src/install/dwb_core/lib:/home/lhl/nav2_ws/src/install/nav_2d_utils/lib:/home/lhl/nav2_ws/src/install/dwb_msgs/lib:/home/lhl/nav2_ws/src/install/nav_2d_msgs/lib:/home/lhl/nav2_ws/src/install/nav2_waypoint_follower/lib:/home/lhl/nav2_ws/src/install/nav2_theta_star_planner/lib:/home/lhl/nav2_ws/src/install/nav2_smac_planner/lib:/home/lhl/nav2_ws/src/install/nav2_rotation_shim_controller/lib:/home/lhl/nav2_ws/src/install/nav2_regulated_pure_pursuit_controller/lib:/home/lhl/nav2_ws/src/install/nav2_planner/lib:/home/lhl/nav2_ws/src/install/nav2_navfn_planner/lib:/home/lhl/nav2_ws/src/install/nav2_mppi_controller/lib:/home/lhl/nav2_ws/src/install/nav2_constrained_smoother/lib:/home/lhl/nav2_ws/src/install/nav2_bt_navigator/lib:/home/lhl/nav2_ws/src/install/nav2_behaviors/lib:/home/lhl/nav2_ws/src/install/nav2_collision_monitor/lib:/home/lhl/nav2_ws/src/install/costmap_queue/lib:/home/lhl/nav2_ws/src/install/nav2_costmap_2d/lib:/home/lhl/nav2_ws/src/install/nav2_velocity_smoother/lib:/home/lhl/nav2_ws/src/install/nav2_rviz_plugins/lib:/home/lhl/nav2_ws/src/install/nav2_behavior_tree/lib:/home/lhl/nav2_ws/src/install/nav2_amcl/lib:/usr/lib/x86_64-linux-gnu/gazebo-11/plugins:/opt/ros/humble/opt/rviz_ogre_vendor/lib:/opt/ros/humble/lib/x86_64-linux-gnu:/opt/ros/humble/lib /usr/bin/cmake --install /home/lhl/nav2_ws/src/build/nav2_costmap_2d
