[0.026s] Invoking command in '/home/lhl/nav2_ws/build/sam_bot_description': CMAKE_PREFIX_PATH=${CMAKE_PREFIX_PATH}:/home/lhl/nav2_ws/install/nav2_simple_commander:/home/lhl/nav2_ws/src/install/nav2_simple_commander:/opt/ros/humble /usr/bin/cmake --build /home/lhl/nav2_ws/build/sam_bot_description -- -j8 -l8
[0.089s] Invoked command in '/home/lhl/nav2_ws/build/sam_bot_description' returned '0': CMAKE_PREFIX_PATH=${CMAKE_PREFIX_PATH}:/home/lhl/nav2_ws/install/nav2_simple_commander:/home/lhl/nav2_ws/src/install/nav2_simple_commander:/opt/ros/humble /usr/bin/cmake --build /home/lhl/nav2_ws/build/sam_bot_description -- -j8 -l8
[0.156s] Invoking command in '/home/lhl/nav2_ws/build/sam_bot_description': CMAKE_PREFIX_PATH=${CMAKE_PREFIX_PATH}:/home/lhl/nav2_ws/install/nav2_simple_commander:/home/lhl/nav2_ws/src/install/nav2_simple_commander:/opt/ros/humble /usr/bin/cmake --install /home/lhl/nav2_ws/build/sam_bot_description
[0.169s] -- Install configuration: ""
[0.169s] -- Up-to-date: /home/lhl/nav2_ws/install/sam_bot_description/share/sam_bot_description/src
[0.169s] -- Up-to-date: /home/lhl/nav2_ws/install/sam_bot_description/share/sam_bot_description/src/hhh.txt
[0.169s] -- Up-to-date: /home/lhl/nav2_ws/install/sam_bot_description/share/sam_bot_description/src/sam_bot_description.urdf
[0.169s] -- Up-to-date: /home/lhl/nav2_ws/install/sam_bot_description/share/sam_bot_description/launch
[0.170s] -- Up-to-date: /home/lhl/nav2_ws/install/sam_bot_description/share/sam_bot_description/launch/display.launch.py
[0.170s] -- Up-to-date: /home/lhl/nav2_ws/install/sam_bot_description/share/sam_bot_description/rviz
[0.170s] -- Up-to-date: /home/lhl/nav2_ws/install/sam_bot_description/share/sam_bot_description/rviz/urdf_config.rviz
[0.170s] -- Up-to-date: /home/lhl/nav2_ws/install/sam_bot_description/share/sam_bot_description/config
[0.170s] -- Up-to-date: /home/lhl/nav2_ws/install/sam_bot_description/share/sam_bot_description/config/ekf.yaml
[0.170s] -- Installing: /home/lhl/nav2_ws/install/sam_bot_description/share/sam_bot_description/config/nav2_params.yaml
[0.171s] -- Up-to-date: /home/lhl/nav2_ws/install/sam_bot_description/share/sam_bot_description/world
[0.171s] -- Up-to-date: /home/lhl/nav2_ws/install/sam_bot_description/share/sam_bot_description/world/my_world.sdf
[0.171s] -- Up-to-date: /home/lhl/nav2_ws/install/sam_bot_description/share/ament_index/resource_index/package_run_dependencies/sam_bot_description
[0.171s] -- Up-to-date: /home/lhl/nav2_ws/install/sam_bot_description/share/ament_index/resource_index/parent_prefix_path/sam_bot_description
[0.171s] -- Up-to-date: /home/lhl/nav2_ws/install/sam_bot_description/share/sam_bot_description/environment/ament_prefix_path.sh
[0.171s] -- Up-to-date: /home/lhl/nav2_ws/install/sam_bot_description/share/sam_bot_description/environment/ament_prefix_path.dsv
[0.171s] -- Up-to-date: /home/lhl/nav2_ws/install/sam_bot_description/share/sam_bot_description/environment/path.sh
[0.171s] -- Up-to-date: /home/lhl/nav2_ws/install/sam_bot_description/share/sam_bot_description/environment/path.dsv
[0.172s] -- Up-to-date: /home/lhl/nav2_ws/install/sam_bot_description/share/sam_bot_description/local_setup.bash
[0.172s] -- Up-to-date: /home/lhl/nav2_ws/install/sam_bot_description/share/sam_bot_description/local_setup.sh
[0.172s] -- Up-to-date: /home/lhl/nav2_ws/install/sam_bot_description/share/sam_bot_description/local_setup.zsh
[0.174s] -- Up-to-date: /home/lhl/nav2_ws/install/sam_bot_description/share/sam_bot_description/local_setup.dsv
[0.175s] -- Up-to-date: /home/lhl/nav2_ws/install/sam_bot_description/share/sam_bot_description/package.dsv
[0.175s] -- Up-to-date: /home/lhl/nav2_ws/install/sam_bot_description/share/ament_index/resource_index/packages/sam_bot_description
[0.176s] -- Up-to-date: /home/lhl/nav2_ws/install/sam_bot_description/share/sam_bot_description/cmake/sam_bot_descriptionConfig.cmake
[0.176s] -- Up-to-date: /home/lhl/nav2_ws/install/sam_bot_description/share/sam_bot_description/cmake/sam_bot_descriptionConfig-version.cmake
[0.177s] -- Up-to-date: /home/lhl/nav2_ws/install/sam_bot_description/share/sam_bot_description/package.xml
[0.177s] Invoked command in '/home/lhl/nav2_ws/build/sam_bot_description' returned '0': CMAKE_PREFIX_PATH=${CMAKE_PREFIX_PATH}:/home/lhl/nav2_ws/install/nav2_simple_commander:/home/lhl/nav2_ws/src/install/nav2_simple_commander:/opt/ros/humble /usr/bin/cmake --install /home/lhl/nav2_ws/build/sam_bot_description
