[0.088s] Invoking command in '/home/lhl/nav2_ws/src/build/dwb_plugins': AMENT_PREFIX_PATH=/home/lhl/nav2_ws/src/install/dwb_core:/home/lhl/nav2_ws/src/install/nav2_core:/home/lhl/nav2_ws/src/install/nav2_costmap_2d:/home/lhl/nav2_ws/src/install/nav_2d_utils:/home/lhl/nav2_ws/src/install/nav2_util:/home/lhl/nav2_ws/src/install/nav2_voxel_grid:/home/lhl/nav2_ws/src/install/nav2_msgs:/home/lhl/nav2_ws/src/install/dwb_msgs:/home/lhl/nav2_ws/src/install/nav_2d_msgs:/home/lhl/nav2_ws/src/install/nav2_common:${AMENT_PREFIX_PATH} CMAKE_PREFIX_PATH=/home/lhl/nav2_ws/src/install/dwb_core:/home/lhl/nav2_ws/src/install/nav2_core:/home/lhl/nav2_ws/src/install/nav2_costmap_2d:/home/lhl/nav2_ws/src/install/nav_2d_utils:/home/lhl/nav2_ws/src/install/nav2_util:/home/lhl/nav2_ws/src/install/nav2_voxel_grid:/home/lhl/nav2_ws/src/install/nav2_msgs:/home/lhl/nav2_ws/src/install/dwb_msgs:/home/lhl/nav2_ws/src/install/nav_2d_msgs:/home/lhl/nav2_ws/src/install/nav2_common:/opt/ros/humble LD_LIBRARY_PATH=/home/lhl/nav2_ws/src/install/dwb_core/lib:/home/lhl/nav2_ws/src/install/nav2_costmap_2d/lib:/home/lhl/nav2_ws/src/install/nav_2d_utils/lib:/home/lhl/nav2_ws/src/install/nav2_util/lib:/home/lhl/nav2_ws/src/install/nav2_voxel_grid/lib:/home/lhl/nav2_ws/src/install/nav2_msgs/lib:/home/lhl/nav2_ws/src/install/dwb_msgs/lib:/home/lhl/nav2_ws/src/install/nav_2d_msgs/lib:${LD_LIBRARY_PATH} PYTHONPATH=/home/lhl/nav2_ws/src/install/nav2_msgs/local/lib/python3.10/dist-packages:/home/lhl/nav2_ws/src/install/dwb_msgs/local/lib/python3.10/dist-packages:/home/lhl/nav2_ws/src/install/nav_2d_msgs/local/lib/python3.10/dist-packages:/home/lhl/nav2_ws/src/install/nav2_common/local/lib/python3.10/dist-packages:${PYTHONPATH} /usr/bin/cmake --build /home/lhl/nav2_ws/src/build/dwb_plugins -- -j8 -l8
[0.233s] [35m[1mConsolidate compiler generated dependencies of target standard_traj_generator[0m
[0.234s] [35m[1mConsolidate compiler generated dependencies of target gtest[0m
[0.279s] [35m[1mConsolidate compiler generated dependencies of target gtest_main[0m
[0.280s] [ 11%] Built target gtest
[0.310s] [ 23%] Built target gtest_main
[0.328s] [35m[1mConsolidate compiler generated dependencies of target vtest[0m
[0.342s] [ 52%] Built target standard_traj_generator
[0.353s] [ 64%] Built target vtest
[0.366s] [35m[1mConsolidate compiler generated dependencies of target speed_limit_test[0m
[0.370s] [35m[1mConsolidate compiler generated dependencies of target kinematic_parameters_test[0m
[0.398s] [35m[1mConsolidate compiler generated dependencies of target twist_gen_test[0m
[0.443s] [ 76%] Built target speed_limit_test
[0.452s] [ 88%] Built target kinematic_parameters_test
[0.467s] [100%] Built target twist_gen_test
[0.532s] Invoked command in '/home/lhl/nav2_ws/src/build/dwb_plugins' returned '0': AMENT_PREFIX_PATH=/home/lhl/nav2_ws/src/install/dwb_core:/home/lhl/nav2_ws/src/install/nav2_core:/home/lhl/nav2_ws/src/install/nav2_costmap_2d:/home/lhl/nav2_ws/src/install/nav_2d_utils:/home/lhl/nav2_ws/src/install/nav2_util:/home/lhl/nav2_ws/src/install/nav2_voxel_grid:/home/lhl/nav2_ws/src/install/nav2_msgs:/home/lhl/nav2_ws/src/install/dwb_msgs:/home/lhl/nav2_ws/src/install/nav_2d_msgs:/home/lhl/nav2_ws/src/install/nav2_common:${AMENT_PREFIX_PATH} CMAKE_PREFIX_PATH=/home/lhl/nav2_ws/src/install/dwb_core:/home/lhl/nav2_ws/src/install/nav2_core:/home/lhl/nav2_ws/src/install/nav2_costmap_2d:/home/lhl/nav2_ws/src/install/nav_2d_utils:/home/lhl/nav2_ws/src/install/nav2_util:/home/lhl/nav2_ws/src/install/nav2_voxel_grid:/home/lhl/nav2_ws/src/install/nav2_msgs:/home/lhl/nav2_ws/src/install/dwb_msgs:/home/lhl/nav2_ws/src/install/nav_2d_msgs:/home/lhl/nav2_ws/src/install/nav2_common:/opt/ros/humble LD_LIBRARY_PATH=/home/lhl/nav2_ws/src/install/dwb_core/lib:/home/lhl/nav2_ws/src/install/nav2_costmap_2d/lib:/home/lhl/nav2_ws/src/install/nav_2d_utils/lib:/home/lhl/nav2_ws/src/install/nav2_util/lib:/home/lhl/nav2_ws/src/install/nav2_voxel_grid/lib:/home/lhl/nav2_ws/src/install/nav2_msgs/lib:/home/lhl/nav2_ws/src/install/dwb_msgs/lib:/home/lhl/nav2_ws/src/install/nav_2d_msgs/lib:${LD_LIBRARY_PATH} PYTHONPATH=/home/lhl/nav2_ws/src/install/nav2_msgs/local/lib/python3.10/dist-packages:/home/lhl/nav2_ws/src/install/dwb_msgs/local/lib/python3.10/dist-packages:/home/lhl/nav2_ws/src/install/nav_2d_msgs/local/lib/python3.10/dist-packages:/home/lhl/nav2_ws/src/install/nav2_common/local/lib/python3.10/dist-packages:${PYTHONPATH} /usr/bin/cmake --build /home/lhl/nav2_ws/src/build/dwb_plugins -- -j8 -l8
[0.677s] Invoking command in '/home/lhl/nav2_ws/src/build/dwb_plugins': AMENT_PREFIX_PATH=/home/lhl/nav2_ws/src/install/dwb_core:/home/lhl/nav2_ws/src/install/nav2_core:/home/lhl/nav2_ws/src/install/nav2_costmap_2d:/home/lhl/nav2_ws/src/install/nav_2d_utils:/home/lhl/nav2_ws/src/install/nav2_util:/home/lhl/nav2_ws/src/install/nav2_voxel_grid:/home/lhl/nav2_ws/src/install/nav2_msgs:/home/lhl/nav2_ws/src/install/dwb_msgs:/home/lhl/nav2_ws/src/install/nav_2d_msgs:/home/lhl/nav2_ws/src/install/nav2_common:${AMENT_PREFIX_PATH} CMAKE_PREFIX_PATH=/home/lhl/nav2_ws/src/install/dwb_core:/home/lhl/nav2_ws/src/install/nav2_core:/home/lhl/nav2_ws/src/install/nav2_costmap_2d:/home/lhl/nav2_ws/src/install/nav_2d_utils:/home/lhl/nav2_ws/src/install/nav2_util:/home/lhl/nav2_ws/src/install/nav2_voxel_grid:/home/lhl/nav2_ws/src/install/nav2_msgs:/home/lhl/nav2_ws/src/install/dwb_msgs:/home/lhl/nav2_ws/src/install/nav_2d_msgs:/home/lhl/nav2_ws/src/install/nav2_common:/opt/ros/humble LD_LIBRARY_PATH=/home/lhl/nav2_ws/src/install/dwb_core/lib:/home/lhl/nav2_ws/src/install/nav2_costmap_2d/lib:/home/lhl/nav2_ws/src/install/nav_2d_utils/lib:/home/lhl/nav2_ws/src/install/nav2_util/lib:/home/lhl/nav2_ws/src/install/nav2_voxel_grid/lib:/home/lhl/nav2_ws/src/install/nav2_msgs/lib:/home/lhl/nav2_ws/src/install/dwb_msgs/lib:/home/lhl/nav2_ws/src/install/nav_2d_msgs/lib:${LD_LIBRARY_PATH} PYTHONPATH=/home/lhl/nav2_ws/src/install/nav2_msgs/local/lib/python3.10/dist-packages:/home/lhl/nav2_ws/src/install/dwb_msgs/local/lib/python3.10/dist-packages:/home/lhl/nav2_ws/src/install/nav_2d_msgs/local/lib/python3.10/dist-packages:/home/lhl/nav2_ws/src/install/nav2_common/local/lib/python3.10/dist-packages:${PYTHONPATH} /usr/bin/cmake --install /home/lhl/nav2_ws/src/build/dwb_plugins
[0.710s] -- Install configuration: "Release"
[0.710s] -- Up-to-date: /home/lhl/nav2_ws/src/install/dwb_plugins/lib/libstandard_traj_generator.so
[0.710s] -- Up-to-date: /home/lhl/nav2_ws/src/install/dwb_plugins/include/
[0.710s] -- Up-to-date: /home/lhl/nav2_ws/src/install/dwb_plugins/include//dwb_plugins
[0.710s] -- Up-to-date: /home/lhl/nav2_ws/src/install/dwb_plugins/include//dwb_plugins/kinematic_parameters.hpp
[0.711s] -- Up-to-date: /home/lhl/nav2_ws/src/install/dwb_plugins/include//dwb_plugins/standard_traj_generator.hpp
[0.711s] -- Up-to-date: /home/lhl/nav2_ws/src/install/dwb_plugins/include//dwb_plugins/limited_accel_generator.hpp
[0.711s] -- Up-to-date: /home/lhl/nav2_ws/src/install/dwb_plugins/include//dwb_plugins/velocity_iterator.hpp
[0.711s] -- Up-to-date: /home/lhl/nav2_ws/src/install/dwb_plugins/include//dwb_plugins/one_d_velocity_iterator.hpp
[0.711s] -- Up-to-date: /home/lhl/nav2_ws/src/install/dwb_plugins/include//dwb_plugins/xy_theta_iterator.hpp
[0.711s] -- Up-to-date: /home/lhl/nav2_ws/src/install/dwb_plugins/share/dwb_plugins/plugins.xml
[0.714s] -- Up-to-date: /home/lhl/nav2_ws/src/install/dwb_plugins/share/dwb_plugins/environment/library_path.sh
[0.714s] -- Up-to-date: /home/lhl/nav2_ws/src/install/dwb_plugins/share/dwb_plugins/environment/library_path.dsv
[0.715s] -- Up-to-date: /home/lhl/nav2_ws/src/install/dwb_plugins/share/dwb_plugins/plugins.xml
[0.715s] -- Up-to-date: /home/lhl/nav2_ws/src/install/dwb_plugins/share/ament_index/resource_index/package_run_dependencies/dwb_plugins
[0.715s] -- Up-to-date: /home/lhl/nav2_ws/src/install/dwb_plugins/share/ament_index/resource_index/parent_prefix_path/dwb_plugins
[0.715s] -- Up-to-date: /home/lhl/nav2_ws/src/install/dwb_plugins/share/dwb_plugins/environment/ament_prefix_path.sh
[0.716s] -- Up-to-date: /home/lhl/nav2_ws/src/install/dwb_plugins/share/dwb_plugins/environment/ament_prefix_path.dsv
[0.716s] -- Up-to-date: /home/lhl/nav2_ws/src/install/dwb_plugins/share/dwb_plugins/environment/path.sh
[0.716s] -- Up-to-date: /home/lhl/nav2_ws/src/install/dwb_plugins/share/dwb_plugins/environment/path.dsv
[0.716s] -- Up-to-date: /home/lhl/nav2_ws/src/install/dwb_plugins/share/dwb_plugins/local_setup.bash
[0.717s] -- Up-to-date: /home/lhl/nav2_ws/src/install/dwb_plugins/share/dwb_plugins/local_setup.sh
[0.717s] -- Up-to-date: /home/lhl/nav2_ws/src/install/dwb_plugins/share/dwb_plugins/local_setup.zsh
[0.717s] -- Up-to-date: /home/lhl/nav2_ws/src/install/dwb_plugins/share/dwb_plugins/local_setup.dsv
[0.717s] -- Installing: /home/lhl/nav2_ws/src/install/dwb_plugins/share/dwb_plugins/package.dsv
[0.718s] -- Up-to-date: /home/lhl/nav2_ws/src/install/dwb_plugins/share/ament_index/resource_index/packages/dwb_plugins
[0.720s] -- Up-to-date: /home/lhl/nav2_ws/src/install/dwb_plugins/share/ament_index/resource_index/dwb_core__pluginlib__plugin/dwb_plugins
[0.720s] -- Up-to-date: /home/lhl/nav2_ws/src/install/dwb_plugins/share/dwb_plugins/cmake/ament_cmake_export_include_directories-extras.cmake
[0.720s] -- Up-to-date: /home/lhl/nav2_ws/src/install/dwb_plugins/share/dwb_plugins/cmake/ament_cmake_export_libraries-extras.cmake
[0.721s] -- Up-to-date: /home/lhl/nav2_ws/src/install/dwb_plugins/share/dwb_plugins/cmake/dwb_pluginsConfig.cmake
[0.721s] -- Up-to-date: /home/lhl/nav2_ws/src/install/dwb_plugins/share/dwb_plugins/cmake/dwb_pluginsConfig-version.cmake
[0.721s] -- Up-to-date: /home/lhl/nav2_ws/src/install/dwb_plugins/share/dwb_plugins/package.xml
[0.741s] Invoked command in '/home/lhl/nav2_ws/src/build/dwb_plugins' returned '0': AMENT_PREFIX_PATH=/home/lhl/nav2_ws/src/install/dwb_core:/home/lhl/nav2_ws/src/install/nav2_core:/home/lhl/nav2_ws/src/install/nav2_costmap_2d:/home/lhl/nav2_ws/src/install/nav_2d_utils:/home/lhl/nav2_ws/src/install/nav2_util:/home/lhl/nav2_ws/src/install/nav2_voxel_grid:/home/lhl/nav2_ws/src/install/nav2_msgs:/home/lhl/nav2_ws/src/install/dwb_msgs:/home/lhl/nav2_ws/src/install/nav_2d_msgs:/home/lhl/nav2_ws/src/install/nav2_common:${AMENT_PREFIX_PATH} CMAKE_PREFIX_PATH=/home/lhl/nav2_ws/src/install/dwb_core:/home/lhl/nav2_ws/src/install/nav2_core:/home/lhl/nav2_ws/src/install/nav2_costmap_2d:/home/lhl/nav2_ws/src/install/nav_2d_utils:/home/lhl/nav2_ws/src/install/nav2_util:/home/lhl/nav2_ws/src/install/nav2_voxel_grid:/home/lhl/nav2_ws/src/install/nav2_msgs:/home/lhl/nav2_ws/src/install/dwb_msgs:/home/lhl/nav2_ws/src/install/nav_2d_msgs:/home/lhl/nav2_ws/src/install/nav2_common:/opt/ros/humble LD_LIBRARY_PATH=/home/lhl/nav2_ws/src/install/dwb_core/lib:/home/lhl/nav2_ws/src/install/nav2_costmap_2d/lib:/home/lhl/nav2_ws/src/install/nav_2d_utils/lib:/home/lhl/nav2_ws/src/install/nav2_util/lib:/home/lhl/nav2_ws/src/install/nav2_voxel_grid/lib:/home/lhl/nav2_ws/src/install/nav2_msgs/lib:/home/lhl/nav2_ws/src/install/dwb_msgs/lib:/home/lhl/nav2_ws/src/install/nav_2d_msgs/lib:${LD_LIBRARY_PATH} PYTHONPATH=/home/lhl/nav2_ws/src/install/nav2_msgs/local/lib/python3.10/dist-packages:/home/lhl/nav2_ws/src/install/dwb_msgs/local/lib/python3.10/dist-packages:/home/lhl/nav2_ws/src/install/nav_2d_msgs/local/lib/python3.10/dist-packages:/home/lhl/nav2_ws/src/install/nav2_common/local/lib/python3.10/dist-packages:${PYTHONPATH} /usr/bin/cmake --install /home/lhl/nav2_ws/src/build/dwb_plugins
