[0.085s] Invoking command in '/home/lhl/nav2_ws/build/dwb_plugins': AMENT_PREFIX_PATH=/home/lhl/nav2_ws/install/dwb_core:/home/lhl/nav2_ws/install/nav2_core:/home/lhl/nav2_ws/install/nav2_costmap_2d:/home/lhl/nav2_ws/install/nav_2d_utils:/home/lhl/nav2_ws/install/nav2_util:/home/lhl/nav2_ws/install/nav2_voxel_grid:/home/lhl/nav2_ws/install/nav2_msgs:/home/lhl/nav2_ws/install/dwb_msgs:/home/lhl/nav2_ws/install/nav_2d_msgs:/home/lhl/nav2_ws/install/nav2_common:${AMENT_PREFIX_PATH} CMAKE_PREFIX_PATH=/home/lhl/nav2_ws/install/dwb_core:/home/lhl/nav2_ws/install/nav2_core:/home/lhl/nav2_ws/install/nav2_costmap_2d:/home/lhl/nav2_ws/install/nav_2d_utils:/home/lhl/nav2_ws/install/nav2_util:/home/lhl/nav2_ws/install/nav2_voxel_grid:/home/lhl/nav2_ws/install/nav2_msgs:/home/lhl/nav2_ws/install/dwb_msgs:/home/lhl/nav2_ws/install/nav_2d_msgs:/home/lhl/nav2_ws/install/nav2_common:/opt/ros/humble LD_LIBRARY_PATH=/home/lhl/nav2_ws/install/dwb_core/lib:/home/lhl/nav2_ws/install/nav2_costmap_2d/lib:/home/lhl/nav2_ws/install/nav_2d_utils/lib:/home/lhl/nav2_ws/install/nav2_util/lib:/home/lhl/nav2_ws/install/nav2_voxel_grid/lib:/home/lhl/nav2_ws/install/nav2_msgs/lib:/home/lhl/nav2_ws/install/dwb_msgs/lib:/home/lhl/nav2_ws/install/nav_2d_msgs/lib:${LD_LIBRARY_PATH} PYTHONPATH=/home/lhl/nav2_ws/install/nav2_msgs/local/lib/python3.10/dist-packages:/home/lhl/nav2_ws/install/dwb_msgs/local/lib/python3.10/dist-packages:/home/lhl/nav2_ws/install/nav_2d_msgs/local/lib/python3.10/dist-packages:/home/lhl/nav2_ws/install/nav2_common/local/lib/python3.10/dist-packages:${PYTHONPATH} /usr/bin/cmake /home/lhl/nav2_ws/src/navigation2/nav2_dwb_controller/dwb_plugins -DAMENT_CMAKE_SYMLINK_INSTALL=1 -DCMAKE_INSTALL_PREFIX=/home/lhl/nav2_ws/install/dwb_plugins
[27.085s] -- The C compiler identification is GNU 11.3.0
[27.085s] -- The CXX compiler identification is GNU 11.3.0
[27.086s] -- Detecting C compiler ABI info
[27.087s] -- Detecting C compiler ABI info - done
[27.087s] -- Check for working C compiler: /usr/bin/cc - skipped
[27.090s] -- Detecting C compile features
[27.090s] -- Detecting C compile features - done
[27.090s] -- Detecting CXX compiler ABI info
[27.090s] -- Detecting CXX compiler ABI info - done
[27.090s] -- Check for working CXX compiler: /usr/bin/c++ - skipped
[27.090s] -- Detecting CXX compile features
[27.091s] -- Detecting CXX compile features - done
[27.091s] -- Found ament_cmake: 1.3.4 (/opt/ros/humble/share/ament_cmake/cmake)
[27.091s] -- Found Python3: /usr/bin/python3.10 (found version "3.10.6") found components: Interpreter 
[27.091s] -- Override CMake install command with custom implementation using symlinks instead of copying resources
[27.091s] -- Found nav2_common: 1.1.6 (/home/lhl/nav2_ws/install/nav2_common/share/nav2_common/cmake)
[27.091s] -- Found angles: 1.15.0 (/opt/ros/humble/share/angles/cmake)
[27.091s] -- Found dwb_core: 1.1.6 (/home/lhl/nav2_ws/install/dwb_core/share/dwb_core/cmake)
[27.091s] -- Found rosidl_generator_c: 3.1.4 (/opt/ros/humble/share/rosidl_generator_c/cmake)
[27.091s] -- Found rosidl_adapter: 3.1.4 (/opt/ros/humble/share/rosidl_adapter/cmake)
[27.091s] -- Found rosidl_generator_cpp: 3.1.4 (/opt/ros/humble/share/rosidl_generator_cpp/cmake)
[27.091s] -- Using all available rosidl_typesupport_c: rosidl_typesupport_fastrtps_c;rosidl_typesupport_introspection_c
[27.091s] -- Using all available rosidl_typesupport_cpp: rosidl_typesupport_fastrtps_cpp;rosidl_typesupport_introspection_cpp
[27.091s] -- Found rmw_implementation_cmake: 6.1.1 (/opt/ros/humble/share/rmw_implementation_cmake/cmake)
[27.092s] -- Found rmw_fastrtps_cpp: 6.2.2 (/opt/ros/humble/share/rmw_fastrtps_cpp/cmake)
[27.092s] -- Found OpenSSL: /usr/lib/x86_64-linux-gnu/libcrypto.so (found version "3.0.2")  
[27.092s] -- Found FastRTPS: /opt/ros/humble/include  
[27.092s] -- Using RMW implementation 'rmw_fastrtps_cpp' as default
[27.092s] -- Looking for pthread.h
[27.092s] -- Looking for pthread.h - found
[27.092s] -- Performing Test CMAKE_HAVE_LIBC_PTHREAD
[27.092s] -- Performing Test CMAKE_HAVE_LIBC_PTHREAD - Success
[27.092s] -- Found Threads: TRUE  
[27.092s] -- Found Eigen3: TRUE (found version "3.4.0") 
[27.092s] -- Ensuring Eigen3 include directory is part of orocos-kdl CMake target
[27.092s] -- Setting build type to Release as none was specified.
[27.093s] -- Found ament_lint_auto: 0.12.6 (/opt/ros/humble/share/ament_lint_auto/cmake)
[27.093s] -- Found gtest sources under '/opt/ros/humble/src/gtest_vendor': C++ tests using 'Google Test' will be built
[27.093s] -- Added test 'cppcheck' to perform static code analysis on C / C++ code
[27.093s] -- Configured cppcheck include dirs: /home/lhl/nav2_ws/src/navigation2/nav2_dwb_controller/dwb_plugins/include
[27.093s] -- Configured cppcheck exclude dirs and/or files: 
[27.093s] -- Added test 'cpplint' to check C / C++ code against the Google style
[27.093s] -- Configured cpplint exclude dirs and/or files: 
[27.093s] -- Added test 'lint_cmake' to check CMake code style
[27.093s] -- Added test 'uncrustify' to check C / C++ code style
[27.093s] -- Configured uncrustify additional arguments: 
[27.093s] -- Added test 'xmllint' to check XML markup files
[27.094s] -- Configuring done
[27.094s] -- Generating done
[27.094s] -- Build files have been written to: /home/lhl/nav2_ws/build/dwb_plugins
[27.101s] Invoked command in '/home/lhl/nav2_ws/build/dwb_plugins' returned '0': AMENT_PREFIX_PATH=/home/lhl/nav2_ws/install/dwb_core:/home/lhl/nav2_ws/install/nav2_core:/home/lhl/nav2_ws/install/nav2_costmap_2d:/home/lhl/nav2_ws/install/nav_2d_utils:/home/lhl/nav2_ws/install/nav2_util:/home/lhl/nav2_ws/install/nav2_voxel_grid:/home/lhl/nav2_ws/install/nav2_msgs:/home/lhl/nav2_ws/install/dwb_msgs:/home/lhl/nav2_ws/install/nav_2d_msgs:/home/lhl/nav2_ws/install/nav2_common:${AMENT_PREFIX_PATH} CMAKE_PREFIX_PATH=/home/lhl/nav2_ws/install/dwb_core:/home/lhl/nav2_ws/install/nav2_core:/home/lhl/nav2_ws/install/nav2_costmap_2d:/home/lhl/nav2_ws/install/nav_2d_utils:/home/lhl/nav2_ws/install/nav2_util:/home/lhl/nav2_ws/install/nav2_voxel_grid:/home/lhl/nav2_ws/install/nav2_msgs:/home/lhl/nav2_ws/install/dwb_msgs:/home/lhl/nav2_ws/install/nav_2d_msgs:/home/lhl/nav2_ws/install/nav2_common:/opt/ros/humble LD_LIBRARY_PATH=/home/lhl/nav2_ws/install/dwb_core/lib:/home/lhl/nav2_ws/install/nav2_costmap_2d/lib:/home/lhl/nav2_ws/install/nav_2d_utils/lib:/home/lhl/nav2_ws/install/nav2_util/lib:/home/lhl/nav2_ws/install/nav2_voxel_grid/lib:/home/lhl/nav2_ws/install/nav2_msgs/lib:/home/lhl/nav2_ws/install/dwb_msgs/lib:/home/lhl/nav2_ws/install/nav_2d_msgs/lib:${LD_LIBRARY_PATH} PYTHONPATH=/home/lhl/nav2_ws/install/nav2_msgs/local/lib/python3.10/dist-packages:/home/lhl/nav2_ws/install/dwb_msgs/local/lib/python3.10/dist-packages:/home/lhl/nav2_ws/install/nav_2d_msgs/local/lib/python3.10/dist-packages:/home/lhl/nav2_ws/install/nav2_common/local/lib/python3.10/dist-packages:${PYTHONPATH} /usr/bin/cmake /home/lhl/nav2_ws/src/navigation2/nav2_dwb_controller/dwb_plugins -DAMENT_CMAKE_SYMLINK_INSTALL=1 -DCMAKE_INSTALL_PREFIX=/home/lhl/nav2_ws/install/dwb_plugins
[27.102s] Invoking command in '/home/lhl/nav2_ws/build/dwb_plugins': AMENT_PREFIX_PATH=/home/lhl/nav2_ws/install/dwb_core:/home/lhl/nav2_ws/install/nav2_core:/home/lhl/nav2_ws/install/nav2_costmap_2d:/home/lhl/nav2_ws/install/nav_2d_utils:/home/lhl/nav2_ws/install/nav2_util:/home/lhl/nav2_ws/install/nav2_voxel_grid:/home/lhl/nav2_ws/install/nav2_msgs:/home/lhl/nav2_ws/install/dwb_msgs:/home/lhl/nav2_ws/install/nav_2d_msgs:/home/lhl/nav2_ws/install/nav2_common:${AMENT_PREFIX_PATH} CMAKE_PREFIX_PATH=/home/lhl/nav2_ws/install/dwb_core:/home/lhl/nav2_ws/install/nav2_core:/home/lhl/nav2_ws/install/nav2_costmap_2d:/home/lhl/nav2_ws/install/nav_2d_utils:/home/lhl/nav2_ws/install/nav2_util:/home/lhl/nav2_ws/install/nav2_voxel_grid:/home/lhl/nav2_ws/install/nav2_msgs:/home/lhl/nav2_ws/install/dwb_msgs:/home/lhl/nav2_ws/install/nav_2d_msgs:/home/lhl/nav2_ws/install/nav2_common:/opt/ros/humble LD_LIBRARY_PATH=/home/lhl/nav2_ws/install/dwb_core/lib:/home/lhl/nav2_ws/install/nav2_costmap_2d/lib:/home/lhl/nav2_ws/install/nav_2d_utils/lib:/home/lhl/nav2_ws/install/nav2_util/lib:/home/lhl/nav2_ws/install/nav2_voxel_grid/lib:/home/lhl/nav2_ws/install/nav2_msgs/lib:/home/lhl/nav2_ws/install/dwb_msgs/lib:/home/lhl/nav2_ws/install/nav_2d_msgs/lib:${LD_LIBRARY_PATH} PYTHONPATH=/home/lhl/nav2_ws/install/nav2_msgs/local/lib/python3.10/dist-packages:/home/lhl/nav2_ws/install/dwb_msgs/local/lib/python3.10/dist-packages:/home/lhl/nav2_ws/install/nav_2d_msgs/local/lib/python3.10/dist-packages:/home/lhl/nav2_ws/install/nav2_common/local/lib/python3.10/dist-packages:${PYTHONPATH} /usr/bin/cmake --build /home/lhl/nav2_ws/build/dwb_plugins -- -j8 -l8
[32.255s] [  5%] [32mBuilding CXX object CMakeFiles/standard_traj_generator.dir/src/standard_traj_generator.cpp.o[0m
[34.810s] [ 11%] [32mBuilding CXX object CMakeFiles/standard_traj_generator.dir/src/xy_theta_iterator.cpp.o[0m
[40.564s] [ 17%] [32mBuilding CXX object CMakeFiles/standard_traj_generator.dir/src/kinematic_parameters.cpp.o[0m
[47.405s] [ 23%] [32mBuilding CXX object CMakeFiles/standard_traj_generator.dir/src/limited_accel_generator.cpp.o[0m
[53.570s] [ 29%] [32m[1mLinking CXX shared library libstandard_traj_generator.so[0m
[53.981s] [ 29%] Built target standard_traj_generator
[54.014s] [ 35%] [32mBuilding CXX object gtest/CMakeFiles/gtest.dir/src/gtest-all.cc.o[0m
[67.837s] [ 41%] [32m[1mLinking CXX static library libgtest.a[0m
[67.902s] [ 41%] Built target gtest
[67.935s] [ 47%] [32mBuilding CXX object gtest/CMakeFiles/gtest_main.dir/src/gtest_main.cc.o[0m
[69.575s] [ 52%] [32m[1mLinking CXX static library libgtest_main.a[0m
[69.621s] [ 52%] Built target gtest_main
[69.652s] [ 58%] [32mBuilding CXX object test/CMakeFiles/vtest.dir/velocity_iterator_test.cpp.o[0m
[71.969s] [ 64%] [32m[1mLinking CXX executable vtest[0m
[72.139s] [ 64%] Built target vtest
[72.177s] [ 70%] [32mBuilding CXX object test/CMakeFiles/speed_limit_test.dir/speed_limit_test.cpp.o[0m
[80.451s] [ 76%] [32m[1mLinking CXX executable speed_limit_test[0m
[80.904s] [ 76%] Built target speed_limit_test
[80.944s] [ 82%] [32mBuilding CXX object test/CMakeFiles/kinematic_parameters_test.dir/kinematic_parameters_test.cpp.o[0m
[88.487s] [ 88%] [32m[1mLinking CXX executable kinematic_parameters_test[0m
[88.963s] [ 88%] Built target kinematic_parameters_test
[89.018s] [ 94%] [32mBuilding CXX object test/CMakeFiles/twist_gen_test.dir/twist_gen.cpp.o[0m
[98.631s] [100%] [32m[1mLinking CXX executable twist_gen_test[0m
[98.991s] [100%] Built target twist_gen_test
[99.004s] Invoked command in '/home/lhl/nav2_ws/build/dwb_plugins' returned '0': AMENT_PREFIX_PATH=/home/lhl/nav2_ws/install/dwb_core:/home/lhl/nav2_ws/install/nav2_core:/home/lhl/nav2_ws/install/nav2_costmap_2d:/home/lhl/nav2_ws/install/nav_2d_utils:/home/lhl/nav2_ws/install/nav2_util:/home/lhl/nav2_ws/install/nav2_voxel_grid:/home/lhl/nav2_ws/install/nav2_msgs:/home/lhl/nav2_ws/install/dwb_msgs:/home/lhl/nav2_ws/install/nav_2d_msgs:/home/lhl/nav2_ws/install/nav2_common:${AMENT_PREFIX_PATH} CMAKE_PREFIX_PATH=/home/lhl/nav2_ws/install/dwb_core:/home/lhl/nav2_ws/install/nav2_core:/home/lhl/nav2_ws/install/nav2_costmap_2d:/home/lhl/nav2_ws/install/nav_2d_utils:/home/lhl/nav2_ws/install/nav2_util:/home/lhl/nav2_ws/install/nav2_voxel_grid:/home/lhl/nav2_ws/install/nav2_msgs:/home/lhl/nav2_ws/install/dwb_msgs:/home/lhl/nav2_ws/install/nav_2d_msgs:/home/lhl/nav2_ws/install/nav2_common:/opt/ros/humble LD_LIBRARY_PATH=/home/lhl/nav2_ws/install/dwb_core/lib:/home/lhl/nav2_ws/install/nav2_costmap_2d/lib:/home/lhl/nav2_ws/install/nav_2d_utils/lib:/home/lhl/nav2_ws/install/nav2_util/lib:/home/lhl/nav2_ws/install/nav2_voxel_grid/lib:/home/lhl/nav2_ws/install/nav2_msgs/lib:/home/lhl/nav2_ws/install/dwb_msgs/lib:/home/lhl/nav2_ws/install/nav_2d_msgs/lib:${LD_LIBRARY_PATH} PYTHONPATH=/home/lhl/nav2_ws/install/nav2_msgs/local/lib/python3.10/dist-packages:/home/lhl/nav2_ws/install/dwb_msgs/local/lib/python3.10/dist-packages:/home/lhl/nav2_ws/install/nav_2d_msgs/local/lib/python3.10/dist-packages:/home/lhl/nav2_ws/install/nav2_common/local/lib/python3.10/dist-packages:${PYTHONPATH} /usr/bin/cmake --build /home/lhl/nav2_ws/build/dwb_plugins -- -j8 -l8
[99.075s] Invoking command in '/home/lhl/nav2_ws/build/dwb_plugins': AMENT_PREFIX_PATH=/home/lhl/nav2_ws/install/dwb_core:/home/lhl/nav2_ws/install/nav2_core:/home/lhl/nav2_ws/install/nav2_costmap_2d:/home/lhl/nav2_ws/install/nav_2d_utils:/home/lhl/nav2_ws/install/nav2_util:/home/lhl/nav2_ws/install/nav2_voxel_grid:/home/lhl/nav2_ws/install/nav2_msgs:/home/lhl/nav2_ws/install/dwb_msgs:/home/lhl/nav2_ws/install/nav_2d_msgs:/home/lhl/nav2_ws/install/nav2_common:${AMENT_PREFIX_PATH} CMAKE_PREFIX_PATH=/home/lhl/nav2_ws/install/dwb_core:/home/lhl/nav2_ws/install/nav2_core:/home/lhl/nav2_ws/install/nav2_costmap_2d:/home/lhl/nav2_ws/install/nav_2d_utils:/home/lhl/nav2_ws/install/nav2_util:/home/lhl/nav2_ws/install/nav2_voxel_grid:/home/lhl/nav2_ws/install/nav2_msgs:/home/lhl/nav2_ws/install/dwb_msgs:/home/lhl/nav2_ws/install/nav_2d_msgs:/home/lhl/nav2_ws/install/nav2_common:/opt/ros/humble LD_LIBRARY_PATH=/home/lhl/nav2_ws/install/dwb_core/lib:/home/lhl/nav2_ws/install/nav2_costmap_2d/lib:/home/lhl/nav2_ws/install/nav_2d_utils/lib:/home/lhl/nav2_ws/install/nav2_util/lib:/home/lhl/nav2_ws/install/nav2_voxel_grid/lib:/home/lhl/nav2_ws/install/nav2_msgs/lib:/home/lhl/nav2_ws/install/dwb_msgs/lib:/home/lhl/nav2_ws/install/nav_2d_msgs/lib:${LD_LIBRARY_PATH} PYTHONPATH=/home/lhl/nav2_ws/install/nav2_msgs/local/lib/python3.10/dist-packages:/home/lhl/nav2_ws/install/dwb_msgs/local/lib/python3.10/dist-packages:/home/lhl/nav2_ws/install/nav_2d_msgs/local/lib/python3.10/dist-packages:/home/lhl/nav2_ws/install/nav2_common/local/lib/python3.10/dist-packages:${PYTHONPATH} /usr/bin/cmake --install /home/lhl/nav2_ws/build/dwb_plugins
[99.085s] -- Install configuration: "Release"
[99.086s] -- Execute custom install script
[99.087s] -- Symlinking: /home/lhl/nav2_ws/install/dwb_plugins/lib/libstandard_traj_generator.so
[99.103s] -- Symlinking: /home/lhl/nav2_ws/install/dwb_plugins/include//dwb_plugins/kinematic_parameters.hpp
[99.122s] -- Symlinking: /home/lhl/nav2_ws/install/dwb_plugins/include//dwb_plugins/limited_accel_generator.hpp
[99.132s] -- Symlinking: /home/lhl/nav2_ws/install/dwb_plugins/include//dwb_plugins/one_d_velocity_iterator.hpp
[99.147s] -- Symlinking: /home/lhl/nav2_ws/install/dwb_plugins/include//dwb_plugins/standard_traj_generator.hpp
[99.162s] -- Symlinking: /home/lhl/nav2_ws/install/dwb_plugins/include//dwb_plugins/velocity_iterator.hpp
[99.173s] -- Symlinking: /home/lhl/nav2_ws/install/dwb_plugins/include//dwb_plugins/xy_theta_iterator.hpp
[99.187s] -- Symlinking: /home/lhl/nav2_ws/install/dwb_plugins/share/dwb_plugins/plugins.xml
[99.200s] -- Symlinking: /home/lhl/nav2_ws/install/dwb_plugins/share/dwb_plugins/environment/library_path.sh
[99.215s] -- Symlinking: /home/lhl/nav2_ws/install/dwb_plugins/share/dwb_plugins/environment/library_path.dsv
[99.229s] -- Up-to-date symlink: /home/lhl/nav2_ws/install/dwb_plugins/share/dwb_plugins//plugins.xml
[99.230s] -- Symlinking: /home/lhl/nav2_ws/install/dwb_plugins/share/ament_index/resource_index/package_run_dependencies/dwb_plugins
[99.248s] -- Symlinking: /home/lhl/nav2_ws/install/dwb_plugins/share/ament_index/resource_index/parent_prefix_path/dwb_plugins
[99.265s] -- Symlinking: /home/lhl/nav2_ws/install/dwb_plugins/share/dwb_plugins/environment/ament_prefix_path.sh
[99.289s] -- Symlinking: /home/lhl/nav2_ws/install/dwb_plugins/share/dwb_plugins/environment/ament_prefix_path.dsv
[99.306s] -- Symlinking: /home/lhl/nav2_ws/install/dwb_plugins/share/dwb_plugins/environment/path.sh
[99.319s] -- Symlinking: /home/lhl/nav2_ws/install/dwb_plugins/share/dwb_plugins/environment/path.dsv
[99.342s] -- Symlinking: /home/lhl/nav2_ws/install/dwb_plugins/share/dwb_plugins/local_setup.bash
[99.356s] -- Symlinking: /home/lhl/nav2_ws/install/dwb_plugins/share/dwb_plugins/local_setup.sh
[99.374s] -- Symlinking: /home/lhl/nav2_ws/install/dwb_plugins/share/dwb_plugins/local_setup.zsh
[99.394s] -- Symlinking: /home/lhl/nav2_ws/install/dwb_plugins/share/dwb_plugins/local_setup.dsv
[99.401s] -- Symlinking: /home/lhl/nav2_ws/install/dwb_plugins/share/dwb_plugins/package.dsv
[99.415s] -- Symlinking: /home/lhl/nav2_ws/install/dwb_plugins/share/ament_index/resource_index/packages/dwb_plugins
[99.429s] -- Symlinking: /home/lhl/nav2_ws/install/dwb_plugins/share/ament_index/resource_index/dwb_core__pluginlib__plugin/dwb_plugins
[99.442s] -- Symlinking: /home/lhl/nav2_ws/install/dwb_plugins/share/dwb_plugins/cmake/ament_cmake_export_include_directories-extras.cmake
[99.456s] -- Symlinking: /home/lhl/nav2_ws/install/dwb_plugins/share/dwb_plugins/cmake/ament_cmake_export_libraries-extras.cmake
[99.471s] -- Symlinking: /home/lhl/nav2_ws/install/dwb_plugins/share/dwb_plugins/cmake/dwb_pluginsConfig.cmake
[99.488s] -- Symlinking: /home/lhl/nav2_ws/install/dwb_plugins/share/dwb_plugins/cmake/dwb_pluginsConfig-version.cmake
[99.505s] -- Symlinking: /home/lhl/nav2_ws/install/dwb_plugins/share/dwb_plugins/package.xml
[99.530s] Invoked command in '/home/lhl/nav2_ws/build/dwb_plugins' returned '0': AMENT_PREFIX_PATH=/home/lhl/nav2_ws/install/dwb_core:/home/lhl/nav2_ws/install/nav2_core:/home/lhl/nav2_ws/install/nav2_costmap_2d:/home/lhl/nav2_ws/install/nav_2d_utils:/home/lhl/nav2_ws/install/nav2_util:/home/lhl/nav2_ws/install/nav2_voxel_grid:/home/lhl/nav2_ws/install/nav2_msgs:/home/lhl/nav2_ws/install/dwb_msgs:/home/lhl/nav2_ws/install/nav_2d_msgs:/home/lhl/nav2_ws/install/nav2_common:${AMENT_PREFIX_PATH} CMAKE_PREFIX_PATH=/home/lhl/nav2_ws/install/dwb_core:/home/lhl/nav2_ws/install/nav2_core:/home/lhl/nav2_ws/install/nav2_costmap_2d:/home/lhl/nav2_ws/install/nav_2d_utils:/home/lhl/nav2_ws/install/nav2_util:/home/lhl/nav2_ws/install/nav2_voxel_grid:/home/lhl/nav2_ws/install/nav2_msgs:/home/lhl/nav2_ws/install/dwb_msgs:/home/lhl/nav2_ws/install/nav_2d_msgs:/home/lhl/nav2_ws/install/nav2_common:/opt/ros/humble LD_LIBRARY_PATH=/home/lhl/nav2_ws/install/dwb_core/lib:/home/lhl/nav2_ws/install/nav2_costmap_2d/lib:/home/lhl/nav2_ws/install/nav_2d_utils/lib:/home/lhl/nav2_ws/install/nav2_util/lib:/home/lhl/nav2_ws/install/nav2_voxel_grid/lib:/home/lhl/nav2_ws/install/nav2_msgs/lib:/home/lhl/nav2_ws/install/dwb_msgs/lib:/home/lhl/nav2_ws/install/nav_2d_msgs/lib:${LD_LIBRARY_PATH} PYTHONPATH=/home/lhl/nav2_ws/install/nav2_msgs/local/lib/python3.10/dist-packages:/home/lhl/nav2_ws/install/dwb_msgs/local/lib/python3.10/dist-packages:/home/lhl/nav2_ws/install/nav_2d_msgs/local/lib/python3.10/dist-packages:/home/lhl/nav2_ws/install/nav2_common/local/lib/python3.10/dist-packages:${PYTHONPATH} /usr/bin/cmake --install /home/lhl/nav2_ws/build/dwb_plugins
