[0.029s] Invoking command in '/home/lhl/nav2_ws/build/nav2_lifecycle_manager': AMENT_PREFIX_PATH=/home/lhl/nav2_ws/install/nav2_util:/home/lhl/nav2_ws/install/nav2_msgs:/home/lhl/nav2_ws/install/nav2_common:${AMENT_PREFIX_PATH} CMAKE_PREFIX_PATH=/home/lhl/nav2_ws/install/nav2_util:/home/lhl/nav2_ws/install/nav2_msgs:/home/lhl/nav2_ws/install/nav2_common:/opt/ros/humble LD_LIBRARY_PATH=/home/lhl/nav2_ws/install/nav2_util/lib:/home/lhl/nav2_ws/install/nav2_msgs/lib:${LD_LIBRARY_PATH} PYTHONPATH=/home/lhl/nav2_ws/install/nav2_msgs/local/lib/python3.10/dist-packages:/home/lhl/nav2_ws/install/nav2_common/local/lib/python3.10/dist-packages:${PYTHONPATH} /usr/bin/cmake /home/lhl/nav2_ws/src/navigation2/nav2_lifecycle_manager -DAMENT_CMAKE_SYMLINK_INSTALL=1 -DCMAKE_INSTALL_PREFIX=/home/lhl/nav2_ws/install/nav2_lifecycle_manager
[0.082s] -- The C compiler identification is GNU 11.3.0
[0.158s] -- The CXX compiler identification is GNU 11.3.0
[0.168s] -- Detecting C compiler ABI info
[0.393s] -- Detecting C compiler ABI info - done
[0.400s] -- Check for working C compiler: /usr/bin/cc - skipped
[0.401s] -- Detecting C compile features
[0.401s] -- Detecting C compile features - done
[0.404s] -- Detecting CXX compiler ABI info
[0.492s] -- Detecting CXX compiler ABI info - done
[0.499s] -- Check for working CXX compiler: /usr/bin/c++ - skipped
[0.500s] -- Detecting CXX compile features
[0.500s] -- Detecting CXX compile features - done
[0.503s] -- Found ament_cmake: 1.3.4 (/opt/ros/humble/share/ament_cmake/cmake)
[0.719s] -- Found Python3: /usr/bin/python3.10 (found version "3.10.6") found components: Interpreter 
[0.778s] -- Override CMake install command with custom implementation using symlinks instead of copying resources
[0.818s] -- Found geometry_msgs: 4.2.3 (/opt/ros/humble/share/geometry_msgs/cmake)
[0.875s] -- Found rosidl_generator_c: 3.1.4 (/opt/ros/humble/share/rosidl_generator_c/cmake)
[0.881s] -- Found rosidl_adapter: 3.1.4 (/opt/ros/humble/share/rosidl_adapter/cmake)
[0.891s] -- Found rosidl_generator_cpp: 3.1.4 (/opt/ros/humble/share/rosidl_generator_cpp/cmake)
[0.908s] -- Using all available rosidl_typesupport_c: rosidl_typesupport_fastrtps_c;rosidl_typesupport_introspection_c
[0.942s] -- Using all available rosidl_typesupport_cpp: rosidl_typesupport_fastrtps_cpp;rosidl_typesupport_introspection_cpp
[1.121s] -- Found lifecycle_msgs: 1.2.1 (/opt/ros/humble/share/lifecycle_msgs/cmake)
[1.142s] -- Found nav2_common: 1.1.6 (/home/lhl/nav2_ws/install/nav2_common/share/nav2_common/cmake)
[1.142s] -- Found nav2_msgs: 1.1.6 (/home/lhl/nav2_ws/install/nav2_msgs/share/nav2_msgs/cmake)
[1.599s] -- Found nav2_util: 1.1.6 (/home/lhl/nav2_ws/install/nav2_util/share/nav2_util/cmake)
[1.759s] -- Found rmw_implementation_cmake: 6.1.1 (/opt/ros/humble/share/rmw_implementation_cmake/cmake)
[1.762s] -- Found rmw_fastrtps_cpp: 6.2.2 (/opt/ros/humble/share/rmw_fastrtps_cpp/cmake)
[1.860s] -- Found OpenSSL: /usr/lib/x86_64-linux-gnu/libcrypto.so (found version "3.0.2")  
[1.894s] -- Found FastRTPS: /opt/ros/humble/include  
[1.938s] -- Using RMW implementation 'rmw_fastrtps_cpp' as default
[1.948s] -- Looking for pthread.h
[2.009s] -- Looking for pthread.h - found
[2.010s] -- Performing Test CMAKE_HAVE_LIBC_PTHREAD
[2.075s] -- Performing Test CMAKE_HAVE_LIBC_PTHREAD - Success
[2.076s] -- Found Threads: TRUE  
[2.716s] -- Found eigen3_cmake_module: 0.1.1 (/opt/ros/humble/share/eigen3_cmake_module/cmake)
[2.717s] -- Found Eigen3: TRUE (found version "3.4.0") 
[2.718s] -- Ensuring Eigen3 include directory is part of orocos-kdl CMake target
[3.083s] -- Found std_srvs: 4.2.3 (/opt/ros/humble/share/std_srvs/cmake)
[3.135s] -- Found diagnostic_updater: 3.1.2 (/opt/ros/humble/share/diagnostic_updater/cmake)
[3.339s] -- Setting build type to Release as none was specified.
[5.295s] -- Found ament_lint_auto: 0.12.6 (/opt/ros/humble/share/ament_lint_auto/cmake)
[5.430s] -- Found gtest sources under '/opt/ros/humble/src/gtest_vendor': C++ tests using 'Google Test' will be built
[7.765s] -- Added test 'copyright' to check source files copyright and LICENSE
[7.767s] -- Added test 'cppcheck' to perform static code analysis on C / C++ code
[7.768s] -- Configured cppcheck include dirs: /home/lhl/nav2_ws/src/navigation2/nav2_lifecycle_manager/include
[7.768s] -- Configured cppcheck exclude dirs and/or files: 
[7.770s] -- Added test 'cpplint' to check C / C++ code against the Google style
[7.770s] -- Configured cpplint exclude dirs and/or files: 
[7.771s] -- Added test 'flake8' to check Python code syntax and style conventions
[7.772s] -- Added test 'lint_cmake' to check CMake code style
[7.773s] -- Added test 'pep257' to check Python code against some of the docstring style conventions in PEP 257
[7.775s] -- Added test 'uncrustify' to check C / C++ code style
[7.775s] -- Configured uncrustify additional arguments: 
[7.776s] -- Added test 'xmllint' to check XML markup files
[7.797s] -- Configuring done
[7.976s] -- Generating done
[7.980s] -- Build files have been written to: /home/lhl/nav2_ws/build/nav2_lifecycle_manager
[8.001s] Invoked command in '/home/lhl/nav2_ws/build/nav2_lifecycle_manager' returned '0': AMENT_PREFIX_PATH=/home/lhl/nav2_ws/install/nav2_util:/home/lhl/nav2_ws/install/nav2_msgs:/home/lhl/nav2_ws/install/nav2_common:${AMENT_PREFIX_PATH} CMAKE_PREFIX_PATH=/home/lhl/nav2_ws/install/nav2_util:/home/lhl/nav2_ws/install/nav2_msgs:/home/lhl/nav2_ws/install/nav2_common:/opt/ros/humble LD_LIBRARY_PATH=/home/lhl/nav2_ws/install/nav2_util/lib:/home/lhl/nav2_ws/install/nav2_msgs/lib:${LD_LIBRARY_PATH} PYTHONPATH=/home/lhl/nav2_ws/install/nav2_msgs/local/lib/python3.10/dist-packages:/home/lhl/nav2_ws/install/nav2_common/local/lib/python3.10/dist-packages:${PYTHONPATH} /usr/bin/cmake /home/lhl/nav2_ws/src/navigation2/nav2_lifecycle_manager -DAMENT_CMAKE_SYMLINK_INSTALL=1 -DCMAKE_INSTALL_PREFIX=/home/lhl/nav2_ws/install/nav2_lifecycle_manager
[8.001s] Invoking command in '/home/lhl/nav2_ws/build/nav2_lifecycle_manager': AMENT_PREFIX_PATH=/home/lhl/nav2_ws/install/nav2_util:/home/lhl/nav2_ws/install/nav2_msgs:/home/lhl/nav2_ws/install/nav2_common:${AMENT_PREFIX_PATH} CMAKE_PREFIX_PATH=/home/lhl/nav2_ws/install/nav2_util:/home/lhl/nav2_ws/install/nav2_msgs:/home/lhl/nav2_ws/install/nav2_common:/opt/ros/humble LD_LIBRARY_PATH=/home/lhl/nav2_ws/install/nav2_util/lib:/home/lhl/nav2_ws/install/nav2_msgs/lib:${LD_LIBRARY_PATH} PYTHONPATH=/home/lhl/nav2_ws/install/nav2_msgs/local/lib/python3.10/dist-packages:/home/lhl/nav2_ws/install/nav2_common/local/lib/python3.10/dist-packages:${PYTHONPATH} /usr/bin/cmake --build /home/lhl/nav2_ws/build/nav2_lifecycle_manager -- -j8 -l8
[8.108s] [  7%] [32mBuilding CXX object gtest/CMakeFiles/gtest.dir/src/gtest-all.cc.o[0m
[8.122s] [ 15%] [32mBuilding CXX object gtest/CMakeFiles/gtest_main.dir/src/gtest_main.cc.o[0m
[8.163s] [ 23%] [32mBuilding CXX object CMakeFiles/nav2_lifecycle_manager_core.dir/src/lifecycle_manager.cpp.o[0m
[8.166s] [ 30%] [32mBuilding CXX object CMakeFiles/nav2_lifecycle_manager_core.dir/src/lifecycle_manager_client.cpp.o[0m
[11.693s] [ 38%] [32m[1mLinking CXX static library libgtest_main.a[0m
[11.903s] [ 38%] Built target gtest_main
[27.140s] [ 46%] [32m[1mLinking CXX static library libgtest.a[0m
[27.312s] [ 46%] Built target gtest
[31.743s] [ 53%] [32m[1mLinking CXX shared library libnav2_lifecycle_manager_core.so[0m
[32.533s] [ 53%] Built target nav2_lifecycle_manager_core
[32.641s] [ 61%] [32mBuilding CXX object CMakeFiles/lifecycle_manager.dir/src/main.cpp.o[0m
[39.544s] [ 69%] [32m[1mLinking CXX executable lifecycle_manager[0m
[39.727s] [ 69%] Built target lifecycle_manager
[39.746s] [ 76%] [32mBuilding CXX object test/CMakeFiles/test_bond_gtest.dir/test_bond.cpp.o[0m
[45.519s] [ 84%] [32m[1mLinking CXX executable test_bond_gtest[0m
[45.751s] [ 84%] Built target test_bond_gtest
[45.770s] [ 92%] [32mBuilding CXX object test/CMakeFiles/test_lifecycle_gtest.dir/test_lifecycle_manager.cpp.o[0m
[49.847s] [100%] [32m[1mLinking CXX executable test_lifecycle_gtest[0m
[50.106s] [100%] Built target test_lifecycle_gtest
[50.117s] Invoked command in '/home/lhl/nav2_ws/build/nav2_lifecycle_manager' returned '0': AMENT_PREFIX_PATH=/home/lhl/nav2_ws/install/nav2_util:/home/lhl/nav2_ws/install/nav2_msgs:/home/lhl/nav2_ws/install/nav2_common:${AMENT_PREFIX_PATH} CMAKE_PREFIX_PATH=/home/lhl/nav2_ws/install/nav2_util:/home/lhl/nav2_ws/install/nav2_msgs:/home/lhl/nav2_ws/install/nav2_common:/opt/ros/humble LD_LIBRARY_PATH=/home/lhl/nav2_ws/install/nav2_util/lib:/home/lhl/nav2_ws/install/nav2_msgs/lib:${LD_LIBRARY_PATH} PYTHONPATH=/home/lhl/nav2_ws/install/nav2_msgs/local/lib/python3.10/dist-packages:/home/lhl/nav2_ws/install/nav2_common/local/lib/python3.10/dist-packages:${PYTHONPATH} /usr/bin/cmake --build /home/lhl/nav2_ws/build/nav2_lifecycle_manager -- -j8 -l8
[50.147s] Invoking command in '/home/lhl/nav2_ws/build/nav2_lifecycle_manager': AMENT_PREFIX_PATH=/home/lhl/nav2_ws/install/nav2_util:/home/lhl/nav2_ws/install/nav2_msgs:/home/lhl/nav2_ws/install/nav2_common:${AMENT_PREFIX_PATH} CMAKE_PREFIX_PATH=/home/lhl/nav2_ws/install/nav2_util:/home/lhl/nav2_ws/install/nav2_msgs:/home/lhl/nav2_ws/install/nav2_common:/opt/ros/humble LD_LIBRARY_PATH=/home/lhl/nav2_ws/install/nav2_util/lib:/home/lhl/nav2_ws/install/nav2_msgs/lib:${LD_LIBRARY_PATH} PYTHONPATH=/home/lhl/nav2_ws/install/nav2_msgs/local/lib/python3.10/dist-packages:/home/lhl/nav2_ws/install/nav2_common/local/lib/python3.10/dist-packages:${PYTHONPATH} /usr/bin/cmake --install /home/lhl/nav2_ws/build/nav2_lifecycle_manager
[50.154s] -- Install configuration: "Release"
[50.154s] -- Execute custom install script
[50.154s] -- Symlinking: /home/lhl/nav2_ws/install/nav2_lifecycle_manager/lib/libnav2_lifecycle_manager_core.so
[50.163s] -- Symlinking: /home/lhl/nav2_ws/install/nav2_lifecycle_manager/lib/nav2_lifecycle_manager/lifecycle_manager
[50.171s] -- Symlinking: /home/lhl/nav2_ws/install/nav2_lifecycle_manager/include//nav2_lifecycle_manager/lifecycle_manager.hpp
[50.179s] -- Symlinking: /home/lhl/nav2_ws/install/nav2_lifecycle_manager/include//nav2_lifecycle_manager/lifecycle_manager_client.hpp
[50.187s] -- Symlinking: /home/lhl/nav2_ws/install/nav2_lifecycle_manager/share/nav2_lifecycle_manager/environment/library_path.sh
[50.195s] -- Symlinking: /home/lhl/nav2_ws/install/nav2_lifecycle_manager/share/nav2_lifecycle_manager/environment/library_path.dsv
[50.203s] -- Symlinking: /home/lhl/nav2_ws/install/nav2_lifecycle_manager/share/ament_index/resource_index/package_run_dependencies/nav2_lifecycle_manager
[50.212s] -- Symlinking: /home/lhl/nav2_ws/install/nav2_lifecycle_manager/share/ament_index/resource_index/parent_prefix_path/nav2_lifecycle_manager
[50.220s] -- Symlinking: /home/lhl/nav2_ws/install/nav2_lifecycle_manager/share/nav2_lifecycle_manager/environment/ament_prefix_path.sh
[50.228s] -- Symlinking: /home/lhl/nav2_ws/install/nav2_lifecycle_manager/share/nav2_lifecycle_manager/environment/ament_prefix_path.dsv
[50.236s] -- Symlinking: /home/lhl/nav2_ws/install/nav2_lifecycle_manager/share/nav2_lifecycle_manager/environment/path.sh
[50.244s] -- Symlinking: /home/lhl/nav2_ws/install/nav2_lifecycle_manager/share/nav2_lifecycle_manager/environment/path.dsv
[50.252s] -- Symlinking: /home/lhl/nav2_ws/install/nav2_lifecycle_manager/share/nav2_lifecycle_manager/local_setup.bash
[50.260s] -- Symlinking: /home/lhl/nav2_ws/install/nav2_lifecycle_manager/share/nav2_lifecycle_manager/local_setup.sh
[50.268s] -- Symlinking: /home/lhl/nav2_ws/install/nav2_lifecycle_manager/share/nav2_lifecycle_manager/local_setup.zsh
[50.276s] -- Symlinking: /home/lhl/nav2_ws/install/nav2_lifecycle_manager/share/nav2_lifecycle_manager/local_setup.dsv
[50.285s] -- Symlinking: /home/lhl/nav2_ws/install/nav2_lifecycle_manager/share/nav2_lifecycle_manager/package.dsv
[50.293s] -- Symlinking: /home/lhl/nav2_ws/install/nav2_lifecycle_manager/share/ament_index/resource_index/packages/nav2_lifecycle_manager
[50.303s] -- Symlinking: /home/lhl/nav2_ws/install/nav2_lifecycle_manager/share/ament_index/resource_index/rclcpp_components/nav2_lifecycle_manager
[50.313s] -- Symlinking: /home/lhl/nav2_ws/install/nav2_lifecycle_manager/share/nav2_lifecycle_manager/cmake/ament_cmake_export_include_directories-extras.cmake
[50.321s] -- Symlinking: /home/lhl/nav2_ws/install/nav2_lifecycle_manager/share/nav2_lifecycle_manager/cmake/ament_cmake_export_libraries-extras.cmake
[50.332s] -- Symlinking: /home/lhl/nav2_ws/install/nav2_lifecycle_manager/share/nav2_lifecycle_manager/cmake/ament_cmake_export_dependencies-extras.cmake
[50.342s] -- Symlinking: /home/lhl/nav2_ws/install/nav2_lifecycle_manager/share/nav2_lifecycle_manager/cmake/nav2_lifecycle_managerConfig.cmake
[50.351s] -- Symlinking: /home/lhl/nav2_ws/install/nav2_lifecycle_manager/share/nav2_lifecycle_manager/cmake/nav2_lifecycle_managerConfig-version.cmake
[50.361s] -- Symlinking: /home/lhl/nav2_ws/install/nav2_lifecycle_manager/share/nav2_lifecycle_manager/package.xml
[50.378s] Invoked command in '/home/lhl/nav2_ws/build/nav2_lifecycle_manager' returned '0': AMENT_PREFIX_PATH=/home/lhl/nav2_ws/install/nav2_util:/home/lhl/nav2_ws/install/nav2_msgs:/home/lhl/nav2_ws/install/nav2_common:${AMENT_PREFIX_PATH} CMAKE_PREFIX_PATH=/home/lhl/nav2_ws/install/nav2_util:/home/lhl/nav2_ws/install/nav2_msgs:/home/lhl/nav2_ws/install/nav2_common:/opt/ros/humble LD_LIBRARY_PATH=/home/lhl/nav2_ws/install/nav2_util/lib:/home/lhl/nav2_ws/install/nav2_msgs/lib:${LD_LIBRARY_PATH} PYTHONPATH=/home/lhl/nav2_ws/install/nav2_msgs/local/lib/python3.10/dist-packages:/home/lhl/nav2_ws/install/nav2_common/local/lib/python3.10/dist-packages:${PYTHONPATH} /usr/bin/cmake --install /home/lhl/nav2_ws/build/nav2_lifecycle_manager
