[0.076s] Invoking command in '/home/lhl/nav2_ws/src/build/dwb_core': AMENT_PREFIX_PATH=/home/lhl/nav2_ws/src/install/nav2_core:/home/lhl/nav2_ws/src/install/nav2_costmap_2d:/home/lhl/nav2_ws/src/install/nav_2d_utils:/home/lhl/nav2_ws/src/install/nav2_util:/home/lhl/nav2_ws/src/install/nav2_voxel_grid:/home/lhl/nav2_ws/src/install/nav2_msgs:/home/lhl/nav2_ws/src/install/dwb_msgs:/home/lhl/nav2_ws/src/install/nav_2d_msgs:/home/lhl/nav2_ws/src/install/nav2_common:${AMENT_PREFIX_PATH} CMAKE_PREFIX_PATH=/home/lhl/nav2_ws/src/install/nav2_core:/home/lhl/nav2_ws/src/install/nav2_costmap_2d:/home/lhl/nav2_ws/src/install/nav_2d_utils:/home/lhl/nav2_ws/src/install/nav2_util:/home/lhl/nav2_ws/src/install/nav2_voxel_grid:/home/lhl/nav2_ws/src/install/nav2_msgs:/home/lhl/nav2_ws/src/install/dwb_msgs:/home/lhl/nav2_ws/src/install/nav_2d_msgs:/home/lhl/nav2_ws/src/install/nav2_common:/opt/ros/humble LD_LIBRARY_PATH=/home/lhl/nav2_ws/src/install/nav2_costmap_2d/lib:/home/lhl/nav2_ws/src/install/nav_2d_utils/lib:/home/lhl/nav2_ws/src/install/nav2_util/lib:/home/lhl/nav2_ws/src/install/nav2_voxel_grid/lib:/home/lhl/nav2_ws/src/install/nav2_msgs/lib:/home/lhl/nav2_ws/src/install/dwb_msgs/lib:/home/lhl/nav2_ws/src/install/nav_2d_msgs/lib:${LD_LIBRARY_PATH} PYTHONPATH=/home/lhl/nav2_ws/src/install/nav2_msgs/local/lib/python3.10/dist-packages:/home/lhl/nav2_ws/src/install/dwb_msgs/local/lib/python3.10/dist-packages:/home/lhl/nav2_ws/src/install/nav_2d_msgs/local/lib/python3.10/dist-packages:/home/lhl/nav2_ws/src/install/nav2_common/local/lib/python3.10/dist-packages:${PYTHONPATH} /usr/bin/cmake --build /home/lhl/nav2_ws/src/build/dwb_core -- -j8 -l8
[1.317s] [35m[1mConsolidate compiler generated dependencies of target gtest_main[0m
[1.318s] [35m[1mConsolidate compiler generated dependencies of target gtest[0m
[1.350s] [35m[1mConsolidate compiler generated dependencies of target dwb_core[0m
[1.350s] [ 36%] Built target gtest
[1.350s] [ 36%] Built target gtest_main
[1.417s] [ 81%] Built target dwb_core
[1.496s] [35m[1mConsolidate compiler generated dependencies of target utils_test[0m
[1.524s] [100%] Built target utils_test
[1.569s] Invoked command in '/home/lhl/nav2_ws/src/build/dwb_core' returned '0': AMENT_PREFIX_PATH=/home/lhl/nav2_ws/src/install/nav2_core:/home/lhl/nav2_ws/src/install/nav2_costmap_2d:/home/lhl/nav2_ws/src/install/nav_2d_utils:/home/lhl/nav2_ws/src/install/nav2_util:/home/lhl/nav2_ws/src/install/nav2_voxel_grid:/home/lhl/nav2_ws/src/install/nav2_msgs:/home/lhl/nav2_ws/src/install/dwb_msgs:/home/lhl/nav2_ws/src/install/nav_2d_msgs:/home/lhl/nav2_ws/src/install/nav2_common:${AMENT_PREFIX_PATH} CMAKE_PREFIX_PATH=/home/lhl/nav2_ws/src/install/nav2_core:/home/lhl/nav2_ws/src/install/nav2_costmap_2d:/home/lhl/nav2_ws/src/install/nav_2d_utils:/home/lhl/nav2_ws/src/install/nav2_util:/home/lhl/nav2_ws/src/install/nav2_voxel_grid:/home/lhl/nav2_ws/src/install/nav2_msgs:/home/lhl/nav2_ws/src/install/dwb_msgs:/home/lhl/nav2_ws/src/install/nav_2d_msgs:/home/lhl/nav2_ws/src/install/nav2_common:/opt/ros/humble LD_LIBRARY_PATH=/home/lhl/nav2_ws/src/install/nav2_costmap_2d/lib:/home/lhl/nav2_ws/src/install/nav_2d_utils/lib:/home/lhl/nav2_ws/src/install/nav2_util/lib:/home/lhl/nav2_ws/src/install/nav2_voxel_grid/lib:/home/lhl/nav2_ws/src/install/nav2_msgs/lib:/home/lhl/nav2_ws/src/install/dwb_msgs/lib:/home/lhl/nav2_ws/src/install/nav_2d_msgs/lib:${LD_LIBRARY_PATH} PYTHONPATH=/home/lhl/nav2_ws/src/install/nav2_msgs/local/lib/python3.10/dist-packages:/home/lhl/nav2_ws/src/install/dwb_msgs/local/lib/python3.10/dist-packages:/home/lhl/nav2_ws/src/install/nav_2d_msgs/local/lib/python3.10/dist-packages:/home/lhl/nav2_ws/src/install/nav2_common/local/lib/python3.10/dist-packages:${PYTHONPATH} /usr/bin/cmake --build /home/lhl/nav2_ws/src/build/dwb_core -- -j8 -l8
[1.813s] Invoking command in '/home/lhl/nav2_ws/src/build/dwb_core': AMENT_PREFIX_PATH=/home/lhl/nav2_ws/src/install/nav2_core:/home/lhl/nav2_ws/src/install/nav2_costmap_2d:/home/lhl/nav2_ws/src/install/nav_2d_utils:/home/lhl/nav2_ws/src/install/nav2_util:/home/lhl/nav2_ws/src/install/nav2_voxel_grid:/home/lhl/nav2_ws/src/install/nav2_msgs:/home/lhl/nav2_ws/src/install/dwb_msgs:/home/lhl/nav2_ws/src/install/nav_2d_msgs:/home/lhl/nav2_ws/src/install/nav2_common:${AMENT_PREFIX_PATH} CMAKE_PREFIX_PATH=/home/lhl/nav2_ws/src/install/nav2_core:/home/lhl/nav2_ws/src/install/nav2_costmap_2d:/home/lhl/nav2_ws/src/install/nav_2d_utils:/home/lhl/nav2_ws/src/install/nav2_util:/home/lhl/nav2_ws/src/install/nav2_voxel_grid:/home/lhl/nav2_ws/src/install/nav2_msgs:/home/lhl/nav2_ws/src/install/dwb_msgs:/home/lhl/nav2_ws/src/install/nav_2d_msgs:/home/lhl/nav2_ws/src/install/nav2_common:/opt/ros/humble LD_LIBRARY_PATH=/home/lhl/nav2_ws/src/install/nav2_costmap_2d/lib:/home/lhl/nav2_ws/src/install/nav_2d_utils/lib:/home/lhl/nav2_ws/src/install/nav2_util/lib:/home/lhl/nav2_ws/src/install/nav2_voxel_grid/lib:/home/lhl/nav2_ws/src/install/nav2_msgs/lib:/home/lhl/nav2_ws/src/install/dwb_msgs/lib:/home/lhl/nav2_ws/src/install/nav_2d_msgs/lib:${LD_LIBRARY_PATH} PYTHONPATH=/home/lhl/nav2_ws/src/install/nav2_msgs/local/lib/python3.10/dist-packages:/home/lhl/nav2_ws/src/install/dwb_msgs/local/lib/python3.10/dist-packages:/home/lhl/nav2_ws/src/install/nav_2d_msgs/local/lib/python3.10/dist-packages:/home/lhl/nav2_ws/src/install/nav2_common/local/lib/python3.10/dist-packages:${PYTHONPATH} /usr/bin/cmake --install /home/lhl/nav2_ws/src/build/dwb_core
[1.838s] -- Install configuration: "Release"
[1.838s] -- Up-to-date: /home/lhl/nav2_ws/src/install/dwb_core/lib/libdwb_core.so
[1.838s] -- Up-to-date: /home/lhl/nav2_ws/src/install/dwb_core/include/
[1.838s] -- Up-to-date: /home/lhl/nav2_ws/src/install/dwb_core/include//dwb_core
[1.839s] -- Up-to-date: /home/lhl/nav2_ws/src/install/dwb_core/include//dwb_core/trajectory_utils.hpp
[1.839s] -- Up-to-date: /home/lhl/nav2_ws/src/install/dwb_core/include//dwb_core/publisher.hpp
[1.839s] -- Up-to-date: /home/lhl/nav2_ws/src/install/dwb_core/include//dwb_core/illegal_trajectory_tracker.hpp
[1.839s] -- Up-to-date: /home/lhl/nav2_ws/src/install/dwb_core/include//dwb_core/exceptions.hpp
[1.839s] -- Up-to-date: /home/lhl/nav2_ws/src/install/dwb_core/include//dwb_core/trajectory_critic.hpp
[1.840s] -- Up-to-date: /home/lhl/nav2_ws/src/install/dwb_core/include//dwb_core/dwb_local_planner.hpp
[1.840s] -- Up-to-date: /home/lhl/nav2_ws/src/install/dwb_core/include//dwb_core/trajectory_generator.hpp
[1.841s] -- Up-to-date: /home/lhl/nav2_ws/src/install/dwb_core/share/dwb_core/environment/library_path.sh
[1.843s] -- Up-to-date: /home/lhl/nav2_ws/src/install/dwb_core/share/dwb_core/environment/library_path.dsv
[1.843s] -- Up-to-date: /home/lhl/nav2_ws/src/install/dwb_core/share/dwb_core/local_planner_plugin.xml
[1.844s] -- Up-to-date: /home/lhl/nav2_ws/src/install/dwb_core/share/ament_index/resource_index/package_run_dependencies/dwb_core
[1.844s] -- Up-to-date: /home/lhl/nav2_ws/src/install/dwb_core/share/ament_index/resource_index/parent_prefix_path/dwb_core
[1.844s] -- Up-to-date: /home/lhl/nav2_ws/src/install/dwb_core/share/dwb_core/environment/ament_prefix_path.sh
[1.845s] -- Up-to-date: /home/lhl/nav2_ws/src/install/dwb_core/share/dwb_core/environment/ament_prefix_path.dsv
[1.845s] -- Up-to-date: /home/lhl/nav2_ws/src/install/dwb_core/share/dwb_core/environment/path.sh
[1.845s] -- Up-to-date: /home/lhl/nav2_ws/src/install/dwb_core/share/dwb_core/environment/path.dsv
[1.847s] -- Up-to-date: /home/lhl/nav2_ws/src/install/dwb_core/share/dwb_core/local_setup.bash
[1.847s] -- Up-to-date: /home/lhl/nav2_ws/src/install/dwb_core/share/dwb_core/local_setup.sh
[1.847s] -- Up-to-date: /home/lhl/nav2_ws/src/install/dwb_core/share/dwb_core/local_setup.zsh
[1.847s] -- Up-to-date: /home/lhl/nav2_ws/src/install/dwb_core/share/dwb_core/local_setup.dsv
[1.848s] -- Installing: /home/lhl/nav2_ws/src/install/dwb_core/share/dwb_core/package.dsv
[1.860s] -- Up-to-date: /home/lhl/nav2_ws/src/install/dwb_core/share/ament_index/resource_index/packages/dwb_core
[1.860s] -- Up-to-date: /home/lhl/nav2_ws/src/install/dwb_core/share/ament_index/resource_index/nav2_core__pluginlib__plugin/dwb_core
[1.860s] -- Up-to-date: /home/lhl/nav2_ws/src/install/dwb_core/share/dwb_core/cmake/ament_cmake_export_include_directories-extras.cmake
[1.860s] -- Up-to-date: /home/lhl/nav2_ws/src/install/dwb_core/share/dwb_core/cmake/ament_cmake_export_libraries-extras.cmake
[1.860s] -- Up-to-date: /home/lhl/nav2_ws/src/install/dwb_core/share/dwb_core/cmake/ament_cmake_export_dependencies-extras.cmake
[1.860s] -- Up-to-date: /home/lhl/nav2_ws/src/install/dwb_core/share/dwb_core/cmake/dwb_coreConfig.cmake
[1.860s] -- Up-to-date: /home/lhl/nav2_ws/src/install/dwb_core/share/dwb_core/cmake/dwb_coreConfig-version.cmake
[1.860s] -- Up-to-date: /home/lhl/nav2_ws/src/install/dwb_core/share/dwb_core/package.xml
[1.904s] Invoked command in '/home/lhl/nav2_ws/src/build/dwb_core' returned '0': AMENT_PREFIX_PATH=/home/lhl/nav2_ws/src/install/nav2_core:/home/lhl/nav2_ws/src/install/nav2_costmap_2d:/home/lhl/nav2_ws/src/install/nav_2d_utils:/home/lhl/nav2_ws/src/install/nav2_util:/home/lhl/nav2_ws/src/install/nav2_voxel_grid:/home/lhl/nav2_ws/src/install/nav2_msgs:/home/lhl/nav2_ws/src/install/dwb_msgs:/home/lhl/nav2_ws/src/install/nav_2d_msgs:/home/lhl/nav2_ws/src/install/nav2_common:${AMENT_PREFIX_PATH} CMAKE_PREFIX_PATH=/home/lhl/nav2_ws/src/install/nav2_core:/home/lhl/nav2_ws/src/install/nav2_costmap_2d:/home/lhl/nav2_ws/src/install/nav_2d_utils:/home/lhl/nav2_ws/src/install/nav2_util:/home/lhl/nav2_ws/src/install/nav2_voxel_grid:/home/lhl/nav2_ws/src/install/nav2_msgs:/home/lhl/nav2_ws/src/install/dwb_msgs:/home/lhl/nav2_ws/src/install/nav_2d_msgs:/home/lhl/nav2_ws/src/install/nav2_common:/opt/ros/humble LD_LIBRARY_PATH=/home/lhl/nav2_ws/src/install/nav2_costmap_2d/lib:/home/lhl/nav2_ws/src/install/nav_2d_utils/lib:/home/lhl/nav2_ws/src/install/nav2_util/lib:/home/lhl/nav2_ws/src/install/nav2_voxel_grid/lib:/home/lhl/nav2_ws/src/install/nav2_msgs/lib:/home/lhl/nav2_ws/src/install/dwb_msgs/lib:/home/lhl/nav2_ws/src/install/nav_2d_msgs/lib:${LD_LIBRARY_PATH} PYTHONPATH=/home/lhl/nav2_ws/src/install/nav2_msgs/local/lib/python3.10/dist-packages:/home/lhl/nav2_ws/src/install/dwb_msgs/local/lib/python3.10/dist-packages:/home/lhl/nav2_ws/src/install/nav_2d_msgs/local/lib/python3.10/dist-packages:/home/lhl/nav2_ws/src/install/nav2_common/local/lib/python3.10/dist-packages:${PYTHONPATH} /usr/bin/cmake --install /home/lhl/nav2_ws/src/build/dwb_core
